[2024.05.24 22:30:56 838 ms]:[INFO]:[PSAG_LOGGER]: start thread success.
[2024.05.24 22:30:56 839 ms]:[INFO]:[PSAG_LOGGER]: create log_file: PSAGameSystemLogs/204077614576.log
[2024.05.24 22:30:56 839 ms]:[INFO]:[PSAG_M_START]: core_start objects(frm) total: only
[2024.05.24 22:30:56 839 ms]:[INFO]:[PSAG_M_START]: core_start objects(net) total: 0
[2024.05.24 22:30:56 839 ms]:[INFO]:[PSAG_M_START]: core_start objects(ext) total: 0
[2024.05.24 22:30:56 839 ms]:[TRACE]:[PSAG_M_MAINEVENT]: async_event add item_id: 773722208048
[2024.05.24 22:30:56 839 ms]:[INFO]:[PSAG_FILESYS_LOAD]: loader(text) open file: PSAGameFrameworkCore/CoreShaderScript/public/psag_graph_template.vert
[2024.05.24 22:30:56 839 ms]:[INFO]:[PSAG_FILESYS_LOAD]: loader(text) open file: PSAGameFrameworkCore/CoreShaderScript/public/psag_graph_tools.frag
[2024.05.24 22:30:56 840 ms]:[INFO]:[PSAG_FILESYS_LOAD]: loader(text) open file: PSAGameFrameworkCore/CoreShaderScript/public/psag_graph_header.frag
[2024.05.24 22:30:56 840 ms]:[INFO]:[PSAG_FILESYS_LOAD]: loader(text) open file: PSAGameFrameworkCore/CoreShaderScript/private/psag_graph_background.frag
[2024.05.24 22:30:56 840 ms]:[INFO]:[PSAG_FILESYS_LOAD]: loader(text) open file: PSAGameFrameworkCore/CoreShaderScript/private/psag_graph_bloom_h.frag
[2024.05.24 22:30:56 840 ms]:[INFO]:[PSAG_FILESYS_LOAD]: loader(text) open file: PSAGameFrameworkCore/CoreShaderScript/private/psag_graph_bloom_v.frag
[2024.05.24 22:30:56 840 ms]:[INFO]:[PSAG_FILESYS_LOAD]: loader(text) open file: PSAGameFrameworkCore/CoreShaderScript/private/psag_graph_final.frag
[2024.05.24 22:30:56 840 ms]:[INFO]:[PSAG_FILESYS_LOAD]: loader(text) open file: PSAGameFrameworkCore/CoreShaderScript/private/psag_graph_particle.frag
[2024.05.24 22:30:56 840 ms]:[INFO]:[PSAG_FILESYS_LOAD]: loader(text) open file: PSAGameFrameworkCore/CoreShaderScript/private/psag_graph_fx_sequence.frag
[2024.05.24 22:30:56 841 ms]:[INFO]:[PSAG_GL_GLSL]: graphics_engine config system_glsl.
[2024.05.24 22:30:56 841 ms]:[TRACE]:[PSAG_M_CORE]: core framework init,config...
[2024.05.24 22:30:56 874 ms]:[INFO]:[PSAG_WINDOWGUI]: init opengl_glfw.
[2024.05.24 22:30:56 965 ms]:[TRACE]:[PSAG_M_MAINEVENT]: async_events execution end.
[2024.05.24 22:30:56 965 ms]:[INFO]:[PSAG_M_MAINEVENT]: async_events executing...
[2024.05.24 22:30:57 175 ms]:[INFO]:[PSAG_WINDOWGUI]: fw_window load: icon_image: PSAGameSystemFiles/PomeloStarGameLogo.png
[2024.05.24 22:30:57 175 ms]:[INFO]:[PSAG_OGL_MAG]: framework_graphics logger function_ptr: e23483b0
[2024.05.24 22:30:57 175 ms]:[INFO]:[PSAG_OGL_MAG]: framework_graphics shader gl_version: 
[2024.05.24 22:30:57 178 ms]:[TRACE]:[PSAG_OGL_MAG]: framework_graphics config init.
[2024.05.24 22:30:57 178 ms]:[INFO]:[PSAG_OGL_MAG]: device gpu supplier: NVIDIA Corporation
[2024.05.24 22:30:57 178 ms]:[INFO]:[PSAG_OGL_MAG]: device gpu model: NVIDIA GeForce RTX 4060 Laptop GPU/PCIe/SSE2
[2024.05.24 22:30:57 178 ms]:[INFO]:[PSAG_OGL_MAG]: device version opengl: 4.6.0 NVIDIA 546.80
[2024.05.24 22:30:57 178 ms]:[INFO]:[PSAG_OGL_MAG]: device version glsl: 4.60 NVIDIA
[2024.05.24 22:30:57 178 ms]:[PERF]:[PSAG_OGL_MAG]: device memory[capacity]: 8188.00 mib
[2024.05.24 22:30:57 178 ms]:[INFO]:[PSAG_OGL_MAG]: device (vao)attribs_max units: 16 entry
[2024.05.24 22:30:57 178 ms]:[INFO]:[PSAG_OGL_MAG]: device (vbo)buffer_max units: 4096 entry
[2024.05.24 22:30:57 179 ms]:[INFO]:[PSAG_OGL_MAG]: device [tmu]texture_max units: 32 entry
[2024.05.24 22:30:57 179 ms]:[INFO]:[PSAG_OGL_MAG]: device (vert)uniform_max items: 4096
[2024.05.24 22:30:57 179 ms]:[INFO]:[PSAG_OGL_MAG]: device (frag)uniform_max items: 4096
[2024.05.24 22:30:57 179 ms]:[INFO]:[PSAG_LLRES]: LLRES static_object create(global).
[2024.05.24 22:30:57 179 ms]:[INFO]:[PSAG_OGL_RES]: veratt: storage key: DYNAMIC_VAO
[2024.05.24 22:30:57 179 ms]:[INFO]:[PSAG_OGL_RES]: verbuffer: storage key: 204077955158
[2024.05.24 22:30:57 179 ms]:[TRACE]:[PSAG_GL_DATASET]: dynamic vertex data manager_create.
[2024.05.24 22:30:57 179 ms]:[INFO]:[PSAG_OGL_RES]: veratt: storage key: STATIC_VAO
[2024.05.24 22:30:57 179 ms]:[INFO]:[PSAG_OGL_RES]: verbuffer: storage key: 204077955351
[2024.05.24 22:30:57 179 ms]:[TRACE]:[PSAG_GL_DATASET]: static vertex data manager_create.
[2024.05.24 22:30:57 179 ms]:[TRACE]:[PSAG_OGL_RES]: tmu alloc_count: 1
[2024.05.24 22:30:57 179 ms]:[TRACE]:[PSAG_OGL_RES]: tmu alloc_count: 2
[2024.05.24 22:30:57 180 ms]:[TRACE]:[PSAG_OGL_RES]: tmu alloc_count: 3
[2024.05.24 22:30:57 180 ms]:[TRACE]:[PSAG_OGL_RES]: tmu alloc_count: 4
[2024.05.24 22:30:57 180 ms]:[INFO]:[PSAG_OGL_MAG]: texture.2d(array) handle create.
[2024.05.24 22:30:57 180 ms]:[INFO]:[PSAG_OGL_MAG]: texture create, succ: size: 2048 x 2048, layers: 40.
[2024.05.24 22:30:57 255 ms]:[INFO]:[PSAG_OGL_MAG]: texture.2d(array) handle create.
[2024.05.24 22:30:57 255 ms]:[INFO]:[PSAG_OGL_MAG]: texture create, succ: size: 1024 x 1024, layers: 72.
[2024.05.24 22:30:57 289 ms]:[INFO]:[PSAG_OGL_MAG]: texture.2d(array) handle create.
[2024.05.24 22:30:57 289 ms]:[INFO]:[PSAG_OGL_MAG]: texture create, succ: size: 512 x 512, layers: 96.
[2024.05.24 22:30:57 297 ms]:[INFO]:[PSAG_OGL_MAG]: texture.2d(array) handle create.
[2024.05.24 22:30:57 298 ms]:[INFO]:[PSAG_OGL_MAG]: texture create, succ: size: 256 x 256, layers: 128.
[2024.05.24 22:30:57 298 ms]:[INFO]:[PSAG_OGL_RES]: texture: storage key: 204078073902
[2024.05.24 22:30:57 298 ms]:[INFO]:[PSAG_OGL_RES]: texture: storage key: 204078073966
[2024.05.24 22:30:57 298 ms]:[INFO]:[PSAG_OGL_RES]: texture: storage key: 204078074016
[2024.05.24 22:30:57 298 ms]:[INFO]:[PSAG_OGL_RES]: texture: storage key: 204078074065
[2024.05.24 22:30:57 298 ms]:[TRACE]:[PSAG_GL_DATASET]: vir_create texture[8x] size: 2048 x 2048
[2024.05.24 22:30:57 298 ms]:[TRACE]:[PSAG_GL_DATASET]: vir_create texture[4x] size: 1024 x 1024
[2024.05.24 22:30:57 298 ms]:[TRACE]:[PSAG_GL_DATASET]: vir_create texture[2x] size: 512 x 512
[2024.05.24 22:30:57 298 ms]:[TRACE]:[PSAG_GL_DATASET]: vir_create texture[1x] size: 256 x 256
[2024.05.24 22:30:57 298 ms]:[TRACE]:[PSAG_PHYSICS]: physics system create.
[2024.05.24 22:30:57 303 ms]:[INFO]:[PSAG_OGL_MAG]: vertex_shader source script num: 1
[2024.05.24 22:30:57 304 ms]:[INFO]:[PSAG_OGL_MAG]: vertex shader compilation succeeded.
[2024.05.24 22:30:57 304 ms]:[INFO]:[PSAG_OGL_MAG]: fragment_shader source script num: 2
[2024.05.24 22:30:57 304 ms]:[INFO]:[PSAG_OGL_MAG]: fragment shader compilation succeeded.
[2024.05.24 22:30:57 304 ms]:[INFO]:[PSAG_OGL_MAG]: program program link succeeded.
[2024.05.24 22:30:57 304 ms]:[INFO]:[PSAG_OGL_RES]: shader: storage key: 204078080314
[2024.05.24 22:30:57 304 ms]:[INFO]:[PSAG_OGL_MAG]: vertex_shader source script num: 1
[2024.05.24 22:30:57 304 ms]:[INFO]:[PSAG_OGL_MAG]: vertex shader compilation succeeded.
[2024.05.24 22:30:57 304 ms]:[INFO]:[PSAG_OGL_MAG]: fragment_shader source script num: 3
[2024.05.24 22:30:57 304 ms]:[INFO]:[PSAG_OGL_MAG]: fragment shader compilation succeeded.
[2024.05.24 22:30:57 305 ms]:[INFO]:[PSAG_OGL_MAG]: program program link succeeded.
[2024.05.24 22:30:57 305 ms]:[INFO]:[PSAG_OGL_RES]: shader: storage key: 204078080961
[2024.05.24 22:30:57 305 ms]:[INFO]:[PSAG_OGL_MAG]: vertex_shader source script num: 1
[2024.05.24 22:30:57 305 ms]:[INFO]:[PSAG_OGL_MAG]: vertex shader compilation succeeded.
[2024.05.24 22:30:57 305 ms]:[INFO]:[PSAG_OGL_MAG]: fragment_shader source script num: 3
[2024.05.24 22:30:57 305 ms]:[INFO]:[PSAG_OGL_MAG]: fragment shader compilation succeeded.
[2024.05.24 22:30:57 305 ms]:[INFO]:[PSAG_OGL_MAG]: program program link succeeded.
[2024.05.24 22:30:57 305 ms]:[INFO]:[PSAG_OGL_RES]: shader: storage key: 204078081496
[2024.05.24 22:30:57 311 ms]:[TRACE]:[PSAG_OGL_RES]: tmu alloc_count: 5
[2024.05.24 22:30:57 311 ms]:[INFO]:[PSAG_OGL_MAG]: texture.2d(array) handle create.
[2024.05.24 22:30:57 311 ms]:[INFO]:[PSAG_OGL_MAG]: texture create, succ: size: 1680 x 945, layers: 3.
[2024.05.24 22:30:57 312 ms]:[INFO]:[PSAG_OGL_RES]: texture: storage key: 204078081549
[2024.05.24 22:30:57 312 ms]:[INFO]:[PSAG_OGL_MAG]: framebuffer.gen create.
[2024.05.24 22:30:57 312 ms]:[INFO]:[PSAG_OGL_RES]: framebuf: storage key: 204078081549
[2024.05.24 22:30:57 312 ms]:[INFO]:[PSAG_OGL_MAG]: framebuffer.gen create.
[2024.05.24 22:30:57 313 ms]:[INFO]:[PSAG_OGL_RES]: framebuf: storage key: 204078088582
[2024.05.24 22:30:57 313 ms]:[INFO]:[PSAG_OGL_MAG]: framebuffer.gen create.
[2024.05.24 22:30:57 313 ms]:[INFO]:[PSAG_OGL_RES]: framebuf: storage key: 204078088811
[2024.05.24 22:30:57 313 ms]:[INFO]:[PSAG_GL_POST]: graphics_engine create post_shader(system).
[2024.05.24 22:30:57 313 ms]:[INFO]:[PSAG_WINDOWGUI]: imgui_read: fonts file: PSAGameSystemFiles/JetBrainsMonoBold.ttf
[2024.05.24 22:30:57 314 ms]:[TRACE]:[PSAG_M_CORE]: registration ref_object name: TestObject
[2024.05.24 22:30:57 314 ms]:[INFO]:[PSAG_FILESYS_LOAD]: loader(bin) open file: Test/TEST_BACK1.png read_size: 37484
[2024.05.24 22:30:57 314 ms]:[INFO]:[PSAG_FILESYS_LOAD]: loader(bin) open file: Test/TEST_BACK2.png read_size: 37760
[2024.05.24 22:30:57 314 ms]:[INFO]:[PSAG_FILESYS_LOAD]: loader(bin) open file: Test/TEST_BACK3.png read_size: 46817
[2024.05.24 22:30:57 314 ms]:[INFO]:[PSAG_FILESYS_LOAD]: loader(bin) open file: Test/TEST_BACK4.png read_size: 37999
[2024.05.24 22:30:57 335 ms]:[INFO]:[PSAG_OGL_IMG]: success decode image: size: 3840 x 2160, color_channel: 4
[2024.05.24 22:30:57 363 ms]:[INFO]:[PSAG_OGL_IMG]: success decode image: size: 3840 x 2160, color_channel: 4
[2024.05.24 22:30:57 390 ms]:[INFO]:[PSAG_OGL_IMG]: success decode image: size: 3840 x 2160, color_channel: 4
[2024.05.24 22:30:57 416 ms]:[INFO]:[PSAG_OGL_IMG]: success decode image: size: 3840 x 2160, color_channel: 4
[2024.05.24 22:30:57 422 ms]:[INFO]:[PSAG_OGL_MAG]: vertex_shader source script num: 1
[2024.05.24 22:30:57 422 ms]:[INFO]:[PSAG_OGL_MAG]: vertex shader compilation succeeded.
[2024.05.24 22:30:57 422 ms]:[INFO]:[PSAG_OGL_MAG]: fragment_shader source script num: 1
[2024.05.24 22:30:57 423 ms]:[INFO]:[PSAG_OGL_MAG]: fragment shader compilation succeeded.
[2024.05.24 22:30:57 423 ms]:[INFO]:[PSAG_OGL_MAG]: program program link succeeded.
[2024.05.24 22:30:57 423 ms]:[INFO]:[PSAG_OGL_RES]: shader: storage key: 204078199294
[2024.05.24 22:30:57 423 ms]:[TRACE]:[PSAG_OGL_RES]: tmu alloc_count: 6
[2024.05.24 22:30:57 442 ms]:[INFO]:[PSAG_OGL_MAG]: texture.2d(array) handle create.
[2024.05.24 22:30:57 461 ms]:[INFO]:[PSAG_OGL_MAG]: texture create, succ: size: 3840 x 2160, layers: 4.
[2024.05.24 22:30:57 461 ms]:[INFO]:[PSAG_OGL_RES]: texture: storage key: 204078199415
[2024.05.24 22:30:57 465 ms]:[INFO]:[PSAG_GL_BACK]: graphics_engine create background.
[2024.05.24 22:30:57 465 ms]:[INFO]:[PSAG_M_COREMAG]: background create, layers: 4
[2024.05.24 22:30:57 466 ms]:[INFO]:[PSAG_FILESYS_LOAD]: loader(bin) open file: Test/ParticleImgTest.png read_size: 2242
[2024.05.24 22:30:57 466 ms]:[INFO]:[PSAG_OGL_IMG]: success decode image: size: 512 x 512, color_channel: 4
[2024.05.24 22:30:57 467 ms]:[INFO]:[PSAG_OGL_MAG]: vertex_shader source script num: 1
[2024.05.24 22:30:57 467 ms]:[INFO]:[PSAG_OGL_MAG]: vertex shader compilation succeeded.
[2024.05.24 22:30:57 467 ms]:[INFO]:[PSAG_OGL_MAG]: fragment_shader source script num: 1
[2024.05.24 22:30:57 467 ms]:[INFO]:[PSAG_OGL_MAG]: fragment shader compilation succeeded.
[2024.05.24 22:30:57 467 ms]:[INFO]:[PSAG_OGL_MAG]: program program link succeeded.
[2024.05.24 22:30:57 467 ms]:[INFO]:[PSAG_OGL_RES]: shader: storage key: 204078242846
[2024.05.24 22:30:57 468 ms]:[INFO]:[PSAG_GL_DATASET]: ver_data item: alloc key: 204078243839
[2024.05.24 22:30:57 468 ms]:[INFO]:[PSAG_GL_DATASET]: tex_layer_sys alloc_count: 0
[2024.05.24 22:30:57 469 ms]:[INFO]:[PSAG_GL_DATASET]: vir_texture: src: 512 x 512, fmt_fill: 512 x 512
[2024.05.24 22:30:57 469 ms]:[INFO]:[PSAG_GL_DATASET]: vir_texture item: alloc key: , cropping: 1.00 x 1.00, res: 4x/1
[2024.05.24 22:30:57 469 ms]:[INFO]:[PSAG_GL_PARTICLE]: particle system init.
[2024.05.24 22:30:57 469 ms]:[INFO]:[PSAG_GL_PARTICLE]: particle system render_resolution: 1680 x 945
[2024.05.24 22:30:57 470 ms]:[INFO]:[PSAG_FILESYS_LOAD]: loader(bin) open file: Test/fx_fire_test.png read_size: 490739
[2024.05.24 22:30:57 470 ms]:[INFO]:[PSAG_OGL_MAG]: texture.2d(view) handle create.
[2024.05.24 22:30:57 470 ms]:[INFO]:[PSAG_OGL_MAG]: texture_view create, succ: size: 1680 x 945
[2024.05.24 22:30:57 470 ms]:[INFO]:[PSAG_OGL_MAG]: framebuffer.gen create.
[2024.05.24 22:30:57 471 ms]:[INFO]:[PSAG_OGL_RES]: framebuf: storage key: 204078246464
[2024.05.24 22:30:57 471 ms]:[INFO]:[PSAG_GL_PVFX]: psag_fx capture_view system init.
[2024.05.24 22:30:57 482 ms]:[INFO]:[PSAG_OGL_IMG]: success decode image: size: 1024 x 1024, color_channel: 4
[2024.05.24 22:30:57 482 ms]:[INFO]:[PSAG_OGL_MAG]: vertex_shader source script num: 1
[2024.05.24 22:30:57 482 ms]:[INFO]:[PSAG_OGL_MAG]: vertex shader compilation succeeded.
[2024.05.24 22:30:57 483 ms]:[INFO]:[PSAG_OGL_MAG]: fragment_shader source script num: 1
[2024.05.24 22:30:57 483 ms]:[INFO]:[PSAG_OGL_MAG]: fragment shader compilation succeeded.
[2024.05.24 22:30:57 483 ms]:[INFO]:[PSAG_OGL_MAG]: program program link succeeded.
[2024.05.24 22:30:57 483 ms]:[INFO]:[PSAG_OGL_RES]: shader: storage key: 204078259291
[2024.05.24 22:30:57 484 ms]:[INFO]:[PSAG_GL_DATASET]: tex_layer_sys alloc_count: 0
[2024.05.24 22:30:57 487 ms]:[INFO]:[PSAG_GL_DATASET]: vir_texture: src: 1024 x 1024, fmt_fill: 1024 x 1024
[2024.05.24 22:30:57 487 ms]:[INFO]:[PSAG_GL_DATASET]: vir_texture item: alloc key: 204078259376, cropping: 1.00 x 1.00, res: 2x/1
[2024.05.24 22:30:57 487 ms]:[INFO]:[PSAG_GL_POST]: psag_fx sequence system init.
[2024.05.24 22:30:57 488 ms]:[INFO]:[PSAG_ACTOR_CORE]: actor_type: register key: actor_pawn
[2024.05.24 22:30:57 488 ms]:[INFO]:[PSAG_ACTOR_CORE]: actor_type: register key: actor_npc
[2024.05.24 22:30:57 488 ms]:[INFO]:[PSAG_ACTOR_CORE]: actor_type: register key: actor_bullet
[2024.05.24 22:30:57 488 ms]:[INFO]:[PSAG_ACTOR_CORE]: actor_type: register key: actor_wall
[2024.05.24 22:30:57 488 ms]:[INFO]:[PSAG_OGL_MAG]: vertex_shader source script num: 1
[2024.05.24 22:30:57 488 ms]:[INFO]:[PSAG_OGL_MAG]: vertex shader compilation succeeded.
[2024.05.24 22:30:57 488 ms]:[INFO]:[PSAG_OGL_MAG]: fragment_shader source script num: 1
[2024.05.24 22:30:57 488 ms]:[INFO]:[PSAG_OGL_MAG]: fragment shader compilation succeeded.
[2024.05.24 22:30:57 488 ms]:[INFO]:[PSAG_OGL_MAG]: program program link succeeded.
[2024.05.24 22:30:57 488 ms]:[INFO]:[PSAG_OGL_RES]: shader: storage key: 204078264111
[2024.05.24 22:30:57 488 ms]:[INFO]:[PSAG_ACTOR_CORE]: game_actor shader create: 1680 x 945
[2024.05.24 22:30:57 488 ms]:[INFO]:[PSAG_OGL_MAG]: vertex_shader source script num: 1
[2024.05.24 22:30:57 489 ms]:[INFO]:[PSAG_OGL_MAG]: vertex shader compilation succeeded.
[2024.05.24 22:30:57 489 ms]:[INFO]:[PSAG_OGL_MAG]: fragment_shader source script num: 1
[2024.05.24 22:30:57 489 ms]:[INFO]:[PSAG_OGL_MAG]: fragment shader compilation succeeded.
[2024.05.24 22:30:57 489 ms]:[INFO]:[PSAG_OGL_MAG]: program program link succeeded.
[2024.05.24 22:30:57 489 ms]:[INFO]:[PSAG_OGL_RES]: shader: storage key: 204078264714
[2024.05.24 22:30:57 489 ms]:[INFO]:[PSAG_ACTOR_CORE]: game_actor shader create: 1680 x 945
[2024.05.24 22:30:57 489 ms]:[INFO]:[PSAG_OGL_MAG]: vertex_shader source script num: 1
[2024.05.24 22:30:57 489 ms]:[INFO]:[PSAG_OGL_MAG]: vertex shader compilation succeeded.
[2024.05.24 22:30:57 489 ms]:[INFO]:[PSAG_OGL_MAG]: fragment_shader source script num: 1
[2024.05.24 22:30:57 489 ms]:[INFO]:[PSAG_OGL_MAG]: fragment shader compilation succeeded.
[2024.05.24 22:30:57 490 ms]:[INFO]:[PSAG_OGL_MAG]: program program link succeeded.
[2024.05.24 22:30:57 490 ms]:[INFO]:[PSAG_OGL_RES]: shader: storage key: 204078265375
[2024.05.24 22:30:57 490 ms]:[INFO]:[PSAG_ACTOR_CORE]: game_actor shader create: 1680 x 945
[2024.05.24 22:30:57 490 ms]:[INFO]:[PSAG_OGL_MAG]: vertex_shader source script num: 1
[2024.05.24 22:30:57 490 ms]:[INFO]:[PSAG_OGL_MAG]: vertex shader compilation succeeded.
[2024.05.24 22:30:57 490 ms]:[INFO]:[PSAG_OGL_MAG]: fragment_shader source script num: 1
[2024.05.24 22:30:57 490 ms]:[INFO]:[PSAG_OGL_MAG]: fragment shader compilation succeeded.
[2024.05.24 22:30:57 490 ms]:[INFO]:[PSAG_OGL_MAG]: program program link succeeded.
[2024.05.24 22:30:57 490 ms]:[INFO]:[PSAG_OGL_RES]: shader: storage key: 204078265908
[2024.05.24 22:30:57 490 ms]:[INFO]:[PSAG_ACTOR_CORE]: game_actor shader create: 1680 x 945
[2024.05.24 22:30:57 490 ms]:[INFO]:[PSAG_PHYSICS]: body_data(dynamic) item: alloc key: 204078266483
[2024.05.24 22:30:57 490 ms]:[INFO]:[PSAG_ACTOR_CORE]: game_actor item create.
[2024.05.24 22:30:57 494 ms]:[INFO]:[PSAG_PHYSICS]: body_data(dynamic) item: alloc key: 204078266595
[2024.05.24 22:30:57 494 ms]:[INFO]:[PSAG_ACTOR_CORE]: game_actor item create.
[2024.05.24 22:30:57 504 ms]:[INFO]:[PSAG_PHYSICS]: body_data(dynamic) item: alloc key: 204078270408
[2024.05.24 22:30:57 505 ms]:[INFO]:[PSAG_ACTOR_CORE]: game_actor item create.
[2024.05.24 22:30:57 514 ms]:[INFO]:[PSAG_PHYSICS]: body_data(dynamic) item: alloc key: 204078280950
[2024.05.24 22:30:57 515 ms]:[INFO]:[PSAG_ACTOR_CORE]: game_actor item create.
[2024.05.24 22:30:57 524 ms]:[INFO]:[PSAG_PHYSICS]: body_data(static) item: alloc key: 204078291384
[2024.05.24 22:30:57 525 ms]:[INFO]:[PSAG_ACTOR_CORE]: game_actor item create.
[2024.05.24 22:30:57 535 ms]:[INFO]:[PSAG_PHYSICS]: body_data(static) item: alloc key: 204078301427
[2024.05.24 22:30:57 535 ms]:[INFO]:[PSAG_ACTOR_CORE]: game_actor item create.
[2024.05.24 22:30:57 545 ms]:[INFO]:[PSAG_PHYSICS]: body_data(static) item: alloc key: 204078311207
[2024.05.24 22:30:57 545 ms]:[INFO]:[PSAG_ACTOR_CORE]: game_actor item create.
[2024.05.24 22:30:57 545 ms]:[INFO]:[PSAG_PHYSICS]: body_data(static) item: alloc key: 204078321284
[2024.05.24 22:30:57 545 ms]:[INFO]:[PSAG_ACTOR_CORE]: game_actor item create.
[2024.05.24 22:30:57 549 ms]:[TRACE]:[PSAG_M_CORE]: pomelo_star game2d version: 12.20240514
[2024.05.24 22:30:58 597 ms]:[TRACE]:[PSAG_OGL_RES]: tmu delete_count(space): 6
[2024.05.24 22:30:58 597 ms]:[INFO]:[PSAG_OGL_RES]: texture: delete key: 204078199415
[2024.05.24 22:30:58 598 ms]:[INFO]:[PSAG_OGL_RES]: shader: delete key: 204078199294
[2024.05.24 22:30:58 598 ms]:[INFO]:[PSAG_GL_POST]: graphics_engine free back_shader(system).
[2024.05.24 22:30:58 598 ms]:[INFO]:[PSAG_OGL_RES]: framebuf: delete key: 204078081549
[2024.05.24 22:30:58 598 ms]:[TRACE]:[PSAG_OGL_RES]: tmu delete_count(space): 5
[2024.05.24 22:30:58 598 ms]:[INFO]:[PSAG_OGL_RES]: texture: delete key: 204078081549
[2024.05.24 22:30:58 599 ms]:[INFO]:[PSAG_OGL_RES]: shader: delete key: 204078080314
[2024.05.24 22:30:58 599 ms]:[INFO]:[PSAG_GL_POST]: graphics_engine free post_shader(system).
[2024.05.24 22:30:58 599 ms]:[INFO]:[PSAG_OGL_RES]: veratt: delete key: DYNAMIC_VAO
[2024.05.24 22:30:58 599 ms]:[INFO]:[PSAG_OGL_RES]: verbuffer: delete key: 204077955158
[2024.05.24 22:30:58 599 ms]:[INFO]:[PSAG_OGL_RES]: veratt: delete key: STATIC_VAO
[2024.05.24 22:30:58 599 ms]:[INFO]:[PSAG_OGL_RES]: verbuffer: delete key: 204077955351
[2024.05.24 22:30:58 599 ms]:[TRACE]:[PSAG_OGL_RES]: tmu delete_count(space): 1
[2024.05.24 22:30:58 599 ms]:[TRACE]:[PSAG_OGL_RES]: tmu delete_count(space): 2
[2024.05.24 22:30:58 599 ms]:[TRACE]:[PSAG_OGL_RES]: tmu delete_count(space): 3
[2024.05.24 22:30:58 599 ms]:[TRACE]:[PSAG_OGL_RES]: tmu delete_count(space): 4
[2024.05.24 22:30:58 600 ms]:[INFO]:[PSAG_OGL_RES]: texture: delete key: 204078073902
[2024.05.24 22:30:58 600 ms]:[INFO]:[PSAG_OGL_RES]: texture: delete key: 204078073966
[2024.05.24 22:30:58 600 ms]:[INFO]:[PSAG_OGL_RES]: texture: delete key: 204078074016
[2024.05.24 22:30:58 600 ms]:[INFO]:[PSAG_OGL_RES]: texture: delete key: 204078074065
[2024.05.24 22:30:58 600 ms]:[INFO]:[PSAG_PHYSICS]: physics system free.
[2024.05.24 22:30:58 600 ms]:[INFO]:[PSAG_WINDOWGUI]: imgui_free: imgui context.
[2024.05.24 22:30:58 600 ms]:[TRACE]:[PSAG_OGL_RES]: free resource(shader): 8 items
[2024.05.24 22:30:58 600 ms]:[TRACE]:[PSAG_OGL_RES]: free resource(texture): 0 items
[2024.05.24 22:30:58 601 ms]:[TRACE]:[PSAG_OGL_RES]: free resource(vertex_buffer): 0 items
[2024.05.24 22:30:58 601 ms]:[TRACE]:[PSAG_OGL_RES]: free resource(vertex_attribute): 0 items
[2024.05.24 22:30:58 601 ms]:[TRACE]:[PSAG_OGL_RES]: free resource(frame_buffer): 3 items
[2024.05.24 22:30:58 601 ms]:[TRACE]:[PSAG_OGL_RES]: free resource(render_buffer): 0 items
[2024.05.24 22:30:58 640 ms]:[INFO]:[PSAG_WINDOWGUI]: fw_window free: glfw context.
