[2024.05.24 22:33:48 226 ms]:[INFO]:[PSAG_LOGGER]: start thread success.
[2024.05.24 22:33:48 226 ms]:[INFO]:[PSAG_LOGGER]: create log_file: PSAGameSystemLogs/204249002388.log
[2024.05.24 22:33:48 227 ms]:[INFO]:[PSAG_M_START]: core_start objects(frm) total: only
[2024.05.24 22:33:48 227 ms]:[INFO]:[PSAG_M_START]: core_start objects(net) total: 0
[2024.05.24 22:33:48 227 ms]:[INFO]:[PSAG_M_START]: core_start objects(ext) total: 0
[2024.05.24 22:33:48 227 ms]:[TRACE]:[PSAG_M_MAINEVENT]: async_event add item_id: 304056629344
[2024.05.24 22:33:48 227 ms]:[INFO]:[PSAG_FILESYS_LOAD]: loader(text) open file: PSAGameFrameworkCore/CoreShaderScript/public/psag_graph_template.vert
[2024.05.24 22:33:48 227 ms]:[INFO]:[PSAG_FILESYS_LOAD]: loader(text) open file: PSAGameFrameworkCore/CoreShaderScript/public/psag_graph_tools.frag
[2024.05.24 22:33:48 227 ms]:[INFO]:[PSAG_FILESYS_LOAD]: loader(text) open file: PSAGameFrameworkCore/CoreShaderScript/public/psag_graph_header.frag
[2024.05.24 22:33:48 227 ms]:[INFO]:[PSAG_FILESYS_LOAD]: loader(text) open file: PSAGameFrameworkCore/CoreShaderScript/private/psag_graph_background.frag
[2024.05.24 22:33:48 227 ms]:[INFO]:[PSAG_FILESYS_LOAD]: loader(text) open file: PSAGameFrameworkCore/CoreShaderScript/private/psag_graph_bloom_h.frag
[2024.05.24 22:33:48 227 ms]:[INFO]:[PSAG_FILESYS_LOAD]: loader(text) open file: PSAGameFrameworkCore/CoreShaderScript/private/psag_graph_bloom_v.frag
[2024.05.24 22:33:48 228 ms]:[INFO]:[PSAG_FILESYS_LOAD]: loader(text) open file: PSAGameFrameworkCore/CoreShaderScript/private/psag_graph_final.frag
[2024.05.24 22:33:48 228 ms]:[INFO]:[PSAG_FILESYS_LOAD]: loader(text) open file: PSAGameFrameworkCore/CoreShaderScript/private/psag_graph_particle.frag
[2024.05.24 22:33:48 228 ms]:[INFO]:[PSAG_FILESYS_LOAD]: loader(text) open file: PSAGameFrameworkCore/CoreShaderScript/private/psag_graph_fx_sequence.frag
[2024.05.24 22:33:48 228 ms]:[INFO]:[PSAG_GL_GLSL]: graphics_engine config system_glsl.
[2024.05.24 22:33:48 228 ms]:[TRACE]:[PSAG_M_CORE]: core framework init,config...
[2024.05.24 22:33:48 262 ms]:[INFO]:[PSAG_WINDOWGUI]: init opengl_glfw.
[2024.05.24 22:33:48 357 ms]:[TRACE]:[PSAG_M_MAINEVENT]: async_events execution end.
[2024.05.24 22:33:48 358 ms]:[INFO]:[PSAG_M_MAINEVENT]: async_events executing...
[2024.05.24 22:33:48 589 ms]:[INFO]:[PSAG_WINDOWGUI]: fw_window load: icon_image: PSAGameSystemFiles/PomeloStarGameLogo.png
[2024.05.24 22:33:48 589 ms]:[INFO]:[PSAG_OGL_MAG]: framework_graphics logger function_ptr: dbf283b0
[2024.05.24 22:33:48 589 ms]:[INFO]:[PSAG_OGL_MAG]: framework_graphics shader gl_version: 
[2024.05.24 22:33:48 591 ms]:[TRACE]:[PSAG_OGL_MAG]: framework_graphics config init.
[2024.05.24 22:33:48 592 ms]:[INFO]:[PSAG_OGL_MAG]: device gpu supplier: NVIDIA Corporation
[2024.05.24 22:33:48 592 ms]:[INFO]:[PSAG_OGL_MAG]: device gpu model: NVIDIA GeForce RTX 4060 Laptop GPU/PCIe/SSE2
[2024.05.24 22:33:48 592 ms]:[INFO]:[PSAG_OGL_MAG]: device version opengl: 4.6.0 NVIDIA 546.80
[2024.05.24 22:33:48 592 ms]:[INFO]:[PSAG_OGL_MAG]: device version glsl: 4.60 NVIDIA
[2024.05.24 22:33:48 592 ms]:[PERF]:[PSAG_OGL_MAG]: device memory[capacity]: 8188.00 mib
[2024.05.24 22:33:48 592 ms]:[INFO]:[PSAG_OGL_MAG]: device (vao)attribs_max units: 16 entry
[2024.05.24 22:33:48 592 ms]:[INFO]:[PSAG_OGL_MAG]: device (vbo)buffer_max units: 4096 entry
[2024.05.24 22:33:48 592 ms]:[INFO]:[PSAG_OGL_MAG]: device [tmu]texture_max units: 32 entry
[2024.05.24 22:33:48 592 ms]:[INFO]:[PSAG_OGL_MAG]: device (vert)uniform_max items: 4096
[2024.05.24 22:33:48 592 ms]:[INFO]:[PSAG_OGL_MAG]: device (frag)uniform_max items: 4096
[2024.05.24 22:33:48 592 ms]:[INFO]:[PSAG_LLRES]: LLRES static_object create(global).
[2024.05.24 22:33:48 592 ms]:[INFO]:[PSAG_OGL_RES]: veratt: storage key: DYNAMIC_VAO
[2024.05.24 22:33:48 592 ms]:[INFO]:[PSAG_OGL_RES]: verbuffer: storage key: 204249368445
[2024.05.24 22:33:48 592 ms]:[TRACE]:[PSAG_GL_DATASET]: dynamic vertex data manager_create.
[2024.05.24 22:33:48 592 ms]:[INFO]:[PSAG_OGL_RES]: veratt: storage key: STATIC_VAO
[2024.05.24 22:33:48 593 ms]:[INFO]:[PSAG_OGL_RES]: verbuffer: storage key: 204249368632
[2024.05.24 22:33:48 593 ms]:[TRACE]:[PSAG_GL_DATASET]: static vertex data manager_create.
[2024.05.24 22:33:48 593 ms]:[TRACE]:[PSAG_OGL_RES]: tmu alloc_count: 1
[2024.05.24 22:33:48 593 ms]:[TRACE]:[PSAG_OGL_RES]: tmu alloc_count: 2
[2024.05.24 22:33:48 593 ms]:[TRACE]:[PSAG_OGL_RES]: tmu alloc_count: 3
[2024.05.24 22:33:48 593 ms]:[TRACE]:[PSAG_OGL_RES]: tmu alloc_count: 4
[2024.05.24 22:33:48 593 ms]:[INFO]:[PSAG_OGL_MAG]: texture.2d(array) handle create.
[2024.05.24 22:33:48 593 ms]:[INFO]:[PSAG_OGL_MAG]: texture create, succ: size: 2048 x 2048, layers: 40.
[2024.05.24 22:33:48 660 ms]:[INFO]:[PSAG_OGL_MAG]: texture.2d(array) handle create.
[2024.05.24 22:33:48 661 ms]:[INFO]:[PSAG_OGL_MAG]: texture create, succ: size: 1024 x 1024, layers: 72.
[2024.05.24 22:33:48 693 ms]:[INFO]:[PSAG_OGL_MAG]: texture.2d(array) handle create.
[2024.05.24 22:33:48 693 ms]:[INFO]:[PSAG_OGL_MAG]: texture create, succ: size: 512 x 512, layers: 96.
[2024.05.24 22:33:48 701 ms]:[INFO]:[PSAG_OGL_MAG]: texture.2d(array) handle create.
[2024.05.24 22:33:48 701 ms]:[INFO]:[PSAG_OGL_MAG]: texture create, succ: size: 256 x 256, layers: 128.
[2024.05.24 22:33:48 701 ms]:[INFO]:[PSAG_OGL_RES]: texture: storage key: 204249477667
[2024.05.24 22:33:48 702 ms]:[INFO]:[PSAG_OGL_RES]: texture: storage key: 204249477725
[2024.05.24 22:33:48 702 ms]:[INFO]:[PSAG_OGL_RES]: texture: storage key: 204249477775
[2024.05.24 22:33:48 702 ms]:[INFO]:[PSAG_OGL_RES]: texture: storage key: 204249477824
[2024.05.24 22:33:48 702 ms]:[TRACE]:[PSAG_GL_DATASET]: vir_create texture[8x] size: 2048 x 2048
[2024.05.24 22:33:48 702 ms]:[TRACE]:[PSAG_GL_DATASET]: vir_create texture[4x] size: 1024 x 1024
[2024.05.24 22:33:48 702 ms]:[TRACE]:[PSAG_GL_DATASET]: vir_create texture[2x] size: 512 x 512
[2024.05.24 22:33:48 702 ms]:[TRACE]:[PSAG_GL_DATASET]: vir_create texture[1x] size: 256 x 256
[2024.05.24 22:33:48 702 ms]:[TRACE]:[PSAG_PHYSICS]: physics system create.
[2024.05.24 22:33:48 707 ms]:[INFO]:[PSAG_OGL_MAG]: vertex_shader source script num: 1
[2024.05.24 22:33:48 707 ms]:[INFO]:[PSAG_OGL_MAG]: vertex shader compilation succeeded.
[2024.05.24 22:33:48 707 ms]:[INFO]:[PSAG_OGL_MAG]: fragment_shader source script num: 2
[2024.05.24 22:33:48 708 ms]:[INFO]:[PSAG_OGL_MAG]: fragment shader compilation succeeded.
[2024.05.24 22:33:48 708 ms]:[INFO]:[PSAG_OGL_MAG]: program program link succeeded.
[2024.05.24 22:33:48 708 ms]:[INFO]:[PSAG_OGL_RES]: shader: storage key: 204249484111
[2024.05.24 22:33:48 708 ms]:[INFO]:[PSAG_OGL_MAG]: vertex_shader source script num: 1
[2024.05.24 22:33:48 708 ms]:[INFO]:[PSAG_OGL_MAG]: vertex shader compilation succeeded.
[2024.05.24 22:33:48 708 ms]:[INFO]:[PSAG_OGL_MAG]: fragment_shader source script num: 3
[2024.05.24 22:33:48 708 ms]:[INFO]:[PSAG_OGL_MAG]: fragment shader compilation succeeded.
[2024.05.24 22:33:48 708 ms]:[INFO]:[PSAG_OGL_MAG]: program program link succeeded.
[2024.05.24 22:33:48 709 ms]:[INFO]:[PSAG_OGL_RES]: shader: storage key: 204249484761
[2024.05.24 22:33:48 709 ms]:[INFO]:[PSAG_OGL_MAG]: vertex_shader source script num: 1
[2024.05.24 22:33:48 709 ms]:[INFO]:[PSAG_OGL_MAG]: vertex shader compilation succeeded.
[2024.05.24 22:33:48 709 ms]:[INFO]:[PSAG_OGL_MAG]: fragment_shader source script num: 3
[2024.05.24 22:33:48 709 ms]:[INFO]:[PSAG_OGL_MAG]: fragment shader compilation succeeded.
[2024.05.24 22:33:48 709 ms]:[INFO]:[PSAG_OGL_MAG]: program program link succeeded.
[2024.05.24 22:33:48 709 ms]:[INFO]:[PSAG_OGL_RES]: shader: storage key: 204249485413
[2024.05.24 22:33:48 721 ms]:[TRACE]:[PSAG_OGL_RES]: tmu alloc_count: 5
[2024.05.24 22:33:48 721 ms]:[INFO]:[PSAG_OGL_MAG]: texture.2d(array) handle create.
[2024.05.24 22:33:48 721 ms]:[INFO]:[PSAG_OGL_MAG]: texture create, succ: size: 1680 x 945, layers: 3.
[2024.05.24 22:33:48 721 ms]:[INFO]:[PSAG_OGL_RES]: texture: storage key: 204249485491
[2024.05.24 22:33:48 722 ms]:[INFO]:[PSAG_OGL_MAG]: framebuffer.gen create.
[2024.05.24 22:33:48 722 ms]:[INFO]:[PSAG_OGL_RES]: framebuf: storage key: 204249485491
[2024.05.24 22:33:48 723 ms]:[INFO]:[PSAG_OGL_MAG]: framebuffer.gen create.
[2024.05.24 22:33:48 723 ms]:[INFO]:[PSAG_OGL_RES]: framebuf: storage key: 204249498735
[2024.05.24 22:33:48 723 ms]:[INFO]:[PSAG_OGL_MAG]: framebuffer.gen create.
[2024.05.24 22:33:48 723 ms]:[INFO]:[PSAG_OGL_RES]: framebuf: storage key: 204249499108
[2024.05.24 22:33:48 723 ms]:[INFO]:[PSAG_GL_POST]: graphics_engine create post_shader(system).
[2024.05.24 22:33:48 723 ms]:[INFO]:[PSAG_WINDOWGUI]: imgui_read: fonts file: PSAGameSystemFiles/JetBrainsMonoBold.ttf
[2024.05.24 22:33:48 724 ms]:[TRACE]:[PSAG_M_CORE]: registration ref_object name: TestObject
[2024.05.24 22:33:48 725 ms]:[INFO]:[PSAG_FILESYS_LOAD]: loader(bin) open file: Test/TEST_BACK1.png read_size: 37484
[2024.05.24 22:33:48 725 ms]:[INFO]:[PSAG_FILESYS_LOAD]: loader(bin) open file: Test/TEST_BACK2.png read_size: 37760
[2024.05.24 22:33:48 725 ms]:[INFO]:[PSAG_FILESYS_LOAD]: loader(bin) open file: Test/TEST_BACK3.png read_size: 46817
[2024.05.24 22:33:48 725 ms]:[INFO]:[PSAG_FILESYS_LOAD]: loader(bin) open file: Test/TEST_BACK4.png read_size: 37999
[2024.05.24 22:33:48 746 ms]:[INFO]:[PSAG_OGL_IMG]: success decode image: size: 3840 x 2160, color_channel: 4
[2024.05.24 22:33:48 775 ms]:[INFO]:[PSAG_OGL_IMG]: success decode image: size: 3840 x 2160, color_channel: 4
[2024.05.24 22:33:48 801 ms]:[INFO]:[PSAG_OGL_IMG]: success decode image: size: 3840 x 2160, color_channel: 4
[2024.05.24 22:33:48 827 ms]:[INFO]:[PSAG_OGL_IMG]: success decode image: size: 3840 x 2160, color_channel: 4
[2024.05.24 22:33:48 833 ms]:[INFO]:[PSAG_OGL_MAG]: vertex_shader source script num: 1
[2024.05.24 22:33:48 833 ms]:[INFO]:[PSAG_OGL_MAG]: vertex shader compilation succeeded.
[2024.05.24 22:33:48 834 ms]:[INFO]:[PSAG_OGL_MAG]: fragment_shader source script num: 1
[2024.05.24 22:33:48 834 ms]:[INFO]:[PSAG_OGL_MAG]: fragment shader compilation succeeded.
[2024.05.24 22:33:48 834 ms]:[INFO]:[PSAG_OGL_MAG]: program program link succeeded.
[2024.05.24 22:33:48 834 ms]:[INFO]:[PSAG_OGL_RES]: shader: storage key: 204249610414
[2024.05.24 22:33:48 834 ms]:[TRACE]:[PSAG_OGL_RES]: tmu alloc_count: 6
[2024.05.24 22:33:48 853 ms]:[INFO]:[PSAG_OGL_MAG]: texture.2d(array) handle create.
[2024.05.24 22:33:48 871 ms]:[INFO]:[PSAG_OGL_MAG]: texture create, succ: size: 3840 x 2160, layers: 4.
[2024.05.24 22:33:48 871 ms]:[INFO]:[PSAG_OGL_RES]: texture: storage key: 204249610493
[2024.05.24 22:33:48 875 ms]:[INFO]:[PSAG_GL_BACK]: graphics_engine create background.
[2024.05.24 22:33:48 875 ms]:[INFO]:[PSAG_M_COREMAG]: background create, layers: 4
[2024.05.24 22:33:48 876 ms]:[INFO]:[PSAG_FILESYS_LOAD]: loader(bin) open file: Test/ParticleImgTest.png read_size: 2242
[2024.05.24 22:33:48 876 ms]:[INFO]:[PSAG_OGL_IMG]: success decode image: size: 512 x 512, color_channel: 4
[2024.05.24 22:33:48 877 ms]:[INFO]:[PSAG_OGL_MAG]: vertex_shader source script num: 1
[2024.05.24 22:33:48 877 ms]:[INFO]:[PSAG_OGL_MAG]: vertex shader compilation succeeded.
[2024.05.24 22:33:48 877 ms]:[INFO]:[PSAG_OGL_MAG]: fragment_shader source script num: 1
[2024.05.24 22:33:48 877 ms]:[INFO]:[PSAG_OGL_MAG]: fragment shader compilation succeeded.
[2024.05.24 22:33:48 877 ms]:[INFO]:[PSAG_OGL_MAG]: program program link succeeded.
[2024.05.24 22:33:48 877 ms]:[INFO]:[PSAG_OGL_RES]: shader: storage key: 204249652782
[2024.05.24 22:33:48 877 ms]:[INFO]:[PSAG_GL_DATASET]: ver_data item: alloc key: 204249653440
[2024.05.24 22:33:48 877 ms]:[INFO]:[PSAG_GL_DATASET]: tex_layer_sys alloc_count: 0
[2024.05.24 22:33:48 878 ms]:[INFO]:[PSAG_GL_DATASET]: vir_texture: src: 512 x 512, fmt_fill: 512 x 512
[2024.05.24 22:33:48 878 ms]:[INFO]:[PSAG_GL_DATASET]: vir_texture item: alloc key: , cropping: 1.00 x 1.00, res: 4x/1
[2024.05.24 22:33:48 879 ms]:[INFO]:[PSAG_GL_PARTICLE]: particle system init.
[2024.05.24 22:33:48 879 ms]:[INFO]:[PSAG_GL_PARTICLE]: particle system render_resolution: 1680 x 945
[2024.05.24 22:33:48 879 ms]:[INFO]:[PSAG_FILESYS_LOAD]: loader(bin) open file: Test/fx_fire_test.png read_size: 490739
[2024.05.24 22:33:48 879 ms]:[INFO]:[PSAG_OGL_MAG]: texture.2d(view) handle create.
[2024.05.24 22:33:48 879 ms]:[INFO]:[PSAG_OGL_MAG]: texture_view create, succ: size: 1680 x 945
[2024.05.24 22:33:48 879 ms]:[INFO]:[PSAG_OGL_MAG]: framebuffer.gen create.
[2024.05.24 22:33:48 880 ms]:[INFO]:[PSAG_OGL_RES]: framebuf: storage key: 204249655588
[2024.05.24 22:33:48 880 ms]:[INFO]:[PSAG_GL_PVFX]: psag_fx capture_view system init.
[2024.05.24 22:33:48 891 ms]:[INFO]:[PSAG_OGL_IMG]: success decode image: size: 1024 x 1024, color_channel: 4
[2024.05.24 22:33:48 892 ms]:[INFO]:[PSAG_OGL_MAG]: vertex_shader source script num: 1
[2024.05.24 22:33:48 892 ms]:[INFO]:[PSAG_OGL_MAG]: vertex shader compilation succeeded.
[2024.05.24 22:33:48 892 ms]:[INFO]:[PSAG_OGL_MAG]: fragment_shader source script num: 1
[2024.05.24 22:33:48 892 ms]:[INFO]:[PSAG_OGL_MAG]: fragment shader compilation succeeded.
[2024.05.24 22:33:48 893 ms]:[INFO]:[PSAG_OGL_MAG]: program program link succeeded.
[2024.05.24 22:33:48 893 ms]:[INFO]:[PSAG_OGL_RES]: shader: storage key: 204249668870
[2024.05.24 22:33:48 893 ms]:[INFO]:[PSAG_GL_DATASET]: tex_layer_sys alloc_count: 0
[2024.05.24 22:33:48 896 ms]:[INFO]:[PSAG_GL_DATASET]: vir_texture: src: 1024 x 1024, fmt_fill: 1024 x 1024
[2024.05.24 22:33:48 896 ms]:[INFO]:[PSAG_GL_DATASET]: vir_texture item: alloc key: 204249668927, cropping: 1.00 x 1.00, res: 2x/1
[2024.05.24 22:33:48 896 ms]:[INFO]:[PSAG_GL_POST]: psag_fx sequence system init.
[2024.05.24 22:33:48 897 ms]:[INFO]:[PSAG_ACTOR_CORE]: actor_type: register key: actor_pawn
[2024.05.24 22:33:48 897 ms]:[INFO]:[PSAG_ACTOR_CORE]: actor_type: register key: actor_npc
[2024.05.24 22:33:48 897 ms]:[INFO]:[PSAG_ACTOR_CORE]: actor_type: register key: actor_bullet
[2024.05.24 22:33:48 897 ms]:[INFO]:[PSAG_ACTOR_CORE]: actor_type: register key: actor_wall
[2024.05.24 22:33:48 897 ms]:[INFO]:[PSAG_OGL_MAG]: vertex_shader source script num: 1
[2024.05.24 22:33:48 897 ms]:[INFO]:[PSAG_OGL_MAG]: vertex shader compilation succeeded.
[2024.05.24 22:33:48 897 ms]:[INFO]:[PSAG_OGL_MAG]: fragment_shader source script num: 1
[2024.05.24 22:33:48 898 ms]:[INFO]:[PSAG_OGL_MAG]: fragment shader compilation succeeded.
[2024.05.24 22:33:48 898 ms]:[INFO]:[PSAG_OGL_MAG]: program program link succeeded.
[2024.05.24 22:33:48 898 ms]:[INFO]:[PSAG_OGL_RES]: shader: storage key: 204249673417
[2024.05.24 22:33:48 898 ms]:[INFO]:[PSAG_ACTOR_CORE]: game_actor shader create: 1680 x 945
[2024.05.24 22:33:48 898 ms]:[INFO]:[PSAG_OGL_MAG]: vertex_shader source script num: 1
[2024.05.24 22:33:48 898 ms]:[INFO]:[PSAG_OGL_MAG]: vertex shader compilation succeeded.
[2024.05.24 22:33:48 898 ms]:[INFO]:[PSAG_OGL_MAG]: fragment_shader source script num: 1
[2024.05.24 22:33:48 898 ms]:[INFO]:[PSAG_OGL_MAG]: fragment shader compilation succeeded.
[2024.05.24 22:33:48 898 ms]:[INFO]:[PSAG_OGL_MAG]: program program link succeeded.
[2024.05.24 22:33:48 899 ms]:[INFO]:[PSAG_OGL_RES]: shader: storage key: 204249674365
[2024.05.24 22:33:48 899 ms]:[INFO]:[PSAG_ACTOR_CORE]: game_actor shader create: 1680 x 945
[2024.05.24 22:33:48 899 ms]:[INFO]:[PSAG_OGL_MAG]: vertex_shader source script num: 1
[2024.05.24 22:33:48 899 ms]:[INFO]:[PSAG_OGL_MAG]: vertex shader compilation succeeded.
[2024.05.24 22:33:48 899 ms]:[INFO]:[PSAG_OGL_MAG]: fragment_shader source script num: 1
[2024.05.24 22:33:48 899 ms]:[INFO]:[PSAG_OGL_MAG]: fragment shader compilation succeeded.
[2024.05.24 22:33:48 899 ms]:[INFO]:[PSAG_OGL_MAG]: program program link succeeded.
[2024.05.24 22:33:48 899 ms]:[INFO]:[PSAG_OGL_RES]: shader: storage key: 204249674894
[2024.05.24 22:33:48 899 ms]:[INFO]:[PSAG_ACTOR_CORE]: game_actor shader create: 1680 x 945
[2024.05.24 22:33:48 899 ms]:[INFO]:[PSAG_OGL_MAG]: vertex_shader source script num: 1
[2024.05.24 22:33:48 899 ms]:[INFO]:[PSAG_OGL_MAG]: vertex shader compilation succeeded.
[2024.05.24 22:33:48 899 ms]:[INFO]:[PSAG_OGL_MAG]: fragment_shader source script num: 1
[2024.05.24 22:33:48 899 ms]:[INFO]:[PSAG_OGL_MAG]: fragment shader compilation succeeded.
[2024.05.24 22:33:48 900 ms]:[INFO]:[PSAG_OGL_MAG]: program program link succeeded.
[2024.05.24 22:33:48 900 ms]:[INFO]:[PSAG_OGL_RES]: shader: storage key: 204249675443
[2024.05.24 22:33:48 900 ms]:[INFO]:[PSAG_ACTOR_CORE]: game_actor shader create: 1680 x 945
[2024.05.24 22:33:48 911 ms]:[INFO]:[PSAG_PHYSICS]: body_data(dynamic) item: alloc key: 204249675918
[2024.05.24 22:33:48 911 ms]:[INFO]:[PSAG_ACTOR_CORE]: game_actor item create.
[2024.05.24 22:33:48 927 ms]:[INFO]:[PSAG_PHYSICS]: body_data(dynamic) item: alloc key: 204249687604
[2024.05.24 22:33:48 927 ms]:[INFO]:[PSAG_ACTOR_CORE]: game_actor item create.
[2024.05.24 22:33:48 943 ms]:[INFO]:[PSAG_PHYSICS]: body_data(dynamic) item: alloc key: 204249703862
[2024.05.24 22:33:48 943 ms]:[INFO]:[PSAG_ACTOR_CORE]: game_actor item create.
[2024.05.24 22:33:48 959 ms]:[INFO]:[PSAG_PHYSICS]: body_data(dynamic) item: alloc key: 204249719383
[2024.05.24 22:33:48 959 ms]:[INFO]:[PSAG_ACTOR_CORE]: game_actor item create.
[2024.05.24 22:33:48 960 ms]:[INFO]:[PSAG_PHYSICS]: body_data(static) item: alloc key: 204249735812
[2024.05.24 22:33:48 960 ms]:[INFO]:[PSAG_ACTOR_CORE]: game_actor item create.
[2024.05.24 22:33:48 960 ms]:[INFO]:[PSAG_PHYSICS]: body_data(static) item: alloc key: 204249736196
[2024.05.24 22:33:48 960 ms]:[INFO]:[PSAG_ACTOR_CORE]: game_actor item create.
[2024.05.24 22:33:48 960 ms]:[INFO]:[PSAG_PHYSICS]: body_data(static) item: alloc key: 204249736369
[2024.05.24 22:33:48 960 ms]:[INFO]:[PSAG_ACTOR_CORE]: game_actor item create.
[2024.05.24 22:33:48 975 ms]:[INFO]:[PSAG_PHYSICS]: body_data(static) item: alloc key: 204249736517
[2024.05.24 22:33:48 975 ms]:[INFO]:[PSAG_ACTOR_CORE]: game_actor item create.
[2024.05.24 22:33:48 981 ms]:[TRACE]:[PSAG_M_CORE]: pomelo_star game2d version: 12.20240514
[2024.05.24 22:33:50 291 ms]:[TRACE]:[PSAG_OGL_RES]: tmu delete_count(space): 6
[2024.05.24 22:33:50 292 ms]:[INFO]:[PSAG_OGL_RES]: texture: delete key: 204249610493
[2024.05.24 22:33:50 292 ms]:[INFO]:[PSAG_OGL_RES]: shader: delete key: 204249610414
[2024.05.24 22:33:50 293 ms]:[INFO]:[PSAG_GL_POST]: graphics_engine free back_shader(system).
[2024.05.24 22:33:50 293 ms]:[INFO]:[PSAG_OGL_RES]: framebuf: delete key: 204249485491
[2024.05.24 22:33:50 293 ms]:[TRACE]:[PSAG_OGL_RES]: tmu delete_count(space): 5
[2024.05.24 22:33:50 293 ms]:[INFO]:[PSAG_OGL_RES]: texture: delete key: 204249485491
[2024.05.24 22:33:50 293 ms]:[INFO]:[PSAG_OGL_RES]: shader: delete key: 204249484111
[2024.05.24 22:33:50 293 ms]:[INFO]:[PSAG_GL_POST]: graphics_engine free post_shader(system).
[2024.05.24 22:33:50 293 ms]:[INFO]:[PSAG_OGL_RES]: veratt: delete key: DYNAMIC_VAO
[2024.05.24 22:33:50 293 ms]:[INFO]:[PSAG_OGL_RES]: verbuffer: delete key: 204249368445
[2024.05.24 22:33:50 293 ms]:[INFO]:[PSAG_OGL_RES]: veratt: delete key: STATIC_VAO
[2024.05.24 22:33:50 293 ms]:[INFO]:[PSAG_OGL_RES]: verbuffer: delete key: 204249368632
[2024.05.24 22:33:50 293 ms]:[TRACE]:[PSAG_OGL_RES]: tmu delete_count(space): 1
[2024.05.24 22:33:50 293 ms]:[TRACE]:[PSAG_OGL_RES]: tmu delete_count(space): 2
[2024.05.24 22:33:50 293 ms]:[TRACE]:[PSAG_OGL_RES]: tmu delete_count(space): 3
[2024.05.24 22:33:50 294 ms]:[TRACE]:[PSAG_OGL_RES]: tmu delete_count(space): 4
[2024.05.24 22:33:50 294 ms]:[INFO]:[PSAG_OGL_RES]: texture: delete key: 204249477667
[2024.05.24 22:33:50 294 ms]:[INFO]:[PSAG_OGL_RES]: texture: delete key: 204249477725
[2024.05.24 22:33:50 294 ms]:[INFO]:[PSAG_OGL_RES]: texture: delete key: 204249477775
[2024.05.24 22:33:50 294 ms]:[INFO]:[PSAG_OGL_RES]: texture: delete key: 204249477824
[2024.05.24 22:33:50 294 ms]:[INFO]:[PSAG_PHYSICS]: physics system free.
[2024.05.24 22:33:50 294 ms]:[INFO]:[PSAG_WINDOWGUI]: imgui_free: imgui context.
[2024.05.24 22:33:50 294 ms]:[TRACE]:[PSAG_OGL_RES]: free resource(shader): 8 items
[2024.05.24 22:33:50 294 ms]:[TRACE]:[PSAG_OGL_RES]: free resource(texture): 0 items
[2024.05.24 22:33:50 295 ms]:[TRACE]:[PSAG_OGL_RES]: free resource(vertex_buffer): 0 items
[2024.05.24 22:33:50 295 ms]:[TRACE]:[PSAG_OGL_RES]: free resource(vertex_attribute): 0 items
[2024.05.24 22:33:50 295 ms]:[TRACE]:[PSAG_OGL_RES]: free resource(frame_buffer): 3 items
[2024.05.24 22:33:50 295 ms]:[TRACE]:[PSAG_OGL_RES]: free resource(render_buffer): 0 items
[2024.05.24 22:33:50 339 ms]:[INFO]:[PSAG_WINDOWGUI]: fw_window free: glfw context.
