[2025.02.17 19:51:59.533 ms]:[INFO]:[PSAG_LOGGER]: start thread success.
[2025.02.17 19:51:59.534 ms]:[INFO]:[PSAG_M_START]: core_start objects(frm) total: only
[2025.02.17 19:51:59.534 ms]:[INFO]:[PSAG_LOGGER]: create log_file: PSAGameSystemLogs/267119215852200.log
[2025.02.17 19:51:59.535 ms]:[INFO]:[PSAG_M_START]: core_start objects(net) total: 0
[2025.02.17 19:51:59.535 ms]:[INFO]:[PSAG_M_START]: core_start objects(ext) total: 0
[2025.02.17 19:51:59.535 ms]:[TRACE]:[PSAG_M_MAINEVENT]: async_event add item_id: 942719103168
[2025.02.17 19:51:59.535 ms]:[INFO]:[PSAG_M_MAINEVENT]: async_events executing...
[2025.02.17 19:51:59.546 ms]:[INFO]:[PSAG_FILESYS_LOAD]: load(src) read_file: PSAGameFrameworkCore/framework_config.json read_size: 463
[2025.02.17 19:51:59.557 ms]:[INFO]:[PSAG_FILESYS_LOAD]: load(src) read_file: PSAGameFrameworkCore/framework_config_shaders.json read_size: 1329
[2025.02.17 19:51:59.565 ms]:[INFO]:[PSAG_FILESYS_LOAD]: load(src) read_file: PSAGameFrameworkCore/CoreShaderScript/public/psag_graph_template_actor.vert read_size: 984
[2025.02.17 19:51:59.574 ms]:[INFO]:[PSAG_FILESYS_LOAD]: load(src) read_file: PSAGameFrameworkCore/CoreShaderScript/public/psag_graph_template.vert read_size: 737
[2025.02.17 19:51:59.580 ms]:[INFO]:[PSAG_FILESYS_LOAD]: load(src) read_file: PSAGameFrameworkCore/CoreShaderScript/public/psag_graph_tools.frag read_size: 933
[2025.02.17 19:51:59.594 ms]:[INFO]:[PSAG_FILESYS_LOAD]: load(src) read_file: PSAGameFrameworkCore/CoreShaderScript/public/psag_graph_header.frag read_size: 202
[2025.02.17 19:51:59.608 ms]:[INFO]:[PSAG_FILESYS_LOAD]: load(src) read_file: PSAGameFrameworkCore/CoreShaderScript/private/psag_graph_final_vollight.frag read_size: 1670
[2025.02.17 19:51:59.617 ms]:[INFO]:[PSAG_FILESYS_LOAD]: load(src) read_file: PSAGameFrameworkCore/CoreShaderScript/private/psag_graph_final_multfilter.frag read_size: 356
[2025.02.17 19:51:59.626 ms]:[INFO]:[PSAG_FILESYS_LOAD]: load(src) read_file: PSAGameFrameworkCore/CoreShaderScript/private/psag_graph_final_blurh.frag read_size: 783
[2025.02.17 19:51:59.640 ms]:[INFO]:[PSAG_FILESYS_LOAD]: load(src) read_file: PSAGameFrameworkCore/CoreShaderScript/private/psag_graph_final_blurv.frag read_size: 778
[2025.02.17 19:51:59.649 ms]:[INFO]:[PSAG_FILESYS_LOAD]: load(src) read_file: PSAGameFrameworkCore/CoreShaderScript/private/psag_graph_final.frag read_size: 1243
[2025.02.17 19:51:59.656 ms]:[INFO]:[PSAG_FILESYS_LOAD]: load(src) read_file: PSAGameFrameworkCore/CoreShaderScript/private/psag_graph_background.frag read_size: 1107
[2025.02.17 19:51:59.667 ms]:[INFO]:[PSAG_FILESYS_LOAD]: load(src) read_file: PSAGameFrameworkCore/CoreShaderScript/private/psag_graph_particle.frag read_size: 1258
[2025.02.17 19:51:59.678 ms]:[INFO]:[PSAG_FILESYS_LOAD]: load(src) read_file: PSAGameFrameworkCore/CoreShaderScript/private/psag_graph_fx_sequence.frag read_size: 543
[2025.02.17 19:51:59.678 ms]:[INFO]:[PSAG_GL_GLSL]: graphics_engine config system_glsl.
[2025.02.17 19:51:59.678 ms]:[TRACE]:[PSAG_M_CORE]: core framework init,config...
[2025.02.17 19:51:59.741 ms]:[INFO]:[PSAG_WINDOW]: init opengl_glfw.
[2025.02.17 19:52:00.215 ms]:[WARNING]:[PSAG_WINDOW]: <F:\PSAFrameworkProject\PSAGameFramework\PSAGameFramework\PSAGameFrameworkCore\LLWindowGui\framework_window_system.cpp:__LINE__> failed fw_window load: icon_image.
[2025.02.17 19:52:00.216 ms]:[INFO]:[PSAG_OGL_INIT]: framework_graphics logger function_ptr: ab69a4db
[2025.02.17 19:52:00.216 ms]:[INFO]:[PSAG_OGL_INIT]: framework_graphics shader gl_version: 
[2025.02.17 19:52:00.221 ms]:[TRACE]:[PSAG_OGL_INIT]: framework_graphics config init...
[2025.02.17 19:52:00.221 ms]:[INFO]:[PSAG_OGL_INFORMATION]: device gpu supplier: NVIDIA Corporation
[2025.02.17 19:52:00.221 ms]:[INFO]:[PSAG_OGL_INFORMATION]: device gpu model: NVIDIA GeForce RTX 4060 Laptop GPU/PCIe/SSE2
[2025.02.17 19:52:00.221 ms]:[INFO]:[PSAG_OGL_INFORMATION]: device version opengl: 4.6.0 NVIDIA 561.19
[2025.02.17 19:52:00.221 ms]:[INFO]:[PSAG_OGL_INFORMATION]: device version glsl: 4.60 NVIDIA
[2025.02.17 19:52:00.221 ms]:[PERF]:[PSAG_OGL_INFORMATION]: device memory[capacity]: 8188.00 mib
[2025.02.17 19:52:00.221 ms]:[INFO]:[PSAG_OGL_INFORMATION]: device (vao)attribs_max units: 16 entry
[2025.02.17 19:52:00.222 ms]:[INFO]:[PSAG_OGL_INFORMATION]: device (vbo)buffer_max units: 4096 entry
[2025.02.17 19:52:00.222 ms]:[INFO]:[PSAG_OGL_INFORMATION]: device [tmu]texture_max units: 32 entry
[2025.02.17 19:52:00.222 ms]:[INFO]:[PSAG_OGL_INFORMATION]: device (vert)uniform_max items: 4096
[2025.02.17 19:52:00.222 ms]:[INFO]:[PSAG_OGL_INFORMATION]: device (frag)uniform_max items: 4096
[2025.02.17 19:52:00.222 ms]:[INFO]:[PSAG_LLRES]: graph static_object(graphics) create.
[2025.02.17 19:52:00.222 ms]:[INFO]:[PSAG_AUDIO_DATA]: LLRES static_object() create.
[2025.02.17 19:52:00.222 ms]:[INFO]:[PSAG_OGL_RES]: vao: storage key: 4
[2025.02.17 19:52:00.222 ms]:[INFO]:[PSAG_OGL_RES]: vbo: storage key: 6
[2025.02.17 19:52:00.222 ms]:[TRACE]:[PSAG_GL_DATASET]: dynamic vertex data manager_create.
[2025.02.17 19:52:00.222 ms]:[INFO]:[PSAG_OGL_RES]: vao: storage key: 8
[2025.02.17 19:52:00.222 ms]:[INFO]:[PSAG_OGL_RES]: vbo: storage key: 10
[2025.02.17 19:52:00.224 ms]:[INFO]:[PSAG_GL_DATASET]: ver_data(stc) upload gpu_data: 72 bytes
[2025.02.17 19:52:00.224 ms]:[INFO]:[PSAG_GL_DATASET]: ver_data(stc) item: alloc key: 12
[2025.02.17 19:52:00.224 ms]:[INFO]:[PSAG_GL_DATASET]: preset craete: rectangle.
[2025.02.17 19:52:00.226 ms]:[INFO]:[PSAG_GL_DATASET]: ver_data(stc) upload gpu_data: 2868 bytes
[2025.02.17 19:52:00.226 ms]:[INFO]:[PSAG_GL_DATASET]: ver_data(stc) item: alloc key: 14
[2025.02.17 19:52:00.226 ms]:[INFO]:[PSAG_GL_DATASET]: preset craete: circle.
[2025.02.17 19:52:00.226 ms]:[TRACE]:[PSAG_GL_DATASET]: static vertex data manager_create.
[2025.02.17 19:52:00.226 ms]:[TRACE]:[PSAG_OGL_RES]: tmu alloc u: 1
[2025.02.17 19:52:00.226 ms]:[TRACE]:[PSAG_OGL_RES]: tmu alloc u: 2
[2025.02.17 19:52:00.226 ms]:[TRACE]:[PSAG_OGL_RES]: tmu alloc u: 3
[2025.02.17 19:52:00.226 ms]:[TRACE]:[PSAG_OGL_RES]: tmu alloc u: 4
[2025.02.17 19:52:00.226 ms]:[INFO]:[PSAG_OGL_TEXTURE]: texture.2d(array) object create.
[2025.02.17 19:52:00.227 ms]:[INFO]:[PSAG_OGL_TEXTURE]: texture create, succ: size: 4096 x 4096, layers: 5.
[2025.02.17 19:52:00.227 ms]:[INFO]:[PSAG_OGL_TEXTURE]: texture.2d(array) object create.
[2025.02.17 19:52:00.227 ms]:[INFO]:[PSAG_OGL_TEXTURE]: texture create, succ: size: 2048 x 2048, layers: 10.
[2025.02.17 19:52:00.227 ms]:[INFO]:[PSAG_OGL_TEXTURE]: texture.2d(array) object create.
[2025.02.17 19:52:00.227 ms]:[INFO]:[PSAG_OGL_TEXTURE]: texture create, succ: size: 1024 x 1024, layers: 20.
[2025.02.17 19:52:00.227 ms]:[INFO]:[PSAG_OGL_TEXTURE]: texture.2d(array) object create.
[2025.02.17 19:52:00.227 ms]:[INFO]:[PSAG_OGL_TEXTURE]: texture create, succ: size: 512 x 512, layers: 25.
[2025.02.17 19:52:00.227 ms]:[INFO]:[PSAG_OGL_RES]: texture: storage key: 16
[2025.02.17 19:52:00.227 ms]:[INFO]:[PSAG_OGL_RES]: texture: storage key: 18
[2025.02.17 19:52:00.227 ms]:[INFO]:[PSAG_OGL_RES]: texture: storage key: 20
[2025.02.17 19:52:00.227 ms]:[INFO]:[PSAG_OGL_RES]: texture: storage key: 22
[2025.02.17 19:52:00.227 ms]:[TRACE]:[PSAG_GL_DATASET]: vir_create texture[8x] size: 4096 x 4096
[2025.02.17 19:52:00.228 ms]:[TRACE]:[PSAG_GL_DATASET]: vir_create texture[4x] size: 2048 x 2048
[2025.02.17 19:52:00.228 ms]:[TRACE]:[PSAG_GL_DATASET]: vir_create texture[2x] size: 1024 x 1024
[2025.02.17 19:52:00.228 ms]:[TRACE]:[PSAG_GL_DATASET]: vir_create texture[1x] size: 512 x 512
[2025.02.17 19:52:00.228 ms]:[INFO]:[PSAG_OGL_UNIFORM]: uniform_buffer.gen create.
[2025.02.17 19:52:00.228 ms]:[INFO]:[PSAG_OGL_RES]: ubo: storage key: 24
[2025.02.17 19:52:00.228 ms]:[INFO]:[PSAG_GL_MATRIX]: graphics_engine create matrix ubo.
[2025.02.17 19:52:01.658 ms]:[TRACE]:[PSAG_AUDIO]: audio(openal) global create device & context.
[2025.02.17 19:52:01.658 ms]:[INFO]:[PSAG_PHYSICS]: physics_world item: alloc key: DEFAULT_PHY_WORLD
[2025.02.17 19:52:01.659 ms]:[INFO]:[PSAG_OGL_SHADER]: vertex_shader source script num: 1
[2025.02.17 19:52:01.659 ms]:[INFO]:[PSAG_OGL_SHADER]: vertex compilation succeeded.
[2025.02.17 19:52:01.659 ms]:[INFO]:[PSAG_OGL_SHADER]: fragment_shader source script num: 2
[2025.02.17 19:52:01.659 ms]:[INFO]:[PSAG_OGL_SHADER]: fragment compilation succeeded.
[2025.02.17 19:52:01.660 ms]:[INFO]:[PSAG_OGL_SHADER]: shader_program link succeeded.
[2025.02.17 19:52:01.660 ms]:[INFO]:[PSAG_OGL_RES]: shader: storage key: 26
[2025.02.17 19:52:01.660 ms]:[INFO]:[PSAG_OGL_SHADER]: vertex_shader source script num: 1
[2025.02.17 19:52:01.660 ms]:[INFO]:[PSAG_OGL_SHADER]: vertex compilation succeeded.
[2025.02.17 19:52:01.660 ms]:[INFO]:[PSAG_OGL_SHADER]: fragment_shader source script num: 2
[2025.02.17 19:52:01.660 ms]:[INFO]:[PSAG_OGL_SHADER]: fragment compilation succeeded.
[2025.02.17 19:52:01.660 ms]:[INFO]:[PSAG_OGL_SHADER]: shader_program link succeeded.
[2025.02.17 19:52:01.660 ms]:[INFO]:[PSAG_OGL_RES]: shader: storage key: 28
[2025.02.17 19:52:01.661 ms]:[INFO]:[PSAG_OGL_SHADER]: vertex_shader source script num: 1
[2025.02.17 19:52:01.661 ms]:[INFO]:[PSAG_OGL_SHADER]: vertex compilation succeeded.
[2025.02.17 19:52:01.661 ms]:[INFO]:[PSAG_OGL_SHADER]: fragment_shader source script num: 3
[2025.02.17 19:52:01.661 ms]:[INFO]:[PSAG_OGL_SHADER]: fragment compilation succeeded.
[2025.02.17 19:52:01.661 ms]:[INFO]:[PSAG_OGL_SHADER]: shader_program link succeeded.
[2025.02.17 19:52:01.661 ms]:[INFO]:[PSAG_OGL_RES]: shader: storage key: 30
[2025.02.17 19:52:01.662 ms]:[INFO]:[PSAG_OGL_SHADER]: vertex_shader source script num: 1
[2025.02.17 19:52:01.662 ms]:[INFO]:[PSAG_OGL_SHADER]: vertex compilation succeeded.
[2025.02.17 19:52:01.662 ms]:[INFO]:[PSAG_OGL_SHADER]: fragment_shader source script num: 3
[2025.02.17 19:52:01.662 ms]:[INFO]:[PSAG_OGL_SHADER]: fragment compilation succeeded.
[2025.02.17 19:52:01.662 ms]:[INFO]:[PSAG_OGL_SHADER]: shader_program link succeeded.
[2025.02.17 19:52:01.662 ms]:[INFO]:[PSAG_OGL_RES]: shader: storage key: 32
[2025.02.17 19:52:01.662 ms]:[INFO]:[PSAG_OGL_SHADER]: vertex_shader source script num: 1
[2025.02.17 19:52:01.663 ms]:[INFO]:[PSAG_OGL_SHADER]: vertex compilation succeeded.
[2025.02.17 19:52:01.663 ms]:[INFO]:[PSAG_OGL_SHADER]: fragment_shader source script num: 3
[2025.02.17 19:52:01.663 ms]:[INFO]:[PSAG_OGL_SHADER]: fragment compilation succeeded.
[2025.02.17 19:52:01.663 ms]:[INFO]:[PSAG_OGL_SHADER]: shader_program link succeeded.
[2025.02.17 19:52:01.663 ms]:[INFO]:[PSAG_OGL_RES]: shader: storage key: 34
[2025.02.17 19:52:01.663 ms]:[INFO]:[PSAG_GL_DATASET]: ver_data(stc) upload gpu_data: 2940 bytes
[2025.02.17 19:52:01.663 ms]:[INFO]:[PSAG_GL_DATASET]: ver_data(stc) item: alloc key: 36
[2025.02.17 19:52:01.663 ms]:[INFO]:[PSAG_OGL_RENDER]: render_buffer object create.
[2025.02.17 19:52:01.663 ms]:[INFO]:[PSAG_OGL_RENDER]: render_buffer config depth.
[2025.02.17 19:52:01.663 ms]:[INFO]:[PSAG_OGL_RENDER]: alloc render_buffer 1680 x 945, size: 6.056 mib.
[2025.02.17 19:52:01.663 ms]:[INFO]:[PSAG_OGL_RES]: rbo: storage key: 38
[2025.02.17 19:52:01.663 ms]:[TRACE]:[PSAG_OGL_RES]: tmu alloc u: 5
[2025.02.17 19:52:01.664 ms]:[INFO]:[PSAG_OGL_TEXTURE]: texture.2d(array) object create.
[2025.02.17 19:52:01.664 ms]:[INFO]:[PSAG_OGL_TEXTURE]: texture create, succ: size: 1680 x 945, layers: 5.
[2025.02.17 19:52:01.664 ms]:[INFO]:[PSAG_OGL_RES]: texture: storage key: 40
[2025.02.17 19:52:01.664 ms]:[INFO]:[PSAG_OGL_FRAME]: frame_buffer object create.
[2025.02.17 19:52:01.668 ms]:[INFO]:[PSAG_OGL_RES]: fbo: storage key: 42
[2025.02.17 19:52:01.668 ms]:[INFO]:[PSAG_OGL_FRAME]: frame_buffer object create.
[2025.02.17 19:52:01.669 ms]:[INFO]:[PSAG_OGL_RES]: fbo: storage key: 44
[2025.02.17 19:52:01.669 ms]:[INFO]:[PSAG_OGL_FRAME]: frame_buffer object create.
[2025.02.17 19:52:01.669 ms]:[INFO]:[PSAG_OGL_RES]: fbo: storage key: 46
[2025.02.17 19:52:01.669 ms]:[INFO]:[PSAG_OGL_FRAME]: frame_buffer object create.
[2025.02.17 19:52:01.669 ms]:[INFO]:[PSAG_OGL_RES]: fbo: storage key: 48
[2025.02.17 19:52:01.669 ms]:[INFO]:[PSAG_OGL_FRAME]: frame_buffer object create.
[2025.02.17 19:52:01.669 ms]:[INFO]:[PSAG_OGL_RES]: fbo: storage key: 50
[2025.02.17 19:52:01.669 ms]:[INFO]:[PSAG_GL_POST]: graphics_engine create final_shader(system).
[2025.02.17 19:52:01.669 ms]:[INFO]:[PSAG_IMGUI]: imgui_read: fonts file: PSAGameSystemFiles/JetBrainsMonoBold.ttf
[2025.02.17 19:52:01.681 ms]:[INFO]:[PSAG_IMGUI]: imgui_init: imgui_opengl3 context.
[2025.02.17 19:52:01.682 ms]:[TRACE]:[PSAG_M_CORE]: registration ref_object name: ZPGameScene
[2025.02.17 19:52:01.682 ms]:[TRACE]:[PSAG_M_CORE]: registration ref_object name: ZPGamePActor
[2025.02.17 19:52:01.682 ms]:[TRACE]:[PSAG_M_CORE]: registration ref_object name: ZPGameBullet
[2025.02.17 19:52:01.682 ms]:[TRACE]:[PSAG_M_CORE]: registration ref_object name: ZPGameGui
[2025.02.17 19:52:01.682 ms]:[INFO]:[PSAG_PHYSICS]: physics_world item: alloc key: ZPGamePhysics
[2025.02.17 19:52:01.689 ms]:[INFO]:[PSAG_FILESYS_LOAD]: load(src) read_file: PSAGameFrameworkDev/GameZeroProject/GameMaterial/zpgame_wall_h.png read_size: 22012
[2025.02.17 19:52:01.696 ms]:[INFO]:[PSAG_FILESYS_LOAD]: load(src) read_file: PSAGameFrameworkDev/GameZeroProject/GameMaterial/zpgame_wall_v.png read_size: 44017
[2025.02.17 19:52:01.696 ms]:[INFO]:[PSAG_ACTOR_CORE]: game_actor shader create: 1680 x 945
[2025.02.17 19:52:01.697 ms]:[INFO]:[PSAG_ACTOR_CORE]: game_actor shader create: 1680 x 945
[2025.02.17 19:52:01.719 ms]:[INFO]:[PSAG_OGL_IMG]: success decode image: size: 4096 x 208, color_channel: 4
[2025.02.17 19:52:01.721 ms]:[INFO]:[PSAG_GL_DATASET]: layers_manager alloc_count: 0
[2025.02.17 19:52:01.808 ms]:[INFO]:[PSAG_GL_DATASET]: vir_texture: src: 4096 x 208, fmt_fill: 4096 x 4096
[2025.02.17 19:52:01.871 ms]:[INFO]:[PSAG_GL_DATASET]: vir_texture item: alloc key: 52, cropping: 1.00 x 0.05, res: 1x/1
[2025.02.17 19:52:01.881 ms]:[INFO]:[PSAG_ACTOR_CORE]: game_actor shader create: 1680 x 945
[2025.02.17 19:52:01.905 ms]:[INFO]:[PSAG_OGL_IMG]: success decode image: size: 208 x 4096, color_channel: 4
[2025.02.17 19:52:01.906 ms]:[INFO]:[PSAG_GL_DATASET]: layers_manager alloc_count: 1
[2025.02.17 19:52:01.995 ms]:[INFO]:[PSAG_GL_DATASET]: vir_texture: src: 208 x 4096, fmt_fill: 4096 x 4096
[2025.02.17 19:52:02.056 ms]:[INFO]:[PSAG_GL_DATASET]: vir_texture item: alloc key: 54, cropping: 0.05 x 1.00, res: 1x/1
[2025.02.17 19:52:02.067 ms]:[INFO]:[PSAG_OGL_SHADER]: vertex_shader source script num: 1
[2025.02.17 19:52:02.067 ms]:[INFO]:[PSAG_OGL_SHADER]: vertex compilation succeeded.
[2025.02.17 19:52:02.067 ms]:[INFO]:[PSAG_OGL_SHADER]: fragment_shader source script num: 3
[2025.02.17 19:52:02.068 ms]:[INFO]:[PSAG_OGL_SHADER]: fragment compilation succeeded.
[2025.02.17 19:52:02.068 ms]:[INFO]:[PSAG_OGL_SHADER]: shader_program link succeeded.
[2025.02.17 19:52:02.068 ms]:[INFO]:[PSAG_OGL_RES]: shader: storage key: 56
[2025.02.17 19:52:02.068 ms]:[INFO]:[PSAG_ACTOR_CORE]: game_actor shader resource create.
[2025.02.17 19:52:02.068 ms]:[INFO]:[PSAG_OGL_SHADER]: vertex_shader source script num: 1
[2025.02.17 19:52:02.068 ms]:[INFO]:[PSAG_OGL_SHADER]: vertex compilation succeeded.
[2025.02.17 19:52:02.069 ms]:[INFO]:[PSAG_OGL_SHADER]: fragment_shader source script num: 3
[2025.02.17 19:52:02.069 ms]:[INFO]:[PSAG_OGL_SHADER]: fragment compilation succeeded.
[2025.02.17 19:52:02.069 ms]:[INFO]:[PSAG_OGL_SHADER]: shader_program link succeeded.
[2025.02.17 19:52:02.069 ms]:[INFO]:[PSAG_OGL_RES]: shader: storage key: 60
[2025.02.17 19:52:02.069 ms]:[INFO]:[PSAG_ACTOR_CORE]: game_actor shader resource create.
[2025.02.17 19:52:02.069 ms]:[INFO]:[PSAG_OGL_SHADER]: vertex_shader source script num: 1
[2025.02.17 19:52:02.069 ms]:[INFO]:[PSAG_OGL_SHADER]: vertex compilation succeeded.
[2025.02.17 19:52:02.069 ms]:[INFO]:[PSAG_OGL_SHADER]: fragment_shader source script num: 3
[2025.02.17 19:52:02.069 ms]:[INFO]:[PSAG_OGL_SHADER]: fragment compilation succeeded.
[2025.02.17 19:52:02.070 ms]:[INFO]:[PSAG_OGL_SHADER]: shader_program link succeeded.
[2025.02.17 19:52:02.070 ms]:[INFO]:[PSAG_OGL_RES]: shader: storage key: 64
[2025.02.17 19:52:02.070 ms]:[INFO]:[PSAG_ACTOR_CORE]: game_actor shader resource create.
[2025.02.17 19:52:02.070 ms]:[INFO]:[PSAG_ENVMT_CORE]: game_envmt load texture, hdr: 0
[2025.02.17 19:52:02.070 ms]:[INFO]:[PSAG_PHYSICS]: phy_world => body_data, name: ZPGamePhysics
[2025.02.17 19:52:02.070 ms]:[INFO]:[PSAG_PHYSICS]: body_data(static) item: alloc key: 2389268069792
[2025.02.17 19:52:02.070 ms]:[INFO]:[PSAG_ENVMT_CORE]: game_envmt item create: 68
[2025.02.17 19:52:02.070 ms]:[INFO]:[PSAG_ENVMT_CORE]: game_envmt load texture, hdr: 0
[2025.02.17 19:52:02.070 ms]:[INFO]:[PSAG_PHYSICS]: phy_world => body_data, name: ZPGamePhysics
[2025.02.17 19:52:02.070 ms]:[INFO]:[PSAG_PHYSICS]: body_data(static) item: alloc key: 2389268066656
[2025.02.17 19:52:02.070 ms]:[INFO]:[PSAG_ENVMT_CORE]: game_envmt item create: 70
[2025.02.17 19:52:02.070 ms]:[INFO]:[PSAG_ENVMT_CORE]: game_envmt load texture, hdr: 0
[2025.02.17 19:52:02.070 ms]:[INFO]:[PSAG_PHYSICS]: phy_world => body_data, name: ZPGamePhysics
[2025.02.17 19:52:02.070 ms]:[INFO]:[PSAG_PHYSICS]: body_data(static) item: alloc key: 2389268064864
[2025.02.17 19:52:02.070 ms]:[INFO]:[PSAG_ENVMT_CORE]: game_envmt item create: 72
[2025.02.17 19:52:02.070 ms]:[INFO]:[PSAG_ENVMT_CORE]: game_envmt load texture, hdr: 0
[2025.02.17 19:52:02.070 ms]:[INFO]:[PSAG_PHYSICS]: phy_world => body_data, name: ZPGamePhysics
[2025.02.17 19:52:02.071 ms]:[INFO]:[PSAG_PHYSICS]: body_data(static) item: alloc key: 2389268065760
[2025.02.17 19:52:02.071 ms]:[INFO]:[PSAG_ENVMT_CORE]: game_envmt item create: 74
[2025.02.17 19:52:02.071 ms]:[INFO]:[PSAG_PHYSICS]: phy_world => body_data, name: ZPGamePhysics
[2025.02.17 19:52:02.071 ms]:[INFO]:[PSAG_PHYSICS]: body_data(static) item: alloc key: 2389268070016
[2025.02.17 19:52:02.071 ms]:[INFO]:[PSAG_ENVMT_CORE]: game_envmt item create: 76
[2025.02.17 19:52:02.071 ms]:[INFO]:[PSAG_ACTOR_CORE]: actor_type: register key: ActorPAWN
[2025.02.17 19:52:02.071 ms]:[INFO]:[PSAG_ACTOR_CORE]: actor_type: register key: ActorNPC
[2025.02.17 19:52:02.088 ms]:[INFO]:[PSAG_FILESYS_LOAD]: load(src) read_file: PSAGameFrameworkDev/GameZeroProject/GameMaterial/zpgame_ppactor_nor.png read_size: 405375
[2025.02.17 19:52:02.088 ms]:[INFO]:[PSAG_ACTOR_CORE]: game_actor shader create: 1680 x 945
[2025.02.17 19:52:02.135 ms]:[INFO]:[PSAG_OGL_IMG]: success decode image: size: 1024 x 1024, color_channel: 4
[2025.02.17 19:52:02.136 ms]:[INFO]:[PSAG_GL_DATASET]: layers_manager alloc_count: 0
[2025.02.17 19:52:02.136 ms]:[INFO]:[PSAG_GL_DATASET]: vir_texture: src: 1024 x 1024, fmt_fill: 1024 x 1024
[2025.02.17 19:52:02.140 ms]:[INFO]:[PSAG_GL_DATASET]: vir_texture item: alloc key: 78, cropping: 1.00 x 1.00, res: 4x/1
[2025.02.17 19:52:02.157 ms]:[INFO]:[PSAG_FILESYS_LOAD]: load(src) read_file: PSAGameFrameworkDev/GameZeroProject/GameMaterial/zpgame_npc_a.png read_size: 177392
[2025.02.17 19:52:02.157 ms]:[INFO]:[PSAG_ACTOR_CORE]: game_actor shader create: 1680 x 945
[2025.02.17 19:52:02.207 ms]:[INFO]:[PSAG_OGL_IMG]: success decode image: size: 1024 x 1024, color_channel: 4
[2025.02.17 19:52:02.209 ms]:[INFO]:[PSAG_GL_DATASET]: layers_manager alloc_count: 1
[2025.02.17 19:52:02.209 ms]:[INFO]:[PSAG_GL_DATASET]: vir_texture: src: 1024 x 1024, fmt_fill: 1024 x 1024
[2025.02.17 19:52:02.213 ms]:[INFO]:[PSAG_GL_DATASET]: vir_texture item: alloc key: 80, cropping: 1.00 x 1.00, res: 4x/1
[2025.02.17 19:52:02.214 ms]:[INFO]:[PSAG_OGL_SHADER]: vertex_shader source script num: 1
[2025.02.17 19:52:02.214 ms]:[INFO]:[PSAG_OGL_SHADER]: vertex compilation succeeded.
[2025.02.17 19:52:02.215 ms]:[INFO]:[PSAG_OGL_SHADER]: fragment_shader source script num: 3
[2025.02.17 19:52:02.215 ms]:[INFO]:[PSAG_OGL_SHADER]: fragment compilation succeeded.
[2025.02.17 19:52:02.215 ms]:[INFO]:[PSAG_OGL_SHADER]: shader_program link succeeded.
[2025.02.17 19:52:02.215 ms]:[INFO]:[PSAG_OGL_RES]: shader: storage key: 82
[2025.02.17 19:52:02.215 ms]:[INFO]:[PSAG_ACTOR_CORE]: game_actor shader resource create.
[2025.02.17 19:52:02.216 ms]:[INFO]:[PSAG_OGL_SHADER]: vertex_shader source script num: 1
[2025.02.17 19:52:02.216 ms]:[INFO]:[PSAG_OGL_SHADER]: vertex compilation succeeded.
[2025.02.17 19:52:02.216 ms]:[INFO]:[PSAG_OGL_SHADER]: fragment_shader source script num: 3
[2025.02.17 19:52:02.216 ms]:[INFO]:[PSAG_OGL_SHADER]: fragment compilation succeeded.
[2025.02.17 19:52:02.217 ms]:[INFO]:[PSAG_OGL_SHADER]: shader_program link succeeded.
[2025.02.17 19:52:02.217 ms]:[INFO]:[PSAG_OGL_RES]: shader: storage key: 86
[2025.02.17 19:52:02.217 ms]:[INFO]:[PSAG_ACTOR_CORE]: game_actor shader resource create.
[2025.02.17 19:52:02.217 ms]:[INFO]:[PSAG_ACTOR_CORE]: game_actor load texture, hdr: 0
[2025.02.17 19:52:02.217 ms]:[INFO]:[PSAG_PHYSICS]: phy_world => body_data, name: ZPGamePhysics
[2025.02.17 19:52:02.217 ms]:[INFO]:[PSAG_PHYSICS]: body_data(dynamic) item: alloc key: 2389266195728
[2025.02.17 19:52:02.217 ms]:[INFO]:[PSAG_ACTOR_CORE]: game_actor entity create: 90
[2025.02.17 19:52:02.217 ms]:[INFO]:[PSAG_TOOL_NOTFIY]: station register n: PPActor, ptr 4b555f80
[2025.02.17 19:52:02.217 ms]:[INFO]:[PSAG_ACTOR_CORE]: game_actor load texture, hdr: 0
[2025.02.17 19:52:02.217 ms]:[INFO]:[PSAG_PHYSICS]: phy_world => body_data, name: ZPGamePhysics
[2025.02.17 19:52:02.217 ms]:[INFO]:[PSAG_PHYSICS]: body_data(dynamic) item: alloc key: 2389266191360
[2025.02.17 19:52:02.218 ms]:[INFO]:[PSAG_ACTOR_CORE]: game_actor entity create: 92
[2025.02.17 19:52:02.218 ms]:[INFO]:[PSAG_ACTOR_CORE]: game_actor load texture, hdr: 0
[2025.02.17 19:52:02.218 ms]:[INFO]:[PSAG_PHYSICS]: phy_world => body_data, name: ZPGamePhysics
[2025.02.17 19:52:02.218 ms]:[INFO]:[PSAG_PHYSICS]: body_data(dynamic) item: alloc key: 2389266196736
[2025.02.17 19:52:02.218 ms]:[INFO]:[PSAG_ACTOR_CORE]: game_actor entity create: 94
[2025.02.17 19:52:02.218 ms]:[INFO]:[PSAG_ACTOR_CORE]: game_actor load texture, hdr: 0
[2025.02.17 19:52:02.218 ms]:[INFO]:[PSAG_PHYSICS]: phy_world => body_data, name: ZPGamePhysics
[2025.02.17 19:52:02.218 ms]:[INFO]:[PSAG_PHYSICS]: body_data(dynamic) item: alloc key: 2389266195392
[2025.02.17 19:52:02.218 ms]:[INFO]:[PSAG_ACTOR_CORE]: game_actor entity create: 96
[2025.02.17 19:52:02.218 ms]:[INFO]:[PSAG_ACTOR_CORE]: game_actor load texture, hdr: 0
[2025.02.17 19:52:02.218 ms]:[INFO]:[PSAG_PHYSICS]: phy_world => body_data, name: ZPGamePhysics
[2025.02.17 19:52:02.218 ms]:[INFO]:[PSAG_PHYSICS]: body_data(dynamic) item: alloc key: 2389266197072
[2025.02.17 19:52:02.218 ms]:[INFO]:[PSAG_ACTOR_CORE]: game_actor entity create: 98
[2025.02.17 19:52:02.218 ms]:[INFO]:[PSAG_ACTOR_CORE]: game_actor load texture, hdr: 0
[2025.02.17 19:52:02.218 ms]:[INFO]:[PSAG_PHYSICS]: phy_world => body_data, name: ZPGamePhysics
[2025.02.17 19:52:02.219 ms]:[INFO]:[PSAG_PHYSICS]: body_data(dynamic) item: alloc key: 2389266191696
[2025.02.17 19:52:02.219 ms]:[INFO]:[PSAG_ACTOR_CORE]: game_actor entity create: 100
[2025.02.17 19:52:02.219 ms]:[INFO]:[PSAG_ACTOR_CORE]: game_actor load texture, hdr: 0
[2025.02.17 19:52:02.219 ms]:[INFO]:[PSAG_PHYSICS]: phy_world => body_data, name: ZPGamePhysics
[2025.02.17 19:52:02.219 ms]:[INFO]:[PSAG_PHYSICS]: body_data(dynamic) item: alloc key: 2389266192032
[2025.02.17 19:52:02.219 ms]:[INFO]:[PSAG_ACTOR_CORE]: game_actor entity create: 102
[2025.02.17 19:52:02.219 ms]:[INFO]:[PSAG_ACTOR_CORE]: game_actor load texture, hdr: 0
[2025.02.17 19:52:02.219 ms]:[INFO]:[PSAG_PHYSICS]: phy_world => body_data, name: ZPGamePhysics
[2025.02.17 19:52:02.219 ms]:[INFO]:[PSAG_PHYSICS]: body_data(dynamic) item: alloc key: 2389266194720
[2025.02.17 19:52:02.219 ms]:[INFO]:[PSAG_ACTOR_CORE]: game_actor entity create: 104
[2025.02.17 19:52:02.219 ms]:[INFO]:[PSAG_ACTOR_CORE]: game_actor load texture, hdr: 0
[2025.02.17 19:52:02.219 ms]:[INFO]:[PSAG_PHYSICS]: phy_world => body_data, name: ZPGamePhysics
[2025.02.17 19:52:02.219 ms]:[INFO]:[PSAG_PHYSICS]: body_data(dynamic) item: alloc key: 2389266192368
[2025.02.17 19:52:02.219 ms]:[INFO]:[PSAG_ACTOR_CORE]: game_actor entity create: 106
[2025.02.17 19:52:02.219 ms]:[INFO]:[PSAG_ACTOR_CORE]: game_actor load texture, hdr: 0
[2025.02.17 19:52:02.219 ms]:[INFO]:[PSAG_PHYSICS]: phy_world => body_data, name: ZPGamePhysics
[2025.02.17 19:52:02.220 ms]:[INFO]:[PSAG_PHYSICS]: body_data(dynamic) item: alloc key: 2389266197408
[2025.02.17 19:52:02.220 ms]:[INFO]:[PSAG_ACTOR_CORE]: game_actor entity create: 108
[2025.02.17 19:52:02.220 ms]:[INFO]:[PSAG_ACTOR_CORE]: game_actor load texture, hdr: 0
[2025.02.17 19:52:02.220 ms]:[INFO]:[PSAG_PHYSICS]: phy_world => body_data, name: ZPGamePhysics
[2025.02.17 19:52:02.220 ms]:[INFO]:[PSAG_PHYSICS]: body_data(dynamic) item: alloc key: 2389266198080
[2025.02.17 19:52:02.220 ms]:[INFO]:[PSAG_ACTOR_CORE]: game_actor entity create: 110
[2025.02.17 19:52:02.220 ms]:[INFO]:[PSAG_ACTOR_CORE]: actor_type: register key: ActorBULLET
[2025.02.17 19:52:02.229 ms]:[INFO]:[PSAG_FILESYS_LOAD]: load(src) read_file: PSAGameFrameworkDev/GameZeroProject/GameMaterial/zpgame_bullet.png read_size: 54094
[2025.02.17 19:52:02.229 ms]:[INFO]:[PSAG_ACTOR_CORE]: game_actor shader create: 1680 x 945
[2025.02.17 19:52:02.286 ms]:[INFO]:[PSAG_OGL_IMG]: success decode image: size: 1024 x 2048, color_channel: 4
[2025.02.17 19:52:02.289 ms]:[INFO]:[PSAG_GL_DATASET]: layers_manager alloc_count: 0
[2025.02.17 19:52:02.455 ms]:[INFO]:[PSAG_GL_DATASET]: vir_texture: src: 1024 x 2048, fmt_fill: 2048 x 2048
[2025.02.17 19:52:02.471 ms]:[INFO]:[PSAG_GL_DATASET]: vir_texture item: alloc key: 112, cropping: 0.50 x 1.00, res: 2x/1
[2025.02.17 19:52:02.532 ms]:[INFO]:[PSAG_OGL_IMG]: success decode image: size: 1024 x 2048, color_channel: 4
[2025.02.17 19:52:02.535 ms]:[INFO]:[PSAG_GL_DATASET]: layers_manager alloc_count: 1
[2025.02.17 19:52:02.698 ms]:[INFO]:[PSAG_GL_DATASET]: vir_texture: src: 1024 x 2048, fmt_fill: 2048 x 2048
[2025.02.17 19:52:02.713 ms]:[INFO]:[PSAG_GL_DATASET]: vir_texture item: alloc key: 114, cropping: 0.50 x 1.00, res: 2x/1
[2025.02.17 19:52:02.717 ms]:[INFO]:[PSAG_ACTOR_CORE]: game_actor enable texture hdr_uniform.
[2025.02.17 19:52:02.717 ms]:[INFO]:[PSAG_OGL_SHADER]: vertex_shader source script num: 1
[2025.02.17 19:52:02.717 ms]:[INFO]:[PSAG_OGL_SHADER]: vertex compilation succeeded.
[2025.02.17 19:52:02.717 ms]:[INFO]:[PSAG_OGL_SHADER]: fragment_shader source script num: 4
[2025.02.17 19:52:02.717 ms]:[INFO]:[PSAG_OGL_SHADER]: fragment compilation succeeded.
[2025.02.17 19:52:02.718 ms]:[INFO]:[PSAG_OGL_SHADER]: shader_program link succeeded.
[2025.02.17 19:52:02.718 ms]:[INFO]:[PSAG_OGL_RES]: shader: storage key: 116
[2025.02.17 19:52:02.718 ms]:[INFO]:[PSAG_ACTOR_CORE]: game_actor shader resource create.
[2025.02.17 19:52:02.726 ms]:[INFO]:[PSAG_FILESYS_LOAD]: load(src) read_file: PSAGameFrameworkDev/GameZeroProject/GameMaterial/zpgame_particle_a.png read_size: 21686
[2025.02.17 19:52:02.743 ms]:[INFO]:[PSAG_OGL_IMG]: success decode image: size: 512 x 512, color_channel: 4
[2025.02.17 19:52:02.744 ms]:[INFO]:[PSAG_OGL_SHADER]: vertex_shader source script num: 1
[2025.02.17 19:52:02.744 ms]:[INFO]:[PSAG_OGL_SHADER]: vertex compilation succeeded.
[2025.02.17 19:52:02.744 ms]:[INFO]:[PSAG_OGL_SHADER]: fragment_shader source script num: 3
[2025.02.17 19:52:02.744 ms]:[INFO]:[PSAG_OGL_SHADER]: fragment compilation succeeded.
[2025.02.17 19:52:02.744 ms]:[INFO]:[PSAG_OGL_SHADER]: shader_program link succeeded.
[2025.02.17 19:52:02.744 ms]:[INFO]:[PSAG_OGL_RES]: shader: storage key: 120
[2025.02.17 19:52:02.744 ms]:[INFO]:[PSAG_GL_DATASET]: ver_data(dy) item: alloc key: 122
[2025.02.17 19:52:02.745 ms]:[INFO]:[PSAG_GL_DATASET]: layers_manager alloc_count: 0
[2025.02.17 19:52:02.745 ms]:[INFO]:[PSAG_GL_DATASET]: vir_texture: src: 512 x 512, fmt_fill: 512 x 512
[2025.02.17 19:52:02.746 ms]:[INFO]:[PSAG_GL_DATASET]: vir_texture item: alloc key: 124, cropping: 1.00 x 1.00, res: 8x/1
[2025.02.17 19:52:02.746 ms]:[INFO]:[PSAG_GL_PARTICLE]: particle system init.
[2025.02.17 19:52:02.746 ms]:[INFO]:[PSAG_GL_PARTICLE]: particle system render_resolution: 1680 x 945
[2025.02.17 19:52:02.746 ms]:[INFO]:[PSAG_MANAGER_FX]: manager fx_particle init.
[2025.02.17 19:52:02.747 ms]:[INFO]:[PSAG_TOOL_NOTFIY]: station register n: PPActorBullet, ptr 4b555f80
[2025.02.17 19:52:02.759 ms]:[INFO]:[PSAG_FILESYS_LOAD]: load(src) read_file: PSAGameFrameworkDev/GameZeroProject/GameMaterial/zpgame_gui/zpgame_gui_b0.png read_size: 10743
[2025.02.17 19:52:02.770 ms]:[INFO]:[PSAG_OGL_IMG]: success decode image: size: 1024 x 278, color_channel: 4
[2025.02.17 19:52:02.771 ms]:[INFO]:[PSAG_OGL_TEXTURE]: texture.2d(view) object create.
[2025.02.17 19:52:02.775 ms]:[INFO]:[PSAG_OGL_TEXTURE]: texture_view create, succ: size: 1024 x 278
[2025.02.17 19:52:02.775 ms]:[INFO]:[PSAG_GL_PVFX]: psag_fx image_view system, create: 1024 x 278
[2025.02.17 19:52:02.784 ms]:[INFO]:[PSAG_FILESYS_LOAD]: load(src) read_file: PSAGameFrameworkDev/GameZeroProject/GameMaterial/zpgame_gui/zpgame_gui_b1.png read_size: 22199
[2025.02.17 19:52:02.798 ms]:[INFO]:[PSAG_OGL_IMG]: success decode image: size: 1024 x 278, color_channel: 4
[2025.02.17 19:52:02.804 ms]:[INFO]:[PSAG_OGL_TEXTURE]: texture.2d(view) object create.
[2025.02.17 19:52:02.809 ms]:[INFO]:[PSAG_OGL_TEXTURE]: texture_view create, succ: size: 1024 x 278
[2025.02.17 19:52:02.809 ms]:[INFO]:[PSAG_GL_PVFX]: psag_fx image_view system, create: 1024 x 278
[2025.02.17 19:52:02.817 ms]:[INFO]:[PSAG_FILESYS_LOAD]: load(src) read_file: PSAGameFrameworkDev/GameZeroProject/GameMaterial/zpgame_gui/zpgame_gui_b2.png read_size: 22716
[2025.02.17 19:52:02.830 ms]:[INFO]:[PSAG_OGL_IMG]: success decode image: size: 1024 x 278, color_channel: 4
[2025.02.17 19:52:02.833 ms]:[INFO]:[PSAG_OGL_TEXTURE]: texture.2d(view) object create.
[2025.02.17 19:52:02.834 ms]:[INFO]:[PSAG_OGL_TEXTURE]: texture_view create, succ: size: 1024 x 278
[2025.02.17 19:52:02.834 ms]:[INFO]:[PSAG_GL_PVFX]: psag_fx image_view system, create: 1024 x 278
[2025.02.17 19:52:02.842 ms]:[INFO]:[PSAG_FILESYS_LOAD]: load(src) read_file: PSAGameFrameworkDev/GameZeroProject/GameMaterial/zpgame_gui/zpgame_gui_b3.png read_size: 23026
[2025.02.17 19:52:02.856 ms]:[INFO]:[PSAG_OGL_IMG]: success decode image: size: 1024 x 278, color_channel: 4
[2025.02.17 19:52:02.859 ms]:[INFO]:[PSAG_OGL_TEXTURE]: texture.2d(view) object create.
[2025.02.17 19:52:02.860 ms]:[INFO]:[PSAG_OGL_TEXTURE]: texture_view create, succ: size: 1024 x 278
[2025.02.17 19:52:02.860 ms]:[INFO]:[PSAG_GL_PVFX]: psag_fx image_view system, create: 1024 x 278
[2025.02.17 19:52:02.868 ms]:[INFO]:[PSAG_FILESYS_LOAD]: load(src) read_file: PSAGameFrameworkDev/GameZeroProject/GameMaterial/zpgame_gui/zpgame_gui_b4.png read_size: 23655
[2025.02.17 19:52:02.881 ms]:[INFO]:[PSAG_OGL_IMG]: success decode image: size: 1024 x 278, color_channel: 4
[2025.02.17 19:52:02.884 ms]:[INFO]:[PSAG_OGL_TEXTURE]: texture.2d(view) object create.
[2025.02.17 19:52:02.890 ms]:[INFO]:[PSAG_OGL_TEXTURE]: texture_view create, succ: size: 1024 x 278
[2025.02.17 19:52:02.890 ms]:[INFO]:[PSAG_GL_PVFX]: psag_fx image_view system, create: 1024 x 278
[2025.02.17 19:52:02.897 ms]:[INFO]:[PSAG_FILESYS_LOAD]: load(src) read_file: PSAGameFrameworkDev/GameZeroProject/GameMaterial/zpgame_gui/zpgame_gui_b5.png read_size: 23922
[2025.02.17 19:52:02.911 ms]:[INFO]:[PSAG_OGL_IMG]: success decode image: size: 1024 x 278, color_channel: 4
[2025.02.17 19:52:02.913 ms]:[INFO]:[PSAG_OGL_TEXTURE]: texture.2d(view) object create.
[2025.02.17 19:52:02.914 ms]:[INFO]:[PSAG_OGL_TEXTURE]: texture_view create, succ: size: 1024 x 278
[2025.02.17 19:52:02.914 ms]:[INFO]:[PSAG_GL_PVFX]: psag_fx image_view system, create: 1024 x 278
[2025.02.17 19:52:02.914 ms]:[INFO]:[PSAG_M_START_ANIM]: create start_anim player.
[2025.02.17 19:52:02.914 ms]:[TRACE]:[PSAG_M_CORE]: pomelo_star game2d version: 12.20250127
[2025.02.17 19:52:02.957 ms]:[INFO]:[PSAG_M_START_ANIM]: start_anim playback complete, time(s): 0.000
[2025.02.17 19:52:02.957 ms]:[INFO]:[PSAG_M_START_ANIM]: free textures resource.
