[2025.02.24 15:22:31.881 ms]:[INFO]:[PSAG_LOGGER]: start thread success.
[2025.02.24 15:22:31.882 ms]:[INFO]:[PSAG_M_START]: core_start objects(frm) total: only
[2025.02.24 15:22:31.882 ms]:[INFO]:[PSAG_LOGGER]: create log_file: PSAGameSystemLogs/4566708411700.log
[2025.02.24 15:22:31.882 ms]:[INFO]:[PSAG_M_START]: core_start objects(net) total: 0
[2025.02.24 15:22:31.882 ms]:[INFO]:[PSAG_M_START]: core_start objects(ext) total: 0
[2025.02.24 15:22:31.882 ms]:[TRACE]:[PSAG_M_MAINEVENT]: async_event add item_id: 294455931088
[2025.02.24 15:22:31.882 ms]:[INFO]:[PSAG_M_MAINEVENT]: async_events executing...
[2025.02.24 15:22:31.882 ms]:[INFO]:[PSAG_FILESYS_LOAD]: load(src) read_file: PSAGameFrameworkCore/framework_config.json read_size: 463
[2025.02.24 15:22:31.882 ms]:[INFO]:[PSAG_FILESYS_LOAD]: load(src) read_file: PSAGameFrameworkCore/framework_config_shaders.json read_size: 1329
[2025.02.24 15:22:31.883 ms]:[INFO]:[PSAG_FILESYS_LOAD]: load(src) read_file: PSAGameFrameworkCore/CoreShaderScript/public/psag_graph_template_actor.vert read_size: 984
[2025.02.24 15:22:31.883 ms]:[INFO]:[PSAG_FILESYS_LOAD]: load(src) read_file: PSAGameFrameworkCore/CoreShaderScript/public/psag_graph_template.vert read_size: 737
[2025.02.24 15:22:31.883 ms]:[INFO]:[PSAG_FILESYS_LOAD]: load(src) read_file: PSAGameFrameworkCore/CoreShaderScript/public/psag_graph_tools.frag read_size: 933
[2025.02.24 15:22:31.883 ms]:[INFO]:[PSAG_FILESYS_LOAD]: load(src) read_file: PSAGameFrameworkCore/CoreShaderScript/public/psag_graph_header.frag read_size: 202
[2025.02.24 15:22:31.883 ms]:[INFO]:[PSAG_FILESYS_LOAD]: load(src) read_file: PSAGameFrameworkCore/CoreShaderScript/private/psag_graph_final_vollight.frag read_size: 1670
[2025.02.24 15:22:31.883 ms]:[INFO]:[PSAG_FILESYS_LOAD]: load(src) read_file: PSAGameFrameworkCore/CoreShaderScript/private/psag_graph_final_multfilter.frag read_size: 356
[2025.02.24 15:22:31.883 ms]:[INFO]:[PSAG_FILESYS_LOAD]: load(src) read_file: PSAGameFrameworkCore/CoreShaderScript/private/psag_graph_final_blurh.frag read_size: 783
[2025.02.24 15:22:31.883 ms]:[INFO]:[PSAG_FILESYS_LOAD]: load(src) read_file: PSAGameFrameworkCore/CoreShaderScript/private/psag_graph_final_blurv.frag read_size: 778
[2025.02.24 15:22:31.883 ms]:[INFO]:[PSAG_FILESYS_LOAD]: load(src) read_file: PSAGameFrameworkCore/CoreShaderScript/private/psag_graph_final.frag read_size: 1243
[2025.02.24 15:22:31.883 ms]:[INFO]:[PSAG_FILESYS_LOAD]: load(src) read_file: PSAGameFrameworkCore/CoreShaderScript/private/psag_graph_background.frag read_size: 1107
[2025.02.24 15:22:31.883 ms]:[INFO]:[PSAG_FILESYS_LOAD]: load(src) read_file: PSAGameFrameworkCore/CoreShaderScript/private/psag_graph_particle.frag read_size: 1255
[2025.02.24 15:22:31.883 ms]:[INFO]:[PSAG_FILESYS_LOAD]: load(src) read_file: PSAGameFrameworkCore/CoreShaderScript/private/psag_graph_fx_sequence.frag read_size: 543
[2025.02.24 15:22:31.883 ms]:[INFO]:[PSAG_GL_GLSL]: graphics_engine config system_glsl.
[2025.02.24 15:22:31.883 ms]:[TRACE]:[PSAG_M_CORE]: core framework init,config...
[2025.02.24 15:22:31.917 ms]:[INFO]:[PSAG_WINDOW]: init opengl_glfw.
[2025.02.24 15:22:32.123 ms]:[WARNING]:[PSAG_WINDOW]: <F:\PSAFrameworkProject\PSAGameFramework\PSAGameFramework\PSAGameFrameworkCore\LLWindowGui\framework_window_system.cpp:__LINE__> failed fw_window load: icon_image.
[2025.02.24 15:22:32.124 ms]:[INFO]:[PSAG_OGL_INIT]: framework_graphics logger function_ptr: 86369418
[2025.02.24 15:22:32.124 ms]:[INFO]:[PSAG_OGL_INIT]: framework_graphics shader gl_version: 
[2025.02.24 15:22:32.129 ms]:[TRACE]:[PSAG_OGL_INIT]: framework_graphics config init...
[2025.02.24 15:22:32.129 ms]:[INFO]:[PSAG_OGL_INFORMATION]: device gpu supplier: NVIDIA Corporation
[2025.02.24 15:22:32.129 ms]:[INFO]:[PSAG_OGL_INFORMATION]: device gpu model: NVIDIA GeForce RTX 4060 Laptop GPU/PCIe/SSE2
[2025.02.24 15:22:32.129 ms]:[INFO]:[PSAG_OGL_INFORMATION]: device version opengl: 4.6.0 NVIDIA 561.19
[2025.02.24 15:22:32.130 ms]:[INFO]:[PSAG_OGL_INFORMATION]: device version glsl: 4.60 NVIDIA
[2025.02.24 15:22:32.130 ms]:[PERF]:[PSAG_OGL_INFORMATION]: device memory[capacity]: 8188.00 mib
[2025.02.24 15:22:32.130 ms]:[INFO]:[PSAG_OGL_INFORMATION]: device (vao)attribs_max units: 16 entry
[2025.02.24 15:22:32.130 ms]:[INFO]:[PSAG_OGL_INFORMATION]: device (vbo)buffer_max units: 4096 entry
[2025.02.24 15:22:32.130 ms]:[INFO]:[PSAG_OGL_INFORMATION]: device [tmu]texture_max units: 32 entry
[2025.02.24 15:22:32.130 ms]:[INFO]:[PSAG_OGL_INFORMATION]: device (vert)uniform_max items: 4096
[2025.02.24 15:22:32.130 ms]:[INFO]:[PSAG_OGL_INFORMATION]: device (frag)uniform_max items: 4096
[2025.02.24 15:22:32.130 ms]:[INFO]:[PSAG_LLRES]: graph static_object(graphics) create.
[2025.02.24 15:22:32.130 ms]:[INFO]:[PSAG_AUDIO_DATA]: LLRES static_object() create.
[2025.02.24 15:22:32.130 ms]:[INFO]:[PSAG_OGL_RES]: vao: storage key: 4
[2025.02.24 15:22:32.130 ms]:[INFO]:[PSAG_OGL_RES]: vbo: storage key: 6
[2025.02.24 15:22:32.130 ms]:[TRACE]:[PSAG_GL_DATASET]: dynamic vertex data manager_create.
[2025.02.24 15:22:32.130 ms]:[INFO]:[PSAG_OGL_RES]: vao: storage key: 8
[2025.02.24 15:22:32.130 ms]:[INFO]:[PSAG_OGL_RES]: vbo: storage key: 10
[2025.02.24 15:22:32.131 ms]:[INFO]:[PSAG_GL_DATASET]: ver_data(stc) upload gpu_data: 72 bytes
[2025.02.24 15:22:32.131 ms]:[INFO]:[PSAG_GL_DATASET]: ver_data(stc) item: alloc key: 12
[2025.02.24 15:22:32.131 ms]:[INFO]:[PSAG_GL_DATASET]: preset craete: rectangle.
[2025.02.24 15:22:32.131 ms]:[INFO]:[PSAG_GL_DATASET]: ver_data(stc) upload gpu_data: 2868 bytes
[2025.02.24 15:22:32.132 ms]:[INFO]:[PSAG_GL_DATASET]: ver_data(stc) item: alloc key: 14
[2025.02.24 15:22:32.132 ms]:[INFO]:[PSAG_GL_DATASET]: preset craete: circle.
[2025.02.24 15:22:32.132 ms]:[TRACE]:[PSAG_GL_DATASET]: static vertex data manager_create.
[2025.02.24 15:22:32.132 ms]:[TRACE]:[PSAG_OGL_RES]: tmu alloc u: 1
[2025.02.24 15:22:32.132 ms]:[TRACE]:[PSAG_OGL_RES]: tmu alloc u: 2
[2025.02.24 15:22:32.132 ms]:[TRACE]:[PSAG_OGL_RES]: tmu alloc u: 3
[2025.02.24 15:22:32.132 ms]:[TRACE]:[PSAG_OGL_RES]: tmu alloc u: 4
[2025.02.24 15:22:32.132 ms]:[INFO]:[PSAG_OGL_TEXTURE]: texture.2d(array) object create.
[2025.02.24 15:22:32.132 ms]:[INFO]:[PSAG_OGL_TEXTURE]: texture create, succ: size: 4096 x 4096, layers: 5.
[2025.02.24 15:22:32.132 ms]:[INFO]:[PSAG_OGL_TEXTURE]: texture.2d(array) object create.
[2025.02.24 15:22:32.132 ms]:[INFO]:[PSAG_OGL_TEXTURE]: texture create, succ: size: 2048 x 2048, layers: 10.
[2025.02.24 15:22:32.132 ms]:[INFO]:[PSAG_OGL_TEXTURE]: texture.2d(array) object create.
[2025.02.24 15:22:32.132 ms]:[INFO]:[PSAG_OGL_TEXTURE]: texture create, succ: size: 1024 x 1024, layers: 20.
[2025.02.24 15:22:32.132 ms]:[INFO]:[PSAG_OGL_TEXTURE]: texture.2d(array) object create.
[2025.02.24 15:22:32.132 ms]:[INFO]:[PSAG_OGL_TEXTURE]: texture create, succ: size: 512 x 512, layers: 25.
[2025.02.24 15:22:32.132 ms]:[INFO]:[PSAG_OGL_RES]: texture: storage key: 16
[2025.02.24 15:22:32.132 ms]:[INFO]:[PSAG_OGL_RES]: texture: storage key: 18
[2025.02.24 15:22:32.132 ms]:[INFO]:[PSAG_OGL_RES]: texture: storage key: 20
[2025.02.24 15:22:32.132 ms]:[INFO]:[PSAG_OGL_RES]: texture: storage key: 22
[2025.02.24 15:22:32.132 ms]:[TRACE]:[PSAG_GL_DATASET]: vir_create texture[8x] size: 4096 x 4096
[2025.02.24 15:22:32.133 ms]:[TRACE]:[PSAG_GL_DATASET]: vir_create texture[4x] size: 2048 x 2048
[2025.02.24 15:22:32.133 ms]:[TRACE]:[PSAG_GL_DATASET]: vir_create texture[2x] size: 1024 x 1024
[2025.02.24 15:22:32.133 ms]:[TRACE]:[PSAG_GL_DATASET]: vir_create texture[1x] size: 512 x 512
[2025.02.24 15:22:32.133 ms]:[INFO]:[PSAG_OGL_UNIFORM]: uniform_buffer.gen create.
[2025.02.24 15:22:32.133 ms]:[INFO]:[PSAG_OGL_RES]: ubo: storage key: 24
[2025.02.24 15:22:32.133 ms]:[INFO]:[PSAG_GL_MATRIX]: graphics_engine create matrix ubo.
[2025.02.24 15:22:33.265 ms]:[TRACE]:[PSAG_AUDIO]: audio(openal) global create device & context.
[2025.02.24 15:22:33.265 ms]:[INFO]:[PSAG_PHYSICS]: physics_world item: alloc key: DEFAULT_PHY_WORLD
[2025.02.24 15:22:33.266 ms]:[INFO]:[PSAG_OGL_SHADER]: vertex_shader source script num: 1
[2025.02.24 15:22:33.267 ms]:[INFO]:[PSAG_OGL_SHADER]: vertex compilation succeeded.
[2025.02.24 15:22:33.267 ms]:[INFO]:[PSAG_OGL_SHADER]: fragment_shader source script num: 2
[2025.02.24 15:22:33.267 ms]:[INFO]:[PSAG_OGL_SHADER]: fragment compilation succeeded.
[2025.02.24 15:22:33.273 ms]:[INFO]:[PSAG_OGL_SHADER]: shader_program link succeeded.
[2025.02.24 15:22:33.273 ms]:[INFO]:[PSAG_OGL_RES]: shader: storage key: 26
[2025.02.24 15:22:33.274 ms]:[INFO]:[PSAG_OGL_SHADER]: vertex_shader source script num: 1
[2025.02.24 15:22:33.274 ms]:[INFO]:[PSAG_OGL_SHADER]: vertex compilation succeeded.
[2025.02.24 15:22:33.274 ms]:[INFO]:[PSAG_OGL_SHADER]: fragment_shader source script num: 2
[2025.02.24 15:22:33.274 ms]:[INFO]:[PSAG_OGL_SHADER]: fragment compilation succeeded.
[2025.02.24 15:22:33.274 ms]:[INFO]:[PSAG_OGL_SHADER]: shader_program link succeeded.
[2025.02.24 15:22:33.274 ms]:[INFO]:[PSAG_OGL_RES]: shader: storage key: 28
[2025.02.24 15:22:33.274 ms]:[INFO]:[PSAG_OGL_SHADER]: vertex_shader source script num: 1
[2025.02.24 15:22:33.274 ms]:[INFO]:[PSAG_OGL_SHADER]: vertex compilation succeeded.
[2025.02.24 15:22:33.274 ms]:[INFO]:[PSAG_OGL_SHADER]: fragment_shader source script num: 3
[2025.02.24 15:22:33.274 ms]:[INFO]:[PSAG_OGL_SHADER]: fragment compilation succeeded.
[2025.02.24 15:22:33.274 ms]:[INFO]:[PSAG_OGL_SHADER]: shader_program link succeeded.
[2025.02.24 15:22:33.274 ms]:[INFO]:[PSAG_OGL_RES]: shader: storage key: 30
[2025.02.24 15:22:33.275 ms]:[INFO]:[PSAG_OGL_SHADER]: vertex_shader source script num: 1
[2025.02.24 15:22:33.275 ms]:[INFO]:[PSAG_OGL_SHADER]: vertex compilation succeeded.
[2025.02.24 15:22:33.275 ms]:[INFO]:[PSAG_OGL_SHADER]: fragment_shader source script num: 3
[2025.02.24 15:22:33.275 ms]:[INFO]:[PSAG_OGL_SHADER]: fragment compilation succeeded.
[2025.02.24 15:22:33.275 ms]:[INFO]:[PSAG_OGL_SHADER]: shader_program link succeeded.
[2025.02.24 15:22:33.275 ms]:[INFO]:[PSAG_OGL_RES]: shader: storage key: 32
[2025.02.24 15:22:33.275 ms]:[INFO]:[PSAG_OGL_SHADER]: vertex_shader source script num: 1
[2025.02.24 15:22:33.275 ms]:[INFO]:[PSAG_OGL_SHADER]: vertex compilation succeeded.
[2025.02.24 15:22:33.275 ms]:[INFO]:[PSAG_OGL_SHADER]: fragment_shader source script num: 3
[2025.02.24 15:22:33.275 ms]:[INFO]:[PSAG_OGL_SHADER]: fragment compilation succeeded.
[2025.02.24 15:22:33.276 ms]:[INFO]:[PSAG_OGL_SHADER]: shader_program link succeeded.
[2025.02.24 15:22:33.276 ms]:[INFO]:[PSAG_OGL_RES]: shader: storage key: 34
[2025.02.24 15:22:33.276 ms]:[INFO]:[PSAG_GL_DATASET]: ver_data(stc) upload gpu_data: 2940 bytes
[2025.02.24 15:22:33.276 ms]:[INFO]:[PSAG_GL_DATASET]: ver_data(stc) item: alloc key: 36
[2025.02.24 15:22:33.276 ms]:[INFO]:[PSAG_OGL_RENDER]: render_buffer object create.
[2025.02.24 15:22:33.276 ms]:[INFO]:[PSAG_OGL_RENDER]: render_buffer config depth.
[2025.02.24 15:22:33.276 ms]:[INFO]:[PSAG_OGL_RENDER]: alloc render_buffer 1680 x 945, size: 6.056 mib.
[2025.02.24 15:22:33.276 ms]:[INFO]:[PSAG_OGL_RES]: rbo: storage key: 38
[2025.02.24 15:22:33.276 ms]:[TRACE]:[PSAG_OGL_RES]: tmu alloc u: 5
[2025.02.24 15:22:33.277 ms]:[INFO]:[PSAG_OGL_TEXTURE]: texture.2d(array) object create.
[2025.02.24 15:22:33.277 ms]:[INFO]:[PSAG_OGL_TEXTURE]: texture create, succ: size: 1680 x 945, layers: 5.
[2025.02.24 15:22:33.277 ms]:[INFO]:[PSAG_OGL_RES]: texture: storage key: 40
[2025.02.24 15:22:33.277 ms]:[INFO]:[PSAG_OGL_FRAME]: frame_buffer object create.
[2025.02.24 15:22:33.281 ms]:[INFO]:[PSAG_OGL_RES]: fbo: storage key: 42
[2025.02.24 15:22:33.281 ms]:[INFO]:[PSAG_OGL_FRAME]: frame_buffer object create.
[2025.02.24 15:22:33.281 ms]:[INFO]:[PSAG_OGL_RES]: fbo: storage key: 44
[2025.02.24 15:22:33.281 ms]:[INFO]:[PSAG_OGL_FRAME]: frame_buffer object create.
[2025.02.24 15:22:33.281 ms]:[INFO]:[PSAG_OGL_RES]: fbo: storage key: 46
[2025.02.24 15:22:33.281 ms]:[INFO]:[PSAG_OGL_FRAME]: frame_buffer object create.
[2025.02.24 15:22:33.281 ms]:[INFO]:[PSAG_OGL_RES]: fbo: storage key: 48
[2025.02.24 15:22:33.281 ms]:[INFO]:[PSAG_OGL_FRAME]: frame_buffer object create.
[2025.02.24 15:22:33.281 ms]:[INFO]:[PSAG_OGL_RES]: fbo: storage key: 50
[2025.02.24 15:22:33.282 ms]:[INFO]:[PSAG_GL_POST]: graphics_engine create final_shader(system).
[2025.02.24 15:22:33.282 ms]:[INFO]:[PSAG_IMGUI]: imgui_read: fonts file: PSAGameSystemFiles/JetBrainsMonoBold.ttf
[2025.02.24 15:22:33.283 ms]:[INFO]:[PSAG_IMGUI]: imgui_init: imgui_opengl3 context.
[2025.02.24 15:22:33.284 ms]:[TRACE]:[PSAG_M_CORE]: registration ref_object name: ZPGameScene
[2025.02.24 15:22:33.284 ms]:[TRACE]:[PSAG_M_CORE]: registration ref_object name: ZPGamePActor
[2025.02.24 15:22:33.284 ms]:[TRACE]:[PSAG_M_CORE]: registration ref_object name: ZPGameBullet
[2025.02.24 15:22:33.284 ms]:[TRACE]:[PSAG_M_CORE]: registration ref_object name: ZPGameGui
[2025.02.24 15:22:33.284 ms]:[INFO]:[PSAG_PHYSICS]: physics_world item: alloc key: ZPGamePhysics
[2025.02.24 15:22:33.285 ms]:[INFO]:[PSAG_FILESYS_LOAD]: load(src) read_file: PSAGameFrameworkDev/GameZeroProject/GameMaterial/zpgame_wall_h.png read_size: 22012
[2025.02.24 15:22:33.285 ms]:[INFO]:[PSAG_FILESYS_LOAD]: load(src) read_file: PSAGameFrameworkDev/GameZeroProject/GameMaterial/zpgame_wall_v.png read_size: 44017
[2025.02.24 15:22:33.286 ms]:[INFO]:[PSAG_ACTOR_CORE]: game_actor shader create: 1680 x 945
[2025.02.24 15:22:33.286 ms]:[INFO]:[PSAG_ACTOR_CORE]: game_actor shader create: 1680 x 945
[2025.02.24 15:22:33.297 ms]:[INFO]:[PSAG_OGL_IMG]: success decode image: size: 4096 x 208, color_channel: 4
[2025.02.24 15:22:33.298 ms]:[INFO]:[PSAG_GL_DATASET]: layers_manager alloc_count: 0
[2025.02.24 15:22:33.340 ms]:[INFO]:[PSAG_GL_DATASET]: vir_texture: src: 4096 x 208, fmt_fill: 4096 x 4096
[2025.02.24 15:22:33.370 ms]:[INFO]:[PSAG_GL_DATASET]: vir_texture item: alloc key: 52, cropping: 1.00 x 0.05, res: 1x/1
[2025.02.24 15:22:33.377 ms]:[INFO]:[PSAG_ACTOR_CORE]: game_actor shader texture add, name: WallH
[2025.02.24 15:22:33.377 ms]:[INFO]:[PSAG_ACTOR_CORE]: game_actor shader create: 1680 x 945
[2025.02.24 15:22:33.388 ms]:[INFO]:[PSAG_OGL_IMG]: success decode image: size: 208 x 4096, color_channel: 4
[2025.02.24 15:22:33.389 ms]:[INFO]:[PSAG_GL_DATASET]: layers_manager alloc_count: 1
[2025.02.24 15:22:33.431 ms]:[INFO]:[PSAG_GL_DATASET]: vir_texture: src: 208 x 4096, fmt_fill: 4096 x 4096
[2025.02.24 15:22:33.457 ms]:[INFO]:[PSAG_GL_DATASET]: vir_texture item: alloc key: 54, cropping: 0.05 x 1.00, res: 1x/1
[2025.02.24 15:22:33.463 ms]:[INFO]:[PSAG_ACTOR_CORE]: game_actor shader texture add, name: WallV
[2025.02.24 15:22:33.464 ms]:[INFO]:[PSAG_ACTOR_CORE]: game_actor shader load textures: 0
[2025.02.24 15:22:33.464 ms]:[INFO]:[PSAG_OGL_SHADER]: vertex_shader source script num: 1
[2025.02.24 15:22:33.464 ms]:[INFO]:[PSAG_OGL_SHADER]: vertex compilation succeeded.
[2025.02.24 15:22:33.464 ms]:[INFO]:[PSAG_OGL_SHADER]: fragment_shader source script num: 2
[2025.02.24 15:22:33.464 ms]:[INFO]:[PSAG_OGL_SHADER]: fragment compilation succeeded.
[2025.02.24 15:22:33.465 ms]:[INFO]:[PSAG_OGL_SHADER]: shader_program link succeeded.
[2025.02.24 15:22:33.465 ms]:[INFO]:[PSAG_OGL_RES]: shader: storage key: 56
[2025.02.24 15:22:33.465 ms]:[INFO]:[PSAG_ACTOR_CORE]: game_actor shader default_res create.
[2025.02.24 15:22:33.465 ms]:[INFO]:[PSAG_ACTOR_CORE]: game_actor shader load textures: 1
[2025.02.24 15:22:33.465 ms]:[INFO]:[PSAG_OGL_SHADER]: vertex_shader source script num: 1
[2025.02.24 15:22:33.465 ms]:[INFO]:[PSAG_OGL_SHADER]: vertex compilation succeeded.
[2025.02.24 15:22:33.465 ms]:[INFO]:[PSAG_OGL_SHADER]: fragment_shader source script num: 3
[2025.02.24 15:22:33.465 ms]:[INFO]:[PSAG_OGL_SHADER]: fragment compilation succeeded.
[2025.02.24 15:22:33.465 ms]:[INFO]:[PSAG_OGL_SHADER]: shader_program link succeeded.
[2025.02.24 15:22:33.465 ms]:[INFO]:[PSAG_OGL_RES]: shader: storage key: 60
[2025.02.24 15:22:33.465 ms]:[INFO]:[PSAG_ACTOR_CORE]: game_actor shader default_res create.
[2025.02.24 15:22:33.465 ms]:[INFO]:[PSAG_ACTOR_CORE]: game_actor shader load textures: 1
[2025.02.24 15:22:33.465 ms]:[INFO]:[PSAG_OGL_SHADER]: vertex_shader source script num: 1
[2025.02.24 15:22:33.465 ms]:[INFO]:[PSAG_OGL_SHADER]: vertex compilation succeeded.
[2025.02.24 15:22:33.465 ms]:[INFO]:[PSAG_OGL_SHADER]: fragment_shader source script num: 3
[2025.02.24 15:22:33.465 ms]:[INFO]:[PSAG_OGL_SHADER]: fragment compilation succeeded.
[2025.02.24 15:22:33.465 ms]:[INFO]:[PSAG_OGL_SHADER]: shader_program link succeeded.
[2025.02.24 15:22:33.465 ms]:[INFO]:[PSAG_OGL_RES]: shader: storage key: 64
[2025.02.24 15:22:33.465 ms]:[INFO]:[PSAG_ACTOR_CORE]: game_actor shader default_res create.
[2025.02.24 15:22:33.465 ms]:[INFO]:[PSAG_ENVMT_CORE]: game_envmt get textures: 1
[2025.02.24 15:22:33.465 ms]:[INFO]:[PSAG_ENVMT_CORE]: game_envmt render_comp init.
[2025.02.24 15:22:33.466 ms]:[INFO]:[PSAG_PHYSICS]: phy_world => body_data, name: ZPGamePhysics
[2025.02.24 15:22:33.466 ms]:[INFO]:[PSAG_PHYSICS]: body_data(static) item: alloc key: 1657859750432
[2025.02.24 15:22:33.466 ms]:[INFO]:[PSAG_ENVMT_CORE]: game_envmt item create: 68
[2025.02.24 15:22:33.466 ms]:[INFO]:[PSAG_ENVMT_CORE]: game_envmt get textures: 1
[2025.02.24 15:22:33.466 ms]:[INFO]:[PSAG_ENVMT_CORE]: game_envmt render_comp init.
[2025.02.24 15:22:33.466 ms]:[INFO]:[PSAG_PHYSICS]: phy_world => body_data, name: ZPGamePhysics
[2025.02.24 15:22:33.466 ms]:[INFO]:[PSAG_PHYSICS]: body_data(static) item: alloc key: 1657859746400
[2025.02.24 15:22:33.466 ms]:[INFO]:[PSAG_ENVMT_CORE]: game_envmt item create: 70
[2025.02.24 15:22:33.466 ms]:[INFO]:[PSAG_ENVMT_CORE]: game_envmt get textures: 1
[2025.02.24 15:22:33.466 ms]:[INFO]:[PSAG_ENVMT_CORE]: game_envmt render_comp init.
[2025.02.24 15:22:33.466 ms]:[INFO]:[PSAG_PHYSICS]: phy_world => body_data, name: ZPGamePhysics
[2025.02.24 15:22:33.466 ms]:[INFO]:[PSAG_PHYSICS]: body_data(static) item: alloc key: 1657859743264
[2025.02.24 15:22:33.466 ms]:[INFO]:[PSAG_ENVMT_CORE]: game_envmt item create: 72
[2025.02.24 15:22:33.466 ms]:[INFO]:[PSAG_ENVMT_CORE]: game_envmt get textures: 1
[2025.02.24 15:22:33.466 ms]:[INFO]:[PSAG_ENVMT_CORE]: game_envmt render_comp init.
[2025.02.24 15:22:33.466 ms]:[INFO]:[PSAG_PHYSICS]: phy_world => body_data, name: ZPGamePhysics
[2025.02.24 15:22:33.466 ms]:[INFO]:[PSAG_PHYSICS]: body_data(static) item: alloc key: 1657859749984
[2025.02.24 15:22:33.466 ms]:[INFO]:[PSAG_ENVMT_CORE]: game_envmt item create: 74
[2025.02.24 15:22:33.467 ms]:[INFO]:[PSAG_ENVMT_CORE]: game_envmt render_comp init.
[2025.02.24 15:22:33.467 ms]:[INFO]:[PSAG_PHYSICS]: phy_world => body_data, name: ZPGamePhysics
[2025.02.24 15:22:33.467 ms]:[INFO]:[PSAG_PHYSICS]: body_data(static) item: alloc key: 1657859750208
[2025.02.24 15:22:33.467 ms]:[INFO]:[PSAG_ENVMT_CORE]: game_envmt item create: 76
[2025.02.24 15:22:33.467 ms]:[INFO]:[PSAG_ACTOR_CORE]: AType: register key: ActorPAWN
[2025.02.24 15:22:33.467 ms]:[INFO]:[PSAG_ACTOR_CORE]: AType: register key: ActorNPC
[2025.02.24 15:22:33.468 ms]:[INFO]:[PSAG_FILESYS_LOAD]: load(src) read_file: PSAGameFrameworkDev/GameZeroProject/GameMaterial/zpgame_ppactor_nor.png read_size: 405375
[2025.02.24 15:22:33.468 ms]:[INFO]:[PSAG_ACTOR_CORE]: game_actor shader create: 1680 x 945
[2025.02.24 15:22:33.491 ms]:[INFO]:[PSAG_OGL_IMG]: success decode image: size: 1024 x 1024, color_channel: 4
[2025.02.24 15:22:33.492 ms]:[INFO]:[PSAG_GL_DATASET]: layers_manager alloc_count: 0
[2025.02.24 15:22:33.492 ms]:[INFO]:[PSAG_GL_DATASET]: vir_texture: src: 1024 x 1024, fmt_fill: 1024 x 1024
[2025.02.24 15:22:33.494 ms]:[INFO]:[PSAG_GL_DATASET]: vir_texture item: alloc key: 78, cropping: 1.00 x 1.00, res: 4x/1
[2025.02.24 15:22:33.495 ms]:[INFO]:[PSAG_ACTOR_CORE]: game_actor shader texture add, name: PPActor
[2025.02.24 15:22:33.496 ms]:[INFO]:[PSAG_FILESYS_LOAD]: load(src) read_file: PSAGameFrameworkDev/GameZeroProject/GameMaterial/zpgame_npc_a.png read_size: 177392
[2025.02.24 15:22:33.496 ms]:[INFO]:[PSAG_ACTOR_CORE]: game_actor shader create: 1680 x 945
[2025.02.24 15:22:33.517 ms]:[INFO]:[PSAG_OGL_IMG]: success decode image: size: 1024 x 1024, color_channel: 4
[2025.02.24 15:22:33.518 ms]:[INFO]:[PSAG_GL_DATASET]: layers_manager alloc_count: 1
[2025.02.24 15:22:33.519 ms]:[INFO]:[PSAG_GL_DATASET]: vir_texture: src: 1024 x 1024, fmt_fill: 1024 x 1024
[2025.02.24 15:22:33.521 ms]:[INFO]:[PSAG_GL_DATASET]: vir_texture item: alloc key: 80, cropping: 1.00 x 1.00, res: 4x/1
[2025.02.24 15:22:33.521 ms]:[INFO]:[PSAG_ACTOR_CORE]: game_actor shader texture add, name: NPActor
[2025.02.24 15:22:33.521 ms]:[INFO]:[PSAG_ACTOR_CORE]: game_actor shader load textures: 1
[2025.02.24 15:22:33.522 ms]:[INFO]:[PSAG_OGL_SHADER]: vertex_shader source script num: 1
[2025.02.24 15:22:33.522 ms]:[INFO]:[PSAG_OGL_SHADER]: vertex compilation succeeded.
[2025.02.24 15:22:33.522 ms]:[INFO]:[PSAG_OGL_SHADER]: fragment_shader source script num: 3
[2025.02.24 15:22:33.522 ms]:[INFO]:[PSAG_OGL_SHADER]: fragment compilation succeeded.
[2025.02.24 15:22:33.522 ms]:[INFO]:[PSAG_OGL_SHADER]: shader_program link succeeded.
[2025.02.24 15:22:33.522 ms]:[INFO]:[PSAG_OGL_RES]: shader: storage key: 82
[2025.02.24 15:22:33.522 ms]:[INFO]:[PSAG_ACTOR_CORE]: game_actor shader default_res create.
[2025.02.24 15:22:33.522 ms]:[INFO]:[PSAG_ACTOR_CORE]: game_actor shader load textures: 1
[2025.02.24 15:22:33.522 ms]:[INFO]:[PSAG_OGL_SHADER]: vertex_shader source script num: 1
[2025.02.24 15:22:33.522 ms]:[INFO]:[PSAG_OGL_SHADER]: vertex compilation succeeded.
[2025.02.24 15:22:33.522 ms]:[INFO]:[PSAG_OGL_SHADER]: fragment_shader source script num: 3
[2025.02.24 15:22:33.522 ms]:[INFO]:[PSAG_OGL_SHADER]: fragment compilation succeeded.
[2025.02.24 15:22:33.522 ms]:[INFO]:[PSAG_OGL_SHADER]: shader_program link succeeded.
[2025.02.24 15:22:33.522 ms]:[INFO]:[PSAG_OGL_RES]: shader: storage key: 86
[2025.02.24 15:22:33.522 ms]:[INFO]:[PSAG_ACTOR_CORE]: game_actor shader default_res create.
[2025.02.24 15:22:33.522 ms]:[INFO]:[PSAG_ACTOR_CORE]: game_actor get textures: 1
[2025.02.24 15:22:33.522 ms]:[INFO]:[PSAG_ACTOR_CORE]: game_actor render_comp init.
[2025.02.24 15:22:33.522 ms]:[INFO]:[PSAG_PHYSICS]: phy_world => body_data, name: ZPGamePhysics
[2025.02.24 15:22:33.522 ms]:[INFO]:[PSAG_PHYSICS]: body_data(dynamic) item: alloc key: 1659908477936
[2025.02.24 15:22:33.522 ms]:[INFO]:[PSAG_ACTOR_CORE]: game_actor entity create: 90
[2025.02.24 15:22:33.523 ms]:[INFO]:[PSAG_TOOL_NOTFIY]: station register n: PPActor, ptr 7a300380
[2025.02.24 15:22:33.523 ms]:[INFO]:[PSAG_ACTOR_CORE]: game_actor get textures: 1
[2025.02.24 15:22:33.523 ms]:[INFO]:[PSAG_ACTOR_CORE]: game_actor render_comp init.
[2025.02.24 15:22:33.523 ms]:[INFO]:[PSAG_PHYSICS]: phy_world => body_data, name: ZPGamePhysics
[2025.02.24 15:22:33.523 ms]:[INFO]:[PSAG_PHYSICS]: body_data(dynamic) item: alloc key: 1659908479952
[2025.02.24 15:22:33.523 ms]:[INFO]:[PSAG_ACTOR_CORE]: game_actor entity create: 92
[2025.02.24 15:22:33.523 ms]:[INFO]:[PSAG_ACTOR_CORE]: game_actor get textures: 1
[2025.02.24 15:22:33.523 ms]:[INFO]:[PSAG_ACTOR_CORE]: game_actor render_comp init.
[2025.02.24 15:22:33.523 ms]:[INFO]:[PSAG_PHYSICS]: phy_world => body_data, name: ZPGamePhysics
[2025.02.24 15:22:33.523 ms]:[INFO]:[PSAG_PHYSICS]: body_data(dynamic) item: alloc key: 1659908482304
[2025.02.24 15:22:33.523 ms]:[INFO]:[PSAG_ACTOR_CORE]: game_actor entity create: 94
[2025.02.24 15:22:33.523 ms]:[INFO]:[PSAG_ACTOR_CORE]: game_actor get textures: 1
[2025.02.24 15:22:33.523 ms]:[INFO]:[PSAG_ACTOR_CORE]: game_actor render_comp init.
[2025.02.24 15:22:33.523 ms]:[INFO]:[PSAG_PHYSICS]: phy_world => body_data, name: ZPGamePhysics
[2025.02.24 15:22:33.523 ms]:[INFO]:[PSAG_PHYSICS]: body_data(dynamic) item: alloc key: 1659908482640
[2025.02.24 15:22:33.523 ms]:[INFO]:[PSAG_ACTOR_CORE]: game_actor entity create: 96
[2025.02.24 15:22:33.523 ms]:[INFO]:[PSAG_ACTOR_CORE]: game_actor get textures: 1
[2025.02.24 15:22:33.523 ms]:[INFO]:[PSAG_ACTOR_CORE]: game_actor render_comp init.
[2025.02.24 15:22:33.523 ms]:[INFO]:[PSAG_PHYSICS]: phy_world => body_data, name: ZPGamePhysics
[2025.02.24 15:22:33.523 ms]:[INFO]:[PSAG_PHYSICS]: body_data(dynamic) item: alloc key: 1659908482976
[2025.02.24 15:22:33.523 ms]:[INFO]:[PSAG_ACTOR_CORE]: game_actor entity create: 98
[2025.02.24 15:22:33.523 ms]:[INFO]:[PSAG_ACTOR_CORE]: game_actor get textures: 1
[2025.02.24 15:22:33.523 ms]:[INFO]:[PSAG_ACTOR_CORE]: game_actor render_comp init.
[2025.02.24 15:22:33.523 ms]:[INFO]:[PSAG_PHYSICS]: phy_world => body_data, name: ZPGamePhysics
[2025.02.24 15:22:33.523 ms]:[INFO]:[PSAG_PHYSICS]: body_data(dynamic) item: alloc key: 1659908483312
[2025.02.24 15:22:33.523 ms]:[INFO]:[PSAG_ACTOR_CORE]: game_actor entity create: 100
[2025.02.24 15:22:33.523 ms]:[INFO]:[PSAG_ACTOR_CORE]: game_actor get textures: 1
[2025.02.24 15:22:33.523 ms]:[INFO]:[PSAG_ACTOR_CORE]: game_actor render_comp init.
[2025.02.24 15:22:33.523 ms]:[INFO]:[PSAG_PHYSICS]: phy_world => body_data, name: ZPGamePhysics
[2025.02.24 15:22:33.523 ms]:[INFO]:[PSAG_PHYSICS]: body_data(dynamic) item: alloc key: 1659905781360
[2025.02.24 15:22:33.523 ms]:[INFO]:[PSAG_ACTOR_CORE]: game_actor entity create: 102
[2025.02.24 15:22:33.523 ms]:[INFO]:[PSAG_ACTOR_CORE]: game_actor get textures: 1
[2025.02.24 15:22:33.523 ms]:[INFO]:[PSAG_ACTOR_CORE]: game_actor render_comp init.
[2025.02.24 15:22:33.524 ms]:[INFO]:[PSAG_PHYSICS]: phy_world => body_data, name: ZPGamePhysics
[2025.02.24 15:22:33.524 ms]:[INFO]:[PSAG_PHYSICS]: body_data(dynamic) item: alloc key: 1659204893760
[2025.02.24 15:22:33.524 ms]:[INFO]:[PSAG_ACTOR_CORE]: game_actor entity create: 104
[2025.02.24 15:22:33.524 ms]:[INFO]:[PSAG_ACTOR_CORE]: game_actor get textures: 1
[2025.02.24 15:22:33.524 ms]:[INFO]:[PSAG_ACTOR_CORE]: game_actor render_comp init.
[2025.02.24 15:22:33.524 ms]:[INFO]:[PSAG_PHYSICS]: phy_world => body_data, name: ZPGamePhysics
[2025.02.24 15:22:33.524 ms]:[INFO]:[PSAG_PHYSICS]: body_data(dynamic) item: alloc key: 1659204895104
[2025.02.24 15:22:33.524 ms]:[INFO]:[PSAG_ACTOR_CORE]: game_actor entity create: 106
[2025.02.24 15:22:33.524 ms]:[INFO]:[PSAG_ACTOR_CORE]: game_actor get textures: 1
[2025.02.24 15:22:33.524 ms]:[INFO]:[PSAG_ACTOR_CORE]: game_actor render_comp init.
[2025.02.24 15:22:33.524 ms]:[INFO]:[PSAG_PHYSICS]: phy_world => body_data, name: ZPGamePhysics
[2025.02.24 15:22:33.524 ms]:[INFO]:[PSAG_PHYSICS]: body_data(dynamic) item: alloc key: 1659204896112
[2025.02.24 15:22:33.524 ms]:[INFO]:[PSAG_ACTOR_CORE]: game_actor entity create: 108
[2025.02.24 15:22:33.524 ms]:[INFO]:[PSAG_ACTOR_CORE]: game_actor get textures: 1
[2025.02.24 15:22:33.524 ms]:[INFO]:[PSAG_ACTOR_CORE]: game_actor render_comp init.
[2025.02.24 15:22:33.524 ms]:[INFO]:[PSAG_PHYSICS]: phy_world => body_data, name: ZPGamePhysics
[2025.02.24 15:22:33.524 ms]:[INFO]:[PSAG_PHYSICS]: body_data(dynamic) item: alloc key: 1659204892752
[2025.02.24 15:22:33.524 ms]:[INFO]:[PSAG_ACTOR_CORE]: game_actor entity create: 110
[2025.02.24 15:22:33.524 ms]:[INFO]:[PSAG_ACTOR_CORE]: AType: register key: ActorBULLET
[2025.02.24 15:22:33.525 ms]:[INFO]:[PSAG_FILESYS_LOAD]: load(src) read_file: PSAGameFrameworkDev/GameZeroProject/GameMaterial/zpgame_bullet.png read_size: 54094
[2025.02.24 15:22:33.525 ms]:[INFO]:[PSAG_ACTOR_CORE]: game_actor shader create: 1680 x 945
[2025.02.24 15:22:33.552 ms]:[INFO]:[PSAG_OGL_IMG]: success decode image: size: 1024 x 2048, color_channel: 4
[2025.02.24 15:22:33.554 ms]:[INFO]:[PSAG_GL_DATASET]: layers_manager alloc_count: 0
[2025.02.24 15:22:33.623 ms]:[INFO]:[PSAG_GL_DATASET]: vir_texture: src: 1024 x 2048, fmt_fill: 2048 x 2048
[2025.02.24 15:22:33.630 ms]:[INFO]:[PSAG_GL_DATASET]: vir_texture item: alloc key: 112, cropping: 0.50 x 1.00, res: 2x/1
[2025.02.24 15:22:33.632 ms]:[INFO]:[PSAG_ACTOR_CORE]: game_actor shader texture add, name: Bullet
[2025.02.24 15:22:33.633 ms]:[INFO]:[PSAG_ACTOR_CORE]: game_actor shader load textures: 1
[2025.02.24 15:22:33.633 ms]:[INFO]:[PSAG_OGL_SHADER]: vertex_shader source script num: 1
[2025.02.24 15:22:33.633 ms]:[INFO]:[PSAG_OGL_SHADER]: vertex compilation succeeded.
[2025.02.24 15:22:33.633 ms]:[INFO]:[PSAG_OGL_SHADER]: fragment_shader source script num: 3
[2025.02.24 15:22:33.633 ms]:[INFO]:[PSAG_OGL_SHADER]: fragment compilation succeeded.
[2025.02.24 15:22:33.633 ms]:[INFO]:[PSAG_OGL_SHADER]: shader_program link succeeded.
[2025.02.24 15:22:33.633 ms]:[INFO]:[PSAG_OGL_RES]: shader: storage key: 114
[2025.02.24 15:22:33.633 ms]:[INFO]:[PSAG_ACTOR_CORE]: game_actor shader default_res create.
[2025.02.24 15:22:33.634 ms]:[INFO]:[PSAG_FILESYS_LOAD]: load(src) read_file: PSAGameFrameworkDev/GameZeroProject/GameMaterial/zpgame_particle_a.png read_size: 21686
[2025.02.24 15:22:33.642 ms]:[INFO]:[PSAG_OGL_IMG]: success decode image: size: 512 x 512, color_channel: 4
[2025.02.24 15:22:33.642 ms]:[INFO]:[PSAG_GL_PARTICLE]: particle system proc thread init.
[2025.02.24 15:22:33.642 ms]:[INFO]:[PSAG_OGL_SHADER]: vertex_shader source script num: 1
[2025.02.24 15:22:33.642 ms]:[INFO]:[PSAG_OGL_SHADER]: vertex compilation succeeded.
[2025.02.24 15:22:33.642 ms]:[INFO]:[PSAG_OGL_SHADER]: fragment_shader source script num: 3
[2025.02.24 15:22:33.642 ms]:[INFO]:[PSAG_OGL_SHADER]: fragment compilation succeeded.
[2025.02.24 15:22:33.642 ms]:[INFO]:[PSAG_OGL_SHADER]: shader_program link succeeded.
[2025.02.24 15:22:33.642 ms]:[INFO]:[PSAG_OGL_RES]: shader: storage key: 118
[2025.02.24 15:22:33.642 ms]:[INFO]:[PSAG_GL_DATASET]: ver_data(dy) item: alloc key: 120
[2025.02.24 15:22:33.643 ms]:[INFO]:[PSAG_GL_DATASET]: layers_manager alloc_count: 0
[2025.02.24 15:22:33.643 ms]:[INFO]:[PSAG_GL_DATASET]: vir_texture: src: 512 x 512, fmt_fill: 512 x 512
[2025.02.24 15:22:33.643 ms]:[INFO]:[PSAG_GL_DATASET]: vir_texture item: alloc key: 122, cropping: 1.00 x 1.00, res: 8x/1
[2025.02.24 15:22:33.643 ms]:[INFO]:[PSAG_GL_PARTICLE]: particle system init.
[2025.02.24 15:22:33.643 ms]:[INFO]:[PSAG_GL_PARTICLE]: particle system render_size: 1680 x 945
[2025.02.24 15:22:33.644 ms]:[INFO]:[PSAG_MANAGER_FX]: manager fx_particle init.
[2025.02.24 15:22:33.644 ms]:[INFO]:[PSAG_TOOL_NOTFIY]: station register n: PPActorBullet, ptr 7a300380
[2025.02.24 15:22:33.645 ms]:[INFO]:[PSAG_FILESYS_LOAD]: load(src) read_file: PSAGameFrameworkDev/GameZeroProject/GameMaterial/zpgame_gui/zpgame_gui_b0.png read_size: 10743
[2025.02.24 15:22:33.650 ms]:[INFO]:[PSAG_OGL_IMG]: success decode image: size: 1024 x 278, color_channel: 4
[2025.02.24 15:22:33.650 ms]:[INFO]:[PSAG_OGL_TEXTURE]: texture.2d(view) object create.
[2025.02.24 15:22:33.653 ms]:[INFO]:[PSAG_OGL_TEXTURE]: texture_view create, succ: size: 1024 x 278
[2025.02.24 15:22:33.653 ms]:[INFO]:[PSAG_GL_PVFX]: psag_fx image_view system, create: 1024 x 278
[2025.02.24 15:22:33.654 ms]:[INFO]:[PSAG_FILESYS_LOAD]: load(src) read_file: PSAGameFrameworkDev/GameZeroProject/GameMaterial/zpgame_gui/zpgame_gui_b1.png read_size: 22199
[2025.02.24 15:22:33.660 ms]:[INFO]:[PSAG_OGL_IMG]: success decode image: size: 1024 x 278, color_channel: 4
[2025.02.24 15:22:33.666 ms]:[INFO]:[PSAG_OGL_TEXTURE]: texture.2d(view) object create.
[2025.02.24 15:22:33.669 ms]:[INFO]:[PSAG_OGL_TEXTURE]: texture_view create, succ: size: 1024 x 278
[2025.02.24 15:22:33.669 ms]:[INFO]:[PSAG_GL_PVFX]: psag_fx image_view system, create: 1024 x 278
[2025.02.24 15:22:33.669 ms]:[INFO]:[PSAG_FILESYS_LOAD]: load(src) read_file: PSAGameFrameworkDev/GameZeroProject/GameMaterial/zpgame_gui/zpgame_gui_b2.png read_size: 22716
[2025.02.24 15:22:33.676 ms]:[INFO]:[PSAG_OGL_IMG]: success decode image: size: 1024 x 278, color_channel: 4
[2025.02.24 15:22:33.682 ms]:[INFO]:[PSAG_OGL_TEXTURE]: texture.2d(view) object create.
[2025.02.24 15:22:33.683 ms]:[INFO]:[PSAG_OGL_TEXTURE]: texture_view create, succ: size: 1024 x 278
[2025.02.24 15:22:33.683 ms]:[INFO]:[PSAG_GL_PVFX]: psag_fx image_view system, create: 1024 x 278
[2025.02.24 15:22:33.683 ms]:[INFO]:[PSAG_FILESYS_LOAD]: load(src) read_file: PSAGameFrameworkDev/GameZeroProject/GameMaterial/zpgame_gui/zpgame_gui_b3.png read_size: 23026
[2025.02.24 15:22:33.690 ms]:[INFO]:[PSAG_OGL_IMG]: success decode image: size: 1024 x 278, color_channel: 4
[2025.02.24 15:22:33.691 ms]:[INFO]:[PSAG_OGL_TEXTURE]: texture.2d(view) object create.
[2025.02.24 15:22:33.692 ms]:[INFO]:[PSAG_OGL_TEXTURE]: texture_view create, succ: size: 1024 x 278
[2025.02.24 15:22:33.692 ms]:[INFO]:[PSAG_GL_PVFX]: psag_fx image_view system, create: 1024 x 278
[2025.02.24 15:22:33.692 ms]:[INFO]:[PSAG_FILESYS_LOAD]: load(src) read_file: PSAGameFrameworkDev/GameZeroProject/GameMaterial/zpgame_gui/zpgame_gui_b4.png read_size: 23655
[2025.02.24 15:22:33.699 ms]:[INFO]:[PSAG_OGL_IMG]: success decode image: size: 1024 x 278, color_channel: 4
[2025.02.24 15:22:33.700 ms]:[INFO]:[PSAG_OGL_TEXTURE]: texture.2d(view) object create.
[2025.02.24 15:22:33.704 ms]:[INFO]:[PSAG_OGL_TEXTURE]: texture_view create, succ: size: 1024 x 278
[2025.02.24 15:22:33.704 ms]:[INFO]:[PSAG_GL_PVFX]: psag_fx image_view system, create: 1024 x 278
[2025.02.24 15:22:33.704 ms]:[INFO]:[PSAG_FILESYS_LOAD]: load(src) read_file: PSAGameFrameworkDev/GameZeroProject/GameMaterial/zpgame_gui/zpgame_gui_b5.png read_size: 23922
[2025.02.24 15:22:33.710 ms]:[INFO]:[PSAG_OGL_IMG]: success decode image: size: 1024 x 278, color_channel: 4
[2025.02.24 15:22:33.712 ms]:[INFO]:[PSAG_OGL_TEXTURE]: texture.2d(view) object create.
[2025.02.24 15:22:33.712 ms]:[INFO]:[PSAG_OGL_TEXTURE]: texture_view create, succ: size: 1024 x 278
[2025.02.24 15:22:33.712 ms]:[INFO]:[PSAG_GL_PVFX]: psag_fx image_view system, create: 1024 x 278
[2025.02.24 15:22:33.712 ms]:[INFO]:[PSAG_M_START_ANIM]: create start_anim player.
[2025.02.24 15:22:33.712 ms]:[TRACE]:[PSAG_M_CORE]: pomelo_star game2d version: 12.20250127
[2025.02.24 15:22:33.735 ms]:[INFO]:[PSAG_M_START_ANIM]: start_anim playback complete, time(s): 0.000
[2025.02.24 15:22:33.735 ms]:[INFO]:[PSAG_M_START_ANIM]: free textures resource.
[2025.02.24 15:22:37.569 ms]:[INFO]:[PSAG_TOOL_NOTFIY]: station receive pair: PPActor/PPActorBullet, data_size: 12 bytes
[2025.02.24 15:22:37.569 ms]:[INFO]:[PSAG_ACTOR_CORE]: game_actor get textures: 1
[2025.02.24 15:22:37.569 ms]:[INFO]:[PSAG_ACTOR_CORE]: game_actor render_comp init.
[2025.02.24 15:22:37.569 ms]:[INFO]:[PSAG_PHYSICS]: phy_world => body_data, name: ZPGamePhysics
[2025.02.24 15:22:37.569 ms]:[INFO]:[PSAG_PHYSICS]: body_data(dynamic) item: alloc key: 1659204809872
[2025.02.24 15:22:37.569 ms]:[INFO]:[PSAG_ACTOR_CORE]: game_actor entity create: 124
[2025.02.24 15:22:37.902 ms]:[INFO]:[PSAG_TOOL_NOTFIY]: station receive pair: PPActor/PPActorBullet, data_size: 12 bytes
[2025.02.24 15:22:37.902 ms]:[INFO]:[PSAG_ACTOR_CORE]: game_actor get textures: 1
[2025.02.24 15:22:37.902 ms]:[INFO]:[PSAG_ACTOR_CORE]: game_actor render_comp init.
[2025.02.24 15:22:37.902 ms]:[INFO]:[PSAG_PHYSICS]: phy_world => body_data, name: ZPGamePhysics
[2025.02.24 15:22:37.902 ms]:[INFO]:[PSAG_PHYSICS]: body_data(dynamic) item: alloc key: 1659204804832
[2025.02.24 15:22:37.902 ms]:[INFO]:[PSAG_ACTOR_CORE]: game_actor entity create: 126
[2025.02.24 15:22:38.095 ms]:[INFO]:[PSAG_TOOL_NOTFIY]: station receive pair: PPActor/PPActorBullet, data_size: 12 bytes
[2025.02.24 15:22:38.096 ms]:[INFO]:[PSAG_ACTOR_CORE]: game_actor get textures: 1
[2025.02.24 15:22:38.096 ms]:[INFO]:[PSAG_ACTOR_CORE]: game_actor render_comp init.
[2025.02.24 15:22:38.096 ms]:[INFO]:[PSAG_PHYSICS]: phy_world => body_data, name: ZPGamePhysics
[2025.02.24 15:22:38.096 ms]:[INFO]:[PSAG_PHYSICS]: body_data(dynamic) item: alloc key: 1659204811888
[2025.02.24 15:22:38.096 ms]:[INFO]:[PSAG_ACTOR_CORE]: game_actor entity create: 128
[2025.02.24 15:22:38.371 ms]:[INFO]:[PSAG_TOOL_NOTFIY]: station receive pair: PPActor/PPActorBullet, data_size: 12 bytes
[2025.02.24 15:22:38.371 ms]:[INFO]:[PSAG_ACTOR_CORE]: game_actor get textures: 1
[2025.02.24 15:22:38.371 ms]:[INFO]:[PSAG_ACTOR_CORE]: game_actor render_comp init.
[2025.02.24 15:22:38.371 ms]:[INFO]:[PSAG_PHYSICS]: phy_world => body_data, name: ZPGamePhysics
[2025.02.24 15:22:38.371 ms]:[INFO]:[PSAG_PHYSICS]: body_data(dynamic) item: alloc key: 1659204809200
[2025.02.24 15:22:38.371 ms]:[INFO]:[PSAG_ACTOR_CORE]: game_actor entity create: 130
[2025.02.24 15:22:38.609 ms]:[INFO]:[PSAG_TOOL_NOTFIY]: station receive pair: PPActor/PPActorBullet, data_size: 12 bytes
[2025.02.24 15:22:38.609 ms]:[INFO]:[PSAG_ACTOR_CORE]: game_actor get textures: 1
[2025.02.24 15:22:38.609 ms]:[INFO]:[PSAG_ACTOR_CORE]: game_actor render_comp init.
[2025.02.24 15:22:38.609 ms]:[INFO]:[PSAG_PHYSICS]: phy_world => body_data, name: ZPGamePhysics
[2025.02.24 15:22:38.609 ms]:[INFO]:[PSAG_PHYSICS]: body_data(dynamic) item: alloc key: 1659204806848
[2025.02.24 15:22:38.609 ms]:[INFO]:[PSAG_ACTOR_CORE]: game_actor entity create: 132
[2025.02.24 15:22:40.204 ms]:[INFO]:[PSAG_PHYSICS]: phy_world => body_data, name: ZPGamePhysics
[2025.02.24 15:22:40.204 ms]:[INFO]:[PSAG_PHYSICS]: body_data item: delete key: 1657865019136
[2025.02.24 15:22:40.204 ms]:[INFO]:[PSAG_ACTOR_CORE]: game_actor entity delete: 132
[2025.02.24 15:22:41.671 ms]:[INFO]:[PSAG_PHYSICS]: phy_world => body_data, name: ZPGamePhysics
[2025.02.24 15:22:41.671 ms]:[INFO]:[PSAG_PHYSICS]: body_data item: delete key: 1657865018560
[2025.02.24 15:22:41.671 ms]:[INFO]:[PSAG_ACTOR_CORE]: game_actor entity delete: 126
[2025.02.24 15:22:42.154 ms]:[INFO]:[PSAG_PHYSICS]: phy_world => body_data, name: ZPGamePhysics
[2025.02.24 15:22:42.154 ms]:[INFO]:[PSAG_PHYSICS]: body_data item: delete key: 1657865018752
[2025.02.24 15:22:42.154 ms]:[INFO]:[PSAG_ACTOR_CORE]: game_actor entity delete: 128
[2025.02.24 15:22:44.007 ms]:[INFO]:[PSAG_PHYSICS]: phy_world => body_data, name: ZPGamePhysics
[2025.02.24 15:22:44.007 ms]:[INFO]:[PSAG_PHYSICS]: body_data item: delete key: 1657865018944
[2025.02.24 15:22:44.007 ms]:[INFO]:[PSAG_ACTOR_CORE]: game_actor entity delete: 130
[2025.02.24 15:22:44.822 ms]:[INFO]:[PSAG_PHYSICS]: phy_world => body_data, name: ZPGamePhysics
[2025.02.24 15:22:44.822 ms]:[INFO]:[PSAG_PHYSICS]: body_data item: delete key: 1657865018368
[2025.02.24 15:22:44.822 ms]:[INFO]:[PSAG_ACTOR_CORE]: game_actor entity delete: 124
[2025.02.24 15:22:45.801 ms]:[INFO]:[PSAG_TOOL_NOTFIY]: station receive pair: PPActor/PPActorBullet, data_size: 12 bytes
[2025.02.24 15:22:45.801 ms]:[INFO]:[PSAG_ACTOR_CORE]: game_actor get textures: 1
[2025.02.24 15:22:45.801 ms]:[INFO]:[PSAG_ACTOR_CORE]: game_actor render_comp init.
[2025.02.24 15:22:45.801 ms]:[INFO]:[PSAG_PHYSICS]: phy_world => body_data, name: ZPGamePhysics
[2025.02.24 15:22:45.801 ms]:[INFO]:[PSAG_PHYSICS]: body_data(dynamic) item: alloc key: 1659204806848
[2025.02.24 15:22:45.801 ms]:[INFO]:[PSAG_ACTOR_CORE]: game_actor entity create: 134
[2025.02.24 15:22:46.076 ms]:[INFO]:[PSAG_TOOL_NOTFIY]: station receive pair: PPActor/PPActorBullet, data_size: 12 bytes
[2025.02.24 15:22:46.077 ms]:[INFO]:[PSAG_ACTOR_CORE]: game_actor get textures: 1
[2025.02.24 15:22:46.077 ms]:[INFO]:[PSAG_ACTOR_CORE]: game_actor render_comp init.
[2025.02.24 15:22:46.077 ms]:[INFO]:[PSAG_PHYSICS]: phy_world => body_data, name: ZPGamePhysics
[2025.02.24 15:22:46.077 ms]:[INFO]:[PSAG_PHYSICS]: body_data(dynamic) item: alloc key: 1659204804832
[2025.02.24 15:22:46.077 ms]:[INFO]:[PSAG_ACTOR_CORE]: game_actor entity create: 136
[2025.02.24 15:22:46.126 ms]:[INFO]:[PSAG_TOOL_NOTFIY]: station receive pair: PPActor/PPActorBullet, data_size: 12 bytes
[2025.02.24 15:22:46.126 ms]:[INFO]:[PSAG_ACTOR_CORE]: game_actor get textures: 1
[2025.02.24 15:22:46.126 ms]:[INFO]:[PSAG_ACTOR_CORE]: game_actor render_comp init.
[2025.02.24 15:22:46.126 ms]:[INFO]:[PSAG_PHYSICS]: phy_world => body_data, name: ZPGamePhysics
[2025.02.24 15:22:46.127 ms]:[INFO]:[PSAG_PHYSICS]: body_data(dynamic) item: alloc key: 1659204807184
[2025.02.24 15:22:46.127 ms]:[INFO]:[PSAG_ACTOR_CORE]: game_actor entity create: 138
[2025.02.24 15:22:46.177 ms]:[INFO]:[PSAG_TOOL_NOTFIY]: station receive pair: PPActor/PPActorBullet, data_size: 12 bytes
[2025.02.24 15:22:46.178 ms]:[INFO]:[PSAG_ACTOR_CORE]: game_actor get textures: 1
[2025.02.24 15:22:46.178 ms]:[INFO]:[PSAG_ACTOR_CORE]: game_actor render_comp init.
[2025.02.24 15:22:46.178 ms]:[INFO]:[PSAG_PHYSICS]: phy_world => body_data, name: ZPGamePhysics
[2025.02.24 15:22:46.178 ms]:[INFO]:[PSAG_PHYSICS]: body_data(dynamic) item: alloc key: 1659204810880
[2025.02.24 15:22:46.178 ms]:[INFO]:[PSAG_ACTOR_CORE]: game_actor entity create: 140
[2025.02.24 15:22:46.228 ms]:[INFO]:[PSAG_TOOL_NOTFIY]: station receive pair: PPActor/PPActorBullet, data_size: 12 bytes
[2025.02.24 15:22:46.229 ms]:[INFO]:[PSAG_ACTOR_CORE]: game_actor get textures: 1
[2025.02.24 15:22:46.230 ms]:[INFO]:[PSAG_ACTOR_CORE]: game_actor render_comp init.
[2025.02.24 15:22:46.230 ms]:[INFO]:[PSAG_PHYSICS]: phy_world => body_data, name: ZPGamePhysics
[2025.02.24 15:22:46.230 ms]:[INFO]:[PSAG_PHYSICS]: body_data(dynamic) item: alloc key: 1659204809200
[2025.02.24 15:22:46.230 ms]:[INFO]:[PSAG_ACTOR_CORE]: game_actor entity create: 142
[2025.02.24 15:22:52.189 ms]:[INFO]:[PSAG_PHYSICS]: phy_world => body_data, name: ZPGamePhysics
[2025.02.24 15:22:52.189 ms]:[INFO]:[PSAG_PHYSICS]: body_data item: delete key: 1657865019136
[2025.02.24 15:22:52.189 ms]:[INFO]:[PSAG_ACTOR_CORE]: game_actor entity delete: 142
[2025.02.24 15:22:52.226 ms]:[INFO]:[PSAG_PHYSICS]: phy_world => body_data, name: ZPGamePhysics
[2025.02.24 15:22:52.226 ms]:[INFO]:[PSAG_PHYSICS]: body_data item: delete key: 1657865018560
[2025.02.24 15:22:52.226 ms]:[INFO]:[PSAG_ACTOR_CORE]: game_actor entity delete: 140
[2025.02.24 15:22:52.276 ms]:[INFO]:[PSAG_PHYSICS]: phy_world => body_data, name: ZPGamePhysics
[2025.02.24 15:22:52.276 ms]:[INFO]:[PSAG_PHYSICS]: body_data item: delete key: 1657865018752
[2025.02.24 15:22:52.276 ms]:[INFO]:[PSAG_ACTOR_CORE]: game_actor entity delete: 138
[2025.02.24 15:22:52.323 ms]:[INFO]:[PSAG_PHYSICS]: phy_world => body_data, name: ZPGamePhysics
[2025.02.24 15:22:52.324 ms]:[INFO]:[PSAG_PHYSICS]: body_data item: delete key: 1657865018944
[2025.02.24 15:22:52.324 ms]:[INFO]:[PSAG_ACTOR_CORE]: game_actor entity delete: 136
[2025.02.24 15:22:52.551 ms]:[INFO]:[PSAG_PHYSICS]: phy_world => body_data, name: ZPGamePhysics
[2025.02.24 15:22:52.551 ms]:[INFO]:[PSAG_PHYSICS]: body_data item: delete key: 1657865018368
[2025.02.24 15:22:52.551 ms]:[INFO]:[PSAG_ACTOR_CORE]: game_actor entity delete: 134
[2025.02.24 15:22:56.903 ms]:[INFO]:[PSAG_TOOL_NOTFIY]: station receive pair: PPActor/PPActorBullet, data_size: 12 bytes
[2025.02.24 15:22:56.903 ms]:[INFO]:[PSAG_ACTOR_CORE]: game_actor get textures: 1
[2025.02.24 15:22:56.903 ms]:[INFO]:[PSAG_ACTOR_CORE]: game_actor render_comp init.
[2025.02.24 15:22:56.903 ms]:[INFO]:[PSAG_PHYSICS]: phy_world => body_data, name: ZPGamePhysics
[2025.02.24 15:22:56.903 ms]:[INFO]:[PSAG_PHYSICS]: body_data(dynamic) item: alloc key: 1659204810880
[2025.02.24 15:22:56.903 ms]:[INFO]:[PSAG_ACTOR_CORE]: game_actor entity create: 144
[2025.02.24 15:22:57.178 ms]:[INFO]:[PSAG_TOOL_NOTFIY]: station receive pair: PPActor/PPActorBullet, data_size: 12 bytes
[2025.02.24 15:22:57.178 ms]:[INFO]:[PSAG_ACTOR_CORE]: game_actor get textures: 1
[2025.02.24 15:22:57.178 ms]:[INFO]:[PSAG_ACTOR_CORE]: game_actor render_comp init.
[2025.02.24 15:22:57.178 ms]:[INFO]:[PSAG_PHYSICS]: phy_world => body_data, name: ZPGamePhysics
[2025.02.24 15:22:57.178 ms]:[INFO]:[PSAG_PHYSICS]: body_data(dynamic) item: alloc key: 1659204809200
[2025.02.24 15:22:57.178 ms]:[INFO]:[PSAG_ACTOR_CORE]: game_actor entity create: 146
[2025.02.24 15:22:57.230 ms]:[INFO]:[PSAG_TOOL_NOTFIY]: station receive pair: PPActor/PPActorBullet, data_size: 12 bytes
[2025.02.24 15:22:57.230 ms]:[INFO]:[PSAG_ACTOR_CORE]: game_actor get textures: 1
[2025.02.24 15:22:57.230 ms]:[INFO]:[PSAG_ACTOR_CORE]: game_actor render_comp init.
[2025.02.24 15:22:57.230 ms]:[INFO]:[PSAG_PHYSICS]: phy_world => body_data, name: ZPGamePhysics
[2025.02.24 15:22:57.230 ms]:[INFO]:[PSAG_PHYSICS]: body_data(dynamic) item: alloc key: 1659204811216
[2025.02.24 15:22:57.230 ms]:[INFO]:[PSAG_ACTOR_CORE]: game_actor entity create: 148
[2025.02.24 15:22:57.280 ms]:[INFO]:[PSAG_TOOL_NOTFIY]: station receive pair: PPActor/PPActorBullet, data_size: 12 bytes
[2025.02.24 15:22:57.280 ms]:[INFO]:[PSAG_ACTOR_CORE]: game_actor get textures: 1
[2025.02.24 15:22:57.280 ms]:[INFO]:[PSAG_ACTOR_CORE]: game_actor render_comp init.
[2025.02.24 15:22:57.280 ms]:[INFO]:[PSAG_PHYSICS]: phy_world => body_data, name: ZPGamePhysics
[2025.02.24 15:22:57.281 ms]:[INFO]:[PSAG_PHYSICS]: body_data(dynamic) item: alloc key: 1659204806848
[2025.02.24 15:22:57.281 ms]:[INFO]:[PSAG_ACTOR_CORE]: game_actor entity create: 150
[2025.02.24 15:22:57.328 ms]:[INFO]:[PSAG_TOOL_NOTFIY]: station receive pair: PPActor/PPActorBullet, data_size: 12 bytes
[2025.02.24 15:22:57.328 ms]:[INFO]:[PSAG_ACTOR_CORE]: game_actor get textures: 1
[2025.02.24 15:22:57.329 ms]:[INFO]:[PSAG_ACTOR_CORE]: game_actor render_comp init.
[2025.02.24 15:22:57.329 ms]:[INFO]:[PSAG_PHYSICS]: phy_world => body_data, name: ZPGamePhysics
[2025.02.24 15:22:57.329 ms]:[INFO]:[PSAG_PHYSICS]: body_data(dynamic) item: alloc key: 1659204809536
[2025.02.24 15:22:57.329 ms]:[INFO]:[PSAG_ACTOR_CORE]: game_actor entity create: 152
[2025.02.24 15:23:00.791 ms]:[INFO]:[PSAG_PHYSICS]: phy_world => body_data, name: ZPGamePhysics
[2025.02.24 15:23:00.791 ms]:[INFO]:[PSAG_PHYSICS]: body_data item: delete key: 1657865019136
[2025.02.24 15:23:00.792 ms]:[INFO]:[PSAG_ACTOR_CORE]: game_actor entity delete: 152
[2025.02.24 15:23:00.853 ms]:[INFO]:[PSAG_PHYSICS]: phy_world => body_data, name: ZPGamePhysics
[2025.02.24 15:23:00.853 ms]:[INFO]:[PSAG_PHYSICS]: body_data item: delete key: 1657865018560
[2025.02.24 15:23:00.853 ms]:[INFO]:[PSAG_ACTOR_CORE]: game_actor entity delete: 150
[2025.02.24 15:23:00.891 ms]:[INFO]:[PSAG_PHYSICS]: phy_world => body_data, name: ZPGamePhysics
[2025.02.24 15:23:00.891 ms]:[INFO]:[PSAG_PHYSICS]: body_data item: delete key: 1657865018752
[2025.02.24 15:23:00.891 ms]:[INFO]:[PSAG_ACTOR_CORE]: game_actor entity delete: 148
[2025.02.24 15:23:00.913 ms]:[INFO]:[PSAG_PHYSICS]: phy_world => body_data, name: ZPGamePhysics
[2025.02.24 15:23:00.913 ms]:[INFO]:[PSAG_PHYSICS]: body_data item: delete key: 1657865018944
[2025.02.24 15:23:00.913 ms]:[INFO]:[PSAG_ACTOR_CORE]: game_actor entity delete: 146
[2025.02.24 15:23:03.436 ms]:[INFO]:[PSAG_TOOL_NOTFIY]: station receive pair: PPActor/PPActorBullet, data_size: 12 bytes
[2025.02.24 15:23:03.437 ms]:[INFO]:[PSAG_ACTOR_CORE]: game_actor get textures: 1
[2025.02.24 15:23:03.437 ms]:[INFO]:[PSAG_ACTOR_CORE]: game_actor render_comp init.
[2025.02.24 15:23:03.437 ms]:[INFO]:[PSAG_PHYSICS]: phy_world => body_data, name: ZPGamePhysics
[2025.02.24 15:23:03.437 ms]:[INFO]:[PSAG_PHYSICS]: body_data(dynamic) item: alloc key: 1659204806848
[2025.02.24 15:23:03.437 ms]:[INFO]:[PSAG_ACTOR_CORE]: game_actor entity create: 154
[2025.02.24 15:23:03.714 ms]:[INFO]:[PSAG_TOOL_NOTFIY]: station receive pair: PPActor/PPActorBullet, data_size: 12 bytes
[2025.02.24 15:23:03.714 ms]:[INFO]:[PSAG_ACTOR_CORE]: game_actor get textures: 1
[2025.02.24 15:23:03.714 ms]:[INFO]:[PSAG_ACTOR_CORE]: game_actor render_comp init.
[2025.02.24 15:23:03.714 ms]:[INFO]:[PSAG_PHYSICS]: phy_world => body_data, name: ZPGamePhysics
[2025.02.24 15:23:03.714 ms]:[INFO]:[PSAG_PHYSICS]: body_data(dynamic) item: alloc key: 1659204809200
[2025.02.24 15:23:03.714 ms]:[INFO]:[PSAG_ACTOR_CORE]: game_actor entity create: 156
[2025.02.24 15:23:03.763 ms]:[INFO]:[PSAG_TOOL_NOTFIY]: station receive pair: PPActor/PPActorBullet, data_size: 12 bytes
[2025.02.24 15:23:03.763 ms]:[INFO]:[PSAG_ACTOR_CORE]: game_actor get textures: 1
[2025.02.24 15:23:03.763 ms]:[INFO]:[PSAG_ACTOR_CORE]: game_actor render_comp init.
[2025.02.24 15:23:03.763 ms]:[INFO]:[PSAG_PHYSICS]: phy_world => body_data, name: ZPGamePhysics
[2025.02.24 15:23:03.763 ms]:[INFO]:[PSAG_PHYSICS]: body_data(dynamic) item: alloc key: 1659204807184
[2025.02.24 15:23:03.763 ms]:[INFO]:[PSAG_ACTOR_CORE]: game_actor entity create: 158
[2025.02.24 15:23:03.812 ms]:[INFO]:[PSAG_TOOL_NOTFIY]: station receive pair: PPActor/PPActorBullet, data_size: 12 bytes
[2025.02.24 15:23:03.813 ms]:[INFO]:[PSAG_ACTOR_CORE]: game_actor get textures: 1
[2025.02.24 15:23:03.813 ms]:[INFO]:[PSAG_ACTOR_CORE]: game_actor render_comp init.
[2025.02.24 15:23:03.813 ms]:[INFO]:[PSAG_PHYSICS]: phy_world => body_data, name: ZPGamePhysics
[2025.02.24 15:23:03.813 ms]:[INFO]:[PSAG_PHYSICS]: body_data(dynamic) item: alloc key: 1659204811552
[2025.02.24 15:23:03.813 ms]:[INFO]:[PSAG_ACTOR_CORE]: game_actor entity create: 160
[2025.02.24 15:23:05.870 ms]:[INFO]:[PSAG_PHYSICS]: phy_world => body_data, name: ZPGamePhysics
[2025.02.24 15:23:05.870 ms]:[INFO]:[PSAG_PHYSICS]: body_data item: delete key: 1657865018368
[2025.02.24 15:23:05.870 ms]:[INFO]:[PSAG_ACTOR_CORE]: game_actor entity delete: 144
[2025.02.24 15:23:08.703 ms]:[INFO]:[PSAG_PHYSICS]: phy_world => body_data, name: ZPGamePhysics
[2025.02.24 15:23:08.703 ms]:[INFO]:[PSAG_PHYSICS]: body_data item: delete key: 1657865018752
[2025.02.24 15:23:08.703 ms]:[INFO]:[PSAG_ACTOR_CORE]: game_actor entity delete: 156
[2025.02.24 15:23:08.856 ms]:[INFO]:[PSAG_PHYSICS]: phy_world => body_data, name: ZPGamePhysics
[2025.02.24 15:23:08.856 ms]:[INFO]:[PSAG_PHYSICS]: body_data item: delete key: 1657865018560
[2025.02.24 15:23:08.856 ms]:[INFO]:[PSAG_ACTOR_CORE]: game_actor entity delete: 158
[2025.02.24 15:23:09.008 ms]:[INFO]:[PSAG_PHYSICS]: phy_world => body_data, name: ZPGamePhysics
[2025.02.24 15:23:09.009 ms]:[INFO]:[PSAG_PHYSICS]: body_data item: delete key: 1657865019136
[2025.02.24 15:23:09.009 ms]:[INFO]:[PSAG_ACTOR_CORE]: game_actor entity delete: 160
[2025.02.24 15:23:10.012 ms]:[INFO]:[PSAG_TOOL_NOTFIY]: station receive pair: PPActor/PPActorBullet, data_size: 12 bytes
[2025.02.24 15:23:10.012 ms]:[INFO]:[PSAG_ACTOR_CORE]: game_actor get textures: 1
[2025.02.24 15:23:10.012 ms]:[INFO]:[PSAG_ACTOR_CORE]: game_actor render_comp init.
[2025.02.24 15:23:10.012 ms]:[INFO]:[PSAG_PHYSICS]: phy_world => body_data, name: ZPGamePhysics
[2025.02.24 15:23:10.012 ms]:[INFO]:[PSAG_PHYSICS]: body_data(dynamic) item: alloc key: 1659204807184
[2025.02.24 15:23:10.012 ms]:[INFO]:[PSAG_ACTOR_CORE]: game_actor entity create: 162
[2025.02.24 15:23:10.478 ms]:[INFO]:[PSAG_TOOL_NOTFIY]: station receive pair: PPActor/PPActorBullet, data_size: 12 bytes
[2025.02.24 15:23:10.478 ms]:[INFO]:[PSAG_ACTOR_CORE]: game_actor get textures: 1
[2025.02.24 15:23:10.478 ms]:[INFO]:[PSAG_ACTOR_CORE]: game_actor render_comp init.
[2025.02.24 15:23:10.478 ms]:[INFO]:[PSAG_PHYSICS]: phy_world => body_data, name: ZPGamePhysics
[2025.02.24 15:23:10.478 ms]:[INFO]:[PSAG_PHYSICS]: body_data(dynamic) item: alloc key: 1659204809200
[2025.02.24 15:23:10.478 ms]:[INFO]:[PSAG_ACTOR_CORE]: game_actor entity create: 164
[2025.02.24 15:23:10.802 ms]:[INFO]:[PSAG_PHYSICS]: phy_world => body_data, name: ZPGamePhysics
[2025.02.24 15:23:10.802 ms]:[INFO]:[PSAG_PHYSICS]: body_data item: delete key: 1657865018944
[2025.02.24 15:23:10.802 ms]:[INFO]:[PSAG_ACTOR_CORE]: game_actor entity delete: 154
[2025.02.24 15:23:11.463 ms]:[INFO]:[PSAG_TOOL_NOTFIY]: station receive pair: PPActor/PPActorBullet, data_size: 12 bytes
[2025.02.24 15:23:11.463 ms]:[INFO]:[PSAG_ACTOR_CORE]: game_actor get textures: 1
[2025.02.24 15:23:11.463 ms]:[INFO]:[PSAG_ACTOR_CORE]: game_actor render_comp init.
[2025.02.24 15:23:11.463 ms]:[INFO]:[PSAG_PHYSICS]: phy_world => body_data, name: ZPGamePhysics
[2025.02.24 15:23:11.463 ms]:[INFO]:[PSAG_PHYSICS]: body_data(dynamic) item: alloc key: 1659204806848
[2025.02.24 15:23:11.463 ms]:[INFO]:[PSAG_ACTOR_CORE]: game_actor entity create: 166
[2025.02.24 15:23:12.393 ms]:[INFO]:[PSAG_TOOL_NOTFIY]: station receive pair: PPActor/PPActorBullet, data_size: 12 bytes
[2025.02.24 15:23:12.393 ms]:[INFO]:[PSAG_ACTOR_CORE]: game_actor get textures: 1
[2025.02.24 15:23:12.394 ms]:[INFO]:[PSAG_ACTOR_CORE]: game_actor render_comp init.
[2025.02.24 15:23:12.394 ms]:[INFO]:[PSAG_PHYSICS]: phy_world => body_data, name: ZPGamePhysics
[2025.02.24 15:23:12.394 ms]:[INFO]:[PSAG_PHYSICS]: body_data(dynamic) item: alloc key: 1659204809536
[2025.02.24 15:23:12.394 ms]:[INFO]:[PSAG_ACTOR_CORE]: game_actor entity create: 168
[2025.02.24 15:23:13.845 ms]:[INFO]:[PSAG_TOOL_NOTFIY]: station receive pair: PPActor/PPActorBullet, data_size: 12 bytes
[2025.02.24 15:23:13.845 ms]:[INFO]:[PSAG_ACTOR_CORE]: game_actor get textures: 1
[2025.02.24 15:23:13.846 ms]:[INFO]:[PSAG_ACTOR_CORE]: game_actor render_comp init.
[2025.02.24 15:23:13.846 ms]:[INFO]:[PSAG_PHYSICS]: phy_world => body_data, name: ZPGamePhysics
[2025.02.24 15:23:13.846 ms]:[INFO]:[PSAG_PHYSICS]: body_data(dynamic) item: alloc key: 1659204804832
[2025.02.24 15:23:13.846 ms]:[INFO]:[PSAG_ACTOR_CORE]: game_actor entity create: 170
[2025.02.24 15:23:15.125 ms]:[INFO]:[PSAG_PHYSICS]: phy_world => body_data, name: ZPGamePhysics
[2025.02.24 15:23:15.126 ms]:[INFO]:[PSAG_PHYSICS]: body_data item: delete key: 1657865018560
[2025.02.24 15:23:15.126 ms]:[INFO]:[PSAG_ACTOR_CORE]: game_actor entity delete: 164
[2025.02.24 15:23:17.269 ms]:[INFO]:[PSAG_PHYSICS]: phy_world => body_data, name: ZPGamePhysics
[2025.02.24 15:23:17.269 ms]:[INFO]:[PSAG_PHYSICS]: body_data item: delete key: 1657865019136
[2025.02.24 15:23:17.269 ms]:[INFO]:[PSAG_ACTOR_CORE]: game_actor entity delete: 162
[2025.02.24 15:23:18.225 ms]:[INFO]:[PSAG_PHYSICS]: phy_world => body_data, name: ZPGamePhysics
[2025.02.24 15:23:18.225 ms]:[INFO]:[PSAG_PHYSICS]: body_data item: delete key: 1657865018944
[2025.02.24 15:23:18.225 ms]:[INFO]:[PSAG_ACTOR_CORE]: game_actor entity delete: 166
[2025.02.24 15:23:19.132 ms]:[INFO]:[PSAG_PHYSICS]: phy_world => body_data, name: ZPGamePhysics
[2025.02.24 15:23:19.132 ms]:[INFO]:[PSAG_PHYSICS]: body_data item: delete key: 1657865018752
[2025.02.24 15:23:19.132 ms]:[INFO]:[PSAG_ACTOR_CORE]: game_actor entity delete: 168
[2025.02.24 15:23:23.387 ms]:[INFO]:[PSAG_TOOL_NOTFIY]: station receive pair: PPActor/PPActorBullet, data_size: 12 bytes
[2025.02.24 15:23:23.387 ms]:[INFO]:[PSAG_ACTOR_CORE]: game_actor get textures: 1
[2025.02.24 15:23:23.387 ms]:[INFO]:[PSAG_ACTOR_CORE]: game_actor render_comp init.
[2025.02.24 15:23:23.387 ms]:[INFO]:[PSAG_PHYSICS]: phy_world => body_data, name: ZPGamePhysics
[2025.02.24 15:23:23.387 ms]:[INFO]:[PSAG_PHYSICS]: body_data(dynamic) item: alloc key: 1659204810880
[2025.02.24 15:23:23.388 ms]:[INFO]:[PSAG_ACTOR_CORE]: game_actor entity create: 172
[2025.02.24 15:23:23.883 ms]:[INFO]:[PSAG_TOOL_NOTFIY]: station receive pair: PPActor/PPActorBullet, data_size: 12 bytes
[2025.02.24 15:23:23.883 ms]:[INFO]:[PSAG_ACTOR_CORE]: game_actor get textures: 1
[2025.02.24 15:23:23.883 ms]:[INFO]:[PSAG_ACTOR_CORE]: game_actor render_comp init.
[2025.02.24 15:23:23.883 ms]:[INFO]:[PSAG_PHYSICS]: phy_world => body_data, name: ZPGamePhysics
[2025.02.24 15:23:23.883 ms]:[INFO]:[PSAG_PHYSICS]: body_data(dynamic) item: alloc key: 1659204806848
[2025.02.24 15:23:23.883 ms]:[INFO]:[PSAG_ACTOR_CORE]: game_actor entity create: 174
[2025.02.24 15:23:24.642 ms]:[INFO]:[PSAG_TOOL_NOTFIY]: station receive pair: PPActor/PPActorBullet, data_size: 12 bytes
[2025.02.24 15:23:24.643 ms]:[INFO]:[PSAG_ACTOR_CORE]: game_actor get textures: 1
[2025.02.24 15:23:24.643 ms]:[INFO]:[PSAG_ACTOR_CORE]: game_actor render_comp init.
[2025.02.24 15:23:24.643 ms]:[INFO]:[PSAG_PHYSICS]: phy_world => body_data, name: ZPGamePhysics
[2025.02.24 15:23:24.643 ms]:[INFO]:[PSAG_PHYSICS]: body_data(dynamic) item: alloc key: 1659204807184
[2025.02.24 15:23:24.643 ms]:[INFO]:[PSAG_ACTOR_CORE]: game_actor entity create: 176
[2025.02.24 15:23:25.234 ms]:[INFO]:[PSAG_TOOL_NOTFIY]: station receive pair: PPActor/PPActorBullet, data_size: 12 bytes
[2025.02.24 15:23:25.234 ms]:[INFO]:[PSAG_ACTOR_CORE]: game_actor get textures: 1
[2025.02.24 15:23:25.234 ms]:[INFO]:[PSAG_ACTOR_CORE]: game_actor render_comp init.
[2025.02.24 15:23:25.235 ms]:[INFO]:[PSAG_PHYSICS]: phy_world => body_data, name: ZPGamePhysics
[2025.02.24 15:23:25.235 ms]:[INFO]:[PSAG_PHYSICS]: body_data(dynamic) item: alloc key: 1659204809200
[2025.02.24 15:23:25.235 ms]:[INFO]:[PSAG_ACTOR_CORE]: game_actor entity create: 178
[2025.02.24 15:23:29.579 ms]:[INFO]:[PSAG_PHYSICS]: phy_world => body_data, name: ZPGamePhysics
[2025.02.24 15:23:29.579 ms]:[INFO]:[PSAG_PHYSICS]: body_data item: delete key: 1657865018752
[2025.02.24 15:23:29.579 ms]:[INFO]:[PSAG_ACTOR_CORE]: game_actor entity delete: 172
[2025.02.24 15:23:30.099 ms]:[INFO]:[PSAG_PHYSICS]: phy_world => body_data, name: ZPGamePhysics
[2025.02.24 15:23:30.099 ms]:[INFO]:[PSAG_PHYSICS]: body_data item: delete key: 1657865018944
[2025.02.24 15:23:30.100 ms]:[INFO]:[PSAG_ACTOR_CORE]: game_actor entity delete: 174
[2025.02.24 15:23:31.326 ms]:[INFO]:[PSAG_PHYSICS]: phy_world => body_data, name: ZPGamePhysics
[2025.02.24 15:23:31.326 ms]:[INFO]:[PSAG_PHYSICS]: body_data item: delete key: 1657865018368
[2025.02.24 15:23:31.326 ms]:[INFO]:[PSAG_ACTOR_CORE]: game_actor entity delete: 170
[2025.02.24 15:23:32.650 ms]:[INFO]:[PSAG_PHYSICS]: phy_world => body_data, name: ZPGamePhysics
[2025.02.24 15:23:32.650 ms]:[INFO]:[PSAG_PHYSICS]: body_data item: delete key: 1657865018560
[2025.02.24 15:23:32.650 ms]:[INFO]:[PSAG_ACTOR_CORE]: game_actor entity delete: 178
[2025.02.24 15:23:35.544 ms]:[INFO]:[PSAG_PHYSICS]: phy_world => body_data, name: ZPGamePhysics
[2025.02.24 15:23:35.544 ms]:[INFO]:[PSAG_PHYSICS]: body_data item: delete key: 1657865019136
[2025.02.24 15:23:35.544 ms]:[INFO]:[PSAG_ACTOR_CORE]: game_actor entity delete: 176
[2025.02.24 15:23:40.848 ms]:[INFO]:[PSAG_TOOL_NOTFIY]: station receive pair: PPActor/PPActorBullet, data_size: 12 bytes
[2025.02.24 15:23:40.849 ms]:[INFO]:[PSAG_ACTOR_CORE]: game_actor get textures: 1
[2025.02.24 15:23:40.849 ms]:[INFO]:[PSAG_ACTOR_CORE]: game_actor render_comp init.
[2025.02.24 15:23:40.849 ms]:[INFO]:[PSAG_PHYSICS]: phy_world => body_data, name: ZPGamePhysics
[2025.02.24 15:23:40.849 ms]:[INFO]:[PSAG_PHYSICS]: body_data(dynamic) item: alloc key: 1659204804832
[2025.02.24 15:23:40.849 ms]:[INFO]:[PSAG_ACTOR_CORE]: game_actor entity create: 180
[2025.02.24 15:23:41.529 ms]:[INFO]:[PSAG_TOOL_NOTFIY]: station receive pair: PPActor/PPActorBullet, data_size: 12 bytes
[2025.02.24 15:23:41.530 ms]:[INFO]:[PSAG_ACTOR_CORE]: game_actor get textures: 1
[2025.02.24 15:23:41.530 ms]:[INFO]:[PSAG_ACTOR_CORE]: game_actor render_comp init.
[2025.02.24 15:23:41.530 ms]:[INFO]:[PSAG_PHYSICS]: phy_world => body_data, name: ZPGamePhysics
[2025.02.24 15:23:41.530 ms]:[INFO]:[PSAG_PHYSICS]: body_data(dynamic) item: alloc key: 1659204809200
[2025.02.24 15:23:41.530 ms]:[INFO]:[PSAG_ACTOR_CORE]: game_actor entity create: 182
[2025.02.24 15:23:41.805 ms]:[INFO]:[PSAG_TOOL_NOTFIY]: station receive pair: PPActor/PPActorBullet, data_size: 12 bytes
[2025.02.24 15:23:41.805 ms]:[INFO]:[PSAG_ACTOR_CORE]: game_actor get textures: 1
[2025.02.24 15:23:41.805 ms]:[INFO]:[PSAG_ACTOR_CORE]: game_actor render_comp init.
[2025.02.24 15:23:41.805 ms]:[INFO]:[PSAG_PHYSICS]: phy_world => body_data, name: ZPGamePhysics
[2025.02.24 15:23:41.805 ms]:[INFO]:[PSAG_PHYSICS]: body_data(dynamic) item: alloc key: 1659204809536
[2025.02.24 15:23:41.805 ms]:[INFO]:[PSAG_ACTOR_CORE]: game_actor entity create: 184
[2025.02.24 15:23:41.854 ms]:[INFO]:[PSAG_TOOL_NOTFIY]: station receive pair: PPActor/PPActorBullet, data_size: 12 bytes
[2025.02.24 15:23:41.855 ms]:[INFO]:[PSAG_ACTOR_CORE]: game_actor get textures: 1
[2025.02.24 15:23:41.855 ms]:[INFO]:[PSAG_ACTOR_CORE]: game_actor render_comp init.
[2025.02.24 15:23:41.855 ms]:[INFO]:[PSAG_PHYSICS]: phy_world => body_data, name: ZPGamePhysics
[2025.02.24 15:23:41.855 ms]:[INFO]:[PSAG_PHYSICS]: body_data(dynamic) item: alloc key: 1659204809872
[2025.02.24 15:23:41.855 ms]:[INFO]:[PSAG_ACTOR_CORE]: game_actor entity create: 186
[2025.02.24 15:23:41.906 ms]:[INFO]:[PSAG_TOOL_NOTFIY]: station receive pair: PPActor/PPActorBullet, data_size: 12 bytes
[2025.02.24 15:23:41.906 ms]:[INFO]:[PSAG_ACTOR_CORE]: game_actor get textures: 1
[2025.02.24 15:23:41.906 ms]:[INFO]:[PSAG_ACTOR_CORE]: game_actor render_comp init.
[2025.02.24 15:23:41.906 ms]:[INFO]:[PSAG_PHYSICS]: phy_world => body_data, name: ZPGamePhysics
[2025.02.24 15:23:41.907 ms]:[INFO]:[PSAG_PHYSICS]: body_data(dynamic) item: alloc key: 1659204810880
[2025.02.24 15:23:41.907 ms]:[INFO]:[PSAG_ACTOR_CORE]: game_actor entity create: 188
[2025.02.24 15:23:47.763 ms]:[INFO]:[PSAG_PHYSICS]: phy_world => body_data, name: ZPGamePhysics
[2025.02.24 15:23:47.763 ms]:[INFO]:[PSAG_PHYSICS]: body_data item: delete key: 1657865018368
[2025.02.24 15:23:47.763 ms]:[INFO]:[PSAG_ACTOR_CORE]: game_actor entity delete: 184
[2025.02.24 15:23:47.815 ms]:[INFO]:[PSAG_PHYSICS]: phy_world => body_data, name: ZPGamePhysics
[2025.02.24 15:23:47.815 ms]:[INFO]:[PSAG_PHYSICS]: body_data item: delete key: 1657865018944
[2025.02.24 15:23:47.815 ms]:[INFO]:[PSAG_ACTOR_CORE]: game_actor entity delete: 186
[2025.02.24 15:23:47.838 ms]:[INFO]:[PSAG_PHYSICS]: phy_world => body_data, name: ZPGamePhysics
[2025.02.24 15:23:47.838 ms]:[INFO]:[PSAG_PHYSICS]: body_data item: delete key: 1657865018752
[2025.02.24 15:23:47.838 ms]:[INFO]:[PSAG_ACTOR_CORE]: game_actor entity delete: 188
[2025.02.24 15:23:58.517 ms]:[INFO]:[PSAG_PHYSICS]: phy_world => body_data, name: ZPGamePhysics
[2025.02.24 15:23:58.517 ms]:[INFO]:[PSAG_PHYSICS]: body_data item: delete key: 1657865018560
[2025.02.24 15:23:58.517 ms]:[INFO]:[PSAG_ACTOR_CORE]: game_actor entity delete: 182
[2025.02.24 15:24:01.722 ms]:[INFO]:[PSAG_PHYSICS]: phy_world => body_data, name: ZPGamePhysics
[2025.02.24 15:24:01.722 ms]:[INFO]:[PSAG_PHYSICS]: body_data item: delete key: 1657865019136
[2025.02.24 15:24:01.722 ms]:[INFO]:[PSAG_ACTOR_CORE]: game_actor entity delete: 180
[2025.02.24 15:24:07.588 ms]:[INFO]:[PSAG_TOOL_NOTFIY]: station receive pair: PPActor/PPActorBullet, data_size: 12 bytes
[2025.02.24 15:24:07.589 ms]:[INFO]:[PSAG_ACTOR_CORE]: game_actor get textures: 1
[2025.02.24 15:24:07.589 ms]:[INFO]:[PSAG_ACTOR_CORE]: game_actor render_comp init.
[2025.02.24 15:24:07.589 ms]:[INFO]:[PSAG_PHYSICS]: phy_world => body_data, name: ZPGamePhysics
[2025.02.24 15:24:07.589 ms]:[INFO]:[PSAG_PHYSICS]: body_data(dynamic) item: alloc key: 1659204806848
[2025.02.24 15:24:07.589 ms]:[INFO]:[PSAG_ACTOR_CORE]: game_actor entity create: 190
[2025.02.24 15:24:13.564 ms]:[INFO]:[PSAG_PHYSICS]: phy_world => body_data, name: ZPGamePhysics
[2025.02.24 15:24:13.564 ms]:[INFO]:[PSAG_PHYSICS]: body_data item: delete key: 1657865019136
[2025.02.24 15:24:13.564 ms]:[INFO]:[PSAG_ACTOR_CORE]: game_actor entity delete: 190
[2025.02.24 15:24:16.817 ms]:[INFO]:[PSAG_TOOL_NOTFIY]: station receive pair: PPActor/PPActorBullet, data_size: 12 bytes
[2025.02.24 15:24:16.817 ms]:[INFO]:[PSAG_ACTOR_CORE]: game_actor get textures: 1
[2025.02.24 15:24:16.817 ms]:[INFO]:[PSAG_ACTOR_CORE]: game_actor render_comp init.
[2025.02.24 15:24:16.817 ms]:[INFO]:[PSAG_PHYSICS]: phy_world => body_data, name: ZPGamePhysics
[2025.02.24 15:24:16.817 ms]:[INFO]:[PSAG_PHYSICS]: body_data(dynamic) item: alloc key: 1659204809872
[2025.02.24 15:24:16.817 ms]:[INFO]:[PSAG_ACTOR_CORE]: game_actor entity create: 192
[2025.02.24 15:24:19.866 ms]:[INFO]:[PSAG_PHYSICS]: phy_world => body_data, name: ZPGamePhysics
[2025.02.24 15:24:19.866 ms]:[INFO]:[PSAG_PHYSICS]: body_data item: delete key: 1657865019136
[2025.02.24 15:24:19.866 ms]:[INFO]:[PSAG_ACTOR_CORE]: game_actor entity delete: 192
[2025.02.24 15:24:22.727 ms]:[INFO]:[PSAG_TOOL_NOTFIY]: station receive pair: PPActor/PPActorBullet, data_size: 12 bytes
[2025.02.24 15:24:22.727 ms]:[INFO]:[PSAG_ACTOR_CORE]: game_actor get textures: 1
[2025.02.24 15:24:22.727 ms]:[INFO]:[PSAG_ACTOR_CORE]: game_actor render_comp init.
[2025.02.24 15:24:22.727 ms]:[INFO]:[PSAG_PHYSICS]: phy_world => body_data, name: ZPGamePhysics
[2025.02.24 15:24:22.727 ms]:[INFO]:[PSAG_PHYSICS]: body_data(dynamic) item: alloc key: 1659204809200
[2025.02.24 15:24:22.727 ms]:[INFO]:[PSAG_ACTOR_CORE]: game_actor entity create: 194
[2025.02.24 15:24:23.002 ms]:[INFO]:[PSAG_TOOL_NOTFIY]: station receive pair: PPActor/PPActorBullet, data_size: 12 bytes
[2025.02.24 15:24:23.002 ms]:[INFO]:[PSAG_ACTOR_CORE]: game_actor get textures: 1
[2025.02.24 15:24:23.002 ms]:[INFO]:[PSAG_ACTOR_CORE]: game_actor render_comp init.
[2025.02.24 15:24:23.002 ms]:[INFO]:[PSAG_PHYSICS]: phy_world => body_data, name: ZPGamePhysics
[2025.02.24 15:24:23.002 ms]:[INFO]:[PSAG_PHYSICS]: body_data(dynamic) item: alloc key: 1659204806848
[2025.02.24 15:24:23.002 ms]:[INFO]:[PSAG_ACTOR_CORE]: game_actor entity create: 196
[2025.02.24 15:24:23.052 ms]:[INFO]:[PSAG_TOOL_NOTFIY]: station receive pair: PPActor/PPActorBullet, data_size: 12 bytes
[2025.02.24 15:24:23.052 ms]:[INFO]:[PSAG_ACTOR_CORE]: game_actor get textures: 1
[2025.02.24 15:24:23.052 ms]:[INFO]:[PSAG_ACTOR_CORE]: game_actor render_comp init.
[2025.02.24 15:24:23.052 ms]:[INFO]:[PSAG_PHYSICS]: phy_world => body_data, name: ZPGamePhysics
[2025.02.24 15:24:23.052 ms]:[INFO]:[PSAG_PHYSICS]: body_data(dynamic) item: alloc key: 1659204807184
[2025.02.24 15:24:23.052 ms]:[INFO]:[PSAG_ACTOR_CORE]: game_actor entity create: 198
[2025.02.24 15:24:23.102 ms]:[INFO]:[PSAG_TOOL_NOTFIY]: station receive pair: PPActor/PPActorBullet, data_size: 12 bytes
[2025.02.24 15:24:23.102 ms]:[INFO]:[PSAG_ACTOR_CORE]: game_actor get textures: 1
[2025.02.24 15:24:23.102 ms]:[INFO]:[PSAG_ACTOR_CORE]: game_actor render_comp init.
[2025.02.24 15:24:23.102 ms]:[INFO]:[PSAG_PHYSICS]: phy_world => body_data, name: ZPGamePhysics
[2025.02.24 15:24:23.102 ms]:[INFO]:[PSAG_PHYSICS]: body_data(dynamic) item: alloc key: 1659204810880
[2025.02.24 15:24:23.102 ms]:[INFO]:[PSAG_ACTOR_CORE]: game_actor entity create: 200
[2025.02.24 15:24:23.153 ms]:[INFO]:[PSAG_TOOL_NOTFIY]: station receive pair: PPActor/PPActorBullet, data_size: 12 bytes
[2025.02.24 15:24:23.153 ms]:[INFO]:[PSAG_ACTOR_CORE]: game_actor get textures: 1
[2025.02.24 15:24:23.153 ms]:[INFO]:[PSAG_ACTOR_CORE]: game_actor render_comp init.
[2025.02.24 15:24:23.153 ms]:[INFO]:[PSAG_PHYSICS]: phy_world => body_data, name: ZPGamePhysics
[2025.02.24 15:24:23.154 ms]:[INFO]:[PSAG_PHYSICS]: body_data(dynamic) item: alloc key: 1659204809872
[2025.02.24 15:24:23.154 ms]:[INFO]:[PSAG_ACTOR_CORE]: game_actor entity create: 202
[2025.02.24 15:24:28.921 ms]:[INFO]:[PSAG_PHYSICS]: phy_world => body_data, name: ZPGamePhysics
[2025.02.24 15:24:28.921 ms]:[INFO]:[PSAG_PHYSICS]: body_data item: delete key: 1657865018752
[2025.02.24 15:24:28.921 ms]:[INFO]:[PSAG_ACTOR_CORE]: game_actor entity delete: 198
[2025.02.24 15:24:28.928 ms]:[INFO]:[PSAG_PHYSICS]: phy_world => body_data, name: ZPGamePhysics
[2025.02.24 15:24:28.928 ms]:[INFO]:[PSAG_PHYSICS]: body_data item: delete key: 1657865018944
[2025.02.24 15:24:28.928 ms]:[INFO]:[PSAG_ACTOR_CORE]: game_actor entity delete: 200
[2025.02.24 15:24:28.967 ms]:[INFO]:[PSAG_PHYSICS]: phy_world => body_data, name: ZPGamePhysics
[2025.02.24 15:24:28.968 ms]:[INFO]:[PSAG_PHYSICS]: body_data item: delete key: 1657865018560
[2025.02.24 15:24:28.968 ms]:[INFO]:[PSAG_ACTOR_CORE]: game_actor entity delete: 196
[2025.02.24 15:24:29.037 ms]:[INFO]:[PSAG_PHYSICS]: phy_world => body_data, name: ZPGamePhysics
[2025.02.24 15:24:29.037 ms]:[INFO]:[PSAG_PHYSICS]: body_data item: delete key: 1657865018368
[2025.02.24 15:24:29.037 ms]:[INFO]:[PSAG_ACTOR_CORE]: game_actor entity delete: 202
[2025.02.24 15:24:29.397 ms]:[INFO]:[PSAG_PHYSICS]: phy_world => body_data, name: ZPGamePhysics
[2025.02.24 15:24:29.398 ms]:[INFO]:[PSAG_PHYSICS]: body_data item: delete key: 1657865019136
[2025.02.24 15:24:29.398 ms]:[INFO]:[PSAG_ACTOR_CORE]: game_actor entity delete: 194
[2025.02.24 15:24:32.196 ms]:[INFO]:[PSAG_TOOL_NOTFIY]: station receive pair: PPActor/PPActorBullet, data_size: 12 bytes
[2025.02.24 15:24:32.196 ms]:[INFO]:[PSAG_ACTOR_CORE]: game_actor get textures: 1
[2025.02.24 15:24:32.197 ms]:[INFO]:[PSAG_ACTOR_CORE]: game_actor render_comp init.
[2025.02.24 15:24:32.197 ms]:[INFO]:[PSAG_PHYSICS]: phy_world => body_data, name: ZPGamePhysics
[2025.02.24 15:24:32.197 ms]:[INFO]:[PSAG_PHYSICS]: body_data(dynamic) item: alloc key: 1659204807184
[2025.02.24 15:24:32.197 ms]:[INFO]:[PSAG_ACTOR_CORE]: game_actor entity create: 204
[2025.02.24 15:24:32.472 ms]:[INFO]:[PSAG_TOOL_NOTFIY]: station receive pair: PPActor/PPActorBullet, data_size: 12 bytes
[2025.02.24 15:24:32.473 ms]:[INFO]:[PSAG_ACTOR_CORE]: game_actor get textures: 1
[2025.02.24 15:24:32.473 ms]:[INFO]:[PSAG_ACTOR_CORE]: game_actor render_comp init.
[2025.02.24 15:24:32.473 ms]:[INFO]:[PSAG_PHYSICS]: phy_world => body_data, name: ZPGamePhysics
[2025.02.24 15:24:32.473 ms]:[INFO]:[PSAG_PHYSICS]: body_data(dynamic) item: alloc key: 1659204810880
[2025.02.24 15:24:32.473 ms]:[INFO]:[PSAG_ACTOR_CORE]: game_actor entity create: 206
[2025.02.24 15:24:32.522 ms]:[INFO]:[PSAG_TOOL_NOTFIY]: station receive pair: PPActor/PPActorBullet, data_size: 12 bytes
[2025.02.24 15:24:32.522 ms]:[INFO]:[PSAG_ACTOR_CORE]: game_actor get textures: 1
[2025.02.24 15:24:32.522 ms]:[INFO]:[PSAG_ACTOR_CORE]: game_actor render_comp init.
[2025.02.24 15:24:32.522 ms]:[INFO]:[PSAG_PHYSICS]: phy_world => body_data, name: ZPGamePhysics
[2025.02.24 15:24:32.522 ms]:[INFO]:[PSAG_PHYSICS]: body_data(dynamic) item: alloc key: 1659204809200
[2025.02.24 15:24:32.522 ms]:[INFO]:[PSAG_ACTOR_CORE]: game_actor entity create: 208
[2025.02.24 15:24:32.572 ms]:[INFO]:[PSAG_TOOL_NOTFIY]: station receive pair: PPActor/PPActorBullet, data_size: 12 bytes
[2025.02.24 15:24:32.572 ms]:[INFO]:[PSAG_ACTOR_CORE]: game_actor get textures: 1
[2025.02.24 15:24:32.572 ms]:[INFO]:[PSAG_ACTOR_CORE]: game_actor render_comp init.
[2025.02.24 15:24:32.572 ms]:[INFO]:[PSAG_PHYSICS]: phy_world => body_data, name: ZPGamePhysics
[2025.02.24 15:24:32.572 ms]:[INFO]:[PSAG_PHYSICS]: body_data(dynamic) item: alloc key: 1659204809536
[2025.02.24 15:24:32.572 ms]:[INFO]:[PSAG_ACTOR_CORE]: game_actor entity create: 210
[2025.02.24 15:24:32.622 ms]:[INFO]:[PSAG_TOOL_NOTFIY]: station receive pair: PPActor/PPActorBullet, data_size: 12 bytes
[2025.02.24 15:24:32.623 ms]:[INFO]:[PSAG_ACTOR_CORE]: game_actor get textures: 1
[2025.02.24 15:24:32.623 ms]:[INFO]:[PSAG_ACTOR_CORE]: game_actor render_comp init.
[2025.02.24 15:24:32.623 ms]:[INFO]:[PSAG_PHYSICS]: phy_world => body_data, name: ZPGamePhysics
[2025.02.24 15:24:32.623 ms]:[INFO]:[PSAG_PHYSICS]: body_data(dynamic) item: alloc key: 1659204809872
[2025.02.24 15:24:32.623 ms]:[INFO]:[PSAG_ACTOR_CORE]: game_actor entity create: 212
[2025.02.24 15:24:48.588 ms]:[INFO]:[PSAG_PHYSICS]: phy_world => body_data, name: ZPGamePhysics
[2025.02.24 15:24:48.588 ms]:[INFO]:[PSAG_PHYSICS]: body_data item: delete key: 1657865018368
[2025.02.24 15:24:48.588 ms]:[INFO]:[PSAG_ACTOR_CORE]: game_actor entity delete: 206
[2025.02.24 15:24:48.679 ms]:[INFO]:[PSAG_PHYSICS]: phy_world => body_data, name: ZPGamePhysics
[2025.02.24 15:24:48.679 ms]:[INFO]:[PSAG_PHYSICS]: body_data item: delete key: 1657865018560
[2025.02.24 15:24:48.679 ms]:[INFO]:[PSAG_ACTOR_CORE]: game_actor entity delete: 208
[2025.02.24 15:24:48.841 ms]:[INFO]:[PSAG_PHYSICS]: phy_world => body_data, name: ZPGamePhysics
[2025.02.24 15:24:48.841 ms]:[INFO]:[PSAG_PHYSICS]: body_data item: delete key: 1657865018944
[2025.02.24 15:24:48.841 ms]:[INFO]:[PSAG_ACTOR_CORE]: game_actor entity delete: 210
[2025.02.24 15:24:49.126 ms]:[INFO]:[PSAG_PHYSICS]: phy_world => body_data, name: ZPGamePhysics
[2025.02.24 15:24:49.126 ms]:[INFO]:[PSAG_PHYSICS]: body_data item: delete key: 1657865018752
[2025.02.24 15:24:49.126 ms]:[INFO]:[PSAG_ACTOR_CORE]: game_actor entity delete: 212
[2025.02.24 15:24:57.908 ms]:[INFO]:[PSAG_PHYSICS]: phy_world => body_data, name: ZPGamePhysics
[2025.02.24 15:24:57.908 ms]:[INFO]:[PSAG_PHYSICS]: body_data item: delete key: 1657865019136
[2025.02.24 15:24:57.908 ms]:[INFO]:[PSAG_ACTOR_CORE]: game_actor entity delete: 204
[2025.02.24 15:24:58.833 ms]:[INFO]:[PSAG_TOOL_NOTFIY]: station receive pair: PPActor/PPActorBullet, data_size: 12 bytes
[2025.02.24 15:24:58.834 ms]:[INFO]:[PSAG_ACTOR_CORE]: game_actor get textures: 1
[2025.02.24 15:24:58.834 ms]:[INFO]:[PSAG_ACTOR_CORE]: game_actor render_comp init.
[2025.02.24 15:24:58.834 ms]:[INFO]:[PSAG_PHYSICS]: phy_world => body_data, name: ZPGamePhysics
[2025.02.24 15:24:58.834 ms]:[INFO]:[PSAG_PHYSICS]: body_data(dynamic) item: alloc key: 1659204807184
[2025.02.24 15:24:58.834 ms]:[INFO]:[PSAG_ACTOR_CORE]: game_actor entity create: 214
[2025.02.24 15:24:59.241 ms]:[INFO]:[PSAG_TOOL_NOTFIY]: station receive pair: PPActor/PPActorBullet, data_size: 12 bytes
[2025.02.24 15:24:59.242 ms]:[INFO]:[PSAG_ACTOR_CORE]: game_actor get textures: 1
[2025.02.24 15:24:59.242 ms]:[INFO]:[PSAG_ACTOR_CORE]: game_actor render_comp init.
[2025.02.24 15:24:59.242 ms]:[INFO]:[PSAG_PHYSICS]: phy_world => body_data, name: ZPGamePhysics
[2025.02.24 15:24:59.242 ms]:[INFO]:[PSAG_PHYSICS]: body_data(dynamic) item: alloc key: 1659204809200
[2025.02.24 15:24:59.242 ms]:[INFO]:[PSAG_ACTOR_CORE]: game_actor entity create: 216
[2025.02.24 15:24:59.820 ms]:[INFO]:[PSAG_TOOL_NOTFIY]: station receive pair: PPActor/PPActorBullet, data_size: 12 bytes
[2025.02.24 15:24:59.821 ms]:[INFO]:[PSAG_ACTOR_CORE]: game_actor get textures: 1
[2025.02.24 15:24:59.821 ms]:[INFO]:[PSAG_ACTOR_CORE]: game_actor render_comp init.
[2025.02.24 15:24:59.821 ms]:[INFO]:[PSAG_PHYSICS]: phy_world => body_data, name: ZPGamePhysics
[2025.02.24 15:24:59.821 ms]:[INFO]:[PSAG_PHYSICS]: body_data(dynamic) item: alloc key: 1659204809536
[2025.02.24 15:24:59.821 ms]:[INFO]:[PSAG_ACTOR_CORE]: game_actor entity create: 218
[2025.02.24 15:25:01.887 ms]:[INFO]:[PSAG_PHYSICS]: phy_world => body_data, name: ZPGamePhysics
[2025.02.24 15:25:01.887 ms]:[INFO]:[PSAG_PHYSICS]: body_data item: delete key: 1657865019136
[2025.02.24 15:25:01.887 ms]:[INFO]:[PSAG_ACTOR_CORE]: game_actor entity delete: 214
[2025.02.24 15:25:03.514 ms]:[INFO]:[PSAG_TOOL_NOTFIY]: station receive pair: PPActor/PPActorBullet, data_size: 12 bytes
[2025.02.24 15:25:03.515 ms]:[INFO]:[PSAG_ACTOR_CORE]: game_actor get textures: 1
[2025.02.24 15:25:03.515 ms]:[INFO]:[PSAG_ACTOR_CORE]: game_actor render_comp init.
[2025.02.24 15:25:03.515 ms]:[INFO]:[PSAG_PHYSICS]: phy_world => body_data, name: ZPGamePhysics
[2025.02.24 15:25:03.515 ms]:[INFO]:[PSAG_PHYSICS]: body_data(dynamic) item: alloc key: 1659204809872
[2025.02.24 15:25:03.515 ms]:[INFO]:[PSAG_ACTOR_CORE]: game_actor entity create: 220
[2025.02.24 15:25:03.843 ms]:[INFO]:[PSAG_TOOL_NOTFIY]: station receive pair: PPActor/PPActorBullet, data_size: 12 bytes
[2025.02.24 15:25:03.843 ms]:[INFO]:[PSAG_ACTOR_CORE]: game_actor get textures: 1
[2025.02.24 15:25:03.843 ms]:[INFO]:[PSAG_ACTOR_CORE]: game_actor render_comp init.
[2025.02.24 15:25:03.843 ms]:[INFO]:[PSAG_PHYSICS]: phy_world => body_data, name: ZPGamePhysics
[2025.02.24 15:25:03.843 ms]:[INFO]:[PSAG_PHYSICS]: body_data(dynamic) item: alloc key: 1659204807184
[2025.02.24 15:25:03.844 ms]:[INFO]:[PSAG_ACTOR_CORE]: game_actor entity create: 222
[2025.02.24 15:25:05.265 ms]:[INFO]:[PSAG_TOOL_NOTFIY]: station receive pair: PPActor/PPActorBullet, data_size: 12 bytes
[2025.02.24 15:25:05.266 ms]:[INFO]:[PSAG_ACTOR_CORE]: game_actor get textures: 1
[2025.02.24 15:25:05.266 ms]:[INFO]:[PSAG_ACTOR_CORE]: game_actor render_comp init.
[2025.02.24 15:25:05.266 ms]:[INFO]:[PSAG_PHYSICS]: phy_world => body_data, name: ZPGamePhysics
[2025.02.24 15:25:05.266 ms]:[INFO]:[PSAG_PHYSICS]: body_data(dynamic) item: alloc key: 1659204810208
[2025.02.24 15:25:05.266 ms]:[INFO]:[PSAG_ACTOR_CORE]: game_actor entity create: 224
[2025.02.24 15:25:07.246 ms]:[INFO]:[PSAG_PHYSICS]: phy_world => body_data, name: ZPGamePhysics
[2025.02.24 15:25:07.246 ms]:[INFO]:[PSAG_PHYSICS]: body_data item: delete key: 1657865018944
[2025.02.24 15:25:07.246 ms]:[INFO]:[PSAG_ACTOR_CORE]: game_actor entity delete: 218
[2025.02.24 15:25:07.261 ms]:[INFO]:[PSAG_PHYSICS]: phy_world => body_data, name: ZPGamePhysics
[2025.02.24 15:25:07.262 ms]:[INFO]:[PSAG_PHYSICS]: body_data item: delete key: 1657865018368
[2025.02.24 15:25:07.262 ms]:[INFO]:[PSAG_ACTOR_CORE]: game_actor entity delete: 224
[2025.02.24 15:25:08.023 ms]:[INFO]:[PSAG_PHYSICS]: phy_world => body_data, name: ZPGamePhysics
[2025.02.24 15:25:08.023 ms]:[INFO]:[PSAG_PHYSICS]: body_data item: delete key: 1657865018560
[2025.02.24 15:25:08.023 ms]:[INFO]:[PSAG_ACTOR_CORE]: game_actor entity delete: 222
[2025.02.24 15:25:08.087 ms]:[INFO]:[PSAG_PHYSICS]: phy_world => body_data, name: ZPGamePhysics
[2025.02.24 15:25:08.087 ms]:[INFO]:[PSAG_PHYSICS]: body_data item: delete key: 1657865019136
[2025.02.24 15:25:08.087 ms]:[INFO]:[PSAG_ACTOR_CORE]: game_actor entity delete: 220
[2025.02.24 15:25:08.093 ms]:[INFO]:[PSAG_PHYSICS]: phy_world => body_data, name: ZPGamePhysics
[2025.02.24 15:25:08.093 ms]:[INFO]:[PSAG_PHYSICS]: body_data item: delete key: 1657865018752
[2025.02.24 15:25:08.093 ms]:[INFO]:[PSAG_ACTOR_CORE]: game_actor entity delete: 216
[2025.02.24 15:25:09.449 ms]:[INFO]:[PSAG_TOOL_NOTFIY]: station receive pair: PPActor/PPActorBullet, data_size: 12 bytes
[2025.02.24 15:25:09.449 ms]:[INFO]:[PSAG_ACTOR_CORE]: game_actor get textures: 1
[2025.02.24 15:25:09.449 ms]:[INFO]:[PSAG_ACTOR_CORE]: game_actor render_comp init.
[2025.02.24 15:25:09.449 ms]:[INFO]:[PSAG_PHYSICS]: phy_world => body_data, name: ZPGamePhysics
[2025.02.24 15:25:09.449 ms]:[INFO]:[PSAG_PHYSICS]: body_data(dynamic) item: alloc key: 1659204811552
[2025.02.24 15:25:09.449 ms]:[INFO]:[PSAG_ACTOR_CORE]: game_actor entity create: 226
[2025.02.24 15:25:09.885 ms]:[INFO]:[PSAG_TOOL_NOTFIY]: station receive pair: PPActor/PPActorBullet, data_size: 12 bytes
[2025.02.24 15:25:09.885 ms]:[INFO]:[PSAG_ACTOR_CORE]: game_actor get textures: 1
[2025.02.24 15:25:09.885 ms]:[INFO]:[PSAG_ACTOR_CORE]: game_actor render_comp init.
[2025.02.24 15:25:09.885 ms]:[INFO]:[PSAG_PHYSICS]: phy_world => body_data, name: ZPGamePhysics
[2025.02.24 15:25:09.885 ms]:[INFO]:[PSAG_PHYSICS]: body_data(dynamic) item: alloc key: 1659204807184
[2025.02.24 15:25:09.885 ms]:[INFO]:[PSAG_ACTOR_CORE]: game_actor entity create: 228
[2025.02.24 15:25:10.245 ms]:[INFO]:[PSAG_TOOL_NOTFIY]: station receive pair: PPActor/PPActorBullet, data_size: 12 bytes
[2025.02.24 15:25:10.246 ms]:[INFO]:[PSAG_ACTOR_CORE]: game_actor get textures: 1
[2025.02.24 15:25:10.246 ms]:[INFO]:[PSAG_ACTOR_CORE]: game_actor render_comp init.
[2025.02.24 15:25:10.246 ms]:[INFO]:[PSAG_PHYSICS]: phy_world => body_data, name: ZPGamePhysics
[2025.02.24 15:25:10.246 ms]:[INFO]:[PSAG_PHYSICS]: body_data(dynamic) item: alloc key: 1659204809200
[2025.02.24 15:25:10.246 ms]:[INFO]:[PSAG_ACTOR_CORE]: game_actor entity create: 230
[2025.02.24 15:25:10.775 ms]:[INFO]:[PSAG_TOOL_NOTFIY]: station receive pair: PPActor/PPActorBullet, data_size: 12 bytes
[2025.02.24 15:25:10.776 ms]:[INFO]:[PSAG_ACTOR_CORE]: game_actor get textures: 1
[2025.02.24 15:25:10.776 ms]:[INFO]:[PSAG_ACTOR_CORE]: game_actor render_comp init.
[2025.02.24 15:25:10.776 ms]:[INFO]:[PSAG_PHYSICS]: phy_world => body_data, name: ZPGamePhysics
[2025.02.24 15:25:10.776 ms]:[INFO]:[PSAG_PHYSICS]: body_data(dynamic) item: alloc key: 1659204809536
[2025.02.24 15:25:10.776 ms]:[INFO]:[PSAG_ACTOR_CORE]: game_actor entity create: 232
[2025.02.24 15:25:13.774 ms]:[INFO]:[PSAG_PHYSICS]: phy_world => body_data, name: ZPGamePhysics
[2025.02.24 15:25:13.774 ms]:[INFO]:[PSAG_PHYSICS]: body_data item: delete key: 1657865018560
[2025.02.24 15:25:13.774 ms]:[INFO]:[PSAG_ACTOR_CORE]: game_actor entity delete: 230
[2025.02.24 15:25:21.386 ms]:[INFO]:[PSAG_PHYSICS]: phy_world => body_data, name: ZPGamePhysics
[2025.02.24 15:25:21.386 ms]:[INFO]:[PSAG_PHYSICS]: body_data item: delete key: 1657865019136
[2025.02.24 15:25:21.386 ms]:[INFO]:[PSAG_ACTOR_CORE]: game_actor entity delete: 228
[2025.02.24 15:25:22.197 ms]:[INFO]:[PSAG_PHYSICS]: phy_world => body_data, name: ZPGamePhysics
[2025.02.24 15:25:22.197 ms]:[INFO]:[PSAG_PHYSICS]: body_data item: delete key: 1657865018752
[2025.02.24 15:25:22.198 ms]:[INFO]:[PSAG_ACTOR_CORE]: game_actor entity delete: 226
[2025.02.24 15:25:39.394 ms]:[INFO]:[PSAG_PHYSICS]: phy_world => body_data, name: ZPGamePhysics
[2025.02.24 15:25:39.394 ms]:[INFO]:[PSAG_PHYSICS]: body_data item: delete key: 1657865018368
[2025.02.24 15:25:39.394 ms]:[INFO]:[PSAG_ACTOR_CORE]: game_actor entity delete: 232
[2025.02.24 15:25:40.333 ms]:[INFO]:[PSAG_TOOL_NOTFIY]: station receive pair: PPActor/PPActorBullet, data_size: 12 bytes
[2025.02.24 15:25:40.333 ms]:[INFO]:[PSAG_ACTOR_CORE]: game_actor get textures: 1
[2025.02.24 15:25:40.333 ms]:[INFO]:[PSAG_ACTOR_CORE]: game_actor render_comp init.
[2025.02.24 15:25:40.334 ms]:[INFO]:[PSAG_PHYSICS]: phy_world => body_data, name: ZPGamePhysics
[2025.02.24 15:25:40.334 ms]:[INFO]:[PSAG_PHYSICS]: body_data(dynamic) item: alloc key: 1659204807184
[2025.02.24 15:25:40.334 ms]:[INFO]:[PSAG_ACTOR_CORE]: game_actor entity create: 234
[2025.02.24 15:25:42.973 ms]:[INFO]:[PSAG_PHYSICS]: phy_world => body_data, name: ZPGamePhysics
[2025.02.24 15:25:42.973 ms]:[INFO]:[PSAG_PHYSICS]: body_data item: delete key: 1657865018368
[2025.02.24 15:25:42.973 ms]:[INFO]:[PSAG_ACTOR_CORE]: game_actor entity delete: 234
[2025.02.24 15:25:43.701 ms]:[INFO]:[PSAG_TOOL_NOTFIY]: station receive pair: PPActor/PPActorBullet, data_size: 12 bytes
[2025.02.24 15:25:43.701 ms]:[INFO]:[PSAG_ACTOR_CORE]: game_actor get textures: 1
[2025.02.24 15:25:43.701 ms]:[INFO]:[PSAG_ACTOR_CORE]: game_actor render_comp init.
[2025.02.24 15:25:43.702 ms]:[INFO]:[PSAG_PHYSICS]: phy_world => body_data, name: ZPGamePhysics
[2025.02.24 15:25:43.702 ms]:[INFO]:[PSAG_PHYSICS]: body_data(dynamic) item: alloc key: 1659204811552
[2025.02.24 15:25:43.702 ms]:[INFO]:[PSAG_ACTOR_CORE]: game_actor entity create: 236
[2025.02.24 15:25:45.368 ms]:[INFO]:[PSAG_TOOL_NOTFIY]: station receive pair: PPActor/PPActorBullet, data_size: 12 bytes
[2025.02.24 15:25:45.369 ms]:[INFO]:[PSAG_ACTOR_CORE]: game_actor get textures: 1
[2025.02.24 15:25:45.369 ms]:[INFO]:[PSAG_ACTOR_CORE]: game_actor render_comp init.
[2025.02.24 15:25:45.369 ms]:[INFO]:[PSAG_PHYSICS]: phy_world => body_data, name: ZPGamePhysics
[2025.02.24 15:25:45.369 ms]:[INFO]:[PSAG_PHYSICS]: body_data(dynamic) item: alloc key: 1659204811216
[2025.02.24 15:25:45.369 ms]:[INFO]:[PSAG_ACTOR_CORE]: game_actor entity create: 238
[2025.02.24 15:25:46.859 ms]:[INFO]:[PSAG_TOOL_NOTFIY]: station receive pair: PPActor/PPActorBullet, data_size: 12 bytes
[2025.02.24 15:25:46.859 ms]:[INFO]:[PSAG_ACTOR_CORE]: game_actor get textures: 1
[2025.02.24 15:25:46.859 ms]:[INFO]:[PSAG_ACTOR_CORE]: game_actor render_comp init.
[2025.02.24 15:25:46.859 ms]:[INFO]:[PSAG_PHYSICS]: phy_world => body_data, name: ZPGamePhysics
[2025.02.24 15:25:46.859 ms]:[INFO]:[PSAG_PHYSICS]: body_data(dynamic) item: alloc key: 1659204807184
[2025.02.24 15:25:46.859 ms]:[INFO]:[PSAG_ACTOR_CORE]: game_actor entity create: 240
[2025.02.24 15:25:48.593 ms]:[INFO]:[PSAG_PHYSICS]: phy_world => body_data, name: ZPGamePhysics
[2025.02.24 15:25:48.593 ms]:[INFO]:[PSAG_PHYSICS]: body_data item: delete key: 1657865018368
[2025.02.24 15:25:48.594 ms]:[INFO]:[PSAG_ACTOR_CORE]: game_actor entity delete: 236
[2025.02.24 15:25:49.401 ms]:[INFO]:[PSAG_PHYSICS]: phy_world => body_data, name: ZPGamePhysics
[2025.02.24 15:25:49.401 ms]:[INFO]:[PSAG_PHYSICS]: body_data item: delete key: 1657865018752
[2025.02.24 15:25:49.401 ms]:[INFO]:[PSAG_ACTOR_CORE]: game_actor entity delete: 238
[2025.02.24 15:25:58.852 ms]:[INFO]:[PSAG_PHYSICS]: phy_world => body_data, name: ZPGamePhysics
[2025.02.24 15:25:58.852 ms]:[INFO]:[PSAG_PHYSICS]: body_data item: delete key: 1657865019136
[2025.02.24 15:25:58.852 ms]:[INFO]:[PSAG_ACTOR_CORE]: game_actor entity delete: 240
[2025.02.24 15:26:07.153 ms]:[INFO]:[PSAG_TOOL_NOTFIY]: station receive pair: PPActor/PPActorBullet, data_size: 12 bytes
[2025.02.24 15:26:07.154 ms]:[INFO]:[PSAG_ACTOR_CORE]: game_actor get textures: 1
[2025.02.24 15:26:07.154 ms]:[INFO]:[PSAG_ACTOR_CORE]: game_actor render_comp init.
[2025.02.24 15:26:07.154 ms]:[INFO]:[PSAG_PHYSICS]: phy_world => body_data, name: ZPGamePhysics
[2025.02.24 15:26:07.154 ms]:[INFO]:[PSAG_PHYSICS]: body_data(dynamic) item: alloc key: 1659204810880
[2025.02.24 15:26:07.154 ms]:[INFO]:[PSAG_ACTOR_CORE]: game_actor entity create: 242
[2025.02.24 15:26:07.540 ms]:[INFO]:[PSAG_TOOL_NOTFIY]: station receive pair: PPActor/PPActorBullet, data_size: 12 bytes
[2025.02.24 15:26:07.540 ms]:[INFO]:[PSAG_ACTOR_CORE]: game_actor get textures: 1
[2025.02.24 15:26:07.540 ms]:[INFO]:[PSAG_ACTOR_CORE]: game_actor render_comp init.
[2025.02.24 15:26:07.540 ms]:[INFO]:[PSAG_PHYSICS]: phy_world => body_data, name: ZPGamePhysics
[2025.02.24 15:26:07.540 ms]:[INFO]:[PSAG_PHYSICS]: body_data(dynamic) item: alloc key: 1659204807184
[2025.02.24 15:26:07.540 ms]:[INFO]:[PSAG_ACTOR_CORE]: game_actor entity create: 244
[2025.02.24 15:26:07.730 ms]:[INFO]:[PSAG_TOOL_NOTFIY]: station receive pair: PPActor/PPActorBullet, data_size: 12 bytes
[2025.02.24 15:26:07.735 ms]:[INFO]:[PSAG_ACTOR_CORE]: game_actor get textures: 1
[2025.02.24 15:26:07.735 ms]:[INFO]:[PSAG_ACTOR_CORE]: game_actor render_comp init.
[2025.02.24 15:26:07.735 ms]:[INFO]:[PSAG_PHYSICS]: phy_world => body_data, name: ZPGamePhysics
[2025.02.24 15:26:07.735 ms]:[INFO]:[PSAG_PHYSICS]: body_data(dynamic) item: alloc key: 1659204809200
[2025.02.24 15:26:07.735 ms]:[INFO]:[PSAG_ACTOR_CORE]: game_actor entity create: 246
[2025.02.24 15:26:07.935 ms]:[INFO]:[PSAG_TOOL_NOTFIY]: station receive pair: PPActor/PPActorBullet, data_size: 12 bytes
[2025.02.24 15:26:07.936 ms]:[INFO]:[PSAG_ACTOR_CORE]: game_actor get textures: 1
[2025.02.24 15:26:07.936 ms]:[INFO]:[PSAG_ACTOR_CORE]: game_actor render_comp init.
[2025.02.24 15:26:07.937 ms]:[INFO]:[PSAG_PHYSICS]: phy_world => body_data, name: ZPGamePhysics
[2025.02.24 15:26:07.937 ms]:[INFO]:[PSAG_PHYSICS]: body_data(dynamic) item: alloc key: 1659204809536
[2025.02.24 15:26:07.937 ms]:[INFO]:[PSAG_ACTOR_CORE]: game_actor entity create: 248
[2025.02.24 15:26:08.265 ms]:[INFO]:[PSAG_TOOL_NOTFIY]: station receive pair: PPActor/PPActorBullet, data_size: 12 bytes
[2025.02.24 15:26:08.266 ms]:[INFO]:[PSAG_ACTOR_CORE]: game_actor get textures: 1
[2025.02.24 15:26:08.266 ms]:[INFO]:[PSAG_ACTOR_CORE]: game_actor render_comp init.
[2025.02.24 15:26:08.266 ms]:[INFO]:[PSAG_PHYSICS]: phy_world => body_data, name: ZPGamePhysics
[2025.02.24 15:26:08.266 ms]:[INFO]:[PSAG_PHYSICS]: body_data(dynamic) item: alloc key: 1659204810208
[2025.02.24 15:26:08.266 ms]:[INFO]:[PSAG_ACTOR_CORE]: game_actor entity create: 250
[2025.02.24 15:26:11.676 ms]:[INFO]:[PSAG_PHYSICS]: phy_world => body_data, name: ZPGamePhysics
[2025.02.24 15:26:11.676 ms]:[INFO]:[PSAG_PHYSICS]: body_data item: delete key: 1657865018752
[2025.02.24 15:26:11.676 ms]:[INFO]:[PSAG_ACTOR_CORE]: game_actor entity delete: 244
[2025.02.24 15:26:11.687 ms]:[INFO]:[PSAG_PHYSICS]: phy_world => body_data, name: ZPGamePhysics
[2025.02.24 15:26:11.687 ms]:[INFO]:[PSAG_PHYSICS]: body_data item: delete key: 1657865019136
[2025.02.24 15:26:11.687 ms]:[INFO]:[PSAG_ACTOR_CORE]: game_actor entity delete: 242
[2025.02.24 15:26:11.719 ms]:[INFO]:[PSAG_PHYSICS]: phy_world => body_data, name: ZPGamePhysics
[2025.02.24 15:26:11.719 ms]:[INFO]:[PSAG_PHYSICS]: body_data item: delete key: 1657865018368
[2025.02.24 15:26:11.719 ms]:[INFO]:[PSAG_ACTOR_CORE]: game_actor entity delete: 246
[2025.02.24 15:26:14.816 ms]:[INFO]:[PSAG_PHYSICS]: phy_world => body_data, name: ZPGamePhysics
[2025.02.24 15:26:14.816 ms]:[INFO]:[PSAG_PHYSICS]: body_data item: delete key: 1657865018560
[2025.02.24 15:26:14.816 ms]:[INFO]:[PSAG_ACTOR_CORE]: game_actor entity delete: 248
[2025.02.24 15:26:18.263 ms]:[INFO]:[PSAG_PHYSICS]: phy_world => body_data, name: ZPGamePhysics
[2025.02.24 15:26:18.263 ms]:[INFO]:[PSAG_PHYSICS]: body_data item: delete key: 1657865018944
[2025.02.24 15:26:18.263 ms]:[INFO]:[PSAG_ACTOR_CORE]: game_actor entity delete: 250
[2025.02.24 15:26:19.703 ms]:[INFO]:[PSAG_OGL_RES]: rbo: delete key: 38
[2025.02.24 15:26:19.703 ms]:[INFO]:[PSAG_OGL_RES]: fbo: delete key: 48
[2025.02.24 15:26:19.703 ms]:[INFO]:[PSAG_OGL_RES]: fbo: delete key: 50
[2025.02.24 15:26:19.703 ms]:[INFO]:[PSAG_OGL_RES]: fbo: delete key: 46
[2025.02.24 15:26:19.703 ms]:[INFO]:[PSAG_OGL_RES]: fbo: delete key: 42
[2025.02.24 15:26:19.703 ms]:[TRACE]:[PSAG_OGL_RES]: tmu delete(space): 5
[2025.02.24 15:26:19.703 ms]:[INFO]:[PSAG_OGL_RES]: texture: delete key: 40
[2025.02.24 15:26:19.703 ms]:[INFO]:[PSAG_OGL_RES]: shader: delete key: 30
[2025.02.24 15:26:19.703 ms]:[INFO]:[PSAG_OGL_RES]: shader: delete key: 32
[2025.02.24 15:26:19.703 ms]:[INFO]:[PSAG_OGL_RES]: shader: delete key: 34
[2025.02.24 15:26:19.703 ms]:[INFO]:[PSAG_OGL_RES]: shader: delete key: 26
[2025.02.24 15:26:19.703 ms]:[INFO]:[PSAG_GL_POST]: graphics_engine free post_shader(system).
[2025.02.24 15:26:19.704 ms]:[INFO]:[PSAG_PHYSICS]: phy_world => body_data, name: ZPGamePhysics
[2025.02.24 15:26:19.704 ms]:[INFO]:[PSAG_PHYSICS]: body_data item: delete key: 1657865016064
[2025.02.24 15:26:19.704 ms]:[INFO]:[PSAG_ENVMT_CORE]: game_envmt item delete: 76
[2025.02.24 15:26:19.704 ms]:[INFO]:[PSAG_PHYSICS]: phy_world => body_data, name: ZPGamePhysics
[2025.02.24 15:26:19.704 ms]:[INFO]:[PSAG_PHYSICS]: body_data item: delete key: 1657865015296
[2025.02.24 15:26:19.704 ms]:[INFO]:[PSAG_ENVMT_CORE]: game_envmt item delete: 68
[2025.02.24 15:26:19.704 ms]:[INFO]:[PSAG_PHYSICS]: phy_world => body_data, name: ZPGamePhysics
[2025.02.24 15:26:19.704 ms]:[INFO]:[PSAG_PHYSICS]: body_data item: delete key: 1657865015488
[2025.02.24 15:26:19.704 ms]:[INFO]:[PSAG_ENVMT_CORE]: game_envmt item delete: 70
[2025.02.24 15:26:19.704 ms]:[INFO]:[PSAG_PHYSICS]: phy_world => body_data, name: ZPGamePhysics
[2025.02.24 15:26:19.704 ms]:[INFO]:[PSAG_PHYSICS]: body_data item: delete key: 1657865015680
[2025.02.24 15:26:19.704 ms]:[INFO]:[PSAG_ENVMT_CORE]: game_envmt item delete: 72
[2025.02.24 15:26:19.704 ms]:[INFO]:[PSAG_PHYSICS]: phy_world => body_data, name: ZPGamePhysics
[2025.02.24 15:26:19.704 ms]:[INFO]:[PSAG_PHYSICS]: body_data item: delete key: 1657865015872
[2025.02.24 15:26:19.704 ms]:[INFO]:[PSAG_ENVMT_CORE]: game_envmt item delete: 74
[2025.02.24 15:26:19.704 ms]:[INFO]:[PSAG_GAMECORE_MAG]: game_envmt manager system delete.
[2025.02.24 15:26:19.704 ms]:[INFO]:[PSAG_GL_DATASET]: layers_manager delete_count(space): 0
[2025.02.24 15:26:19.704 ms]:[INFO]:[PSAG_GL_DATASET]: vir_texture item: delete key: 52
[2025.02.24 15:26:19.704 ms]:[INFO]:[PSAG_OGL_RES]: shader: delete key: 60
[2025.02.24 15:26:19.704 ms]:[INFO]:[PSAG_ACTOR_CORE]: game_actor shader delete.
[2025.02.24 15:26:19.704 ms]:[INFO]:[PSAG_OGL_RES]: shader: delete key: 56
[2025.02.24 15:26:19.704 ms]:[INFO]:[PSAG_ACTOR_CORE]: game_actor shader delete.
[2025.02.24 15:26:19.704 ms]:[INFO]:[PSAG_GL_DATASET]: layers_manager delete_count(space): 1
[2025.02.24 15:26:19.704 ms]:[INFO]:[PSAG_GL_DATASET]: vir_texture item: delete key: 54
[2025.02.24 15:26:19.704 ms]:[INFO]:[PSAG_OGL_RES]: shader: delete key: 64
[2025.02.24 15:26:19.704 ms]:[INFO]:[PSAG_ACTOR_CORE]: game_actor shader delete.
[2025.02.24 15:26:19.704 ms]:[INFO]:[PSAG_GAMECORE_MAG]: actor_shader manager system delete.
[2025.02.24 15:26:19.704 ms]:[INFO]:[PSAG_PHYSICS]: phy_world => body_data, name: ZPGamePhysics
[2025.02.24 15:26:19.704 ms]:[INFO]:[PSAG_PHYSICS]: body_data item: delete key: 1657865016256
[2025.02.24 15:26:19.704 ms]:[INFO]:[PSAG_ACTOR_CORE]: game_actor entity delete: 90
[2025.02.24 15:26:19.704 ms]:[INFO]:[PSAG_GL_DATASET]: layers_manager delete_count(space): 0
[2025.02.24 15:26:19.704 ms]:[INFO]:[PSAG_GL_DATASET]: vir_texture item: delete key: 78
[2025.02.24 15:26:19.705 ms]:[INFO]:[PSAG_OGL_RES]: shader: delete key: 82
[2025.02.24 15:26:19.705 ms]:[INFO]:[PSAG_ACTOR_CORE]: game_actor shader delete.
[2025.02.24 15:26:19.705 ms]:[INFO]:[PSAG_GL_DATASET]: layers_manager delete_count(space): 1
[2025.02.24 15:26:19.705 ms]:[INFO]:[PSAG_GL_DATASET]: vir_texture item: delete key: 80
[2025.02.24 15:26:19.705 ms]:[INFO]:[PSAG_OGL_RES]: shader: delete key: 86
[2025.02.24 15:26:19.705 ms]:[INFO]:[PSAG_ACTOR_CORE]: game_actor shader delete.
[2025.02.24 15:26:19.705 ms]:[INFO]:[PSAG_GAMECORE_MAG]: actor_shader manager system delete.
[2025.02.24 15:26:19.705 ms]:[INFO]:[PSAG_GL_DATASET]: layers_manager delete_count(space): 0
[2025.02.24 15:26:19.705 ms]:[INFO]:[PSAG_GL_DATASET]: vir_texture item: delete key: 112
[2025.02.24 15:26:19.705 ms]:[INFO]:[PSAG_OGL_RES]: shader: delete key: 114
[2025.02.24 15:26:19.705 ms]:[INFO]:[PSAG_ACTOR_CORE]: game_actor shader delete.
[2025.02.24 15:26:19.705 ms]:[INFO]:[PSAG_GAMECORE_MAG]: actor_shader manager system delete.
[2025.02.24 15:26:19.705 ms]:[INFO]:[PSAG_GAMECORE_MAG]: game_actor manager system delete.
[2025.02.24 15:26:19.705 ms]:[INFO]:[PSAG_GL_PVFX]: psag_fx image_view system free.
[2025.02.24 15:26:19.705 ms]:[INFO]:[PSAG_GL_PVFX]: psag_fx image_view system free.
[2025.02.24 15:26:19.705 ms]:[INFO]:[PSAG_GL_PVFX]: psag_fx image_view system free.
[2025.02.24 15:26:19.705 ms]:[INFO]:[PSAG_GL_PVFX]: psag_fx image_view system free.
[2025.02.24 15:26:19.705 ms]:[INFO]:[PSAG_GL_PVFX]: psag_fx image_view system free.
[2025.02.24 15:26:19.705 ms]:[INFO]:[PSAG_GL_PVFX]: psag_fx image_view system free.
[2025.02.24 15:26:19.705 ms]:[INFO]:[PSAG_OGL_RES]: vao: delete key: 4
[2025.02.24 15:26:19.706 ms]:[INFO]:[PSAG_OGL_RES]: vbo: delete key: 6
[2025.02.24 15:26:19.706 ms]:[INFO]:[PSAG_OGL_RES]: vao: delete key: 8
[2025.02.24 15:26:19.706 ms]:[INFO]:[PSAG_OGL_RES]: vbo: delete key: 10
[2025.02.24 15:26:19.706 ms]:[TRACE]:[PSAG_OGL_RES]: tmu delete(space): 1
[2025.02.24 15:26:19.706 ms]:[TRACE]:[PSAG_OGL_RES]: tmu delete(space): 2
[2025.02.24 15:26:19.706 ms]:[TRACE]:[PSAG_OGL_RES]: tmu delete(space): 3
[2025.02.24 15:26:19.706 ms]:[TRACE]:[PSAG_OGL_RES]: tmu delete(space): 4
[2025.02.24 15:26:19.724 ms]:[INFO]:[PSAG_OGL_RES]: texture: delete key: 16
[2025.02.24 15:26:19.736 ms]:[INFO]:[PSAG_OGL_RES]: texture: delete key: 18
[2025.02.24 15:26:19.746 ms]:[INFO]:[PSAG_OGL_RES]: texture: delete key: 20
[2025.02.24 15:26:19.748 ms]:[INFO]:[PSAG_OGL_RES]: texture: delete key: 22
[2025.02.24 15:26:20.065 ms]:[TRACE]:[PSAG_AUDIO]: audio(openal) global free_context & close_device.
[2025.02.24 15:26:20.065 ms]:[INFO]:[PSAG_PHYSICS]: physics_world item: free_bodies: 0, delete key: DEFAULT_PHY_WORLD
[2025.02.24 15:26:20.067 ms]:[INFO]:[PSAG_IMGUI]: imgui_free: imgui_opengl3 context.
[2025.02.24 15:26:20.068 ms]:[TRACE]:[PSAG_AUDIO_DATA]: free resource(raw_audio): 0 bytes
[2025.02.24 15:26:20.068 ms]:[INFO]:[PSAG_AUDIO_DATA]: LLRES static_object() delete.
[2025.02.24 15:26:20.068 ms]:[TRACE]:[PSAG_OGL_RES]: free resource(shader): 2 items
[2025.02.24 15:26:20.068 ms]:[TRACE]:[PSAG_OGL_RES]: free resource(texture): 0 items
[2025.02.24 15:26:20.068 ms]:[TRACE]:[PSAG_OGL_RES]: free resource(vertex_buffer): 0 items
[2025.02.24 15:26:20.068 ms]:[TRACE]:[PSAG_OGL_RES]: free resource(vertex_attribute): 0 items
[2025.02.24 15:26:20.069 ms]:[TRACE]:[PSAG_OGL_RES]: free resource(frame_buffer): 1 items
[2025.02.24 15:26:20.069 ms]:[TRACE]:[PSAG_OGL_RES]: free resource(render_buffer): 0 items
[2025.02.24 15:26:20.069 ms]:[TRACE]:[PSAG_OGL_RES]: free resource(uniform_buffer): 1 items
[2025.02.24 15:26:20.069 ms]:[INFO]:[PSAG_LLRES]: graph static_object(graphics) delete.
[2025.02.24 15:26:20.120 ms]:[INFO]:[PSAG_WINDOW]: fw_window free: glfw context.
[2025.02.24 15:26:20.374 ms]:[TRACE]:[PSAG_M_MAINEVENT]: async_events execution end.
[2025.02.24 15:26:20.374 ms]:[INFO]:[PSAG_M_START]: free framework ret_code: 1
