[2025.02.24 15:27:30.339 ms]:[INFO]:[PSAG_LOGGER]: start thread success.
[2025.02.24 15:27:30.340 ms]:[INFO]:[PSAG_LOGGER]: create log_file: PSAGameSystemLogs/4865166431800.log
[2025.02.24 15:27:30.340 ms]:[INFO]:[PSAG_M_START]: core_start objects(frm) total: only
[2025.02.24 15:27:30.340 ms]:[INFO]:[PSAG_M_START]: core_start objects(net) total: 0
[2025.02.24 15:27:30.340 ms]:[INFO]:[PSAG_M_START]: core_start objects(ext) total: 0
[2025.02.24 15:27:30.340 ms]:[TRACE]:[PSAG_M_MAINEVENT]: async_event add item_id: 1080208387568
[2025.02.24 15:27:30.340 ms]:[INFO]:[PSAG_M_MAINEVENT]: async_events executing...
[2025.02.24 15:27:30.341 ms]:[INFO]:[PSAG_FILESYS_LOAD]: load(src) read_file: PSAGameFrameworkCore/framework_config.json read_size: 463
[2025.02.24 15:27:30.341 ms]:[INFO]:[PSAG_FILESYS_LOAD]: load(src) read_file: PSAGameFrameworkCore/framework_config_shaders.json read_size: 1329
[2025.02.24 15:27:30.341 ms]:[INFO]:[PSAG_FILESYS_LOAD]: load(src) read_file: PSAGameFrameworkCore/CoreShaderScript/public/psag_graph_template_actor.vert read_size: 984
[2025.02.24 15:27:30.341 ms]:[INFO]:[PSAG_FILESYS_LOAD]: load(src) read_file: PSAGameFrameworkCore/CoreShaderScript/public/psag_graph_template.vert read_size: 737
[2025.02.24 15:27:30.341 ms]:[INFO]:[PSAG_FILESYS_LOAD]: load(src) read_file: PSAGameFrameworkCore/CoreShaderScript/public/psag_graph_tools.frag read_size: 933
[2025.02.24 15:27:30.341 ms]:[INFO]:[PSAG_FILESYS_LOAD]: load(src) read_file: PSAGameFrameworkCore/CoreShaderScript/public/psag_graph_header.frag read_size: 202
[2025.02.24 15:27:30.341 ms]:[INFO]:[PSAG_FILESYS_LOAD]: load(src) read_file: PSAGameFrameworkCore/CoreShaderScript/private/psag_graph_final_vollight.frag read_size: 1670
[2025.02.24 15:27:30.341 ms]:[INFO]:[PSAG_FILESYS_LOAD]: load(src) read_file: PSAGameFrameworkCore/CoreShaderScript/private/psag_graph_final_multfilter.frag read_size: 356
[2025.02.24 15:27:30.341 ms]:[INFO]:[PSAG_FILESYS_LOAD]: load(src) read_file: PSAGameFrameworkCore/CoreShaderScript/private/psag_graph_final_blurh.frag read_size: 783
[2025.02.24 15:27:30.341 ms]:[INFO]:[PSAG_FILESYS_LOAD]: load(src) read_file: PSAGameFrameworkCore/CoreShaderScript/private/psag_graph_final_blurv.frag read_size: 778
[2025.02.24 15:27:30.342 ms]:[INFO]:[PSAG_FILESYS_LOAD]: load(src) read_file: PSAGameFrameworkCore/CoreShaderScript/private/psag_graph_final.frag read_size: 1243
[2025.02.24 15:27:30.342 ms]:[INFO]:[PSAG_FILESYS_LOAD]: load(src) read_file: PSAGameFrameworkCore/CoreShaderScript/private/psag_graph_background.frag read_size: 1107
[2025.02.24 15:27:30.342 ms]:[INFO]:[PSAG_FILESYS_LOAD]: load(src) read_file: PSAGameFrameworkCore/CoreShaderScript/private/psag_graph_particle.frag read_size: 1255
[2025.02.24 15:27:30.342 ms]:[INFO]:[PSAG_FILESYS_LOAD]: load(src) read_file: PSAGameFrameworkCore/CoreShaderScript/private/psag_graph_fx_sequence.frag read_size: 543
[2025.02.24 15:27:30.342 ms]:[INFO]:[PSAG_GL_GLSL]: graphics_engine config system_glsl.
[2025.02.24 15:27:30.342 ms]:[TRACE]:[PSAG_M_CORE]: core framework init,config...
[2025.02.24 15:27:30.375 ms]:[INFO]:[PSAG_WINDOW]: init opengl_glfw.
[2025.02.24 15:27:30.569 ms]:[WARNING]:[PSAG_WINDOW]: <F:\PSAFrameworkProject\PSAGameFramework\PSAGameFramework\PSAGameFrameworkCore\LLWindowGui\framework_window_system.cpp:__LINE__> failed fw_window load: icon_image.
[2025.02.24 15:27:30.570 ms]:[INFO]:[PSAG_OGL_INIT]: framework_graphics logger function_ptr: e9629418
[2025.02.24 15:27:30.570 ms]:[INFO]:[PSAG_OGL_INIT]: framework_graphics shader gl_version: 
[2025.02.24 15:27:30.572 ms]:[TRACE]:[PSAG_OGL_INIT]: framework_graphics config init...
[2025.02.24 15:27:30.572 ms]:[INFO]:[PSAG_OGL_INFORMATION]: device gpu supplier: NVIDIA Corporation
[2025.02.24 15:27:30.572 ms]:[INFO]:[PSAG_OGL_INFORMATION]: device gpu model: NVIDIA GeForce RTX 4060 Laptop GPU/PCIe/SSE2
[2025.02.24 15:27:30.572 ms]:[INFO]:[PSAG_OGL_INFORMATION]: device version opengl: 4.6.0 NVIDIA 561.19
[2025.02.24 15:27:30.572 ms]:[INFO]:[PSAG_OGL_INFORMATION]: device version glsl: 4.60 NVIDIA
[2025.02.24 15:27:30.572 ms]:[PERF]:[PSAG_OGL_INFORMATION]: device memory[capacity]: 8188.00 mib
[2025.02.24 15:27:30.572 ms]:[INFO]:[PSAG_OGL_INFORMATION]: device (vao)attribs_max units: 16 entry
[2025.02.24 15:27:30.572 ms]:[INFO]:[PSAG_OGL_INFORMATION]: device (vbo)buffer_max units: 4096 entry
[2025.02.24 15:27:30.572 ms]:[INFO]:[PSAG_OGL_INFORMATION]: device [tmu]texture_max units: 32 entry
[2025.02.24 15:27:30.572 ms]:[INFO]:[PSAG_OGL_INFORMATION]: device (vert)uniform_max items: 4096
[2025.02.24 15:27:30.573 ms]:[INFO]:[PSAG_OGL_INFORMATION]: device (frag)uniform_max items: 4096
[2025.02.24 15:27:30.573 ms]:[INFO]:[PSAG_LLRES]: graph static_object(graphics) create.
[2025.02.24 15:27:30.573 ms]:[INFO]:[PSAG_AUDIO_DATA]: LLRES static_object() create.
[2025.02.24 15:27:30.573 ms]:[INFO]:[PSAG_OGL_RES]: vao: storage key: 4
[2025.02.24 15:27:30.573 ms]:[INFO]:[PSAG_OGL_RES]: vbo: storage key: 6
[2025.02.24 15:27:30.573 ms]:[TRACE]:[PSAG_GL_DATASET]: dynamic vertex data manager_create.
[2025.02.24 15:27:30.573 ms]:[INFO]:[PSAG_OGL_RES]: vao: storage key: 8
[2025.02.24 15:27:30.573 ms]:[INFO]:[PSAG_OGL_RES]: vbo: storage key: 10
[2025.02.24 15:27:30.573 ms]:[INFO]:[PSAG_GL_DATASET]: ver_data(stc) upload gpu_data: 72 bytes
[2025.02.24 15:27:30.573 ms]:[INFO]:[PSAG_GL_DATASET]: ver_data(stc) item: alloc key: 12
[2025.02.24 15:27:30.573 ms]:[INFO]:[PSAG_GL_DATASET]: preset craete: rectangle.
[2025.02.24 15:27:30.574 ms]:[INFO]:[PSAG_GL_DATASET]: ver_data(stc) upload gpu_data: 2868 bytes
[2025.02.24 15:27:30.574 ms]:[INFO]:[PSAG_GL_DATASET]: ver_data(stc) item: alloc key: 14
[2025.02.24 15:27:30.574 ms]:[INFO]:[PSAG_GL_DATASET]: preset craete: circle.
[2025.02.24 15:27:30.574 ms]:[TRACE]:[PSAG_GL_DATASET]: static vertex data manager_create.
[2025.02.24 15:27:30.574 ms]:[TRACE]:[PSAG_OGL_RES]: tmu alloc u: 1
[2025.02.24 15:27:30.574 ms]:[TRACE]:[PSAG_OGL_RES]: tmu alloc u: 2
[2025.02.24 15:27:30.574 ms]:[TRACE]:[PSAG_OGL_RES]: tmu alloc u: 3
[2025.02.24 15:27:30.574 ms]:[TRACE]:[PSAG_OGL_RES]: tmu alloc u: 4
[2025.02.24 15:27:30.574 ms]:[INFO]:[PSAG_OGL_TEXTURE]: texture.2d(array) object create.
[2025.02.24 15:27:30.575 ms]:[INFO]:[PSAG_OGL_TEXTURE]: texture create, succ: size: 4096 x 4096, layers: 5.
[2025.02.24 15:27:30.575 ms]:[INFO]:[PSAG_OGL_TEXTURE]: texture.2d(array) object create.
[2025.02.24 15:27:30.575 ms]:[INFO]:[PSAG_OGL_TEXTURE]: texture create, succ: size: 2048 x 2048, layers: 10.
[2025.02.24 15:27:30.575 ms]:[INFO]:[PSAG_OGL_TEXTURE]: texture.2d(array) object create.
[2025.02.24 15:27:30.575 ms]:[INFO]:[PSAG_OGL_TEXTURE]: texture create, succ: size: 1024 x 1024, layers: 20.
[2025.02.24 15:27:30.575 ms]:[INFO]:[PSAG_OGL_TEXTURE]: texture.2d(array) object create.
[2025.02.24 15:27:30.575 ms]:[INFO]:[PSAG_OGL_TEXTURE]: texture create, succ: size: 512 x 512, layers: 25.
[2025.02.24 15:27:30.575 ms]:[INFO]:[PSAG_OGL_RES]: texture: storage key: 16
[2025.02.24 15:27:30.575 ms]:[INFO]:[PSAG_OGL_RES]: texture: storage key: 18
[2025.02.24 15:27:30.575 ms]:[INFO]:[PSAG_OGL_RES]: texture: storage key: 20
[2025.02.24 15:27:30.575 ms]:[INFO]:[PSAG_OGL_RES]: texture: storage key: 22
[2025.02.24 15:27:30.575 ms]:[TRACE]:[PSAG_GL_DATASET]: vir_create texture[8x] size: 4096 x 4096
[2025.02.24 15:27:30.575 ms]:[TRACE]:[PSAG_GL_DATASET]: vir_create texture[4x] size: 2048 x 2048
[2025.02.24 15:27:30.575 ms]:[TRACE]:[PSAG_GL_DATASET]: vir_create texture[2x] size: 1024 x 1024
[2025.02.24 15:27:30.575 ms]:[TRACE]:[PSAG_GL_DATASET]: vir_create texture[1x] size: 512 x 512
[2025.02.24 15:27:30.575 ms]:[INFO]:[PSAG_OGL_UNIFORM]: uniform_buffer.gen create.
[2025.02.24 15:27:30.575 ms]:[INFO]:[PSAG_OGL_RES]: ubo: storage key: 24
[2025.02.24 15:27:30.575 ms]:[INFO]:[PSAG_GL_MATRIX]: graphics_engine create matrix ubo.
[2025.02.24 15:27:31.683 ms]:[TRACE]:[PSAG_AUDIO]: audio(openal) global create device & context.
[2025.02.24 15:27:31.683 ms]:[INFO]:[PSAG_PHYSICS]: physics_world item: alloc key: DEFAULT_PHY_WORLD
[2025.02.24 15:27:31.683 ms]:[INFO]:[PSAG_OGL_SHADER]: vertex_shader source script num: 1
[2025.02.24 15:27:31.683 ms]:[INFO]:[PSAG_OGL_SHADER]: vertex compilation succeeded.
[2025.02.24 15:27:31.683 ms]:[INFO]:[PSAG_OGL_SHADER]: fragment_shader source script num: 2
[2025.02.24 15:27:31.683 ms]:[INFO]:[PSAG_OGL_SHADER]: fragment compilation succeeded.
[2025.02.24 15:27:31.684 ms]:[INFO]:[PSAG_OGL_SHADER]: shader_program link succeeded.
[2025.02.24 15:27:31.684 ms]:[INFO]:[PSAG_OGL_RES]: shader: storage key: 26
[2025.02.24 15:27:31.684 ms]:[INFO]:[PSAG_OGL_SHADER]: vertex_shader source script num: 1
[2025.02.24 15:27:31.684 ms]:[INFO]:[PSAG_OGL_SHADER]: vertex compilation succeeded.
[2025.02.24 15:27:31.685 ms]:[INFO]:[PSAG_OGL_SHADER]: fragment_shader source script num: 2
[2025.02.24 15:27:31.685 ms]:[INFO]:[PSAG_OGL_SHADER]: fragment compilation succeeded.
[2025.02.24 15:27:31.685 ms]:[INFO]:[PSAG_OGL_SHADER]: shader_program link succeeded.
[2025.02.24 15:27:31.685 ms]:[INFO]:[PSAG_OGL_RES]: shader: storage key: 28
[2025.02.24 15:27:31.685 ms]:[INFO]:[PSAG_OGL_SHADER]: vertex_shader source script num: 1
[2025.02.24 15:27:31.685 ms]:[INFO]:[PSAG_OGL_SHADER]: vertex compilation succeeded.
[2025.02.24 15:27:31.685 ms]:[INFO]:[PSAG_OGL_SHADER]: fragment_shader source script num: 3
[2025.02.24 15:27:31.685 ms]:[INFO]:[PSAG_OGL_SHADER]: fragment compilation succeeded.
[2025.02.24 15:27:31.685 ms]:[INFO]:[PSAG_OGL_SHADER]: shader_program link succeeded.
[2025.02.24 15:27:31.686 ms]:[INFO]:[PSAG_OGL_RES]: shader: storage key: 30
[2025.02.24 15:27:31.686 ms]:[INFO]:[PSAG_OGL_SHADER]: vertex_shader source script num: 1
[2025.02.24 15:27:31.686 ms]:[INFO]:[PSAG_OGL_SHADER]: vertex compilation succeeded.
[2025.02.24 15:27:31.686 ms]:[INFO]:[PSAG_OGL_SHADER]: fragment_shader source script num: 3
[2025.02.24 15:27:31.686 ms]:[INFO]:[PSAG_OGL_SHADER]: fragment compilation succeeded.
[2025.02.24 15:27:31.686 ms]:[INFO]:[PSAG_OGL_SHADER]: shader_program link succeeded.
[2025.02.24 15:27:31.686 ms]:[INFO]:[PSAG_OGL_RES]: shader: storage key: 32
[2025.02.24 15:27:31.686 ms]:[INFO]:[PSAG_OGL_SHADER]: vertex_shader source script num: 1
[2025.02.24 15:27:31.686 ms]:[INFO]:[PSAG_OGL_SHADER]: vertex compilation succeeded.
[2025.02.24 15:27:31.686 ms]:[INFO]:[PSAG_OGL_SHADER]: fragment_shader source script num: 3
[2025.02.24 15:27:31.687 ms]:[INFO]:[PSAG_OGL_SHADER]: fragment compilation succeeded.
[2025.02.24 15:27:31.687 ms]:[INFO]:[PSAG_OGL_SHADER]: shader_program link succeeded.
[2025.02.24 15:27:31.687 ms]:[INFO]:[PSAG_OGL_RES]: shader: storage key: 34
[2025.02.24 15:27:31.687 ms]:[INFO]:[PSAG_GL_DATASET]: ver_data(stc) upload gpu_data: 2940 bytes
[2025.02.24 15:27:31.687 ms]:[INFO]:[PSAG_GL_DATASET]: ver_data(stc) item: alloc key: 36
[2025.02.24 15:27:31.687 ms]:[INFO]:[PSAG_OGL_RENDER]: render_buffer object create.
[2025.02.24 15:27:31.687 ms]:[INFO]:[PSAG_OGL_RENDER]: render_buffer config depth.
[2025.02.24 15:27:31.687 ms]:[INFO]:[PSAG_OGL_RENDER]: alloc render_buffer 1680 x 945, size: 6.056 mib.
[2025.02.24 15:27:31.687 ms]:[INFO]:[PSAG_OGL_RES]: rbo: storage key: 38
[2025.02.24 15:27:31.687 ms]:[TRACE]:[PSAG_OGL_RES]: tmu alloc u: 5
[2025.02.24 15:27:31.687 ms]:[INFO]:[PSAG_OGL_TEXTURE]: texture.2d(array) object create.
[2025.02.24 15:27:31.687 ms]:[INFO]:[PSAG_OGL_TEXTURE]: texture create, succ: size: 1680 x 945, layers: 5.
[2025.02.24 15:27:31.687 ms]:[INFO]:[PSAG_OGL_RES]: texture: storage key: 40
[2025.02.24 15:27:31.687 ms]:[INFO]:[PSAG_OGL_FRAME]: frame_buffer object create.
[2025.02.24 15:27:31.690 ms]:[INFO]:[PSAG_OGL_RES]: fbo: storage key: 42
[2025.02.24 15:27:31.690 ms]:[INFO]:[PSAG_OGL_FRAME]: frame_buffer object create.
[2025.02.24 15:27:31.690 ms]:[INFO]:[PSAG_OGL_RES]: fbo: storage key: 44
[2025.02.24 15:27:31.690 ms]:[INFO]:[PSAG_OGL_FRAME]: frame_buffer object create.
[2025.02.24 15:27:31.690 ms]:[INFO]:[PSAG_OGL_RES]: fbo: storage key: 46
[2025.02.24 15:27:31.690 ms]:[INFO]:[PSAG_OGL_FRAME]: frame_buffer object create.
[2025.02.24 15:27:31.690 ms]:[INFO]:[PSAG_OGL_RES]: fbo: storage key: 48
[2025.02.24 15:27:31.690 ms]:[INFO]:[PSAG_OGL_FRAME]: frame_buffer object create.
[2025.02.24 15:27:31.690 ms]:[INFO]:[PSAG_OGL_RES]: fbo: storage key: 50
[2025.02.24 15:27:31.690 ms]:[INFO]:[PSAG_GL_POST]: graphics_engine create final_shader(system).
[2025.02.24 15:27:31.691 ms]:[INFO]:[PSAG_IMGUI]: imgui_read: fonts file: PSAGameSystemFiles/JetBrainsMonoBold.ttf
[2025.02.24 15:27:31.691 ms]:[INFO]:[PSAG_IMGUI]: imgui_init: imgui_opengl3 context.
[2025.02.24 15:27:31.691 ms]:[TRACE]:[PSAG_M_CORE]: registration ref_object name: ZPGameScene
[2025.02.24 15:27:31.691 ms]:[TRACE]:[PSAG_M_CORE]: registration ref_object name: ZPGamePActor
[2025.02.24 15:27:31.691 ms]:[TRACE]:[PSAG_M_CORE]: registration ref_object name: ZPGameBullet
[2025.02.24 15:27:31.691 ms]:[TRACE]:[PSAG_M_CORE]: registration ref_object name: ZPGameGui
[2025.02.24 15:27:31.691 ms]:[INFO]:[PSAG_PHYSICS]: physics_world item: alloc key: ZPGamePhysics
[2025.02.24 15:27:31.692 ms]:[INFO]:[PSAG_FILESYS_LOAD]: load(src) read_file: PSAGameFrameworkDev/GameZeroProject/GameMaterial/zpgame_wall_h.png read_size: 22012
[2025.02.24 15:27:31.692 ms]:[INFO]:[PSAG_FILESYS_LOAD]: load(src) read_file: PSAGameFrameworkDev/GameZeroProject/GameMaterial/zpgame_wall_v.png read_size: 44017
[2025.02.24 15:27:31.692 ms]:[INFO]:[PSAG_ACTOR_CORE]: game_actor shader create: 1680 x 945
[2025.02.24 15:27:31.692 ms]:[INFO]:[PSAG_ACTOR_CORE]: game_actor shader create: 1680 x 945
[2025.02.24 15:27:31.703 ms]:[INFO]:[PSAG_OGL_IMG]: success decode image: size: 4096 x 208, color_channel: 4
[2025.02.24 15:27:31.703 ms]:[INFO]:[PSAG_GL_DATASET]: layers_manager alloc_count: 0
[2025.02.24 15:27:31.744 ms]:[INFO]:[PSAG_GL_DATASET]: vir_texture: src: 4096 x 208, fmt_fill: 4096 x 4096
[2025.02.24 15:27:31.772 ms]:[INFO]:[PSAG_GL_DATASET]: vir_texture item: alloc key: 52, cropping: 1.00 x 0.05, res: 1x/1
[2025.02.24 15:27:31.778 ms]:[INFO]:[PSAG_ACTOR_CORE]: game_actor shader texture add, name: WallH
[2025.02.24 15:27:31.778 ms]:[INFO]:[PSAG_ACTOR_CORE]: game_actor shader create: 1680 x 945
[2025.02.24 15:27:31.790 ms]:[INFO]:[PSAG_OGL_IMG]: success decode image: size: 208 x 4096, color_channel: 4
[2025.02.24 15:27:31.791 ms]:[INFO]:[PSAG_GL_DATASET]: layers_manager alloc_count: 1
[2025.02.24 15:27:31.833 ms]:[INFO]:[PSAG_GL_DATASET]: vir_texture: src: 208 x 4096, fmt_fill: 4096 x 4096
[2025.02.24 15:27:31.860 ms]:[INFO]:[PSAG_GL_DATASET]: vir_texture item: alloc key: 54, cropping: 0.05 x 1.00, res: 1x/1
[2025.02.24 15:27:31.866 ms]:[INFO]:[PSAG_ACTOR_CORE]: game_actor shader texture add, name: WallV
[2025.02.24 15:27:31.866 ms]:[INFO]:[PSAG_ACTOR_CORE]: game_actor shader load textures: 0
[2025.02.24 15:27:31.867 ms]:[INFO]:[PSAG_OGL_SHADER]: vertex_shader source script num: 1
[2025.02.24 15:27:31.867 ms]:[INFO]:[PSAG_OGL_SHADER]: vertex compilation succeeded.
[2025.02.24 15:27:31.867 ms]:[INFO]:[PSAG_OGL_SHADER]: fragment_shader source script num: 2
[2025.02.24 15:27:31.867 ms]:[INFO]:[PSAG_OGL_SHADER]: fragment compilation succeeded.
[2025.02.24 15:27:31.867 ms]:[INFO]:[PSAG_OGL_SHADER]: shader_program link succeeded.
[2025.02.24 15:27:31.867 ms]:[INFO]:[PSAG_OGL_RES]: shader: storage key: 56
[2025.02.24 15:27:31.867 ms]:[INFO]:[PSAG_ACTOR_CORE]: game_actor shader default_res create.
[2025.02.24 15:27:31.867 ms]:[INFO]:[PSAG_ACTOR_CORE]: game_actor shader load textures: 1
[2025.02.24 15:27:31.867 ms]:[INFO]:[PSAG_OGL_SHADER]: vertex_shader source script num: 1
[2025.02.24 15:27:31.867 ms]:[INFO]:[PSAG_OGL_SHADER]: vertex compilation succeeded.
[2025.02.24 15:27:31.867 ms]:[INFO]:[PSAG_OGL_SHADER]: fragment_shader source script num: 3
[2025.02.24 15:27:31.868 ms]:[INFO]:[PSAG_OGL_SHADER]: fragment compilation succeeded.
[2025.02.24 15:27:31.868 ms]:[INFO]:[PSAG_OGL_SHADER]: shader_program link succeeded.
[2025.02.24 15:27:31.868 ms]:[INFO]:[PSAG_OGL_RES]: shader: storage key: 60
[2025.02.24 15:27:31.868 ms]:[INFO]:[PSAG_ACTOR_CORE]: game_actor shader default_res create.
[2025.02.24 15:27:31.868 ms]:[INFO]:[PSAG_ACTOR_CORE]: game_actor shader load textures: 1
[2025.02.24 15:27:31.868 ms]:[INFO]:[PSAG_OGL_SHADER]: vertex_shader source script num: 1
[2025.02.24 15:27:31.868 ms]:[INFO]:[PSAG_OGL_SHADER]: vertex compilation succeeded.
[2025.02.24 15:27:31.868 ms]:[INFO]:[PSAG_OGL_SHADER]: fragment_shader source script num: 3
[2025.02.24 15:27:31.868 ms]:[INFO]:[PSAG_OGL_SHADER]: fragment compilation succeeded.
[2025.02.24 15:27:31.868 ms]:[INFO]:[PSAG_OGL_SHADER]: shader_program link succeeded.
[2025.02.24 15:27:31.868 ms]:[INFO]:[PSAG_OGL_RES]: shader: storage key: 64
[2025.02.24 15:27:31.868 ms]:[INFO]:[PSAG_ACTOR_CORE]: game_actor shader default_res create.
[2025.02.24 15:27:31.868 ms]:[INFO]:[PSAG_ENVMT_CORE]: game_envmt get textures: 1
[2025.02.24 15:27:31.868 ms]:[INFO]:[PSAG_ENVMT_CORE]: game_envmt render_comp init.
[2025.02.24 15:27:31.868 ms]:[INFO]:[PSAG_PHYSICS]: phy_world => body_data, name: ZPGamePhysics
[2025.02.24 15:27:31.868 ms]:[INFO]:[PSAG_PHYSICS]: body_data(static) item: alloc key: 2981829019728
[2025.02.24 15:27:31.868 ms]:[INFO]:[PSAG_ENVMT_CORE]: game_envmt item create: 68
[2025.02.24 15:27:31.868 ms]:[INFO]:[PSAG_ENVMT_CORE]: game_envmt get textures: 1
[2025.02.24 15:27:31.868 ms]:[INFO]:[PSAG_ENVMT_CORE]: game_envmt render_comp init.
[2025.02.24 15:27:31.868 ms]:[INFO]:[PSAG_PHYSICS]: phy_world => body_data, name: ZPGamePhysics
[2025.02.24 15:27:31.869 ms]:[INFO]:[PSAG_PHYSICS]: body_data(static) item: alloc key: 2981829015248
[2025.02.24 15:27:31.869 ms]:[INFO]:[PSAG_ENVMT_CORE]: game_envmt item create: 70
[2025.02.24 15:27:31.869 ms]:[INFO]:[PSAG_ENVMT_CORE]: game_envmt get textures: 1
[2025.02.24 15:27:31.869 ms]:[INFO]:[PSAG_ENVMT_CORE]: game_envmt render_comp init.
[2025.02.24 15:27:31.869 ms]:[INFO]:[PSAG_PHYSICS]: phy_world => body_data, name: ZPGamePhysics
[2025.02.24 15:27:31.869 ms]:[INFO]:[PSAG_PHYSICS]: body_data(static) item: alloc key: 2981829020176
[2025.02.24 15:27:31.869 ms]:[INFO]:[PSAG_ENVMT_CORE]: game_envmt item create: 72
[2025.02.24 15:27:31.869 ms]:[INFO]:[PSAG_ENVMT_CORE]: game_envmt get textures: 1
[2025.02.24 15:27:31.869 ms]:[INFO]:[PSAG_ENVMT_CORE]: game_envmt render_comp init.
[2025.02.24 15:27:31.869 ms]:[INFO]:[PSAG_PHYSICS]: phy_world => body_data, name: ZPGamePhysics
[2025.02.24 15:27:31.869 ms]:[INFO]:[PSAG_PHYSICS]: body_data(static) item: alloc key: 2981829016592
[2025.02.24 15:27:31.869 ms]:[INFO]:[PSAG_ENVMT_CORE]: game_envmt item create: 74
[2025.02.24 15:27:31.869 ms]:[INFO]:[PSAG_ENVMT_CORE]: game_envmt render_comp init.
[2025.02.24 15:27:31.869 ms]:[INFO]:[PSAG_PHYSICS]: phy_world => body_data, name: ZPGamePhysics
[2025.02.24 15:27:31.869 ms]:[INFO]:[PSAG_PHYSICS]: body_data(static) item: alloc key: 2981829017488
[2025.02.24 15:27:31.869 ms]:[INFO]:[PSAG_ENVMT_CORE]: game_envmt item create: 76
[2025.02.24 15:27:31.869 ms]:[INFO]:[PSAG_ACTOR_CORE]: AType: register key: ActorPAWN
[2025.02.24 15:27:31.869 ms]:[INFO]:[PSAG_ACTOR_CORE]: AType: register key: ActorNPC
[2025.02.24 15:27:31.869 ms]:[INFO]:[PSAG_FILESYS_LOAD]: load(src) read_file: PSAGameFrameworkDev/GameZeroProject/GameMaterial/zpgame_ppactor_nor.png read_size: 405375
[2025.02.24 15:27:31.869 ms]:[INFO]:[PSAG_ACTOR_CORE]: game_actor shader create: 1680 x 945
[2025.02.24 15:27:31.892 ms]:[INFO]:[PSAG_OGL_IMG]: success decode image: size: 1024 x 1024, color_channel: 4
[2025.02.24 15:27:31.893 ms]:[INFO]:[PSAG_GL_DATASET]: layers_manager alloc_count: 0
[2025.02.24 15:27:31.893 ms]:[INFO]:[PSAG_GL_DATASET]: vir_texture: src: 1024 x 1024, fmt_fill: 1024 x 1024
[2025.02.24 15:27:31.895 ms]:[INFO]:[PSAG_GL_DATASET]: vir_texture item: alloc key: 78, cropping: 1.00 x 1.00, res: 4x/1
[2025.02.24 15:27:31.895 ms]:[INFO]:[PSAG_ACTOR_CORE]: game_actor shader texture add, name: PPActor
[2025.02.24 15:27:31.896 ms]:[INFO]:[PSAG_FILESYS_LOAD]: load(src) read_file: PSAGameFrameworkDev/GameZeroProject/GameMaterial/zpgame_npc_a.png read_size: 177392
[2025.02.24 15:27:31.896 ms]:[INFO]:[PSAG_ACTOR_CORE]: game_actor shader create: 1680 x 945
[2025.02.24 15:27:31.919 ms]:[INFO]:[PSAG_OGL_IMG]: success decode image: size: 1024 x 1024, color_channel: 4
[2025.02.24 15:27:31.920 ms]:[INFO]:[PSAG_GL_DATASET]: layers_manager alloc_count: 1
[2025.02.24 15:27:31.920 ms]:[INFO]:[PSAG_GL_DATASET]: vir_texture: src: 1024 x 1024, fmt_fill: 1024 x 1024
[2025.02.24 15:27:31.922 ms]:[INFO]:[PSAG_GL_DATASET]: vir_texture item: alloc key: 80, cropping: 1.00 x 1.00, res: 4x/1
[2025.02.24 15:27:31.922 ms]:[INFO]:[PSAG_ACTOR_CORE]: game_actor shader texture add, name: NPActor
[2025.02.24 15:27:31.922 ms]:[INFO]:[PSAG_ACTOR_CORE]: game_actor shader load textures: 1
[2025.02.24 15:27:31.923 ms]:[INFO]:[PSAG_OGL_SHADER]: vertex_shader source script num: 1
[2025.02.24 15:27:31.923 ms]:[INFO]:[PSAG_OGL_SHADER]: vertex compilation succeeded.
[2025.02.24 15:27:31.923 ms]:[INFO]:[PSAG_OGL_SHADER]: fragment_shader source script num: 3
[2025.02.24 15:27:31.923 ms]:[INFO]:[PSAG_OGL_SHADER]: fragment compilation succeeded.
[2025.02.24 15:27:31.923 ms]:[INFO]:[PSAG_OGL_SHADER]: shader_program link succeeded.
[2025.02.24 15:27:31.923 ms]:[INFO]:[PSAG_OGL_RES]: shader: storage key: 82
[2025.02.24 15:27:31.923 ms]:[INFO]:[PSAG_ACTOR_CORE]: game_actor shader default_res create.
[2025.02.24 15:27:31.923 ms]:[INFO]:[PSAG_ACTOR_CORE]: game_actor shader load textures: 1
[2025.02.24 15:27:31.923 ms]:[INFO]:[PSAG_OGL_SHADER]: vertex_shader source script num: 1
[2025.02.24 15:27:31.923 ms]:[INFO]:[PSAG_OGL_SHADER]: vertex compilation succeeded.
[2025.02.24 15:27:31.923 ms]:[INFO]:[PSAG_OGL_SHADER]: fragment_shader source script num: 3
[2025.02.24 15:27:31.923 ms]:[INFO]:[PSAG_OGL_SHADER]: fragment compilation succeeded.
[2025.02.24 15:27:31.923 ms]:[INFO]:[PSAG_OGL_SHADER]: shader_program link succeeded.
[2025.02.24 15:27:31.923 ms]:[INFO]:[PSAG_OGL_RES]: shader: storage key: 86
[2025.02.24 15:27:31.923 ms]:[INFO]:[PSAG_ACTOR_CORE]: game_actor shader default_res create.
[2025.02.24 15:27:31.923 ms]:[INFO]:[PSAG_ACTOR_CORE]: game_actor get textures: 1
[2025.02.24 15:27:31.923 ms]:[INFO]:[PSAG_ACTOR_CORE]: game_actor render_comp init.
[2025.02.24 15:27:31.923 ms]:[INFO]:[PSAG_PHYSICS]: phy_world => body_data, name: ZPGamePhysics
[2025.02.24 15:27:31.923 ms]:[INFO]:[PSAG_PHYSICS]: body_data(dynamic) item: alloc key: 2981834867104
[2025.02.24 15:27:31.923 ms]:[INFO]:[PSAG_ACTOR_CORE]: game_actor entity create: 90
[2025.02.24 15:27:31.923 ms]:[INFO]:[PSAG_TOOL_NOTFIY]: station register n: PPActor, ptr 3d386ae0
[2025.02.24 15:27:31.923 ms]:[INFO]:[PSAG_ACTOR_CORE]: game_actor get textures: 1
[2025.02.24 15:27:31.923 ms]:[INFO]:[PSAG_ACTOR_CORE]: game_actor render_comp init.
[2025.02.24 15:27:31.923 ms]:[INFO]:[PSAG_PHYSICS]: phy_world => body_data, name: ZPGamePhysics
[2025.02.24 15:27:31.923 ms]:[INFO]:[PSAG_PHYSICS]: body_data(dynamic) item: alloc key: 2981834862064
[2025.02.24 15:27:31.924 ms]:[INFO]:[PSAG_ACTOR_CORE]: game_actor entity create: 92
[2025.02.24 15:27:31.924 ms]:[INFO]:[PSAG_ACTOR_CORE]: game_actor get textures: 1
[2025.02.24 15:27:31.924 ms]:[INFO]:[PSAG_ACTOR_CORE]: game_actor render_comp init.
[2025.02.24 15:27:31.924 ms]:[INFO]:[PSAG_PHYSICS]: phy_world => body_data, name: ZPGamePhysics
[2025.02.24 15:27:31.924 ms]:[INFO]:[PSAG_PHYSICS]: body_data(dynamic) item: alloc key: 2981834862400
[2025.02.24 15:27:31.924 ms]:[INFO]:[PSAG_ACTOR_CORE]: game_actor entity create: 94
[2025.02.24 15:27:31.924 ms]:[INFO]:[PSAG_ACTOR_CORE]: game_actor get textures: 1
[2025.02.24 15:27:31.924 ms]:[INFO]:[PSAG_ACTOR_CORE]: game_actor render_comp init.
[2025.02.24 15:27:31.924 ms]:[INFO]:[PSAG_PHYSICS]: phy_world => body_data, name: ZPGamePhysics
[2025.02.24 15:27:31.924 ms]:[INFO]:[PSAG_PHYSICS]: body_data(dynamic) item: alloc key: 2981834865760
[2025.02.24 15:27:31.924 ms]:[INFO]:[PSAG_ACTOR_CORE]: game_actor entity create: 96
[2025.02.24 15:27:31.924 ms]:[INFO]:[PSAG_ACTOR_CORE]: game_actor get textures: 1
[2025.02.24 15:27:31.924 ms]:[INFO]:[PSAG_ACTOR_CORE]: game_actor render_comp init.
[2025.02.24 15:27:31.924 ms]:[INFO]:[PSAG_PHYSICS]: phy_world => body_data, name: ZPGamePhysics
[2025.02.24 15:27:31.924 ms]:[INFO]:[PSAG_PHYSICS]: body_data(dynamic) item: alloc key: 2981834866432
[2025.02.24 15:27:31.924 ms]:[INFO]:[PSAG_ACTOR_CORE]: game_actor entity create: 98
[2025.02.24 15:27:31.924 ms]:[INFO]:[PSAG_ACTOR_CORE]: game_actor get textures: 1
[2025.02.24 15:27:31.924 ms]:[INFO]:[PSAG_ACTOR_CORE]: game_actor render_comp init.
[2025.02.24 15:27:31.924 ms]:[INFO]:[PSAG_PHYSICS]: phy_world => body_data, name: ZPGamePhysics
[2025.02.24 15:27:31.924 ms]:[INFO]:[PSAG_PHYSICS]: body_data(dynamic) item: alloc key: 2981834863072
[2025.02.24 15:27:31.924 ms]:[INFO]:[PSAG_ACTOR_CORE]: game_actor entity create: 100
[2025.02.24 15:27:31.924 ms]:[INFO]:[PSAG_ACTOR_CORE]: game_actor get textures: 1
[2025.02.24 15:27:31.924 ms]:[INFO]:[PSAG_ACTOR_CORE]: game_actor render_comp init.
[2025.02.24 15:27:31.924 ms]:[INFO]:[PSAG_PHYSICS]: phy_world => body_data, name: ZPGamePhysics
[2025.02.24 15:27:31.924 ms]:[INFO]:[PSAG_PHYSICS]: body_data(dynamic) item: alloc key: 2981834863408
[2025.02.24 15:27:31.924 ms]:[INFO]:[PSAG_ACTOR_CORE]: game_actor entity create: 102
[2025.02.24 15:27:31.924 ms]:[INFO]:[PSAG_ACTOR_CORE]: game_actor get textures: 1
[2025.02.24 15:27:31.924 ms]:[INFO]:[PSAG_ACTOR_CORE]: game_actor render_comp init.
[2025.02.24 15:27:31.924 ms]:[INFO]:[PSAG_PHYSICS]: phy_world => body_data, name: ZPGamePhysics
[2025.02.24 15:27:31.924 ms]:[INFO]:[PSAG_PHYSICS]: body_data(dynamic) item: alloc key: 2981834861056
[2025.02.24 15:27:31.924 ms]:[INFO]:[PSAG_ACTOR_CORE]: game_actor entity create: 104
[2025.02.24 15:27:31.924 ms]:[INFO]:[PSAG_ACTOR_CORE]: game_actor get textures: 1
[2025.02.24 15:27:31.924 ms]:[INFO]:[PSAG_ACTOR_CORE]: game_actor render_comp init.
[2025.02.24 15:27:31.924 ms]:[INFO]:[PSAG_PHYSICS]: phy_world => body_data, name: ZPGamePhysics
[2025.02.24 15:27:31.924 ms]:[INFO]:[PSAG_PHYSICS]: body_data(dynamic) item: alloc key: 2981834864416
[2025.02.24 15:27:31.924 ms]:[INFO]:[PSAG_ACTOR_CORE]: game_actor entity create: 106
[2025.02.24 15:27:31.924 ms]:[INFO]:[PSAG_ACTOR_CORE]: game_actor get textures: 1
[2025.02.24 15:27:31.925 ms]:[INFO]:[PSAG_ACTOR_CORE]: game_actor render_comp init.
[2025.02.24 15:27:31.925 ms]:[INFO]:[PSAG_PHYSICS]: phy_world => body_data, name: ZPGamePhysics
[2025.02.24 15:27:31.925 ms]:[INFO]:[PSAG_PHYSICS]: body_data(dynamic) item: alloc key: 2981834867440
[2025.02.24 15:27:31.925 ms]:[INFO]:[PSAG_ACTOR_CORE]: game_actor entity create: 108
[2025.02.24 15:27:31.925 ms]:[INFO]:[PSAG_ACTOR_CORE]: game_actor get textures: 1
[2025.02.24 15:27:31.925 ms]:[INFO]:[PSAG_ACTOR_CORE]: game_actor render_comp init.
[2025.02.24 15:27:31.925 ms]:[INFO]:[PSAG_PHYSICS]: phy_world => body_data, name: ZPGamePhysics
[2025.02.24 15:27:31.925 ms]:[INFO]:[PSAG_PHYSICS]: body_data(dynamic) item: alloc key: 2981834868448
[2025.02.24 15:27:31.925 ms]:[INFO]:[PSAG_ACTOR_CORE]: game_actor entity create: 110
[2025.02.24 15:27:31.925 ms]:[INFO]:[PSAG_ACTOR_CORE]: AType: register key: ActorBULLET
[2025.02.24 15:27:31.925 ms]:[INFO]:[PSAG_FILESYS_LOAD]: load(src) read_file: PSAGameFrameworkDev/GameZeroProject/GameMaterial/zpgame_bullet.png read_size: 54094
[2025.02.24 15:27:31.925 ms]:[INFO]:[PSAG_ACTOR_CORE]: game_actor shader create: 1680 x 945
[2025.02.24 15:27:31.952 ms]:[INFO]:[PSAG_OGL_IMG]: success decode image: size: 1024 x 2048, color_channel: 4
[2025.02.24 15:27:31.954 ms]:[INFO]:[PSAG_GL_DATASET]: layers_manager alloc_count: 0
[2025.02.24 15:27:32.025 ms]:[INFO]:[PSAG_GL_DATASET]: vir_texture: src: 1024 x 2048, fmt_fill: 2048 x 2048
[2025.02.24 15:27:32.033 ms]:[INFO]:[PSAG_GL_DATASET]: vir_texture item: alloc key: 112, cropping: 0.50 x 1.00, res: 2x/1
[2025.02.24 15:27:32.034 ms]:[INFO]:[PSAG_ACTOR_CORE]: game_actor shader texture add, name: Bullet
[2025.02.24 15:27:32.035 ms]:[INFO]:[PSAG_ACTOR_CORE]: game_actor shader load textures: 1
[2025.02.24 15:27:32.035 ms]:[INFO]:[PSAG_OGL_SHADER]: vertex_shader source script num: 1
[2025.02.24 15:27:32.035 ms]:[INFO]:[PSAG_OGL_SHADER]: vertex compilation succeeded.
[2025.02.24 15:27:32.035 ms]:[INFO]:[PSAG_OGL_SHADER]: fragment_shader source script num: 3
[2025.02.24 15:27:32.035 ms]:[INFO]:[PSAG_OGL_SHADER]: fragment compilation succeeded.
[2025.02.24 15:27:32.036 ms]:[INFO]:[PSAG_OGL_SHADER]: shader_program link succeeded.
[2025.02.24 15:27:32.036 ms]:[INFO]:[PSAG_OGL_RES]: shader: storage key: 114
[2025.02.24 15:27:32.036 ms]:[INFO]:[PSAG_ACTOR_CORE]: game_actor shader default_res create.
[2025.02.24 15:27:32.036 ms]:[INFO]:[PSAG_FILESYS_LOAD]: load(src) read_file: PSAGameFrameworkDev/GameZeroProject/GameMaterial/zpgame_particle_a.png read_size: 21686
[2025.02.24 15:27:32.043 ms]:[INFO]:[PSAG_OGL_IMG]: success decode image: size: 512 x 512, color_channel: 4
[2025.02.24 15:27:32.043 ms]:[INFO]:[PSAG_GL_PARTICLE]: particle system proc thread init.
[2025.02.24 15:27:32.043 ms]:[INFO]:[PSAG_OGL_SHADER]: vertex_shader source script num: 1
[2025.02.24 15:27:32.044 ms]:[INFO]:[PSAG_OGL_SHADER]: vertex compilation succeeded.
[2025.02.24 15:27:32.044 ms]:[INFO]:[PSAG_OGL_SHADER]: fragment_shader source script num: 3
[2025.02.24 15:27:32.044 ms]:[INFO]:[PSAG_OGL_SHADER]: fragment compilation succeeded.
[2025.02.24 15:27:32.045 ms]:[INFO]:[PSAG_OGL_SHADER]: shader_program link succeeded.
[2025.02.24 15:27:32.045 ms]:[INFO]:[PSAG_OGL_RES]: shader: storage key: 118
[2025.02.24 15:27:32.045 ms]:[INFO]:[PSAG_GL_DATASET]: ver_data(dy) item: alloc key: 120
[2025.02.24 15:27:32.045 ms]:[INFO]:[PSAG_GL_DATASET]: layers_manager alloc_count: 0
[2025.02.24 15:27:32.045 ms]:[INFO]:[PSAG_GL_DATASET]: vir_texture: src: 512 x 512, fmt_fill: 512 x 512
[2025.02.24 15:27:32.046 ms]:[INFO]:[PSAG_GL_DATASET]: vir_texture item: alloc key: 122, cropping: 1.00 x 1.00, res: 8x/1
[2025.02.24 15:27:32.046 ms]:[INFO]:[PSAG_GL_PARTICLE]: particle system init.
[2025.02.24 15:27:32.046 ms]:[INFO]:[PSAG_GL_PARTICLE]: particle system render_size: 1680 x 945
[2025.02.24 15:27:32.046 ms]:[INFO]:[PSAG_MANAGER_FX]: manager fx_particle init.
[2025.02.24 15:27:32.046 ms]:[INFO]:[PSAG_TOOL_NOTFIY]: station register n: PPActorBullet, ptr 3d386ae0
[2025.02.24 15:27:32.046 ms]:[INFO]:[PSAG_FILESYS_LOAD]: load(src) read_file: PSAGameFrameworkDev/GameZeroProject/GameMaterial/zpgame_gui/zpgame_gui_b0.png read_size: 10743
[2025.02.24 15:27:32.052 ms]:[INFO]:[PSAG_OGL_IMG]: success decode image: size: 1024 x 278, color_channel: 4
[2025.02.24 15:27:32.052 ms]:[INFO]:[PSAG_OGL_TEXTURE]: texture.2d(view) object create.
[2025.02.24 15:27:32.053 ms]:[INFO]:[PSAG_OGL_TEXTURE]: texture_view create, succ: size: 1024 x 278
[2025.02.24 15:27:32.053 ms]:[INFO]:[PSAG_GL_PVFX]: psag_fx image_view system, create: 1024 x 278
[2025.02.24 15:27:32.053 ms]:[INFO]:[PSAG_FILESYS_LOAD]: load(src) read_file: PSAGameFrameworkDev/GameZeroProject/GameMaterial/zpgame_gui/zpgame_gui_b1.png read_size: 22199
[2025.02.24 15:27:32.059 ms]:[INFO]:[PSAG_OGL_IMG]: success decode image: size: 1024 x 278, color_channel: 4
[2025.02.24 15:27:32.062 ms]:[INFO]:[PSAG_OGL_TEXTURE]: texture.2d(view) object create.
[2025.02.24 15:27:32.063 ms]:[INFO]:[PSAG_OGL_TEXTURE]: texture_view create, succ: size: 1024 x 278
[2025.02.24 15:27:32.063 ms]:[INFO]:[PSAG_GL_PVFX]: psag_fx image_view system, create: 1024 x 278
[2025.02.24 15:27:32.063 ms]:[INFO]:[PSAG_FILESYS_LOAD]: load(src) read_file: PSAGameFrameworkDev/GameZeroProject/GameMaterial/zpgame_gui/zpgame_gui_b2.png read_size: 22716
[2025.02.24 15:27:32.069 ms]:[INFO]:[PSAG_OGL_IMG]: success decode image: size: 1024 x 278, color_channel: 4
[2025.02.24 15:27:32.071 ms]:[INFO]:[PSAG_OGL_TEXTURE]: texture.2d(view) object create.
[2025.02.24 15:27:32.072 ms]:[INFO]:[PSAG_OGL_TEXTURE]: texture_view create, succ: size: 1024 x 278
[2025.02.24 15:27:32.072 ms]:[INFO]:[PSAG_GL_PVFX]: psag_fx image_view system, create: 1024 x 278
[2025.02.24 15:27:32.072 ms]:[INFO]:[PSAG_FILESYS_LOAD]: load(src) read_file: PSAGameFrameworkDev/GameZeroProject/GameMaterial/zpgame_gui/zpgame_gui_b3.png read_size: 23026
[2025.02.24 15:27:32.078 ms]:[INFO]:[PSAG_OGL_IMG]: success decode image: size: 1024 x 278, color_channel: 4
[2025.02.24 15:27:32.079 ms]:[INFO]:[PSAG_OGL_TEXTURE]: texture.2d(view) object create.
[2025.02.24 15:27:32.080 ms]:[INFO]:[PSAG_OGL_TEXTURE]: texture_view create, succ: size: 1024 x 278
[2025.02.24 15:27:32.080 ms]:[INFO]:[PSAG_GL_PVFX]: psag_fx image_view system, create: 1024 x 278
[2025.02.24 15:27:32.080 ms]:[INFO]:[PSAG_FILESYS_LOAD]: load(src) read_file: PSAGameFrameworkDev/GameZeroProject/GameMaterial/zpgame_gui/zpgame_gui_b4.png read_size: 23655
[2025.02.24 15:27:32.086 ms]:[INFO]:[PSAG_OGL_IMG]: success decode image: size: 1024 x 278, color_channel: 4
[2025.02.24 15:27:32.092 ms]:[INFO]:[PSAG_OGL_TEXTURE]: texture.2d(view) object create.
[2025.02.24 15:27:32.093 ms]:[INFO]:[PSAG_OGL_TEXTURE]: texture_view create, succ: size: 1024 x 278
[2025.02.24 15:27:32.093 ms]:[INFO]:[PSAG_GL_PVFX]: psag_fx image_view system, create: 1024 x 278
[2025.02.24 15:27:32.093 ms]:[INFO]:[PSAG_FILESYS_LOAD]: load(src) read_file: PSAGameFrameworkDev/GameZeroProject/GameMaterial/zpgame_gui/zpgame_gui_b5.png read_size: 23922
[2025.02.24 15:27:32.100 ms]:[INFO]:[PSAG_OGL_IMG]: success decode image: size: 1024 x 278, color_channel: 4
[2025.02.24 15:27:32.101 ms]:[INFO]:[PSAG_OGL_TEXTURE]: texture.2d(view) object create.
[2025.02.24 15:27:32.101 ms]:[INFO]:[PSAG_OGL_TEXTURE]: texture_view create, succ: size: 1024 x 278
[2025.02.24 15:27:32.101 ms]:[INFO]:[PSAG_GL_PVFX]: psag_fx image_view system, create: 1024 x 278
[2025.02.24 15:27:32.101 ms]:[INFO]:[PSAG_M_START_ANIM]: create start_anim player.
[2025.02.24 15:27:32.101 ms]:[TRACE]:[PSAG_M_CORE]: pomelo_star game2d version: 12.20250127
[2025.02.24 15:27:32.120 ms]:[INFO]:[PSAG_M_START_ANIM]: start_anim playback complete, time(s): 0.000
[2025.02.24 15:27:32.120 ms]:[INFO]:[PSAG_M_START_ANIM]: free textures resource.
[2025.02.24 15:27:34.218 ms]:[INFO]:[PSAG_TOOL_NOTFIY]: station receive pair: PPActor/PPActorBullet, data_size: 12 bytes
[2025.02.24 15:27:34.218 ms]:[INFO]:[PSAG_ACTOR_CORE]: game_actor get textures: 1
[2025.02.24 15:27:34.218 ms]:[INFO]:[PSAG_ACTOR_CORE]: game_actor render_comp init.
[2025.02.24 15:27:34.218 ms]:[INFO]:[PSAG_PHYSICS]: phy_world => body_data, name: ZPGamePhysics
[2025.02.24 15:27:34.218 ms]:[INFO]:[PSAG_PHYSICS]: body_data(dynamic) item: alloc key: 2981833969712
[2025.02.24 15:27:34.218 ms]:[INFO]:[PSAG_ACTOR_CORE]: game_actor entity create: 124
[2025.02.24 15:27:34.614 ms]:[INFO]:[PSAG_TOOL_NOTFIY]: station receive pair: PPActor/PPActorBullet, data_size: 12 bytes
[2025.02.24 15:27:34.614 ms]:[INFO]:[PSAG_ACTOR_CORE]: game_actor get textures: 1
[2025.02.24 15:27:34.614 ms]:[INFO]:[PSAG_ACTOR_CORE]: game_actor render_comp init.
[2025.02.24 15:27:34.614 ms]:[INFO]:[PSAG_PHYSICS]: phy_world => body_data, name: ZPGamePhysics
[2025.02.24 15:27:34.614 ms]:[INFO]:[PSAG_PHYSICS]: body_data(dynamic) item: alloc key: 2981833970384
[2025.02.24 15:27:34.614 ms]:[INFO]:[PSAG_ACTOR_CORE]: game_actor entity create: 126
[2025.02.24 15:27:34.814 ms]:[INFO]:[PSAG_TOOL_NOTFIY]: station receive pair: PPActor/PPActorBullet, data_size: 12 bytes
[2025.02.24 15:27:34.815 ms]:[INFO]:[PSAG_ACTOR_CORE]: game_actor get textures: 1
[2025.02.24 15:27:34.815 ms]:[INFO]:[PSAG_ACTOR_CORE]: game_actor render_comp init.
[2025.02.24 15:27:34.815 ms]:[INFO]:[PSAG_PHYSICS]: phy_world => body_data, name: ZPGamePhysics
[2025.02.24 15:27:34.815 ms]:[INFO]:[PSAG_PHYSICS]: body_data(dynamic) item: alloc key: 2981833970720
[2025.02.24 15:27:34.815 ms]:[INFO]:[PSAG_ACTOR_CORE]: game_actor entity create: 128
[2025.02.24 15:27:35.067 ms]:[INFO]:[PSAG_TOOL_NOTFIY]: station receive pair: PPActor/PPActorBullet, data_size: 12 bytes
[2025.02.24 15:27:35.067 ms]:[INFO]:[PSAG_ACTOR_CORE]: game_actor get textures: 1
[2025.02.24 15:27:35.067 ms]:[INFO]:[PSAG_ACTOR_CORE]: game_actor render_comp init.
[2025.02.24 15:27:35.067 ms]:[INFO]:[PSAG_PHYSICS]: phy_world => body_data, name: ZPGamePhysics
[2025.02.24 15:27:35.067 ms]:[INFO]:[PSAG_PHYSICS]: body_data(dynamic) item: alloc key: 2981833966688
[2025.02.24 15:27:35.067 ms]:[INFO]:[PSAG_ACTOR_CORE]: game_actor entity create: 130
[2025.02.24 15:27:35.361 ms]:[INFO]:[PSAG_TOOL_NOTFIY]: station receive pair: PPActor/PPActorBullet, data_size: 12 bytes
[2025.02.24 15:27:35.361 ms]:[INFO]:[PSAG_ACTOR_CORE]: game_actor get textures: 1
[2025.02.24 15:27:35.361 ms]:[INFO]:[PSAG_ACTOR_CORE]: game_actor render_comp init.
[2025.02.24 15:27:35.361 ms]:[INFO]:[PSAG_PHYSICS]: phy_world => body_data, name: ZPGamePhysics
[2025.02.24 15:27:35.361 ms]:[INFO]:[PSAG_PHYSICS]: body_data(dynamic) item: alloc key: 2981833968032
[2025.02.24 15:27:35.361 ms]:[INFO]:[PSAG_ACTOR_CORE]: game_actor entity create: 132
[2025.02.24 15:27:35.372 ms]:[INFO]:[PSAG_PHYSICS]: phy_world => body_data, name: ZPGamePhysics
[2025.02.24 15:27:35.372 ms]:[INFO]:[PSAG_PHYSICS]: body_data item: delete key: 2981834276624
[2025.02.24 15:27:35.372 ms]:[INFO]:[PSAG_ACTOR_CORE]: game_actor entity delete: 132
[2025.02.24 15:27:39.164 ms]:[INFO]:[PSAG_PHYSICS]: phy_world => body_data, name: ZPGamePhysics
[2025.02.24 15:27:39.164 ms]:[INFO]:[PSAG_PHYSICS]: body_data item: delete key: 2981834275856
[2025.02.24 15:27:39.164 ms]:[INFO]:[PSAG_ACTOR_CORE]: game_actor entity delete: 124
[2025.02.24 15:27:40.069 ms]:[INFO]:[PSAG_PHYSICS]: phy_world => body_data, name: ZPGamePhysics
[2025.02.24 15:27:40.069 ms]:[INFO]:[PSAG_PHYSICS]: body_data item: delete key: 2981834276432
[2025.02.24 15:27:40.069 ms]:[INFO]:[PSAG_ACTOR_CORE]: game_actor entity delete: 130
[2025.02.24 15:27:40.497 ms]:[INFO]:[PSAG_PHYSICS]: phy_world => body_data, name: ZPGamePhysics
[2025.02.24 15:27:40.497 ms]:[INFO]:[PSAG_PHYSICS]: body_data item: delete key: 2981834276240
[2025.02.24 15:27:40.497 ms]:[INFO]:[PSAG_ACTOR_CORE]: game_actor entity delete: 128
[2025.02.24 15:27:44.955 ms]:[INFO]:[PSAG_PHYSICS]: phy_world => body_data, name: ZPGamePhysics
[2025.02.24 15:27:44.955 ms]:[INFO]:[PSAG_PHYSICS]: body_data item: delete key: 2981834276048
[2025.02.24 15:27:44.955 ms]:[INFO]:[PSAG_ACTOR_CORE]: game_actor entity delete: 126
[2025.02.24 15:27:51.403 ms]:[INFO]:[PSAG_TOOL_NOTFIY]: station receive pair: PPActor/PPActorBullet, data_size: 12 bytes
[2025.02.24 15:27:51.403 ms]:[INFO]:[PSAG_ACTOR_CORE]: game_actor get textures: 1
[2025.02.24 15:27:51.403 ms]:[INFO]:[PSAG_ACTOR_CORE]: game_actor render_comp init.
[2025.02.24 15:27:51.403 ms]:[INFO]:[PSAG_PHYSICS]: phy_world => body_data, name: ZPGamePhysics
[2025.02.24 15:27:51.403 ms]:[INFO]:[PSAG_PHYSICS]: body_data(dynamic) item: alloc key: 2981833972736
[2025.02.24 15:27:51.403 ms]:[INFO]:[PSAG_ACTOR_CORE]: game_actor entity create: 134
[2025.02.24 15:27:51.680 ms]:[INFO]:[PSAG_TOOL_NOTFIY]: station receive pair: PPActor/PPActorBullet, data_size: 12 bytes
[2025.02.24 15:27:51.680 ms]:[INFO]:[PSAG_ACTOR_CORE]: game_actor get textures: 1
[2025.02.24 15:27:51.680 ms]:[INFO]:[PSAG_ACTOR_CORE]: game_actor render_comp init.
[2025.02.24 15:27:51.680 ms]:[INFO]:[PSAG_PHYSICS]: phy_world => body_data, name: ZPGamePhysics
[2025.02.24 15:27:51.680 ms]:[INFO]:[PSAG_PHYSICS]: body_data(dynamic) item: alloc key: 2981833966688
[2025.02.24 15:27:51.680 ms]:[INFO]:[PSAG_ACTOR_CORE]: game_actor entity create: 136
[2025.02.24 15:27:51.728 ms]:[INFO]:[PSAG_TOOL_NOTFIY]: station receive pair: PPActor/PPActorBullet, data_size: 12 bytes
[2025.02.24 15:27:51.729 ms]:[INFO]:[PSAG_ACTOR_CORE]: game_actor get textures: 1
[2025.02.24 15:27:51.729 ms]:[INFO]:[PSAG_ACTOR_CORE]: game_actor render_comp init.
[2025.02.24 15:27:51.729 ms]:[INFO]:[PSAG_PHYSICS]: phy_world => body_data, name: ZPGamePhysics
[2025.02.24 15:27:51.729 ms]:[INFO]:[PSAG_PHYSICS]: body_data(dynamic) item: alloc key: 2981833967024
[2025.02.24 15:27:51.729 ms]:[INFO]:[PSAG_ACTOR_CORE]: game_actor entity create: 138
[2025.02.24 15:27:51.778 ms]:[INFO]:[PSAG_TOOL_NOTFIY]: station receive pair: PPActor/PPActorBullet, data_size: 12 bytes
[2025.02.24 15:27:51.779 ms]:[INFO]:[PSAG_ACTOR_CORE]: game_actor get textures: 1
[2025.02.24 15:27:51.779 ms]:[INFO]:[PSAG_ACTOR_CORE]: game_actor render_comp init.
[2025.02.24 15:27:51.779 ms]:[INFO]:[PSAG_PHYSICS]: phy_world => body_data, name: ZPGamePhysics
[2025.02.24 15:27:51.779 ms]:[INFO]:[PSAG_PHYSICS]: body_data(dynamic) item: alloc key: 2981833967360
[2025.02.24 15:27:51.779 ms]:[INFO]:[PSAG_ACTOR_CORE]: game_actor entity create: 140
[2025.02.24 15:27:51.829 ms]:[INFO]:[PSAG_TOOL_NOTFIY]: station receive pair: PPActor/PPActorBullet, data_size: 12 bytes
[2025.02.24 15:27:51.829 ms]:[INFO]:[PSAG_ACTOR_CORE]: game_actor get textures: 1
[2025.02.24 15:27:51.829 ms]:[INFO]:[PSAG_ACTOR_CORE]: game_actor render_comp init.
[2025.02.24 15:27:51.829 ms]:[INFO]:[PSAG_PHYSICS]: phy_world => body_data, name: ZPGamePhysics
[2025.02.24 15:27:51.829 ms]:[INFO]:[PSAG_PHYSICS]: body_data(dynamic) item: alloc key: 2981833969712
[2025.02.24 15:27:51.829 ms]:[INFO]:[PSAG_ACTOR_CORE]: game_actor entity create: 142
[2025.02.24 15:27:52.714 ms]:[INFO]:[PSAG_PHYSICS]: phy_world => body_data, name: ZPGamePhysics
[2025.02.24 15:27:52.714 ms]:[INFO]:[PSAG_PHYSICS]: body_data item: delete key: 2981834276048
[2025.02.24 15:27:52.714 ms]:[INFO]:[PSAG_ACTOR_CORE]: game_actor entity delete: 134
[2025.02.24 15:27:52.729 ms]:[INFO]:[PSAG_TOOL_NOTFIY]: station receive pair: PPActor/PPActorBullet, data_size: 12 bytes
[2025.02.24 15:27:52.732 ms]:[INFO]:[PSAG_ACTOR_CORE]: game_actor get textures: 1
[2025.02.24 15:27:52.732 ms]:[INFO]:[PSAG_ACTOR_CORE]: game_actor render_comp init.
[2025.02.24 15:27:52.732 ms]:[INFO]:[PSAG_PHYSICS]: phy_world => body_data, name: ZPGamePhysics
[2025.02.24 15:27:52.732 ms]:[INFO]:[PSAG_PHYSICS]: body_data(dynamic) item: alloc key: 2981833968032
[2025.02.24 15:27:52.732 ms]:[INFO]:[PSAG_ACTOR_CORE]: game_actor entity create: 144
[2025.02.24 15:27:52.752 ms]:[INFO]:[PSAG_PHYSICS]: phy_world => body_data, name: ZPGamePhysics
[2025.02.24 15:27:52.752 ms]:[INFO]:[PSAG_PHYSICS]: body_data item: delete key: 2981834276048
[2025.02.24 15:27:52.752 ms]:[INFO]:[PSAG_ACTOR_CORE]: game_actor entity delete: 144
[2025.02.24 15:27:52.779 ms]:[INFO]:[PSAG_TOOL_NOTFIY]: station receive pair: PPActor/PPActorBullet, data_size: 12 bytes
[2025.02.24 15:27:52.780 ms]:[INFO]:[PSAG_ACTOR_CORE]: game_actor get textures: 1
[2025.02.24 15:27:52.780 ms]:[INFO]:[PSAG_ACTOR_CORE]: game_actor render_comp init.
[2025.02.24 15:27:52.780 ms]:[INFO]:[PSAG_PHYSICS]: phy_world => body_data, name: ZPGamePhysics
[2025.02.24 15:27:52.780 ms]:[INFO]:[PSAG_PHYSICS]: body_data(dynamic) item: alloc key: 2981833968032
[2025.02.24 15:27:52.780 ms]:[INFO]:[PSAG_ACTOR_CORE]: game_actor entity create: 146
[2025.02.24 15:27:53.049 ms]:[INFO]:[PSAG_PHYSICS]: phy_world => body_data, name: ZPGamePhysics
[2025.02.24 15:27:53.049 ms]:[INFO]:[PSAG_PHYSICS]: body_data item: delete key: 2981834276048
[2025.02.24 15:27:53.049 ms]:[INFO]:[PSAG_ACTOR_CORE]: game_actor entity delete: 146
[2025.02.24 15:27:53.079 ms]:[INFO]:[PSAG_TOOL_NOTFIY]: station receive pair: PPActor/PPActorBullet, data_size: 12 bytes
[2025.02.24 15:27:53.080 ms]:[INFO]:[PSAG_ACTOR_CORE]: game_actor get textures: 1
[2025.02.24 15:27:53.080 ms]:[INFO]:[PSAG_ACTOR_CORE]: game_actor render_comp init.
[2025.02.24 15:27:53.080 ms]:[INFO]:[PSAG_PHYSICS]: phy_world => body_data, name: ZPGamePhysics
[2025.02.24 15:27:53.080 ms]:[INFO]:[PSAG_PHYSICS]: body_data(dynamic) item: alloc key: 2981833969040
[2025.02.24 15:27:53.080 ms]:[INFO]:[PSAG_ACTOR_CORE]: game_actor entity create: 148
[2025.02.24 15:27:53.327 ms]:[INFO]:[PSAG_PHYSICS]: phy_world => body_data, name: ZPGamePhysics
[2025.02.24 15:27:53.327 ms]:[INFO]:[PSAG_PHYSICS]: body_data item: delete key: 2981834276048
[2025.02.24 15:27:53.327 ms]:[INFO]:[PSAG_ACTOR_CORE]: game_actor entity delete: 148
[2025.02.24 15:27:53.380 ms]:[INFO]:[PSAG_TOOL_NOTFIY]: station receive pair: PPActor/PPActorBullet, data_size: 12 bytes
[2025.02.24 15:27:53.381 ms]:[INFO]:[PSAG_ACTOR_CORE]: game_actor get textures: 1
[2025.02.24 15:27:53.381 ms]:[INFO]:[PSAG_ACTOR_CORE]: game_actor render_comp init.
[2025.02.24 15:27:53.381 ms]:[INFO]:[PSAG_PHYSICS]: phy_world => body_data, name: ZPGamePhysics
[2025.02.24 15:27:53.381 ms]:[INFO]:[PSAG_PHYSICS]: body_data(dynamic) item: alloc key: 2981833970720
[2025.02.24 15:27:53.381 ms]:[INFO]:[PSAG_ACTOR_CORE]: game_actor entity create: 150
[2025.02.24 15:27:53.606 ms]:[INFO]:[PSAG_PHYSICS]: phy_world => body_data, name: ZPGamePhysics
[2025.02.24 15:27:53.606 ms]:[INFO]:[PSAG_PHYSICS]: body_data item: delete key: 2981834276048
[2025.02.24 15:27:53.606 ms]:[INFO]:[PSAG_ACTOR_CORE]: game_actor entity delete: 150
[2025.02.24 15:27:53.628 ms]:[INFO]:[PSAG_TOOL_NOTFIY]: station receive pair: PPActor/PPActorBullet, data_size: 12 bytes
[2025.02.24 15:27:53.628 ms]:[INFO]:[PSAG_ACTOR_CORE]: game_actor get textures: 1
[2025.02.24 15:27:53.628 ms]:[INFO]:[PSAG_ACTOR_CORE]: game_actor render_comp init.
[2025.02.24 15:27:53.628 ms]:[INFO]:[PSAG_PHYSICS]: phy_world => body_data, name: ZPGamePhysics
[2025.02.24 15:27:53.628 ms]:[INFO]:[PSAG_PHYSICS]: body_data(dynamic) item: alloc key: 2981833966352
[2025.02.24 15:27:53.628 ms]:[INFO]:[PSAG_ACTOR_CORE]: game_actor entity create: 152
[2025.02.24 15:27:55.584 ms]:[INFO]:[PSAG_PHYSICS]: phy_world => body_data, name: ZPGamePhysics
[2025.02.24 15:27:55.584 ms]:[INFO]:[PSAG_PHYSICS]: body_data item: delete key: 2981834276240
[2025.02.24 15:27:55.585 ms]:[INFO]:[PSAG_ACTOR_CORE]: game_actor entity delete: 136
[2025.02.24 15:27:55.629 ms]:[INFO]:[PSAG_TOOL_NOTFIY]: station receive pair: PPActor/PPActorBullet, data_size: 12 bytes
[2025.02.24 15:27:55.630 ms]:[INFO]:[PSAG_ACTOR_CORE]: game_actor get textures: 1
[2025.02.24 15:27:55.630 ms]:[INFO]:[PSAG_ACTOR_CORE]: game_actor render_comp init.
[2025.02.24 15:27:55.630 ms]:[INFO]:[PSAG_PHYSICS]: phy_world => body_data, name: ZPGamePhysics
[2025.02.24 15:27:55.630 ms]:[INFO]:[PSAG_PHYSICS]: body_data(dynamic) item: alloc key: 2981833970720
[2025.02.24 15:27:55.630 ms]:[INFO]:[PSAG_ACTOR_CORE]: game_actor entity create: 154
[2025.02.24 15:27:55.640 ms]:[INFO]:[PSAG_PHYSICS]: phy_world => body_data, name: ZPGamePhysics
[2025.02.24 15:27:55.640 ms]:[INFO]:[PSAG_PHYSICS]: body_data item: delete key: 2981834276240
[2025.02.24 15:27:55.640 ms]:[INFO]:[PSAG_ACTOR_CORE]: game_actor entity delete: 154
[2025.02.24 15:27:55.678 ms]:[INFO]:[PSAG_TOOL_NOTFIY]: station receive pair: PPActor/PPActorBullet, data_size: 12 bytes
[2025.02.24 15:27:55.680 ms]:[INFO]:[PSAG_ACTOR_CORE]: game_actor get textures: 1
[2025.02.24 15:27:55.680 ms]:[INFO]:[PSAG_ACTOR_CORE]: game_actor render_comp init.
[2025.02.24 15:27:55.680 ms]:[INFO]:[PSAG_PHYSICS]: phy_world => body_data, name: ZPGamePhysics
[2025.02.24 15:27:55.680 ms]:[INFO]:[PSAG_PHYSICS]: body_data(dynamic) item: alloc key: 2981833972736
[2025.02.24 15:27:55.680 ms]:[INFO]:[PSAG_ACTOR_CORE]: game_actor entity create: 156
[2025.02.24 15:27:55.688 ms]:[INFO]:[PSAG_PHYSICS]: phy_world => body_data, name: ZPGamePhysics
[2025.02.24 15:27:55.688 ms]:[INFO]:[PSAG_PHYSICS]: body_data item: delete key: 2981834276240
[2025.02.24 15:27:55.688 ms]:[INFO]:[PSAG_ACTOR_CORE]: game_actor entity delete: 156
[2025.02.24 15:27:55.703 ms]:[INFO]:[PSAG_PHYSICS]: phy_world => body_data, name: ZPGamePhysics
[2025.02.24 15:27:55.703 ms]:[INFO]:[PSAG_PHYSICS]: body_data item: delete key: 2981834276432
[2025.02.24 15:27:55.703 ms]:[INFO]:[PSAG_ACTOR_CORE]: game_actor entity delete: 138
[2025.02.24 15:27:55.729 ms]:[INFO]:[PSAG_TOOL_NOTFIY]: station receive pair: PPActor/PPActorBullet, data_size: 12 bytes
[2025.02.24 15:27:55.729 ms]:[INFO]:[PSAG_ACTOR_CORE]: game_actor get textures: 1
[2025.02.24 15:27:55.729 ms]:[INFO]:[PSAG_ACTOR_CORE]: game_actor render_comp init.
[2025.02.24 15:27:55.729 ms]:[INFO]:[PSAG_PHYSICS]: phy_world => body_data, name: ZPGamePhysics
[2025.02.24 15:27:55.729 ms]:[INFO]:[PSAG_PHYSICS]: body_data(dynamic) item: alloc key: 2981833970720
[2025.02.24 15:27:55.729 ms]:[INFO]:[PSAG_ACTOR_CORE]: game_actor entity create: 158
[2025.02.24 15:27:55.739 ms]:[INFO]:[PSAG_PHYSICS]: phy_world => body_data, name: ZPGamePhysics
[2025.02.24 15:27:55.739 ms]:[INFO]:[PSAG_PHYSICS]: body_data item: delete key: 2981834276432
[2025.02.24 15:27:55.739 ms]:[INFO]:[PSAG_ACTOR_CORE]: game_actor entity delete: 158
[2025.02.24 15:27:55.780 ms]:[INFO]:[PSAG_TOOL_NOTFIY]: station receive pair: PPActor/PPActorBullet, data_size: 12 bytes
[2025.02.24 15:27:55.780 ms]:[INFO]:[PSAG_ACTOR_CORE]: game_actor get textures: 1
[2025.02.24 15:27:55.780 ms]:[INFO]:[PSAG_ACTOR_CORE]: game_actor render_comp init.
[2025.02.24 15:27:55.780 ms]:[INFO]:[PSAG_PHYSICS]: phy_world => body_data, name: ZPGamePhysics
[2025.02.24 15:27:55.780 ms]:[INFO]:[PSAG_PHYSICS]: body_data(dynamic) item: alloc key: 2981833970720
[2025.02.24 15:27:55.780 ms]:[INFO]:[PSAG_ACTOR_CORE]: game_actor entity create: 160
[2025.02.24 15:27:55.790 ms]:[INFO]:[PSAG_PHYSICS]: phy_world => body_data, name: ZPGamePhysics
[2025.02.24 15:27:55.790 ms]:[INFO]:[PSAG_PHYSICS]: body_data item: delete key: 2981834276432
[2025.02.24 15:27:55.790 ms]:[INFO]:[PSAG_ACTOR_CORE]: game_actor entity delete: 160
[2025.02.24 15:27:55.828 ms]:[INFO]:[PSAG_TOOL_NOTFIY]: station receive pair: PPActor/PPActorBullet, data_size: 12 bytes
[2025.02.24 15:27:55.829 ms]:[INFO]:[PSAG_ACTOR_CORE]: game_actor get textures: 1
[2025.02.24 15:27:55.829 ms]:[INFO]:[PSAG_ACTOR_CORE]: game_actor render_comp init.
[2025.02.24 15:27:55.829 ms]:[INFO]:[PSAG_PHYSICS]: phy_world => body_data, name: ZPGamePhysics
[2025.02.24 15:27:55.829 ms]:[INFO]:[PSAG_PHYSICS]: body_data(dynamic) item: alloc key: 2981833970720
[2025.02.24 15:27:55.829 ms]:[INFO]:[PSAG_ACTOR_CORE]: game_actor entity create: 162
[2025.02.24 15:27:55.838 ms]:[INFO]:[PSAG_PHYSICS]: phy_world => body_data, name: ZPGamePhysics
[2025.02.24 15:27:55.838 ms]:[INFO]:[PSAG_PHYSICS]: body_data item: delete key: 2981834276432
[2025.02.24 15:27:55.838 ms]:[INFO]:[PSAG_ACTOR_CORE]: game_actor entity delete: 162
[2025.02.24 15:27:55.879 ms]:[INFO]:[PSAG_TOOL_NOTFIY]: station receive pair: PPActor/PPActorBullet, data_size: 12 bytes
[2025.02.24 15:27:55.879 ms]:[INFO]:[PSAG_ACTOR_CORE]: game_actor get textures: 1
[2025.02.24 15:27:55.879 ms]:[INFO]:[PSAG_ACTOR_CORE]: game_actor render_comp init.
[2025.02.24 15:27:55.879 ms]:[INFO]:[PSAG_PHYSICS]: phy_world => body_data, name: ZPGamePhysics
[2025.02.24 15:27:55.879 ms]:[INFO]:[PSAG_PHYSICS]: body_data(dynamic) item: alloc key: 2981833970720
[2025.02.24 15:27:55.879 ms]:[INFO]:[PSAG_ACTOR_CORE]: game_actor entity create: 164
[2025.02.24 15:27:55.887 ms]:[INFO]:[PSAG_PHYSICS]: phy_world => body_data, name: ZPGamePhysics
[2025.02.24 15:27:55.887 ms]:[INFO]:[PSAG_PHYSICS]: body_data item: delete key: 2981834276432
[2025.02.24 15:27:55.887 ms]:[INFO]:[PSAG_ACTOR_CORE]: game_actor entity delete: 164
[2025.02.24 15:27:55.929 ms]:[INFO]:[PSAG_TOOL_NOTFIY]: station receive pair: PPActor/PPActorBullet, data_size: 12 bytes
[2025.02.24 15:27:55.929 ms]:[INFO]:[PSAG_ACTOR_CORE]: game_actor get textures: 1
[2025.02.24 15:27:55.929 ms]:[INFO]:[PSAG_ACTOR_CORE]: game_actor render_comp init.
[2025.02.24 15:27:55.929 ms]:[INFO]:[PSAG_PHYSICS]: phy_world => body_data, name: ZPGamePhysics
[2025.02.24 15:27:55.929 ms]:[INFO]:[PSAG_PHYSICS]: body_data(dynamic) item: alloc key: 2981833970720
[2025.02.24 15:27:55.929 ms]:[INFO]:[PSAG_ACTOR_CORE]: game_actor entity create: 166
[2025.02.24 15:27:55.940 ms]:[INFO]:[PSAG_PHYSICS]: phy_world => body_data, name: ZPGamePhysics
[2025.02.24 15:27:55.940 ms]:[INFO]:[PSAG_PHYSICS]: body_data item: delete key: 2981834276432
[2025.02.24 15:27:55.940 ms]:[INFO]:[PSAG_ACTOR_CORE]: game_actor entity delete: 166
[2025.02.24 15:27:55.980 ms]:[INFO]:[PSAG_TOOL_NOTFIY]: station receive pair: PPActor/PPActorBullet, data_size: 12 bytes
[2025.02.24 15:27:55.980 ms]:[INFO]:[PSAG_ACTOR_CORE]: game_actor get textures: 1
[2025.02.24 15:27:55.980 ms]:[INFO]:[PSAG_ACTOR_CORE]: game_actor render_comp init.
[2025.02.24 15:27:55.980 ms]:[INFO]:[PSAG_PHYSICS]: phy_world => body_data, name: ZPGamePhysics
[2025.02.24 15:27:55.980 ms]:[INFO]:[PSAG_PHYSICS]: body_data(dynamic) item: alloc key: 2981833970720
[2025.02.24 15:27:55.980 ms]:[INFO]:[PSAG_ACTOR_CORE]: game_actor entity create: 168
[2025.02.24 15:27:55.992 ms]:[INFO]:[PSAG_PHYSICS]: phy_world => body_data, name: ZPGamePhysics
[2025.02.24 15:27:55.992 ms]:[INFO]:[PSAG_PHYSICS]: body_data item: delete key: 2981834276432
[2025.02.24 15:27:55.992 ms]:[INFO]:[PSAG_ACTOR_CORE]: game_actor entity delete: 168
[2025.02.24 15:27:56.028 ms]:[INFO]:[PSAG_TOOL_NOTFIY]: station receive pair: PPActor/PPActorBullet, data_size: 12 bytes
[2025.02.24 15:27:56.029 ms]:[INFO]:[PSAG_ACTOR_CORE]: game_actor get textures: 1
[2025.02.24 15:27:56.029 ms]:[INFO]:[PSAG_ACTOR_CORE]: game_actor render_comp init.
[2025.02.24 15:27:56.029 ms]:[INFO]:[PSAG_PHYSICS]: phy_world => body_data, name: ZPGamePhysics
[2025.02.24 15:27:56.029 ms]:[INFO]:[PSAG_PHYSICS]: body_data(dynamic) item: alloc key: 2981833973072
[2025.02.24 15:27:56.029 ms]:[INFO]:[PSAG_ACTOR_CORE]: game_actor entity create: 170
[2025.02.24 15:27:56.041 ms]:[INFO]:[PSAG_PHYSICS]: phy_world => body_data, name: ZPGamePhysics
[2025.02.24 15:27:56.041 ms]:[INFO]:[PSAG_PHYSICS]: body_data item: delete key: 2981834276432
[2025.02.24 15:27:56.041 ms]:[INFO]:[PSAG_ACTOR_CORE]: game_actor entity delete: 170
[2025.02.24 15:27:56.079 ms]:[INFO]:[PSAG_TOOL_NOTFIY]: station receive pair: PPActor/PPActorBullet, data_size: 12 bytes
[2025.02.24 15:27:56.081 ms]:[INFO]:[PSAG_ACTOR_CORE]: game_actor get textures: 1
[2025.02.24 15:27:56.081 ms]:[INFO]:[PSAG_ACTOR_CORE]: game_actor render_comp init.
[2025.02.24 15:27:56.081 ms]:[INFO]:[PSAG_PHYSICS]: phy_world => body_data, name: ZPGamePhysics
[2025.02.24 15:27:56.081 ms]:[INFO]:[PSAG_PHYSICS]: body_data(dynamic) item: alloc key: 2981833966688
[2025.02.24 15:27:56.081 ms]:[INFO]:[PSAG_ACTOR_CORE]: game_actor entity create: 172
[2025.02.24 15:27:56.090 ms]:[INFO]:[PSAG_PHYSICS]: phy_world => body_data, name: ZPGamePhysics
[2025.02.24 15:27:56.090 ms]:[INFO]:[PSAG_PHYSICS]: body_data item: delete key: 2981834276432
[2025.02.24 15:27:56.090 ms]:[INFO]:[PSAG_ACTOR_CORE]: game_actor entity delete: 172
[2025.02.24 15:27:56.129 ms]:[INFO]:[PSAG_TOOL_NOTFIY]: station receive pair: PPActor/PPActorBullet, data_size: 12 bytes
[2025.02.24 15:27:56.133 ms]:[INFO]:[PSAG_ACTOR_CORE]: game_actor get textures: 1
[2025.02.24 15:27:56.133 ms]:[INFO]:[PSAG_ACTOR_CORE]: game_actor render_comp init.
[2025.02.24 15:27:56.133 ms]:[INFO]:[PSAG_PHYSICS]: phy_world => body_data, name: ZPGamePhysics
[2025.02.24 15:27:56.133 ms]:[INFO]:[PSAG_PHYSICS]: body_data(dynamic) item: alloc key: 2981833968368
[2025.02.24 15:27:56.133 ms]:[INFO]:[PSAG_ACTOR_CORE]: game_actor entity create: 174
[2025.02.24 15:27:56.134 ms]:[INFO]:[PSAG_PHYSICS]: phy_world => body_data, name: ZPGamePhysics
[2025.02.24 15:27:56.134 ms]:[INFO]:[PSAG_PHYSICS]: body_data item: delete key: 2981834275856
[2025.02.24 15:27:56.134 ms]:[INFO]:[PSAG_ACTOR_CORE]: game_actor entity delete: 140
[2025.02.24 15:27:56.180 ms]:[INFO]:[PSAG_TOOL_NOTFIY]: station receive pair: PPActor/PPActorBullet, data_size: 12 bytes
[2025.02.24 15:27:56.180 ms]:[INFO]:[PSAG_ACTOR_CORE]: game_actor get textures: 1
[2025.02.24 15:27:56.180 ms]:[INFO]:[PSAG_ACTOR_CORE]: game_actor render_comp init.
[2025.02.24 15:27:56.180 ms]:[INFO]:[PSAG_PHYSICS]: phy_world => body_data, name: ZPGamePhysics
[2025.02.24 15:27:56.180 ms]:[INFO]:[PSAG_PHYSICS]: body_data(dynamic) item: alloc key: 2981833966688
[2025.02.24 15:27:56.180 ms]:[INFO]:[PSAG_ACTOR_CORE]: game_actor entity create: 176
[2025.02.24 15:27:56.231 ms]:[INFO]:[PSAG_TOOL_NOTFIY]: station receive pair: PPActor/PPActorBullet, data_size: 12 bytes
[2025.02.24 15:27:56.232 ms]:[INFO]:[PSAG_ACTOR_CORE]: game_actor get textures: 1
[2025.02.24 15:27:56.232 ms]:[INFO]:[PSAG_ACTOR_CORE]: game_actor render_comp init.
[2025.02.24 15:27:56.232 ms]:[INFO]:[PSAG_PHYSICS]: phy_world => body_data, name: ZPGamePhysics
[2025.02.24 15:27:56.232 ms]:[INFO]:[PSAG_PHYSICS]: body_data(dynamic) item: alloc key: 2981833972736
[2025.02.24 15:27:56.232 ms]:[INFO]:[PSAG_ACTOR_CORE]: game_actor entity create: 178
[2025.02.24 15:27:57.181 ms]:[INFO]:[PSAG_PHYSICS]: phy_world => body_data, name: ZPGamePhysics
[2025.02.24 15:27:57.181 ms]:[INFO]:[PSAG_PHYSICS]: body_data item: delete key: 2981834276048
[2025.02.24 15:27:57.181 ms]:[INFO]:[PSAG_ACTOR_CORE]: game_actor entity delete: 152
[2025.02.24 15:27:57.233 ms]:[INFO]:[PSAG_TOOL_NOTFIY]: station receive pair: PPActor/PPActorBullet, data_size: 12 bytes
[2025.02.24 15:27:57.233 ms]:[INFO]:[PSAG_ACTOR_CORE]: game_actor get textures: 1
[2025.02.24 15:27:57.233 ms]:[INFO]:[PSAG_ACTOR_CORE]: game_actor render_comp init.
[2025.02.24 15:27:57.233 ms]:[INFO]:[PSAG_PHYSICS]: phy_world => body_data, name: ZPGamePhysics
[2025.02.24 15:27:57.233 ms]:[INFO]:[PSAG_PHYSICS]: body_data(dynamic) item: alloc key: 2981833966352
[2025.02.24 15:27:57.233 ms]:[INFO]:[PSAG_ACTOR_CORE]: game_actor entity create: 180
[2025.02.24 15:27:58.586 ms]:[INFO]:[PSAG_PHYSICS]: phy_world => body_data, name: ZPGamePhysics
[2025.02.24 15:27:58.586 ms]:[INFO]:[PSAG_PHYSICS]: body_data item: delete key: 2981834276048
[2025.02.24 15:27:58.586 ms]:[INFO]:[PSAG_ACTOR_CORE]: game_actor entity delete: 180
[2025.02.24 15:27:58.629 ms]:[INFO]:[PSAG_TOOL_NOTFIY]: station receive pair: PPActor/PPActorBullet, data_size: 12 bytes
[2025.02.24 15:27:58.629 ms]:[INFO]:[PSAG_ACTOR_CORE]: game_actor get textures: 1
[2025.02.24 15:27:58.629 ms]:[INFO]:[PSAG_ACTOR_CORE]: game_actor render_comp init.
[2025.02.24 15:27:58.629 ms]:[INFO]:[PSAG_PHYSICS]: phy_world => body_data, name: ZPGamePhysics
[2025.02.24 15:27:58.629 ms]:[INFO]:[PSAG_PHYSICS]: body_data(dynamic) item: alloc key: 2981833966352
[2025.02.24 15:27:58.629 ms]:[INFO]:[PSAG_ACTOR_CORE]: game_actor entity create: 182
[2025.02.24 15:27:58.641 ms]:[INFO]:[PSAG_PHYSICS]: phy_world => body_data, name: ZPGamePhysics
[2025.02.24 15:27:58.641 ms]:[INFO]:[PSAG_PHYSICS]: body_data item: delete key: 2981834276048
[2025.02.24 15:27:58.641 ms]:[INFO]:[PSAG_ACTOR_CORE]: game_actor entity delete: 182
[2025.02.24 15:27:58.680 ms]:[INFO]:[PSAG_TOOL_NOTFIY]: station receive pair: PPActor/PPActorBullet, data_size: 12 bytes
[2025.02.24 15:27:58.680 ms]:[INFO]:[PSAG_ACTOR_CORE]: game_actor get textures: 1
[2025.02.24 15:27:58.680 ms]:[INFO]:[PSAG_ACTOR_CORE]: game_actor render_comp init.
[2025.02.24 15:27:58.680 ms]:[INFO]:[PSAG_PHYSICS]: phy_world => body_data, name: ZPGamePhysics
[2025.02.24 15:27:58.681 ms]:[INFO]:[PSAG_PHYSICS]: body_data(dynamic) item: alloc key: 2981833966352
[2025.02.24 15:27:58.681 ms]:[INFO]:[PSAG_ACTOR_CORE]: game_actor entity create: 184
[2025.02.24 15:27:58.689 ms]:[INFO]:[PSAG_PHYSICS]: phy_world => body_data, name: ZPGamePhysics
[2025.02.24 15:27:58.689 ms]:[INFO]:[PSAG_PHYSICS]: body_data item: delete key: 2981834276048
[2025.02.24 15:27:58.689 ms]:[INFO]:[PSAG_ACTOR_CORE]: game_actor entity delete: 184
[2025.02.24 15:27:58.728 ms]:[INFO]:[PSAG_TOOL_NOTFIY]: station receive pair: PPActor/PPActorBullet, data_size: 12 bytes
[2025.02.24 15:27:58.729 ms]:[INFO]:[PSAG_ACTOR_CORE]: game_actor get textures: 1
[2025.02.24 15:27:58.729 ms]:[INFO]:[PSAG_ACTOR_CORE]: game_actor render_comp init.
[2025.02.24 15:27:58.729 ms]:[INFO]:[PSAG_PHYSICS]: phy_world => body_data, name: ZPGamePhysics
[2025.02.24 15:27:58.729 ms]:[INFO]:[PSAG_PHYSICS]: body_data(dynamic) item: alloc key: 2981833966352
[2025.02.24 15:27:58.729 ms]:[INFO]:[PSAG_ACTOR_CORE]: game_actor entity create: 186
[2025.02.24 15:27:58.738 ms]:[INFO]:[PSAG_PHYSICS]: phy_world => body_data, name: ZPGamePhysics
[2025.02.24 15:27:58.738 ms]:[INFO]:[PSAG_PHYSICS]: body_data item: delete key: 2981834276048
[2025.02.24 15:27:58.738 ms]:[INFO]:[PSAG_ACTOR_CORE]: game_actor entity delete: 186
[2025.02.24 15:27:58.779 ms]:[INFO]:[PSAG_TOOL_NOTFIY]: station receive pair: PPActor/PPActorBullet, data_size: 12 bytes
[2025.02.24 15:27:58.779 ms]:[INFO]:[PSAG_ACTOR_CORE]: game_actor get textures: 1
[2025.02.24 15:27:58.779 ms]:[INFO]:[PSAG_ACTOR_CORE]: game_actor render_comp init.
[2025.02.24 15:27:58.779 ms]:[INFO]:[PSAG_PHYSICS]: phy_world => body_data, name: ZPGamePhysics
[2025.02.24 15:27:58.779 ms]:[INFO]:[PSAG_PHYSICS]: body_data(dynamic) item: alloc key: 2981833967696
[2025.02.24 15:27:58.779 ms]:[INFO]:[PSAG_ACTOR_CORE]: game_actor entity create: 188
[2025.02.24 15:27:58.786 ms]:[INFO]:[PSAG_PHYSICS]: phy_world => body_data, name: ZPGamePhysics
[2025.02.24 15:27:58.786 ms]:[INFO]:[PSAG_PHYSICS]: body_data item: delete key: 2981834276048
[2025.02.24 15:27:58.786 ms]:[INFO]:[PSAG_ACTOR_CORE]: game_actor entity delete: 188
[2025.02.24 15:27:58.829 ms]:[INFO]:[PSAG_TOOL_NOTFIY]: station receive pair: PPActor/PPActorBullet, data_size: 12 bytes
[2025.02.24 15:27:58.829 ms]:[INFO]:[PSAG_ACTOR_CORE]: game_actor get textures: 1
[2025.02.24 15:27:58.829 ms]:[INFO]:[PSAG_ACTOR_CORE]: game_actor render_comp init.
[2025.02.24 15:27:58.829 ms]:[INFO]:[PSAG_PHYSICS]: phy_world => body_data, name: ZPGamePhysics
[2025.02.24 15:27:58.829 ms]:[INFO]:[PSAG_PHYSICS]: body_data(dynamic) item: alloc key: 2981833966352
[2025.02.24 15:27:58.829 ms]:[INFO]:[PSAG_ACTOR_CORE]: game_actor entity create: 190
[2025.02.24 15:27:58.845 ms]:[INFO]:[PSAG_PHYSICS]: phy_world => body_data, name: ZPGamePhysics
[2025.02.24 15:27:58.845 ms]:[INFO]:[PSAG_PHYSICS]: body_data item: delete key: 2981834276048
[2025.02.24 15:27:58.845 ms]:[INFO]:[PSAG_ACTOR_CORE]: game_actor entity delete: 190
[2025.02.24 15:27:58.845 ms]:[INFO]:[PSAG_PHYSICS]: phy_world => body_data, name: ZPGamePhysics
[2025.02.24 15:27:58.845 ms]:[INFO]:[PSAG_PHYSICS]: body_data item: delete key: 2981834276624
[2025.02.24 15:27:58.845 ms]:[INFO]:[PSAG_ACTOR_CORE]: game_actor entity delete: 142
[2025.02.24 15:27:58.879 ms]:[INFO]:[PSAG_TOOL_NOTFIY]: station receive pair: PPActor/PPActorBullet, data_size: 12 bytes
[2025.02.24 15:27:58.880 ms]:[INFO]:[PSAG_ACTOR_CORE]: game_actor get textures: 1
[2025.02.24 15:27:58.880 ms]:[INFO]:[PSAG_ACTOR_CORE]: game_actor render_comp init.
[2025.02.24 15:27:58.880 ms]:[INFO]:[PSAG_PHYSICS]: phy_world => body_data, name: ZPGamePhysics
[2025.02.24 15:27:58.880 ms]:[INFO]:[PSAG_PHYSICS]: body_data(dynamic) item: alloc key: 2981833966352
[2025.02.24 15:27:58.880 ms]:[INFO]:[PSAG_ACTOR_CORE]: game_actor entity create: 192
[2025.02.24 15:27:58.890 ms]:[INFO]:[PSAG_PHYSICS]: phy_world => body_data, name: ZPGamePhysics
[2025.02.24 15:27:58.890 ms]:[INFO]:[PSAG_PHYSICS]: body_data item: delete key: 2981834276624
[2025.02.24 15:27:58.890 ms]:[INFO]:[PSAG_ACTOR_CORE]: game_actor entity delete: 192
[2025.02.24 15:27:58.929 ms]:[INFO]:[PSAG_TOOL_NOTFIY]: station receive pair: PPActor/PPActorBullet, data_size: 12 bytes
[2025.02.24 15:27:58.929 ms]:[INFO]:[PSAG_ACTOR_CORE]: game_actor get textures: 1
[2025.02.24 15:27:58.929 ms]:[INFO]:[PSAG_ACTOR_CORE]: game_actor render_comp init.
[2025.02.24 15:27:58.929 ms]:[INFO]:[PSAG_PHYSICS]: phy_world => body_data, name: ZPGamePhysics
[2025.02.24 15:27:58.929 ms]:[INFO]:[PSAG_PHYSICS]: body_data(dynamic) item: alloc key: 2981833966352
[2025.02.24 15:27:58.929 ms]:[INFO]:[PSAG_ACTOR_CORE]: game_actor entity create: 194
[2025.02.24 15:27:58.938 ms]:[INFO]:[PSAG_PHYSICS]: phy_world => body_data, name: ZPGamePhysics
[2025.02.24 15:27:58.938 ms]:[INFO]:[PSAG_PHYSICS]: body_data item: delete key: 2981834276624
[2025.02.24 15:27:58.938 ms]:[INFO]:[PSAG_ACTOR_CORE]: game_actor entity delete: 194
[2025.02.24 15:27:58.979 ms]:[INFO]:[PSAG_TOOL_NOTFIY]: station receive pair: PPActor/PPActorBullet, data_size: 12 bytes
[2025.02.24 15:27:58.980 ms]:[INFO]:[PSAG_ACTOR_CORE]: game_actor get textures: 1
[2025.02.24 15:27:58.980 ms]:[INFO]:[PSAG_ACTOR_CORE]: game_actor render_comp init.
[2025.02.24 15:27:58.980 ms]:[INFO]:[PSAG_PHYSICS]: phy_world => body_data, name: ZPGamePhysics
[2025.02.24 15:27:58.980 ms]:[INFO]:[PSAG_PHYSICS]: body_data(dynamic) item: alloc key: 2981833968032
[2025.02.24 15:27:58.980 ms]:[INFO]:[PSAG_ACTOR_CORE]: game_actor entity create: 196
[2025.02.24 15:27:59.030 ms]:[INFO]:[PSAG_TOOL_NOTFIY]: station receive pair: PPActor/PPActorBullet, data_size: 12 bytes
[2025.02.24 15:27:59.032 ms]:[INFO]:[PSAG_ACTOR_CORE]: game_actor get textures: 1
[2025.02.24 15:27:59.032 ms]:[INFO]:[PSAG_ACTOR_CORE]: game_actor render_comp init.
[2025.02.24 15:27:59.032 ms]:[INFO]:[PSAG_PHYSICS]: phy_world => body_data, name: ZPGamePhysics
[2025.02.24 15:27:59.032 ms]:[INFO]:[PSAG_PHYSICS]: body_data(dynamic) item: alloc key: 2981833967024
[2025.02.24 15:27:59.032 ms]:[INFO]:[PSAG_ACTOR_CORE]: game_actor entity create: 198
[2025.02.24 15:27:59.396 ms]:[INFO]:[PSAG_PHYSICS]: phy_world => body_data, name: ZPGamePhysics
[2025.02.24 15:27:59.396 ms]:[INFO]:[PSAG_PHYSICS]: body_data item: delete key: 2981834276240
[2025.02.24 15:27:59.396 ms]:[INFO]:[PSAG_ACTOR_CORE]: game_actor entity delete: 178
[2025.02.24 15:27:59.422 ms]:[INFO]:[PSAG_PHYSICS]: phy_world => body_data, name: ZPGamePhysics
[2025.02.24 15:27:59.422 ms]:[INFO]:[PSAG_PHYSICS]: body_data item: delete key: 2981834275856
[2025.02.24 15:27:59.422 ms]:[INFO]:[PSAG_ACTOR_CORE]: game_actor entity delete: 176
[2025.02.24 15:27:59.428 ms]:[INFO]:[PSAG_TOOL_NOTFIY]: station receive pair: PPActor/PPActorBullet, data_size: 12 bytes
[2025.02.24 15:27:59.428 ms]:[INFO]:[PSAG_ACTOR_CORE]: game_actor get textures: 1
[2025.02.24 15:27:59.428 ms]:[INFO]:[PSAG_ACTOR_CORE]: game_actor render_comp init.
[2025.02.24 15:27:59.428 ms]:[INFO]:[PSAG_PHYSICS]: phy_world => body_data, name: ZPGamePhysics
[2025.02.24 15:27:59.428 ms]:[INFO]:[PSAG_PHYSICS]: body_data(dynamic) item: alloc key: 2981833972736
[2025.02.24 15:27:59.428 ms]:[INFO]:[PSAG_ACTOR_CORE]: game_actor entity create: 200
[2025.02.24 15:27:59.468 ms]:[INFO]:[PSAG_PHYSICS]: phy_world => body_data, name: ZPGamePhysics
[2025.02.24 15:27:59.468 ms]:[INFO]:[PSAG_PHYSICS]: body_data item: delete key: 2981834276432
[2025.02.24 15:27:59.468 ms]:[INFO]:[PSAG_ACTOR_CORE]: game_actor entity delete: 174
[2025.02.24 15:27:59.480 ms]:[INFO]:[PSAG_TOOL_NOTFIY]: station receive pair: PPActor/PPActorBullet, data_size: 12 bytes
[2025.02.24 15:27:59.481 ms]:[INFO]:[PSAG_ACTOR_CORE]: game_actor get textures: 1
[2025.02.24 15:27:59.481 ms]:[INFO]:[PSAG_ACTOR_CORE]: game_actor render_comp init.
[2025.02.24 15:27:59.481 ms]:[INFO]:[PSAG_PHYSICS]: phy_world => body_data, name: ZPGamePhysics
[2025.02.24 15:27:59.481 ms]:[INFO]:[PSAG_PHYSICS]: body_data(dynamic) item: alloc key: 2981833966352
[2025.02.24 15:27:59.481 ms]:[INFO]:[PSAG_ACTOR_CORE]: game_actor entity create: 202
[2025.02.24 15:27:59.528 ms]:[INFO]:[PSAG_TOOL_NOTFIY]: station receive pair: PPActor/PPActorBullet, data_size: 12 bytes
[2025.02.24 15:27:59.530 ms]:[INFO]:[PSAG_ACTOR_CORE]: game_actor get textures: 1
[2025.02.24 15:27:59.530 ms]:[INFO]:[PSAG_ACTOR_CORE]: game_actor render_comp init.
[2025.02.24 15:27:59.530 ms]:[INFO]:[PSAG_PHYSICS]: phy_world => body_data, name: ZPGamePhysics
[2025.02.24 15:27:59.530 ms]:[INFO]:[PSAG_PHYSICS]: body_data(dynamic) item: alloc key: 2981833966688
[2025.02.24 15:27:59.531 ms]:[INFO]:[PSAG_ACTOR_CORE]: game_actor entity create: 204
[2025.02.24 15:27:59.729 ms]:[INFO]:[PSAG_PHYSICS]: phy_world => body_data, name: ZPGamePhysics
[2025.02.24 15:27:59.729 ms]:[INFO]:[PSAG_PHYSICS]: body_data item: delete key: 2981834276240
[2025.02.24 15:27:59.729 ms]:[INFO]:[PSAG_ACTOR_CORE]: game_actor entity delete: 204
[2025.02.24 15:27:59.737 ms]:[INFO]:[PSAG_PHYSICS]: phy_world => body_data, name: ZPGamePhysics
[2025.02.24 15:27:59.737 ms]:[INFO]:[PSAG_PHYSICS]: body_data item: delete key: 2981834276432
[2025.02.24 15:27:59.738 ms]:[INFO]:[PSAG_ACTOR_CORE]: game_actor entity delete: 202
[2025.02.24 15:27:59.779 ms]:[INFO]:[PSAG_TOOL_NOTFIY]: station receive pair: PPActor/PPActorBullet, data_size: 12 bytes
[2025.02.24 15:27:59.779 ms]:[INFO]:[PSAG_ACTOR_CORE]: game_actor get textures: 1
[2025.02.24 15:27:59.779 ms]:[INFO]:[PSAG_ACTOR_CORE]: game_actor render_comp init.
[2025.02.24 15:27:59.779 ms]:[INFO]:[PSAG_PHYSICS]: phy_world => body_data, name: ZPGamePhysics
[2025.02.24 15:27:59.779 ms]:[INFO]:[PSAG_PHYSICS]: body_data(dynamic) item: alloc key: 2981833968368
[2025.02.24 15:27:59.780 ms]:[INFO]:[PSAG_ACTOR_CORE]: game_actor entity create: 206
[2025.02.24 15:27:59.790 ms]:[INFO]:[PSAG_PHYSICS]: phy_world => body_data, name: ZPGamePhysics
[2025.02.24 15:27:59.790 ms]:[INFO]:[PSAG_PHYSICS]: body_data item: delete key: 2981834276432
[2025.02.24 15:27:59.790 ms]:[INFO]:[PSAG_ACTOR_CORE]: game_actor entity delete: 206
[2025.02.24 15:27:59.830 ms]:[INFO]:[PSAG_TOOL_NOTFIY]: station receive pair: PPActor/PPActorBullet, data_size: 12 bytes
[2025.02.24 15:27:59.830 ms]:[INFO]:[PSAG_ACTOR_CORE]: game_actor get textures: 1
[2025.02.24 15:27:59.830 ms]:[INFO]:[PSAG_ACTOR_CORE]: game_actor render_comp init.
[2025.02.24 15:27:59.830 ms]:[INFO]:[PSAG_PHYSICS]: phy_world => body_data, name: ZPGamePhysics
[2025.02.24 15:27:59.830 ms]:[INFO]:[PSAG_PHYSICS]: body_data(dynamic) item: alloc key: 2981833966352
[2025.02.24 15:27:59.830 ms]:[INFO]:[PSAG_ACTOR_CORE]: game_actor entity create: 208
[2025.02.24 15:27:59.844 ms]:[INFO]:[PSAG_PHYSICS]: phy_world => body_data, name: ZPGamePhysics
[2025.02.24 15:27:59.844 ms]:[INFO]:[PSAG_PHYSICS]: body_data item: delete key: 2981834276432
[2025.02.24 15:27:59.844 ms]:[INFO]:[PSAG_ACTOR_CORE]: game_actor entity delete: 208
[2025.02.24 15:27:59.883 ms]:[INFO]:[PSAG_PHYSICS]: phy_world => body_data, name: ZPGamePhysics
[2025.02.24 15:27:59.883 ms]:[INFO]:[PSAG_PHYSICS]: body_data item: delete key: 2981834275856
[2025.02.24 15:27:59.883 ms]:[INFO]:[PSAG_ACTOR_CORE]: game_actor entity delete: 200
[2025.02.24 15:28:00.313 ms]:[INFO]:[PSAG_PHYSICS]: phy_world => body_data, name: ZPGamePhysics
[2025.02.24 15:28:00.313 ms]:[INFO]:[PSAG_PHYSICS]: body_data item: delete key: 2981834276048
[2025.02.24 15:28:00.313 ms]:[INFO]:[PSAG_ACTOR_CORE]: game_actor entity delete: 198
[2025.02.24 15:28:00.393 ms]:[INFO]:[PSAG_PHYSICS]: phy_world => body_data, name: ZPGamePhysics
[2025.02.24 15:28:00.393 ms]:[INFO]:[PSAG_PHYSICS]: body_data item: delete key: 2981834276624
[2025.02.24 15:28:00.393 ms]:[INFO]:[PSAG_ACTOR_CORE]: game_actor entity delete: 196
[2025.02.24 15:28:24.872 ms]:[INFO]:[PSAG_TOOL_NOTFIY]: station receive pair: PPActor/PPActorBullet, data_size: 12 bytes
[2025.02.24 15:28:24.872 ms]:[INFO]:[PSAG_ACTOR_CORE]: game_actor get textures: 1
[2025.02.24 15:28:24.872 ms]:[INFO]:[PSAG_ACTOR_CORE]: game_actor render_comp init.
[2025.02.24 15:28:24.872 ms]:[INFO]:[PSAG_PHYSICS]: phy_world => body_data, name: ZPGamePhysics
[2025.02.24 15:28:24.872 ms]:[INFO]:[PSAG_PHYSICS]: body_data(dynamic) item: alloc key: 2981833968032
[2025.02.24 15:28:24.872 ms]:[INFO]:[PSAG_ACTOR_CORE]: game_actor entity create: 210
[2025.02.24 15:28:25.148 ms]:[INFO]:[PSAG_TOOL_NOTFIY]: station receive pair: PPActor/PPActorBullet, data_size: 12 bytes
[2025.02.24 15:28:25.149 ms]:[INFO]:[PSAG_ACTOR_CORE]: game_actor get textures: 1
[2025.02.24 15:28:25.149 ms]:[INFO]:[PSAG_ACTOR_CORE]: game_actor render_comp init.
[2025.02.24 15:28:25.149 ms]:[INFO]:[PSAG_PHYSICS]: phy_world => body_data, name: ZPGamePhysics
[2025.02.24 15:28:25.149 ms]:[INFO]:[PSAG_PHYSICS]: body_data(dynamic) item: alloc key: 2981833967360
[2025.02.24 15:28:25.149 ms]:[INFO]:[PSAG_ACTOR_CORE]: game_actor entity create: 212
[2025.02.24 15:28:25.198 ms]:[INFO]:[PSAG_TOOL_NOTFIY]: station receive pair: PPActor/PPActorBullet, data_size: 12 bytes
[2025.02.24 15:28:25.198 ms]:[INFO]:[PSAG_ACTOR_CORE]: game_actor get textures: 1
[2025.02.24 15:28:25.198 ms]:[INFO]:[PSAG_ACTOR_CORE]: game_actor render_comp init.
[2025.02.24 15:28:25.198 ms]:[INFO]:[PSAG_PHYSICS]: phy_world => body_data, name: ZPGamePhysics
[2025.02.24 15:28:25.198 ms]:[INFO]:[PSAG_PHYSICS]: body_data(dynamic) item: alloc key: 2981833966688
[2025.02.24 15:28:25.198 ms]:[INFO]:[PSAG_ACTOR_CORE]: game_actor entity create: 214
[2025.02.24 15:28:25.248 ms]:[INFO]:[PSAG_TOOL_NOTFIY]: station receive pair: PPActor/PPActorBullet, data_size: 12 bytes
[2025.02.24 15:28:25.248 ms]:[INFO]:[PSAG_ACTOR_CORE]: game_actor get textures: 1
[2025.02.24 15:28:25.248 ms]:[INFO]:[PSAG_ACTOR_CORE]: game_actor render_comp init.
[2025.02.24 15:28:25.248 ms]:[INFO]:[PSAG_PHYSICS]: phy_world => body_data, name: ZPGamePhysics
[2025.02.24 15:28:25.248 ms]:[INFO]:[PSAG_PHYSICS]: body_data(dynamic) item: alloc key: 2981833972064
[2025.02.24 15:28:25.248 ms]:[INFO]:[PSAG_ACTOR_CORE]: game_actor entity create: 216
[2025.02.24 15:28:25.297 ms]:[INFO]:[PSAG_TOOL_NOTFIY]: station receive pair: PPActor/PPActorBullet, data_size: 12 bytes
[2025.02.24 15:28:25.298 ms]:[INFO]:[PSAG_ACTOR_CORE]: game_actor get textures: 1
[2025.02.24 15:28:25.298 ms]:[INFO]:[PSAG_ACTOR_CORE]: game_actor render_comp init.
[2025.02.24 15:28:25.299 ms]:[INFO]:[PSAG_PHYSICS]: phy_world => body_data, name: ZPGamePhysics
[2025.02.24 15:28:25.299 ms]:[INFO]:[PSAG_PHYSICS]: body_data(dynamic) item: alloc key: 2981833970720
[2025.02.24 15:28:25.299 ms]:[INFO]:[PSAG_ACTOR_CORE]: game_actor entity create: 218
[2025.02.24 15:28:28.885 ms]:[INFO]:[PSAG_PHYSICS]: phy_world => body_data, name: ZPGamePhysics
[2025.02.24 15:28:28.885 ms]:[INFO]:[PSAG_PHYSICS]: body_data item: delete key: 2981834276240
[2025.02.24 15:28:28.885 ms]:[INFO]:[PSAG_ACTOR_CORE]: game_actor entity delete: 218
[2025.02.24 15:28:28.910 ms]:[INFO]:[PSAG_PHYSICS]: phy_world => body_data, name: ZPGamePhysics
[2025.02.24 15:28:28.910 ms]:[INFO]:[PSAG_PHYSICS]: body_data item: delete key: 2981834276432
[2025.02.24 15:28:28.910 ms]:[INFO]:[PSAG_ACTOR_CORE]: game_actor entity delete: 216
[2025.02.24 15:28:28.979 ms]:[INFO]:[PSAG_PHYSICS]: phy_world => body_data, name: ZPGamePhysics
[2025.02.24 15:28:28.979 ms]:[INFO]:[PSAG_PHYSICS]: body_data item: delete key: 2981834275856
[2025.02.24 15:28:28.979 ms]:[INFO]:[PSAG_ACTOR_CORE]: game_actor entity delete: 214
[2025.02.24 15:28:30.464 ms]:[INFO]:[PSAG_PHYSICS]: phy_world => body_data, name: ZPGamePhysics
[2025.02.24 15:28:30.464 ms]:[INFO]:[PSAG_PHYSICS]: body_data item: delete key: 2981834276048
[2025.02.24 15:28:30.464 ms]:[INFO]:[PSAG_ACTOR_CORE]: game_actor entity delete: 212
[2025.02.24 15:28:38.789 ms]:[INFO]:[PSAG_PHYSICS]: phy_world => body_data, name: ZPGamePhysics
[2025.02.24 15:28:38.789 ms]:[INFO]:[PSAG_PHYSICS]: body_data item: delete key: 2981834276624
[2025.02.24 15:28:38.789 ms]:[INFO]:[PSAG_ACTOR_CORE]: game_actor entity delete: 210
[2025.02.24 15:28:56.032 ms]:[INFO]:[PSAG_TOOL_NOTFIY]: station receive pair: PPActor/PPActorBullet, data_size: 12 bytes
[2025.02.24 15:28:56.032 ms]:[INFO]:[PSAG_ACTOR_CORE]: game_actor get textures: 1
[2025.02.24 15:28:56.032 ms]:[INFO]:[PSAG_ACTOR_CORE]: game_actor render_comp init.
[2025.02.24 15:28:56.032 ms]:[INFO]:[PSAG_PHYSICS]: phy_world => body_data, name: ZPGamePhysics
[2025.02.24 15:28:56.032 ms]:[INFO]:[PSAG_PHYSICS]: body_data(dynamic) item: alloc key: 2981833972736
[2025.02.24 15:28:56.032 ms]:[INFO]:[PSAG_ACTOR_CORE]: game_actor entity create: 220
[2025.02.24 15:28:56.306 ms]:[INFO]:[PSAG_TOOL_NOTFIY]: station receive pair: PPActor/PPActorBullet, data_size: 12 bytes
[2025.02.24 15:28:56.307 ms]:[INFO]:[PSAG_ACTOR_CORE]: game_actor get textures: 1
[2025.02.24 15:28:56.307 ms]:[INFO]:[PSAG_ACTOR_CORE]: game_actor render_comp init.
[2025.02.24 15:28:56.307 ms]:[INFO]:[PSAG_PHYSICS]: phy_world => body_data, name: ZPGamePhysics
[2025.02.24 15:28:56.307 ms]:[INFO]:[PSAG_PHYSICS]: body_data(dynamic) item: alloc key: 2981833973072
[2025.02.24 15:28:56.307 ms]:[INFO]:[PSAG_ACTOR_CORE]: game_actor entity create: 222
[2025.02.24 15:28:56.357 ms]:[INFO]:[PSAG_TOOL_NOTFIY]: station receive pair: PPActor/PPActorBullet, data_size: 12 bytes
[2025.02.24 15:28:56.358 ms]:[INFO]:[PSAG_ACTOR_CORE]: game_actor get textures: 1
[2025.02.24 15:28:56.358 ms]:[INFO]:[PSAG_ACTOR_CORE]: game_actor render_comp init.
[2025.02.24 15:28:56.358 ms]:[INFO]:[PSAG_PHYSICS]: phy_world => body_data, name: ZPGamePhysics
[2025.02.24 15:28:56.358 ms]:[INFO]:[PSAG_PHYSICS]: body_data(dynamic) item: alloc key: 2981833966352
[2025.02.24 15:28:56.358 ms]:[INFO]:[PSAG_ACTOR_CORE]: game_actor entity create: 224
[2025.02.24 15:28:56.408 ms]:[INFO]:[PSAG_TOOL_NOTFIY]: station receive pair: PPActor/PPActorBullet, data_size: 12 bytes
[2025.02.24 15:28:56.408 ms]:[INFO]:[PSAG_ACTOR_CORE]: game_actor get textures: 1
[2025.02.24 15:28:56.408 ms]:[INFO]:[PSAG_ACTOR_CORE]: game_actor render_comp init.
[2025.02.24 15:28:56.408 ms]:[INFO]:[PSAG_PHYSICS]: phy_world => body_data, name: ZPGamePhysics
[2025.02.24 15:28:56.408 ms]:[INFO]:[PSAG_PHYSICS]: body_data(dynamic) item: alloc key: 2981833966688
[2025.02.24 15:28:56.408 ms]:[INFO]:[PSAG_ACTOR_CORE]: game_actor entity create: 226
[2025.02.24 15:28:56.457 ms]:[INFO]:[PSAG_TOOL_NOTFIY]: station receive pair: PPActor/PPActorBullet, data_size: 12 bytes
[2025.02.24 15:28:56.460 ms]:[INFO]:[PSAG_ACTOR_CORE]: game_actor get textures: 1
[2025.02.24 15:28:56.460 ms]:[INFO]:[PSAG_ACTOR_CORE]: game_actor render_comp init.
[2025.02.24 15:28:56.460 ms]:[INFO]:[PSAG_PHYSICS]: phy_world => body_data, name: ZPGamePhysics
[2025.02.24 15:28:56.460 ms]:[INFO]:[PSAG_PHYSICS]: body_data(dynamic) item: alloc key: 2981833969040
[2025.02.24 15:28:56.460 ms]:[INFO]:[PSAG_ACTOR_CORE]: game_actor entity create: 228
[2025.02.24 15:29:01.588 ms]:[INFO]:[PSAG_PHYSICS]: phy_world => body_data, name: ZPGamePhysics
[2025.02.24 15:29:01.588 ms]:[INFO]:[PSAG_PHYSICS]: body_data item: delete key: 2981834276624
[2025.02.24 15:29:01.588 ms]:[INFO]:[PSAG_ACTOR_CORE]: game_actor entity delete: 220
[2025.02.24 15:29:01.764 ms]:[INFO]:[PSAG_PHYSICS]: phy_world => body_data, name: ZPGamePhysics
[2025.02.24 15:29:01.764 ms]:[INFO]:[PSAG_PHYSICS]: body_data item: delete key: 2981834276048
[2025.02.24 15:29:01.764 ms]:[INFO]:[PSAG_ACTOR_CORE]: game_actor entity delete: 222
[2025.02.24 15:29:01.811 ms]:[INFO]:[PSAG_PHYSICS]: phy_world => body_data, name: ZPGamePhysics
[2025.02.24 15:29:01.811 ms]:[INFO]:[PSAG_PHYSICS]: body_data item: delete key: 2981834275856
[2025.02.24 15:29:01.811 ms]:[INFO]:[PSAG_ACTOR_CORE]: game_actor entity delete: 224
[2025.02.24 15:29:01.925 ms]:[INFO]:[PSAG_PHYSICS]: phy_world => body_data, name: ZPGamePhysics
[2025.02.24 15:29:01.925 ms]:[INFO]:[PSAG_PHYSICS]: body_data item: delete key: 2981834276432
[2025.02.24 15:29:01.925 ms]:[INFO]:[PSAG_ACTOR_CORE]: game_actor entity delete: 226
[2025.02.24 15:29:02.258 ms]:[INFO]:[PSAG_PHYSICS]: phy_world => body_data, name: ZPGamePhysics
[2025.02.24 15:29:02.258 ms]:[INFO]:[PSAG_PHYSICS]: body_data item: delete key: 2981834276240
[2025.02.24 15:29:02.258 ms]:[INFO]:[PSAG_ACTOR_CORE]: game_actor entity delete: 228
[2025.02.24 15:29:25.925 ms]:[INFO]:[PSAG_TOOL_NOTFIY]: station receive pair: PPActor/PPActorBullet, data_size: 12 bytes
[2025.02.24 15:29:25.925 ms]:[INFO]:[PSAG_ACTOR_CORE]: game_actor get textures: 1
[2025.02.24 15:29:25.925 ms]:[INFO]:[PSAG_ACTOR_CORE]: game_actor render_comp init.
[2025.02.24 15:29:25.925 ms]:[INFO]:[PSAG_PHYSICS]: phy_world => body_data, name: ZPGamePhysics
[2025.02.24 15:29:25.925 ms]:[INFO]:[PSAG_PHYSICS]: body_data(dynamic) item: alloc key: 2981833972400
[2025.02.24 15:29:25.925 ms]:[INFO]:[PSAG_ACTOR_CORE]: game_actor entity create: 230
[2025.02.24 15:29:34.814 ms]:[INFO]:[PSAG_PHYSICS]: phy_world => body_data, name: ZPGamePhysics
[2025.02.24 15:29:34.814 ms]:[INFO]:[PSAG_PHYSICS]: body_data item: delete key: 2981834276240
[2025.02.24 15:29:34.814 ms]:[INFO]:[PSAG_ACTOR_CORE]: game_actor entity delete: 230
[2025.02.24 15:29:37.555 ms]:[INFO]:[PSAG_TOOL_NOTFIY]: station receive pair: PPActor/PPActorBullet, data_size: 12 bytes
[2025.02.24 15:29:37.556 ms]:[INFO]:[PSAG_ACTOR_CORE]: game_actor get textures: 1
[2025.02.24 15:29:37.556 ms]:[INFO]:[PSAG_ACTOR_CORE]: game_actor render_comp init.
[2025.02.24 15:29:37.556 ms]:[INFO]:[PSAG_PHYSICS]: phy_world => body_data, name: ZPGamePhysics
[2025.02.24 15:29:37.556 ms]:[INFO]:[PSAG_PHYSICS]: body_data(dynamic) item: alloc key: 2981833972400
[2025.02.24 15:29:37.556 ms]:[INFO]:[PSAG_ACTOR_CORE]: game_actor entity create: 232
[2025.02.24 15:29:37.832 ms]:[INFO]:[PSAG_TOOL_NOTFIY]: station receive pair: PPActor/PPActorBullet, data_size: 12 bytes
[2025.02.24 15:29:37.832 ms]:[INFO]:[PSAG_ACTOR_CORE]: game_actor get textures: 1
[2025.02.24 15:29:37.832 ms]:[INFO]:[PSAG_ACTOR_CORE]: game_actor render_comp init.
[2025.02.24 15:29:37.832 ms]:[INFO]:[PSAG_PHYSICS]: phy_world => body_data, name: ZPGamePhysics
[2025.02.24 15:29:37.832 ms]:[INFO]:[PSAG_PHYSICS]: body_data(dynamic) item: alloc key: 2981833968032
[2025.02.24 15:29:37.832 ms]:[INFO]:[PSAG_ACTOR_CORE]: game_actor entity create: 234
[2025.02.24 15:29:40.658 ms]:[INFO]:[PSAG_PHYSICS]: phy_world => body_data, name: ZPGamePhysics
[2025.02.24 15:29:40.658 ms]:[INFO]:[PSAG_PHYSICS]: body_data item: delete key: 2981834276432
[2025.02.24 15:29:40.658 ms]:[INFO]:[PSAG_ACTOR_CORE]: game_actor entity delete: 234
[2025.02.24 15:29:40.682 ms]:[INFO]:[PSAG_PHYSICS]: phy_world => body_data, name: ZPGamePhysics
[2025.02.24 15:29:40.682 ms]:[INFO]:[PSAG_PHYSICS]: body_data item: delete key: 2981834276240
[2025.02.24 15:29:40.682 ms]:[INFO]:[PSAG_ACTOR_CORE]: game_actor entity delete: 232
[2025.02.24 15:29:43.840 ms]:[INFO]:[PSAG_TOOL_NOTFIY]: station receive pair: PPActor/PPActorBullet, data_size: 12 bytes
[2025.02.24 15:29:43.840 ms]:[INFO]:[PSAG_ACTOR_CORE]: game_actor get textures: 1
[2025.02.24 15:29:43.840 ms]:[INFO]:[PSAG_ACTOR_CORE]: game_actor render_comp init.
[2025.02.24 15:29:43.840 ms]:[INFO]:[PSAG_PHYSICS]: phy_world => body_data, name: ZPGamePhysics
[2025.02.24 15:29:43.840 ms]:[INFO]:[PSAG_PHYSICS]: body_data(dynamic) item: alloc key: 2981833967024
[2025.02.24 15:29:43.840 ms]:[INFO]:[PSAG_ACTOR_CORE]: game_actor entity create: 236
[2025.02.24 15:29:47.628 ms]:[INFO]:[PSAG_PHYSICS]: phy_world => body_data, name: ZPGamePhysics
[2025.02.24 15:29:47.628 ms]:[INFO]:[PSAG_PHYSICS]: body_data item: delete key: 2981834276240
[2025.02.24 15:29:47.628 ms]:[INFO]:[PSAG_ACTOR_CORE]: game_actor entity delete: 236
[2025.02.24 15:29:48.441 ms]:[INFO]:[PSAG_TOOL_NOTFIY]: station receive pair: PPActor/PPActorBullet, data_size: 12 bytes
[2025.02.24 15:29:48.442 ms]:[INFO]:[PSAG_ACTOR_CORE]: game_actor get textures: 1
[2025.02.24 15:29:48.442 ms]:[INFO]:[PSAG_ACTOR_CORE]: game_actor render_comp init.
[2025.02.24 15:29:48.442 ms]:[INFO]:[PSAG_PHYSICS]: phy_world => body_data, name: ZPGamePhysics
[2025.02.24 15:29:48.442 ms]:[INFO]:[PSAG_PHYSICS]: body_data(dynamic) item: alloc key: 2981833967024
[2025.02.24 15:29:48.442 ms]:[INFO]:[PSAG_ACTOR_CORE]: game_actor entity create: 238
[2025.02.24 15:29:51.375 ms]:[INFO]:[PSAG_PHYSICS]: phy_world => body_data, name: ZPGamePhysics
[2025.02.24 15:29:51.375 ms]:[INFO]:[PSAG_PHYSICS]: body_data item: delete key: 2981834276240
[2025.02.24 15:29:51.375 ms]:[INFO]:[PSAG_ACTOR_CORE]: game_actor entity delete: 238
[2025.02.24 15:29:53.014 ms]:[INFO]:[PSAG_TOOL_NOTFIY]: station receive pair: PPActor/PPActorBullet, data_size: 12 bytes
[2025.02.24 15:29:53.014 ms]:[INFO]:[PSAG_ACTOR_CORE]: game_actor get textures: 1
[2025.02.24 15:29:53.014 ms]:[INFO]:[PSAG_ACTOR_CORE]: game_actor render_comp init.
[2025.02.24 15:29:53.014 ms]:[INFO]:[PSAG_PHYSICS]: phy_world => body_data, name: ZPGamePhysics
[2025.02.24 15:29:53.015 ms]:[INFO]:[PSAG_PHYSICS]: body_data(dynamic) item: alloc key: 2981833969040
[2025.02.24 15:29:53.015 ms]:[INFO]:[PSAG_ACTOR_CORE]: game_actor entity create: 240
[2025.02.24 15:29:53.024 ms]:[INFO]:[PSAG_PHYSICS]: phy_world => body_data, name: ZPGamePhysics
[2025.02.24 15:29:53.024 ms]:[INFO]:[PSAG_PHYSICS]: body_data item: delete key: 2981834276240
[2025.02.24 15:29:53.024 ms]:[INFO]:[PSAG_ACTOR_CORE]: game_actor entity delete: 240
[2025.02.24 15:29:54.027 ms]:[INFO]:[PSAG_TOOL_NOTFIY]: station receive pair: PPActor/PPActorBullet, data_size: 12 bytes
[2025.02.24 15:29:54.027 ms]:[INFO]:[PSAG_ACTOR_CORE]: game_actor get textures: 1
[2025.02.24 15:29:54.027 ms]:[INFO]:[PSAG_ACTOR_CORE]: game_actor render_comp init.
[2025.02.24 15:29:54.027 ms]:[INFO]:[PSAG_PHYSICS]: phy_world => body_data, name: ZPGamePhysics
[2025.02.24 15:29:54.027 ms]:[INFO]:[PSAG_PHYSICS]: body_data(dynamic) item: alloc key: 2981833972064
[2025.02.24 15:29:54.027 ms]:[INFO]:[PSAG_ACTOR_CORE]: game_actor entity create: 242
[2025.02.24 15:30:00.239 ms]:[INFO]:[PSAG_PHYSICS]: phy_world => body_data, name: ZPGamePhysics
[2025.02.24 15:30:00.240 ms]:[INFO]:[PSAG_PHYSICS]: body_data item: delete key: 2981834276240
[2025.02.24 15:30:00.240 ms]:[INFO]:[PSAG_ACTOR_CORE]: game_actor entity delete: 242
[2025.02.24 15:30:01.687 ms]:[INFO]:[PSAG_TOOL_NOTFIY]: station receive pair: PPActor/PPActorBullet, data_size: 12 bytes
[2025.02.24 15:30:01.688 ms]:[INFO]:[PSAG_ACTOR_CORE]: game_actor get textures: 1
[2025.02.24 15:30:01.688 ms]:[INFO]:[PSAG_ACTOR_CORE]: game_actor render_comp init.
[2025.02.24 15:30:01.688 ms]:[INFO]:[PSAG_PHYSICS]: phy_world => body_data, name: ZPGamePhysics
[2025.02.24 15:30:01.688 ms]:[INFO]:[PSAG_PHYSICS]: body_data(dynamic) item: alloc key: 2981833969040
[2025.02.24 15:30:01.688 ms]:[INFO]:[PSAG_ACTOR_CORE]: game_actor entity create: 244
[2025.02.24 15:30:07.483 ms]:[INFO]:[PSAG_PHYSICS]: phy_world => body_data, name: ZPGamePhysics
[2025.02.24 15:30:07.483 ms]:[INFO]:[PSAG_PHYSICS]: body_data item: delete key: 2981834276240
[2025.02.24 15:30:07.483 ms]:[INFO]:[PSAG_ACTOR_CORE]: game_actor entity delete: 244
[2025.02.24 15:30:07.951 ms]:[INFO]:[PSAG_TOOL_NOTFIY]: station receive pair: PPActor/PPActorBullet, data_size: 12 bytes
[2025.02.24 15:30:07.952 ms]:[INFO]:[PSAG_ACTOR_CORE]: game_actor get textures: 1
[2025.02.24 15:30:07.952 ms]:[INFO]:[PSAG_ACTOR_CORE]: game_actor render_comp init.
[2025.02.24 15:30:07.952 ms]:[INFO]:[PSAG_PHYSICS]: phy_world => body_data, name: ZPGamePhysics
[2025.02.24 15:30:07.952 ms]:[INFO]:[PSAG_PHYSICS]: body_data(dynamic) item: alloc key: 2981833972064
[2025.02.24 15:30:07.952 ms]:[INFO]:[PSAG_ACTOR_CORE]: game_actor entity create: 246
[2025.02.24 15:30:08.981 ms]:[INFO]:[PSAG_PHYSICS]: phy_world => body_data, name: ZPGamePhysics
[2025.02.24 15:30:08.981 ms]:[INFO]:[PSAG_PHYSICS]: body_data item: delete key: 2981834276240
[2025.02.24 15:30:08.981 ms]:[INFO]:[PSAG_ACTOR_CORE]: game_actor entity delete: 246
[2025.02.24 15:30:09.782 ms]:[INFO]:[PSAG_TOOL_NOTFIY]: station receive pair: PPActor/PPActorBullet, data_size: 12 bytes
[2025.02.24 15:30:09.782 ms]:[INFO]:[PSAG_ACTOR_CORE]: game_actor get textures: 1
[2025.02.24 15:30:09.782 ms]:[INFO]:[PSAG_ACTOR_CORE]: game_actor render_comp init.
[2025.02.24 15:30:09.782 ms]:[INFO]:[PSAG_PHYSICS]: phy_world => body_data, name: ZPGamePhysics
[2025.02.24 15:30:09.782 ms]:[INFO]:[PSAG_PHYSICS]: body_data(dynamic) item: alloc key: 2981833969040
[2025.02.24 15:30:09.782 ms]:[INFO]:[PSAG_ACTOR_CORE]: game_actor entity create: 248
[2025.02.24 15:30:16.634 ms]:[INFO]:[PSAG_PHYSICS]: phy_world => body_data, name: ZPGamePhysics
[2025.02.24 15:30:16.634 ms]:[INFO]:[PSAG_PHYSICS]: body_data item: delete key: 2981834276240
[2025.02.24 15:30:16.634 ms]:[INFO]:[PSAG_ACTOR_CORE]: game_actor entity delete: 248
[2025.02.24 15:30:19.717 ms]:[INFO]:[PSAG_TOOL_NOTFIY]: station receive pair: PPActor/PPActorBullet, data_size: 12 bytes
[2025.02.24 15:30:19.717 ms]:[INFO]:[PSAG_ACTOR_CORE]: game_actor get textures: 1
[2025.02.24 15:30:19.717 ms]:[INFO]:[PSAG_ACTOR_CORE]: game_actor render_comp init.
[2025.02.24 15:30:19.717 ms]:[INFO]:[PSAG_PHYSICS]: phy_world => body_data, name: ZPGamePhysics
[2025.02.24 15:30:19.717 ms]:[INFO]:[PSAG_PHYSICS]: body_data(dynamic) item: alloc key: 2981833966352
[2025.02.24 15:30:19.717 ms]:[INFO]:[PSAG_ACTOR_CORE]: game_actor entity create: 250
[2025.02.24 15:30:19.993 ms]:[INFO]:[PSAG_TOOL_NOTFIY]: station receive pair: PPActor/PPActorBullet, data_size: 12 bytes
[2025.02.24 15:30:19.993 ms]:[INFO]:[PSAG_ACTOR_CORE]: game_actor get textures: 1
[2025.02.24 15:30:19.993 ms]:[INFO]:[PSAG_ACTOR_CORE]: game_actor render_comp init.
[2025.02.24 15:30:19.993 ms]:[INFO]:[PSAG_PHYSICS]: phy_world => body_data, name: ZPGamePhysics
[2025.02.24 15:30:19.993 ms]:[INFO]:[PSAG_PHYSICS]: body_data(dynamic) item: alloc key: 2981833972400
[2025.02.24 15:30:19.993 ms]:[INFO]:[PSAG_ACTOR_CORE]: game_actor entity create: 252
[2025.02.24 15:30:20.044 ms]:[INFO]:[PSAG_TOOL_NOTFIY]: station receive pair: PPActor/PPActorBullet, data_size: 12 bytes
[2025.02.24 15:30:20.044 ms]:[INFO]:[PSAG_ACTOR_CORE]: game_actor get textures: 1
[2025.02.24 15:30:20.044 ms]:[INFO]:[PSAG_ACTOR_CORE]: game_actor render_comp init.
[2025.02.24 15:30:20.044 ms]:[INFO]:[PSAG_PHYSICS]: phy_world => body_data, name: ZPGamePhysics
[2025.02.24 15:30:20.044 ms]:[INFO]:[PSAG_PHYSICS]: body_data(dynamic) item: alloc key: 2981833972064
[2025.02.24 15:30:20.044 ms]:[INFO]:[PSAG_ACTOR_CORE]: game_actor entity create: 254
[2025.02.24 15:30:20.359 ms]:[INFO]:[PSAG_TOOL_NOTFIY]: station receive pair: PPActor/PPActorBullet, data_size: 12 bytes
[2025.02.24 15:30:20.359 ms]:[INFO]:[PSAG_ACTOR_CORE]: game_actor get textures: 1
[2025.02.24 15:30:20.359 ms]:[INFO]:[PSAG_ACTOR_CORE]: game_actor render_comp init.
[2025.02.24 15:30:20.359 ms]:[INFO]:[PSAG_PHYSICS]: phy_world => body_data, name: ZPGamePhysics
[2025.02.24 15:30:20.359 ms]:[INFO]:[PSAG_PHYSICS]: body_data(dynamic) item: alloc key: 2981833972736
[2025.02.24 15:30:20.360 ms]:[INFO]:[PSAG_ACTOR_CORE]: game_actor entity create: 256
[2025.02.24 15:30:25.905 ms]:[INFO]:[PSAG_PHYSICS]: phy_world => body_data, name: ZPGamePhysics
[2025.02.24 15:30:25.905 ms]:[INFO]:[PSAG_PHYSICS]: body_data item: delete key: 2981834275856
[2025.02.24 15:30:25.905 ms]:[INFO]:[PSAG_ACTOR_CORE]: game_actor entity delete: 254
[2025.02.24 15:30:25.936 ms]:[INFO]:[PSAG_PHYSICS]: phy_world => body_data, name: ZPGamePhysics
[2025.02.24 15:30:25.936 ms]:[INFO]:[PSAG_PHYSICS]: body_data item: delete key: 2981834276432
[2025.02.24 15:30:25.936 ms]:[INFO]:[PSAG_ACTOR_CORE]: game_actor entity delete: 252
[2025.02.24 15:30:29.329 ms]:[INFO]:[PSAG_PHYSICS]: phy_world => body_data, name: ZPGamePhysics
[2025.02.24 15:30:29.329 ms]:[INFO]:[PSAG_PHYSICS]: body_data item: delete key: 2981834276048
[2025.02.24 15:30:29.329 ms]:[INFO]:[PSAG_ACTOR_CORE]: game_actor entity delete: 256
[2025.02.24 15:30:29.803 ms]:[INFO]:[PSAG_PHYSICS]: phy_world => body_data, name: ZPGamePhysics
[2025.02.24 15:30:29.803 ms]:[INFO]:[PSAG_PHYSICS]: body_data item: delete key: 2981834276240
[2025.02.24 15:30:29.803 ms]:[INFO]:[PSAG_ACTOR_CORE]: game_actor entity delete: 250
[2025.02.24 15:30:51.973 ms]:[INFO]:[PSAG_OGL_RES]: rbo: delete key: 38
[2025.02.24 15:30:51.974 ms]:[INFO]:[PSAG_OGL_RES]: fbo: delete key: 48
[2025.02.24 15:30:51.974 ms]:[INFO]:[PSAG_OGL_RES]: fbo: delete key: 50
[2025.02.24 15:30:51.974 ms]:[INFO]:[PSAG_OGL_RES]: fbo: delete key: 46
[2025.02.24 15:30:51.974 ms]:[INFO]:[PSAG_OGL_RES]: fbo: delete key: 42
[2025.02.24 15:30:51.974 ms]:[TRACE]:[PSAG_OGL_RES]: tmu delete(space): 5
[2025.02.24 15:30:51.974 ms]:[INFO]:[PSAG_OGL_RES]: texture: delete key: 40
[2025.02.24 15:30:51.974 ms]:[INFO]:[PSAG_OGL_RES]: shader: delete key: 30
[2025.02.24 15:30:51.974 ms]:[INFO]:[PSAG_OGL_RES]: shader: delete key: 32
[2025.02.24 15:30:51.974 ms]:[INFO]:[PSAG_OGL_RES]: shader: delete key: 34
[2025.02.24 15:30:51.974 ms]:[INFO]:[PSAG_OGL_RES]: shader: delete key: 26
[2025.02.24 15:30:51.974 ms]:[INFO]:[PSAG_GL_POST]: graphics_engine free post_shader(system).
[2025.02.24 15:30:51.974 ms]:[INFO]:[PSAG_PHYSICS]: phy_world => body_data, name: ZPGamePhysics
[2025.02.24 15:30:51.974 ms]:[INFO]:[PSAG_PHYSICS]: body_data item: delete key: 2981834273552
[2025.02.24 15:30:51.974 ms]:[INFO]:[PSAG_ENVMT_CORE]: game_envmt item delete: 76
[2025.02.24 15:30:51.974 ms]:[INFO]:[PSAG_PHYSICS]: phy_world => body_data, name: ZPGamePhysics
[2025.02.24 15:30:51.974 ms]:[INFO]:[PSAG_PHYSICS]: body_data item: delete key: 2981834272784
[2025.02.24 15:30:51.974 ms]:[INFO]:[PSAG_ENVMT_CORE]: game_envmt item delete: 68
[2025.02.24 15:30:51.974 ms]:[INFO]:[PSAG_PHYSICS]: phy_world => body_data, name: ZPGamePhysics
[2025.02.24 15:30:51.974 ms]:[INFO]:[PSAG_PHYSICS]: body_data item: delete key: 2981834272976
[2025.02.24 15:30:51.974 ms]:[INFO]:[PSAG_ENVMT_CORE]: game_envmt item delete: 70
[2025.02.24 15:30:51.974 ms]:[INFO]:[PSAG_PHYSICS]: phy_world => body_data, name: ZPGamePhysics
[2025.02.24 15:30:51.974 ms]:[INFO]:[PSAG_PHYSICS]: body_data item: delete key: 2981834273168
[2025.02.24 15:30:51.974 ms]:[INFO]:[PSAG_ENVMT_CORE]: game_envmt item delete: 72
[2025.02.24 15:30:51.975 ms]:[INFO]:[PSAG_PHYSICS]: phy_world => body_data, name: ZPGamePhysics
[2025.02.24 15:30:51.975 ms]:[INFO]:[PSAG_PHYSICS]: body_data item: delete key: 2981834273360
[2025.02.24 15:30:51.975 ms]:[INFO]:[PSAG_ENVMT_CORE]: game_envmt item delete: 74
[2025.02.24 15:30:51.975 ms]:[INFO]:[PSAG_GAMECORE_MAG]: game_envmt manager system delete.
[2025.02.24 15:30:51.975 ms]:[INFO]:[PSAG_GL_DATASET]: layers_manager delete_count(space): 0
[2025.02.24 15:30:51.975 ms]:[INFO]:[PSAG_GL_DATASET]: vir_texture item: delete key: 52
[2025.02.24 15:30:51.975 ms]:[INFO]:[PSAG_OGL_RES]: shader: delete key: 60
[2025.02.24 15:30:51.975 ms]:[INFO]:[PSAG_ACTOR_CORE]: game_actor shader delete.
[2025.02.24 15:30:51.975 ms]:[INFO]:[PSAG_OGL_RES]: shader: delete key: 56
[2025.02.24 15:30:51.975 ms]:[INFO]:[PSAG_ACTOR_CORE]: game_actor shader delete.
[2025.02.24 15:30:51.975 ms]:[INFO]:[PSAG_GL_DATASET]: layers_manager delete_count(space): 1
[2025.02.24 15:30:51.975 ms]:[INFO]:[PSAG_GL_DATASET]: vir_texture item: delete key: 54
[2025.02.24 15:30:51.975 ms]:[INFO]:[PSAG_OGL_RES]: shader: delete key: 64
[2025.02.24 15:30:51.975 ms]:[INFO]:[PSAG_ACTOR_CORE]: game_actor shader delete.
[2025.02.24 15:30:51.975 ms]:[INFO]:[PSAG_GAMECORE_MAG]: actor_shader manager system delete.
[2025.02.24 15:30:51.975 ms]:[INFO]:[PSAG_PHYSICS]: phy_world => body_data, name: ZPGamePhysics
[2025.02.24 15:30:51.975 ms]:[INFO]:[PSAG_PHYSICS]: body_data item: delete key: 2981834273744
[2025.02.24 15:30:51.975 ms]:[INFO]:[PSAG_ACTOR_CORE]: game_actor entity delete: 90
[2025.02.24 15:30:51.975 ms]:[INFO]:[PSAG_GL_DATASET]: layers_manager delete_count(space): 0
[2025.02.24 15:30:51.975 ms]:[INFO]:[PSAG_GL_DATASET]: vir_texture item: delete key: 78
[2025.02.24 15:30:51.975 ms]:[INFO]:[PSAG_OGL_RES]: shader: delete key: 82
[2025.02.24 15:30:51.975 ms]:[INFO]:[PSAG_ACTOR_CORE]: game_actor shader delete.
[2025.02.24 15:30:51.975 ms]:[INFO]:[PSAG_GL_DATASET]: layers_manager delete_count(space): 1
[2025.02.24 15:30:51.975 ms]:[INFO]:[PSAG_GL_DATASET]: vir_texture item: delete key: 80
[2025.02.24 15:30:51.976 ms]:[INFO]:[PSAG_OGL_RES]: shader: delete key: 86
[2025.02.24 15:30:51.976 ms]:[INFO]:[PSAG_ACTOR_CORE]: game_actor shader delete.
[2025.02.24 15:30:51.976 ms]:[INFO]:[PSAG_GAMECORE_MAG]: actor_shader manager system delete.
[2025.02.24 15:30:51.976 ms]:[INFO]:[PSAG_GL_DATASET]: layers_manager delete_count(space): 0
[2025.02.24 15:30:51.976 ms]:[INFO]:[PSAG_GL_DATASET]: vir_texture item: delete key: 112
[2025.02.24 15:30:51.976 ms]:[INFO]:[PSAG_OGL_RES]: shader: delete key: 114
[2025.02.24 15:30:51.976 ms]:[INFO]:[PSAG_ACTOR_CORE]: game_actor shader delete.
[2025.02.24 15:30:51.976 ms]:[INFO]:[PSAG_GAMECORE_MAG]: actor_shader manager system delete.
[2025.02.24 15:30:51.976 ms]:[INFO]:[PSAG_GAMECORE_MAG]: game_actor manager system delete.
[2025.02.24 15:30:51.976 ms]:[INFO]:[PSAG_GL_PVFX]: psag_fx image_view system free.
[2025.02.24 15:30:51.976 ms]:[INFO]:[PSAG_GL_PVFX]: psag_fx image_view system free.
[2025.02.24 15:30:51.976 ms]:[INFO]:[PSAG_GL_PVFX]: psag_fx image_view system free.
[2025.02.24 15:30:51.976 ms]:[INFO]:[PSAG_GL_PVFX]: psag_fx image_view system free.
[2025.02.24 15:30:51.976 ms]:[INFO]:[PSAG_GL_PVFX]: psag_fx image_view system free.
[2025.02.24 15:30:51.976 ms]:[INFO]:[PSAG_GL_PVFX]: psag_fx image_view system free.
[2025.02.24 15:30:51.976 ms]:[INFO]:[PSAG_OGL_RES]: vao: delete key: 4
[2025.02.24 15:30:51.976 ms]:[INFO]:[PSAG_OGL_RES]: vbo: delete key: 6
[2025.02.24 15:30:51.976 ms]:[INFO]:[PSAG_OGL_RES]: vao: delete key: 8
[2025.02.24 15:30:51.976 ms]:[INFO]:[PSAG_OGL_RES]: vbo: delete key: 10
[2025.02.24 15:30:51.976 ms]:[TRACE]:[PSAG_OGL_RES]: tmu delete(space): 1
[2025.02.24 15:30:51.976 ms]:[TRACE]:[PSAG_OGL_RES]: tmu delete(space): 2
[2025.02.24 15:30:51.976 ms]:[TRACE]:[PSAG_OGL_RES]: tmu delete(space): 3
[2025.02.24 15:30:51.976 ms]:[TRACE]:[PSAG_OGL_RES]: tmu delete(space): 4
[2025.02.24 15:30:51.997 ms]:[INFO]:[PSAG_OGL_RES]: texture: delete key: 16
[2025.02.24 15:30:52.013 ms]:[INFO]:[PSAG_OGL_RES]: texture: delete key: 18
[2025.02.24 15:30:52.021 ms]:[INFO]:[PSAG_OGL_RES]: texture: delete key: 20
[2025.02.24 15:30:52.022 ms]:[INFO]:[PSAG_OGL_RES]: texture: delete key: 22
[2025.02.24 15:30:52.338 ms]:[TRACE]:[PSAG_AUDIO]: audio(openal) global free_context & close_device.
[2025.02.24 15:30:52.339 ms]:[INFO]:[PSAG_PHYSICS]: physics_world item: free_bodies: 0, delete key: DEFAULT_PHY_WORLD
[2025.02.24 15:30:52.342 ms]:[INFO]:[PSAG_IMGUI]: imgui_free: imgui_opengl3 context.
[2025.02.24 15:30:52.342 ms]:[TRACE]:[PSAG_AUDIO_DATA]: free resource(raw_audio): 0 bytes
[2025.02.24 15:30:52.342 ms]:[INFO]:[PSAG_AUDIO_DATA]: LLRES static_object() delete.
[2025.02.24 15:30:52.342 ms]:[TRACE]:[PSAG_OGL_RES]: free resource(shader): 2 items
[2025.02.24 15:30:52.342 ms]:[TRACE]:[PSAG_OGL_RES]: free resource(texture): 0 items
[2025.02.24 15:30:52.342 ms]:[TRACE]:[PSAG_OGL_RES]: free resource(vertex_buffer): 0 items
[2025.02.24 15:30:52.342 ms]:[TRACE]:[PSAG_OGL_RES]: free resource(vertex_attribute): 0 items
[2025.02.24 15:30:52.343 ms]:[TRACE]:[PSAG_OGL_RES]: free resource(frame_buffer): 1 items
[2025.02.24 15:30:52.343 ms]:[TRACE]:[PSAG_OGL_RES]: free resource(render_buffer): 0 items
[2025.02.24 15:30:52.343 ms]:[TRACE]:[PSAG_OGL_RES]: free resource(uniform_buffer): 1 items
[2025.02.24 15:30:52.343 ms]:[INFO]:[PSAG_LLRES]: graph static_object(graphics) delete.
[2025.02.24 15:30:52.368 ms]:[INFO]:[PSAG_WINDOW]: fw_window free: glfw context.
[2025.02.24 15:30:52.750 ms]:[TRACE]:[PSAG_M_MAINEVENT]: async_events execution end.
[2025.02.24 15:30:52.750 ms]:[INFO]:[PSAG_M_START]: free framework ret_code: 1
