[2025.02.24 15:36:02.879 ms]:[INFO]:[PSAG_LOGGER]: start thread success.
[2025.02.24 15:36:02.880 ms]:[INFO]:[PSAG_LOGGER]: create log_file: PSAGameSystemLogs/5377706230900.log
[2025.02.24 15:36:02.880 ms]:[INFO]:[PSAG_M_START]: core_start objects(frm) total: only
[2025.02.24 15:36:02.880 ms]:[INFO]:[PSAG_M_START]: core_start objects(net) total: 0
[2025.02.24 15:36:02.880 ms]:[INFO]:[PSAG_M_START]: core_start objects(ext) total: 0
[2025.02.24 15:36:02.880 ms]:[TRACE]:[PSAG_M_MAINEVENT]: async_event add item_id: 716056816480
[2025.02.24 15:36:02.880 ms]:[INFO]:[PSAG_M_MAINEVENT]: async_events executing...
[2025.02.24 15:36:02.880 ms]:[INFO]:[PSAG_FILESYS_LOAD]: load(src) read_file: PSAGameFrameworkCore/framework_config.json read_size: 463
[2025.02.24 15:36:02.881 ms]:[INFO]:[PSAG_FILESYS_LOAD]: load(src) read_file: PSAGameFrameworkCore/framework_config_shaders.json read_size: 1329
[2025.02.24 15:36:02.881 ms]:[INFO]:[PSAG_FILESYS_LOAD]: load(src) read_file: PSAGameFrameworkCore/CoreShaderScript/public/psag_graph_template_actor.vert read_size: 984
[2025.02.24 15:36:02.881 ms]:[INFO]:[PSAG_FILESYS_LOAD]: load(src) read_file: PSAGameFrameworkCore/CoreShaderScript/public/psag_graph_template.vert read_size: 737
[2025.02.24 15:36:02.881 ms]:[INFO]:[PSAG_FILESYS_LOAD]: load(src) read_file: PSAGameFrameworkCore/CoreShaderScript/public/psag_graph_tools.frag read_size: 933
[2025.02.24 15:36:02.881 ms]:[INFO]:[PSAG_FILESYS_LOAD]: load(src) read_file: PSAGameFrameworkCore/CoreShaderScript/public/psag_graph_header.frag read_size: 202
[2025.02.24 15:36:02.881 ms]:[INFO]:[PSAG_FILESYS_LOAD]: load(src) read_file: PSAGameFrameworkCore/CoreShaderScript/private/psag_graph_final_vollight.frag read_size: 1670
[2025.02.24 15:36:02.881 ms]:[INFO]:[PSAG_FILESYS_LOAD]: load(src) read_file: PSAGameFrameworkCore/CoreShaderScript/private/psag_graph_final_multfilter.frag read_size: 356
[2025.02.24 15:36:02.881 ms]:[INFO]:[PSAG_FILESYS_LOAD]: load(src) read_file: PSAGameFrameworkCore/CoreShaderScript/private/psag_graph_final_blurh.frag read_size: 783
[2025.02.24 15:36:02.881 ms]:[INFO]:[PSAG_FILESYS_LOAD]: load(src) read_file: PSAGameFrameworkCore/CoreShaderScript/private/psag_graph_final_blurv.frag read_size: 778
[2025.02.24 15:36:02.881 ms]:[INFO]:[PSAG_FILESYS_LOAD]: load(src) read_file: PSAGameFrameworkCore/CoreShaderScript/private/psag_graph_final.frag read_size: 1243
[2025.02.24 15:36:02.881 ms]:[INFO]:[PSAG_FILESYS_LOAD]: load(src) read_file: PSAGameFrameworkCore/CoreShaderScript/private/psag_graph_background.frag read_size: 1107
[2025.02.24 15:36:02.881 ms]:[INFO]:[PSAG_FILESYS_LOAD]: load(src) read_file: PSAGameFrameworkCore/CoreShaderScript/private/psag_graph_particle.frag read_size: 1255
[2025.02.24 15:36:02.881 ms]:[INFO]:[PSAG_FILESYS_LOAD]: load(src) read_file: PSAGameFrameworkCore/CoreShaderScript/private/psag_graph_fx_sequence.frag read_size: 543
[2025.02.24 15:36:02.881 ms]:[INFO]:[PSAG_GL_GLSL]: graphics_engine config system_glsl.
[2025.02.24 15:36:02.881 ms]:[TRACE]:[PSAG_M_CORE]: core framework init,config...
[2025.02.24 15:36:02.914 ms]:[INFO]:[PSAG_WINDOW]: init opengl_glfw.
[2025.02.24 15:36:03.119 ms]:[WARNING]:[PSAG_WINDOW]: <F:\PSAFrameworkProject\PSAGameFramework\PSAGameFramework\PSAGameFrameworkCore\LLWindowGui\framework_window_system.cpp:__LINE__> failed fw_window load: icon_image.
[2025.02.24 15:36:03.122 ms]:[INFO]:[PSAG_OGL_INIT]: framework_graphics logger function_ptr: c2eb9418
[2025.02.24 15:36:03.122 ms]:[INFO]:[PSAG_OGL_INIT]: framework_graphics shader gl_version: 
[2025.02.24 15:36:03.124 ms]:[TRACE]:[PSAG_OGL_INIT]: framework_graphics config init...
[2025.02.24 15:36:03.124 ms]:[INFO]:[PSAG_OGL_INFORMATION]: device gpu supplier: NVIDIA Corporation
[2025.02.24 15:36:03.124 ms]:[INFO]:[PSAG_OGL_INFORMATION]: device gpu model: NVIDIA GeForce RTX 4060 Laptop GPU/PCIe/SSE2
[2025.02.24 15:36:03.124 ms]:[INFO]:[PSAG_OGL_INFORMATION]: device version opengl: 4.6.0 NVIDIA 561.19
[2025.02.24 15:36:03.124 ms]:[INFO]:[PSAG_OGL_INFORMATION]: device version glsl: 4.60 NVIDIA
[2025.02.24 15:36:03.124 ms]:[PERF]:[PSAG_OGL_INFORMATION]: device memory[capacity]: 8188.00 mib
[2025.02.24 15:36:03.124 ms]:[INFO]:[PSAG_OGL_INFORMATION]: device (vao)attribs_max units: 16 entry
[2025.02.24 15:36:03.124 ms]:[INFO]:[PSAG_OGL_INFORMATION]: device (vbo)buffer_max units: 4096 entry
[2025.02.24 15:36:03.124 ms]:[INFO]:[PSAG_OGL_INFORMATION]: device [tmu]texture_max units: 32 entry
[2025.02.24 15:36:03.124 ms]:[INFO]:[PSAG_OGL_INFORMATION]: device (vert)uniform_max items: 4096
[2025.02.24 15:36:03.124 ms]:[INFO]:[PSAG_OGL_INFORMATION]: device (frag)uniform_max items: 4096
[2025.02.24 15:36:03.124 ms]:[INFO]:[PSAG_LLRES]: graph static_object(graphics) create.
[2025.02.24 15:36:03.125 ms]:[INFO]:[PSAG_AUDIO_DATA]: LLRES static_object() create.
[2025.02.24 15:36:03.125 ms]:[INFO]:[PSAG_OGL_RES]: vao: storage key: 4
[2025.02.24 15:36:03.125 ms]:[INFO]:[PSAG_OGL_RES]: vbo: storage key: 6
[2025.02.24 15:36:03.125 ms]:[TRACE]:[PSAG_GL_DATASET]: dynamic vertex data manager_create.
[2025.02.24 15:36:03.125 ms]:[INFO]:[PSAG_OGL_RES]: vao: storage key: 8
[2025.02.24 15:36:03.125 ms]:[INFO]:[PSAG_OGL_RES]: vbo: storage key: 10
[2025.02.24 15:36:03.125 ms]:[INFO]:[PSAG_GL_DATASET]: ver_data(stc) upload gpu_data: 72 bytes
[2025.02.24 15:36:03.125 ms]:[INFO]:[PSAG_GL_DATASET]: ver_data(stc) item: alloc key: 12
[2025.02.24 15:36:03.125 ms]:[INFO]:[PSAG_GL_DATASET]: preset craete: rectangle.
[2025.02.24 15:36:03.126 ms]:[INFO]:[PSAG_GL_DATASET]: ver_data(stc) upload gpu_data: 2868 bytes
[2025.02.24 15:36:03.126 ms]:[INFO]:[PSAG_GL_DATASET]: ver_data(stc) item: alloc key: 14
[2025.02.24 15:36:03.126 ms]:[INFO]:[PSAG_GL_DATASET]: preset craete: circle.
[2025.02.24 15:36:03.126 ms]:[TRACE]:[PSAG_GL_DATASET]: static vertex data manager_create.
[2025.02.24 15:36:03.126 ms]:[TRACE]:[PSAG_OGL_RES]: tmu alloc u: 1
[2025.02.24 15:36:03.126 ms]:[TRACE]:[PSAG_OGL_RES]: tmu alloc u: 2
[2025.02.24 15:36:03.126 ms]:[TRACE]:[PSAG_OGL_RES]: tmu alloc u: 3
[2025.02.24 15:36:03.126 ms]:[TRACE]:[PSAG_OGL_RES]: tmu alloc u: 4
[2025.02.24 15:36:03.127 ms]:[INFO]:[PSAG_OGL_TEXTURE]: texture.2d(array) object create.
[2025.02.24 15:36:03.127 ms]:[INFO]:[PSAG_OGL_TEXTURE]: texture create, succ: size: 4096 x 4096, layers: 5.
[2025.02.24 15:36:03.127 ms]:[INFO]:[PSAG_OGL_TEXTURE]: texture.2d(array) object create.
[2025.02.24 15:36:03.127 ms]:[INFO]:[PSAG_OGL_TEXTURE]: texture create, succ: size: 2048 x 2048, layers: 10.
[2025.02.24 15:36:03.127 ms]:[INFO]:[PSAG_OGL_TEXTURE]: texture.2d(array) object create.
[2025.02.24 15:36:03.127 ms]:[INFO]:[PSAG_OGL_TEXTURE]: texture create, succ: size: 1024 x 1024, layers: 20.
[2025.02.24 15:36:03.127 ms]:[INFO]:[PSAG_OGL_TEXTURE]: texture.2d(array) object create.
[2025.02.24 15:36:03.127 ms]:[INFO]:[PSAG_OGL_TEXTURE]: texture create, succ: size: 512 x 512, layers: 25.
[2025.02.24 15:36:03.127 ms]:[INFO]:[PSAG_OGL_RES]: texture: storage key: 16
[2025.02.24 15:36:03.127 ms]:[INFO]:[PSAG_OGL_RES]: texture: storage key: 18
[2025.02.24 15:36:03.127 ms]:[INFO]:[PSAG_OGL_RES]: texture: storage key: 20
[2025.02.24 15:36:03.127 ms]:[INFO]:[PSAG_OGL_RES]: texture: storage key: 22
[2025.02.24 15:36:03.127 ms]:[TRACE]:[PSAG_GL_DATASET]: vir_create texture[8x] size: 4096 x 4096
[2025.02.24 15:36:03.127 ms]:[TRACE]:[PSAG_GL_DATASET]: vir_create texture[4x] size: 2048 x 2048
[2025.02.24 15:36:03.127 ms]:[TRACE]:[PSAG_GL_DATASET]: vir_create texture[2x] size: 1024 x 1024
[2025.02.24 15:36:03.127 ms]:[TRACE]:[PSAG_GL_DATASET]: vir_create texture[1x] size: 512 x 512
[2025.02.24 15:36:03.127 ms]:[INFO]:[PSAG_OGL_UNIFORM]: uniform_buffer.gen create.
[2025.02.24 15:36:03.127 ms]:[INFO]:[PSAG_OGL_RES]: ubo: storage key: 24
[2025.02.24 15:36:03.127 ms]:[INFO]:[PSAG_GL_MATRIX]: graphics_engine create matrix ubo.
[2025.02.24 15:36:04.253 ms]:[TRACE]:[PSAG_AUDIO]: audio(openal) global create device & context.
[2025.02.24 15:36:04.254 ms]:[INFO]:[PSAG_PHYSICS]: physics_world item: alloc key: DEFAULT_PHY_WORLD
[2025.02.24 15:36:04.254 ms]:[INFO]:[PSAG_OGL_SHADER]: vertex_shader source script num: 1
[2025.02.24 15:36:04.254 ms]:[INFO]:[PSAG_OGL_SHADER]: vertex compilation succeeded.
[2025.02.24 15:36:04.254 ms]:[INFO]:[PSAG_OGL_SHADER]: fragment_shader source script num: 2
[2025.02.24 15:36:04.254 ms]:[INFO]:[PSAG_OGL_SHADER]: fragment compilation succeeded.
[2025.02.24 15:36:04.254 ms]:[INFO]:[PSAG_OGL_SHADER]: shader_program link succeeded.
[2025.02.24 15:36:04.254 ms]:[INFO]:[PSAG_OGL_RES]: shader: storage key: 26
[2025.02.24 15:36:04.254 ms]:[INFO]:[PSAG_OGL_SHADER]: vertex_shader source script num: 1
[2025.02.24 15:36:04.254 ms]:[INFO]:[PSAG_OGL_SHADER]: vertex compilation succeeded.
[2025.02.24 15:36:04.255 ms]:[INFO]:[PSAG_OGL_SHADER]: fragment_shader source script num: 2
[2025.02.24 15:36:04.255 ms]:[INFO]:[PSAG_OGL_SHADER]: fragment compilation succeeded.
[2025.02.24 15:36:04.255 ms]:[INFO]:[PSAG_OGL_SHADER]: shader_program link succeeded.
[2025.02.24 15:36:04.255 ms]:[INFO]:[PSAG_OGL_RES]: shader: storage key: 28
[2025.02.24 15:36:04.255 ms]:[INFO]:[PSAG_OGL_SHADER]: vertex_shader source script num: 1
[2025.02.24 15:36:04.255 ms]:[INFO]:[PSAG_OGL_SHADER]: vertex compilation succeeded.
[2025.02.24 15:36:04.255 ms]:[INFO]:[PSAG_OGL_SHADER]: fragment_shader source script num: 3
[2025.02.24 15:36:04.255 ms]:[INFO]:[PSAG_OGL_SHADER]: fragment compilation succeeded.
[2025.02.24 15:36:04.255 ms]:[INFO]:[PSAG_OGL_SHADER]: shader_program link succeeded.
[2025.02.24 15:36:04.255 ms]:[INFO]:[PSAG_OGL_RES]: shader: storage key: 30
[2025.02.24 15:36:04.255 ms]:[INFO]:[PSAG_OGL_SHADER]: vertex_shader source script num: 1
[2025.02.24 15:36:04.255 ms]:[INFO]:[PSAG_OGL_SHADER]: vertex compilation succeeded.
[2025.02.24 15:36:04.255 ms]:[INFO]:[PSAG_OGL_SHADER]: fragment_shader source script num: 3
[2025.02.24 15:36:04.255 ms]:[INFO]:[PSAG_OGL_SHADER]: fragment compilation succeeded.
[2025.02.24 15:36:04.256 ms]:[INFO]:[PSAG_OGL_SHADER]: shader_program link succeeded.
[2025.02.24 15:36:04.256 ms]:[INFO]:[PSAG_OGL_RES]: shader: storage key: 32
[2025.02.24 15:36:04.256 ms]:[INFO]:[PSAG_OGL_SHADER]: vertex_shader source script num: 1
[2025.02.24 15:36:04.256 ms]:[INFO]:[PSAG_OGL_SHADER]: vertex compilation succeeded.
[2025.02.24 15:36:04.256 ms]:[INFO]:[PSAG_OGL_SHADER]: fragment_shader source script num: 3
[2025.02.24 15:36:04.256 ms]:[INFO]:[PSAG_OGL_SHADER]: fragment compilation succeeded.
[2025.02.24 15:36:04.256 ms]:[INFO]:[PSAG_OGL_SHADER]: shader_program link succeeded.
[2025.02.24 15:36:04.256 ms]:[INFO]:[PSAG_OGL_RES]: shader: storage key: 34
[2025.02.24 15:36:04.256 ms]:[INFO]:[PSAG_GL_DATASET]: ver_data(stc) upload gpu_data: 2940 bytes
[2025.02.24 15:36:04.256 ms]:[INFO]:[PSAG_GL_DATASET]: ver_data(stc) item: alloc key: 36
[2025.02.24 15:36:04.256 ms]:[INFO]:[PSAG_OGL_RENDER]: render_buffer object create.
[2025.02.24 15:36:04.256 ms]:[INFO]:[PSAG_OGL_RENDER]: render_buffer config depth.
[2025.02.24 15:36:04.256 ms]:[INFO]:[PSAG_OGL_RENDER]: alloc render_buffer 1680 x 945, size: 6.056 mib.
[2025.02.24 15:36:04.256 ms]:[INFO]:[PSAG_OGL_RES]: rbo: storage key: 38
[2025.02.24 15:36:04.256 ms]:[TRACE]:[PSAG_OGL_RES]: tmu alloc u: 5
[2025.02.24 15:36:04.256 ms]:[INFO]:[PSAG_OGL_TEXTURE]: texture.2d(array) object create.
[2025.02.24 15:36:04.256 ms]:[INFO]:[PSAG_OGL_TEXTURE]: texture create, succ: size: 1680 x 945, layers: 5.
[2025.02.24 15:36:04.256 ms]:[INFO]:[PSAG_OGL_RES]: texture: storage key: 40
[2025.02.24 15:36:04.256 ms]:[INFO]:[PSAG_OGL_FRAME]: frame_buffer object create.
[2025.02.24 15:36:04.259 ms]:[INFO]:[PSAG_OGL_RES]: fbo: storage key: 42
[2025.02.24 15:36:04.259 ms]:[INFO]:[PSAG_OGL_FRAME]: frame_buffer object create.
[2025.02.24 15:36:04.260 ms]:[INFO]:[PSAG_OGL_RES]: fbo: storage key: 44
[2025.02.24 15:36:04.260 ms]:[INFO]:[PSAG_OGL_FRAME]: frame_buffer object create.
[2025.02.24 15:36:04.260 ms]:[INFO]:[PSAG_OGL_RES]: fbo: storage key: 46
[2025.02.24 15:36:04.260 ms]:[INFO]:[PSAG_OGL_FRAME]: frame_buffer object create.
[2025.02.24 15:36:04.260 ms]:[INFO]:[PSAG_OGL_RES]: fbo: storage key: 48
[2025.02.24 15:36:04.260 ms]:[INFO]:[PSAG_OGL_FRAME]: frame_buffer object create.
[2025.02.24 15:36:04.260 ms]:[INFO]:[PSAG_OGL_RES]: fbo: storage key: 50
[2025.02.24 15:36:04.260 ms]:[INFO]:[PSAG_GL_POST]: graphics_engine create final_shader(system).
[2025.02.24 15:36:04.260 ms]:[INFO]:[PSAG_IMGUI]: imgui_read: fonts file: PSAGameSystemFiles/JetBrainsMonoBold.ttf
[2025.02.24 15:36:04.261 ms]:[INFO]:[PSAG_IMGUI]: imgui_init: imgui_opengl3 context.
[2025.02.24 15:36:04.261 ms]:[TRACE]:[PSAG_M_CORE]: registration ref_object name: ZPGameScene
[2025.02.24 15:36:04.261 ms]:[TRACE]:[PSAG_M_CORE]: registration ref_object name: ZPGamePActor
[2025.02.24 15:36:04.261 ms]:[TRACE]:[PSAG_M_CORE]: registration ref_object name: ZPGameBullet
[2025.02.24 15:36:04.261 ms]:[TRACE]:[PSAG_M_CORE]: registration ref_object name: ZPGameGui
[2025.02.24 15:36:04.261 ms]:[INFO]:[PSAG_PHYSICS]: physics_world item: alloc key: ZPGamePhysics
[2025.02.24 15:36:04.261 ms]:[INFO]:[PSAG_FILESYS_LOAD]: load(src) read_file: PSAGameFrameworkDev/GameZeroProject/GameMaterial/zpgame_wall_h.png read_size: 22012
[2025.02.24 15:36:04.261 ms]:[INFO]:[PSAG_FILESYS_LOAD]: load(src) read_file: PSAGameFrameworkDev/GameZeroProject/GameMaterial/zpgame_wall_v.png read_size: 44017
[2025.02.24 15:36:04.261 ms]:[INFO]:[PSAG_ACTOR_CORE]: game_actor shader create: 1680 x 945
[2025.02.24 15:36:04.261 ms]:[INFO]:[PSAG_ACTOR_CORE]: game_actor shader create: 1680 x 945
[2025.02.24 15:36:04.272 ms]:[INFO]:[PSAG_OGL_IMG]: success decode image: size: 4096 x 208, color_channel: 4
[2025.02.24 15:36:04.273 ms]:[INFO]:[PSAG_GL_DATASET]: layers_manager alloc_count: 0
[2025.02.24 15:36:04.313 ms]:[INFO]:[PSAG_GL_DATASET]: vir_texture: src: 4096 x 208, fmt_fill: 4096 x 4096
[2025.02.24 15:36:04.342 ms]:[INFO]:[PSAG_GL_DATASET]: vir_texture item: alloc key: 52, cropping: 1.00 x 0.05, res: 1x/1
[2025.02.24 15:36:04.349 ms]:[INFO]:[PSAG_ACTOR_CORE]: game_actor shader texture add, name: WallH
[2025.02.24 15:36:04.349 ms]:[INFO]:[PSAG_ACTOR_CORE]: game_actor shader create: 1680 x 945
[2025.02.24 15:36:04.360 ms]:[INFO]:[PSAG_OGL_IMG]: success decode image: size: 208 x 4096, color_channel: 4
[2025.02.24 15:36:04.361 ms]:[INFO]:[PSAG_GL_DATASET]: layers_manager alloc_count: 1
[2025.02.24 15:36:04.403 ms]:[INFO]:[PSAG_GL_DATASET]: vir_texture: src: 208 x 4096, fmt_fill: 4096 x 4096
[2025.02.24 15:36:04.431 ms]:[INFO]:[PSAG_GL_DATASET]: vir_texture item: alloc key: 54, cropping: 0.05 x 1.00, res: 1x/1
[2025.02.24 15:36:04.437 ms]:[INFO]:[PSAG_ACTOR_CORE]: game_actor shader texture add, name: WallV
[2025.02.24 15:36:04.438 ms]:[INFO]:[PSAG_ACTOR_CORE]: game_actor shader load textures: 0
[2025.02.24 15:36:04.438 ms]:[INFO]:[PSAG_OGL_SHADER]: vertex_shader source script num: 1
[2025.02.24 15:36:04.438 ms]:[INFO]:[PSAG_OGL_SHADER]: vertex compilation succeeded.
[2025.02.24 15:36:04.438 ms]:[INFO]:[PSAG_OGL_SHADER]: fragment_shader source script num: 2
[2025.02.24 15:36:04.438 ms]:[INFO]:[PSAG_OGL_SHADER]: fragment compilation succeeded.
[2025.02.24 15:36:04.439 ms]:[INFO]:[PSAG_OGL_SHADER]: shader_program link succeeded.
[2025.02.24 15:36:04.439 ms]:[INFO]:[PSAG_OGL_RES]: shader: storage key: 56
[2025.02.24 15:36:04.439 ms]:[INFO]:[PSAG_ACTOR_CORE]: game_actor shader default_res create.
[2025.02.24 15:36:04.439 ms]:[INFO]:[PSAG_ACTOR_CORE]: game_actor shader load textures: 1
[2025.02.24 15:36:04.439 ms]:[INFO]:[PSAG_OGL_SHADER]: vertex_shader source script num: 1
[2025.02.24 15:36:04.439 ms]:[INFO]:[PSAG_OGL_SHADER]: vertex compilation succeeded.
[2025.02.24 15:36:04.439 ms]:[INFO]:[PSAG_OGL_SHADER]: fragment_shader source script num: 3
[2025.02.24 15:36:04.439 ms]:[INFO]:[PSAG_OGL_SHADER]: fragment compilation succeeded.
[2025.02.24 15:36:04.439 ms]:[INFO]:[PSAG_OGL_SHADER]: shader_program link succeeded.
[2025.02.24 15:36:04.439 ms]:[INFO]:[PSAG_OGL_RES]: shader: storage key: 60
[2025.02.24 15:36:04.439 ms]:[INFO]:[PSAG_ACTOR_CORE]: game_actor shader default_res create.
[2025.02.24 15:36:04.439 ms]:[INFO]:[PSAG_ACTOR_CORE]: game_actor shader load textures: 1
[2025.02.24 15:36:04.439 ms]:[INFO]:[PSAG_OGL_SHADER]: vertex_shader source script num: 1
[2025.02.24 15:36:04.439 ms]:[INFO]:[PSAG_OGL_SHADER]: vertex compilation succeeded.
[2025.02.24 15:36:04.439 ms]:[INFO]:[PSAG_OGL_SHADER]: fragment_shader source script num: 3
[2025.02.24 15:36:04.439 ms]:[INFO]:[PSAG_OGL_SHADER]: fragment compilation succeeded.
[2025.02.24 15:36:04.439 ms]:[INFO]:[PSAG_OGL_SHADER]: shader_program link succeeded.
[2025.02.24 15:36:04.439 ms]:[INFO]:[PSAG_OGL_RES]: shader: storage key: 64
[2025.02.24 15:36:04.439 ms]:[INFO]:[PSAG_ACTOR_CORE]: game_actor shader default_res create.
[2025.02.24 15:36:04.439 ms]:[INFO]:[PSAG_ENVMT_CORE]: game_envmt get textures: 1
[2025.02.24 15:36:04.440 ms]:[INFO]:[PSAG_ENVMT_CORE]: game_envmt render_comp init.
[2025.02.24 15:36:04.440 ms]:[INFO]:[PSAG_PHYSICS]: phy_world => body_data, name: ZPGamePhysics
[2025.02.24 15:36:04.440 ms]:[INFO]:[PSAG_PHYSICS]: body_data(static) item: alloc key: 2110163967408
[2025.02.24 15:36:04.440 ms]:[INFO]:[PSAG_ENVMT_CORE]: game_envmt item create: 68
[2025.02.24 15:36:04.440 ms]:[INFO]:[PSAG_ENVMT_CORE]: game_envmt get textures: 1
[2025.02.24 15:36:04.440 ms]:[INFO]:[PSAG_ENVMT_CORE]: game_envmt render_comp init.
[2025.02.24 15:36:04.440 ms]:[INFO]:[PSAG_PHYSICS]: phy_world => body_data, name: ZPGamePhysics
[2025.02.24 15:36:04.440 ms]:[INFO]:[PSAG_PHYSICS]: body_data(static) item: alloc key: 2110163964048
[2025.02.24 15:36:04.440 ms]:[INFO]:[PSAG_ENVMT_CORE]: game_envmt item create: 70
[2025.02.24 15:36:04.440 ms]:[INFO]:[PSAG_ENVMT_CORE]: game_envmt get textures: 1
[2025.02.24 15:36:04.440 ms]:[INFO]:[PSAG_ENVMT_CORE]: game_envmt render_comp init.
[2025.02.24 15:36:04.440 ms]:[INFO]:[PSAG_PHYSICS]: phy_world => body_data, name: ZPGamePhysics
[2025.02.24 15:36:04.440 ms]:[INFO]:[PSAG_PHYSICS]: body_data(static) item: alloc key: 2110163961360
[2025.02.24 15:36:04.440 ms]:[INFO]:[PSAG_ENVMT_CORE]: game_envmt item create: 72
[2025.02.24 15:36:04.440 ms]:[INFO]:[PSAG_ENVMT_CORE]: game_envmt get textures: 1
[2025.02.24 15:36:04.440 ms]:[INFO]:[PSAG_ENVMT_CORE]: game_envmt render_comp init.
[2025.02.24 15:36:04.440 ms]:[INFO]:[PSAG_PHYSICS]: phy_world => body_data, name: ZPGamePhysics
[2025.02.24 15:36:04.440 ms]:[INFO]:[PSAG_PHYSICS]: body_data(static) item: alloc key: 2110163968304
[2025.02.24 15:36:04.440 ms]:[INFO]:[PSAG_ENVMT_CORE]: game_envmt item create: 74
[2025.02.24 15:36:04.440 ms]:[INFO]:[PSAG_ENVMT_CORE]: game_envmt render_comp init.
[2025.02.24 15:36:04.440 ms]:[INFO]:[PSAG_PHYSICS]: phy_world => body_data, name: ZPGamePhysics
[2025.02.24 15:36:04.440 ms]:[INFO]:[PSAG_PHYSICS]: body_data(static) item: alloc key: 2110163966512
[2025.02.24 15:36:04.440 ms]:[INFO]:[PSAG_ENVMT_CORE]: game_envmt item create: 76
[2025.02.24 15:36:04.440 ms]:[INFO]:[PSAG_ACTOR_CORE]: AType: register key: ActorPAWN
[2025.02.24 15:36:04.440 ms]:[INFO]:[PSAG_ACTOR_CORE]: AType: register key: ActorNPC
[2025.02.24 15:36:04.441 ms]:[INFO]:[PSAG_FILESYS_LOAD]: load(src) read_file: PSAGameFrameworkDev/GameZeroProject/GameMaterial/zpgame_ppactor_nor.png read_size: 405375
[2025.02.24 15:36:04.441 ms]:[INFO]:[PSAG_ACTOR_CORE]: game_actor shader create: 1680 x 945
[2025.02.24 15:36:04.463 ms]:[INFO]:[PSAG_OGL_IMG]: success decode image: size: 1024 x 1024, color_channel: 4
[2025.02.24 15:36:04.464 ms]:[INFO]:[PSAG_GL_DATASET]: layers_manager alloc_count: 0
[2025.02.24 15:36:04.464 ms]:[INFO]:[PSAG_GL_DATASET]: vir_texture: src: 1024 x 1024, fmt_fill: 1024 x 1024
[2025.02.24 15:36:04.467 ms]:[INFO]:[PSAG_GL_DATASET]: vir_texture item: alloc key: 78, cropping: 1.00 x 1.00, res: 4x/1
[2025.02.24 15:36:04.467 ms]:[INFO]:[PSAG_ACTOR_CORE]: game_actor shader texture add, name: PPActor
[2025.02.24 15:36:04.467 ms]:[INFO]:[PSAG_FILESYS_LOAD]: load(src) read_file: PSAGameFrameworkDev/GameZeroProject/GameMaterial/zpgame_npc_a.png read_size: 177392
[2025.02.24 15:36:04.468 ms]:[INFO]:[PSAG_ACTOR_CORE]: game_actor shader create: 1680 x 945
[2025.02.24 15:36:04.489 ms]:[INFO]:[PSAG_OGL_IMG]: success decode image: size: 1024 x 1024, color_channel: 4
[2025.02.24 15:36:04.490 ms]:[INFO]:[PSAG_GL_DATASET]: layers_manager alloc_count: 1
[2025.02.24 15:36:04.490 ms]:[INFO]:[PSAG_GL_DATASET]: vir_texture: src: 1024 x 1024, fmt_fill: 1024 x 1024
[2025.02.24 15:36:04.492 ms]:[INFO]:[PSAG_GL_DATASET]: vir_texture item: alloc key: 80, cropping: 1.00 x 1.00, res: 4x/1
[2025.02.24 15:36:04.492 ms]:[INFO]:[PSAG_ACTOR_CORE]: game_actor shader texture add, name: NPActor
[2025.02.24 15:36:04.493 ms]:[INFO]:[PSAG_ACTOR_CORE]: game_actor shader load textures: 1
[2025.02.24 15:36:04.493 ms]:[INFO]:[PSAG_OGL_SHADER]: vertex_shader source script num: 1
[2025.02.24 15:36:04.493 ms]:[INFO]:[PSAG_OGL_SHADER]: vertex compilation succeeded.
[2025.02.24 15:36:04.493 ms]:[INFO]:[PSAG_OGL_SHADER]: fragment_shader source script num: 3
[2025.02.24 15:36:04.493 ms]:[INFO]:[PSAG_OGL_SHADER]: fragment compilation succeeded.
[2025.02.24 15:36:04.494 ms]:[INFO]:[PSAG_OGL_SHADER]: shader_program link succeeded.
[2025.02.24 15:36:04.494 ms]:[INFO]:[PSAG_OGL_RES]: shader: storage key: 82
[2025.02.24 15:36:04.494 ms]:[INFO]:[PSAG_ACTOR_CORE]: game_actor shader default_res create.
[2025.02.24 15:36:04.494 ms]:[INFO]:[PSAG_ACTOR_CORE]: game_actor shader load textures: 1
[2025.02.24 15:36:04.494 ms]:[INFO]:[PSAG_OGL_SHADER]: vertex_shader source script num: 1
[2025.02.24 15:36:04.494 ms]:[INFO]:[PSAG_OGL_SHADER]: vertex compilation succeeded.
[2025.02.24 15:36:04.494 ms]:[INFO]:[PSAG_OGL_SHADER]: fragment_shader source script num: 3
[2025.02.24 15:36:04.494 ms]:[INFO]:[PSAG_OGL_SHADER]: fragment compilation succeeded.
[2025.02.24 15:36:04.494 ms]:[INFO]:[PSAG_OGL_SHADER]: shader_program link succeeded.
[2025.02.24 15:36:04.494 ms]:[INFO]:[PSAG_OGL_RES]: shader: storage key: 86
[2025.02.24 15:36:04.494 ms]:[INFO]:[PSAG_ACTOR_CORE]: game_actor shader default_res create.
[2025.02.24 15:36:04.494 ms]:[INFO]:[PSAG_ACTOR_CORE]: game_actor get textures: 1
[2025.02.24 15:36:04.494 ms]:[INFO]:[PSAG_ACTOR_CORE]: game_actor render_comp init.
[2025.02.24 15:36:04.494 ms]:[INFO]:[PSAG_PHYSICS]: phy_world => body_data, name: ZPGamePhysics
[2025.02.24 15:36:04.494 ms]:[INFO]:[PSAG_PHYSICS]: body_data(dynamic) item: alloc key: 2110168228752
[2025.02.24 15:36:04.494 ms]:[INFO]:[PSAG_ACTOR_CORE]: game_actor entity create: 90
[2025.02.24 15:36:04.494 ms]:[INFO]:[PSAG_TOOL_NOTFIY]: station register n: PPActor, ptr 4a00b800
[2025.02.24 15:36:04.495 ms]:[INFO]:[PSAG_ACTOR_CORE]: game_actor get textures: 1
[2025.02.24 15:36:04.495 ms]:[INFO]:[PSAG_ACTOR_CORE]: game_actor render_comp init.
[2025.02.24 15:36:04.495 ms]:[INFO]:[PSAG_PHYSICS]: phy_world => body_data, name: ZPGamePhysics
[2025.02.24 15:36:04.495 ms]:[INFO]:[PSAG_PHYSICS]: body_data(dynamic) item: alloc key: 2110168225056
[2025.02.24 15:36:04.495 ms]:[INFO]:[PSAG_ACTOR_CORE]: game_actor entity create: 92
[2025.02.24 15:36:04.495 ms]:[INFO]:[PSAG_ACTOR_CORE]: game_actor get textures: 1
[2025.02.24 15:36:04.495 ms]:[INFO]:[PSAG_ACTOR_CORE]: game_actor render_comp init.
[2025.02.24 15:36:04.495 ms]:[INFO]:[PSAG_PHYSICS]: phy_world => body_data, name: ZPGamePhysics
[2025.02.24 15:36:04.495 ms]:[INFO]:[PSAG_PHYSICS]: body_data(dynamic) item: alloc key: 2110168225728
[2025.02.24 15:36:04.495 ms]:[INFO]:[PSAG_ACTOR_CORE]: game_actor entity create: 94
[2025.02.24 15:36:04.495 ms]:[INFO]:[PSAG_ACTOR_CORE]: game_actor get textures: 1
[2025.02.24 15:36:04.495 ms]:[INFO]:[PSAG_ACTOR_CORE]: game_actor render_comp init.
[2025.02.24 15:36:04.495 ms]:[INFO]:[PSAG_PHYSICS]: phy_world => body_data, name: ZPGamePhysics
[2025.02.24 15:36:04.495 ms]:[INFO]:[PSAG_PHYSICS]: body_data(dynamic) item: alloc key: 2110168229424
[2025.02.24 15:36:04.495 ms]:[INFO]:[PSAG_ACTOR_CORE]: game_actor entity create: 96
[2025.02.24 15:36:04.495 ms]:[INFO]:[PSAG_ACTOR_CORE]: game_actor get textures: 1
[2025.02.24 15:36:04.495 ms]:[INFO]:[PSAG_ACTOR_CORE]: game_actor render_comp init.
[2025.02.24 15:36:04.495 ms]:[INFO]:[PSAG_PHYSICS]: phy_world => body_data, name: ZPGamePhysics
[2025.02.24 15:36:04.495 ms]:[INFO]:[PSAG_PHYSICS]: body_data(dynamic) item: alloc key: 2110168230096
[2025.02.24 15:36:04.495 ms]:[INFO]:[PSAG_ACTOR_CORE]: game_actor entity create: 98
[2025.02.24 15:36:04.495 ms]:[INFO]:[PSAG_ACTOR_CORE]: game_actor get textures: 1
[2025.02.24 15:36:04.495 ms]:[INFO]:[PSAG_ACTOR_CORE]: game_actor render_comp init.
[2025.02.24 15:36:04.495 ms]:[INFO]:[PSAG_PHYSICS]: phy_world => body_data, name: ZPGamePhysics
[2025.02.24 15:36:04.495 ms]:[INFO]:[PSAG_PHYSICS]: body_data(dynamic) item: alloc key: 2110168230432
[2025.02.24 15:36:04.495 ms]:[INFO]:[PSAG_ACTOR_CORE]: game_actor entity create: 100
[2025.02.24 15:36:04.495 ms]:[INFO]:[PSAG_ACTOR_CORE]: game_actor get textures: 1
[2025.02.24 15:36:04.495 ms]:[INFO]:[PSAG_ACTOR_CORE]: game_actor render_comp init.
[2025.02.24 15:36:04.495 ms]:[INFO]:[PSAG_PHYSICS]: phy_world => body_data, name: ZPGamePhysics
[2025.02.24 15:36:04.495 ms]:[INFO]:[PSAG_PHYSICS]: body_data(dynamic) item: alloc key: 2110168224384
[2025.02.24 15:36:04.495 ms]:[INFO]:[PSAG_ACTOR_CORE]: game_actor entity create: 102
[2025.02.24 15:36:04.495 ms]:[INFO]:[PSAG_ACTOR_CORE]: game_actor get textures: 1
[2025.02.24 15:36:04.495 ms]:[INFO]:[PSAG_ACTOR_CORE]: game_actor render_comp init.
[2025.02.24 15:36:04.495 ms]:[INFO]:[PSAG_PHYSICS]: phy_world => body_data, name: ZPGamePhysics
[2025.02.24 15:36:04.495 ms]:[INFO]:[PSAG_PHYSICS]: body_data(dynamic) item: alloc key: 2110168230768
[2025.02.24 15:36:04.495 ms]:[INFO]:[PSAG_ACTOR_CORE]: game_actor entity create: 104
[2025.02.24 15:36:04.496 ms]:[INFO]:[PSAG_ACTOR_CORE]: game_actor get textures: 1
[2025.02.24 15:36:04.496 ms]:[INFO]:[PSAG_ACTOR_CORE]: game_actor render_comp init.
[2025.02.24 15:36:04.496 ms]:[INFO]:[PSAG_PHYSICS]: phy_world => body_data, name: ZPGamePhysics
[2025.02.24 15:36:04.496 ms]:[INFO]:[PSAG_PHYSICS]: body_data(dynamic) item: alloc key: 2110168224720
[2025.02.24 15:36:04.496 ms]:[INFO]:[PSAG_ACTOR_CORE]: game_actor entity create: 106
[2025.02.24 15:36:04.496 ms]:[INFO]:[PSAG_ACTOR_CORE]: game_actor get textures: 1
[2025.02.24 15:36:04.496 ms]:[INFO]:[PSAG_ACTOR_CORE]: game_actor render_comp init.
[2025.02.24 15:36:04.496 ms]:[INFO]:[PSAG_PHYSICS]: phy_world => body_data, name: ZPGamePhysics
[2025.02.24 15:36:04.496 ms]:[INFO]:[PSAG_PHYSICS]: body_data(dynamic) item: alloc key: 2110168226064
[2025.02.24 15:36:04.496 ms]:[INFO]:[PSAG_ACTOR_CORE]: game_actor entity create: 108
[2025.02.24 15:36:04.496 ms]:[INFO]:[PSAG_ACTOR_CORE]: game_actor get textures: 1
[2025.02.24 15:36:04.496 ms]:[INFO]:[PSAG_ACTOR_CORE]: game_actor render_comp init.
[2025.02.24 15:36:04.496 ms]:[INFO]:[PSAG_PHYSICS]: phy_world => body_data, name: ZPGamePhysics
[2025.02.24 15:36:04.496 ms]:[INFO]:[PSAG_PHYSICS]: body_data(dynamic) item: alloc key: 2110168226400
[2025.02.24 15:36:04.496 ms]:[INFO]:[PSAG_ACTOR_CORE]: game_actor entity create: 110
[2025.02.24 15:36:04.496 ms]:[INFO]:[PSAG_ACTOR_CORE]: AType: register key: ActorBULLET
[2025.02.24 15:36:04.496 ms]:[INFO]:[PSAG_FILESYS_LOAD]: load(src) read_file: PSAGameFrameworkDev/GameZeroProject/GameMaterial/zpgame_bullet.png read_size: 54094
[2025.02.24 15:36:04.496 ms]:[INFO]:[PSAG_ACTOR_CORE]: game_actor shader create: 1680 x 945
[2025.02.24 15:36:04.523 ms]:[INFO]:[PSAG_OGL_IMG]: success decode image: size: 1024 x 2048, color_channel: 4
[2025.02.24 15:36:04.525 ms]:[INFO]:[PSAG_GL_DATASET]: layers_manager alloc_count: 0
[2025.02.24 15:36:04.596 ms]:[INFO]:[PSAG_GL_DATASET]: vir_texture: src: 1024 x 2048, fmt_fill: 2048 x 2048
[2025.02.24 15:36:04.604 ms]:[INFO]:[PSAG_GL_DATASET]: vir_texture item: alloc key: 112, cropping: 0.50 x 1.00, res: 2x/1
[2025.02.24 15:36:04.605 ms]:[INFO]:[PSAG_ACTOR_CORE]: game_actor shader texture add, name: Bullet
[2025.02.24 15:36:04.607 ms]:[INFO]:[PSAG_ACTOR_CORE]: game_actor shader load textures: 1
[2025.02.24 15:36:04.607 ms]:[INFO]:[PSAG_OGL_SHADER]: vertex_shader source script num: 1
[2025.02.24 15:36:04.607 ms]:[INFO]:[PSAG_OGL_SHADER]: vertex compilation succeeded.
[2025.02.24 15:36:04.607 ms]:[INFO]:[PSAG_OGL_SHADER]: fragment_shader source script num: 3
[2025.02.24 15:36:04.607 ms]:[INFO]:[PSAG_OGL_SHADER]: fragment compilation succeeded.
[2025.02.24 15:36:04.607 ms]:[INFO]:[PSAG_OGL_SHADER]: shader_program link succeeded.
[2025.02.24 15:36:04.607 ms]:[INFO]:[PSAG_OGL_RES]: shader: storage key: 114
[2025.02.24 15:36:04.607 ms]:[INFO]:[PSAG_ACTOR_CORE]: game_actor shader default_res create.
[2025.02.24 15:36:04.607 ms]:[INFO]:[PSAG_FILESYS_LOAD]: load(src) read_file: PSAGameFrameworkDev/GameZeroProject/GameMaterial/zpgame_particle_a.png read_size: 21686
[2025.02.24 15:36:04.615 ms]:[INFO]:[PSAG_OGL_IMG]: success decode image: size: 512 x 512, color_channel: 4
[2025.02.24 15:36:04.615 ms]:[INFO]:[PSAG_GL_PARTICLE]: particle system proc thread init.
[2025.02.24 15:36:04.615 ms]:[INFO]:[PSAG_OGL_SHADER]: vertex_shader source script num: 1
[2025.02.24 15:36:04.615 ms]:[INFO]:[PSAG_OGL_SHADER]: vertex compilation succeeded.
[2025.02.24 15:36:04.615 ms]:[INFO]:[PSAG_OGL_SHADER]: fragment_shader source script num: 3
[2025.02.24 15:36:04.615 ms]:[INFO]:[PSAG_OGL_SHADER]: fragment compilation succeeded.
[2025.02.24 15:36:04.615 ms]:[INFO]:[PSAG_OGL_SHADER]: shader_program link succeeded.
[2025.02.24 15:36:04.616 ms]:[INFO]:[PSAG_OGL_RES]: shader: storage key: 118
[2025.02.24 15:36:04.616 ms]:[INFO]:[PSAG_GL_DATASET]: ver_data(dy) item: alloc key: 120
[2025.02.24 15:36:04.616 ms]:[INFO]:[PSAG_GL_DATASET]: layers_manager alloc_count: 0
[2025.02.24 15:36:04.616 ms]:[INFO]:[PSAG_GL_DATASET]: vir_texture: src: 512 x 512, fmt_fill: 512 x 512
[2025.02.24 15:36:04.616 ms]:[INFO]:[PSAG_GL_DATASET]: vir_texture item: alloc key: 122, cropping: 1.00 x 1.00, res: 8x/1
[2025.02.24 15:36:04.617 ms]:[INFO]:[PSAG_GL_PARTICLE]: particle system init.
[2025.02.24 15:36:04.617 ms]:[INFO]:[PSAG_GL_PARTICLE]: particle system render_size: 1680 x 945
[2025.02.24 15:36:04.617 ms]:[INFO]:[PSAG_MANAGER_FX]: manager fx_particle init.
[2025.02.24 15:36:04.617 ms]:[INFO]:[PSAG_TOOL_NOTFIY]: station register n: PPActorBullet, ptr 4a00b800
[2025.02.24 15:36:04.617 ms]:[INFO]:[PSAG_FILESYS_LOAD]: load(src) read_file: PSAGameFrameworkDev/GameZeroProject/GameMaterial/zpgame_gui/zpgame_gui_b0.png read_size: 10743
[2025.02.24 15:36:04.622 ms]:[INFO]:[PSAG_OGL_IMG]: success decode image: size: 1024 x 278, color_channel: 4
[2025.02.24 15:36:04.623 ms]:[INFO]:[PSAG_OGL_TEXTURE]: texture.2d(view) object create.
[2025.02.24 15:36:04.624 ms]:[INFO]:[PSAG_OGL_TEXTURE]: texture_view create, succ: size: 1024 x 278
[2025.02.24 15:36:04.624 ms]:[INFO]:[PSAG_GL_PVFX]: psag_fx image_view system, create: 1024 x 278
[2025.02.24 15:36:04.624 ms]:[INFO]:[PSAG_FILESYS_LOAD]: load(src) read_file: PSAGameFrameworkDev/GameZeroProject/GameMaterial/zpgame_gui/zpgame_gui_b1.png read_size: 22199
[2025.02.24 15:36:04.630 ms]:[INFO]:[PSAG_OGL_IMG]: success decode image: size: 1024 x 278, color_channel: 4
[2025.02.24 15:36:04.633 ms]:[INFO]:[PSAG_OGL_TEXTURE]: texture.2d(view) object create.
[2025.02.24 15:36:04.634 ms]:[INFO]:[PSAG_OGL_TEXTURE]: texture_view create, succ: size: 1024 x 278
[2025.02.24 15:36:04.634 ms]:[INFO]:[PSAG_GL_PVFX]: psag_fx image_view system, create: 1024 x 278
[2025.02.24 15:36:04.635 ms]:[INFO]:[PSAG_FILESYS_LOAD]: load(src) read_file: PSAGameFrameworkDev/GameZeroProject/GameMaterial/zpgame_gui/zpgame_gui_b2.png read_size: 22716
[2025.02.24 15:36:04.641 ms]:[INFO]:[PSAG_OGL_IMG]: success decode image: size: 1024 x 278, color_channel: 4
[2025.02.24 15:36:04.643 ms]:[INFO]:[PSAG_OGL_TEXTURE]: texture.2d(view) object create.
[2025.02.24 15:36:04.643 ms]:[INFO]:[PSAG_OGL_TEXTURE]: texture_view create, succ: size: 1024 x 278
[2025.02.24 15:36:04.643 ms]:[INFO]:[PSAG_GL_PVFX]: psag_fx image_view system, create: 1024 x 278
[2025.02.24 15:36:04.643 ms]:[INFO]:[PSAG_FILESYS_LOAD]: load(src) read_file: PSAGameFrameworkDev/GameZeroProject/GameMaterial/zpgame_gui/zpgame_gui_b3.png read_size: 23026
[2025.02.24 15:36:04.649 ms]:[INFO]:[PSAG_OGL_IMG]: success decode image: size: 1024 x 278, color_channel: 4
[2025.02.24 15:36:04.651 ms]:[INFO]:[PSAG_OGL_TEXTURE]: texture.2d(view) object create.
[2025.02.24 15:36:04.652 ms]:[INFO]:[PSAG_OGL_TEXTURE]: texture_view create, succ: size: 1024 x 278
[2025.02.24 15:36:04.652 ms]:[INFO]:[PSAG_GL_PVFX]: psag_fx image_view system, create: 1024 x 278
[2025.02.24 15:36:04.652 ms]:[INFO]:[PSAG_FILESYS_LOAD]: load(src) read_file: PSAGameFrameworkDev/GameZeroProject/GameMaterial/zpgame_gui/zpgame_gui_b4.png read_size: 23655
[2025.02.24 15:36:04.658 ms]:[INFO]:[PSAG_OGL_IMG]: success decode image: size: 1024 x 278, color_channel: 4
[2025.02.24 15:36:04.660 ms]:[INFO]:[PSAG_OGL_TEXTURE]: texture.2d(view) object create.
[2025.02.24 15:36:04.661 ms]:[INFO]:[PSAG_OGL_TEXTURE]: texture_view create, succ: size: 1024 x 278
[2025.02.24 15:36:04.661 ms]:[INFO]:[PSAG_GL_PVFX]: psag_fx image_view system, create: 1024 x 278
[2025.02.24 15:36:04.661 ms]:[INFO]:[PSAG_FILESYS_LOAD]: load(src) read_file: PSAGameFrameworkDev/GameZeroProject/GameMaterial/zpgame_gui/zpgame_gui_b5.png read_size: 23922
[2025.02.24 15:36:04.667 ms]:[INFO]:[PSAG_OGL_IMG]: success decode image: size: 1024 x 278, color_channel: 4
[2025.02.24 15:36:04.669 ms]:[INFO]:[PSAG_OGL_TEXTURE]: texture.2d(view) object create.
[2025.02.24 15:36:04.669 ms]:[INFO]:[PSAG_OGL_TEXTURE]: texture_view create, succ: size: 1024 x 278
[2025.02.24 15:36:04.669 ms]:[INFO]:[PSAG_GL_PVFX]: psag_fx image_view system, create: 1024 x 278
[2025.02.24 15:36:04.669 ms]:[INFO]:[PSAG_M_START_ANIM]: create start_anim player.
[2025.02.24 15:36:04.669 ms]:[TRACE]:[PSAG_M_CORE]: pomelo_star game2d version: 12.20250127
[2025.02.24 15:36:04.690 ms]:[INFO]:[PSAG_M_START_ANIM]: start_anim playback complete, time(s): 0.000
[2025.02.24 15:36:04.690 ms]:[INFO]:[PSAG_M_START_ANIM]: free textures resource.
[2025.02.24 15:36:10.374 ms]:[INFO]:[PSAG_TOOL_NOTFIY]: station receive pair: PPActor/PPActorBullet, data_size: 12 bytes
[2025.02.24 15:36:10.374 ms]:[INFO]:[PSAG_ACTOR_CORE]: game_actor get textures: 1
[2025.02.24 15:36:10.374 ms]:[INFO]:[PSAG_ACTOR_CORE]: game_actor render_comp init.
[2025.02.24 15:36:10.375 ms]:[INFO]:[PSAG_PHYSICS]: phy_world => body_data, name: ZPGamePhysics
[2025.02.24 15:36:10.375 ms]:[INFO]:[PSAG_PHYSICS]: body_data(dynamic) item: alloc key: 2110171054960
[2025.02.24 15:36:10.375 ms]:[INFO]:[PSAG_ACTOR_CORE]: game_actor entity create: 124
[2025.02.24 15:36:12.032 ms]:[INFO]:[PSAG_TOOL_NOTFIY]: station receive pair: PPActor/PPActorBullet, data_size: 12 bytes
[2025.02.24 15:36:12.033 ms]:[INFO]:[PSAG_ACTOR_CORE]: game_actor get textures: 1
[2025.02.24 15:36:12.033 ms]:[INFO]:[PSAG_ACTOR_CORE]: game_actor render_comp init.
[2025.02.24 15:36:12.033 ms]:[INFO]:[PSAG_PHYSICS]: phy_world => body_data, name: ZPGamePhysics
[2025.02.24 15:36:12.033 ms]:[INFO]:[PSAG_PHYSICS]: body_data(dynamic) item: alloc key: 2110171055632
[2025.02.24 15:36:12.033 ms]:[INFO]:[PSAG_ACTOR_CORE]: game_actor entity create: 126
[2025.02.24 15:36:12.478 ms]:[INFO]:[PSAG_TOOL_NOTFIY]: station receive pair: PPActor/PPActorBullet, data_size: 12 bytes
[2025.02.24 15:36:12.478 ms]:[INFO]:[PSAG_ACTOR_CORE]: game_actor get textures: 1
[2025.02.24 15:36:12.478 ms]:[INFO]:[PSAG_ACTOR_CORE]: game_actor render_comp init.
[2025.02.24 15:36:12.478 ms]:[INFO]:[PSAG_PHYSICS]: phy_world => body_data, name: ZPGamePhysics
[2025.02.24 15:36:12.478 ms]:[INFO]:[PSAG_PHYSICS]: body_data(dynamic) item: alloc key: 2110171049920
[2025.02.24 15:36:12.478 ms]:[INFO]:[PSAG_ACTOR_CORE]: game_actor entity create: 128
[2025.02.24 15:36:12.710 ms]:[INFO]:[PSAG_TOOL_NOTFIY]: station receive pair: PPActor/PPActorBullet, data_size: 12 bytes
[2025.02.24 15:36:12.710 ms]:[INFO]:[PSAG_ACTOR_CORE]: game_actor get textures: 1
[2025.02.24 15:36:12.710 ms]:[INFO]:[PSAG_ACTOR_CORE]: game_actor render_comp init.
[2025.02.24 15:36:12.710 ms]:[INFO]:[PSAG_PHYSICS]: phy_world => body_data, name: ZPGamePhysics
[2025.02.24 15:36:12.710 ms]:[INFO]:[PSAG_PHYSICS]: body_data(dynamic) item: alloc key: 2110171052608
[2025.02.24 15:36:12.710 ms]:[INFO]:[PSAG_ACTOR_CORE]: game_actor entity create: 130
[2025.02.24 15:36:13.014 ms]:[INFO]:[PSAG_TOOL_NOTFIY]: station receive pair: PPActor/PPActorBullet, data_size: 12 bytes
[2025.02.24 15:36:13.014 ms]:[INFO]:[PSAG_ACTOR_CORE]: game_actor get textures: 1
[2025.02.24 15:36:13.014 ms]:[INFO]:[PSAG_ACTOR_CORE]: game_actor render_comp init.
[2025.02.24 15:36:13.015 ms]:[INFO]:[PSAG_PHYSICS]: phy_world => body_data, name: ZPGamePhysics
[2025.02.24 15:36:13.015 ms]:[INFO]:[PSAG_PHYSICS]: body_data(dynamic) item: alloc key: 2110171049248
[2025.02.24 15:36:13.015 ms]:[INFO]:[PSAG_ACTOR_CORE]: game_actor entity create: 132
[2025.02.24 15:36:15.636 ms]:[INFO]:[PSAG_PHYSICS]: phy_world => body_data, name: ZPGamePhysics
[2025.02.24 15:36:15.636 ms]:[INFO]:[PSAG_PHYSICS]: body_data item: delete key: 2110170713040
[2025.02.24 15:36:15.636 ms]:[INFO]:[PSAG_ACTOR_CORE]: game_actor entity delete: 126
[2025.02.24 15:36:15.757 ms]:[INFO]:[PSAG_PHYSICS]: phy_world => body_data, name: ZPGamePhysics
[2025.02.24 15:36:15.758 ms]:[INFO]:[PSAG_PHYSICS]: body_data item: delete key: 2110170713232
[2025.02.24 15:36:15.758 ms]:[INFO]:[PSAG_ACTOR_CORE]: game_actor entity delete: 128
[2025.02.24 15:36:16.964 ms]:[INFO]:[PSAG_PHYSICS]: phy_world => body_data, name: ZPGamePhysics
[2025.02.24 15:36:16.964 ms]:[INFO]:[PSAG_PHYSICS]: body_data item: delete key: 2110170713424
[2025.02.24 15:36:16.964 ms]:[INFO]:[PSAG_ACTOR_CORE]: game_actor entity delete: 130
[2025.02.24 15:36:17.043 ms]:[INFO]:[PSAG_PHYSICS]: phy_world => body_data, name: ZPGamePhysics
[2025.02.24 15:36:17.043 ms]:[INFO]:[PSAG_PHYSICS]: body_data item: delete key: 2110170713616
[2025.02.24 15:36:17.043 ms]:[INFO]:[PSAG_ACTOR_CORE]: game_actor entity delete: 132
[2025.02.24 15:36:19.668 ms]:[INFO]:[PSAG_PHYSICS]: phy_world => body_data, name: ZPGamePhysics
[2025.02.24 15:36:19.668 ms]:[INFO]:[PSAG_PHYSICS]: body_data item: delete key: 2110170712848
[2025.02.24 15:36:19.668 ms]:[INFO]:[PSAG_ACTOR_CORE]: game_actor entity delete: 124
[2025.02.24 15:36:20.804 ms]:[INFO]:[PSAG_TOOL_NOTFIY]: station receive pair: PPActor/PPActorBullet, data_size: 12 bytes
[2025.02.24 15:36:20.804 ms]:[INFO]:[PSAG_ACTOR_CORE]: game_actor get textures: 1
[2025.02.24 15:36:20.804 ms]:[INFO]:[PSAG_ACTOR_CORE]: game_actor render_comp init.
[2025.02.24 15:36:20.805 ms]:[INFO]:[PSAG_PHYSICS]: phy_world => body_data, name: ZPGamePhysics
[2025.02.24 15:36:20.805 ms]:[INFO]:[PSAG_PHYSICS]: body_data(dynamic) item: alloc key: 2110222198064
[2025.02.24 15:36:20.805 ms]:[INFO]:[PSAG_ACTOR_CORE]: game_actor entity create: 134
[2025.02.24 15:36:24.062 ms]:[INFO]:[PSAG_PHYSICS]: phy_world => body_data, name: ZPGamePhysics
[2025.02.24 15:36:24.062 ms]:[INFO]:[PSAG_PHYSICS]: body_data item: delete key: 2110170712848
[2025.02.24 15:36:24.062 ms]:[INFO]:[PSAG_ACTOR_CORE]: game_actor entity delete: 134
[2025.02.24 15:36:24.892 ms]:[INFO]:[PSAG_TOOL_NOTFIY]: station receive pair: PPActor/PPActorBullet, data_size: 12 bytes
[2025.02.24 15:36:24.893 ms]:[INFO]:[PSAG_ACTOR_CORE]: game_actor get textures: 1
[2025.02.24 15:36:24.893 ms]:[INFO]:[PSAG_ACTOR_CORE]: game_actor render_comp init.
[2025.02.24 15:36:24.893 ms]:[INFO]:[PSAG_PHYSICS]: phy_world => body_data, name: ZPGamePhysics
[2025.02.24 15:36:24.893 ms]:[INFO]:[PSAG_PHYSICS]: body_data(dynamic) item: alloc key: 2110222198064
[2025.02.24 15:36:24.893 ms]:[INFO]:[PSAG_ACTOR_CORE]: game_actor entity create: 136
[2025.02.24 15:36:29.517 ms]:[INFO]:[PSAG_PHYSICS]: phy_world => body_data, name: ZPGamePhysics
[2025.02.24 15:36:29.517 ms]:[INFO]:[PSAG_PHYSICS]: body_data item: delete key: 2110170712848
[2025.02.24 15:36:29.517 ms]:[INFO]:[PSAG_ACTOR_CORE]: game_actor entity delete: 136
[2025.02.24 15:36:30.244 ms]:[INFO]:[PSAG_TOOL_NOTFIY]: station receive pair: PPActor/PPActorBullet, data_size: 12 bytes
[2025.02.24 15:36:30.244 ms]:[INFO]:[PSAG_ACTOR_CORE]: game_actor get textures: 1
[2025.02.24 15:36:30.244 ms]:[INFO]:[PSAG_ACTOR_CORE]: game_actor render_comp init.
[2025.02.24 15:36:30.244 ms]:[INFO]:[PSAG_PHYSICS]: phy_world => body_data, name: ZPGamePhysics
[2025.02.24 15:36:30.244 ms]:[INFO]:[PSAG_PHYSICS]: body_data(dynamic) item: alloc key: 2110222201760
[2025.02.24 15:36:30.244 ms]:[INFO]:[PSAG_ACTOR_CORE]: game_actor entity create: 138
[2025.02.24 15:36:36.755 ms]:[INFO]:[PSAG_TOOL_NOTFIY]: station receive pair: PPActor/PPActorBullet, data_size: 12 bytes
[2025.02.24 15:36:36.755 ms]:[INFO]:[PSAG_ACTOR_CORE]: game_actor get textures: 1
[2025.02.24 15:36:36.755 ms]:[INFO]:[PSAG_ACTOR_CORE]: game_actor render_comp init.
[2025.02.24 15:36:36.755 ms]:[INFO]:[PSAG_PHYSICS]: phy_world => body_data, name: ZPGamePhysics
[2025.02.24 15:36:36.755 ms]:[INFO]:[PSAG_PHYSICS]: body_data(dynamic) item: alloc key: 2110222197392
[2025.02.24 15:36:36.755 ms]:[INFO]:[PSAG_ACTOR_CORE]: game_actor entity create: 140
[2025.02.24 15:36:37.197 ms]:[INFO]:[PSAG_PHYSICS]: phy_world => body_data, name: ZPGamePhysics
[2025.02.24 15:36:37.197 ms]:[INFO]:[PSAG_PHYSICS]: body_data item: delete key: 2110170713616
[2025.02.24 15:36:37.197 ms]:[INFO]:[PSAG_ACTOR_CORE]: game_actor entity delete: 140
[2025.02.24 15:36:37.875 ms]:[INFO]:[PSAG_TOOL_NOTFIY]: station receive pair: PPActor/PPActorBullet, data_size: 12 bytes
[2025.02.24 15:36:37.876 ms]:[INFO]:[PSAG_ACTOR_CORE]: game_actor get textures: 1
[2025.02.24 15:36:37.876 ms]:[INFO]:[PSAG_ACTOR_CORE]: game_actor render_comp init.
[2025.02.24 15:36:37.876 ms]:[INFO]:[PSAG_PHYSICS]: phy_world => body_data, name: ZPGamePhysics
[2025.02.24 15:36:37.876 ms]:[INFO]:[PSAG_PHYSICS]: body_data(dynamic) item: alloc key: 2110222194704
[2025.02.24 15:36:37.876 ms]:[INFO]:[PSAG_ACTOR_CORE]: game_actor entity create: 142
[2025.02.24 15:36:38.462 ms]:[INFO]:[PSAG_TOOL_NOTFIY]: station receive pair: PPActor/PPActorBullet, data_size: 12 bytes
[2025.02.24 15:36:38.462 ms]:[INFO]:[PSAG_ACTOR_CORE]: game_actor get textures: 1
[2025.02.24 15:36:38.462 ms]:[INFO]:[PSAG_ACTOR_CORE]: game_actor render_comp init.
[2025.02.24 15:36:38.463 ms]:[INFO]:[PSAG_PHYSICS]: phy_world => body_data, name: ZPGamePhysics
[2025.02.24 15:36:38.463 ms]:[INFO]:[PSAG_PHYSICS]: body_data(dynamic) item: alloc key: 2110222197392
[2025.02.24 15:36:38.463 ms]:[INFO]:[PSAG_ACTOR_CORE]: game_actor entity create: 144
[2025.02.24 15:36:38.643 ms]:[INFO]:[PSAG_PHYSICS]: phy_world => body_data, name: ZPGamePhysics
[2025.02.24 15:36:38.643 ms]:[INFO]:[PSAG_PHYSICS]: body_data item: delete key: 2110170713616
[2025.02.24 15:36:38.643 ms]:[INFO]:[PSAG_ACTOR_CORE]: game_actor entity delete: 142
[2025.02.24 15:36:38.973 ms]:[INFO]:[PSAG_PHYSICS]: phy_world => body_data, name: ZPGamePhysics
[2025.02.24 15:36:38.973 ms]:[INFO]:[PSAG_PHYSICS]: body_data item: delete key: 2110170713424
[2025.02.24 15:36:38.973 ms]:[INFO]:[PSAG_ACTOR_CORE]: game_actor entity delete: 144
[2025.02.24 15:36:39.260 ms]:[INFO]:[PSAG_TOOL_NOTFIY]: station receive pair: PPActor/PPActorBullet, data_size: 12 bytes
[2025.02.24 15:36:39.261 ms]:[INFO]:[PSAG_ACTOR_CORE]: game_actor get textures: 1
[2025.02.24 15:36:39.261 ms]:[INFO]:[PSAG_ACTOR_CORE]: game_actor render_comp init.
[2025.02.24 15:36:39.261 ms]:[INFO]:[PSAG_PHYSICS]: phy_world => body_data, name: ZPGamePhysics
[2025.02.24 15:36:39.261 ms]:[INFO]:[PSAG_PHYSICS]: body_data(dynamic) item: alloc key: 2110222198064
[2025.02.24 15:36:39.261 ms]:[INFO]:[PSAG_ACTOR_CORE]: game_actor entity create: 146
[2025.02.24 15:36:39.492 ms]:[INFO]:[PSAG_PHYSICS]: phy_world => body_data, name: ZPGamePhysics
[2025.02.24 15:36:39.492 ms]:[INFO]:[PSAG_PHYSICS]: body_data item: delete key: 2110170713424
[2025.02.24 15:36:39.492 ms]:[INFO]:[PSAG_ACTOR_CORE]: game_actor entity delete: 146
[2025.02.24 15:36:40.925 ms]:[INFO]:[PSAG_TOOL_NOTFIY]: station receive pair: PPActor/PPActorBullet, data_size: 12 bytes
[2025.02.24 15:36:40.925 ms]:[INFO]:[PSAG_ACTOR_CORE]: game_actor get textures: 1
[2025.02.24 15:36:40.925 ms]:[INFO]:[PSAG_ACTOR_CORE]: game_actor render_comp init.
[2025.02.24 15:36:40.925 ms]:[INFO]:[PSAG_PHYSICS]: phy_world => body_data, name: ZPGamePhysics
[2025.02.24 15:36:40.925 ms]:[INFO]:[PSAG_PHYSICS]: body_data(dynamic) item: alloc key: 2110222195376
[2025.02.24 15:36:40.925 ms]:[INFO]:[PSAG_ACTOR_CORE]: game_actor entity create: 148
[2025.02.24 15:36:40.932 ms]:[INFO]:[PSAG_PHYSICS]: phy_world => body_data, name: ZPGamePhysics
[2025.02.24 15:36:40.932 ms]:[INFO]:[PSAG_PHYSICS]: body_data item: delete key: 2110170713424
[2025.02.24 15:36:40.932 ms]:[INFO]:[PSAG_ACTOR_CORE]: game_actor entity delete: 148
[2025.02.24 15:36:42.064 ms]:[INFO]:[PSAG_TOOL_NOTFIY]: station receive pair: PPActor/PPActorBullet, data_size: 12 bytes
[2025.02.24 15:36:42.064 ms]:[INFO]:[PSAG_ACTOR_CORE]: game_actor get textures: 1
[2025.02.24 15:36:42.064 ms]:[INFO]:[PSAG_ACTOR_CORE]: game_actor render_comp init.
[2025.02.24 15:36:42.064 ms]:[INFO]:[PSAG_PHYSICS]: phy_world => body_data, name: ZPGamePhysics
[2025.02.24 15:36:42.064 ms]:[INFO]:[PSAG_PHYSICS]: body_data(dynamic) item: alloc key: 2110222199072
[2025.02.24 15:36:42.065 ms]:[INFO]:[PSAG_ACTOR_CORE]: game_actor entity create: 150
[2025.02.24 15:36:42.553 ms]:[INFO]:[PSAG_PHYSICS]: phy_world => body_data, name: ZPGamePhysics
[2025.02.24 15:36:42.553 ms]:[INFO]:[PSAG_PHYSICS]: body_data item: delete key: 2110170712848
[2025.02.24 15:36:42.554 ms]:[INFO]:[PSAG_ACTOR_CORE]: game_actor entity delete: 138
[2025.02.24 15:36:45.590 ms]:[INFO]:[PSAG_PHYSICS]: phy_world => body_data, name: ZPGamePhysics
[2025.02.24 15:36:45.590 ms]:[INFO]:[PSAG_PHYSICS]: body_data item: delete key: 2110170713424
[2025.02.24 15:36:45.590 ms]:[INFO]:[PSAG_ACTOR_CORE]: game_actor entity delete: 150
[2025.02.24 15:36:46.327 ms]:[INFO]:[PSAG_TOOL_NOTFIY]: station receive pair: PPActor/PPActorBullet, data_size: 12 bytes
[2025.02.24 15:36:46.327 ms]:[INFO]:[PSAG_ACTOR_CORE]: game_actor get textures: 1
[2025.02.24 15:36:46.327 ms]:[INFO]:[PSAG_ACTOR_CORE]: game_actor render_comp init.
[2025.02.24 15:36:46.327 ms]:[INFO]:[PSAG_PHYSICS]: phy_world => body_data, name: ZPGamePhysics
[2025.02.24 15:36:46.327 ms]:[INFO]:[PSAG_PHYSICS]: body_data(dynamic) item: alloc key: 2110222198064
[2025.02.24 15:36:46.327 ms]:[INFO]:[PSAG_ACTOR_CORE]: game_actor entity create: 152
[2025.02.24 15:36:50.333 ms]:[INFO]:[PSAG_PHYSICS]: phy_world => body_data, name: ZPGamePhysics
[2025.02.24 15:36:50.333 ms]:[INFO]:[PSAG_PHYSICS]: body_data item: delete key: 2110170713424
[2025.02.24 15:36:50.333 ms]:[INFO]:[PSAG_ACTOR_CORE]: game_actor entity delete: 152
[2025.02.24 15:36:51.463 ms]:[INFO]:[PSAG_TOOL_NOTFIY]: station receive pair: PPActor/PPActorBullet, data_size: 12 bytes
[2025.02.24 15:36:51.463 ms]:[INFO]:[PSAG_ACTOR_CORE]: game_actor get textures: 1
[2025.02.24 15:36:51.463 ms]:[INFO]:[PSAG_ACTOR_CORE]: game_actor render_comp init.
[2025.02.24 15:36:51.463 ms]:[INFO]:[PSAG_PHYSICS]: phy_world => body_data, name: ZPGamePhysics
[2025.02.24 15:36:51.463 ms]:[INFO]:[PSAG_PHYSICS]: body_data(dynamic) item: alloc key: 2110222197392
[2025.02.24 15:36:51.463 ms]:[INFO]:[PSAG_ACTOR_CORE]: game_actor entity create: 154
[2025.02.24 15:37:01.965 ms]:[INFO]:[PSAG_PHYSICS]: phy_world => body_data, name: ZPGamePhysics
[2025.02.24 15:37:01.965 ms]:[INFO]:[PSAG_PHYSICS]: body_data item: delete key: 2110170713424
[2025.02.24 15:37:01.965 ms]:[INFO]:[PSAG_ACTOR_CORE]: game_actor entity delete: 154
[2025.02.24 15:37:03.284 ms]:[INFO]:[PSAG_TOOL_NOTFIY]: station receive pair: PPActor/PPActorBullet, data_size: 12 bytes
[2025.02.24 15:37:03.284 ms]:[INFO]:[PSAG_ACTOR_CORE]: game_actor get textures: 1
[2025.02.24 15:37:03.284 ms]:[INFO]:[PSAG_ACTOR_CORE]: game_actor render_comp init.
[2025.02.24 15:37:03.285 ms]:[INFO]:[PSAG_PHYSICS]: phy_world => body_data, name: ZPGamePhysics
[2025.02.24 15:37:03.285 ms]:[INFO]:[PSAG_PHYSICS]: body_data(dynamic) item: alloc key: 2110222197056
[2025.02.24 15:37:03.285 ms]:[INFO]:[PSAG_ACTOR_CORE]: game_actor entity create: 156
[2025.02.24 15:37:06.359 ms]:[INFO]:[PSAG_PHYSICS]: phy_world => body_data, name: ZPGamePhysics
[2025.02.24 15:37:06.359 ms]:[INFO]:[PSAG_PHYSICS]: body_data item: delete key: 2110170713424
[2025.02.24 15:37:06.359 ms]:[INFO]:[PSAG_ACTOR_CORE]: game_actor entity delete: 156
[2025.02.24 15:37:07.461 ms]:[INFO]:[PSAG_TOOL_NOTFIY]: station receive pair: PPActor/PPActorBullet, data_size: 12 bytes
[2025.02.24 15:37:07.461 ms]:[INFO]:[PSAG_ACTOR_CORE]: game_actor get textures: 1
[2025.02.24 15:37:07.461 ms]:[INFO]:[PSAG_ACTOR_CORE]: game_actor render_comp init.
[2025.02.24 15:37:07.461 ms]:[INFO]:[PSAG_PHYSICS]: phy_world => body_data, name: ZPGamePhysics
[2025.02.24 15:37:07.461 ms]:[INFO]:[PSAG_PHYSICS]: body_data(dynamic) item: alloc key: 2110222197056
[2025.02.24 15:37:07.461 ms]:[INFO]:[PSAG_ACTOR_CORE]: game_actor entity create: 158
[2025.02.24 15:37:12.995 ms]:[INFO]:[PSAG_PHYSICS]: phy_world => body_data, name: ZPGamePhysics
[2025.02.24 15:37:12.995 ms]:[INFO]:[PSAG_PHYSICS]: body_data item: delete key: 2110170713424
[2025.02.24 15:37:12.995 ms]:[INFO]:[PSAG_ACTOR_CORE]: game_actor entity delete: 158
[2025.02.24 15:37:13.859 ms]:[INFO]:[PSAG_TOOL_NOTFIY]: station receive pair: PPActor/PPActorBullet, data_size: 12 bytes
[2025.02.24 15:37:13.859 ms]:[INFO]:[PSAG_ACTOR_CORE]: game_actor get textures: 1
[2025.02.24 15:37:13.859 ms]:[INFO]:[PSAG_ACTOR_CORE]: game_actor render_comp init.
[2025.02.24 15:37:13.859 ms]:[INFO]:[PSAG_PHYSICS]: phy_world => body_data, name: ZPGamePhysics
[2025.02.24 15:37:13.859 ms]:[INFO]:[PSAG_PHYSICS]: body_data(dynamic) item: alloc key: 2110222194704
[2025.02.24 15:37:13.859 ms]:[INFO]:[PSAG_ACTOR_CORE]: game_actor entity create: 160
[2025.02.24 15:37:16.950 ms]:[INFO]:[PSAG_PHYSICS]: phy_world => body_data, name: ZPGamePhysics
[2025.02.24 15:37:16.950 ms]:[INFO]:[PSAG_PHYSICS]: body_data item: delete key: 2110170713424
[2025.02.24 15:37:16.950 ms]:[INFO]:[PSAG_ACTOR_CORE]: game_actor entity delete: 160
[2025.02.24 15:37:17.597 ms]:[INFO]:[PSAG_TOOL_NOTFIY]: station receive pair: PPActor/PPActorBullet, data_size: 12 bytes
[2025.02.24 15:37:17.598 ms]:[INFO]:[PSAG_ACTOR_CORE]: game_actor get textures: 1
[2025.02.24 15:37:17.598 ms]:[INFO]:[PSAG_ACTOR_CORE]: game_actor render_comp init.
[2025.02.24 15:37:17.598 ms]:[INFO]:[PSAG_PHYSICS]: phy_world => body_data, name: ZPGamePhysics
[2025.02.24 15:37:17.598 ms]:[INFO]:[PSAG_PHYSICS]: body_data(dynamic) item: alloc key: 2110222200080
[2025.02.24 15:37:17.598 ms]:[INFO]:[PSAG_ACTOR_CORE]: game_actor entity create: 162
[2025.02.24 15:37:19.937 ms]:[INFO]:[PSAG_PHYSICS]: phy_world => body_data, name: ZPGamePhysics
[2025.02.24 15:37:19.937 ms]:[INFO]:[PSAG_PHYSICS]: body_data item: delete key: 2110170713424
[2025.02.24 15:37:19.937 ms]:[INFO]:[PSAG_ACTOR_CORE]: game_actor entity delete: 162
[2025.02.24 15:37:20.943 ms]:[INFO]:[PSAG_TOOL_NOTFIY]: station receive pair: PPActor/PPActorBullet, data_size: 12 bytes
[2025.02.24 15:37:20.943 ms]:[INFO]:[PSAG_ACTOR_CORE]: game_actor get textures: 1
[2025.02.24 15:37:20.943 ms]:[INFO]:[PSAG_ACTOR_CORE]: game_actor render_comp init.
[2025.02.24 15:37:20.943 ms]:[INFO]:[PSAG_PHYSICS]: phy_world => body_data, name: ZPGamePhysics
[2025.02.24 15:37:20.943 ms]:[INFO]:[PSAG_PHYSICS]: body_data(dynamic) item: alloc key: 2110222198736
[2025.02.24 15:37:20.943 ms]:[INFO]:[PSAG_ACTOR_CORE]: game_actor entity create: 164
[2025.02.24 15:37:27.817 ms]:[INFO]:[PSAG_TOOL_NOTFIY]: station receive pair: PPActor/PPActorBullet, data_size: 12 bytes
[2025.02.24 15:37:27.817 ms]:[INFO]:[PSAG_ACTOR_CORE]: game_actor get textures: 1
[2025.02.24 15:37:27.817 ms]:[INFO]:[PSAG_ACTOR_CORE]: game_actor render_comp init.
[2025.02.24 15:37:27.817 ms]:[INFO]:[PSAG_PHYSICS]: phy_world => body_data, name: ZPGamePhysics
[2025.02.24 15:37:27.817 ms]:[INFO]:[PSAG_PHYSICS]: body_data(dynamic) item: alloc key: 2110222197056
[2025.02.24 15:37:27.818 ms]:[INFO]:[PSAG_ACTOR_CORE]: game_actor entity create: 166
[2025.02.24 15:37:28.031 ms]:[INFO]:[PSAG_TOOL_NOTFIY]: station receive pair: PPActor/PPActorBullet, data_size: 12 bytes
[2025.02.24 15:37:28.031 ms]:[INFO]:[PSAG_ACTOR_CORE]: game_actor get textures: 1
[2025.02.24 15:37:28.031 ms]:[INFO]:[PSAG_ACTOR_CORE]: game_actor render_comp init.
[2025.02.24 15:37:28.031 ms]:[INFO]:[PSAG_PHYSICS]: phy_world => body_data, name: ZPGamePhysics
[2025.02.24 15:37:28.031 ms]:[INFO]:[PSAG_PHYSICS]: body_data(dynamic) item: alloc key: 2110222197728
[2025.02.24 15:37:28.032 ms]:[INFO]:[PSAG_ACTOR_CORE]: game_actor entity create: 168
[2025.02.24 15:37:28.682 ms]:[INFO]:[PSAG_PHYSICS]: phy_world => body_data, name: ZPGamePhysics
[2025.02.24 15:37:28.682 ms]:[INFO]:[PSAG_PHYSICS]: body_data item: delete key: 2110170713424
[2025.02.24 15:37:28.682 ms]:[INFO]:[PSAG_ACTOR_CORE]: game_actor entity delete: 164
[2025.02.24 15:37:32.431 ms]:[INFO]:[PSAG_PHYSICS]: phy_world => body_data, name: ZPGamePhysics
[2025.02.24 15:37:32.431 ms]:[INFO]:[PSAG_PHYSICS]: body_data item: delete key: 2110170713616
[2025.02.24 15:37:32.431 ms]:[INFO]:[PSAG_ACTOR_CORE]: game_actor entity delete: 168
[2025.02.24 15:37:33.085 ms]:[INFO]:[PSAG_PHYSICS]: phy_world => body_data, name: ZPGamePhysics
[2025.02.24 15:37:33.085 ms]:[INFO]:[PSAG_PHYSICS]: body_data item: delete key: 2110170712848
[2025.02.24 15:37:33.085 ms]:[INFO]:[PSAG_ACTOR_CORE]: game_actor entity delete: 166
[2025.02.24 15:37:33.614 ms]:[INFO]:[PSAG_OGL_RES]: rbo: delete key: 38
[2025.02.24 15:37:33.614 ms]:[INFO]:[PSAG_OGL_RES]: fbo: delete key: 48
[2025.02.24 15:37:33.614 ms]:[INFO]:[PSAG_OGL_RES]: fbo: delete key: 50
[2025.02.24 15:37:33.614 ms]:[INFO]:[PSAG_OGL_RES]: fbo: delete key: 46
[2025.02.24 15:37:33.614 ms]:[INFO]:[PSAG_OGL_RES]: fbo: delete key: 42
[2025.02.24 15:37:33.614 ms]:[TRACE]:[PSAG_OGL_RES]: tmu delete(space): 5
[2025.02.24 15:37:33.614 ms]:[INFO]:[PSAG_OGL_RES]: texture: delete key: 40
[2025.02.24 15:37:33.614 ms]:[INFO]:[PSAG_OGL_RES]: shader: delete key: 30
[2025.02.24 15:37:33.614 ms]:[INFO]:[PSAG_OGL_RES]: shader: delete key: 32
[2025.02.24 15:37:33.614 ms]:[INFO]:[PSAG_OGL_RES]: shader: delete key: 34
[2025.02.24 15:37:33.614 ms]:[INFO]:[PSAG_OGL_RES]: shader: delete key: 26
[2025.02.24 15:37:33.614 ms]:[INFO]:[PSAG_GL_POST]: graphics_engine free post_shader(system).
[2025.02.24 15:37:33.614 ms]:[INFO]:[PSAG_PHYSICS]: phy_world => body_data, name: ZPGamePhysics
[2025.02.24 15:37:33.614 ms]:[INFO]:[PSAG_PHYSICS]: body_data item: delete key: 2110170710544
[2025.02.24 15:37:33.614 ms]:[INFO]:[PSAG_ENVMT_CORE]: game_envmt item delete: 76
[2025.02.24 15:37:33.614 ms]:[INFO]:[PSAG_PHYSICS]: phy_world => body_data, name: ZPGamePhysics
[2025.02.24 15:37:33.614 ms]:[INFO]:[PSAG_PHYSICS]: body_data item: delete key: 2110170709776
[2025.02.24 15:37:33.614 ms]:[INFO]:[PSAG_ENVMT_CORE]: game_envmt item delete: 68
[2025.02.24 15:37:33.614 ms]:[INFO]:[PSAG_PHYSICS]: phy_world => body_data, name: ZPGamePhysics
[2025.02.24 15:37:33.614 ms]:[INFO]:[PSAG_PHYSICS]: body_data item: delete key: 2110170709968
[2025.02.24 15:37:33.614 ms]:[INFO]:[PSAG_ENVMT_CORE]: game_envmt item delete: 70
[2025.02.24 15:37:33.614 ms]:[INFO]:[PSAG_PHYSICS]: phy_world => body_data, name: ZPGamePhysics
[2025.02.24 15:37:33.614 ms]:[INFO]:[PSAG_PHYSICS]: body_data item: delete key: 2110170710160
[2025.02.24 15:37:33.614 ms]:[INFO]:[PSAG_ENVMT_CORE]: game_envmt item delete: 72
[2025.02.24 15:37:33.614 ms]:[INFO]:[PSAG_PHYSICS]: phy_world => body_data, name: ZPGamePhysics
[2025.02.24 15:37:33.614 ms]:[INFO]:[PSAG_PHYSICS]: body_data item: delete key: 2110170710352
[2025.02.24 15:37:33.614 ms]:[INFO]:[PSAG_ENVMT_CORE]: game_envmt item delete: 74
[2025.02.24 15:37:33.614 ms]:[INFO]:[PSAG_GAMECORE_MAG]: game_envmt manager system delete.
[2025.02.24 15:37:33.615 ms]:[INFO]:[PSAG_GL_DATASET]: layers_manager delete_count(space): 0
[2025.02.24 15:37:33.615 ms]:[INFO]:[PSAG_GL_DATASET]: vir_texture item: delete key: 52
[2025.02.24 15:37:33.615 ms]:[INFO]:[PSAG_OGL_RES]: shader: delete key: 60
[2025.02.24 15:37:33.615 ms]:[INFO]:[PSAG_ACTOR_CORE]: game_actor shader delete.
[2025.02.24 15:37:33.615 ms]:[INFO]:[PSAG_OGL_RES]: shader: delete key: 56
[2025.02.24 15:37:33.615 ms]:[INFO]:[PSAG_ACTOR_CORE]: game_actor shader delete.
[2025.02.24 15:37:33.615 ms]:[INFO]:[PSAG_GL_DATASET]: layers_manager delete_count(space): 1
[2025.02.24 15:37:33.615 ms]:[INFO]:[PSAG_GL_DATASET]: vir_texture item: delete key: 54
[2025.02.24 15:37:33.615 ms]:[INFO]:[PSAG_OGL_RES]: shader: delete key: 64
[2025.02.24 15:37:33.615 ms]:[INFO]:[PSAG_ACTOR_CORE]: game_actor shader delete.
[2025.02.24 15:37:33.615 ms]:[INFO]:[PSAG_GAMECORE_MAG]: actor_shader manager system delete.
[2025.02.24 15:37:33.615 ms]:[INFO]:[PSAG_PHYSICS]: phy_world => body_data, name: ZPGamePhysics
[2025.02.24 15:37:33.615 ms]:[INFO]:[PSAG_PHYSICS]: body_data item: delete key: 2110170710736
[2025.02.24 15:37:33.615 ms]:[INFO]:[PSAG_ACTOR_CORE]: game_actor entity delete: 90
[2025.02.24 15:37:33.615 ms]:[INFO]:[PSAG_GL_DATASET]: layers_manager delete_count(space): 0
[2025.02.24 15:37:33.615 ms]:[INFO]:[PSAG_GL_DATASET]: vir_texture item: delete key: 78
[2025.02.24 15:37:33.615 ms]:[INFO]:[PSAG_OGL_RES]: shader: delete key: 82
[2025.02.24 15:37:33.615 ms]:[INFO]:[PSAG_ACTOR_CORE]: game_actor shader delete.
[2025.02.24 15:37:33.615 ms]:[INFO]:[PSAG_GL_DATASET]: layers_manager delete_count(space): 1
[2025.02.24 15:37:33.615 ms]:[INFO]:[PSAG_GL_DATASET]: vir_texture item: delete key: 80
[2025.02.24 15:37:33.615 ms]:[INFO]:[PSAG_OGL_RES]: shader: delete key: 86
[2025.02.24 15:37:33.615 ms]:[INFO]:[PSAG_ACTOR_CORE]: game_actor shader delete.
[2025.02.24 15:37:33.615 ms]:[INFO]:[PSAG_GAMECORE_MAG]: actor_shader manager system delete.
[2025.02.24 15:37:33.615 ms]:[INFO]:[PSAG_GL_DATASET]: layers_manager delete_count(space): 0
[2025.02.24 15:37:33.615 ms]:[INFO]:[PSAG_GL_DATASET]: vir_texture item: delete key: 112
[2025.02.24 15:37:33.615 ms]:[INFO]:[PSAG_OGL_RES]: shader: delete key: 114
[2025.02.24 15:37:33.615 ms]:[INFO]:[PSAG_ACTOR_CORE]: game_actor shader delete.
[2025.02.24 15:37:33.615 ms]:[INFO]:[PSAG_GAMECORE_MAG]: actor_shader manager system delete.
[2025.02.24 15:37:33.615 ms]:[INFO]:[PSAG_GAMECORE_MAG]: game_actor manager system delete.
[2025.02.24 15:37:33.615 ms]:[INFO]:[PSAG_GL_PVFX]: psag_fx image_view system free.
[2025.02.24 15:37:33.615 ms]:[INFO]:[PSAG_GL_PVFX]: psag_fx image_view system free.
[2025.02.24 15:37:33.616 ms]:[INFO]:[PSAG_GL_PVFX]: psag_fx image_view system free.
[2025.02.24 15:37:33.616 ms]:[INFO]:[PSAG_GL_PVFX]: psag_fx image_view system free.
[2025.02.24 15:37:33.616 ms]:[INFO]:[PSAG_GL_PVFX]: psag_fx image_view system free.
[2025.02.24 15:37:33.616 ms]:[INFO]:[PSAG_GL_PVFX]: psag_fx image_view system free.
[2025.02.24 15:37:33.616 ms]:[INFO]:[PSAG_OGL_RES]: vao: delete key: 4
[2025.02.24 15:37:33.616 ms]:[INFO]:[PSAG_OGL_RES]: vbo: delete key: 6
[2025.02.24 15:37:33.616 ms]:[INFO]:[PSAG_OGL_RES]: vao: delete key: 8
[2025.02.24 15:37:33.616 ms]:[INFO]:[PSAG_OGL_RES]: vbo: delete key: 10
[2025.02.24 15:37:33.616 ms]:[TRACE]:[PSAG_OGL_RES]: tmu delete(space): 1
[2025.02.24 15:37:33.616 ms]:[TRACE]:[PSAG_OGL_RES]: tmu delete(space): 2
[2025.02.24 15:37:33.616 ms]:[TRACE]:[PSAG_OGL_RES]: tmu delete(space): 3
[2025.02.24 15:37:33.616 ms]:[TRACE]:[PSAG_OGL_RES]: tmu delete(space): 4
[2025.02.24 15:37:33.638 ms]:[INFO]:[PSAG_OGL_RES]: texture: delete key: 16
[2025.02.24 15:37:33.652 ms]:[INFO]:[PSAG_OGL_RES]: texture: delete key: 18
[2025.02.24 15:37:33.659 ms]:[INFO]:[PSAG_OGL_RES]: texture: delete key: 20
[2025.02.24 15:37:33.661 ms]:[INFO]:[PSAG_OGL_RES]: texture: delete key: 22
[2025.02.24 15:37:33.981 ms]:[TRACE]:[PSAG_AUDIO]: audio(openal) global free_context & close_device.
[2025.02.24 15:37:33.981 ms]:[INFO]:[PSAG_PHYSICS]: physics_world item: free_bodies: 0, delete key: DEFAULT_PHY_WORLD
[2025.02.24 15:37:33.983 ms]:[INFO]:[PSAG_IMGUI]: imgui_free: imgui_opengl3 context.
[2025.02.24 15:37:33.983 ms]:[TRACE]:[PSAG_AUDIO_DATA]: free resource(raw_audio): 0 bytes
[2025.02.24 15:37:33.983 ms]:[INFO]:[PSAG_AUDIO_DATA]: LLRES static_object() delete.
[2025.02.24 15:37:33.984 ms]:[TRACE]:[PSAG_OGL_RES]: free resource(shader): 2 items
[2025.02.24 15:37:33.984 ms]:[TRACE]:[PSAG_OGL_RES]: free resource(texture): 0 items
[2025.02.24 15:37:33.984 ms]:[TRACE]:[PSAG_OGL_RES]: free resource(vertex_buffer): 0 items
[2025.02.24 15:37:33.984 ms]:[TRACE]:[PSAG_OGL_RES]: free resource(vertex_attribute): 0 items
[2025.02.24 15:37:33.985 ms]:[TRACE]:[PSAG_OGL_RES]: free resource(frame_buffer): 1 items
[2025.02.24 15:37:33.985 ms]:[TRACE]:[PSAG_OGL_RES]: free resource(render_buffer): 0 items
[2025.02.24 15:37:33.985 ms]:[TRACE]:[PSAG_OGL_RES]: free resource(uniform_buffer): 1 items
[2025.02.24 15:37:33.985 ms]:[INFO]:[PSAG_LLRES]: graph static_object(graphics) delete.
[2025.02.24 15:37:34.010 ms]:[INFO]:[PSAG_WINDOW]: fw_window free: glfw context.
[2025.02.24 15:37:34.390 ms]:[TRACE]:[PSAG_M_MAINEVENT]: async_events execution end.
[2025.02.24 15:37:34.390 ms]:[INFO]:[PSAG_M_START]: free framework ret_code: 1
