[2025.03.01 18:13:02.967 ms]:[INFO]:[PSAG_LOGGER]: start thread success.
[2025.03.01 18:13:02.968 ms]:[INFO]:[PSAG_M_START]: core_start objects(frm) total: only
[2025.03.01 18:13:02.968 ms]:[INFO]:[PSAG_M_START]: core_start objects(net) total: 0
[2025.03.01 18:13:02.968 ms]:[INFO]:[PSAG_M_START]: core_start objects(ext) total: 0
[2025.03.01 18:13:02.968 ms]:[TRACE]:[PSAG_M_MAINEVENT]: async_event add item_id: 740585696320
[2025.03.01 18:13:02.968 ms]:[INFO]:[PSAG_M_MAINEVENT]: async_events executing...
[2025.03.01 18:13:02.969 ms]:[INFO]:[PSAG_LOGGER]: create log_file: PSAGameSystemLogs/634794321800.log
[2025.03.01 18:13:02.973 ms]:[INFO]:[PSAG_FILESYS_LOAD]: load(src) read_file: PSAGameFrameworkCore/framework_config.json read_size: 463
[2025.03.01 18:13:02.977 ms]:[INFO]:[PSAG_FILESYS_LOAD]: load(src) read_file: PSAGameFrameworkCore/framework_config_shaders.json read_size: 1329
[2025.03.01 18:13:02.981 ms]:[INFO]:[PSAG_FILESYS_LOAD]: load(src) read_file: PSAGameFrameworkCore/CoreShaderScript/public/psag_graph_template_actor.vert read_size: 984
[2025.03.01 18:13:02.985 ms]:[INFO]:[PSAG_FILESYS_LOAD]: load(src) read_file: PSAGameFrameworkCore/CoreShaderScript/public/psag_graph_template.vert read_size: 737
[2025.03.01 18:13:02.988 ms]:[INFO]:[PSAG_FILESYS_LOAD]: load(src) read_file: PSAGameFrameworkCore/CoreShaderScript/public/psag_graph_tools.frag read_size: 933
[2025.03.01 18:13:02.992 ms]:[INFO]:[PSAG_FILESYS_LOAD]: load(src) read_file: PSAGameFrameworkCore/CoreShaderScript/public/psag_graph_header.frag read_size: 202
[2025.03.01 18:13:02.997 ms]:[INFO]:[PSAG_FILESYS_LOAD]: load(src) read_file: PSAGameFrameworkCore/CoreShaderScript/private/psag_graph_final_vollight.frag read_size: 1670
[2025.03.01 18:13:03.000 ms]:[INFO]:[PSAG_FILESYS_LOAD]: load(src) read_file: PSAGameFrameworkCore/CoreShaderScript/private/psag_graph_final_multfilter.frag read_size: 356
[2025.03.01 18:13:03.003 ms]:[INFO]:[PSAG_FILESYS_LOAD]: load(src) read_file: PSAGameFrameworkCore/CoreShaderScript/private/psag_graph_final_blurh.frag read_size: 783
[2025.03.01 18:13:03.008 ms]:[INFO]:[PSAG_FILESYS_LOAD]: load(src) read_file: PSAGameFrameworkCore/CoreShaderScript/private/psag_graph_final_blurv.frag read_size: 778
[2025.03.01 18:13:03.012 ms]:[INFO]:[PSAG_FILESYS_LOAD]: load(src) read_file: PSAGameFrameworkCore/CoreShaderScript/private/psag_graph_final.frag read_size: 1243
[2025.03.01 18:13:03.015 ms]:[INFO]:[PSAG_FILESYS_LOAD]: load(src) read_file: PSAGameFrameworkCore/CoreShaderScript/private/psag_graph_background.frag read_size: 1107
[2025.03.01 18:13:03.019 ms]:[INFO]:[PSAG_FILESYS_LOAD]: load(src) read_file: PSAGameFrameworkCore/CoreShaderScript/private/psag_graph_particle.frag read_size: 1255
[2025.03.01 18:13:03.021 ms]:[INFO]:[PSAG_FILESYS_LOAD]: load(src) read_file: PSAGameFrameworkCore/CoreShaderScript/private/psag_graph_fx_sequence.frag read_size: 543
[2025.03.01 18:13:03.022 ms]:[INFO]:[PSAG_GL_GLSL]: graphics_engine config system_glsl.
[2025.03.01 18:13:03.022 ms]:[TRACE]:[PSAG_M_CORE]: core framework init,config...
[2025.03.01 18:13:03.061 ms]:[INFO]:[PSAG_WINDOW]: init opengl_glfw.
[2025.03.01 18:13:03.338 ms]:[WARNING]:[PSAG_WINDOW]: <F:\PSAFrameworkProject\PSAGameFramework\PSAGameFramework\PSAGameFrameworkCore\LLWindowGui\framework_window_system.cpp:__LINE__> failed fw_window load: icon_image.
[2025.03.01 18:13:03.338 ms]:[INFO]:[PSAG_OGL_INIT]: framework_graphics logger function_ptr: c879c64d
[2025.03.01 18:13:03.338 ms]:[INFO]:[PSAG_OGL_INIT]: framework_graphics shader gl_version: 
[2025.03.01 18:13:03.341 ms]:[TRACE]:[PSAG_OGL_INIT]: framework_graphics config init...
[2025.03.01 18:13:03.341 ms]:[INFO]:[PSAG_OGL_INFORMATION]: device gpu supplier: NVIDIA Corporation
[2025.03.01 18:13:03.341 ms]:[INFO]:[PSAG_OGL_INFORMATION]: device gpu model: NVIDIA GeForce RTX 4060 Laptop GPU/PCIe/SSE2
[2025.03.01 18:13:03.341 ms]:[INFO]:[PSAG_OGL_INFORMATION]: device version opengl: 4.6.0 NVIDIA 561.19
[2025.03.01 18:13:03.341 ms]:[INFO]:[PSAG_OGL_INFORMATION]: device version glsl: 4.60 NVIDIA
[2025.03.01 18:13:03.341 ms]:[PERF]:[PSAG_OGL_INFORMATION]: device memory[capacity]: 8188.00 mib
[2025.03.01 18:13:03.341 ms]:[INFO]:[PSAG_OGL_INFORMATION]: device (vao)attribs_max units: 16 entry
[2025.03.01 18:13:03.341 ms]:[INFO]:[PSAG_OGL_INFORMATION]: device (vbo)buffer_max units: 4096 entry
[2025.03.01 18:13:03.341 ms]:[INFO]:[PSAG_OGL_INFORMATION]: device [tmu]texture_max units: 32 entry
[2025.03.01 18:13:03.341 ms]:[INFO]:[PSAG_OGL_INFORMATION]: device (vert)uniform_max items: 4096
[2025.03.01 18:13:03.341 ms]:[INFO]:[PSAG_OGL_INFORMATION]: device (frag)uniform_max items: 4096
[2025.03.01 18:13:03.341 ms]:[INFO]:[PSAG_LLRES]: graph static_object(graphics) create.
[2025.03.01 18:13:03.341 ms]:[INFO]:[PSAG_AUDIO_DATA]: LLRES static_object() create.
[2025.03.01 18:13:03.341 ms]:[INFO]:[PSAG_OGL_RES]: vao: storage key: 4
[2025.03.01 18:13:03.341 ms]:[INFO]:[PSAG_OGL_RES]: vbo: storage key: 6
[2025.03.01 18:13:03.341 ms]:[TRACE]:[PSAG_GL_DATASET]: dynamic vertex data manager_create.
[2025.03.01 18:13:03.341 ms]:[INFO]:[PSAG_OGL_RES]: vao: storage key: 8
[2025.03.01 18:13:03.341 ms]:[INFO]:[PSAG_OGL_RES]: vbo: storage key: 10
[2025.03.01 18:13:03.342 ms]:[INFO]:[PSAG_GL_DATASET]: ver_data(stc) upload gpu_data: 72 bytes
[2025.03.01 18:13:03.342 ms]:[INFO]:[PSAG_GL_DATASET]: ver_data(stc) item: alloc key: 12
[2025.03.01 18:13:03.342 ms]:[INFO]:[PSAG_GL_DATASET]: preset craete: rectangle.
[2025.03.01 18:13:03.343 ms]:[INFO]:[PSAG_GL_DATASET]: ver_data(stc) upload gpu_data: 2868 bytes
[2025.03.01 18:13:03.343 ms]:[INFO]:[PSAG_GL_DATASET]: ver_data(stc) item: alloc key: 14
[2025.03.01 18:13:03.343 ms]:[INFO]:[PSAG_GL_DATASET]: preset craete: circle.
[2025.03.01 18:13:03.343 ms]:[TRACE]:[PSAG_GL_DATASET]: static vertex data manager_create.
[2025.03.01 18:13:03.343 ms]:[TRACE]:[PSAG_OGL_RES]: tmu alloc u: 1
[2025.03.01 18:13:03.343 ms]:[TRACE]:[PSAG_OGL_RES]: tmu alloc u: 2
[2025.03.01 18:13:03.343 ms]:[TRACE]:[PSAG_OGL_RES]: tmu alloc u: 3
[2025.03.01 18:13:03.343 ms]:[TRACE]:[PSAG_OGL_RES]: tmu alloc u: 4
[2025.03.01 18:13:03.343 ms]:[INFO]:[PSAG_OGL_TEXTURE]: texture.2d(array) object create.
[2025.03.01 18:13:03.343 ms]:[INFO]:[PSAG_OGL_TEXTURE]: texture create, succ: size: 4096 x 4096, layers: 5.
[2025.03.01 18:13:03.343 ms]:[INFO]:[PSAG_OGL_TEXTURE]: texture.2d(array) object create.
[2025.03.01 18:13:03.343 ms]:[INFO]:[PSAG_OGL_TEXTURE]: texture create, succ: size: 2048 x 2048, layers: 10.
[2025.03.01 18:13:03.343 ms]:[INFO]:[PSAG_OGL_TEXTURE]: texture.2d(array) object create.
[2025.03.01 18:13:03.343 ms]:[INFO]:[PSAG_OGL_TEXTURE]: texture create, succ: size: 1024 x 1024, layers: 20.
[2025.03.01 18:13:03.343 ms]:[INFO]:[PSAG_OGL_TEXTURE]: texture.2d(array) object create.
[2025.03.01 18:13:03.343 ms]:[INFO]:[PSAG_OGL_TEXTURE]: texture create, succ: size: 512 x 512, layers: 25.
[2025.03.01 18:13:03.344 ms]:[INFO]:[PSAG_OGL_RES]: texture: storage key: 16
[2025.03.01 18:13:03.344 ms]:[INFO]:[PSAG_OGL_RES]: texture: storage key: 18
[2025.03.01 18:13:03.344 ms]:[INFO]:[PSAG_OGL_RES]: texture: storage key: 20
[2025.03.01 18:13:03.344 ms]:[INFO]:[PSAG_OGL_RES]: texture: storage key: 22
[2025.03.01 18:13:03.344 ms]:[TRACE]:[PSAG_GL_DATASET]: vir_create texture[8x] size: 4096 x 4096
[2025.03.01 18:13:03.344 ms]:[TRACE]:[PSAG_GL_DATASET]: vir_create texture[4x] size: 2048 x 2048
[2025.03.01 18:13:03.344 ms]:[TRACE]:[PSAG_GL_DATASET]: vir_create texture[2x] size: 1024 x 1024
[2025.03.01 18:13:03.344 ms]:[TRACE]:[PSAG_GL_DATASET]: vir_create texture[1x] size: 512 x 512
[2025.03.01 18:13:03.344 ms]:[INFO]:[PSAG_OGL_UNIFORM]: uniform_buffer.gen create.
[2025.03.01 18:13:03.344 ms]:[INFO]:[PSAG_OGL_RES]: ubo: storage key: 24
[2025.03.01 18:13:03.344 ms]:[INFO]:[PSAG_GL_MATRIX]: graphics_engine create matrix ubo.
[2025.03.01 18:13:04.491 ms]:[TRACE]:[PSAG_AUDIO]: audio(openal) global create device & context.
[2025.03.01 18:13:04.491 ms]:[INFO]:[PSAG_PHYSICS]: physics_world item: alloc key: DEFAULT_PHY_WORLD
[2025.03.01 18:13:04.491 ms]:[INFO]:[PSAG_OGL_SHADER]: vertex_shader source script num: 1
[2025.03.01 18:13:04.491 ms]:[INFO]:[PSAG_OGL_SHADER]: vertex compilation succeeded.
[2025.03.01 18:13:04.491 ms]:[INFO]:[PSAG_OGL_SHADER]: fragment_shader source script num: 2
[2025.03.01 18:13:04.491 ms]:[INFO]:[PSAG_OGL_SHADER]: fragment compilation succeeded.
[2025.03.01 18:13:04.492 ms]:[INFO]:[PSAG_OGL_SHADER]: shader_program link succeeded.
[2025.03.01 18:13:04.492 ms]:[INFO]:[PSAG_OGL_RES]: shader: storage key: 26
[2025.03.01 18:13:04.492 ms]:[INFO]:[PSAG_OGL_SHADER]: vertex_shader source script num: 1
[2025.03.01 18:13:04.492 ms]:[INFO]:[PSAG_OGL_SHADER]: vertex compilation succeeded.
[2025.03.01 18:13:04.492 ms]:[INFO]:[PSAG_OGL_SHADER]: fragment_shader source script num: 2
[2025.03.01 18:13:04.492 ms]:[INFO]:[PSAG_OGL_SHADER]: fragment compilation succeeded.
[2025.03.01 18:13:04.492 ms]:[INFO]:[PSAG_OGL_SHADER]: shader_program link succeeded.
[2025.03.01 18:13:04.492 ms]:[INFO]:[PSAG_OGL_RES]: shader: storage key: 28
[2025.03.01 18:13:04.492 ms]:[INFO]:[PSAG_OGL_SHADER]: vertex_shader source script num: 1
[2025.03.01 18:13:04.492 ms]:[INFO]:[PSAG_OGL_SHADER]: vertex compilation succeeded.
[2025.03.01 18:13:04.492 ms]:[INFO]:[PSAG_OGL_SHADER]: fragment_shader source script num: 3
[2025.03.01 18:13:04.492 ms]:[INFO]:[PSAG_OGL_SHADER]: fragment compilation succeeded.
[2025.03.01 18:13:04.492 ms]:[INFO]:[PSAG_OGL_SHADER]: shader_program link succeeded.
[2025.03.01 18:13:04.492 ms]:[INFO]:[PSAG_OGL_RES]: shader: storage key: 30
[2025.03.01 18:13:04.492 ms]:[INFO]:[PSAG_OGL_SHADER]: vertex_shader source script num: 1
[2025.03.01 18:13:04.492 ms]:[INFO]:[PSAG_OGL_SHADER]: vertex compilation succeeded.
[2025.03.01 18:13:04.492 ms]:[INFO]:[PSAG_OGL_SHADER]: fragment_shader source script num: 3
[2025.03.01 18:13:04.492 ms]:[INFO]:[PSAG_OGL_SHADER]: fragment compilation succeeded.
[2025.03.01 18:13:04.493 ms]:[INFO]:[PSAG_OGL_SHADER]: shader_program link succeeded.
[2025.03.01 18:13:04.493 ms]:[INFO]:[PSAG_OGL_RES]: shader: storage key: 32
[2025.03.01 18:13:04.493 ms]:[INFO]:[PSAG_OGL_SHADER]: vertex_shader source script num: 1
[2025.03.01 18:13:04.493 ms]:[INFO]:[PSAG_OGL_SHADER]: vertex compilation succeeded.
[2025.03.01 18:13:04.493 ms]:[INFO]:[PSAG_OGL_SHADER]: fragment_shader source script num: 3
[2025.03.01 18:13:04.493 ms]:[INFO]:[PSAG_OGL_SHADER]: fragment compilation succeeded.
[2025.03.01 18:13:04.493 ms]:[INFO]:[PSAG_OGL_SHADER]: shader_program link succeeded.
[2025.03.01 18:13:04.493 ms]:[INFO]:[PSAG_OGL_RES]: shader: storage key: 34
[2025.03.01 18:13:04.493 ms]:[INFO]:[PSAG_GL_DATASET]: ver_data(stc) upload gpu_data: 2940 bytes
[2025.03.01 18:13:04.493 ms]:[INFO]:[PSAG_GL_DATASET]: ver_data(stc) item: alloc key: 36
[2025.03.01 18:13:04.493 ms]:[INFO]:[PSAG_OGL_RENDER]: render_buffer object create.
[2025.03.01 18:13:04.493 ms]:[INFO]:[PSAG_OGL_RENDER]: render_buffer config depth.
[2025.03.01 18:13:04.493 ms]:[INFO]:[PSAG_OGL_RENDER]: alloc render_buffer 1680 x 945, size: 6.056 mib.
[2025.03.01 18:13:04.493 ms]:[INFO]:[PSAG_OGL_RES]: rbo: storage key: 38
[2025.03.01 18:13:04.493 ms]:[TRACE]:[PSAG_OGL_RES]: tmu alloc u: 5
[2025.03.01 18:13:04.493 ms]:[INFO]:[PSAG_OGL_TEXTURE]: texture.2d(array) object create.
[2025.03.01 18:13:04.493 ms]:[INFO]:[PSAG_OGL_TEXTURE]: texture create, succ: size: 1680 x 945, layers: 5.
[2025.03.01 18:13:04.493 ms]:[INFO]:[PSAG_OGL_RES]: texture: storage key: 40
[2025.03.01 18:13:04.494 ms]:[INFO]:[PSAG_OGL_FRAME]: frame_buffer object create.
[2025.03.01 18:13:04.497 ms]:[INFO]:[PSAG_OGL_RES]: fbo: storage key: 42
[2025.03.01 18:13:04.498 ms]:[INFO]:[PSAG_OGL_FRAME]: frame_buffer object create.
[2025.03.01 18:13:04.498 ms]:[INFO]:[PSAG_OGL_RES]: fbo: storage key: 44
[2025.03.01 18:13:04.498 ms]:[INFO]:[PSAG_OGL_FRAME]: frame_buffer object create.
[2025.03.01 18:13:04.498 ms]:[INFO]:[PSAG_OGL_RES]: fbo: storage key: 46
[2025.03.01 18:13:04.498 ms]:[INFO]:[PSAG_OGL_FRAME]: frame_buffer object create.
[2025.03.01 18:13:04.498 ms]:[INFO]:[PSAG_OGL_RES]: fbo: storage key: 48
[2025.03.01 18:13:04.498 ms]:[INFO]:[PSAG_OGL_FRAME]: frame_buffer object create.
[2025.03.01 18:13:04.498 ms]:[INFO]:[PSAG_OGL_RES]: fbo: storage key: 50
[2025.03.01 18:13:04.498 ms]:[INFO]:[PSAG_GL_POST]: graphics_engine create final_shader(system).
[2025.03.01 18:13:04.498 ms]:[INFO]:[PSAG_IMGUI]: imgui_read: fonts file: PSAGameSystemFiles/JetBrainsMonoBold.ttf
[2025.03.01 18:13:04.503 ms]:[INFO]:[PSAG_IMGUI]: imgui_init: imgui_opengl3 context.
[2025.03.01 18:13:04.503 ms]:[TRACE]:[PSAG_M_CORE]: registration ref_object name: ZPGameScene
[2025.03.01 18:13:04.504 ms]:[TRACE]:[PSAG_M_CORE]: registration ref_object name: ZPGamePActor
[2025.03.01 18:13:04.504 ms]:[TRACE]:[PSAG_M_CORE]: registration ref_object name: ZPGameBullet
[2025.03.01 18:13:04.504 ms]:[TRACE]:[PSAG_M_CORE]: registration ref_object name: ZPGameGui
[2025.03.01 18:13:04.504 ms]:[INFO]:[PSAG_PHYSICS]: physics_world item: alloc key: ZPGamePhysics
[2025.03.01 18:13:04.507 ms]:[INFO]:[PSAG_FILESYS_LOAD]: load(src) read_file: PSAGameFrameworkDev/GameZeroProject/GameMaterial/zpgame_wall_h.png read_size: 22012
[2025.03.01 18:13:04.511 ms]:[INFO]:[PSAG_FILESYS_LOAD]: load(src) read_file: PSAGameFrameworkDev/GameZeroProject/GameMaterial/zpgame_wall_v.png read_size: 44017
[2025.03.01 18:13:04.511 ms]:[INFO]:[PSAG_ACTOR_CORE]: game_actor shader create: 1680 x 945
[2025.03.01 18:13:04.511 ms]:[INFO]:[PSAG_ACTOR_CORE]: game_actor shader create: 1680 x 945
[2025.03.01 18:13:04.521 ms]:[INFO]:[PSAG_OGL_IMG]: success decode image: size: 4096 x 208, color_channel: 4
[2025.03.01 18:13:04.522 ms]:[INFO]:[PSAG_GL_DATASET]: layers_manager alloc_count: 0
[2025.03.01 18:13:04.565 ms]:[INFO]:[PSAG_GL_DATASET]: vir_texture: src: 4096 x 208, fmt_fill: 4096 x 4096
[2025.03.01 18:13:04.591 ms]:[INFO]:[PSAG_GL_DATASET]: vir_texture item: alloc key: 52, cropping: 1.00 x 0.05, res: 1x/1
[2025.03.01 18:13:04.597 ms]:[INFO]:[PSAG_ACTOR_CORE]: game_actor shader texture add, name: WallH
[2025.03.01 18:13:04.598 ms]:[INFO]:[PSAG_ACTOR_CORE]: game_actor shader create: 1680 x 945
[2025.03.01 18:13:04.609 ms]:[INFO]:[PSAG_OGL_IMG]: success decode image: size: 208 x 4096, color_channel: 4
[2025.03.01 18:13:04.609 ms]:[INFO]:[PSAG_GL_DATASET]: layers_manager alloc_count: 1
[2025.03.01 18:13:04.652 ms]:[INFO]:[PSAG_GL_DATASET]: vir_texture: src: 208 x 4096, fmt_fill: 4096 x 4096
[2025.03.01 18:13:04.680 ms]:[INFO]:[PSAG_GL_DATASET]: vir_texture item: alloc key: 54, cropping: 0.05 x 1.00, res: 1x/1
[2025.03.01 18:13:04.686 ms]:[INFO]:[PSAG_ACTOR_CORE]: game_actor shader texture add, name: WallV
[2025.03.01 18:13:04.687 ms]:[INFO]:[PSAG_ACTOR_CORE]: game_actor shader load textures: 0
[2025.03.01 18:13:04.687 ms]:[INFO]:[PSAG_OGL_SHADER]: vertex_shader source script num: 1
[2025.03.01 18:13:04.687 ms]:[INFO]:[PSAG_OGL_SHADER]: vertex compilation succeeded.
[2025.03.01 18:13:04.687 ms]:[INFO]:[PSAG_OGL_SHADER]: fragment_shader source script num: 2
[2025.03.01 18:13:04.687 ms]:[INFO]:[PSAG_OGL_SHADER]: fragment compilation succeeded.
[2025.03.01 18:13:04.687 ms]:[INFO]:[PSAG_OGL_SHADER]: shader_program link succeeded.
[2025.03.01 18:13:04.687 ms]:[INFO]:[PSAG_OGL_RES]: shader: storage key: 56
[2025.03.01 18:13:04.687 ms]:[INFO]:[PSAG_ACTOR_CORE]: game_actor shader default_res create.
[2025.03.01 18:13:04.687 ms]:[INFO]:[PSAG_ACTOR_CORE]: game_actor shader load textures: 1
[2025.03.01 18:13:04.687 ms]:[INFO]:[PSAG_OGL_SHADER]: vertex_shader source script num: 1
[2025.03.01 18:13:04.687 ms]:[INFO]:[PSAG_OGL_SHADER]: vertex compilation succeeded.
[2025.03.01 18:13:04.687 ms]:[INFO]:[PSAG_OGL_SHADER]: fragment_shader source script num: 3
[2025.03.01 18:13:04.687 ms]:[INFO]:[PSAG_OGL_SHADER]: fragment compilation succeeded.
[2025.03.01 18:13:04.688 ms]:[INFO]:[PSAG_OGL_SHADER]: shader_program link succeeded.
[2025.03.01 18:13:04.688 ms]:[INFO]:[PSAG_OGL_RES]: shader: storage key: 60
[2025.03.01 18:13:04.688 ms]:[INFO]:[PSAG_ACTOR_CORE]: game_actor shader default_res create.
[2025.03.01 18:13:04.688 ms]:[INFO]:[PSAG_ACTOR_CORE]: game_actor shader load textures: 1
[2025.03.01 18:13:04.688 ms]:[INFO]:[PSAG_OGL_SHADER]: vertex_shader source script num: 1
[2025.03.01 18:13:04.688 ms]:[INFO]:[PSAG_OGL_SHADER]: vertex compilation succeeded.
[2025.03.01 18:13:04.688 ms]:[INFO]:[PSAG_OGL_SHADER]: fragment_shader source script num: 3
[2025.03.01 18:13:04.688 ms]:[INFO]:[PSAG_OGL_SHADER]: fragment compilation succeeded.
[2025.03.01 18:13:04.688 ms]:[INFO]:[PSAG_OGL_SHADER]: shader_program link succeeded.
[2025.03.01 18:13:04.688 ms]:[INFO]:[PSAG_OGL_RES]: shader: storage key: 64
[2025.03.01 18:13:04.688 ms]:[INFO]:[PSAG_ACTOR_CORE]: game_actor shader default_res create.
[2025.03.01 18:13:04.688 ms]:[INFO]:[PSAG_ENVMT_CORE]: game_envmt get textures: 1
[2025.03.01 18:13:04.688 ms]:[INFO]:[PSAG_ENVMT_CORE]: game_envmt render_comp init.
[2025.03.01 18:13:04.688 ms]:[INFO]:[PSAG_PHYSICS]: phy_world => body_data, name: ZPGamePhysics
[2025.03.01 18:13:04.688 ms]:[INFO]:[PSAG_PHYSICS]: body_data(static) item: alloc key: 2011299408192
[2025.03.01 18:13:04.688 ms]:[INFO]:[PSAG_ENVMT_CORE]: game_envmt item create: 68
[2025.03.01 18:13:04.688 ms]:[INFO]:[PSAG_ENVMT_CORE]: game_envmt get textures: 1
[2025.03.01 18:13:04.688 ms]:[INFO]:[PSAG_ENVMT_CORE]: game_envmt render_comp init.
[2025.03.01 18:13:04.688 ms]:[INFO]:[PSAG_PHYSICS]: phy_world => body_data, name: ZPGamePhysics
[2025.03.01 18:13:04.688 ms]:[INFO]:[PSAG_PHYSICS]: body_data(static) item: alloc key: 2011299403712
[2025.03.01 18:13:04.688 ms]:[INFO]:[PSAG_ENVMT_CORE]: game_envmt item create: 70
[2025.03.01 18:13:04.688 ms]:[INFO]:[PSAG_ENVMT_CORE]: game_envmt get textures: 1
[2025.03.01 18:13:04.688 ms]:[INFO]:[PSAG_ENVMT_CORE]: game_envmt render_comp init.
[2025.03.01 18:13:04.688 ms]:[INFO]:[PSAG_PHYSICS]: phy_world => body_data, name: ZPGamePhysics
[2025.03.01 18:13:04.688 ms]:[INFO]:[PSAG_PHYSICS]: body_data(static) item: alloc key: 2011299408416
[2025.03.01 18:13:04.688 ms]:[INFO]:[PSAG_ENVMT_CORE]: game_envmt item create: 72
[2025.03.01 18:13:04.688 ms]:[INFO]:[PSAG_ENVMT_CORE]: game_envmt get textures: 1
[2025.03.01 18:13:04.688 ms]:[INFO]:[PSAG_ENVMT_CORE]: game_envmt render_comp init.
[2025.03.01 18:13:04.688 ms]:[INFO]:[PSAG_PHYSICS]: phy_world => body_data, name: ZPGamePhysics
[2025.03.01 18:13:04.688 ms]:[INFO]:[PSAG_PHYSICS]: body_data(static) item: alloc key: 2011299405952
[2025.03.01 18:13:04.688 ms]:[INFO]:[PSAG_ENVMT_CORE]: game_envmt item create: 74
[2025.03.01 18:13:04.688 ms]:[INFO]:[PSAG_ENVMT_CORE]: game_envmt render_comp init.
[2025.03.01 18:13:04.688 ms]:[INFO]:[PSAG_PHYSICS]: phy_world => body_data, name: ZPGamePhysics
[2025.03.01 18:13:04.688 ms]:[INFO]:[PSAG_PHYSICS]: body_data(static) item: alloc key: 2011299410208
[2025.03.01 18:13:04.688 ms]:[INFO]:[PSAG_ENVMT_CORE]: game_envmt item create: 76
[2025.03.01 18:13:04.688 ms]:[INFO]:[PSAG_ACTOR_CORE]: AType: register key: ActorPAWN
[2025.03.01 18:13:04.688 ms]:[INFO]:[PSAG_ACTOR_CORE]: AType: register key: ActorNPC
[2025.03.01 18:13:04.693 ms]:[INFO]:[PSAG_FILESYS_LOAD]: load(src) read_file: PSAGameFrameworkDev/GameZeroProject/GameMaterial/zpgame_ppactor_nor.png read_size: 405375
[2025.03.01 18:13:04.693 ms]:[INFO]:[PSAG_ACTOR_CORE]: game_actor shader create: 1680 x 945
[2025.03.01 18:13:04.714 ms]:[INFO]:[PSAG_OGL_IMG]: success decode image: size: 1024 x 1024, color_channel: 4
[2025.03.01 18:13:04.715 ms]:[INFO]:[PSAG_GL_DATASET]: layers_manager alloc_count: 0
[2025.03.01 18:13:04.715 ms]:[INFO]:[PSAG_GL_DATASET]: vir_texture: src: 1024 x 1024, fmt_fill: 1024 x 1024
[2025.03.01 18:13:04.717 ms]:[INFO]:[PSAG_GL_DATASET]: vir_texture item: alloc key: 78, cropping: 1.00 x 1.00, res: 4x/1
[2025.03.01 18:13:04.717 ms]:[INFO]:[PSAG_ACTOR_CORE]: game_actor shader texture add, name: PPActor
[2025.03.01 18:13:04.722 ms]:[INFO]:[PSAG_FILESYS_LOAD]: load(src) read_file: PSAGameFrameworkDev/GameZeroProject/GameMaterial/zpgame_npc_a.png read_size: 177392
[2025.03.01 18:13:04.722 ms]:[INFO]:[PSAG_ACTOR_CORE]: game_actor shader create: 1680 x 945
[2025.03.01 18:13:04.743 ms]:[INFO]:[PSAG_OGL_IMG]: success decode image: size: 1024 x 1024, color_channel: 4
[2025.03.01 18:13:04.744 ms]:[INFO]:[PSAG_GL_DATASET]: layers_manager alloc_count: 1
[2025.03.01 18:13:04.744 ms]:[INFO]:[PSAG_GL_DATASET]: vir_texture: src: 1024 x 1024, fmt_fill: 1024 x 1024
[2025.03.01 18:13:04.746 ms]:[INFO]:[PSAG_GL_DATASET]: vir_texture item: alloc key: 80, cropping: 1.00 x 1.00, res: 4x/1
[2025.03.01 18:13:04.747 ms]:[INFO]:[PSAG_ACTOR_CORE]: game_actor shader texture add, name: NPActor
[2025.03.01 18:13:04.747 ms]:[INFO]:[PSAG_ACTOR_CORE]: game_actor shader load textures: 1
[2025.03.01 18:13:04.747 ms]:[INFO]:[PSAG_OGL_SHADER]: vertex_shader source script num: 1
[2025.03.01 18:13:04.748 ms]:[INFO]:[PSAG_OGL_SHADER]: vertex compilation succeeded.
[2025.03.01 18:13:04.748 ms]:[INFO]:[PSAG_OGL_SHADER]: fragment_shader source script num: 3
[2025.03.01 18:13:04.748 ms]:[INFO]:[PSAG_OGL_SHADER]: fragment compilation succeeded.
[2025.03.01 18:13:04.748 ms]:[INFO]:[PSAG_OGL_SHADER]: shader_program link succeeded.
[2025.03.01 18:13:04.748 ms]:[INFO]:[PSAG_OGL_RES]: shader: storage key: 82
[2025.03.01 18:13:04.748 ms]:[INFO]:[PSAG_ACTOR_CORE]: game_actor shader default_res create.
[2025.03.01 18:13:04.748 ms]:[INFO]:[PSAG_ACTOR_CORE]: game_actor shader load textures: 1
[2025.03.01 18:13:04.748 ms]:[INFO]:[PSAG_OGL_SHADER]: vertex_shader source script num: 1
[2025.03.01 18:13:04.748 ms]:[INFO]:[PSAG_OGL_SHADER]: vertex compilation succeeded.
[2025.03.01 18:13:04.748 ms]:[INFO]:[PSAG_OGL_SHADER]: fragment_shader source script num: 3
[2025.03.01 18:13:04.748 ms]:[INFO]:[PSAG_OGL_SHADER]: fragment compilation succeeded.
[2025.03.01 18:13:04.749 ms]:[INFO]:[PSAG_OGL_SHADER]: shader_program link succeeded.
[2025.03.01 18:13:04.749 ms]:[INFO]:[PSAG_OGL_RES]: shader: storage key: 86
[2025.03.01 18:13:04.749 ms]:[INFO]:[PSAG_ACTOR_CORE]: game_actor shader default_res create.
[2025.03.01 18:13:04.749 ms]:[INFO]:[PSAG_ACTOR_CORE]: game_actor get textures: 1
[2025.03.01 18:13:04.749 ms]:[INFO]:[PSAG_ACTOR_CORE]: game_actor render_comp init.
[2025.03.01 18:13:04.749 ms]:[INFO]:[PSAG_PHYSICS]: phy_world => body_data, name: ZPGamePhysics
[2025.03.01 18:13:04.749 ms]:[INFO]:[PSAG_PHYSICS]: body_data(dynamic) item: alloc key: 2011300489968
[2025.03.01 18:13:04.749 ms]:[INFO]:[PSAG_ACTOR_CORE]: game_actor entity create: 90
[2025.03.01 18:13:04.749 ms]:[INFO]:[PSAG_TOOL_NOTFIY]: station register n: PPActor, ptr 4503d6a0
[2025.03.01 18:13:04.749 ms]:[INFO]:[PSAG_ACTOR_CORE]: game_actor get textures: 1
[2025.03.01 18:13:04.749 ms]:[INFO]:[PSAG_ACTOR_CORE]: game_actor render_comp init.
[2025.03.01 18:13:04.749 ms]:[INFO]:[PSAG_PHYSICS]: phy_world => body_data, name: ZPGamePhysics
[2025.03.01 18:13:04.749 ms]:[INFO]:[PSAG_PHYSICS]: body_data(dynamic) item: alloc key: 2011300490304
[2025.03.01 18:13:04.749 ms]:[INFO]:[PSAG_ACTOR_CORE]: game_actor entity create: 92
[2025.03.01 18:13:04.749 ms]:[INFO]:[PSAG_ACTOR_CORE]: game_actor get textures: 1
[2025.03.01 18:13:04.749 ms]:[INFO]:[PSAG_ACTOR_CORE]: game_actor render_comp init.
[2025.03.01 18:13:04.749 ms]:[INFO]:[PSAG_PHYSICS]: phy_world => body_data, name: ZPGamePhysics
[2025.03.01 18:13:04.749 ms]:[INFO]:[PSAG_PHYSICS]: body_data(dynamic) item: alloc key: 2011300490976
[2025.03.01 18:13:04.749 ms]:[INFO]:[PSAG_ACTOR_CORE]: game_actor entity create: 94
[2025.03.01 18:13:04.749 ms]:[INFO]:[PSAG_ACTOR_CORE]: game_actor get textures: 1
[2025.03.01 18:13:04.749 ms]:[INFO]:[PSAG_ACTOR_CORE]: game_actor render_comp init.
[2025.03.01 18:13:04.749 ms]:[INFO]:[PSAG_PHYSICS]: phy_world => body_data, name: ZPGamePhysics
[2025.03.01 18:13:04.749 ms]:[INFO]:[PSAG_PHYSICS]: body_data(dynamic) item: alloc key: 2011300488624
[2025.03.01 18:13:04.749 ms]:[INFO]:[PSAG_ACTOR_CORE]: game_actor entity create: 96
[2025.03.01 18:13:04.749 ms]:[INFO]:[PSAG_ACTOR_CORE]: game_actor get textures: 1
[2025.03.01 18:13:04.749 ms]:[INFO]:[PSAG_ACTOR_CORE]: game_actor render_comp init.
[2025.03.01 18:13:04.749 ms]:[INFO]:[PSAG_PHYSICS]: phy_world => body_data, name: ZPGamePhysics
[2025.03.01 18:13:04.749 ms]:[INFO]:[PSAG_PHYSICS]: body_data(dynamic) item: alloc key: 2011300491648
[2025.03.01 18:13:04.749 ms]:[INFO]:[PSAG_ACTOR_CORE]: game_actor entity create: 98
[2025.03.01 18:13:04.749 ms]:[INFO]:[PSAG_ACTOR_CORE]: game_actor get textures: 1
[2025.03.01 18:13:04.749 ms]:[INFO]:[PSAG_ACTOR_CORE]: game_actor render_comp init.
[2025.03.01 18:13:04.749 ms]:[INFO]:[PSAG_PHYSICS]: phy_world => body_data, name: ZPGamePhysics
[2025.03.01 18:13:04.750 ms]:[INFO]:[PSAG_PHYSICS]: body_data(dynamic) item: alloc key: 2011300495344
[2025.03.01 18:13:04.750 ms]:[INFO]:[PSAG_ACTOR_CORE]: game_actor entity create: 100
[2025.03.01 18:13:04.750 ms]:[INFO]:[PSAG_ACTOR_CORE]: game_actor get textures: 1
[2025.03.01 18:13:04.750 ms]:[INFO]:[PSAG_ACTOR_CORE]: game_actor render_comp init.
[2025.03.01 18:13:04.750 ms]:[INFO]:[PSAG_PHYSICS]: phy_world => body_data, name: ZPGamePhysics
[2025.03.01 18:13:04.750 ms]:[INFO]:[PSAG_PHYSICS]: body_data(dynamic) item: alloc key: 2011300488288
[2025.03.01 18:13:04.750 ms]:[INFO]:[PSAG_ACTOR_CORE]: game_actor entity create: 102
[2025.03.01 18:13:04.750 ms]:[INFO]:[PSAG_ACTOR_CORE]: AType: register key: ActorBULLET
[2025.03.01 18:13:04.754 ms]:[INFO]:[PSAG_FILESYS_LOAD]: load(src) read_file: PSAGameFrameworkDev/GameZeroProject/GameMaterial/zpgame_bullet.png read_size: 54094
[2025.03.01 18:13:04.754 ms]:[INFO]:[PSAG_ACTOR_CORE]: game_actor shader create: 1680 x 945
[2025.03.01 18:13:04.779 ms]:[INFO]:[PSAG_OGL_IMG]: success decode image: size: 1024 x 2048, color_channel: 4
[2025.03.01 18:13:04.781 ms]:[INFO]:[PSAG_GL_DATASET]: layers_manager alloc_count: 0
[2025.03.01 18:13:04.853 ms]:[INFO]:[PSAG_GL_DATASET]: vir_texture: src: 1024 x 2048, fmt_fill: 2048 x 2048
[2025.03.01 18:13:04.861 ms]:[INFO]:[PSAG_GL_DATASET]: vir_texture item: alloc key: 104, cropping: 0.50 x 1.00, res: 2x/1
[2025.03.01 18:13:04.862 ms]:[INFO]:[PSAG_ACTOR_CORE]: game_actor shader texture add, name: Bullet
[2025.03.01 18:13:04.863 ms]:[INFO]:[PSAG_ACTOR_CORE]: game_actor shader load textures: 1
[2025.03.01 18:13:04.863 ms]:[INFO]:[PSAG_OGL_SHADER]: vertex_shader source script num: 1
[2025.03.01 18:13:04.863 ms]:[INFO]:[PSAG_OGL_SHADER]: vertex compilation succeeded.
[2025.03.01 18:13:04.863 ms]:[INFO]:[PSAG_OGL_SHADER]: fragment_shader source script num: 3
[2025.03.01 18:13:04.863 ms]:[INFO]:[PSAG_OGL_SHADER]: fragment compilation succeeded.
[2025.03.01 18:13:04.863 ms]:[INFO]:[PSAG_OGL_SHADER]: shader_program link succeeded.
[2025.03.01 18:13:04.863 ms]:[INFO]:[PSAG_OGL_RES]: shader: storage key: 106
[2025.03.01 18:13:04.863 ms]:[INFO]:[PSAG_ACTOR_CORE]: game_actor shader default_res create.
[2025.03.01 18:13:04.868 ms]:[INFO]:[PSAG_FILESYS_LOAD]: load(src) read_file: PSAGameFrameworkDev/GameZeroProject/GameMaterial/zpgame_particle_a.png read_size: 21686
[2025.03.01 18:13:04.875 ms]:[INFO]:[PSAG_OGL_IMG]: success decode image: size: 512 x 512, color_channel: 4
[2025.03.01 18:13:04.875 ms]:[INFO]:[PSAG_GL_PARTICLE]: particle system proc thread init.
[2025.03.01 18:13:04.875 ms]:[INFO]:[PSAG_OGL_SHADER]: vertex_shader source script num: 1
[2025.03.01 18:13:04.876 ms]:[INFO]:[PSAG_OGL_SHADER]: vertex compilation succeeded.
[2025.03.01 18:13:04.876 ms]:[INFO]:[PSAG_OGL_SHADER]: fragment_shader source script num: 3
[2025.03.01 18:13:04.876 ms]:[INFO]:[PSAG_OGL_SHADER]: fragment compilation succeeded.
[2025.03.01 18:13:04.876 ms]:[INFO]:[PSAG_OGL_SHADER]: shader_program link succeeded.
[2025.03.01 18:13:04.876 ms]:[INFO]:[PSAG_OGL_RES]: shader: storage key: 110
[2025.03.01 18:13:04.876 ms]:[INFO]:[PSAG_GL_DATASET]: ver_data(dy) item: alloc key: 112
[2025.03.01 18:13:04.876 ms]:[INFO]:[PSAG_GL_DATASET]: layers_manager alloc_count: 0
[2025.03.01 18:13:04.876 ms]:[INFO]:[PSAG_GL_DATASET]: vir_texture: src: 512 x 512, fmt_fill: 512 x 512
[2025.03.01 18:13:04.877 ms]:[INFO]:[PSAG_GL_DATASET]: vir_texture item: alloc key: 114, cropping: 1.00 x 1.00, res: 8x/1
[2025.03.01 18:13:04.877 ms]:[INFO]:[PSAG_GL_PARTICLE]: particle system init.
[2025.03.01 18:13:04.877 ms]:[INFO]:[PSAG_GL_PARTICLE]: particle system render_size: 1680 x 945
[2025.03.01 18:13:04.877 ms]:[INFO]:[PSAG_MANAGER_FX]: manager fx_particle init.
[2025.03.01 18:13:04.877 ms]:[INFO]:[PSAG_TOOL_NOTFIY]: station register n: PPActorBullet, ptr 4503d6a0
[2025.03.01 18:13:04.881 ms]:[INFO]:[PSAG_FILESYS_LOAD]: load(src) read_file: PSAGameFrameworkDev/GameZeroProject/GameMaterial/zpgame_gui/zpgame_gui_b0.png read_size: 10743
[2025.03.01 18:13:04.887 ms]:[INFO]:[PSAG_OGL_IMG]: success decode image: size: 1024 x 278, color_channel: 4
[2025.03.01 18:13:04.887 ms]:[INFO]:[PSAG_OGL_TEXTURE]: texture.2d(view) object create.
[2025.03.01 18:13:04.890 ms]:[INFO]:[PSAG_OGL_TEXTURE]: texture_view create, succ: size: 1024 x 278
[2025.03.01 18:13:04.890 ms]:[INFO]:[PSAG_GL_PVFX]: psag_fx image_view system, create: 1024 x 278
[2025.03.01 18:13:04.894 ms]:[INFO]:[PSAG_FILESYS_LOAD]: load(src) read_file: PSAGameFrameworkDev/GameZeroProject/GameMaterial/zpgame_gui/zpgame_gui_b1.png read_size: 22199
[2025.03.01 18:13:04.900 ms]:[INFO]:[PSAG_OGL_IMG]: success decode image: size: 1024 x 278, color_channel: 4
[2025.03.01 18:13:04.905 ms]:[INFO]:[PSAG_OGL_TEXTURE]: texture.2d(view) object create.
[2025.03.01 18:13:04.908 ms]:[INFO]:[PSAG_OGL_TEXTURE]: texture_view create, succ: size: 1024 x 278
[2025.03.01 18:13:04.908 ms]:[INFO]:[PSAG_GL_PVFX]: psag_fx image_view system, create: 1024 x 278
[2025.03.01 18:13:04.912 ms]:[INFO]:[PSAG_FILESYS_LOAD]: load(src) read_file: PSAGameFrameworkDev/GameZeroProject/GameMaterial/zpgame_gui/zpgame_gui_b2.png read_size: 22716
[2025.03.01 18:13:04.918 ms]:[INFO]:[PSAG_OGL_IMG]: success decode image: size: 1024 x 278, color_channel: 4
[2025.03.01 18:13:04.920 ms]:[INFO]:[PSAG_OGL_TEXTURE]: texture.2d(view) object create.
[2025.03.01 18:13:04.920 ms]:[INFO]:[PSAG_OGL_TEXTURE]: texture_view create, succ: size: 1024 x 278
[2025.03.01 18:13:04.920 ms]:[INFO]:[PSAG_GL_PVFX]: psag_fx image_view system, create: 1024 x 278
[2025.03.01 18:13:04.924 ms]:[INFO]:[PSAG_FILESYS_LOAD]: load(src) read_file: PSAGameFrameworkDev/GameZeroProject/GameMaterial/zpgame_gui/zpgame_gui_b3.png read_size: 23026
[2025.03.01 18:13:04.930 ms]:[INFO]:[PSAG_OGL_IMG]: success decode image: size: 1024 x 278, color_channel: 4
[2025.03.01 18:13:04.932 ms]:[INFO]:[PSAG_OGL_TEXTURE]: texture.2d(view) object create.
[2025.03.01 18:13:04.933 ms]:[INFO]:[PSAG_OGL_TEXTURE]: texture_view create, succ: size: 1024 x 278
[2025.03.01 18:13:04.933 ms]:[INFO]:[PSAG_GL_PVFX]: psag_fx image_view system, create: 1024 x 278
[2025.03.01 18:13:04.937 ms]:[INFO]:[PSAG_FILESYS_LOAD]: load(src) read_file: PSAGameFrameworkDev/GameZeroProject/GameMaterial/zpgame_gui/zpgame_gui_b4.png read_size: 23655
[2025.03.01 18:13:04.943 ms]:[INFO]:[PSAG_OGL_IMG]: success decode image: size: 1024 x 278, color_channel: 4
[2025.03.01 18:13:04.945 ms]:[INFO]:[PSAG_OGL_TEXTURE]: texture.2d(view) object create.
[2025.03.01 18:13:04.949 ms]:[INFO]:[PSAG_OGL_TEXTURE]: texture_view create, succ: size: 1024 x 278
[2025.03.01 18:13:04.949 ms]:[INFO]:[PSAG_GL_PVFX]: psag_fx image_view system, create: 1024 x 278
[2025.03.01 18:13:04.953 ms]:[INFO]:[PSAG_FILESYS_LOAD]: load(src) read_file: PSAGameFrameworkDev/GameZeroProject/GameMaterial/zpgame_gui/zpgame_gui_b5.png read_size: 23922
[2025.03.01 18:13:04.959 ms]:[INFO]:[PSAG_OGL_IMG]: success decode image: size: 1024 x 278, color_channel: 4
[2025.03.01 18:13:04.960 ms]:[INFO]:[PSAG_OGL_TEXTURE]: texture.2d(view) object create.
[2025.03.01 18:13:04.961 ms]:[INFO]:[PSAG_OGL_TEXTURE]: texture_view create, succ: size: 1024 x 278
[2025.03.01 18:13:04.961 ms]:[INFO]:[PSAG_GL_PVFX]: psag_fx image_view system, create: 1024 x 278
[2025.03.01 18:13:04.961 ms]:[INFO]:[PSAG_M_START_ANIM]: create start_anim player.
[2025.03.01 18:13:04.961 ms]:[TRACE]:[PSAG_M_CORE]: pomelo_star game2d version: 12.20250127
[2025.03.01 18:13:04.985 ms]:[INFO]:[PSAG_M_START_ANIM]: start_anim playback complete, time(s): 0.000
[2025.03.01 18:13:04.985 ms]:[INFO]:[PSAG_M_START_ANIM]: free textures resource.
[2025.03.01 18:13:14.872 ms]:[INFO]:[PSAG_TOOL_NOTFIY]: station receive pair: PPActor/PPActorBullet, data_size: 12 bytes
[2025.03.01 18:13:14.872 ms]:[INFO]:[PSAG_ACTOR_CORE]: game_actor get textures: 1
[2025.03.01 18:13:14.872 ms]:[INFO]:[PSAG_ACTOR_CORE]: game_actor render_comp init.
[2025.03.01 18:13:14.872 ms]:[INFO]:[PSAG_PHYSICS]: phy_world => body_data, name: ZPGamePhysics
[2025.03.01 18:13:14.872 ms]:[INFO]:[PSAG_PHYSICS]: body_data(dynamic) item: alloc key: 2011354128048
[2025.03.01 18:13:14.872 ms]:[INFO]:[PSAG_ACTOR_CORE]: game_actor entity create: 116
[2025.03.01 18:13:15.637 ms]:[INFO]:[PSAG_TOOL_NOTFIY]: station receive pair: PPActor/PPActorBullet, data_size: 12 bytes
[2025.03.01 18:13:15.637 ms]:[INFO]:[PSAG_ACTOR_CORE]: game_actor get textures: 1
[2025.03.01 18:13:15.637 ms]:[INFO]:[PSAG_ACTOR_CORE]: game_actor render_comp init.
[2025.03.01 18:13:15.637 ms]:[INFO]:[PSAG_PHYSICS]: phy_world => body_data, name: ZPGamePhysics
[2025.03.01 18:13:15.637 ms]:[INFO]:[PSAG_PHYSICS]: body_data(dynamic) item: alloc key: 2011354126704
[2025.03.01 18:13:15.637 ms]:[INFO]:[PSAG_ACTOR_CORE]: game_actor entity create: 118
[2025.03.01 18:13:15.936 ms]:[INFO]:[PSAG_TOOL_NOTFIY]: station receive pair: PPActor/PPActorBullet, data_size: 12 bytes
[2025.03.01 18:13:15.937 ms]:[INFO]:[PSAG_ACTOR_CORE]: game_actor get textures: 1
[2025.03.01 18:13:15.937 ms]:[INFO]:[PSAG_ACTOR_CORE]: game_actor render_comp init.
[2025.03.01 18:13:15.937 ms]:[INFO]:[PSAG_PHYSICS]: phy_world => body_data, name: ZPGamePhysics
[2025.03.01 18:13:15.937 ms]:[INFO]:[PSAG_PHYSICS]: body_data(dynamic) item: alloc key: 2011354128720
[2025.03.01 18:13:15.937 ms]:[INFO]:[PSAG_ACTOR_CORE]: game_actor entity create: 120
[2025.03.01 18:13:16.182 ms]:[INFO]:[PSAG_TOOL_NOTFIY]: station receive pair: PPActor/PPActorBullet, data_size: 12 bytes
[2025.03.01 18:13:16.182 ms]:[INFO]:[PSAG_ACTOR_CORE]: game_actor get textures: 1
[2025.03.01 18:13:16.182 ms]:[INFO]:[PSAG_ACTOR_CORE]: game_actor render_comp init.
[2025.03.01 18:13:16.182 ms]:[INFO]:[PSAG_PHYSICS]: phy_world => body_data, name: ZPGamePhysics
[2025.03.01 18:13:16.182 ms]:[INFO]:[PSAG_PHYSICS]: body_data(dynamic) item: alloc key: 2011354129392
[2025.03.01 18:13:16.182 ms]:[INFO]:[PSAG_ACTOR_CORE]: game_actor entity create: 122
[2025.03.01 18:13:16.414 ms]:[INFO]:[PSAG_TOOL_NOTFIY]: station receive pair: PPActor/PPActorBullet, data_size: 12 bytes
[2025.03.01 18:13:16.415 ms]:[INFO]:[PSAG_ACTOR_CORE]: game_actor get textures: 1
[2025.03.01 18:13:16.415 ms]:[INFO]:[PSAG_ACTOR_CORE]: game_actor render_comp init.
[2025.03.01 18:13:16.415 ms]:[INFO]:[PSAG_PHYSICS]: phy_world => body_data, name: ZPGamePhysics
[2025.03.01 18:13:16.415 ms]:[INFO]:[PSAG_PHYSICS]: body_data(dynamic) item: alloc key: 2011354127376
[2025.03.01 18:13:16.415 ms]:[INFO]:[PSAG_ACTOR_CORE]: game_actor entity create: 124
[2025.03.01 18:13:23.199 ms]:[INFO]:[PSAG_PHYSICS]: phy_world => body_data, name: ZPGamePhysics
[2025.03.01 18:13:23.199 ms]:[INFO]:[PSAG_PHYSICS]: body_data item: delete key: 2011300880528
[2025.03.01 18:13:23.199 ms]:[INFO]:[PSAG_ACTOR_CORE]: game_actor entity delete: 124
[2025.03.01 18:13:23.295 ms]:[INFO]:[PSAG_PHYSICS]: phy_world => body_data, name: ZPGamePhysics
[2025.03.01 18:13:23.295 ms]:[INFO]:[PSAG_PHYSICS]: body_data item: delete key: 2011300879952
[2025.03.01 18:13:23.295 ms]:[INFO]:[PSAG_ACTOR_CORE]: game_actor entity delete: 118
[2025.03.01 18:13:23.455 ms]:[INFO]:[PSAG_PHYSICS]: phy_world => body_data, name: ZPGamePhysics
[2025.03.01 18:13:23.455 ms]:[INFO]:[PSAG_PHYSICS]: body_data item: delete key: 2011300880144
[2025.03.01 18:13:23.455 ms]:[INFO]:[PSAG_ACTOR_CORE]: game_actor entity delete: 120
[2025.03.01 18:13:23.514 ms]:[INFO]:[PSAG_PHYSICS]: phy_world => body_data, name: ZPGamePhysics
[2025.03.01 18:13:23.514 ms]:[INFO]:[PSAG_PHYSICS]: body_data item: delete key: 2011300880336
[2025.03.01 18:13:23.514 ms]:[INFO]:[PSAG_ACTOR_CORE]: game_actor entity delete: 122
[2025.03.01 18:13:25.019 ms]:[INFO]:[PSAG_PHYSICS]: phy_world => body_data, name: ZPGamePhysics
[2025.03.01 18:13:25.019 ms]:[INFO]:[PSAG_PHYSICS]: body_data item: delete key: 2011300879760
[2025.03.01 18:13:25.019 ms]:[INFO]:[PSAG_ACTOR_CORE]: game_actor entity delete: 116
[2025.03.01 18:13:27.158 ms]:[INFO]:[PSAG_TOOL_NOTFIY]: station receive pair: PPActor/PPActorBullet, data_size: 12 bytes
[2025.03.01 18:13:27.158 ms]:[INFO]:[PSAG_ACTOR_CORE]: game_actor get textures: 1
[2025.03.01 18:13:27.158 ms]:[INFO]:[PSAG_ACTOR_CORE]: game_actor render_comp init.
[2025.03.01 18:13:27.158 ms]:[INFO]:[PSAG_PHYSICS]: phy_world => body_data, name: ZPGamePhysics
[2025.03.01 18:13:27.158 ms]:[INFO]:[PSAG_PHYSICS]: body_data(dynamic) item: alloc key: 2011354129728
[2025.03.01 18:13:27.158 ms]:[INFO]:[PSAG_ACTOR_CORE]: game_actor entity create: 126
[2025.03.01 18:13:27.339 ms]:[INFO]:[PSAG_TOOL_NOTFIY]: station receive pair: PPActor/PPActorBullet, data_size: 12 bytes
[2025.03.01 18:13:27.340 ms]:[INFO]:[PSAG_ACTOR_CORE]: game_actor get textures: 1
[2025.03.01 18:13:27.340 ms]:[INFO]:[PSAG_ACTOR_CORE]: game_actor render_comp init.
[2025.03.01 18:13:27.340 ms]:[INFO]:[PSAG_PHYSICS]: phy_world => body_data, name: ZPGamePhysics
[2025.03.01 18:13:27.340 ms]:[INFO]:[PSAG_PHYSICS]: body_data(dynamic) item: alloc key: 2011354124688
[2025.03.01 18:13:27.340 ms]:[INFO]:[PSAG_ACTOR_CORE]: game_actor entity create: 128
[2025.03.01 18:13:27.588 ms]:[INFO]:[PSAG_TOOL_NOTFIY]: station receive pair: PPActor/PPActorBullet, data_size: 12 bytes
[2025.03.01 18:13:27.588 ms]:[INFO]:[PSAG_ACTOR_CORE]: game_actor get textures: 1
[2025.03.01 18:13:27.588 ms]:[INFO]:[PSAG_ACTOR_CORE]: game_actor render_comp init.
[2025.03.01 18:13:27.588 ms]:[INFO]:[PSAG_PHYSICS]: phy_world => body_data, name: ZPGamePhysics
[2025.03.01 18:13:27.588 ms]:[INFO]:[PSAG_PHYSICS]: body_data(dynamic) item: alloc key: 2011354131072
[2025.03.01 18:13:27.588 ms]:[INFO]:[PSAG_ACTOR_CORE]: game_actor entity create: 130
[2025.03.01 18:13:28.330 ms]:[INFO]:[PSAG_TOOL_NOTFIY]: station receive pair: PPActor/PPActorBullet, data_size: 12 bytes
[2025.03.01 18:13:28.331 ms]:[INFO]:[PSAG_ACTOR_CORE]: game_actor get textures: 1
[2025.03.01 18:13:28.331 ms]:[INFO]:[PSAG_ACTOR_CORE]: game_actor render_comp init.
[2025.03.01 18:13:28.331 ms]:[INFO]:[PSAG_PHYSICS]: phy_world => body_data, name: ZPGamePhysics
[2025.03.01 18:13:28.331 ms]:[INFO]:[PSAG_PHYSICS]: body_data(dynamic) item: alloc key: 2011354125360
[2025.03.01 18:13:28.331 ms]:[INFO]:[PSAG_ACTOR_CORE]: game_actor entity create: 132
[2025.03.01 18:13:28.736 ms]:[INFO]:[PSAG_TOOL_NOTFIY]: station receive pair: PPActor/PPActorBullet, data_size: 12 bytes
[2025.03.01 18:13:28.736 ms]:[INFO]:[PSAG_ACTOR_CORE]: game_actor get textures: 1
[2025.03.01 18:13:28.736 ms]:[INFO]:[PSAG_ACTOR_CORE]: game_actor render_comp init.
[2025.03.01 18:13:28.736 ms]:[INFO]:[PSAG_PHYSICS]: phy_world => body_data, name: ZPGamePhysics
[2025.03.01 18:13:28.736 ms]:[INFO]:[PSAG_PHYSICS]: body_data(dynamic) item: alloc key: 2011354127376
[2025.03.01 18:13:28.736 ms]:[INFO]:[PSAG_ACTOR_CORE]: game_actor entity create: 134
[2025.03.01 18:13:28.971 ms]:[INFO]:[PSAG_PHYSICS]: phy_world => body_data, name: ZPGamePhysics
[2025.03.01 18:13:28.971 ms]:[INFO]:[PSAG_PHYSICS]: body_data item: delete key: 2011300879760
[2025.03.01 18:13:28.972 ms]:[INFO]:[PSAG_ACTOR_CORE]: game_actor entity delete: 126
[2025.03.01 18:13:29.801 ms]:[INFO]:[PSAG_TOOL_NOTFIY]: station receive pair: PPActor/PPActorBullet, data_size: 12 bytes
[2025.03.01 18:13:29.801 ms]:[INFO]:[PSAG_ACTOR_CORE]: game_actor get textures: 1
[2025.03.01 18:13:29.801 ms]:[INFO]:[PSAG_ACTOR_CORE]: game_actor render_comp init.
[2025.03.01 18:13:29.801 ms]:[INFO]:[PSAG_PHYSICS]: phy_world => body_data, name: ZPGamePhysics
[2025.03.01 18:13:29.801 ms]:[INFO]:[PSAG_PHYSICS]: body_data(dynamic) item: alloc key: 2011354129728
[2025.03.01 18:13:29.801 ms]:[INFO]:[PSAG_ACTOR_CORE]: game_actor entity create: 136
[2025.03.01 18:13:32.259 ms]:[INFO]:[PSAG_PHYSICS]: phy_world => body_data, name: ZPGamePhysics
[2025.03.01 18:13:32.259 ms]:[INFO]:[PSAG_PHYSICS]: body_data item: delete key: 2011300880336
[2025.03.01 18:13:32.259 ms]:[INFO]:[PSAG_ACTOR_CORE]: game_actor entity delete: 128
[2025.03.01 18:13:32.540 ms]:[INFO]:[PSAG_PHYSICS]: phy_world => body_data, name: ZPGamePhysics
[2025.03.01 18:13:32.541 ms]:[INFO]:[PSAG_PHYSICS]: body_data item: delete key: 2011300880144
[2025.03.01 18:13:32.541 ms]:[INFO]:[PSAG_ACTOR_CORE]: game_actor entity delete: 130
[2025.03.01 18:13:34.466 ms]:[INFO]:[PSAG_PHYSICS]: phy_world => body_data, name: ZPGamePhysics
[2025.03.01 18:13:34.467 ms]:[INFO]:[PSAG_PHYSICS]: body_data item: delete key: 2011300879760
[2025.03.01 18:13:34.467 ms]:[INFO]:[PSAG_ACTOR_CORE]: game_actor entity delete: 136
[2025.03.01 18:13:35.590 ms]:[INFO]:[PSAG_TOOL_NOTFIY]: station receive pair: PPActor/PPActorBullet, data_size: 12 bytes
[2025.03.01 18:13:35.591 ms]:[INFO]:[PSAG_ACTOR_CORE]: game_actor get textures: 1
[2025.03.01 18:13:35.591 ms]:[INFO]:[PSAG_ACTOR_CORE]: game_actor render_comp init.
[2025.03.01 18:13:35.591 ms]:[INFO]:[PSAG_PHYSICS]: phy_world => body_data, name: ZPGamePhysics
[2025.03.01 18:13:35.591 ms]:[INFO]:[PSAG_PHYSICS]: body_data(dynamic) item: alloc key: 2011354128048
[2025.03.01 18:13:35.591 ms]:[INFO]:[PSAG_ACTOR_CORE]: game_actor entity create: 138
[2025.03.01 18:13:36.048 ms]:[INFO]:[PSAG_PHYSICS]: phy_world => body_data, name: ZPGamePhysics
[2025.03.01 18:13:36.048 ms]:[INFO]:[PSAG_PHYSICS]: body_data item: delete key: 2011300880528
[2025.03.01 18:13:36.048 ms]:[INFO]:[PSAG_ACTOR_CORE]: game_actor entity delete: 134
[2025.03.01 18:13:36.082 ms]:[INFO]:[PSAG_TOOL_NOTFIY]: station receive pair: PPActor/PPActorBullet, data_size: 12 bytes
[2025.03.01 18:13:36.083 ms]:[INFO]:[PSAG_ACTOR_CORE]: game_actor get textures: 1
[2025.03.01 18:13:36.083 ms]:[INFO]:[PSAG_ACTOR_CORE]: game_actor render_comp init.
[2025.03.01 18:13:36.083 ms]:[INFO]:[PSAG_PHYSICS]: phy_world => body_data, name: ZPGamePhysics
[2025.03.01 18:13:36.083 ms]:[INFO]:[PSAG_PHYSICS]: body_data(dynamic) item: alloc key: 2011354126704
[2025.03.01 18:13:36.083 ms]:[INFO]:[PSAG_ACTOR_CORE]: game_actor entity create: 140
[2025.03.01 18:13:36.450 ms]:[INFO]:[PSAG_TOOL_NOTFIY]: station receive pair: PPActor/PPActorBullet, data_size: 12 bytes
[2025.03.01 18:13:36.451 ms]:[INFO]:[PSAG_ACTOR_CORE]: game_actor get textures: 1
[2025.03.01 18:13:36.451 ms]:[INFO]:[PSAG_ACTOR_CORE]: game_actor render_comp init.
[2025.03.01 18:13:36.451 ms]:[INFO]:[PSAG_PHYSICS]: phy_world => body_data, name: ZPGamePhysics
[2025.03.01 18:13:36.451 ms]:[INFO]:[PSAG_PHYSICS]: body_data(dynamic) item: alloc key: 2011354129392
[2025.03.01 18:13:36.451 ms]:[INFO]:[PSAG_ACTOR_CORE]: game_actor entity create: 142
[2025.03.01 18:13:36.875 ms]:[INFO]:[PSAG_TOOL_NOTFIY]: station receive pair: PPActor/PPActorBullet, data_size: 12 bytes
[2025.03.01 18:13:36.875 ms]:[INFO]:[PSAG_ACTOR_CORE]: game_actor get textures: 1
[2025.03.01 18:13:36.875 ms]:[INFO]:[PSAG_ACTOR_CORE]: game_actor render_comp init.
[2025.03.01 18:13:36.875 ms]:[INFO]:[PSAG_PHYSICS]: phy_world => body_data, name: ZPGamePhysics
[2025.03.01 18:13:36.875 ms]:[INFO]:[PSAG_PHYSICS]: body_data(dynamic) item: alloc key: 2011354126032
[2025.03.01 18:13:36.875 ms]:[INFO]:[PSAG_ACTOR_CORE]: game_actor entity create: 144
[2025.03.01 18:13:39.761 ms]:[INFO]:[PSAG_PHYSICS]: phy_world => body_data, name: ZPGamePhysics
[2025.03.01 18:13:39.761 ms]:[INFO]:[PSAG_PHYSICS]: body_data item: delete key: 2011300879952
[2025.03.01 18:13:39.761 ms]:[INFO]:[PSAG_ACTOR_CORE]: game_actor entity delete: 132
[2025.03.01 18:13:39.879 ms]:[INFO]:[PSAG_PHYSICS]: phy_world => body_data, name: ZPGamePhysics
[2025.03.01 18:13:39.879 ms]:[INFO]:[PSAG_PHYSICS]: body_data item: delete key: 2011300880336
[2025.03.01 18:13:39.879 ms]:[INFO]:[PSAG_ACTOR_CORE]: game_actor entity delete: 144
[2025.03.01 18:13:44.956 ms]:[INFO]:[PSAG_PHYSICS]: phy_world => body_data, name: ZPGamePhysics
[2025.03.01 18:13:44.956 ms]:[INFO]:[PSAG_PHYSICS]: body_data item: delete key: 2011300880144
[2025.03.01 18:13:44.956 ms]:[INFO]:[PSAG_ACTOR_CORE]: game_actor entity delete: 142
[2025.03.01 18:13:45.017 ms]:[INFO]:[PSAG_PHYSICS]: phy_world => body_data, name: ZPGamePhysics
[2025.03.01 18:13:45.017 ms]:[INFO]:[PSAG_PHYSICS]: body_data item: delete key: 2011300879760
[2025.03.01 18:13:45.017 ms]:[INFO]:[PSAG_ACTOR_CORE]: game_actor entity delete: 138
[2025.03.01 18:13:45.066 ms]:[INFO]:[PSAG_PHYSICS]: phy_world => body_data, name: ZPGamePhysics
[2025.03.01 18:13:45.066 ms]:[INFO]:[PSAG_PHYSICS]: body_data item: delete key: 2011300880528
[2025.03.01 18:13:45.066 ms]:[INFO]:[PSAG_ACTOR_CORE]: game_actor entity delete: 140
[2025.03.01 18:13:52.684 ms]:[INFO]:[PSAG_TOOL_NOTFIY]: station receive pair: PPActor/PPActorBullet, data_size: 12 bytes
[2025.03.01 18:13:52.685 ms]:[INFO]:[PSAG_ACTOR_CORE]: game_actor get textures: 1
[2025.03.01 18:13:52.685 ms]:[INFO]:[PSAG_ACTOR_CORE]: game_actor render_comp init.
[2025.03.01 18:13:52.685 ms]:[INFO]:[PSAG_PHYSICS]: phy_world => body_data, name: ZPGamePhysics
[2025.03.01 18:13:52.685 ms]:[INFO]:[PSAG_PHYSICS]: body_data(dynamic) item: alloc key: 2011354128720
[2025.03.01 18:13:52.685 ms]:[INFO]:[PSAG_ACTOR_CORE]: game_actor entity create: 146
[2025.03.01 18:13:53.164 ms]:[INFO]:[PSAG_TOOL_NOTFIY]: station receive pair: PPActor/PPActorBullet, data_size: 12 bytes
[2025.03.01 18:13:53.165 ms]:[INFO]:[PSAG_ACTOR_CORE]: game_actor get textures: 1
[2025.03.01 18:13:53.166 ms]:[INFO]:[PSAG_ACTOR_CORE]: game_actor render_comp init.
[2025.03.01 18:13:53.166 ms]:[INFO]:[PSAG_PHYSICS]: phy_world => body_data, name: ZPGamePhysics
[2025.03.01 18:13:53.166 ms]:[INFO]:[PSAG_PHYSICS]: body_data(dynamic) item: alloc key: 2011354131072
[2025.03.01 18:13:53.166 ms]:[INFO]:[PSAG_ACTOR_CORE]: game_actor entity create: 148
[2025.03.01 18:13:53.714 ms]:[INFO]:[PSAG_TOOL_NOTFIY]: station receive pair: PPActor/PPActorBullet, data_size: 12 bytes
[2025.03.01 18:13:53.715 ms]:[INFO]:[PSAG_ACTOR_CORE]: game_actor get textures: 1
[2025.03.01 18:13:53.715 ms]:[INFO]:[PSAG_ACTOR_CORE]: game_actor render_comp init.
[2025.03.01 18:13:53.715 ms]:[INFO]:[PSAG_PHYSICS]: phy_world => body_data, name: ZPGamePhysics
[2025.03.01 18:13:53.715 ms]:[INFO]:[PSAG_PHYSICS]: body_data(dynamic) item: alloc key: 2011354124688
[2025.03.01 18:13:53.715 ms]:[INFO]:[PSAG_ACTOR_CORE]: game_actor entity create: 150
[2025.03.01 18:13:54.246 ms]:[INFO]:[PSAG_TOOL_NOTFIY]: station receive pair: PPActor/PPActorBullet, data_size: 12 bytes
[2025.03.01 18:13:54.247 ms]:[INFO]:[PSAG_ACTOR_CORE]: game_actor get textures: 1
[2025.03.01 18:13:54.247 ms]:[INFO]:[PSAG_ACTOR_CORE]: game_actor render_comp init.
[2025.03.01 18:13:54.247 ms]:[INFO]:[PSAG_PHYSICS]: phy_world => body_data, name: ZPGamePhysics
[2025.03.01 18:13:54.247 ms]:[INFO]:[PSAG_PHYSICS]: body_data(dynamic) item: alloc key: 2011354130400
[2025.03.01 18:13:54.247 ms]:[INFO]:[PSAG_ACTOR_CORE]: game_actor entity create: 152
[2025.03.01 18:13:54.598 ms]:[INFO]:[PSAG_TOOL_NOTFIY]: station receive pair: PPActor/PPActorBullet, data_size: 12 bytes
[2025.03.01 18:13:54.599 ms]:[INFO]:[PSAG_ACTOR_CORE]: game_actor get textures: 1
[2025.03.01 18:13:54.599 ms]:[INFO]:[PSAG_ACTOR_CORE]: game_actor render_comp init.
[2025.03.01 18:13:54.599 ms]:[INFO]:[PSAG_PHYSICS]: phy_world => body_data, name: ZPGamePhysics
[2025.03.01 18:13:54.599 ms]:[INFO]:[PSAG_PHYSICS]: body_data(dynamic) item: alloc key: 2011354128048
[2025.03.01 18:13:54.599 ms]:[INFO]:[PSAG_ACTOR_CORE]: game_actor entity create: 154
[2025.03.01 18:13:57.888 ms]:[INFO]:[PSAG_PHYSICS]: phy_world => body_data, name: ZPGamePhysics
[2025.03.01 18:13:57.888 ms]:[INFO]:[PSAG_PHYSICS]: body_data item: delete key: 2011300880528
[2025.03.01 18:13:57.888 ms]:[INFO]:[PSAG_ACTOR_CORE]: game_actor entity delete: 146
[2025.03.01 18:13:59.288 ms]:[INFO]:[PSAG_PHYSICS]: phy_world => body_data, name: ZPGamePhysics
[2025.03.01 18:13:59.288 ms]:[INFO]:[PSAG_PHYSICS]: body_data item: delete key: 2011300879952
[2025.03.01 18:13:59.288 ms]:[INFO]:[PSAG_ACTOR_CORE]: game_actor entity delete: 154
[2025.03.01 18:13:59.901 ms]:[INFO]:[PSAG_PHYSICS]: phy_world => body_data, name: ZPGamePhysics
[2025.03.01 18:13:59.901 ms]:[INFO]:[PSAG_PHYSICS]: body_data item: delete key: 2011300880336
[2025.03.01 18:13:59.901 ms]:[INFO]:[PSAG_ACTOR_CORE]: game_actor entity delete: 152
[2025.03.01 18:14:00.263 ms]:[INFO]:[PSAG_PHYSICS]: phy_world => body_data, name: ZPGamePhysics
[2025.03.01 18:14:00.263 ms]:[INFO]:[PSAG_PHYSICS]: body_data item: delete key: 2011300880144
[2025.03.01 18:14:00.263 ms]:[INFO]:[PSAG_ACTOR_CORE]: game_actor entity delete: 150
[2025.03.01 18:14:00.501 ms]:[INFO]:[PSAG_PHYSICS]: phy_world => body_data, name: ZPGamePhysics
[2025.03.01 18:14:00.501 ms]:[INFO]:[PSAG_PHYSICS]: body_data item: delete key: 2011300879760
[2025.03.01 18:14:00.501 ms]:[INFO]:[PSAG_ACTOR_CORE]: game_actor entity delete: 148
[2025.03.01 18:14:03.730 ms]:[INFO]:[PSAG_TOOL_NOTFIY]: station receive pair: PPActor/PPActorBullet, data_size: 12 bytes
[2025.03.01 18:14:03.730 ms]:[INFO]:[PSAG_ACTOR_CORE]: game_actor get textures: 1
[2025.03.01 18:14:03.730 ms]:[INFO]:[PSAG_ACTOR_CORE]: game_actor render_comp init.
[2025.03.01 18:14:03.730 ms]:[INFO]:[PSAG_PHYSICS]: phy_world => body_data, name: ZPGamePhysics
[2025.03.01 18:14:03.730 ms]:[INFO]:[PSAG_PHYSICS]: body_data(dynamic) item: alloc key: 2011354124688
[2025.03.01 18:14:03.730 ms]:[INFO]:[PSAG_ACTOR_CORE]: game_actor entity create: 156
[2025.03.01 18:14:04.006 ms]:[INFO]:[PSAG_TOOL_NOTFIY]: station receive pair: PPActor/PPActorBullet, data_size: 12 bytes
[2025.03.01 18:14:04.007 ms]:[INFO]:[PSAG_ACTOR_CORE]: game_actor get textures: 1
[2025.03.01 18:14:04.007 ms]:[INFO]:[PSAG_ACTOR_CORE]: game_actor render_comp init.
[2025.03.01 18:14:04.007 ms]:[INFO]:[PSAG_PHYSICS]: phy_world => body_data, name: ZPGamePhysics
[2025.03.01 18:14:04.007 ms]:[INFO]:[PSAG_PHYSICS]: body_data(dynamic) item: alloc key: 2011354125360
[2025.03.01 18:14:04.007 ms]:[INFO]:[PSAG_ACTOR_CORE]: game_actor entity create: 158
[2025.03.01 18:14:04.056 ms]:[INFO]:[PSAG_TOOL_NOTFIY]: station receive pair: PPActor/PPActorBullet, data_size: 12 bytes
[2025.03.01 18:14:04.057 ms]:[INFO]:[PSAG_ACTOR_CORE]: game_actor get textures: 1
[2025.03.01 18:14:04.057 ms]:[INFO]:[PSAG_ACTOR_CORE]: game_actor render_comp init.
[2025.03.01 18:14:04.057 ms]:[INFO]:[PSAG_PHYSICS]: phy_world => body_data, name: ZPGamePhysics
[2025.03.01 18:14:04.057 ms]:[INFO]:[PSAG_PHYSICS]: body_data(dynamic) item: alloc key: 2011354126032
[2025.03.01 18:14:04.057 ms]:[INFO]:[PSAG_ACTOR_CORE]: game_actor entity create: 160
[2025.03.01 18:14:04.107 ms]:[INFO]:[PSAG_TOOL_NOTFIY]: station receive pair: PPActor/PPActorBullet, data_size: 12 bytes
[2025.03.01 18:14:04.107 ms]:[INFO]:[PSAG_ACTOR_CORE]: game_actor get textures: 1
[2025.03.01 18:14:04.107 ms]:[INFO]:[PSAG_ACTOR_CORE]: game_actor render_comp init.
[2025.03.01 18:14:04.107 ms]:[INFO]:[PSAG_PHYSICS]: phy_world => body_data, name: ZPGamePhysics
[2025.03.01 18:14:04.107 ms]:[INFO]:[PSAG_PHYSICS]: body_data(dynamic) item: alloc key: 2011354126704
[2025.03.01 18:14:04.107 ms]:[INFO]:[PSAG_ACTOR_CORE]: game_actor entity create: 162
[2025.03.01 18:14:04.157 ms]:[INFO]:[PSAG_TOOL_NOTFIY]: station receive pair: PPActor/PPActorBullet, data_size: 12 bytes
[2025.03.01 18:14:04.158 ms]:[INFO]:[PSAG_ACTOR_CORE]: game_actor get textures: 1
[2025.03.01 18:14:04.158 ms]:[INFO]:[PSAG_ACTOR_CORE]: game_actor render_comp init.
[2025.03.01 18:14:04.158 ms]:[INFO]:[PSAG_PHYSICS]: phy_world => body_data, name: ZPGamePhysics
[2025.03.01 18:14:04.158 ms]:[INFO]:[PSAG_PHYSICS]: body_data(dynamic) item: alloc key: 2011354127376
[2025.03.01 18:14:04.158 ms]:[INFO]:[PSAG_ACTOR_CORE]: game_actor entity create: 164
[2025.03.01 18:14:13.317 ms]:[INFO]:[PSAG_PHYSICS]: phy_world => body_data, name: ZPGamePhysics
[2025.03.01 18:14:13.317 ms]:[INFO]:[PSAG_PHYSICS]: body_data item: delete key: 2011300879760
[2025.03.01 18:14:13.317 ms]:[INFO]:[PSAG_ACTOR_CORE]: game_actor entity delete: 156
[2025.03.01 18:14:13.928 ms]:[INFO]:[PSAG_PHYSICS]: phy_world => body_data, name: ZPGamePhysics
[2025.03.01 18:14:13.928 ms]:[INFO]:[PSAG_PHYSICS]: body_data item: delete key: 2011300880144
[2025.03.01 18:14:13.928 ms]:[INFO]:[PSAG_ACTOR_CORE]: game_actor entity delete: 158
[2025.03.01 18:14:13.946 ms]:[INFO]:[PSAG_PHYSICS]: phy_world => body_data, name: ZPGamePhysics
[2025.03.01 18:14:13.947 ms]:[INFO]:[PSAG_PHYSICS]: body_data item: delete key: 2011300880336
[2025.03.01 18:14:13.947 ms]:[INFO]:[PSAG_ACTOR_CORE]: game_actor entity delete: 160
[2025.03.01 18:14:13.985 ms]:[INFO]:[PSAG_PHYSICS]: phy_world => body_data, name: ZPGamePhysics
[2025.03.01 18:14:13.985 ms]:[INFO]:[PSAG_PHYSICS]: body_data item: delete key: 2011300879952
[2025.03.01 18:14:13.986 ms]:[INFO]:[PSAG_ACTOR_CORE]: game_actor entity delete: 162
[2025.03.01 18:14:13.999 ms]:[INFO]:[PSAG_PHYSICS]: phy_world => body_data, name: ZPGamePhysics
[2025.03.01 18:14:13.999 ms]:[INFO]:[PSAG_PHYSICS]: body_data item: delete key: 2011300880528
[2025.03.01 18:14:13.999 ms]:[INFO]:[PSAG_ACTOR_CORE]: game_actor entity delete: 164
[2025.03.01 18:14:44.773 ms]:[INFO]:[PSAG_OGL_RES]: rbo: delete key: 38
[2025.03.01 18:14:44.773 ms]:[INFO]:[PSAG_OGL_RES]: fbo: delete key: 48
[2025.03.01 18:14:44.773 ms]:[INFO]:[PSAG_OGL_RES]: fbo: delete key: 50
[2025.03.01 18:14:44.773 ms]:[INFO]:[PSAG_OGL_RES]: fbo: delete key: 46
[2025.03.01 18:14:44.773 ms]:[INFO]:[PSAG_OGL_RES]: fbo: delete key: 42
[2025.03.01 18:14:44.773 ms]:[TRACE]:[PSAG_OGL_RES]: tmu delete(space): 5
[2025.03.01 18:14:44.773 ms]:[INFO]:[PSAG_OGL_RES]: texture: delete key: 40
[2025.03.01 18:14:44.773 ms]:[INFO]:[PSAG_OGL_RES]: shader: delete key: 30
[2025.03.01 18:14:44.773 ms]:[INFO]:[PSAG_OGL_RES]: shader: delete key: 32
[2025.03.01 18:14:44.773 ms]:[INFO]:[PSAG_OGL_RES]: shader: delete key: 34
[2025.03.01 18:14:44.773 ms]:[INFO]:[PSAG_OGL_RES]: shader: delete key: 26
[2025.03.01 18:14:44.773 ms]:[INFO]:[PSAG_GL_POST]: graphics_engine free post_shader(system).
[2025.03.01 18:14:44.773 ms]:[INFO]:[PSAG_PHYSICS]: phy_world => body_data, name: ZPGamePhysics
[2025.03.01 18:14:44.774 ms]:[INFO]:[PSAG_PHYSICS]: body_data item: delete key: 2011300878224
[2025.03.01 18:14:44.774 ms]:[INFO]:[PSAG_ENVMT_CORE]: game_envmt item delete: 76
[2025.03.01 18:14:44.774 ms]:[INFO]:[PSAG_PHYSICS]: phy_world => body_data, name: ZPGamePhysics
[2025.03.01 18:14:44.774 ms]:[INFO]:[PSAG_PHYSICS]: body_data item: delete key: 2011300877456
[2025.03.01 18:14:44.774 ms]:[INFO]:[PSAG_ENVMT_CORE]: game_envmt item delete: 68
[2025.03.01 18:14:44.774 ms]:[INFO]:[PSAG_PHYSICS]: phy_world => body_data, name: ZPGamePhysics
[2025.03.01 18:14:44.774 ms]:[INFO]:[PSAG_PHYSICS]: body_data item: delete key: 2011300877648
[2025.03.01 18:14:44.774 ms]:[INFO]:[PSAG_ENVMT_CORE]: game_envmt item delete: 70
[2025.03.01 18:14:44.774 ms]:[INFO]:[PSAG_PHYSICS]: phy_world => body_data, name: ZPGamePhysics
[2025.03.01 18:14:44.774 ms]:[INFO]:[PSAG_PHYSICS]: body_data item: delete key: 2011300877840
[2025.03.01 18:14:44.774 ms]:[INFO]:[PSAG_ENVMT_CORE]: game_envmt item delete: 72
[2025.03.01 18:14:44.774 ms]:[INFO]:[PSAG_PHYSICS]: phy_world => body_data, name: ZPGamePhysics
[2025.03.01 18:14:44.774 ms]:[INFO]:[PSAG_PHYSICS]: body_data item: delete key: 2011300878032
[2025.03.01 18:14:44.774 ms]:[INFO]:[PSAG_ENVMT_CORE]: game_envmt item delete: 74
[2025.03.01 18:14:44.774 ms]:[INFO]:[PSAG_GAMECORE_MAG]: game_envmt manager system delete.
[2025.03.01 18:14:44.774 ms]:[INFO]:[PSAG_GL_DATASET]: layers_manager delete_count(space): 0
[2025.03.01 18:14:44.774 ms]:[INFO]:[PSAG_GL_DATASET]: vir_texture item: delete key: 52
[2025.03.01 18:14:44.774 ms]:[INFO]:[PSAG_OGL_RES]: shader: delete key: 60
[2025.03.01 18:14:44.774 ms]:[INFO]:[PSAG_ACTOR_CORE]: game_actor shader delete.
[2025.03.01 18:14:44.775 ms]:[INFO]:[PSAG_OGL_RES]: shader: delete key: 56
[2025.03.01 18:14:44.775 ms]:[INFO]:[PSAG_ACTOR_CORE]: game_actor shader delete.
[2025.03.01 18:14:44.775 ms]:[INFO]:[PSAG_GL_DATASET]: layers_manager delete_count(space): 1
[2025.03.01 18:14:44.775 ms]:[INFO]:[PSAG_GL_DATASET]: vir_texture item: delete key: 54
[2025.03.01 18:14:44.775 ms]:[INFO]:[PSAG_OGL_RES]: shader: delete key: 64
[2025.03.01 18:14:44.775 ms]:[INFO]:[PSAG_ACTOR_CORE]: game_actor shader delete.
[2025.03.01 18:14:44.775 ms]:[INFO]:[PSAG_GAMECORE_MAG]: actor_shader manager system delete.
[2025.03.01 18:14:44.775 ms]:[INFO]:[PSAG_PHYSICS]: phy_world => body_data, name: ZPGamePhysics
[2025.03.01 18:14:44.775 ms]:[INFO]:[PSAG_PHYSICS]: body_data item: delete key: 2011300878416
[2025.03.01 18:14:44.775 ms]:[INFO]:[PSAG_ACTOR_CORE]: game_actor entity delete: 90
[2025.03.01 18:14:44.775 ms]:[INFO]:[PSAG_GL_DATASET]: layers_manager delete_count(space): 0
[2025.03.01 18:14:44.775 ms]:[INFO]:[PSAG_GL_DATASET]: vir_texture item: delete key: 78
[2025.03.01 18:14:44.775 ms]:[INFO]:[PSAG_OGL_RES]: shader: delete key: 82
[2025.03.01 18:14:44.775 ms]:[INFO]:[PSAG_ACTOR_CORE]: game_actor shader delete.
[2025.03.01 18:14:44.775 ms]:[INFO]:[PSAG_GL_DATASET]: layers_manager delete_count(space): 1
[2025.03.01 18:14:44.775 ms]:[INFO]:[PSAG_GL_DATASET]: vir_texture item: delete key: 80
[2025.03.01 18:14:44.775 ms]:[INFO]:[PSAG_OGL_RES]: shader: delete key: 86
[2025.03.01 18:14:44.775 ms]:[INFO]:[PSAG_ACTOR_CORE]: game_actor shader delete.
[2025.03.01 18:14:44.775 ms]:[INFO]:[PSAG_GAMECORE_MAG]: actor_shader manager system delete.
[2025.03.01 18:14:44.775 ms]:[INFO]:[PSAG_GL_DATASET]: layers_manager delete_count(space): 0
[2025.03.01 18:14:44.776 ms]:[INFO]:[PSAG_GL_DATASET]: vir_texture item: delete key: 104
[2025.03.01 18:14:44.776 ms]:[INFO]:[PSAG_OGL_RES]: shader: delete key: 106
[2025.03.01 18:14:44.776 ms]:[INFO]:[PSAG_ACTOR_CORE]: game_actor shader delete.
[2025.03.01 18:14:44.776 ms]:[INFO]:[PSAG_GAMECORE_MAG]: actor_shader manager system delete.
[2025.03.01 18:14:44.776 ms]:[INFO]:[PSAG_GAMECORE_MAG]: game_actor manager system delete.
[2025.03.01 18:14:44.776 ms]:[INFO]:[PSAG_GL_PVFX]: psag_fx image_view system free.
[2025.03.01 18:14:44.776 ms]:[INFO]:[PSAG_GL_PVFX]: psag_fx image_view system free.
[2025.03.01 18:14:44.776 ms]:[INFO]:[PSAG_GL_PVFX]: psag_fx image_view system free.
[2025.03.01 18:14:44.776 ms]:[INFO]:[PSAG_GL_PVFX]: psag_fx image_view system free.
[2025.03.01 18:14:44.776 ms]:[INFO]:[PSAG_GL_PVFX]: psag_fx image_view system free.
[2025.03.01 18:14:44.776 ms]:[INFO]:[PSAG_GL_PVFX]: psag_fx image_view system free.
[2025.03.01 18:14:44.776 ms]:[INFO]:[PSAG_OGL_RES]: vao: delete key: 4
[2025.03.01 18:14:44.776 ms]:[INFO]:[PSAG_OGL_RES]: vbo: delete key: 6
[2025.03.01 18:14:44.776 ms]:[INFO]:[PSAG_OGL_RES]: vao: delete key: 8
[2025.03.01 18:14:44.776 ms]:[INFO]:[PSAG_OGL_RES]: vbo: delete key: 10
[2025.03.01 18:14:44.776 ms]:[TRACE]:[PSAG_OGL_RES]: tmu delete(space): 1
[2025.03.01 18:14:44.776 ms]:[TRACE]:[PSAG_OGL_RES]: tmu delete(space): 2
[2025.03.01 18:14:44.776 ms]:[TRACE]:[PSAG_OGL_RES]: tmu delete(space): 3
[2025.03.01 18:14:44.776 ms]:[TRACE]:[PSAG_OGL_RES]: tmu delete(space): 4
[2025.03.01 18:14:44.801 ms]:[INFO]:[PSAG_OGL_RES]: texture: delete key: 16
[2025.03.01 18:14:44.816 ms]:[INFO]:[PSAG_OGL_RES]: texture: delete key: 18
[2025.03.01 18:14:44.824 ms]:[INFO]:[PSAG_OGL_RES]: texture: delete key: 20
[2025.03.01 18:14:44.827 ms]:[INFO]:[PSAG_OGL_RES]: texture: delete key: 22
[2025.03.01 18:14:45.155 ms]:[TRACE]:[PSAG_AUDIO]: audio(openal) global free_context & close_device.
[2025.03.01 18:14:45.155 ms]:[INFO]:[PSAG_PHYSICS]: physics_world item: free_bodies: 0, delete key: DEFAULT_PHY_WORLD
[2025.03.01 18:14:45.158 ms]:[INFO]:[PSAG_IMGUI]: imgui_free: imgui_opengl3 context.
[2025.03.01 18:14:45.158 ms]:[TRACE]:[PSAG_AUDIO_DATA]: free resource(raw_audio): 0 bytes
[2025.03.01 18:14:45.158 ms]:[INFO]:[PSAG_AUDIO_DATA]: LLRES static_object() delete.
[2025.03.01 18:14:45.158 ms]:[TRACE]:[PSAG_OGL_RES]: free resource(shader): 2 items
[2025.03.01 18:14:45.158 ms]:[TRACE]:[PSAG_OGL_RES]: free resource(texture): 0 items
[2025.03.01 18:14:45.158 ms]:[TRACE]:[PSAG_OGL_RES]: free resource(vertex_buffer): 0 items
[2025.03.01 18:14:45.158 ms]:[TRACE]:[PSAG_OGL_RES]: free resource(vertex_attribute): 0 items
[2025.03.01 18:14:45.159 ms]:[TRACE]:[PSAG_OGL_RES]: free resource(frame_buffer): 1 items
[2025.03.01 18:14:45.159 ms]:[TRACE]:[PSAG_OGL_RES]: free resource(render_buffer): 0 items
[2025.03.01 18:14:45.159 ms]:[TRACE]:[PSAG_OGL_RES]: free resource(uniform_buffer): 1 items
[2025.03.01 18:14:45.159 ms]:[INFO]:[PSAG_LLRES]: graph static_object(graphics) delete.
[2025.03.01 18:14:45.179 ms]:[INFO]:[PSAG_WINDOW]: fw_window free: glfw context.
[2025.03.01 18:14:45.520 ms]:[TRACE]:[PSAG_M_MAINEVENT]: async_events execution end.
[2025.03.01 18:14:45.520 ms]:[INFO]:[PSAG_M_START]: free framework ret_code: 1
