[2025.02.24 16:16:08.189 ms]:[INFO]:[PSAG_LOGGER]: start thread success.
[2025.02.24 16:16:08.189 ms]:[INFO]:[PSAG_LOGGER]: create log_file: PSAGameSystemLogs/7783015894500.log
[2025.02.24 16:16:08.189 ms]:[INFO]:[PSAG_M_START]: core_start objects(frm) total: only
[2025.02.24 16:16:08.189 ms]:[INFO]:[PSAG_M_START]: core_start objects(net) total: 0
[2025.02.24 16:16:08.189 ms]:[INFO]:[PSAG_M_START]: core_start objects(ext) total: 0
[2025.02.24 16:16:08.190 ms]:[TRACE]:[PSAG_M_MAINEVENT]: async_event add item_id: 594550780000
[2025.02.24 16:16:08.190 ms]:[INFO]:[PSAG_M_MAINEVENT]: async_events executing...
[2025.02.24 16:16:08.190 ms]:[INFO]:[PSAG_FILESYS_LOAD]: load(src) read_file: PSAGameFrameworkCore/framework_config.json read_size: 463
[2025.02.24 16:16:08.190 ms]:[INFO]:[PSAG_FILESYS_LOAD]: load(src) read_file: PSAGameFrameworkCore/framework_config_shaders.json read_size: 1329
[2025.02.24 16:16:08.190 ms]:[INFO]:[PSAG_FILESYS_LOAD]: load(src) read_file: PSAGameFrameworkCore/CoreShaderScript/public/psag_graph_template_actor.vert read_size: 984
[2025.02.24 16:16:08.191 ms]:[INFO]:[PSAG_FILESYS_LOAD]: load(src) read_file: PSAGameFrameworkCore/CoreShaderScript/public/psag_graph_template.vert read_size: 737
[2025.02.24 16:16:08.191 ms]:[INFO]:[PSAG_FILESYS_LOAD]: load(src) read_file: PSAGameFrameworkCore/CoreShaderScript/public/psag_graph_tools.frag read_size: 933
[2025.02.24 16:16:08.191 ms]:[INFO]:[PSAG_FILESYS_LOAD]: load(src) read_file: PSAGameFrameworkCore/CoreShaderScript/public/psag_graph_header.frag read_size: 202
[2025.02.24 16:16:08.191 ms]:[INFO]:[PSAG_FILESYS_LOAD]: load(src) read_file: PSAGameFrameworkCore/CoreShaderScript/private/psag_graph_final_vollight.frag read_size: 1670
[2025.02.24 16:16:08.191 ms]:[INFO]:[PSAG_FILESYS_LOAD]: load(src) read_file: PSAGameFrameworkCore/CoreShaderScript/private/psag_graph_final_multfilter.frag read_size: 356
[2025.02.24 16:16:08.191 ms]:[INFO]:[PSAG_FILESYS_LOAD]: load(src) read_file: PSAGameFrameworkCore/CoreShaderScript/private/psag_graph_final_blurh.frag read_size: 783
[2025.02.24 16:16:08.191 ms]:[INFO]:[PSAG_FILESYS_LOAD]: load(src) read_file: PSAGameFrameworkCore/CoreShaderScript/private/psag_graph_final_blurv.frag read_size: 778
[2025.02.24 16:16:08.191 ms]:[INFO]:[PSAG_FILESYS_LOAD]: load(src) read_file: PSAGameFrameworkCore/CoreShaderScript/private/psag_graph_final.frag read_size: 1243
[2025.02.24 16:16:08.191 ms]:[INFO]:[PSAG_FILESYS_LOAD]: load(src) read_file: PSAGameFrameworkCore/CoreShaderScript/private/psag_graph_background.frag read_size: 1107
[2025.02.24 16:16:08.191 ms]:[INFO]:[PSAG_FILESYS_LOAD]: load(src) read_file: PSAGameFrameworkCore/CoreShaderScript/private/psag_graph_particle.frag read_size: 1255
[2025.02.24 16:16:08.191 ms]:[INFO]:[PSAG_FILESYS_LOAD]: load(src) read_file: PSAGameFrameworkCore/CoreShaderScript/private/psag_graph_fx_sequence.frag read_size: 543
[2025.02.24 16:16:08.191 ms]:[INFO]:[PSAG_GL_GLSL]: graphics_engine config system_glsl.
[2025.02.24 16:16:08.191 ms]:[TRACE]:[PSAG_M_CORE]: core framework init,config...
[2025.02.24 16:16:08.224 ms]:[INFO]:[PSAG_WINDOW]: init opengl_glfw.
[2025.02.24 16:16:08.431 ms]:[WARNING]:[PSAG_WINDOW]: <F:\PSAFrameworkProject\PSAGameFramework\PSAGameFramework\PSAGameFrameworkCore\LLWindowGui\framework_window_system.cpp:__LINE__> failed fw_window load: icon_image.
[2025.02.24 16:16:08.431 ms]:[INFO]:[PSAG_OGL_INIT]: framework_graphics logger function_ptr: d82b9418
[2025.02.24 16:16:08.431 ms]:[INFO]:[PSAG_OGL_INIT]: framework_graphics shader gl_version: 
[2025.02.24 16:16:08.433 ms]:[TRACE]:[PSAG_OGL_INIT]: framework_graphics config init...
[2025.02.24 16:16:08.433 ms]:[INFO]:[PSAG_OGL_INFORMATION]: device gpu supplier: NVIDIA Corporation
[2025.02.24 16:16:08.433 ms]:[INFO]:[PSAG_OGL_INFORMATION]: device gpu model: NVIDIA GeForce RTX 4060 Laptop GPU/PCIe/SSE2
[2025.02.24 16:16:08.434 ms]:[INFO]:[PSAG_OGL_INFORMATION]: device version opengl: 4.6.0 NVIDIA 561.19
[2025.02.24 16:16:08.434 ms]:[INFO]:[PSAG_OGL_INFORMATION]: device version glsl: 4.60 NVIDIA
[2025.02.24 16:16:08.434 ms]:[PERF]:[PSAG_OGL_INFORMATION]: device memory[capacity]: 8188.00 mib
[2025.02.24 16:16:08.434 ms]:[INFO]:[PSAG_OGL_INFORMATION]: device (vao)attribs_max units: 16 entry
[2025.02.24 16:16:08.434 ms]:[INFO]:[PSAG_OGL_INFORMATION]: device (vbo)buffer_max units: 4096 entry
[2025.02.24 16:16:08.434 ms]:[INFO]:[PSAG_OGL_INFORMATION]: device [tmu]texture_max units: 32 entry
[2025.02.24 16:16:08.434 ms]:[INFO]:[PSAG_OGL_INFORMATION]: device (vert)uniform_max items: 4096
[2025.02.24 16:16:08.434 ms]:[INFO]:[PSAG_OGL_INFORMATION]: device (frag)uniform_max items: 4096
[2025.02.24 16:16:08.434 ms]:[INFO]:[PSAG_LLRES]: graph static_object(graphics) create.
[2025.02.24 16:16:08.434 ms]:[INFO]:[PSAG_AUDIO_DATA]: LLRES static_object() create.
[2025.02.24 16:16:08.434 ms]:[INFO]:[PSAG_OGL_RES]: vao: storage key: 4
[2025.02.24 16:16:08.434 ms]:[INFO]:[PSAG_OGL_RES]: vbo: storage key: 6
[2025.02.24 16:16:08.434 ms]:[TRACE]:[PSAG_GL_DATASET]: dynamic vertex data manager_create.
[2025.02.24 16:16:08.434 ms]:[INFO]:[PSAG_OGL_RES]: vao: storage key: 8
[2025.02.24 16:16:08.434 ms]:[INFO]:[PSAG_OGL_RES]: vbo: storage key: 10
[2025.02.24 16:16:08.435 ms]:[INFO]:[PSAG_GL_DATASET]: ver_data(stc) upload gpu_data: 72 bytes
[2025.02.24 16:16:08.435 ms]:[INFO]:[PSAG_GL_DATASET]: ver_data(stc) item: alloc key: 12
[2025.02.24 16:16:08.435 ms]:[INFO]:[PSAG_GL_DATASET]: preset craete: rectangle.
[2025.02.24 16:16:08.436 ms]:[INFO]:[PSAG_GL_DATASET]: ver_data(stc) upload gpu_data: 2868 bytes
[2025.02.24 16:16:08.436 ms]:[INFO]:[PSAG_GL_DATASET]: ver_data(stc) item: alloc key: 14
[2025.02.24 16:16:08.436 ms]:[INFO]:[PSAG_GL_DATASET]: preset craete: circle.
[2025.02.24 16:16:08.436 ms]:[TRACE]:[PSAG_GL_DATASET]: static vertex data manager_create.
[2025.02.24 16:16:08.436 ms]:[TRACE]:[PSAG_OGL_RES]: tmu alloc u: 1
[2025.02.24 16:16:08.436 ms]:[TRACE]:[PSAG_OGL_RES]: tmu alloc u: 2
[2025.02.24 16:16:08.436 ms]:[TRACE]:[PSAG_OGL_RES]: tmu alloc u: 3
[2025.02.24 16:16:08.436 ms]:[TRACE]:[PSAG_OGL_RES]: tmu alloc u: 4
[2025.02.24 16:16:08.436 ms]:[INFO]:[PSAG_OGL_TEXTURE]: texture.2d(array) object create.
[2025.02.24 16:16:08.436 ms]:[INFO]:[PSAG_OGL_TEXTURE]: texture create, succ: size: 4096 x 4096, layers: 5.
[2025.02.24 16:16:08.436 ms]:[INFO]:[PSAG_OGL_TEXTURE]: texture.2d(array) object create.
[2025.02.24 16:16:08.436 ms]:[INFO]:[PSAG_OGL_TEXTURE]: texture create, succ: size: 2048 x 2048, layers: 10.
[2025.02.24 16:16:08.436 ms]:[INFO]:[PSAG_OGL_TEXTURE]: texture.2d(array) object create.
[2025.02.24 16:16:08.436 ms]:[INFO]:[PSAG_OGL_TEXTURE]: texture create, succ: size: 1024 x 1024, layers: 20.
[2025.02.24 16:16:08.436 ms]:[INFO]:[PSAG_OGL_TEXTURE]: texture.2d(array) object create.
[2025.02.24 16:16:08.436 ms]:[INFO]:[PSAG_OGL_TEXTURE]: texture create, succ: size: 512 x 512, layers: 25.
[2025.02.24 16:16:08.436 ms]:[INFO]:[PSAG_OGL_RES]: texture: storage key: 16
[2025.02.24 16:16:08.436 ms]:[INFO]:[PSAG_OGL_RES]: texture: storage key: 18
[2025.02.24 16:16:08.436 ms]:[INFO]:[PSAG_OGL_RES]: texture: storage key: 20
[2025.02.24 16:16:08.436 ms]:[INFO]:[PSAG_OGL_RES]: texture: storage key: 22
[2025.02.24 16:16:08.436 ms]:[TRACE]:[PSAG_GL_DATASET]: vir_create texture[8x] size: 4096 x 4096
[2025.02.24 16:16:08.436 ms]:[TRACE]:[PSAG_GL_DATASET]: vir_create texture[4x] size: 2048 x 2048
[2025.02.24 16:16:08.436 ms]:[TRACE]:[PSAG_GL_DATASET]: vir_create texture[2x] size: 1024 x 1024
[2025.02.24 16:16:08.437 ms]:[TRACE]:[PSAG_GL_DATASET]: vir_create texture[1x] size: 512 x 512
[2025.02.24 16:16:08.437 ms]:[INFO]:[PSAG_OGL_UNIFORM]: uniform_buffer.gen create.
[2025.02.24 16:16:08.437 ms]:[INFO]:[PSAG_OGL_RES]: ubo: storage key: 24
[2025.02.24 16:16:08.437 ms]:[INFO]:[PSAG_GL_MATRIX]: graphics_engine create matrix ubo.
[2025.02.24 16:16:09.556 ms]:[TRACE]:[PSAG_AUDIO]: audio(openal) global create device & context.
[2025.02.24 16:16:09.556 ms]:[INFO]:[PSAG_PHYSICS]: physics_world item: alloc key: DEFAULT_PHY_WORLD
[2025.02.24 16:16:09.557 ms]:[INFO]:[PSAG_OGL_SHADER]: vertex_shader source script num: 1
[2025.02.24 16:16:09.557 ms]:[INFO]:[PSAG_OGL_SHADER]: vertex compilation succeeded.
[2025.02.24 16:16:09.557 ms]:[INFO]:[PSAG_OGL_SHADER]: fragment_shader source script num: 2
[2025.02.24 16:16:09.557 ms]:[INFO]:[PSAG_OGL_SHADER]: fragment compilation succeeded.
[2025.02.24 16:16:09.557 ms]:[INFO]:[PSAG_OGL_SHADER]: shader_program link succeeded.
[2025.02.24 16:16:09.557 ms]:[INFO]:[PSAG_OGL_RES]: shader: storage key: 26
[2025.02.24 16:16:09.557 ms]:[INFO]:[PSAG_OGL_SHADER]: vertex_shader source script num: 1
[2025.02.24 16:16:09.557 ms]:[INFO]:[PSAG_OGL_SHADER]: vertex compilation succeeded.
[2025.02.24 16:16:09.558 ms]:[INFO]:[PSAG_OGL_SHADER]: fragment_shader source script num: 2
[2025.02.24 16:16:09.558 ms]:[INFO]:[PSAG_OGL_SHADER]: fragment compilation succeeded.
[2025.02.24 16:16:09.558 ms]:[INFO]:[PSAG_OGL_SHADER]: shader_program link succeeded.
[2025.02.24 16:16:09.558 ms]:[INFO]:[PSAG_OGL_RES]: shader: storage key: 28
[2025.02.24 16:16:09.558 ms]:[INFO]:[PSAG_OGL_SHADER]: vertex_shader source script num: 1
[2025.02.24 16:16:09.558 ms]:[INFO]:[PSAG_OGL_SHADER]: vertex compilation succeeded.
[2025.02.24 16:16:09.558 ms]:[INFO]:[PSAG_OGL_SHADER]: fragment_shader source script num: 3
[2025.02.24 16:16:09.558 ms]:[INFO]:[PSAG_OGL_SHADER]: fragment compilation succeeded.
[2025.02.24 16:16:09.559 ms]:[INFO]:[PSAG_OGL_SHADER]: shader_program link succeeded.
[2025.02.24 16:16:09.559 ms]:[INFO]:[PSAG_OGL_RES]: shader: storage key: 30
[2025.02.24 16:16:09.559 ms]:[INFO]:[PSAG_OGL_SHADER]: vertex_shader source script num: 1
[2025.02.24 16:16:09.559 ms]:[INFO]:[PSAG_OGL_SHADER]: vertex compilation succeeded.
[2025.02.24 16:16:09.559 ms]:[INFO]:[PSAG_OGL_SHADER]: fragment_shader source script num: 3
[2025.02.24 16:16:09.559 ms]:[INFO]:[PSAG_OGL_SHADER]: fragment compilation succeeded.
[2025.02.24 16:16:09.559 ms]:[INFO]:[PSAG_OGL_SHADER]: shader_program link succeeded.
[2025.02.24 16:16:09.559 ms]:[INFO]:[PSAG_OGL_RES]: shader: storage key: 32
[2025.02.24 16:16:09.560 ms]:[INFO]:[PSAG_OGL_SHADER]: vertex_shader source script num: 1
[2025.02.24 16:16:09.560 ms]:[INFO]:[PSAG_OGL_SHADER]: vertex compilation succeeded.
[2025.02.24 16:16:09.560 ms]:[INFO]:[PSAG_OGL_SHADER]: fragment_shader source script num: 3
[2025.02.24 16:16:09.560 ms]:[INFO]:[PSAG_OGL_SHADER]: fragment compilation succeeded.
[2025.02.24 16:16:09.560 ms]:[INFO]:[PSAG_OGL_SHADER]: shader_program link succeeded.
[2025.02.24 16:16:09.560 ms]:[INFO]:[PSAG_OGL_RES]: shader: storage key: 34
[2025.02.24 16:16:09.560 ms]:[INFO]:[PSAG_GL_DATASET]: ver_data(stc) upload gpu_data: 2940 bytes
[2025.02.24 16:16:09.560 ms]:[INFO]:[PSAG_GL_DATASET]: ver_data(stc) item: alloc key: 36
[2025.02.24 16:16:09.560 ms]:[INFO]:[PSAG_OGL_RENDER]: render_buffer object create.
[2025.02.24 16:16:09.560 ms]:[INFO]:[PSAG_OGL_RENDER]: render_buffer config depth.
[2025.02.24 16:16:09.560 ms]:[INFO]:[PSAG_OGL_RENDER]: alloc render_buffer 1680 x 945, size: 6.056 mib.
[2025.02.24 16:16:09.560 ms]:[INFO]:[PSAG_OGL_RES]: rbo: storage key: 38
[2025.02.24 16:16:09.560 ms]:[TRACE]:[PSAG_OGL_RES]: tmu alloc u: 5
[2025.02.24 16:16:09.560 ms]:[INFO]:[PSAG_OGL_TEXTURE]: texture.2d(array) object create.
[2025.02.24 16:16:09.560 ms]:[INFO]:[PSAG_OGL_TEXTURE]: texture create, succ: size: 1680 x 945, layers: 5.
[2025.02.24 16:16:09.560 ms]:[INFO]:[PSAG_OGL_RES]: texture: storage key: 40
[2025.02.24 16:16:09.560 ms]:[INFO]:[PSAG_OGL_FRAME]: frame_buffer object create.
[2025.02.24 16:16:09.563 ms]:[INFO]:[PSAG_OGL_RES]: fbo: storage key: 42
[2025.02.24 16:16:09.563 ms]:[INFO]:[PSAG_OGL_FRAME]: frame_buffer object create.
[2025.02.24 16:16:09.563 ms]:[INFO]:[PSAG_OGL_RES]: fbo: storage key: 44
[2025.02.24 16:16:09.563 ms]:[INFO]:[PSAG_OGL_FRAME]: frame_buffer object create.
[2025.02.24 16:16:09.563 ms]:[INFO]:[PSAG_OGL_RES]: fbo: storage key: 46
[2025.02.24 16:16:09.563 ms]:[INFO]:[PSAG_OGL_FRAME]: frame_buffer object create.
[2025.02.24 16:16:09.563 ms]:[INFO]:[PSAG_OGL_RES]: fbo: storage key: 48
[2025.02.24 16:16:09.563 ms]:[INFO]:[PSAG_OGL_FRAME]: frame_buffer object create.
[2025.02.24 16:16:09.563 ms]:[INFO]:[PSAG_OGL_RES]: fbo: storage key: 50
[2025.02.24 16:16:09.563 ms]:[INFO]:[PSAG_GL_POST]: graphics_engine create final_shader(system).
[2025.02.24 16:16:09.564 ms]:[INFO]:[PSAG_IMGUI]: imgui_read: fonts file: PSAGameSystemFiles/JetBrainsMonoBold.ttf
[2025.02.24 16:16:09.564 ms]:[INFO]:[PSAG_IMGUI]: imgui_init: imgui_opengl3 context.
[2025.02.24 16:16:09.564 ms]:[TRACE]:[PSAG_M_CORE]: registration ref_object name: ZPGameScene
[2025.02.24 16:16:09.564 ms]:[TRACE]:[PSAG_M_CORE]: registration ref_object name: ZPGamePActor
[2025.02.24 16:16:09.564 ms]:[TRACE]:[PSAG_M_CORE]: registration ref_object name: ZPGameBullet
[2025.02.24 16:16:09.564 ms]:[TRACE]:[PSAG_M_CORE]: registration ref_object name: ZPGameGui
[2025.02.24 16:16:09.564 ms]:[INFO]:[PSAG_PHYSICS]: physics_world item: alloc key: ZPGamePhysics
[2025.02.24 16:16:09.565 ms]:[INFO]:[PSAG_FILESYS_LOAD]: load(src) read_file: PSAGameFrameworkDev/GameZeroProject/GameMaterial/zpgame_wall_h.png read_size: 22012
[2025.02.24 16:16:09.565 ms]:[INFO]:[PSAG_FILESYS_LOAD]: load(src) read_file: PSAGameFrameworkDev/GameZeroProject/GameMaterial/zpgame_wall_v.png read_size: 44017
[2025.02.24 16:16:09.565 ms]:[INFO]:[PSAG_ACTOR_CORE]: game_actor shader create: 1680 x 945
[2025.02.24 16:16:09.565 ms]:[INFO]:[PSAG_ACTOR_CORE]: game_actor shader create: 1680 x 945
[2025.02.24 16:16:09.575 ms]:[INFO]:[PSAG_OGL_IMG]: success decode image: size: 4096 x 208, color_channel: 4
[2025.02.24 16:16:09.576 ms]:[INFO]:[PSAG_GL_DATASET]: layers_manager alloc_count: 0
[2025.02.24 16:16:09.617 ms]:[INFO]:[PSAG_GL_DATASET]: vir_texture: src: 4096 x 208, fmt_fill: 4096 x 4096
[2025.02.24 16:16:09.647 ms]:[INFO]:[PSAG_GL_DATASET]: vir_texture item: alloc key: 52, cropping: 1.00 x 0.05, res: 1x/1
[2025.02.24 16:16:09.653 ms]:[INFO]:[PSAG_ACTOR_CORE]: game_actor shader texture add, name: WallH
[2025.02.24 16:16:09.653 ms]:[INFO]:[PSAG_ACTOR_CORE]: game_actor shader create: 1680 x 945
[2025.02.24 16:16:09.665 ms]:[INFO]:[PSAG_OGL_IMG]: success decode image: size: 208 x 4096, color_channel: 4
[2025.02.24 16:16:09.666 ms]:[INFO]:[PSAG_GL_DATASET]: layers_manager alloc_count: 1
[2025.02.24 16:16:09.707 ms]:[INFO]:[PSAG_GL_DATASET]: vir_texture: src: 208 x 4096, fmt_fill: 4096 x 4096
[2025.02.24 16:16:09.735 ms]:[INFO]:[PSAG_GL_DATASET]: vir_texture item: alloc key: 54, cropping: 0.05 x 1.00, res: 1x/1
[2025.02.24 16:16:09.741 ms]:[INFO]:[PSAG_ACTOR_CORE]: game_actor shader texture add, name: WallV
[2025.02.24 16:16:09.741 ms]:[INFO]:[PSAG_ACTOR_CORE]: game_actor shader load textures: 0
[2025.02.24 16:16:09.741 ms]:[INFO]:[PSAG_OGL_SHADER]: vertex_shader source script num: 1
[2025.02.24 16:16:09.742 ms]:[INFO]:[PSAG_OGL_SHADER]: vertex compilation succeeded.
[2025.02.24 16:16:09.742 ms]:[INFO]:[PSAG_OGL_SHADER]: fragment_shader source script num: 2
[2025.02.24 16:16:09.742 ms]:[INFO]:[PSAG_OGL_SHADER]: fragment compilation succeeded.
[2025.02.24 16:16:09.742 ms]:[INFO]:[PSAG_OGL_SHADER]: shader_program link succeeded.
[2025.02.24 16:16:09.743 ms]:[INFO]:[PSAG_OGL_RES]: shader: storage key: 56
[2025.02.24 16:16:09.743 ms]:[INFO]:[PSAG_ACTOR_CORE]: game_actor shader default_res create.
[2025.02.24 16:16:09.743 ms]:[INFO]:[PSAG_ACTOR_CORE]: game_actor shader load textures: 1
[2025.02.24 16:16:09.743 ms]:[INFO]:[PSAG_OGL_SHADER]: vertex_shader source script num: 1
[2025.02.24 16:16:09.743 ms]:[INFO]:[PSAG_OGL_SHADER]: vertex compilation succeeded.
[2025.02.24 16:16:09.743 ms]:[INFO]:[PSAG_OGL_SHADER]: fragment_shader source script num: 3
[2025.02.24 16:16:09.743 ms]:[INFO]:[PSAG_OGL_SHADER]: fragment compilation succeeded.
[2025.02.24 16:16:09.743 ms]:[INFO]:[PSAG_OGL_SHADER]: shader_program link succeeded.
[2025.02.24 16:16:09.743 ms]:[INFO]:[PSAG_OGL_RES]: shader: storage key: 60
[2025.02.24 16:16:09.743 ms]:[INFO]:[PSAG_ACTOR_CORE]: game_actor shader default_res create.
[2025.02.24 16:16:09.744 ms]:[INFO]:[PSAG_ACTOR_CORE]: game_actor shader load textures: 1
[2025.02.24 16:16:09.744 ms]:[INFO]:[PSAG_OGL_SHADER]: vertex_shader source script num: 1
[2025.02.24 16:16:09.744 ms]:[INFO]:[PSAG_OGL_SHADER]: vertex compilation succeeded.
[2025.02.24 16:16:09.744 ms]:[INFO]:[PSAG_OGL_SHADER]: fragment_shader source script num: 3
[2025.02.24 16:16:09.744 ms]:[INFO]:[PSAG_OGL_SHADER]: fragment compilation succeeded.
[2025.02.24 16:16:09.744 ms]:[INFO]:[PSAG_OGL_SHADER]: shader_program link succeeded.
[2025.02.24 16:16:09.744 ms]:[INFO]:[PSAG_OGL_RES]: shader: storage key: 64
[2025.02.24 16:16:09.744 ms]:[INFO]:[PSAG_ACTOR_CORE]: game_actor shader default_res create.
[2025.02.24 16:16:09.744 ms]:[INFO]:[PSAG_ENVMT_CORE]: game_envmt get textures: 1
[2025.02.24 16:16:09.744 ms]:[INFO]:[PSAG_ENVMT_CORE]: game_envmt render_comp init.
[2025.02.24 16:16:09.744 ms]:[INFO]:[PSAG_PHYSICS]: phy_world => body_data, name: ZPGamePhysics
[2025.02.24 16:16:09.744 ms]:[INFO]:[PSAG_PHYSICS]: body_data(static) item: alloc key: 1699091316064
[2025.02.24 16:16:09.744 ms]:[INFO]:[PSAG_ENVMT_CORE]: game_envmt item create: 68
[2025.02.24 16:16:09.744 ms]:[INFO]:[PSAG_ENVMT_CORE]: game_envmt get textures: 1
[2025.02.24 16:16:09.744 ms]:[INFO]:[PSAG_ENVMT_CORE]: game_envmt render_comp init.
[2025.02.24 16:16:09.744 ms]:[INFO]:[PSAG_PHYSICS]: phy_world => body_data, name: ZPGamePhysics
[2025.02.24 16:16:09.744 ms]:[INFO]:[PSAG_PHYSICS]: body_data(static) item: alloc key: 1699091316512
[2025.02.24 16:16:09.744 ms]:[INFO]:[PSAG_ENVMT_CORE]: game_envmt item create: 70
[2025.02.24 16:16:09.744 ms]:[INFO]:[PSAG_ENVMT_CORE]: game_envmt get textures: 1
[2025.02.24 16:16:09.744 ms]:[INFO]:[PSAG_ENVMT_CORE]: game_envmt render_comp init.
[2025.02.24 16:16:09.744 ms]:[INFO]:[PSAG_PHYSICS]: phy_world => body_data, name: ZPGamePhysics
[2025.02.24 16:16:09.744 ms]:[INFO]:[PSAG_PHYSICS]: body_data(static) item: alloc key: 1699091318304
[2025.02.24 16:16:09.744 ms]:[INFO]:[PSAG_ENVMT_CORE]: game_envmt item create: 72
[2025.02.24 16:16:09.744 ms]:[INFO]:[PSAG_ENVMT_CORE]: game_envmt get textures: 1
[2025.02.24 16:16:09.744 ms]:[INFO]:[PSAG_ENVMT_CORE]: game_envmt render_comp init.
[2025.02.24 16:16:09.744 ms]:[INFO]:[PSAG_PHYSICS]: phy_world => body_data, name: ZPGamePhysics
[2025.02.24 16:16:09.744 ms]:[INFO]:[PSAG_PHYSICS]: body_data(static) item: alloc key: 1699091320320
[2025.02.24 16:16:09.744 ms]:[INFO]:[PSAG_ENVMT_CORE]: game_envmt item create: 74
[2025.02.24 16:16:09.745 ms]:[INFO]:[PSAG_ENVMT_CORE]: game_envmt render_comp init.
[2025.02.24 16:16:09.745 ms]:[INFO]:[PSAG_PHYSICS]: phy_world => body_data, name: ZPGamePhysics
[2025.02.24 16:16:09.745 ms]:[INFO]:[PSAG_PHYSICS]: body_data(static) item: alloc key: 1699091318528
[2025.02.24 16:16:09.745 ms]:[INFO]:[PSAG_ENVMT_CORE]: game_envmt item create: 76
[2025.02.24 16:16:09.745 ms]:[INFO]:[PSAG_ACTOR_CORE]: AType: register key: ActorPAWN
[2025.02.24 16:16:09.745 ms]:[INFO]:[PSAG_ACTOR_CORE]: AType: register key: ActorNPC
[2025.02.24 16:16:09.745 ms]:[INFO]:[PSAG_FILESYS_LOAD]: load(src) read_file: PSAGameFrameworkDev/GameZeroProject/GameMaterial/zpgame_ppactor_nor.png read_size: 405375
[2025.02.24 16:16:09.745 ms]:[INFO]:[PSAG_ACTOR_CORE]: game_actor shader create: 1680 x 945
[2025.02.24 16:16:09.768 ms]:[INFO]:[PSAG_OGL_IMG]: success decode image: size: 1024 x 1024, color_channel: 4
[2025.02.24 16:16:09.769 ms]:[INFO]:[PSAG_GL_DATASET]: layers_manager alloc_count: 0
[2025.02.24 16:16:09.769 ms]:[INFO]:[PSAG_GL_DATASET]: vir_texture: src: 1024 x 1024, fmt_fill: 1024 x 1024
[2025.02.24 16:16:09.771 ms]:[INFO]:[PSAG_GL_DATASET]: vir_texture item: alloc key: 78, cropping: 1.00 x 1.00, res: 4x/1
[2025.02.24 16:16:09.772 ms]:[INFO]:[PSAG_ACTOR_CORE]: game_actor shader texture add, name: PPActor
[2025.02.24 16:16:09.772 ms]:[INFO]:[PSAG_FILESYS_LOAD]: load(src) read_file: PSAGameFrameworkDev/GameZeroProject/GameMaterial/zpgame_npc_a.png read_size: 177392
[2025.02.24 16:16:09.772 ms]:[INFO]:[PSAG_ACTOR_CORE]: game_actor shader create: 1680 x 945
[2025.02.24 16:16:09.794 ms]:[INFO]:[PSAG_OGL_IMG]: success decode image: size: 1024 x 1024, color_channel: 4
[2025.02.24 16:16:09.795 ms]:[INFO]:[PSAG_GL_DATASET]: layers_manager alloc_count: 1
[2025.02.24 16:16:09.795 ms]:[INFO]:[PSAG_GL_DATASET]: vir_texture: src: 1024 x 1024, fmt_fill: 1024 x 1024
[2025.02.24 16:16:09.797 ms]:[INFO]:[PSAG_GL_DATASET]: vir_texture item: alloc key: 80, cropping: 1.00 x 1.00, res: 4x/1
[2025.02.24 16:16:09.797 ms]:[INFO]:[PSAG_ACTOR_CORE]: game_actor shader texture add, name: NPActor
[2025.02.24 16:16:09.797 ms]:[INFO]:[PSAG_ACTOR_CORE]: game_actor shader load textures: 1
[2025.02.24 16:16:09.797 ms]:[INFO]:[PSAG_OGL_SHADER]: vertex_shader source script num: 1
[2025.02.24 16:16:09.798 ms]:[INFO]:[PSAG_OGL_SHADER]: vertex compilation succeeded.
[2025.02.24 16:16:09.798 ms]:[INFO]:[PSAG_OGL_SHADER]: fragment_shader source script num: 3
[2025.02.24 16:16:09.798 ms]:[INFO]:[PSAG_OGL_SHADER]: fragment compilation succeeded.
[2025.02.24 16:16:09.798 ms]:[INFO]:[PSAG_OGL_SHADER]: shader_program link succeeded.
[2025.02.24 16:16:09.798 ms]:[INFO]:[PSAG_OGL_RES]: shader: storage key: 82
[2025.02.24 16:16:09.798 ms]:[INFO]:[PSAG_ACTOR_CORE]: game_actor shader default_res create.
[2025.02.24 16:16:09.798 ms]:[INFO]:[PSAG_ACTOR_CORE]: game_actor shader load textures: 1
[2025.02.24 16:16:09.798 ms]:[INFO]:[PSAG_OGL_SHADER]: vertex_shader source script num: 1
[2025.02.24 16:16:09.798 ms]:[INFO]:[PSAG_OGL_SHADER]: vertex compilation succeeded.
[2025.02.24 16:16:09.798 ms]:[INFO]:[PSAG_OGL_SHADER]: fragment_shader source script num: 3
[2025.02.24 16:16:09.798 ms]:[INFO]:[PSAG_OGL_SHADER]: fragment compilation succeeded.
[2025.02.24 16:16:09.798 ms]:[INFO]:[PSAG_OGL_SHADER]: shader_program link succeeded.
[2025.02.24 16:16:09.798 ms]:[INFO]:[PSAG_OGL_RES]: shader: storage key: 86
[2025.02.24 16:16:09.798 ms]:[INFO]:[PSAG_ACTOR_CORE]: game_actor shader default_res create.
[2025.02.24 16:16:09.798 ms]:[INFO]:[PSAG_ACTOR_CORE]: game_actor get textures: 1
[2025.02.24 16:16:09.798 ms]:[INFO]:[PSAG_ACTOR_CORE]: game_actor render_comp init.
[2025.02.24 16:16:09.798 ms]:[INFO]:[PSAG_PHYSICS]: phy_world => body_data, name: ZPGamePhysics
[2025.02.24 16:16:09.798 ms]:[INFO]:[PSAG_PHYSICS]: body_data(dynamic) item: alloc key: 1699095356512
[2025.02.24 16:16:09.798 ms]:[INFO]:[PSAG_ACTOR_CORE]: game_actor entity create: 90
[2025.02.24 16:16:09.798 ms]:[INFO]:[PSAG_TOOL_NOTFIY]: station register n: PPActor, ptr 9a084df0
[2025.02.24 16:16:09.799 ms]:[INFO]:[PSAG_ACTOR_CORE]: game_actor get textures: 1
[2025.02.24 16:16:09.799 ms]:[INFO]:[PSAG_ACTOR_CORE]: game_actor render_comp init.
[2025.02.24 16:16:09.799 ms]:[INFO]:[PSAG_PHYSICS]: phy_world => body_data, name: ZPGamePhysics
[2025.02.24 16:16:09.799 ms]:[INFO]:[PSAG_PHYSICS]: body_data(dynamic) item: alloc key: 1699095358528
[2025.02.24 16:16:09.799 ms]:[INFO]:[PSAG_ACTOR_CORE]: game_actor entity create: 92
[2025.02.24 16:16:09.799 ms]:[INFO]:[PSAG_ACTOR_CORE]: game_actor get textures: 1
[2025.02.24 16:16:09.799 ms]:[INFO]:[PSAG_ACTOR_CORE]: game_actor render_comp init.
[2025.02.24 16:16:09.799 ms]:[INFO]:[PSAG_PHYSICS]: phy_world => body_data, name: ZPGamePhysics
[2025.02.24 16:16:09.799 ms]:[INFO]:[PSAG_PHYSICS]: body_data(dynamic) item: alloc key: 1699095353488
[2025.02.24 16:16:09.799 ms]:[INFO]:[PSAG_ACTOR_CORE]: game_actor entity create: 94
[2025.02.24 16:16:09.799 ms]:[INFO]:[PSAG_ACTOR_CORE]: game_actor get textures: 1
[2025.02.24 16:16:09.799 ms]:[INFO]:[PSAG_ACTOR_CORE]: game_actor render_comp init.
[2025.02.24 16:16:09.799 ms]:[INFO]:[PSAG_PHYSICS]: phy_world => body_data, name: ZPGamePhysics
[2025.02.24 16:16:09.799 ms]:[INFO]:[PSAG_PHYSICS]: body_data(dynamic) item: alloc key: 1699095354160
[2025.02.24 16:16:09.799 ms]:[INFO]:[PSAG_ACTOR_CORE]: game_actor entity create: 96
[2025.02.24 16:16:09.799 ms]:[INFO]:[PSAG_ACTOR_CORE]: game_actor get textures: 1
[2025.02.24 16:16:09.799 ms]:[INFO]:[PSAG_ACTOR_CORE]: game_actor render_comp init.
[2025.02.24 16:16:09.799 ms]:[INFO]:[PSAG_PHYSICS]: phy_world => body_data, name: ZPGamePhysics
[2025.02.24 16:16:09.799 ms]:[INFO]:[PSAG_PHYSICS]: body_data(dynamic) item: alloc key: 1699095358864
[2025.02.24 16:16:09.799 ms]:[INFO]:[PSAG_ACTOR_CORE]: game_actor entity create: 98
[2025.02.24 16:16:09.799 ms]:[INFO]:[PSAG_ACTOR_CORE]: game_actor get textures: 1
[2025.02.24 16:16:09.799 ms]:[INFO]:[PSAG_ACTOR_CORE]: game_actor render_comp init.
[2025.02.24 16:16:09.799 ms]:[INFO]:[PSAG_PHYSICS]: phy_world => body_data, name: ZPGamePhysics
[2025.02.24 16:16:09.799 ms]:[INFO]:[PSAG_PHYSICS]: body_data(dynamic) item: alloc key: 1699095359872
[2025.02.24 16:16:09.799 ms]:[INFO]:[PSAG_ACTOR_CORE]: game_actor entity create: 100
[2025.02.24 16:16:09.799 ms]:[INFO]:[PSAG_ACTOR_CORE]: game_actor get textures: 1
[2025.02.24 16:16:09.799 ms]:[INFO]:[PSAG_ACTOR_CORE]: game_actor render_comp init.
[2025.02.24 16:16:09.799 ms]:[INFO]:[PSAG_PHYSICS]: phy_world => body_data, name: ZPGamePhysics
[2025.02.24 16:16:09.799 ms]:[INFO]:[PSAG_PHYSICS]: body_data(dynamic) item: alloc key: 1699095354832
[2025.02.24 16:16:09.799 ms]:[INFO]:[PSAG_ACTOR_CORE]: game_actor entity create: 102
[2025.02.24 16:16:09.799 ms]:[INFO]:[PSAG_ACTOR_CORE]: AType: register key: ActorBULLET
[2025.02.24 16:16:09.800 ms]:[INFO]:[PSAG_FILESYS_LOAD]: load(src) read_file: PSAGameFrameworkDev/GameZeroProject/GameMaterial/zpgame_bullet.png read_size: 54094
[2025.02.24 16:16:09.800 ms]:[INFO]:[PSAG_ACTOR_CORE]: game_actor shader create: 1680 x 945
[2025.02.24 16:16:09.826 ms]:[INFO]:[PSAG_OGL_IMG]: success decode image: size: 1024 x 2048, color_channel: 4
[2025.02.24 16:16:09.828 ms]:[INFO]:[PSAG_GL_DATASET]: layers_manager alloc_count: 0
[2025.02.24 16:16:09.899 ms]:[INFO]:[PSAG_GL_DATASET]: vir_texture: src: 1024 x 2048, fmt_fill: 2048 x 2048
[2025.02.24 16:16:09.906 ms]:[INFO]:[PSAG_GL_DATASET]: vir_texture item: alloc key: 104, cropping: 0.50 x 1.00, res: 2x/1
[2025.02.24 16:16:09.908 ms]:[INFO]:[PSAG_ACTOR_CORE]: game_actor shader texture add, name: Bullet
[2025.02.24 16:16:09.909 ms]:[INFO]:[PSAG_ACTOR_CORE]: game_actor shader load textures: 1
[2025.02.24 16:16:09.909 ms]:[INFO]:[PSAG_OGL_SHADER]: vertex_shader source script num: 1
[2025.02.24 16:16:09.909 ms]:[INFO]:[PSAG_OGL_SHADER]: vertex compilation succeeded.
[2025.02.24 16:16:09.909 ms]:[INFO]:[PSAG_OGL_SHADER]: fragment_shader source script num: 3
[2025.02.24 16:16:09.909 ms]:[INFO]:[PSAG_OGL_SHADER]: fragment compilation succeeded.
[2025.02.24 16:16:09.909 ms]:[INFO]:[PSAG_OGL_SHADER]: shader_program link succeeded.
[2025.02.24 16:16:09.909 ms]:[INFO]:[PSAG_OGL_RES]: shader: storage key: 106
[2025.02.24 16:16:09.909 ms]:[INFO]:[PSAG_ACTOR_CORE]: game_actor shader default_res create.
[2025.02.24 16:16:09.909 ms]:[INFO]:[PSAG_FILESYS_LOAD]: load(src) read_file: PSAGameFrameworkDev/GameZeroProject/GameMaterial/zpgame_particle_a.png read_size: 21686
[2025.02.24 16:16:09.917 ms]:[INFO]:[PSAG_OGL_IMG]: success decode image: size: 512 x 512, color_channel: 4
[2025.02.24 16:16:09.917 ms]:[INFO]:[PSAG_GL_PARTICLE]: particle system proc thread init.
[2025.02.24 16:16:09.918 ms]:[INFO]:[PSAG_OGL_SHADER]: vertex_shader source script num: 1
[2025.02.24 16:16:09.918 ms]:[INFO]:[PSAG_OGL_SHADER]: vertex compilation succeeded.
[2025.02.24 16:16:09.918 ms]:[INFO]:[PSAG_OGL_SHADER]: fragment_shader source script num: 3
[2025.02.24 16:16:09.918 ms]:[INFO]:[PSAG_OGL_SHADER]: fragment compilation succeeded.
[2025.02.24 16:16:09.918 ms]:[INFO]:[PSAG_OGL_SHADER]: shader_program link succeeded.
[2025.02.24 16:16:09.918 ms]:[INFO]:[PSAG_OGL_RES]: shader: storage key: 110
[2025.02.24 16:16:09.918 ms]:[INFO]:[PSAG_GL_DATASET]: ver_data(dy) item: alloc key: 112
[2025.02.24 16:16:09.918 ms]:[INFO]:[PSAG_GL_DATASET]: layers_manager alloc_count: 0
[2025.02.24 16:16:09.919 ms]:[INFO]:[PSAG_GL_DATASET]: vir_texture: src: 512 x 512, fmt_fill: 512 x 512
[2025.02.24 16:16:09.919 ms]:[INFO]:[PSAG_GL_DATASET]: vir_texture item: alloc key: 114, cropping: 1.00 x 1.00, res: 8x/1
[2025.02.24 16:16:09.919 ms]:[INFO]:[PSAG_GL_PARTICLE]: particle system init.
[2025.02.24 16:16:09.919 ms]:[INFO]:[PSAG_GL_PARTICLE]: particle system render_size: 1680 x 945
[2025.02.24 16:16:09.919 ms]:[INFO]:[PSAG_MANAGER_FX]: manager fx_particle init.
[2025.02.24 16:16:09.919 ms]:[INFO]:[PSAG_TOOL_NOTFIY]: station register n: PPActorBullet, ptr 9a084df0
[2025.02.24 16:16:09.919 ms]:[INFO]:[PSAG_FILESYS_LOAD]: load(src) read_file: PSAGameFrameworkDev/GameZeroProject/GameMaterial/zpgame_gui/zpgame_gui_b0.png read_size: 10743
[2025.02.24 16:16:09.925 ms]:[INFO]:[PSAG_OGL_IMG]: success decode image: size: 1024 x 278, color_channel: 4
[2025.02.24 16:16:09.925 ms]:[INFO]:[PSAG_OGL_TEXTURE]: texture.2d(view) object create.
[2025.02.24 16:16:09.931 ms]:[INFO]:[PSAG_OGL_TEXTURE]: texture_view create, succ: size: 1024 x 278
[2025.02.24 16:16:09.931 ms]:[INFO]:[PSAG_GL_PVFX]: psag_fx image_view system, create: 1024 x 278
[2025.02.24 16:16:09.931 ms]:[INFO]:[PSAG_FILESYS_LOAD]: load(src) read_file: PSAGameFrameworkDev/GameZeroProject/GameMaterial/zpgame_gui/zpgame_gui_b1.png read_size: 22199
[2025.02.24 16:16:09.937 ms]:[INFO]:[PSAG_OGL_IMG]: success decode image: size: 1024 x 278, color_channel: 4
[2025.02.24 16:16:09.940 ms]:[INFO]:[PSAG_OGL_TEXTURE]: texture.2d(view) object create.
[2025.02.24 16:16:09.941 ms]:[INFO]:[PSAG_OGL_TEXTURE]: texture_view create, succ: size: 1024 x 278
[2025.02.24 16:16:09.941 ms]:[INFO]:[PSAG_GL_PVFX]: psag_fx image_view system, create: 1024 x 278
[2025.02.24 16:16:09.941 ms]:[INFO]:[PSAG_FILESYS_LOAD]: load(src) read_file: PSAGameFrameworkDev/GameZeroProject/GameMaterial/zpgame_gui/zpgame_gui_b2.png read_size: 22716
[2025.02.24 16:16:09.947 ms]:[INFO]:[PSAG_OGL_IMG]: success decode image: size: 1024 x 278, color_channel: 4
[2025.02.24 16:16:09.958 ms]:[INFO]:[PSAG_OGL_TEXTURE]: texture.2d(view) object create.
[2025.02.24 16:16:09.958 ms]:[INFO]:[PSAG_OGL_TEXTURE]: texture_view create, succ: size: 1024 x 278
[2025.02.24 16:16:09.958 ms]:[INFO]:[PSAG_GL_PVFX]: psag_fx image_view system, create: 1024 x 278
[2025.02.24 16:16:09.959 ms]:[INFO]:[PSAG_FILESYS_LOAD]: load(src) read_file: PSAGameFrameworkDev/GameZeroProject/GameMaterial/zpgame_gui/zpgame_gui_b3.png read_size: 23026
[2025.02.24 16:16:09.964 ms]:[INFO]:[PSAG_OGL_IMG]: success decode image: size: 1024 x 278, color_channel: 4
[2025.02.24 16:16:09.966 ms]:[INFO]:[PSAG_OGL_TEXTURE]: texture.2d(view) object create.
[2025.02.24 16:16:09.967 ms]:[INFO]:[PSAG_OGL_TEXTURE]: texture_view create, succ: size: 1024 x 278
[2025.02.24 16:16:09.967 ms]:[INFO]:[PSAG_GL_PVFX]: psag_fx image_view system, create: 1024 x 278
[2025.02.24 16:16:09.967 ms]:[INFO]:[PSAG_FILESYS_LOAD]: load(src) read_file: PSAGameFrameworkDev/GameZeroProject/GameMaterial/zpgame_gui/zpgame_gui_b4.png read_size: 23655
[2025.02.24 16:16:09.973 ms]:[INFO]:[PSAG_OGL_IMG]: success decode image: size: 1024 x 278, color_channel: 4
[2025.02.24 16:16:09.975 ms]:[INFO]:[PSAG_OGL_TEXTURE]: texture.2d(view) object create.
[2025.02.24 16:16:09.976 ms]:[INFO]:[PSAG_OGL_TEXTURE]: texture_view create, succ: size: 1024 x 278
[2025.02.24 16:16:09.977 ms]:[INFO]:[PSAG_GL_PVFX]: psag_fx image_view system, create: 1024 x 278
[2025.02.24 16:16:09.977 ms]:[INFO]:[PSAG_FILESYS_LOAD]: load(src) read_file: PSAGameFrameworkDev/GameZeroProject/GameMaterial/zpgame_gui/zpgame_gui_b5.png read_size: 23922
[2025.02.24 16:16:09.983 ms]:[INFO]:[PSAG_OGL_IMG]: success decode image: size: 1024 x 278, color_channel: 4
[2025.02.24 16:16:09.984 ms]:[INFO]:[PSAG_OGL_TEXTURE]: texture.2d(view) object create.
[2025.02.24 16:16:09.984 ms]:[INFO]:[PSAG_OGL_TEXTURE]: texture_view create, succ: size: 1024 x 278
[2025.02.24 16:16:09.984 ms]:[INFO]:[PSAG_GL_PVFX]: psag_fx image_view system, create: 1024 x 278
[2025.02.24 16:16:09.985 ms]:[INFO]:[PSAG_M_START_ANIM]: create start_anim player.
[2025.02.24 16:16:09.985 ms]:[TRACE]:[PSAG_M_CORE]: pomelo_star game2d version: 12.20250127
[2025.02.24 16:16:10.006 ms]:[INFO]:[PSAG_M_START_ANIM]: start_anim playback complete, time(s): 0.000
[2025.02.24 16:16:10.006 ms]:[INFO]:[PSAG_M_START_ANIM]: free textures resource.
[2025.02.24 16:16:12.415 ms]:[INFO]:[PSAG_TOOL_NOTFIY]: station receive pair: PPActor/PPActorBullet, data_size: 12 bytes
[2025.02.24 16:16:12.415 ms]:[INFO]:[PSAG_ACTOR_CORE]: game_actor get textures: 1
[2025.02.24 16:16:12.415 ms]:[INFO]:[PSAG_ACTOR_CORE]: game_actor render_comp init.
[2025.02.24 16:16:12.415 ms]:[INFO]:[PSAG_PHYSICS]: phy_world => body_data, name: ZPGamePhysics
[2025.02.24 16:16:12.415 ms]:[INFO]:[PSAG_PHYSICS]: body_data(dynamic) item: alloc key: 1699097839136
[2025.02.24 16:16:12.416 ms]:[INFO]:[PSAG_ACTOR_CORE]: game_actor entity create: 116
[2025.02.24 16:16:12.603 ms]:[INFO]:[PSAG_TOOL_NOTFIY]: station receive pair: PPActor/PPActorBullet, data_size: 12 bytes
[2025.02.24 16:16:12.603 ms]:[INFO]:[PSAG_ACTOR_CORE]: game_actor get textures: 1
[2025.02.24 16:16:12.603 ms]:[INFO]:[PSAG_ACTOR_CORE]: game_actor render_comp init.
[2025.02.24 16:16:12.603 ms]:[INFO]:[PSAG_PHYSICS]: phy_world => body_data, name: ZPGamePhysics
[2025.02.24 16:16:12.603 ms]:[INFO]:[PSAG_PHYSICS]: body_data(dynamic) item: alloc key: 1699150003520
[2025.02.24 16:16:12.603 ms]:[INFO]:[PSAG_ACTOR_CORE]: game_actor entity create: 118
[2025.02.24 16:16:12.837 ms]:[INFO]:[PSAG_TOOL_NOTFIY]: station receive pair: PPActor/PPActorBullet, data_size: 12 bytes
[2025.02.24 16:16:12.837 ms]:[INFO]:[PSAG_ACTOR_CORE]: game_actor get textures: 1
[2025.02.24 16:16:12.837 ms]:[INFO]:[PSAG_ACTOR_CORE]: game_actor render_comp init.
[2025.02.24 16:16:12.837 ms]:[INFO]:[PSAG_PHYSICS]: phy_world => body_data, name: ZPGamePhysics
[2025.02.24 16:16:12.837 ms]:[INFO]:[PSAG_PHYSICS]: body_data(dynamic) item: alloc key: 1699149999824
[2025.02.24 16:16:12.837 ms]:[INFO]:[PSAG_ACTOR_CORE]: game_actor entity create: 120
[2025.02.24 16:16:14.940 ms]:[INFO]:[PSAG_PHYSICS]: phy_world => body_data, name: ZPGamePhysics
[2025.02.24 16:16:14.940 ms]:[INFO]:[PSAG_PHYSICS]: body_data item: delete key: 1699097514432
[2025.02.24 16:16:14.940 ms]:[INFO]:[PSAG_ACTOR_CORE]: game_actor entity delete: 120
[2025.02.24 16:16:15.246 ms]:[INFO]:[PSAG_PHYSICS]: phy_world => body_data, name: ZPGamePhysics
[2025.02.24 16:16:15.246 ms]:[INFO]:[PSAG_PHYSICS]: body_data item: delete key: 1699097514240
[2025.02.24 16:16:15.246 ms]:[INFO]:[PSAG_ACTOR_CORE]: game_actor entity delete: 118
[2025.02.24 16:16:15.370 ms]:[INFO]:[PSAG_PHYSICS]: phy_world => body_data, name: ZPGamePhysics
[2025.02.24 16:16:15.370 ms]:[INFO]:[PSAG_PHYSICS]: body_data item: delete key: 1699097514048
[2025.02.24 16:16:15.370 ms]:[INFO]:[PSAG_ACTOR_CORE]: game_actor entity delete: 116
[2025.02.24 16:16:16.096 ms]:[INFO]:[PSAG_TOOL_NOTFIY]: station receive pair: PPActor/PPActorBullet, data_size: 12 bytes
[2025.02.24 16:16:16.096 ms]:[INFO]:[PSAG_ACTOR_CORE]: game_actor get textures: 1
[2025.02.24 16:16:16.096 ms]:[INFO]:[PSAG_ACTOR_CORE]: game_actor render_comp init.
[2025.02.24 16:16:16.096 ms]:[INFO]:[PSAG_PHYSICS]: phy_world => body_data, name: ZPGamePhysics
[2025.02.24 16:16:16.096 ms]:[INFO]:[PSAG_PHYSICS]: body_data(dynamic) item: alloc key: 1699150006208
[2025.02.24 16:16:16.097 ms]:[INFO]:[PSAG_ACTOR_CORE]: game_actor entity create: 122
[2025.02.24 16:16:16.371 ms]:[INFO]:[PSAG_TOOL_NOTFIY]: station receive pair: PPActor/PPActorBullet, data_size: 12 bytes
[2025.02.24 16:16:16.371 ms]:[INFO]:[PSAG_ACTOR_CORE]: game_actor get textures: 1
[2025.02.24 16:16:16.371 ms]:[INFO]:[PSAG_ACTOR_CORE]: game_actor render_comp init.
[2025.02.24 16:16:16.371 ms]:[INFO]:[PSAG_PHYSICS]: phy_world => body_data, name: ZPGamePhysics
[2025.02.24 16:16:16.371 ms]:[INFO]:[PSAG_PHYSICS]: body_data(dynamic) item: alloc key: 1699150007216
[2025.02.24 16:16:16.371 ms]:[INFO]:[PSAG_ACTOR_CORE]: game_actor entity create: 124
[2025.02.24 16:16:16.423 ms]:[INFO]:[PSAG_TOOL_NOTFIY]: station receive pair: PPActor/PPActorBullet, data_size: 12 bytes
[2025.02.24 16:16:16.423 ms]:[INFO]:[PSAG_ACTOR_CORE]: game_actor get textures: 1
[2025.02.24 16:16:16.423 ms]:[INFO]:[PSAG_ACTOR_CORE]: game_actor render_comp init.
[2025.02.24 16:16:16.423 ms]:[INFO]:[PSAG_PHYSICS]: phy_world => body_data, name: ZPGamePhysics
[2025.02.24 16:16:16.423 ms]:[INFO]:[PSAG_PHYSICS]: body_data(dynamic) item: alloc key: 1699149999824
[2025.02.24 16:16:16.423 ms]:[INFO]:[PSAG_ACTOR_CORE]: game_actor entity create: 126
[2025.02.24 16:16:16.472 ms]:[INFO]:[PSAG_TOOL_NOTFIY]: station receive pair: PPActor/PPActorBullet, data_size: 12 bytes
[2025.02.24 16:16:16.473 ms]:[INFO]:[PSAG_ACTOR_CORE]: game_actor get textures: 1
[2025.02.24 16:16:16.473 ms]:[INFO]:[PSAG_ACTOR_CORE]: game_actor render_comp init.
[2025.02.24 16:16:16.473 ms]:[INFO]:[PSAG_PHYSICS]: phy_world => body_data, name: ZPGamePhysics
[2025.02.24 16:16:16.473 ms]:[INFO]:[PSAG_PHYSICS]: body_data(dynamic) item: alloc key: 1699150004528
[2025.02.24 16:16:16.473 ms]:[INFO]:[PSAG_ACTOR_CORE]: game_actor entity create: 128
[2025.02.24 16:16:17.259 ms]:[INFO]:[PSAG_PHYSICS]: phy_world => body_data, name: ZPGamePhysics
[2025.02.24 16:16:17.260 ms]:[INFO]:[PSAG_PHYSICS]: body_data item: delete key: 1699097514048
[2025.02.24 16:16:17.260 ms]:[INFO]:[PSAG_ACTOR_CORE]: game_actor entity delete: 122
[2025.02.24 16:16:19.033 ms]:[INFO]:[PSAG_TOOL_NOTFIY]: station receive pair: PPActor/PPActorBullet, data_size: 12 bytes
[2025.02.24 16:16:19.033 ms]:[INFO]:[PSAG_ACTOR_CORE]: game_actor get textures: 1
[2025.02.24 16:16:19.033 ms]:[INFO]:[PSAG_ACTOR_CORE]: game_actor render_comp init.
[2025.02.24 16:16:19.033 ms]:[INFO]:[PSAG_PHYSICS]: phy_world => body_data, name: ZPGamePhysics
[2025.02.24 16:16:19.033 ms]:[INFO]:[PSAG_PHYSICS]: body_data(dynamic) item: alloc key: 1699150000832
[2025.02.24 16:16:19.034 ms]:[INFO]:[PSAG_ACTOR_CORE]: game_actor entity create: 130
[2025.02.24 16:16:19.287 ms]:[INFO]:[PSAG_TOOL_NOTFIY]: station receive pair: PPActor/PPActorBullet, data_size: 12 bytes
[2025.02.24 16:16:19.287 ms]:[INFO]:[PSAG_ACTOR_CORE]: game_actor get textures: 1
[2025.02.24 16:16:19.287 ms]:[INFO]:[PSAG_ACTOR_CORE]: game_actor render_comp init.
[2025.02.24 16:16:19.287 ms]:[INFO]:[PSAG_PHYSICS]: phy_world => body_data, name: ZPGamePhysics
[2025.02.24 16:16:19.287 ms]:[INFO]:[PSAG_PHYSICS]: body_data(dynamic) item: alloc key: 1699150006880
[2025.02.24 16:16:19.287 ms]:[INFO]:[PSAG_ACTOR_CORE]: game_actor entity create: 132
[2025.02.24 16:16:20.758 ms]:[INFO]:[PSAG_PHYSICS]: phy_world => body_data, name: ZPGamePhysics
[2025.02.24 16:16:20.758 ms]:[INFO]:[PSAG_PHYSICS]: body_data item: delete key: 1699097514624
[2025.02.24 16:16:20.758 ms]:[INFO]:[PSAG_ACTOR_CORE]: game_actor entity delete: 128
[2025.02.24 16:16:20.793 ms]:[INFO]:[PSAG_PHYSICS]: phy_world => body_data, name: ZPGamePhysics
[2025.02.24 16:16:20.793 ms]:[INFO]:[PSAG_PHYSICS]: body_data item: delete key: 1699097514432
[2025.02.24 16:16:20.793 ms]:[INFO]:[PSAG_ACTOR_CORE]: game_actor entity delete: 126
[2025.02.24 16:16:20.848 ms]:[INFO]:[PSAG_PHYSICS]: phy_world => body_data, name: ZPGamePhysics
[2025.02.24 16:16:20.848 ms]:[INFO]:[PSAG_PHYSICS]: body_data item: delete key: 1699097514240
[2025.02.24 16:16:20.848 ms]:[INFO]:[PSAG_ACTOR_CORE]: game_actor entity delete: 124
[2025.02.24 16:16:23.076 ms]:[INFO]:[PSAG_PHYSICS]: phy_world => body_data, name: ZPGamePhysics
[2025.02.24 16:16:23.076 ms]:[INFO]:[PSAG_PHYSICS]: body_data item: delete key: 1699097514816
[2025.02.24 16:16:23.076 ms]:[INFO]:[PSAG_ACTOR_CORE]: game_actor entity delete: 132
[2025.02.24 16:16:23.176 ms]:[INFO]:[PSAG_PHYSICS]: phy_world => body_data, name: ZPGamePhysics
[2025.02.24 16:16:23.176 ms]:[INFO]:[PSAG_PHYSICS]: body_data item: delete key: 1699097514048
[2025.02.24 16:16:23.176 ms]:[INFO]:[PSAG_ACTOR_CORE]: game_actor entity delete: 130
[2025.02.24 16:16:23.832 ms]:[INFO]:[PSAG_TOOL_NOTFIY]: station receive pair: PPActor/PPActorBullet, data_size: 12 bytes
[2025.02.24 16:16:23.832 ms]:[INFO]:[PSAG_ACTOR_CORE]: game_actor get textures: 1
[2025.02.24 16:16:23.833 ms]:[INFO]:[PSAG_ACTOR_CORE]: game_actor render_comp init.
[2025.02.24 16:16:23.833 ms]:[INFO]:[PSAG_PHYSICS]: phy_world => body_data, name: ZPGamePhysics
[2025.02.24 16:16:23.833 ms]:[INFO]:[PSAG_PHYSICS]: body_data(dynamic) item: alloc key: 1699150002176
[2025.02.24 16:16:23.833 ms]:[INFO]:[PSAG_ACTOR_CORE]: game_actor entity create: 134
[2025.02.24 16:16:24.392 ms]:[INFO]:[PSAG_TOOL_NOTFIY]: station receive pair: PPActor/PPActorBullet, data_size: 12 bytes
[2025.02.24 16:16:24.392 ms]:[INFO]:[PSAG_ACTOR_CORE]: game_actor get textures: 1
[2025.02.24 16:16:24.392 ms]:[INFO]:[PSAG_ACTOR_CORE]: game_actor render_comp init.
[2025.02.24 16:16:24.392 ms]:[INFO]:[PSAG_PHYSICS]: phy_world => body_data, name: ZPGamePhysics
[2025.02.24 16:16:24.392 ms]:[INFO]:[PSAG_PHYSICS]: body_data(dynamic) item: alloc key: 1699150007216
[2025.02.24 16:16:24.392 ms]:[INFO]:[PSAG_ACTOR_CORE]: game_actor entity create: 136
[2025.02.24 16:16:25.021 ms]:[INFO]:[PSAG_TOOL_NOTFIY]: station receive pair: PPActor/PPActorBullet, data_size: 12 bytes
[2025.02.24 16:16:25.021 ms]:[INFO]:[PSAG_ACTOR_CORE]: game_actor get textures: 1
[2025.02.24 16:16:25.021 ms]:[INFO]:[PSAG_ACTOR_CORE]: game_actor render_comp init.
[2025.02.24 16:16:25.021 ms]:[INFO]:[PSAG_PHYSICS]: phy_world => body_data, name: ZPGamePhysics
[2025.02.24 16:16:25.021 ms]:[INFO]:[PSAG_PHYSICS]: body_data(dynamic) item: alloc key: 1699150004528
[2025.02.24 16:16:25.021 ms]:[INFO]:[PSAG_ACTOR_CORE]: game_actor entity create: 138
[2025.02.24 16:16:27.265 ms]:[INFO]:[PSAG_PHYSICS]: phy_world => body_data, name: ZPGamePhysics
[2025.02.24 16:16:27.265 ms]:[INFO]:[PSAG_PHYSICS]: body_data item: delete key: 1699097514240
[2025.02.24 16:16:27.265 ms]:[INFO]:[PSAG_ACTOR_CORE]: game_actor entity delete: 138
[2025.02.24 16:16:27.435 ms]:[INFO]:[PSAG_PHYSICS]: phy_world => body_data, name: ZPGamePhysics
[2025.02.24 16:16:27.435 ms]:[INFO]:[PSAG_PHYSICS]: body_data item: delete key: 1699097514816
[2025.02.24 16:16:27.435 ms]:[INFO]:[PSAG_ACTOR_CORE]: game_actor entity delete: 136
[2025.02.24 16:16:28.602 ms]:[INFO]:[PSAG_PHYSICS]: phy_world => body_data, name: ZPGamePhysics
[2025.02.24 16:16:28.602 ms]:[INFO]:[PSAG_PHYSICS]: body_data item: delete key: 1699097514048
[2025.02.24 16:16:28.602 ms]:[INFO]:[PSAG_ACTOR_CORE]: game_actor entity delete: 134
[2025.02.24 16:16:29.645 ms]:[INFO]:[PSAG_TOOL_NOTFIY]: station receive pair: PPActor/PPActorBullet, data_size: 12 bytes
[2025.02.24 16:16:29.645 ms]:[INFO]:[PSAG_ACTOR_CORE]: game_actor get textures: 1
[2025.02.24 16:16:29.645 ms]:[INFO]:[PSAG_ACTOR_CORE]: game_actor render_comp init.
[2025.02.24 16:16:29.645 ms]:[INFO]:[PSAG_PHYSICS]: phy_world => body_data, name: ZPGamePhysics
[2025.02.24 16:16:29.645 ms]:[INFO]:[PSAG_PHYSICS]: body_data(dynamic) item: alloc key: 1699150004864
[2025.02.24 16:16:29.645 ms]:[INFO]:[PSAG_ACTOR_CORE]: game_actor entity create: 140
[2025.02.24 16:16:29.977 ms]:[INFO]:[PSAG_TOOL_NOTFIY]: station receive pair: PPActor/PPActorBullet, data_size: 12 bytes
[2025.02.24 16:16:29.978 ms]:[INFO]:[PSAG_ACTOR_CORE]: game_actor get textures: 1
[2025.02.24 16:16:29.978 ms]:[INFO]:[PSAG_ACTOR_CORE]: game_actor render_comp init.
[2025.02.24 16:16:29.978 ms]:[INFO]:[PSAG_PHYSICS]: phy_world => body_data, name: ZPGamePhysics
[2025.02.24 16:16:29.978 ms]:[INFO]:[PSAG_PHYSICS]: body_data(dynamic) item: alloc key: 1699150005200
[2025.02.24 16:16:29.978 ms]:[INFO]:[PSAG_ACTOR_CORE]: game_actor entity create: 142
[2025.02.24 16:16:30.390 ms]:[INFO]:[PSAG_TOOL_NOTFIY]: station receive pair: PPActor/PPActorBullet, data_size: 12 bytes
[2025.02.24 16:16:30.390 ms]:[INFO]:[PSAG_ACTOR_CORE]: game_actor get textures: 1
[2025.02.24 16:16:30.390 ms]:[INFO]:[PSAG_ACTOR_CORE]: game_actor render_comp init.
[2025.02.24 16:16:30.390 ms]:[INFO]:[PSAG_PHYSICS]: phy_world => body_data, name: ZPGamePhysics
[2025.02.24 16:16:30.390 ms]:[INFO]:[PSAG_PHYSICS]: body_data(dynamic) item: alloc key: 1699150005536
[2025.02.24 16:16:30.390 ms]:[INFO]:[PSAG_ACTOR_CORE]: game_actor entity create: 144
[2025.02.24 16:16:33.772 ms]:[INFO]:[PSAG_TOOL_NOTFIY]: station receive pair: PPActor/PPActorBullet, data_size: 12 bytes
[2025.02.24 16:16:33.773 ms]:[INFO]:[PSAG_ACTOR_CORE]: game_actor get textures: 1
[2025.02.24 16:16:33.773 ms]:[INFO]:[PSAG_ACTOR_CORE]: game_actor render_comp init.
[2025.02.24 16:16:33.773 ms]:[INFO]:[PSAG_PHYSICS]: phy_world => body_data, name: ZPGamePhysics
[2025.02.24 16:16:33.773 ms]:[INFO]:[PSAG_PHYSICS]: body_data(dynamic) item: alloc key: 1699150001504
[2025.02.24 16:16:33.773 ms]:[INFO]:[PSAG_ACTOR_CORE]: game_actor entity create: 146
[2025.02.24 16:16:34.148 ms]:[INFO]:[PSAG_TOOL_NOTFIY]: station receive pair: PPActor/PPActorBullet, data_size: 12 bytes
[2025.02.24 16:16:34.149 ms]:[INFO]:[PSAG_ACTOR_CORE]: game_actor get textures: 1
[2025.02.24 16:16:34.149 ms]:[INFO]:[PSAG_ACTOR_CORE]: game_actor render_comp init.
[2025.02.24 16:16:34.149 ms]:[INFO]:[PSAG_PHYSICS]: phy_world => body_data, name: ZPGamePhysics
[2025.02.24 16:16:34.149 ms]:[INFO]:[PSAG_PHYSICS]: body_data(dynamic) item: alloc key: 1699150006880
[2025.02.24 16:16:34.149 ms]:[INFO]:[PSAG_ACTOR_CORE]: game_actor entity create: 148
[2025.02.24 16:16:38.086 ms]:[INFO]:[PSAG_PHYSICS]: phy_world => body_data, name: ZPGamePhysics
[2025.02.24 16:16:38.086 ms]:[INFO]:[PSAG_PHYSICS]: body_data item: delete key: 1699097514432
[2025.02.24 16:16:38.086 ms]:[INFO]:[PSAG_ACTOR_CORE]: game_actor entity delete: 146
[2025.02.24 16:16:38.236 ms]:[INFO]:[PSAG_PHYSICS]: phy_world => body_data, name: ZPGamePhysics
[2025.02.24 16:16:38.237 ms]:[INFO]:[PSAG_PHYSICS]: body_data item: delete key: 1699097514240
[2025.02.24 16:16:38.237 ms]:[INFO]:[PSAG_ACTOR_CORE]: game_actor entity delete: 144
[2025.02.24 16:16:38.393 ms]:[INFO]:[PSAG_PHYSICS]: phy_world => body_data, name: ZPGamePhysics
[2025.02.24 16:16:38.393 ms]:[INFO]:[PSAG_PHYSICS]: body_data item: delete key: 1699097514816
[2025.02.24 16:16:38.393 ms]:[INFO]:[PSAG_ACTOR_CORE]: game_actor entity delete: 142
[2025.02.24 16:16:38.596 ms]:[INFO]:[PSAG_PHYSICS]: phy_world => body_data, name: ZPGamePhysics
[2025.02.24 16:16:38.596 ms]:[INFO]:[PSAG_PHYSICS]: body_data item: delete key: 1699097514048
[2025.02.24 16:16:38.596 ms]:[INFO]:[PSAG_ACTOR_CORE]: game_actor entity delete: 140
[2025.02.24 16:16:39.373 ms]:[INFO]:[PSAG_TOOL_NOTFIY]: station receive pair: PPActor/PPActorBullet, data_size: 12 bytes
[2025.02.24 16:16:39.373 ms]:[INFO]:[PSAG_ACTOR_CORE]: game_actor get textures: 1
[2025.02.24 16:16:39.373 ms]:[INFO]:[PSAG_ACTOR_CORE]: game_actor render_comp init.
[2025.02.24 16:16:39.373 ms]:[INFO]:[PSAG_PHYSICS]: phy_world => body_data, name: ZPGamePhysics
[2025.02.24 16:16:39.373 ms]:[INFO]:[PSAG_PHYSICS]: body_data(dynamic) item: alloc key: 1699150002512
[2025.02.24 16:16:39.373 ms]:[INFO]:[PSAG_ACTOR_CORE]: game_actor entity create: 150
[2025.02.24 16:16:39.905 ms]:[INFO]:[PSAG_TOOL_NOTFIY]: station receive pair: PPActor/PPActorBullet, data_size: 12 bytes
[2025.02.24 16:16:39.905 ms]:[INFO]:[PSAG_ACTOR_CORE]: game_actor get textures: 1
[2025.02.24 16:16:39.905 ms]:[INFO]:[PSAG_ACTOR_CORE]: game_actor render_comp init.
[2025.02.24 16:16:39.905 ms]:[INFO]:[PSAG_PHYSICS]: phy_world => body_data, name: ZPGamePhysics
[2025.02.24 16:16:39.905 ms]:[INFO]:[PSAG_PHYSICS]: body_data(dynamic) item: alloc key: 1699150002848
[2025.02.24 16:16:39.905 ms]:[INFO]:[PSAG_ACTOR_CORE]: game_actor entity create: 152
[2025.02.24 16:16:40.436 ms]:[INFO]:[PSAG_TOOL_NOTFIY]: station receive pair: PPActor/PPActorBullet, data_size: 12 bytes
[2025.02.24 16:16:40.436 ms]:[INFO]:[PSAG_ACTOR_CORE]: game_actor get textures: 1
[2025.02.24 16:16:40.436 ms]:[INFO]:[PSAG_ACTOR_CORE]: game_actor render_comp init.
[2025.02.24 16:16:40.436 ms]:[INFO]:[PSAG_PHYSICS]: phy_world => body_data, name: ZPGamePhysics
[2025.02.24 16:16:40.437 ms]:[INFO]:[PSAG_PHYSICS]: body_data(dynamic) item: alloc key: 1699150001504
[2025.02.24 16:16:40.437 ms]:[INFO]:[PSAG_ACTOR_CORE]: game_actor entity create: 154
[2025.02.24 16:16:41.067 ms]:[INFO]:[PSAG_PHYSICS]: phy_world => body_data, name: ZPGamePhysics
[2025.02.24 16:16:41.067 ms]:[INFO]:[PSAG_PHYSICS]: body_data item: delete key: 1699097514624
[2025.02.24 16:16:41.067 ms]:[INFO]:[PSAG_ACTOR_CORE]: game_actor entity delete: 148
[2025.02.24 16:16:42.417 ms]:[INFO]:[PSAG_PHYSICS]: phy_world => body_data, name: ZPGamePhysics
[2025.02.24 16:16:42.417 ms]:[INFO]:[PSAG_PHYSICS]: body_data item: delete key: 1699097514816
[2025.02.24 16:16:42.417 ms]:[INFO]:[PSAG_ACTOR_CORE]: game_actor entity delete: 152
[2025.02.24 16:16:43.710 ms]:[INFO]:[PSAG_PHYSICS]: phy_world => body_data, name: ZPGamePhysics
[2025.02.24 16:16:43.710 ms]:[INFO]:[PSAG_PHYSICS]: body_data item: delete key: 1699097514048
[2025.02.24 16:16:43.710 ms]:[INFO]:[PSAG_ACTOR_CORE]: game_actor entity delete: 150
[2025.02.24 16:16:48.375 ms]:[INFO]:[PSAG_PHYSICS]: phy_world => body_data, name: ZPGamePhysics
[2025.02.24 16:16:48.375 ms]:[INFO]:[PSAG_PHYSICS]: body_data item: delete key: 1699097514240
[2025.02.24 16:16:48.375 ms]:[INFO]:[PSAG_ACTOR_CORE]: game_actor entity delete: 154
[2025.02.24 16:16:48.610 ms]:[INFO]:[PSAG_TOOL_NOTFIY]: station receive pair: PPActor/PPActorBullet, data_size: 12 bytes
[2025.02.24 16:16:48.610 ms]:[INFO]:[PSAG_ACTOR_CORE]: game_actor get textures: 1
[2025.02.24 16:16:48.610 ms]:[INFO]:[PSAG_ACTOR_CORE]: game_actor render_comp init.
[2025.02.24 16:16:48.610 ms]:[INFO]:[PSAG_PHYSICS]: phy_world => body_data, name: ZPGamePhysics
[2025.02.24 16:16:48.610 ms]:[INFO]:[PSAG_PHYSICS]: body_data(dynamic) item: alloc key: 1699150003856
[2025.02.24 16:16:48.610 ms]:[INFO]:[PSAG_ACTOR_CORE]: game_actor entity create: 156
[2025.02.24 16:16:49.537 ms]:[INFO]:[PSAG_TOOL_NOTFIY]: station receive pair: PPActor/PPActorBullet, data_size: 12 bytes
[2025.02.24 16:16:49.538 ms]:[INFO]:[PSAG_ACTOR_CORE]: game_actor get textures: 1
[2025.02.24 16:16:49.538 ms]:[INFO]:[PSAG_ACTOR_CORE]: game_actor render_comp init.
[2025.02.24 16:16:49.538 ms]:[INFO]:[PSAG_PHYSICS]: phy_world => body_data, name: ZPGamePhysics
[2025.02.24 16:16:49.538 ms]:[INFO]:[PSAG_PHYSICS]: body_data(dynamic) item: alloc key: 1699150006208
[2025.02.24 16:16:49.538 ms]:[INFO]:[PSAG_ACTOR_CORE]: game_actor entity create: 158
[2025.02.24 16:16:49.955 ms]:[INFO]:[PSAG_PHYSICS]: phy_world => body_data, name: ZPGamePhysics
[2025.02.24 16:16:49.955 ms]:[INFO]:[PSAG_PHYSICS]: body_data item: delete key: 1699097514240
[2025.02.24 16:16:49.955 ms]:[INFO]:[PSAG_ACTOR_CORE]: game_actor entity delete: 156
[2025.02.24 16:16:50.598 ms]:[INFO]:[PSAG_TOOL_NOTFIY]: station receive pair: PPActor/PPActorBullet, data_size: 12 bytes
[2025.02.24 16:16:50.598 ms]:[INFO]:[PSAG_ACTOR_CORE]: game_actor get textures: 1
[2025.02.24 16:16:50.598 ms]:[INFO]:[PSAG_ACTOR_CORE]: game_actor render_comp init.
[2025.02.24 16:16:50.598 ms]:[INFO]:[PSAG_PHYSICS]: phy_world => body_data, name: ZPGamePhysics
[2025.02.24 16:16:50.598 ms]:[INFO]:[PSAG_PHYSICS]: body_data(dynamic) item: alloc key: 1699150007216
[2025.02.24 16:16:50.598 ms]:[INFO]:[PSAG_ACTOR_CORE]: game_actor entity create: 160
[2025.02.24 16:16:51.191 ms]:[INFO]:[PSAG_TOOL_NOTFIY]: station receive pair: PPActor/PPActorBullet, data_size: 12 bytes
[2025.02.24 16:16:51.191 ms]:[INFO]:[PSAG_ACTOR_CORE]: game_actor get textures: 1
[2025.02.24 16:16:51.191 ms]:[INFO]:[PSAG_ACTOR_CORE]: game_actor render_comp init.
[2025.02.24 16:16:51.191 ms]:[INFO]:[PSAG_PHYSICS]: phy_world => body_data, name: ZPGamePhysics
[2025.02.24 16:16:51.191 ms]:[INFO]:[PSAG_PHYSICS]: body_data(dynamic) item: alloc key: 1699150002848
[2025.02.24 16:16:51.191 ms]:[INFO]:[PSAG_ACTOR_CORE]: game_actor entity create: 162
[2025.02.24 16:16:51.845 ms]:[INFO]:[PSAG_TOOL_NOTFIY]: station receive pair: PPActor/PPActorBullet, data_size: 12 bytes
[2025.02.24 16:16:51.845 ms]:[INFO]:[PSAG_PHYSICS]: phy_world => body_data, name: ZPGamePhysics
[2025.02.24 16:16:51.845 ms]:[INFO]:[PSAG_PHYSICS]: body_data item: delete key: 1699097514048
[2025.02.24 16:16:51.845 ms]:[INFO]:[PSAG_ACTOR_CORE]: game_actor entity delete: 158
[2025.02.24 16:16:51.845 ms]:[INFO]:[PSAG_ACTOR_CORE]: game_actor get textures: 1
[2025.02.24 16:16:51.845 ms]:[INFO]:[PSAG_ACTOR_CORE]: game_actor render_comp init.
[2025.02.24 16:16:51.845 ms]:[INFO]:[PSAG_PHYSICS]: phy_world => body_data, name: ZPGamePhysics
[2025.02.24 16:16:51.846 ms]:[INFO]:[PSAG_PHYSICS]: body_data(dynamic) item: alloc key: 1699150004864
[2025.02.24 16:16:51.846 ms]:[INFO]:[PSAG_ACTOR_CORE]: game_actor entity create: 164
[2025.02.24 16:16:53.428 ms]:[INFO]:[PSAG_PHYSICS]: phy_world => body_data, name: ZPGamePhysics
[2025.02.24 16:16:53.428 ms]:[INFO]:[PSAG_PHYSICS]: body_data item: delete key: 1699097514240
[2025.02.24 16:16:53.428 ms]:[INFO]:[PSAG_ACTOR_CORE]: game_actor entity delete: 160
[2025.02.24 16:16:54.304 ms]:[INFO]:[PSAG_PHYSICS]: phy_world => body_data, name: ZPGamePhysics
[2025.02.24 16:16:54.304 ms]:[INFO]:[PSAG_PHYSICS]: body_data item: delete key: 1699097514816
[2025.02.24 16:16:54.304 ms]:[INFO]:[PSAG_ACTOR_CORE]: game_actor entity delete: 162
[2025.02.24 16:16:54.680 ms]:[INFO]:[PSAG_PHYSICS]: phy_world => body_data, name: ZPGamePhysics
[2025.02.24 16:16:54.680 ms]:[INFO]:[PSAG_PHYSICS]: body_data item: delete key: 1699097514048
[2025.02.24 16:16:54.680 ms]:[INFO]:[PSAG_ACTOR_CORE]: game_actor entity delete: 164
[2025.02.24 16:17:00.018 ms]:[INFO]:[PSAG_TOOL_NOTFIY]: station receive pair: PPActor/PPActorBullet, data_size: 12 bytes
[2025.02.24 16:17:00.018 ms]:[INFO]:[PSAG_ACTOR_CORE]: game_actor get textures: 1
[2025.02.24 16:17:00.018 ms]:[INFO]:[PSAG_ACTOR_CORE]: game_actor render_comp init.
[2025.02.24 16:17:00.018 ms]:[INFO]:[PSAG_PHYSICS]: phy_world => body_data, name: ZPGamePhysics
[2025.02.24 16:17:00.018 ms]:[INFO]:[PSAG_PHYSICS]: body_data(dynamic) item: alloc key: 1699150001504
[2025.02.24 16:17:00.018 ms]:[INFO]:[PSAG_ACTOR_CORE]: game_actor entity create: 166
[2025.02.24 16:17:00.713 ms]:[INFO]:[PSAG_PHYSICS]: phy_world => body_data, name: ZPGamePhysics
[2025.02.24 16:17:00.713 ms]:[INFO]:[PSAG_PHYSICS]: body_data item: delete key: 1699097514048
[2025.02.24 16:17:00.713 ms]:[INFO]:[PSAG_ACTOR_CORE]: game_actor entity delete: 166
[2025.02.24 16:17:01.533 ms]:[INFO]:[PSAG_OGL_RES]: rbo: delete key: 38
[2025.02.24 16:17:01.533 ms]:[INFO]:[PSAG_OGL_RES]: fbo: delete key: 48
[2025.02.24 16:17:01.533 ms]:[INFO]:[PSAG_OGL_RES]: fbo: delete key: 50
[2025.02.24 16:17:01.533 ms]:[INFO]:[PSAG_OGL_RES]: fbo: delete key: 46
[2025.02.24 16:17:01.533 ms]:[INFO]:[PSAG_OGL_RES]: fbo: delete key: 42
[2025.02.24 16:17:01.533 ms]:[TRACE]:[PSAG_OGL_RES]: tmu delete(space): 5
[2025.02.24 16:17:01.533 ms]:[INFO]:[PSAG_OGL_RES]: texture: delete key: 40
[2025.02.24 16:17:01.533 ms]:[INFO]:[PSAG_OGL_RES]: shader: delete key: 30
[2025.02.24 16:17:01.533 ms]:[INFO]:[PSAG_OGL_RES]: shader: delete key: 32
[2025.02.24 16:17:01.533 ms]:[INFO]:[PSAG_OGL_RES]: shader: delete key: 34
[2025.02.24 16:17:01.533 ms]:[INFO]:[PSAG_OGL_RES]: shader: delete key: 26
[2025.02.24 16:17:01.533 ms]:[INFO]:[PSAG_GL_POST]: graphics_engine free post_shader(system).
[2025.02.24 16:17:01.533 ms]:[INFO]:[PSAG_PHYSICS]: phy_world => body_data, name: ZPGamePhysics
[2025.02.24 16:17:01.533 ms]:[INFO]:[PSAG_PHYSICS]: body_data item: delete key: 1699097512512
[2025.02.24 16:17:01.533 ms]:[INFO]:[PSAG_ENVMT_CORE]: game_envmt item delete: 76
[2025.02.24 16:17:01.533 ms]:[INFO]:[PSAG_PHYSICS]: phy_world => body_data, name: ZPGamePhysics
[2025.02.24 16:17:01.533 ms]:[INFO]:[PSAG_PHYSICS]: body_data item: delete key: 1699097511744
[2025.02.24 16:17:01.533 ms]:[INFO]:[PSAG_ENVMT_CORE]: game_envmt item delete: 68
[2025.02.24 16:17:01.533 ms]:[INFO]:[PSAG_PHYSICS]: phy_world => body_data, name: ZPGamePhysics
[2025.02.24 16:17:01.533 ms]:[INFO]:[PSAG_PHYSICS]: body_data item: delete key: 1699097511936
[2025.02.24 16:17:01.533 ms]:[INFO]:[PSAG_ENVMT_CORE]: game_envmt item delete: 70
[2025.02.24 16:17:01.533 ms]:[INFO]:[PSAG_PHYSICS]: phy_world => body_data, name: ZPGamePhysics
[2025.02.24 16:17:01.533 ms]:[INFO]:[PSAG_PHYSICS]: body_data item: delete key: 1699097512128
[2025.02.24 16:17:01.533 ms]:[INFO]:[PSAG_ENVMT_CORE]: game_envmt item delete: 72
[2025.02.24 16:17:01.534 ms]:[INFO]:[PSAG_PHYSICS]: phy_world => body_data, name: ZPGamePhysics
[2025.02.24 16:17:01.534 ms]:[INFO]:[PSAG_PHYSICS]: body_data item: delete key: 1699097512320
[2025.02.24 16:17:01.534 ms]:[INFO]:[PSAG_ENVMT_CORE]: game_envmt item delete: 74
[2025.02.24 16:17:01.534 ms]:[INFO]:[PSAG_GAMECORE_MAG]: game_envmt manager system delete.
[2025.02.24 16:17:01.534 ms]:[INFO]:[PSAG_GL_DATASET]: layers_manager delete_count(space): 0
[2025.02.24 16:17:01.534 ms]:[INFO]:[PSAG_GL_DATASET]: vir_texture item: delete key: 52
[2025.02.24 16:17:01.534 ms]:[INFO]:[PSAG_OGL_RES]: shader: delete key: 60
[2025.02.24 16:17:01.534 ms]:[INFO]:[PSAG_ACTOR_CORE]: game_actor shader delete.
[2025.02.24 16:17:01.534 ms]:[INFO]:[PSAG_OGL_RES]: shader: delete key: 56
[2025.02.24 16:17:01.534 ms]:[INFO]:[PSAG_ACTOR_CORE]: game_actor shader delete.
[2025.02.24 16:17:01.534 ms]:[INFO]:[PSAG_GL_DATASET]: layers_manager delete_count(space): 1
[2025.02.24 16:17:01.534 ms]:[INFO]:[PSAG_GL_DATASET]: vir_texture item: delete key: 54
[2025.02.24 16:17:01.534 ms]:[INFO]:[PSAG_OGL_RES]: shader: delete key: 64
[2025.02.24 16:17:01.534 ms]:[INFO]:[PSAG_ACTOR_CORE]: game_actor shader delete.
[2025.02.24 16:17:01.534 ms]:[INFO]:[PSAG_GAMECORE_MAG]: actor_shader manager system delete.
[2025.02.24 16:17:01.534 ms]:[INFO]:[PSAG_PHYSICS]: phy_world => body_data, name: ZPGamePhysics
[2025.02.24 16:17:01.534 ms]:[INFO]:[PSAG_PHYSICS]: body_data item: delete key: 1699097512704
[2025.02.24 16:17:01.534 ms]:[INFO]:[PSAG_ACTOR_CORE]: game_actor entity delete: 90
[2025.02.24 16:17:01.534 ms]:[INFO]:[PSAG_GL_DATASET]: layers_manager delete_count(space): 0
[2025.02.24 16:17:01.534 ms]:[INFO]:[PSAG_GL_DATASET]: vir_texture item: delete key: 78
[2025.02.24 16:17:01.534 ms]:[INFO]:[PSAG_OGL_RES]: shader: delete key: 82
[2025.02.24 16:17:01.534 ms]:[INFO]:[PSAG_ACTOR_CORE]: game_actor shader delete.
[2025.02.24 16:17:01.534 ms]:[INFO]:[PSAG_GL_DATASET]: layers_manager delete_count(space): 1
[2025.02.24 16:17:01.534 ms]:[INFO]:[PSAG_GL_DATASET]: vir_texture item: delete key: 80
[2025.02.24 16:17:01.534 ms]:[INFO]:[PSAG_OGL_RES]: shader: delete key: 86
[2025.02.24 16:17:01.534 ms]:[INFO]:[PSAG_ACTOR_CORE]: game_actor shader delete.
[2025.02.24 16:17:01.534 ms]:[INFO]:[PSAG_GAMECORE_MAG]: actor_shader manager system delete.
[2025.02.24 16:17:01.534 ms]:[INFO]:[PSAG_GL_DATASET]: layers_manager delete_count(space): 0
[2025.02.24 16:17:01.534 ms]:[INFO]:[PSAG_GL_DATASET]: vir_texture item: delete key: 104
[2025.02.24 16:17:01.534 ms]:[INFO]:[PSAG_OGL_RES]: shader: delete key: 106
[2025.02.24 16:17:01.534 ms]:[INFO]:[PSAG_ACTOR_CORE]: game_actor shader delete.
[2025.02.24 16:17:01.534 ms]:[INFO]:[PSAG_GAMECORE_MAG]: actor_shader manager system delete.
[2025.02.24 16:17:01.535 ms]:[INFO]:[PSAG_GAMECORE_MAG]: game_actor manager system delete.
[2025.02.24 16:17:01.535 ms]:[INFO]:[PSAG_GL_PVFX]: psag_fx image_view system free.
[2025.02.24 16:17:01.535 ms]:[INFO]:[PSAG_GL_PVFX]: psag_fx image_view system free.
[2025.02.24 16:17:01.535 ms]:[INFO]:[PSAG_GL_PVFX]: psag_fx image_view system free.
[2025.02.24 16:17:01.535 ms]:[INFO]:[PSAG_GL_PVFX]: psag_fx image_view system free.
[2025.02.24 16:17:01.535 ms]:[INFO]:[PSAG_GL_PVFX]: psag_fx image_view system free.
[2025.02.24 16:17:01.535 ms]:[INFO]:[PSAG_GL_PVFX]: psag_fx image_view system free.
[2025.02.24 16:17:01.535 ms]:[INFO]:[PSAG_OGL_RES]: vao: delete key: 4
[2025.02.24 16:17:01.535 ms]:[INFO]:[PSAG_OGL_RES]: vbo: delete key: 6
[2025.02.24 16:17:01.535 ms]:[INFO]:[PSAG_OGL_RES]: vao: delete key: 8
[2025.02.24 16:17:01.535 ms]:[INFO]:[PSAG_OGL_RES]: vbo: delete key: 10
[2025.02.24 16:17:01.535 ms]:[TRACE]:[PSAG_OGL_RES]: tmu delete(space): 1
[2025.02.24 16:17:01.535 ms]:[TRACE]:[PSAG_OGL_RES]: tmu delete(space): 2
[2025.02.24 16:17:01.535 ms]:[TRACE]:[PSAG_OGL_RES]: tmu delete(space): 3
[2025.02.24 16:17:01.535 ms]:[TRACE]:[PSAG_OGL_RES]: tmu delete(space): 4
[2025.02.24 16:17:01.574 ms]:[INFO]:[PSAG_OGL_RES]: texture: delete key: 16
[2025.02.24 16:17:01.594 ms]:[INFO]:[PSAG_OGL_RES]: texture: delete key: 18
[2025.02.24 16:17:01.609 ms]:[INFO]:[PSAG_OGL_RES]: texture: delete key: 20
[2025.02.24 16:17:01.613 ms]:[INFO]:[PSAG_OGL_RES]: texture: delete key: 22
[2025.02.24 16:17:01.934 ms]:[TRACE]:[PSAG_AUDIO]: audio(openal) global free_context & close_device.
[2025.02.24 16:17:01.934 ms]:[INFO]:[PSAG_PHYSICS]: physics_world item: free_bodies: 0, delete key: DEFAULT_PHY_WORLD
[2025.02.24 16:17:01.936 ms]:[INFO]:[PSAG_IMGUI]: imgui_free: imgui_opengl3 context.
[2025.02.24 16:17:01.936 ms]:[TRACE]:[PSAG_AUDIO_DATA]: free resource(raw_audio): 0 bytes
[2025.02.24 16:17:01.936 ms]:[INFO]:[PSAG_AUDIO_DATA]: LLRES static_object() delete.
[2025.02.24 16:17:01.937 ms]:[TRACE]:[PSAG_OGL_RES]: free resource(shader): 2 items
[2025.02.24 16:17:01.937 ms]:[TRACE]:[PSAG_OGL_RES]: free resource(texture): 0 items
[2025.02.24 16:17:01.937 ms]:[TRACE]:[PSAG_OGL_RES]: free resource(vertex_buffer): 0 items
[2025.02.24 16:17:01.937 ms]:[TRACE]:[PSAG_OGL_RES]: free resource(vertex_attribute): 0 items
[2025.02.24 16:17:01.938 ms]:[TRACE]:[PSAG_OGL_RES]: free resource(frame_buffer): 1 items
[2025.02.24 16:17:01.938 ms]:[TRACE]:[PSAG_OGL_RES]: free resource(render_buffer): 0 items
[2025.02.24 16:17:01.938 ms]:[TRACE]:[PSAG_OGL_RES]: free resource(uniform_buffer): 1 items
[2025.02.24 16:17:01.938 ms]:[INFO]:[PSAG_LLRES]: graph static_object(graphics) delete.
[2025.02.24 16:17:01.960 ms]:[INFO]:[PSAG_WINDOW]: fw_window free: glfw context.
[2025.02.24 16:17:02.192 ms]:[TRACE]:[PSAG_M_MAINEVENT]: async_events execution end.
[2025.02.24 16:17:02.192 ms]:[INFO]:[PSAG_M_START]: free framework ret_code: 1
