[2025.02.24 16:26:45.610 ms]:[INFO]:[PSAG_LOGGER]: start thread success.
[2025.02.24 16:26:45.611 ms]:[INFO]:[PSAG_LOGGER]: create log_file: PSAGameSystemLogs/8420437551200.log
[2025.02.24 16:26:45.611 ms]:[INFO]:[PSAG_M_START]: core_start objects(frm) total: only
[2025.02.24 16:26:45.611 ms]:[INFO]:[PSAG_M_START]: core_start objects(net) total: 0
[2025.02.24 16:26:45.611 ms]:[INFO]:[PSAG_M_START]: core_start objects(ext) total: 0
[2025.02.24 16:26:45.611 ms]:[TRACE]:[PSAG_M_MAINEVENT]: async_event add item_id: 235477658320
[2025.02.24 16:26:45.611 ms]:[INFO]:[PSAG_M_MAINEVENT]: async_events executing...
[2025.02.24 16:26:45.612 ms]:[INFO]:[PSAG_FILESYS_LOAD]: load(src) read_file: PSAGameFrameworkCore/framework_config.json read_size: 463
[2025.02.24 16:26:45.612 ms]:[INFO]:[PSAG_FILESYS_LOAD]: load(src) read_file: PSAGameFrameworkCore/framework_config_shaders.json read_size: 1329
[2025.02.24 16:26:45.612 ms]:[INFO]:[PSAG_FILESYS_LOAD]: load(src) read_file: PSAGameFrameworkCore/CoreShaderScript/public/psag_graph_template_actor.vert read_size: 984
[2025.02.24 16:26:45.612 ms]:[INFO]:[PSAG_FILESYS_LOAD]: load(src) read_file: PSAGameFrameworkCore/CoreShaderScript/public/psag_graph_template.vert read_size: 737
[2025.02.24 16:26:45.612 ms]:[INFO]:[PSAG_FILESYS_LOAD]: load(src) read_file: PSAGameFrameworkCore/CoreShaderScript/public/psag_graph_tools.frag read_size: 933
[2025.02.24 16:26:45.612 ms]:[INFO]:[PSAG_FILESYS_LOAD]: load(src) read_file: PSAGameFrameworkCore/CoreShaderScript/public/psag_graph_header.frag read_size: 202
[2025.02.24 16:26:45.612 ms]:[INFO]:[PSAG_FILESYS_LOAD]: load(src) read_file: PSAGameFrameworkCore/CoreShaderScript/private/psag_graph_final_vollight.frag read_size: 1670
[2025.02.24 16:26:45.613 ms]:[INFO]:[PSAG_FILESYS_LOAD]: load(src) read_file: PSAGameFrameworkCore/CoreShaderScript/private/psag_graph_final_multfilter.frag read_size: 356
[2025.02.24 16:26:45.613 ms]:[INFO]:[PSAG_FILESYS_LOAD]: load(src) read_file: PSAGameFrameworkCore/CoreShaderScript/private/psag_graph_final_blurh.frag read_size: 783
[2025.02.24 16:26:45.613 ms]:[INFO]:[PSAG_FILESYS_LOAD]: load(src) read_file: PSAGameFrameworkCore/CoreShaderScript/private/psag_graph_final_blurv.frag read_size: 778
[2025.02.24 16:26:45.613 ms]:[INFO]:[PSAG_FILESYS_LOAD]: load(src) read_file: PSAGameFrameworkCore/CoreShaderScript/private/psag_graph_final.frag read_size: 1243
[2025.02.24 16:26:45.613 ms]:[INFO]:[PSAG_FILESYS_LOAD]: load(src) read_file: PSAGameFrameworkCore/CoreShaderScript/private/psag_graph_background.frag read_size: 1107
[2025.02.24 16:26:45.613 ms]:[INFO]:[PSAG_FILESYS_LOAD]: load(src) read_file: PSAGameFrameworkCore/CoreShaderScript/private/psag_graph_particle.frag read_size: 1255
[2025.02.24 16:26:45.613 ms]:[INFO]:[PSAG_FILESYS_LOAD]: load(src) read_file: PSAGameFrameworkCore/CoreShaderScript/private/psag_graph_fx_sequence.frag read_size: 543
[2025.02.24 16:26:45.613 ms]:[INFO]:[PSAG_GL_GLSL]: graphics_engine config system_glsl.
[2025.02.24 16:26:45.613 ms]:[TRACE]:[PSAG_M_CORE]: core framework init,config...
[2025.02.24 16:26:45.648 ms]:[INFO]:[PSAG_WINDOW]: init opengl_glfw.
[2025.02.24 16:26:45.859 ms]:[WARNING]:[PSAG_WINDOW]: <F:\PSAFrameworkProject\PSAGameFramework\PSAGameFramework\PSAGameFrameworkCore\LLWindowGui\framework_window_system.cpp:__LINE__> failed fw_window load: icon_image.
[2025.02.24 16:26:45.859 ms]:[INFO]:[PSAG_OGL_INIT]: framework_graphics logger function_ptr: 59b69418
[2025.02.24 16:26:45.859 ms]:[INFO]:[PSAG_OGL_INIT]: framework_graphics shader gl_version: 
[2025.02.24 16:26:45.861 ms]:[TRACE]:[PSAG_OGL_INIT]: framework_graphics config init...
[2025.02.24 16:26:45.861 ms]:[INFO]:[PSAG_OGL_INFORMATION]: device gpu supplier: NVIDIA Corporation
[2025.02.24 16:26:45.862 ms]:[INFO]:[PSAG_OGL_INFORMATION]: device gpu model: NVIDIA GeForce RTX 4060 Laptop GPU/PCIe/SSE2
[2025.02.24 16:26:45.862 ms]:[INFO]:[PSAG_OGL_INFORMATION]: device version opengl: 4.6.0 NVIDIA 561.19
[2025.02.24 16:26:45.862 ms]:[INFO]:[PSAG_OGL_INFORMATION]: device version glsl: 4.60 NVIDIA
[2025.02.24 16:26:45.862 ms]:[PERF]:[PSAG_OGL_INFORMATION]: device memory[capacity]: 8188.00 mib
[2025.02.24 16:26:45.862 ms]:[INFO]:[PSAG_OGL_INFORMATION]: device (vao)attribs_max units: 16 entry
[2025.02.24 16:26:45.862 ms]:[INFO]:[PSAG_OGL_INFORMATION]: device (vbo)buffer_max units: 4096 entry
[2025.02.24 16:26:45.862 ms]:[INFO]:[PSAG_OGL_INFORMATION]: device [tmu]texture_max units: 32 entry
[2025.02.24 16:26:45.862 ms]:[INFO]:[PSAG_OGL_INFORMATION]: device (vert)uniform_max items: 4096
[2025.02.24 16:26:45.862 ms]:[INFO]:[PSAG_OGL_INFORMATION]: device (frag)uniform_max items: 4096
[2025.02.24 16:26:45.862 ms]:[INFO]:[PSAG_LLRES]: graph static_object(graphics) create.
[2025.02.24 16:26:45.862 ms]:[INFO]:[PSAG_AUDIO_DATA]: LLRES static_object() create.
[2025.02.24 16:26:45.862 ms]:[INFO]:[PSAG_OGL_RES]: vao: storage key: 4
[2025.02.24 16:26:45.862 ms]:[INFO]:[PSAG_OGL_RES]: vbo: storage key: 6
[2025.02.24 16:26:45.862 ms]:[TRACE]:[PSAG_GL_DATASET]: dynamic vertex data manager_create.
[2025.02.24 16:26:45.862 ms]:[INFO]:[PSAG_OGL_RES]: vao: storage key: 8
[2025.02.24 16:26:45.862 ms]:[INFO]:[PSAG_OGL_RES]: vbo: storage key: 10
[2025.02.24 16:26:45.863 ms]:[INFO]:[PSAG_GL_DATASET]: ver_data(stc) upload gpu_data: 72 bytes
[2025.02.24 16:26:45.863 ms]:[INFO]:[PSAG_GL_DATASET]: ver_data(stc) item: alloc key: 12
[2025.02.24 16:26:45.863 ms]:[INFO]:[PSAG_GL_DATASET]: preset craete: rectangle.
[2025.02.24 16:26:45.863 ms]:[INFO]:[PSAG_GL_DATASET]: ver_data(stc) upload gpu_data: 2868 bytes
[2025.02.24 16:26:45.864 ms]:[INFO]:[PSAG_GL_DATASET]: ver_data(stc) item: alloc key: 14
[2025.02.24 16:26:45.864 ms]:[INFO]:[PSAG_GL_DATASET]: preset craete: circle.
[2025.02.24 16:26:45.864 ms]:[TRACE]:[PSAG_GL_DATASET]: static vertex data manager_create.
[2025.02.24 16:26:45.864 ms]:[TRACE]:[PSAG_OGL_RES]: tmu alloc u: 1
[2025.02.24 16:26:45.864 ms]:[TRACE]:[PSAG_OGL_RES]: tmu alloc u: 2
[2025.02.24 16:26:45.864 ms]:[TRACE]:[PSAG_OGL_RES]: tmu alloc u: 3
[2025.02.24 16:26:45.864 ms]:[TRACE]:[PSAG_OGL_RES]: tmu alloc u: 4
[2025.02.24 16:26:45.864 ms]:[INFO]:[PSAG_OGL_TEXTURE]: texture.2d(array) object create.
[2025.02.24 16:26:45.864 ms]:[INFO]:[PSAG_OGL_TEXTURE]: texture create, succ: size: 4096 x 4096, layers: 5.
[2025.02.24 16:26:45.864 ms]:[INFO]:[PSAG_OGL_TEXTURE]: texture.2d(array) object create.
[2025.02.24 16:26:45.864 ms]:[INFO]:[PSAG_OGL_TEXTURE]: texture create, succ: size: 2048 x 2048, layers: 10.
[2025.02.24 16:26:45.864 ms]:[INFO]:[PSAG_OGL_TEXTURE]: texture.2d(array) object create.
[2025.02.24 16:26:45.864 ms]:[INFO]:[PSAG_OGL_TEXTURE]: texture create, succ: size: 1024 x 1024, layers: 20.
[2025.02.24 16:26:45.864 ms]:[INFO]:[PSAG_OGL_TEXTURE]: texture.2d(array) object create.
[2025.02.24 16:26:45.864 ms]:[INFO]:[PSAG_OGL_TEXTURE]: texture create, succ: size: 512 x 512, layers: 25.
[2025.02.24 16:26:45.864 ms]:[INFO]:[PSAG_OGL_RES]: texture: storage key: 16
[2025.02.24 16:26:45.864 ms]:[INFO]:[PSAG_OGL_RES]: texture: storage key: 18
[2025.02.24 16:26:45.864 ms]:[INFO]:[PSAG_OGL_RES]: texture: storage key: 20
[2025.02.24 16:26:45.865 ms]:[INFO]:[PSAG_OGL_RES]: texture: storage key: 22
[2025.02.24 16:26:45.865 ms]:[TRACE]:[PSAG_GL_DATASET]: vir_create texture[8x] size: 4096 x 4096
[2025.02.24 16:26:45.865 ms]:[TRACE]:[PSAG_GL_DATASET]: vir_create texture[4x] size: 2048 x 2048
[2025.02.24 16:26:45.865 ms]:[TRACE]:[PSAG_GL_DATASET]: vir_create texture[2x] size: 1024 x 1024
[2025.02.24 16:26:45.865 ms]:[TRACE]:[PSAG_GL_DATASET]: vir_create texture[1x] size: 512 x 512
[2025.02.24 16:26:45.865 ms]:[INFO]:[PSAG_OGL_UNIFORM]: uniform_buffer.gen create.
[2025.02.24 16:26:45.865 ms]:[INFO]:[PSAG_OGL_RES]: ubo: storage key: 24
[2025.02.24 16:26:45.865 ms]:[INFO]:[PSAG_GL_MATRIX]: graphics_engine create matrix ubo.
[2025.02.24 16:26:46.982 ms]:[TRACE]:[PSAG_AUDIO]: audio(openal) global create device & context.
[2025.02.24 16:26:46.982 ms]:[INFO]:[PSAG_PHYSICS]: physics_world item: alloc key: DEFAULT_PHY_WORLD
[2025.02.24 16:26:46.982 ms]:[INFO]:[PSAG_OGL_SHADER]: vertex_shader source script num: 1
[2025.02.24 16:26:46.982 ms]:[INFO]:[PSAG_OGL_SHADER]: vertex compilation succeeded.
[2025.02.24 16:26:46.982 ms]:[INFO]:[PSAG_OGL_SHADER]: fragment_shader source script num: 2
[2025.02.24 16:26:46.982 ms]:[INFO]:[PSAG_OGL_SHADER]: fragment compilation succeeded.
[2025.02.24 16:26:46.983 ms]:[INFO]:[PSAG_OGL_SHADER]: shader_program link succeeded.
[2025.02.24 16:26:46.983 ms]:[INFO]:[PSAG_OGL_RES]: shader: storage key: 26
[2025.02.24 16:26:46.983 ms]:[INFO]:[PSAG_OGL_SHADER]: vertex_shader source script num: 1
[2025.02.24 16:26:46.983 ms]:[INFO]:[PSAG_OGL_SHADER]: vertex compilation succeeded.
[2025.02.24 16:26:46.983 ms]:[INFO]:[PSAG_OGL_SHADER]: fragment_shader source script num: 2
[2025.02.24 16:26:46.983 ms]:[INFO]:[PSAG_OGL_SHADER]: fragment compilation succeeded.
[2025.02.24 16:26:46.983 ms]:[INFO]:[PSAG_OGL_SHADER]: shader_program link succeeded.
[2025.02.24 16:26:46.983 ms]:[INFO]:[PSAG_OGL_RES]: shader: storage key: 28
[2025.02.24 16:26:46.983 ms]:[INFO]:[PSAG_OGL_SHADER]: vertex_shader source script num: 1
[2025.02.24 16:26:46.983 ms]:[INFO]:[PSAG_OGL_SHADER]: vertex compilation succeeded.
[2025.02.24 16:26:46.983 ms]:[INFO]:[PSAG_OGL_SHADER]: fragment_shader source script num: 3
[2025.02.24 16:26:46.983 ms]:[INFO]:[PSAG_OGL_SHADER]: fragment compilation succeeded.
[2025.02.24 16:26:46.984 ms]:[INFO]:[PSAG_OGL_SHADER]: shader_program link succeeded.
[2025.02.24 16:26:46.984 ms]:[INFO]:[PSAG_OGL_RES]: shader: storage key: 30
[2025.02.24 16:26:46.984 ms]:[INFO]:[PSAG_OGL_SHADER]: vertex_shader source script num: 1
[2025.02.24 16:26:46.984 ms]:[INFO]:[PSAG_OGL_SHADER]: vertex compilation succeeded.
[2025.02.24 16:26:46.984 ms]:[INFO]:[PSAG_OGL_SHADER]: fragment_shader source script num: 3
[2025.02.24 16:26:46.984 ms]:[INFO]:[PSAG_OGL_SHADER]: fragment compilation succeeded.
[2025.02.24 16:26:46.984 ms]:[INFO]:[PSAG_OGL_SHADER]: shader_program link succeeded.
[2025.02.24 16:26:46.984 ms]:[INFO]:[PSAG_OGL_RES]: shader: storage key: 32
[2025.02.24 16:26:46.984 ms]:[INFO]:[PSAG_OGL_SHADER]: vertex_shader source script num: 1
[2025.02.24 16:26:46.984 ms]:[INFO]:[PSAG_OGL_SHADER]: vertex compilation succeeded.
[2025.02.24 16:26:46.984 ms]:[INFO]:[PSAG_OGL_SHADER]: fragment_shader source script num: 3
[2025.02.24 16:26:46.984 ms]:[INFO]:[PSAG_OGL_SHADER]: fragment compilation succeeded.
[2025.02.24 16:26:46.984 ms]:[INFO]:[PSAG_OGL_SHADER]: shader_program link succeeded.
[2025.02.24 16:26:46.985 ms]:[INFO]:[PSAG_OGL_RES]: shader: storage key: 34
[2025.02.24 16:26:46.985 ms]:[INFO]:[PSAG_GL_DATASET]: ver_data(stc) upload gpu_data: 2940 bytes
[2025.02.24 16:26:46.985 ms]:[INFO]:[PSAG_GL_DATASET]: ver_data(stc) item: alloc key: 36
[2025.02.24 16:26:46.985 ms]:[INFO]:[PSAG_OGL_RENDER]: render_buffer object create.
[2025.02.24 16:26:46.985 ms]:[INFO]:[PSAG_OGL_RENDER]: render_buffer config depth.
[2025.02.24 16:26:46.985 ms]:[INFO]:[PSAG_OGL_RENDER]: alloc render_buffer 1680 x 945, size: 6.056 mib.
[2025.02.24 16:26:46.985 ms]:[INFO]:[PSAG_OGL_RES]: rbo: storage key: 38
[2025.02.24 16:26:46.985 ms]:[TRACE]:[PSAG_OGL_RES]: tmu alloc u: 5
[2025.02.24 16:26:46.985 ms]:[INFO]:[PSAG_OGL_TEXTURE]: texture.2d(array) object create.
[2025.02.24 16:26:46.985 ms]:[INFO]:[PSAG_OGL_TEXTURE]: texture create, succ: size: 1680 x 945, layers: 5.
[2025.02.24 16:26:46.985 ms]:[INFO]:[PSAG_OGL_RES]: texture: storage key: 40
[2025.02.24 16:26:46.985 ms]:[INFO]:[PSAG_OGL_FRAME]: frame_buffer object create.
[2025.02.24 16:26:46.988 ms]:[INFO]:[PSAG_OGL_RES]: fbo: storage key: 42
[2025.02.24 16:26:46.988 ms]:[INFO]:[PSAG_OGL_FRAME]: frame_buffer object create.
[2025.02.24 16:26:46.988 ms]:[INFO]:[PSAG_OGL_RES]: fbo: storage key: 44
[2025.02.24 16:26:46.988 ms]:[INFO]:[PSAG_OGL_FRAME]: frame_buffer object create.
[2025.02.24 16:26:46.988 ms]:[INFO]:[PSAG_OGL_RES]: fbo: storage key: 46
[2025.02.24 16:26:46.988 ms]:[INFO]:[PSAG_OGL_FRAME]: frame_buffer object create.
[2025.02.24 16:26:46.988 ms]:[INFO]:[PSAG_OGL_RES]: fbo: storage key: 48
[2025.02.24 16:26:46.988 ms]:[INFO]:[PSAG_OGL_FRAME]: frame_buffer object create.
[2025.02.24 16:26:46.988 ms]:[INFO]:[PSAG_OGL_RES]: fbo: storage key: 50
[2025.02.24 16:26:46.988 ms]:[INFO]:[PSAG_GL_POST]: graphics_engine create final_shader(system).
[2025.02.24 16:26:46.989 ms]:[INFO]:[PSAG_IMGUI]: imgui_read: fonts file: PSAGameSystemFiles/JetBrainsMonoBold.ttf
[2025.02.24 16:26:46.990 ms]:[INFO]:[PSAG_IMGUI]: imgui_init: imgui_opengl3 context.
[2025.02.24 16:26:46.990 ms]:[TRACE]:[PSAG_M_CORE]: registration ref_object name: ZPGameScene
[2025.02.24 16:26:46.990 ms]:[TRACE]:[PSAG_M_CORE]: registration ref_object name: ZPGamePActor
[2025.02.24 16:26:46.990 ms]:[TRACE]:[PSAG_M_CORE]: registration ref_object name: ZPGameBullet
[2025.02.24 16:26:46.990 ms]:[TRACE]:[PSAG_M_CORE]: registration ref_object name: ZPGameGui
[2025.02.24 16:26:46.990 ms]:[INFO]:[PSAG_PHYSICS]: physics_world item: alloc key: ZPGamePhysics
[2025.02.24 16:26:46.990 ms]:[INFO]:[PSAG_FILESYS_LOAD]: load(src) read_file: PSAGameFrameworkDev/GameZeroProject/GameMaterial/zpgame_wall_h.png read_size: 22012
[2025.02.24 16:26:46.990 ms]:[INFO]:[PSAG_FILESYS_LOAD]: load(src) read_file: PSAGameFrameworkDev/GameZeroProject/GameMaterial/zpgame_wall_v.png read_size: 44017
[2025.02.24 16:26:46.990 ms]:[INFO]:[PSAG_ACTOR_CORE]: game_actor shader create: 1680 x 945
[2025.02.24 16:26:46.990 ms]:[INFO]:[PSAG_ACTOR_CORE]: game_actor shader create: 1680 x 945
[2025.02.24 16:26:47.001 ms]:[INFO]:[PSAG_OGL_IMG]: success decode image: size: 4096 x 208, color_channel: 4
[2025.02.24 16:26:47.002 ms]:[INFO]:[PSAG_GL_DATASET]: layers_manager alloc_count: 0
[2025.02.24 16:26:47.043 ms]:[INFO]:[PSAG_GL_DATASET]: vir_texture: src: 4096 x 208, fmt_fill: 4096 x 4096
[2025.02.24 16:26:47.072 ms]:[INFO]:[PSAG_GL_DATASET]: vir_texture item: alloc key: 52, cropping: 1.00 x 0.05, res: 1x/1
[2025.02.24 16:26:47.078 ms]:[INFO]:[PSAG_ACTOR_CORE]: game_actor shader texture add, name: WallH
[2025.02.24 16:26:47.079 ms]:[INFO]:[PSAG_ACTOR_CORE]: game_actor shader create: 1680 x 945
[2025.02.24 16:26:47.091 ms]:[INFO]:[PSAG_OGL_IMG]: success decode image: size: 208 x 4096, color_channel: 4
[2025.02.24 16:26:47.092 ms]:[INFO]:[PSAG_GL_DATASET]: layers_manager alloc_count: 1
[2025.02.24 16:26:47.134 ms]:[INFO]:[PSAG_GL_DATASET]: vir_texture: src: 208 x 4096, fmt_fill: 4096 x 4096
[2025.02.24 16:26:47.160 ms]:[INFO]:[PSAG_GL_DATASET]: vir_texture item: alloc key: 54, cropping: 0.05 x 1.00, res: 1x/1
[2025.02.24 16:26:47.166 ms]:[INFO]:[PSAG_ACTOR_CORE]: game_actor shader texture add, name: WallV
[2025.02.24 16:26:47.167 ms]:[INFO]:[PSAG_ACTOR_CORE]: game_actor shader load textures: 0
[2025.02.24 16:26:47.167 ms]:[INFO]:[PSAG_OGL_SHADER]: vertex_shader source script num: 1
[2025.02.24 16:26:47.167 ms]:[INFO]:[PSAG_OGL_SHADER]: vertex compilation succeeded.
[2025.02.24 16:26:47.167 ms]:[INFO]:[PSAG_OGL_SHADER]: fragment_shader source script num: 2
[2025.02.24 16:26:47.167 ms]:[INFO]:[PSAG_OGL_SHADER]: fragment compilation succeeded.
[2025.02.24 16:26:47.167 ms]:[INFO]:[PSAG_OGL_SHADER]: shader_program link succeeded.
[2025.02.24 16:26:47.167 ms]:[INFO]:[PSAG_OGL_RES]: shader: storage key: 56
[2025.02.24 16:26:47.167 ms]:[INFO]:[PSAG_ACTOR_CORE]: game_actor shader default_res create.
[2025.02.24 16:26:47.167 ms]:[INFO]:[PSAG_ACTOR_CORE]: game_actor shader load textures: 1
[2025.02.24 16:26:47.167 ms]:[INFO]:[PSAG_OGL_SHADER]: vertex_shader source script num: 1
[2025.02.24 16:26:47.167 ms]:[INFO]:[PSAG_OGL_SHADER]: vertex compilation succeeded.
[2025.02.24 16:26:47.168 ms]:[INFO]:[PSAG_OGL_SHADER]: fragment_shader source script num: 3
[2025.02.24 16:26:47.168 ms]:[INFO]:[PSAG_OGL_SHADER]: fragment compilation succeeded.
[2025.02.24 16:26:47.168 ms]:[INFO]:[PSAG_OGL_SHADER]: shader_program link succeeded.
[2025.02.24 16:26:47.168 ms]:[INFO]:[PSAG_OGL_RES]: shader: storage key: 60
[2025.02.24 16:26:47.168 ms]:[INFO]:[PSAG_ACTOR_CORE]: game_actor shader default_res create.
[2025.02.24 16:26:47.168 ms]:[INFO]:[PSAG_ACTOR_CORE]: game_actor shader load textures: 1
[2025.02.24 16:26:47.168 ms]:[INFO]:[PSAG_OGL_SHADER]: vertex_shader source script num: 1
[2025.02.24 16:26:47.168 ms]:[INFO]:[PSAG_OGL_SHADER]: vertex compilation succeeded.
[2025.02.24 16:26:47.168 ms]:[INFO]:[PSAG_OGL_SHADER]: fragment_shader source script num: 3
[2025.02.24 16:26:47.168 ms]:[INFO]:[PSAG_OGL_SHADER]: fragment compilation succeeded.
[2025.02.24 16:26:47.168 ms]:[INFO]:[PSAG_OGL_SHADER]: shader_program link succeeded.
[2025.02.24 16:26:47.168 ms]:[INFO]:[PSAG_OGL_RES]: shader: storage key: 64
[2025.02.24 16:26:47.168 ms]:[INFO]:[PSAG_ACTOR_CORE]: game_actor shader default_res create.
[2025.02.24 16:26:47.168 ms]:[INFO]:[PSAG_ENVMT_CORE]: game_envmt get textures: 1
[2025.02.24 16:26:47.168 ms]:[INFO]:[PSAG_ENVMT_CORE]: game_envmt render_comp init.
[2025.02.24 16:26:47.168 ms]:[INFO]:[PSAG_PHYSICS]: phy_world => body_data, name: ZPGamePhysics
[2025.02.24 16:26:47.168 ms]:[INFO]:[PSAG_PHYSICS]: body_data(static) item: alloc key: 2209697872656
[2025.02.24 16:26:47.168 ms]:[INFO]:[PSAG_ENVMT_CORE]: game_envmt item create: 68
[2025.02.24 16:26:47.168 ms]:[INFO]:[PSAG_ENVMT_CORE]: game_envmt get textures: 1
[2025.02.24 16:26:47.168 ms]:[INFO]:[PSAG_ENVMT_CORE]: game_envmt render_comp init.
[2025.02.24 16:26:47.168 ms]:[INFO]:[PSAG_PHYSICS]: phy_world => body_data, name: ZPGamePhysics
[2025.02.24 16:26:47.168 ms]:[INFO]:[PSAG_PHYSICS]: body_data(static) item: alloc key: 2209697872432
[2025.02.24 16:26:47.168 ms]:[INFO]:[PSAG_ENVMT_CORE]: game_envmt item create: 70
[2025.02.24 16:26:47.168 ms]:[INFO]:[PSAG_ENVMT_CORE]: game_envmt get textures: 1
[2025.02.24 16:26:47.168 ms]:[INFO]:[PSAG_ENVMT_CORE]: game_envmt render_comp init.
[2025.02.24 16:26:47.168 ms]:[INFO]:[PSAG_PHYSICS]: phy_world => body_data, name: ZPGamePhysics
[2025.02.24 16:26:47.168 ms]:[INFO]:[PSAG_PHYSICS]: body_data(static) item: alloc key: 2209697877584
[2025.02.24 16:26:47.168 ms]:[INFO]:[PSAG_ENVMT_CORE]: game_envmt item create: 72
[2025.02.24 16:26:47.168 ms]:[INFO]:[PSAG_ENVMT_CORE]: game_envmt get textures: 1
[2025.02.24 16:26:47.168 ms]:[INFO]:[PSAG_ENVMT_CORE]: game_envmt render_comp init.
[2025.02.24 16:26:47.168 ms]:[INFO]:[PSAG_PHYSICS]: phy_world => body_data, name: ZPGamePhysics
[2025.02.24 16:26:47.169 ms]:[INFO]:[PSAG_PHYSICS]: body_data(static) item: alloc key: 2209697873104
[2025.02.24 16:26:47.169 ms]:[INFO]:[PSAG_ENVMT_CORE]: game_envmt item create: 74
[2025.02.24 16:26:47.169 ms]:[INFO]:[PSAG_ENVMT_CORE]: game_envmt render_comp init.
[2025.02.24 16:26:47.169 ms]:[INFO]:[PSAG_PHYSICS]: phy_world => body_data, name: ZPGamePhysics
[2025.02.24 16:26:47.169 ms]:[INFO]:[PSAG_PHYSICS]: body_data(static) item: alloc key: 2209697873328
[2025.02.24 16:26:47.169 ms]:[INFO]:[PSAG_ENVMT_CORE]: game_envmt item create: 76
[2025.02.24 16:26:47.169 ms]:[INFO]:[PSAG_ACTOR_CORE]: AType: register key: ActorPAWN
[2025.02.24 16:26:47.169 ms]:[INFO]:[PSAG_ACTOR_CORE]: AType: register key: ActorNPC
[2025.02.24 16:26:47.169 ms]:[INFO]:[PSAG_FILESYS_LOAD]: load(src) read_file: PSAGameFrameworkDev/GameZeroProject/GameMaterial/zpgame_ppactor_nor.png read_size: 405375
[2025.02.24 16:26:47.169 ms]:[INFO]:[PSAG_ACTOR_CORE]: game_actor shader create: 1680 x 945
[2025.02.24 16:26:47.192 ms]:[INFO]:[PSAG_OGL_IMG]: success decode image: size: 1024 x 1024, color_channel: 4
[2025.02.24 16:26:47.193 ms]:[INFO]:[PSAG_GL_DATASET]: layers_manager alloc_count: 0
[2025.02.24 16:26:47.193 ms]:[INFO]:[PSAG_GL_DATASET]: vir_texture: src: 1024 x 1024, fmt_fill: 1024 x 1024
[2025.02.24 16:26:47.195 ms]:[INFO]:[PSAG_GL_DATASET]: vir_texture item: alloc key: 78, cropping: 1.00 x 1.00, res: 4x/1
[2025.02.24 16:26:47.195 ms]:[INFO]:[PSAG_ACTOR_CORE]: game_actor shader texture add, name: PPActor
[2025.02.24 16:26:47.195 ms]:[INFO]:[PSAG_FILESYS_LOAD]: load(src) read_file: PSAGameFrameworkDev/GameZeroProject/GameMaterial/zpgame_npc_a.png read_size: 177392
[2025.02.24 16:26:47.196 ms]:[INFO]:[PSAG_ACTOR_CORE]: game_actor shader create: 1680 x 945
[2025.02.24 16:26:47.218 ms]:[INFO]:[PSAG_OGL_IMG]: success decode image: size: 1024 x 1024, color_channel: 4
[2025.02.24 16:26:47.219 ms]:[INFO]:[PSAG_GL_DATASET]: layers_manager alloc_count: 1
[2025.02.24 16:26:47.219 ms]:[INFO]:[PSAG_GL_DATASET]: vir_texture: src: 1024 x 1024, fmt_fill: 1024 x 1024
[2025.02.24 16:26:47.221 ms]:[INFO]:[PSAG_GL_DATASET]: vir_texture item: alloc key: 80, cropping: 1.00 x 1.00, res: 4x/1
[2025.02.24 16:26:47.221 ms]:[INFO]:[PSAG_ACTOR_CORE]: game_actor shader texture add, name: NPActor
[2025.02.24 16:26:47.222 ms]:[INFO]:[PSAG_ACTOR_CORE]: game_actor shader load textures: 1
[2025.02.24 16:26:47.222 ms]:[INFO]:[PSAG_OGL_SHADER]: vertex_shader source script num: 1
[2025.02.24 16:26:47.222 ms]:[INFO]:[PSAG_OGL_SHADER]: vertex compilation succeeded.
[2025.02.24 16:26:47.222 ms]:[INFO]:[PSAG_OGL_SHADER]: fragment_shader source script num: 3
[2025.02.24 16:26:47.223 ms]:[INFO]:[PSAG_OGL_SHADER]: fragment compilation succeeded.
[2025.02.24 16:26:47.223 ms]:[INFO]:[PSAG_OGL_SHADER]: shader_program link succeeded.
[2025.02.24 16:26:47.223 ms]:[INFO]:[PSAG_OGL_RES]: shader: storage key: 82
[2025.02.24 16:26:47.223 ms]:[INFO]:[PSAG_ACTOR_CORE]: game_actor shader default_res create.
[2025.02.24 16:26:47.223 ms]:[INFO]:[PSAG_ACTOR_CORE]: game_actor shader load textures: 1
[2025.02.24 16:26:47.223 ms]:[INFO]:[PSAG_OGL_SHADER]: vertex_shader source script num: 1
[2025.02.24 16:26:47.223 ms]:[INFO]:[PSAG_OGL_SHADER]: vertex compilation succeeded.
[2025.02.24 16:26:47.223 ms]:[INFO]:[PSAG_OGL_SHADER]: fragment_shader source script num: 3
[2025.02.24 16:26:47.223 ms]:[INFO]:[PSAG_OGL_SHADER]: fragment compilation succeeded.
[2025.02.24 16:26:47.224 ms]:[INFO]:[PSAG_OGL_SHADER]: shader_program link succeeded.
[2025.02.24 16:26:47.224 ms]:[INFO]:[PSAG_OGL_RES]: shader: storage key: 86
[2025.02.24 16:26:47.224 ms]:[INFO]:[PSAG_ACTOR_CORE]: game_actor shader default_res create.
[2025.02.24 16:26:47.224 ms]:[INFO]:[PSAG_ACTOR_CORE]: game_actor get textures: 1
[2025.02.24 16:26:47.224 ms]:[INFO]:[PSAG_ACTOR_CORE]: game_actor render_comp init.
[2025.02.24 16:26:47.224 ms]:[INFO]:[PSAG_PHYSICS]: phy_world => body_data, name: ZPGamePhysics
[2025.02.24 16:26:47.224 ms]:[INFO]:[PSAG_PHYSICS]: body_data(dynamic) item: alloc key: 2209697412432
[2025.02.24 16:26:47.224 ms]:[INFO]:[PSAG_ACTOR_CORE]: game_actor entity create: 90
[2025.02.24 16:26:47.224 ms]:[INFO]:[PSAG_TOOL_NOTFIY]: station register n: PPActor, ptr 7c9899a0
[2025.02.24 16:26:47.224 ms]:[INFO]:[PSAG_ACTOR_CORE]: game_actor get textures: 1
[2025.02.24 16:26:47.224 ms]:[INFO]:[PSAG_ACTOR_CORE]: game_actor render_comp init.
[2025.02.24 16:26:47.224 ms]:[INFO]:[PSAG_PHYSICS]: phy_world => body_data, name: ZPGamePhysics
[2025.02.24 16:26:47.224 ms]:[INFO]:[PSAG_PHYSICS]: body_data(dynamic) item: alloc key: 2209697412768
[2025.02.24 16:26:47.224 ms]:[INFO]:[PSAG_ACTOR_CORE]: game_actor entity create: 92
[2025.02.24 16:26:47.224 ms]:[INFO]:[PSAG_ACTOR_CORE]: game_actor get textures: 1
[2025.02.24 16:26:47.224 ms]:[INFO]:[PSAG_ACTOR_CORE]: game_actor render_comp init.
[2025.02.24 16:26:47.224 ms]:[INFO]:[PSAG_PHYSICS]: phy_world => body_data, name: ZPGamePhysics
[2025.02.24 16:26:47.224 ms]:[INFO]:[PSAG_PHYSICS]: body_data(dynamic) item: alloc key: 2209697410752
[2025.02.24 16:26:47.224 ms]:[INFO]:[PSAG_ACTOR_CORE]: game_actor entity create: 94
[2025.02.24 16:26:47.224 ms]:[INFO]:[PSAG_ACTOR_CORE]: game_actor get textures: 1
[2025.02.24 16:26:47.224 ms]:[INFO]:[PSAG_ACTOR_CORE]: game_actor render_comp init.
[2025.02.24 16:26:47.224 ms]:[INFO]:[PSAG_PHYSICS]: phy_world => body_data, name: ZPGamePhysics
[2025.02.24 16:26:47.224 ms]:[INFO]:[PSAG_PHYSICS]: body_data(dynamic) item: alloc key: 2209697414112
[2025.02.24 16:26:47.224 ms]:[INFO]:[PSAG_ACTOR_CORE]: game_actor entity create: 96
[2025.02.24 16:26:47.224 ms]:[INFO]:[PSAG_ACTOR_CORE]: game_actor get textures: 1
[2025.02.24 16:26:47.224 ms]:[INFO]:[PSAG_ACTOR_CORE]: game_actor render_comp init.
[2025.02.24 16:26:47.224 ms]:[INFO]:[PSAG_PHYSICS]: phy_world => body_data, name: ZPGamePhysics
[2025.02.24 16:26:47.224 ms]:[INFO]:[PSAG_PHYSICS]: body_data(dynamic) item: alloc key: 2209697415792
[2025.02.24 16:26:47.224 ms]:[INFO]:[PSAG_ACTOR_CORE]: game_actor entity create: 98
[2025.02.24 16:26:47.224 ms]:[INFO]:[PSAG_ACTOR_CORE]: game_actor get textures: 1
[2025.02.24 16:26:47.224 ms]:[INFO]:[PSAG_ACTOR_CORE]: game_actor render_comp init.
[2025.02.24 16:26:47.224 ms]:[INFO]:[PSAG_PHYSICS]: phy_world => body_data, name: ZPGamePhysics
[2025.02.24 16:26:47.224 ms]:[INFO]:[PSAG_PHYSICS]: body_data(dynamic) item: alloc key: 2209697408400
[2025.02.24 16:26:47.225 ms]:[INFO]:[PSAG_ACTOR_CORE]: game_actor entity create: 100
[2025.02.24 16:26:47.225 ms]:[INFO]:[PSAG_ACTOR_CORE]: game_actor get textures: 1
[2025.02.24 16:26:47.225 ms]:[INFO]:[PSAG_ACTOR_CORE]: game_actor render_comp init.
[2025.02.24 16:26:47.225 ms]:[INFO]:[PSAG_PHYSICS]: phy_world => body_data, name: ZPGamePhysics
[2025.02.24 16:26:47.225 ms]:[INFO]:[PSAG_PHYSICS]: body_data(dynamic) item: alloc key: 2209697413104
[2025.02.24 16:26:47.225 ms]:[INFO]:[PSAG_ACTOR_CORE]: game_actor entity create: 102
[2025.02.24 16:26:47.225 ms]:[INFO]:[PSAG_ACTOR_CORE]: AType: register key: ActorBULLET
[2025.02.24 16:26:47.225 ms]:[INFO]:[PSAG_FILESYS_LOAD]: load(src) read_file: PSAGameFrameworkDev/GameZeroProject/GameMaterial/zpgame_bullet.png read_size: 54094
[2025.02.24 16:26:47.225 ms]:[INFO]:[PSAG_ACTOR_CORE]: game_actor shader create: 1680 x 945
[2025.02.24 16:26:47.252 ms]:[INFO]:[PSAG_OGL_IMG]: success decode image: size: 1024 x 2048, color_channel: 4
[2025.02.24 16:26:47.254 ms]:[INFO]:[PSAG_GL_DATASET]: layers_manager alloc_count: 0
[2025.02.24 16:26:47.325 ms]:[INFO]:[PSAG_GL_DATASET]: vir_texture: src: 1024 x 2048, fmt_fill: 2048 x 2048
[2025.02.24 16:26:47.332 ms]:[INFO]:[PSAG_GL_DATASET]: vir_texture item: alloc key: 104, cropping: 0.50 x 1.00, res: 2x/1
[2025.02.24 16:26:47.333 ms]:[INFO]:[PSAG_ACTOR_CORE]: game_actor shader texture add, name: Bullet
[2025.02.24 16:26:47.334 ms]:[INFO]:[PSAG_ACTOR_CORE]: game_actor shader load textures: 1
[2025.02.24 16:26:47.335 ms]:[INFO]:[PSAG_OGL_SHADER]: vertex_shader source script num: 1
[2025.02.24 16:26:47.335 ms]:[INFO]:[PSAG_OGL_SHADER]: vertex compilation succeeded.
[2025.02.24 16:26:47.335 ms]:[INFO]:[PSAG_OGL_SHADER]: fragment_shader source script num: 3
[2025.02.24 16:26:47.335 ms]:[INFO]:[PSAG_OGL_SHADER]: fragment compilation succeeded.
[2025.02.24 16:26:47.335 ms]:[INFO]:[PSAG_OGL_SHADER]: shader_program link succeeded.
[2025.02.24 16:26:47.335 ms]:[INFO]:[PSAG_OGL_RES]: shader: storage key: 106
[2025.02.24 16:26:47.335 ms]:[INFO]:[PSAG_ACTOR_CORE]: game_actor shader default_res create.
[2025.02.24 16:26:47.336 ms]:[INFO]:[PSAG_FILESYS_LOAD]: load(src) read_file: PSAGameFrameworkDev/GameZeroProject/GameMaterial/zpgame_particle_a.png read_size: 21686
[2025.02.24 16:26:47.343 ms]:[INFO]:[PSAG_OGL_IMG]: success decode image: size: 512 x 512, color_channel: 4
[2025.02.24 16:26:47.343 ms]:[INFO]:[PSAG_GL_PARTICLE]: particle system proc thread init.
[2025.02.24 16:26:47.343 ms]:[INFO]:[PSAG_OGL_SHADER]: vertex_shader source script num: 1
[2025.02.24 16:26:47.343 ms]:[INFO]:[PSAG_OGL_SHADER]: vertex compilation succeeded.
[2025.02.24 16:26:47.343 ms]:[INFO]:[PSAG_OGL_SHADER]: fragment_shader source script num: 3
[2025.02.24 16:26:47.343 ms]:[INFO]:[PSAG_OGL_SHADER]: fragment compilation succeeded.
[2025.02.24 16:26:47.344 ms]:[INFO]:[PSAG_OGL_SHADER]: shader_program link succeeded.
[2025.02.24 16:26:47.344 ms]:[INFO]:[PSAG_OGL_RES]: shader: storage key: 110
[2025.02.24 16:26:47.344 ms]:[INFO]:[PSAG_GL_DATASET]: ver_data(dy) item: alloc key: 112
[2025.02.24 16:26:47.344 ms]:[INFO]:[PSAG_GL_DATASET]: layers_manager alloc_count: 0
[2025.02.24 16:26:47.344 ms]:[INFO]:[PSAG_GL_DATASET]: vir_texture: src: 512 x 512, fmt_fill: 512 x 512
[2025.02.24 16:26:47.344 ms]:[INFO]:[PSAG_GL_DATASET]: vir_texture item: alloc key: 114, cropping: 1.00 x 1.00, res: 8x/1
[2025.02.24 16:26:47.345 ms]:[INFO]:[PSAG_GL_PARTICLE]: particle system init.
[2025.02.24 16:26:47.345 ms]:[INFO]:[PSAG_GL_PARTICLE]: particle system render_size: 1680 x 945
[2025.02.24 16:26:47.345 ms]:[INFO]:[PSAG_MANAGER_FX]: manager fx_particle init.
[2025.02.24 16:26:47.345 ms]:[INFO]:[PSAG_TOOL_NOTFIY]: station register n: PPActorBullet, ptr 7c9899a0
[2025.02.24 16:26:47.345 ms]:[INFO]:[PSAG_FILESYS_LOAD]: load(src) read_file: PSAGameFrameworkDev/GameZeroProject/GameMaterial/zpgame_gui/zpgame_gui_b0.png read_size: 10743
[2025.02.24 16:26:47.350 ms]:[INFO]:[PSAG_OGL_IMG]: success decode image: size: 1024 x 278, color_channel: 4
[2025.02.24 16:26:47.350 ms]:[INFO]:[PSAG_OGL_TEXTURE]: texture.2d(view) object create.
[2025.02.24 16:26:47.352 ms]:[INFO]:[PSAG_OGL_TEXTURE]: texture_view create, succ: size: 1024 x 278
[2025.02.24 16:26:47.352 ms]:[INFO]:[PSAG_GL_PVFX]: psag_fx image_view system, create: 1024 x 278
[2025.02.24 16:26:47.352 ms]:[INFO]:[PSAG_FILESYS_LOAD]: load(src) read_file: PSAGameFrameworkDev/GameZeroProject/GameMaterial/zpgame_gui/zpgame_gui_b1.png read_size: 22199
[2025.02.24 16:26:47.358 ms]:[INFO]:[PSAG_OGL_IMG]: success decode image: size: 1024 x 278, color_channel: 4
[2025.02.24 16:26:47.361 ms]:[INFO]:[PSAG_OGL_TEXTURE]: texture.2d(view) object create.
[2025.02.24 16:26:47.362 ms]:[INFO]:[PSAG_OGL_TEXTURE]: texture_view create, succ: size: 1024 x 278
[2025.02.24 16:26:47.362 ms]:[INFO]:[PSAG_GL_PVFX]: psag_fx image_view system, create: 1024 x 278
[2025.02.24 16:26:47.363 ms]:[INFO]:[PSAG_FILESYS_LOAD]: load(src) read_file: PSAGameFrameworkDev/GameZeroProject/GameMaterial/zpgame_gui/zpgame_gui_b2.png read_size: 22716
[2025.02.24 16:26:47.369 ms]:[INFO]:[PSAG_OGL_IMG]: success decode image: size: 1024 x 278, color_channel: 4
[2025.02.24 16:26:47.370 ms]:[INFO]:[PSAG_OGL_TEXTURE]: texture.2d(view) object create.
[2025.02.24 16:26:47.371 ms]:[INFO]:[PSAG_OGL_TEXTURE]: texture_view create, succ: size: 1024 x 278
[2025.02.24 16:26:47.371 ms]:[INFO]:[PSAG_GL_PVFX]: psag_fx image_view system, create: 1024 x 278
[2025.02.24 16:26:47.371 ms]:[INFO]:[PSAG_FILESYS_LOAD]: load(src) read_file: PSAGameFrameworkDev/GameZeroProject/GameMaterial/zpgame_gui/zpgame_gui_b3.png read_size: 23026
[2025.02.24 16:26:47.377 ms]:[INFO]:[PSAG_OGL_IMG]: success decode image: size: 1024 x 278, color_channel: 4
[2025.02.24 16:26:47.379 ms]:[INFO]:[PSAG_OGL_TEXTURE]: texture.2d(view) object create.
[2025.02.24 16:26:47.380 ms]:[INFO]:[PSAG_OGL_TEXTURE]: texture_view create, succ: size: 1024 x 278
[2025.02.24 16:26:47.380 ms]:[INFO]:[PSAG_GL_PVFX]: psag_fx image_view system, create: 1024 x 278
[2025.02.24 16:26:47.380 ms]:[INFO]:[PSAG_FILESYS_LOAD]: load(src) read_file: PSAGameFrameworkDev/GameZeroProject/GameMaterial/zpgame_gui/zpgame_gui_b4.png read_size: 23655
[2025.02.24 16:26:47.387 ms]:[INFO]:[PSAG_OGL_IMG]: success decode image: size: 1024 x 278, color_channel: 4
[2025.02.24 16:26:47.391 ms]:[INFO]:[PSAG_OGL_TEXTURE]: texture.2d(view) object create.
[2025.02.24 16:26:47.392 ms]:[INFO]:[PSAG_OGL_TEXTURE]: texture_view create, succ: size: 1024 x 278
[2025.02.24 16:26:47.392 ms]:[INFO]:[PSAG_GL_PVFX]: psag_fx image_view system, create: 1024 x 278
[2025.02.24 16:26:47.392 ms]:[INFO]:[PSAG_FILESYS_LOAD]: load(src) read_file: PSAGameFrameworkDev/GameZeroProject/GameMaterial/zpgame_gui/zpgame_gui_b5.png read_size: 23922
[2025.02.24 16:26:47.399 ms]:[INFO]:[PSAG_OGL_IMG]: success decode image: size: 1024 x 278, color_channel: 4
[2025.02.24 16:26:47.400 ms]:[INFO]:[PSAG_OGL_TEXTURE]: texture.2d(view) object create.
[2025.02.24 16:26:47.400 ms]:[INFO]:[PSAG_OGL_TEXTURE]: texture_view create, succ: size: 1024 x 278
[2025.02.24 16:26:47.400 ms]:[INFO]:[PSAG_GL_PVFX]: psag_fx image_view system, create: 1024 x 278
[2025.02.24 16:26:47.401 ms]:[INFO]:[PSAG_M_START_ANIM]: create start_anim player.
[2025.02.24 16:26:47.401 ms]:[TRACE]:[PSAG_M_CORE]: pomelo_star game2d version: 12.20250127
[2025.02.24 16:26:47.418 ms]:[INFO]:[PSAG_M_START_ANIM]: start_anim playback complete, time(s): 0.000
[2025.02.24 16:26:47.418 ms]:[INFO]:[PSAG_M_START_ANIM]: free textures resource.
[2025.02.24 16:27:18.485 ms]:[INFO]:[PSAG_TOOL_NOTFIY]: station receive pair: PPActor/PPActorBullet, data_size: 12 bytes
[2025.02.24 16:27:18.485 ms]:[INFO]:[PSAG_ACTOR_CORE]: game_actor get textures: 1
[2025.02.24 16:27:18.485 ms]:[INFO]:[PSAG_ACTOR_CORE]: game_actor render_comp init.
[2025.02.24 16:27:18.485 ms]:[INFO]:[PSAG_PHYSICS]: phy_world => body_data, name: ZPGamePhysics
[2025.02.24 16:27:18.485 ms]:[INFO]:[PSAG_PHYSICS]: body_data(dynamic) item: alloc key: 2209703046048
[2025.02.24 16:27:18.485 ms]:[INFO]:[PSAG_ACTOR_CORE]: game_actor entity create: 116
[2025.02.24 16:27:18.560 ms]:[INFO]:[PSAG_PHYSICS]: phy_world => body_data, name: ZPGamePhysics
[2025.02.24 16:27:18.560 ms]:[INFO]:[PSAG_PHYSICS]: body_data item: delete key: 2209702254272
[2025.02.24 16:27:18.560 ms]:[INFO]:[PSAG_ACTOR_CORE]: game_actor entity delete: 116
[2025.02.24 16:27:18.988 ms]:[INFO]:[PSAG_TOOL_NOTFIY]: station receive pair: PPActor/PPActorBullet, data_size: 12 bytes
[2025.02.24 16:27:18.989 ms]:[INFO]:[PSAG_ACTOR_CORE]: game_actor get textures: 1
[2025.02.24 16:27:18.989 ms]:[INFO]:[PSAG_ACTOR_CORE]: game_actor render_comp init.
[2025.02.24 16:27:18.989 ms]:[INFO]:[PSAG_PHYSICS]: phy_world => body_data, name: ZPGamePhysics
[2025.02.24 16:27:18.989 ms]:[INFO]:[PSAG_PHYSICS]: body_data(dynamic) item: alloc key: 2209703043696
[2025.02.24 16:27:18.989 ms]:[INFO]:[PSAG_ACTOR_CORE]: game_actor entity create: 118
[2025.02.24 16:27:20.483 ms]:[INFO]:[PSAG_PHYSICS]: phy_world => body_data, name: ZPGamePhysics
[2025.02.24 16:27:20.484 ms]:[INFO]:[PSAG_PHYSICS]: body_data item: delete key: 2209702254272
[2025.02.24 16:27:20.484 ms]:[INFO]:[PSAG_ACTOR_CORE]: game_actor entity delete: 118
[2025.02.24 16:27:21.042 ms]:[INFO]:[PSAG_TOOL_NOTFIY]: station receive pair: PPActor/PPActorBullet, data_size: 12 bytes
[2025.02.24 16:27:21.042 ms]:[INFO]:[PSAG_ACTOR_CORE]: game_actor get textures: 1
[2025.02.24 16:27:21.042 ms]:[INFO]:[PSAG_ACTOR_CORE]: game_actor render_comp init.
[2025.02.24 16:27:21.042 ms]:[INFO]:[PSAG_PHYSICS]: phy_world => body_data, name: ZPGamePhysics
[2025.02.24 16:27:21.042 ms]:[INFO]:[PSAG_PHYSICS]: body_data(dynamic) item: alloc key: 2209703039328
[2025.02.24 16:27:21.042 ms]:[INFO]:[PSAG_ACTOR_CORE]: game_actor entity create: 120
[2025.02.24 16:27:21.408 ms]:[INFO]:[PSAG_TOOL_NOTFIY]: station receive pair: PPActor/PPActorBullet, data_size: 12 bytes
[2025.02.24 16:27:21.408 ms]:[INFO]:[PSAG_ACTOR_CORE]: game_actor get textures: 1
[2025.02.24 16:27:21.408 ms]:[INFO]:[PSAG_ACTOR_CORE]: game_actor render_comp init.
[2025.02.24 16:27:21.408 ms]:[INFO]:[PSAG_PHYSICS]: phy_world => body_data, name: ZPGamePhysics
[2025.02.24 16:27:21.408 ms]:[INFO]:[PSAG_PHYSICS]: body_data(dynamic) item: alloc key: 2209703042016
[2025.02.24 16:27:21.408 ms]:[INFO]:[PSAG_ACTOR_CORE]: game_actor entity create: 122
[2025.02.24 16:27:21.684 ms]:[INFO]:[PSAG_TOOL_NOTFIY]: station receive pair: PPActor/PPActorBullet, data_size: 12 bytes
[2025.02.24 16:27:21.685 ms]:[INFO]:[PSAG_ACTOR_CORE]: game_actor get textures: 1
[2025.02.24 16:27:21.685 ms]:[INFO]:[PSAG_ACTOR_CORE]: game_actor render_comp init.
[2025.02.24 16:27:21.685 ms]:[INFO]:[PSAG_PHYSICS]: phy_world => body_data, name: ZPGamePhysics
[2025.02.24 16:27:21.685 ms]:[INFO]:[PSAG_PHYSICS]: body_data(dynamic) item: alloc key: 2209703043696
[2025.02.24 16:27:21.685 ms]:[INFO]:[PSAG_ACTOR_CORE]: game_actor entity create: 124
[2025.02.24 16:27:21.734 ms]:[INFO]:[PSAG_TOOL_NOTFIY]: station receive pair: PPActor/PPActorBullet, data_size: 12 bytes
[2025.02.24 16:27:21.734 ms]:[INFO]:[PSAG_ACTOR_CORE]: game_actor get textures: 1
[2025.02.24 16:27:21.734 ms]:[INFO]:[PSAG_ACTOR_CORE]: game_actor render_comp init.
[2025.02.24 16:27:21.734 ms]:[INFO]:[PSAG_PHYSICS]: phy_world => body_data, name: ZPGamePhysics
[2025.02.24 16:27:21.734 ms]:[INFO]:[PSAG_PHYSICS]: body_data(dynamic) item: alloc key: 2209703044032
[2025.02.24 16:27:21.734 ms]:[INFO]:[PSAG_ACTOR_CORE]: game_actor entity create: 126
[2025.02.24 16:27:21.783 ms]:[INFO]:[PSAG_TOOL_NOTFIY]: station receive pair: PPActor/PPActorBullet, data_size: 12 bytes
[2025.02.24 16:27:21.784 ms]:[INFO]:[PSAG_ACTOR_CORE]: game_actor get textures: 1
[2025.02.24 16:27:21.784 ms]:[INFO]:[PSAG_ACTOR_CORE]: game_actor render_comp init.
[2025.02.24 16:27:21.784 ms]:[INFO]:[PSAG_PHYSICS]: phy_world => body_data, name: ZPGamePhysics
[2025.02.24 16:27:21.784 ms]:[INFO]:[PSAG_PHYSICS]: body_data(dynamic) item: alloc key: 2209703044368
[2025.02.24 16:27:21.784 ms]:[INFO]:[PSAG_ACTOR_CORE]: game_actor entity create: 128
[2025.02.24 16:27:24.126 ms]:[INFO]:[PSAG_PHYSICS]: phy_world => body_data, name: ZPGamePhysics
[2025.02.24 16:27:24.126 ms]:[INFO]:[PSAG_PHYSICS]: body_data item: delete key: 2209702254464
[2025.02.24 16:27:24.126 ms]:[INFO]:[PSAG_ACTOR_CORE]: game_actor entity delete: 122
[2025.02.24 16:27:24.270 ms]:[INFO]:[PSAG_PHYSICS]: phy_world => body_data, name: ZPGamePhysics
[2025.02.24 16:27:24.270 ms]:[INFO]:[PSAG_PHYSICS]: body_data item: delete key: 2209702254656
[2025.02.24 16:27:24.270 ms]:[INFO]:[PSAG_ACTOR_CORE]: game_actor entity delete: 124
[2025.02.24 16:27:24.333 ms]:[INFO]:[PSAG_PHYSICS]: phy_world => body_data, name: ZPGamePhysics
[2025.02.24 16:27:24.333 ms]:[INFO]:[PSAG_PHYSICS]: body_data item: delete key: 2209702254848
[2025.02.24 16:27:24.333 ms]:[INFO]:[PSAG_ACTOR_CORE]: game_actor entity delete: 126
[2025.02.24 16:27:24.364 ms]:[INFO]:[PSAG_PHYSICS]: phy_world => body_data, name: ZPGamePhysics
[2025.02.24 16:27:24.364 ms]:[INFO]:[PSAG_PHYSICS]: body_data item: delete key: 2209702255040
[2025.02.24 16:27:24.364 ms]:[INFO]:[PSAG_ACTOR_CORE]: game_actor entity delete: 128
[2025.02.24 16:27:25.123 ms]:[INFO]:[PSAG_PHYSICS]: phy_world => body_data, name: ZPGamePhysics
[2025.02.24 16:27:25.123 ms]:[INFO]:[PSAG_PHYSICS]: body_data item: delete key: 2209702254272
[2025.02.24 16:27:25.123 ms]:[INFO]:[PSAG_ACTOR_CORE]: game_actor entity delete: 120
[2025.02.24 16:27:25.642 ms]:[INFO]:[PSAG_TOOL_NOTFIY]: station receive pair: PPActor/PPActorBullet, data_size: 12 bytes
[2025.02.24 16:27:25.643 ms]:[INFO]:[PSAG_ACTOR_CORE]: game_actor get textures: 1
[2025.02.24 16:27:25.643 ms]:[INFO]:[PSAG_ACTOR_CORE]: game_actor render_comp init.
[2025.02.24 16:27:25.643 ms]:[INFO]:[PSAG_PHYSICS]: phy_world => body_data, name: ZPGamePhysics
[2025.02.24 16:27:25.643 ms]:[INFO]:[PSAG_PHYSICS]: body_data(dynamic) item: alloc key: 2209703043696
[2025.02.24 16:27:25.643 ms]:[INFO]:[PSAG_ACTOR_CORE]: game_actor entity create: 130
[2025.02.24 16:27:25.978 ms]:[INFO]:[PSAG_TOOL_NOTFIY]: station receive pair: PPActor/PPActorBullet, data_size: 12 bytes
[2025.02.24 16:27:25.978 ms]:[INFO]:[PSAG_ACTOR_CORE]: game_actor get textures: 1
[2025.02.24 16:27:25.978 ms]:[INFO]:[PSAG_ACTOR_CORE]: game_actor render_comp init.
[2025.02.24 16:27:25.978 ms]:[INFO]:[PSAG_PHYSICS]: phy_world => body_data, name: ZPGamePhysics
[2025.02.24 16:27:25.978 ms]:[INFO]:[PSAG_PHYSICS]: body_data(dynamic) item: alloc key: 2209703045376
[2025.02.24 16:27:25.978 ms]:[INFO]:[PSAG_ACTOR_CORE]: game_actor entity create: 132
[2025.02.24 16:27:26.255 ms]:[INFO]:[PSAG_TOOL_NOTFIY]: station receive pair: PPActor/PPActorBullet, data_size: 12 bytes
[2025.02.24 16:27:26.255 ms]:[INFO]:[PSAG_ACTOR_CORE]: game_actor get textures: 1
[2025.02.24 16:27:26.255 ms]:[INFO]:[PSAG_ACTOR_CORE]: game_actor render_comp init.
[2025.02.24 16:27:26.255 ms]:[INFO]:[PSAG_PHYSICS]: phy_world => body_data, name: ZPGamePhysics
[2025.02.24 16:27:26.255 ms]:[INFO]:[PSAG_PHYSICS]: body_data(dynamic) item: alloc key: 2209703039328
[2025.02.24 16:27:26.255 ms]:[INFO]:[PSAG_ACTOR_CORE]: game_actor entity create: 134
[2025.02.24 16:27:26.304 ms]:[INFO]:[PSAG_TOOL_NOTFIY]: station receive pair: PPActor/PPActorBullet, data_size: 12 bytes
[2025.02.24 16:27:26.305 ms]:[INFO]:[PSAG_ACTOR_CORE]: game_actor get textures: 1
[2025.02.24 16:27:26.305 ms]:[INFO]:[PSAG_ACTOR_CORE]: game_actor render_comp init.
[2025.02.24 16:27:26.305 ms]:[INFO]:[PSAG_PHYSICS]: phy_world => body_data, name: ZPGamePhysics
[2025.02.24 16:27:26.305 ms]:[INFO]:[PSAG_PHYSICS]: body_data(dynamic) item: alloc key: 2209703046048
[2025.02.24 16:27:26.305 ms]:[INFO]:[PSAG_ACTOR_CORE]: game_actor entity create: 136
[2025.02.24 16:27:26.354 ms]:[INFO]:[PSAG_TOOL_NOTFIY]: station receive pair: PPActor/PPActorBullet, data_size: 12 bytes
[2025.02.24 16:27:26.354 ms]:[INFO]:[PSAG_ACTOR_CORE]: game_actor get textures: 1
[2025.02.24 16:27:26.354 ms]:[INFO]:[PSAG_ACTOR_CORE]: game_actor render_comp init.
[2025.02.24 16:27:26.354 ms]:[INFO]:[PSAG_PHYSICS]: phy_world => body_data, name: ZPGamePhysics
[2025.02.24 16:27:26.354 ms]:[INFO]:[PSAG_PHYSICS]: body_data(dynamic) item: alloc key: 2209703046384
[2025.02.24 16:27:26.354 ms]:[INFO]:[PSAG_ACTOR_CORE]: game_actor entity create: 138
[2025.02.24 16:27:29.148 ms]:[INFO]:[PSAG_PHYSICS]: phy_world => body_data, name: ZPGamePhysics
[2025.02.24 16:27:29.148 ms]:[INFO]:[PSAG_PHYSICS]: body_data item: delete key: 2209702255040
[2025.02.24 16:27:29.148 ms]:[INFO]:[PSAG_ACTOR_CORE]: game_actor entity delete: 132
[2025.02.24 16:27:30.556 ms]:[INFO]:[PSAG_PHYSICS]: phy_world => body_data, name: ZPGamePhysics
[2025.02.24 16:27:30.557 ms]:[INFO]:[PSAG_PHYSICS]: body_data item: delete key: 2209702254272
[2025.02.24 16:27:30.557 ms]:[INFO]:[PSAG_ACTOR_CORE]: game_actor entity delete: 130
[2025.02.24 16:27:31.616 ms]:[INFO]:[PSAG_PHYSICS]: phy_world => body_data, name: ZPGamePhysics
[2025.02.24 16:27:31.616 ms]:[INFO]:[PSAG_PHYSICS]: body_data item: delete key: 2209702254848
[2025.02.24 16:27:31.616 ms]:[INFO]:[PSAG_ACTOR_CORE]: game_actor entity delete: 134
[2025.02.24 16:27:31.666 ms]:[INFO]:[PSAG_PHYSICS]: phy_world => body_data, name: ZPGamePhysics
[2025.02.24 16:27:31.666 ms]:[INFO]:[PSAG_PHYSICS]: body_data item: delete key: 2209702254656
[2025.02.24 16:27:31.666 ms]:[INFO]:[PSAG_ACTOR_CORE]: game_actor entity delete: 136
[2025.02.24 16:27:31.717 ms]:[INFO]:[PSAG_PHYSICS]: phy_world => body_data, name: ZPGamePhysics
[2025.02.24 16:27:31.717 ms]:[INFO]:[PSAG_PHYSICS]: body_data item: delete key: 2209702254464
[2025.02.24 16:27:31.717 ms]:[INFO]:[PSAG_ACTOR_CORE]: game_actor entity delete: 138
[2025.02.24 16:27:33.230 ms]:[INFO]:[PSAG_OGL_RES]: rbo: delete key: 38
[2025.02.24 16:27:33.230 ms]:[INFO]:[PSAG_OGL_RES]: fbo: delete key: 48
[2025.02.24 16:27:33.230 ms]:[INFO]:[PSAG_OGL_RES]: fbo: delete key: 50
[2025.02.24 16:27:33.230 ms]:[INFO]:[PSAG_OGL_RES]: fbo: delete key: 46
[2025.02.24 16:27:33.230 ms]:[INFO]:[PSAG_OGL_RES]: fbo: delete key: 42
[2025.02.24 16:27:33.230 ms]:[TRACE]:[PSAG_OGL_RES]: tmu delete(space): 5
[2025.02.24 16:27:33.230 ms]:[INFO]:[PSAG_OGL_RES]: texture: delete key: 40
[2025.02.24 16:27:33.230 ms]:[INFO]:[PSAG_OGL_RES]: shader: delete key: 30
[2025.02.24 16:27:33.230 ms]:[INFO]:[PSAG_OGL_RES]: shader: delete key: 32
[2025.02.24 16:27:33.230 ms]:[INFO]:[PSAG_OGL_RES]: shader: delete key: 34
[2025.02.24 16:27:33.231 ms]:[INFO]:[PSAG_OGL_RES]: shader: delete key: 26
[2025.02.24 16:27:33.231 ms]:[INFO]:[PSAG_GL_POST]: graphics_engine free post_shader(system).
[2025.02.24 16:27:33.231 ms]:[INFO]:[PSAG_PHYSICS]: phy_world => body_data, name: ZPGamePhysics
[2025.02.24 16:27:33.231 ms]:[INFO]:[PSAG_PHYSICS]: body_data item: delete key: 2209702252736
[2025.02.24 16:27:33.231 ms]:[INFO]:[PSAG_ENVMT_CORE]: game_envmt item delete: 76
[2025.02.24 16:27:33.231 ms]:[INFO]:[PSAG_PHYSICS]: phy_world => body_data, name: ZPGamePhysics
[2025.02.24 16:27:33.231 ms]:[INFO]:[PSAG_PHYSICS]: body_data item: delete key: 2209702251968
[2025.02.24 16:27:33.231 ms]:[INFO]:[PSAG_ENVMT_CORE]: game_envmt item delete: 68
[2025.02.24 16:27:33.231 ms]:[INFO]:[PSAG_PHYSICS]: phy_world => body_data, name: ZPGamePhysics
[2025.02.24 16:27:33.231 ms]:[INFO]:[PSAG_PHYSICS]: body_data item: delete key: 2209702252160
[2025.02.24 16:27:33.231 ms]:[INFO]:[PSAG_ENVMT_CORE]: game_envmt item delete: 70
[2025.02.24 16:27:33.231 ms]:[INFO]:[PSAG_PHYSICS]: phy_world => body_data, name: ZPGamePhysics
[2025.02.24 16:27:33.231 ms]:[INFO]:[PSAG_PHYSICS]: body_data item: delete key: 2209702252352
[2025.02.24 16:27:33.231 ms]:[INFO]:[PSAG_ENVMT_CORE]: game_envmt item delete: 72
[2025.02.24 16:27:33.231 ms]:[INFO]:[PSAG_PHYSICS]: phy_world => body_data, name: ZPGamePhysics
[2025.02.24 16:27:33.231 ms]:[INFO]:[PSAG_PHYSICS]: body_data item: delete key: 2209702252544
[2025.02.24 16:27:33.231 ms]:[INFO]:[PSAG_ENVMT_CORE]: game_envmt item delete: 74
[2025.02.24 16:27:33.231 ms]:[INFO]:[PSAG_GAMECORE_MAG]: game_envmt manager system delete.
[2025.02.24 16:27:33.231 ms]:[INFO]:[PSAG_GL_DATASET]: layers_manager delete_count(space): 0
[2025.02.24 16:27:33.231 ms]:[INFO]:[PSAG_GL_DATASET]: vir_texture item: delete key: 52
[2025.02.24 16:27:33.231 ms]:[INFO]:[PSAG_OGL_RES]: shader: delete key: 60
[2025.02.24 16:27:33.231 ms]:[INFO]:[PSAG_ACTOR_CORE]: game_actor shader delete.
[2025.02.24 16:27:33.231 ms]:[INFO]:[PSAG_OGL_RES]: shader: delete key: 56
[2025.02.24 16:27:33.231 ms]:[INFO]:[PSAG_ACTOR_CORE]: game_actor shader delete.
[2025.02.24 16:27:33.232 ms]:[INFO]:[PSAG_GL_DATASET]: layers_manager delete_count(space): 1
[2025.02.24 16:27:33.232 ms]:[INFO]:[PSAG_GL_DATASET]: vir_texture item: delete key: 54
[2025.02.24 16:27:33.232 ms]:[INFO]:[PSAG_OGL_RES]: shader: delete key: 64
[2025.02.24 16:27:33.232 ms]:[INFO]:[PSAG_ACTOR_CORE]: game_actor shader delete.
[2025.02.24 16:27:33.232 ms]:[INFO]:[PSAG_GAMECORE_MAG]: actor_shader manager system delete.
[2025.02.24 16:27:33.232 ms]:[INFO]:[PSAG_PHYSICS]: phy_world => body_data, name: ZPGamePhysics
[2025.02.24 16:27:33.232 ms]:[INFO]:[PSAG_PHYSICS]: body_data item: delete key: 2209702252928
[2025.02.24 16:27:33.232 ms]:[INFO]:[PSAG_ACTOR_CORE]: game_actor entity delete: 90
[2025.02.24 16:27:33.232 ms]:[INFO]:[PSAG_GL_DATASET]: layers_manager delete_count(space): 0
[2025.02.24 16:27:33.232 ms]:[INFO]:[PSAG_GL_DATASET]: vir_texture item: delete key: 78
[2025.02.24 16:27:33.232 ms]:[INFO]:[PSAG_OGL_RES]: shader: delete key: 82
[2025.02.24 16:27:33.232 ms]:[INFO]:[PSAG_ACTOR_CORE]: game_actor shader delete.
[2025.02.24 16:27:33.232 ms]:[INFO]:[PSAG_GL_DATASET]: layers_manager delete_count(space): 1
[2025.02.24 16:27:33.232 ms]:[INFO]:[PSAG_GL_DATASET]: vir_texture item: delete key: 80
[2025.02.24 16:27:33.232 ms]:[INFO]:[PSAG_OGL_RES]: shader: delete key: 86
[2025.02.24 16:27:33.232 ms]:[INFO]:[PSAG_ACTOR_CORE]: game_actor shader delete.
[2025.02.24 16:27:33.232 ms]:[INFO]:[PSAG_GAMECORE_MAG]: actor_shader manager system delete.
[2025.02.24 16:27:33.232 ms]:[INFO]:[PSAG_GL_DATASET]: layers_manager delete_count(space): 0
[2025.02.24 16:27:33.232 ms]:[INFO]:[PSAG_GL_DATASET]: vir_texture item: delete key: 104
[2025.02.24 16:27:33.232 ms]:[INFO]:[PSAG_OGL_RES]: shader: delete key: 106
[2025.02.24 16:27:33.232 ms]:[INFO]:[PSAG_ACTOR_CORE]: game_actor shader delete.
[2025.02.24 16:27:33.232 ms]:[INFO]:[PSAG_GAMECORE_MAG]: actor_shader manager system delete.
[2025.02.24 16:27:33.232 ms]:[INFO]:[PSAG_GAMECORE_MAG]: game_actor manager system delete.
[2025.02.24 16:27:33.232 ms]:[INFO]:[PSAG_GL_PVFX]: psag_fx image_view system free.
[2025.02.24 16:27:33.232 ms]:[INFO]:[PSAG_GL_PVFX]: psag_fx image_view system free.
[2025.02.24 16:27:33.233 ms]:[INFO]:[PSAG_GL_PVFX]: psag_fx image_view system free.
[2025.02.24 16:27:33.233 ms]:[INFO]:[PSAG_GL_PVFX]: psag_fx image_view system free.
[2025.02.24 16:27:33.233 ms]:[INFO]:[PSAG_GL_PVFX]: psag_fx image_view system free.
[2025.02.24 16:27:33.233 ms]:[INFO]:[PSAG_GL_PVFX]: psag_fx image_view system free.
[2025.02.24 16:27:33.233 ms]:[INFO]:[PSAG_OGL_RES]: vao: delete key: 4
[2025.02.24 16:27:33.233 ms]:[INFO]:[PSAG_OGL_RES]: vbo: delete key: 6
[2025.02.24 16:27:33.233 ms]:[INFO]:[PSAG_OGL_RES]: vao: delete key: 8
[2025.02.24 16:27:33.233 ms]:[INFO]:[PSAG_OGL_RES]: vbo: delete key: 10
[2025.02.24 16:27:33.233 ms]:[TRACE]:[PSAG_OGL_RES]: tmu delete(space): 1
[2025.02.24 16:27:33.233 ms]:[TRACE]:[PSAG_OGL_RES]: tmu delete(space): 2
[2025.02.24 16:27:33.233 ms]:[TRACE]:[PSAG_OGL_RES]: tmu delete(space): 3
[2025.02.24 16:27:33.233 ms]:[TRACE]:[PSAG_OGL_RES]: tmu delete(space): 4
[2025.02.24 16:27:33.261 ms]:[INFO]:[PSAG_OGL_RES]: texture: delete key: 16
[2025.02.24 16:27:33.278 ms]:[INFO]:[PSAG_OGL_RES]: texture: delete key: 18
[2025.02.24 16:27:33.291 ms]:[INFO]:[PSAG_OGL_RES]: texture: delete key: 20
[2025.02.24 16:27:33.294 ms]:[INFO]:[PSAG_OGL_RES]: texture: delete key: 22
[2025.02.24 16:27:33.609 ms]:[TRACE]:[PSAG_AUDIO]: audio(openal) global free_context & close_device.
[2025.02.24 16:27:33.609 ms]:[INFO]:[PSAG_PHYSICS]: physics_world item: free_bodies: 0, delete key: DEFAULT_PHY_WORLD
[2025.02.24 16:27:33.611 ms]:[INFO]:[PSAG_IMGUI]: imgui_free: imgui_opengl3 context.
[2025.02.24 16:27:33.611 ms]:[TRACE]:[PSAG_AUDIO_DATA]: free resource(raw_audio): 0 bytes
[2025.02.24 16:27:33.611 ms]:[INFO]:[PSAG_AUDIO_DATA]: LLRES static_object() delete.
[2025.02.24 16:27:33.611 ms]:[TRACE]:[PSAG_OGL_RES]: free resource(shader): 2 items
[2025.02.24 16:27:33.611 ms]:[TRACE]:[PSAG_OGL_RES]: free resource(texture): 0 items
[2025.02.24 16:27:33.611 ms]:[TRACE]:[PSAG_OGL_RES]: free resource(vertex_buffer): 0 items
[2025.02.24 16:27:33.611 ms]:[TRACE]:[PSAG_OGL_RES]: free resource(vertex_attribute): 0 items
[2025.02.24 16:27:33.613 ms]:[TRACE]:[PSAG_OGL_RES]: free resource(frame_buffer): 1 items
[2025.02.24 16:27:33.613 ms]:[TRACE]:[PSAG_OGL_RES]: free resource(render_buffer): 0 items
[2025.02.24 16:27:33.613 ms]:[TRACE]:[PSAG_OGL_RES]: free resource(uniform_buffer): 1 items
[2025.02.24 16:27:33.613 ms]:[INFO]:[PSAG_LLRES]: graph static_object(graphics) delete.
[2025.02.24 16:27:33.635 ms]:[INFO]:[PSAG_WINDOW]: fw_window free: glfw context.
[2025.02.24 16:27:33.997 ms]:[TRACE]:[PSAG_M_MAINEVENT]: async_events execution end.
[2025.02.24 16:27:33.998 ms]:[INFO]:[PSAG_M_START]: free framework ret_code: 1
