[2025.06.20 16:04:56.274 ms]:[INFO]:[PSAG_LOGGER]: start thread success.
[2025.06.20 16:04:56.274 ms]:[INFO]:[PSAG_M_START]: core_start objects(frm) total: only
[2025.06.20 16:04:56.274 ms]:[INFO]:[PSAG_M_START]: core_start objects(net) total: 0
[2025.06.20 16:04:56.274 ms]:[INFO]:[PSAG_M_START]: core_start objects(ext) total: 0
[2025.06.20 16:04:56.274 ms]:[TRACE]:[PSAG_M_MAINEVENT]: async_event add item_id: 101694368496
[2025.06.20 16:04:56.274 ms]:[INFO]:[PSAG_M_MAINEVENT]: async_events executing...
[2025.06.20 16:04:56.278 ms]:[INFO]:[PSAG_LOGGER]: create log_file: PSAGameSystemLogs/86223484301100.log
[2025.06.20 16:04:56.279 ms]:[INFO]:[PSAG_FILESYS_LOAD]: load(src) read_file: PSAGameFrameworkCore/framework_config.json read_size: 463
[2025.06.20 16:04:56.279 ms]:[INFO]:[PSAG_FILESYS_LOAD]: load(src) read_file: PSAGameFrameworkCore/framework_config_shaders.json read_size: 1329
[2025.06.20 16:04:56.279 ms]:[INFO]:[PSAG_FILESYS_LOAD]: load(src) read_file: PSAGameFrameworkCore/CoreShaderScript/public/psag_graph_template_actor.vert read_size: 984
[2025.06.20 16:04:56.279 ms]:[INFO]:[PSAG_FILESYS_LOAD]: load(src) read_file: PSAGameFrameworkCore/CoreShaderScript/public/psag_graph_template.vert read_size: 737
[2025.06.20 16:04:56.279 ms]:[INFO]:[PSAG_FILESYS_LOAD]: load(src) read_file: PSAGameFrameworkCore/CoreShaderScript/public/psag_graph_tools.frag read_size: 933
[2025.06.20 16:04:56.279 ms]:[INFO]:[PSAG_FILESYS_LOAD]: load(src) read_file: PSAGameFrameworkCore/CoreShaderScript/public/psag_graph_header.frag read_size: 202
[2025.06.20 16:04:56.279 ms]:[INFO]:[PSAG_FILESYS_LOAD]: load(src) read_file: PSAGameFrameworkCore/CoreShaderScript/private/psag_graph_final_vollight.frag read_size: 1670
[2025.06.20 16:04:56.279 ms]:[INFO]:[PSAG_FILESYS_LOAD]: load(src) read_file: PSAGameFrameworkCore/CoreShaderScript/private/psag_graph_final_multfilter.frag read_size: 356
[2025.06.20 16:04:56.279 ms]:[INFO]:[PSAG_FILESYS_LOAD]: load(src) read_file: PSAGameFrameworkCore/CoreShaderScript/private/psag_graph_final_blurh.frag read_size: 783
[2025.06.20 16:04:56.280 ms]:[INFO]:[PSAG_FILESYS_LOAD]: load(src) read_file: PSAGameFrameworkCore/CoreShaderScript/private/psag_graph_final_blurv.frag read_size: 778
[2025.06.20 16:04:56.280 ms]:[INFO]:[PSAG_FILESYS_LOAD]: load(src) read_file: PSAGameFrameworkCore/CoreShaderScript/private/psag_graph_final.frag read_size: 1243
[2025.06.20 16:04:56.280 ms]:[INFO]:[PSAG_FILESYS_LOAD]: load(src) read_file: PSAGameFrameworkCore/CoreShaderScript/private/psag_graph_background.frag read_size: 1107
[2025.06.20 16:04:56.280 ms]:[INFO]:[PSAG_FILESYS_LOAD]: load(src) read_file: PSAGameFrameworkCore/CoreShaderScript/private/psag_graph_particle.frag read_size: 1255
[2025.06.20 16:04:56.280 ms]:[INFO]:[PSAG_FILESYS_LOAD]: load(src) read_file: PSAGameFrameworkCore/CoreShaderScript/private/psag_graph_fx_sequence.frag read_size: 543
[2025.06.20 16:04:56.280 ms]:[INFO]:[PSAG_GL_GLSL]: graphics_engine config system_glsl.
[2025.06.20 16:04:56.280 ms]:[TRACE]:[PSAG_M_CORE]: core framework init,config...
[2025.06.20 16:04:56.461 ms]:[INFO]:[PSAG_WINDOW]: init opengl_glfw.
[2025.06.20 16:04:58.459 ms]:[WARNING]:[PSAG_WINDOW]: <F:\PSAFrameworkProject\PSAGameFramework\PSAGameFramework\PSAGameFrameworkCore\LLWindowGui\framework_window_system.cpp:__LINE__> failed fw_window load: icon_image.
[2025.06.20 16:04:58.537 ms]:[INFO]:[PSAG_OGL_INIT]: framework_graphics logger function_ptr: a19d9698
[2025.06.20 16:04:58.537 ms]:[INFO]:[PSAG_OGL_INIT]: framework_graphics shader gl_version: 
[2025.06.20 16:04:58.541 ms]:[TRACE]:[PSAG_OGL_INIT]: framework_graphics config init...
[2025.06.20 16:04:58.541 ms]:[INFO]:[PSAG_OGL_INFORMATION]: device gpu supplier: NVIDIA Corporation
[2025.06.20 16:04:58.541 ms]:[INFO]:[PSAG_OGL_INFORMATION]: device gpu model: NVIDIA GeForce RTX 4060 Laptop GPU/PCIe/SSE2
[2025.06.20 16:04:58.541 ms]:[INFO]:[PSAG_OGL_INFORMATION]: device version opengl: 4.6.0 NVIDIA 576.57
[2025.06.20 16:04:58.541 ms]:[INFO]:[PSAG_OGL_INFORMATION]: device version glsl: 4.60 NVIDIA
[2025.06.20 16:04:58.541 ms]:[PERF]:[PSAG_OGL_INFORMATION]: device memory[capacity]: 8188.00 mib
[2025.06.20 16:04:58.541 ms]:[INFO]:[PSAG_OGL_INFORMATION]: device (vao)attribs_max units: 16 entry
[2025.06.20 16:04:58.541 ms]:[INFO]:[PSAG_OGL_INFORMATION]: device (vbo)buffer_max units: 4096 entry
[2025.06.20 16:04:58.541 ms]:[INFO]:[PSAG_OGL_INFORMATION]: device [tmu]texture_max units: 32 entry
[2025.06.20 16:04:58.541 ms]:[INFO]:[PSAG_OGL_INFORMATION]: device (vert)uniform_max items: 4096
[2025.06.20 16:04:58.541 ms]:[INFO]:[PSAG_OGL_INFORMATION]: device (frag)uniform_max items: 4096
[2025.06.20 16:04:58.542 ms]:[INFO]:[PSAG_LLRES]: graph static_object(graphics) create.
[2025.06.20 16:04:58.542 ms]:[INFO]:[PSAG_AUDIO_DATA]: LLRES static_object() create.
[2025.06.20 16:04:58.542 ms]:[INFO]:[PSAG_OGL_RES]: vao: storage key: 4
[2025.06.20 16:04:58.542 ms]:[INFO]:[PSAG_OGL_RES]: vbo: storage key: 6
[2025.06.20 16:04:58.542 ms]:[TRACE]:[PSAG_GL_DATASET]: dynamic vertex data manager_create.
[2025.06.20 16:04:58.542 ms]:[INFO]:[PSAG_OGL_RES]: vao: storage key: 8
[2025.06.20 16:04:58.542 ms]:[INFO]:[PSAG_OGL_RES]: vbo: storage key: 10
[2025.06.20 16:04:58.542 ms]:[INFO]:[PSAG_GL_DATASET]: ver_data(stc) upload gpu_data: 72 bytes
[2025.06.20 16:04:58.542 ms]:[INFO]:[PSAG_GL_DATASET]: ver_data(stc) item: alloc key: 12
[2025.06.20 16:04:58.542 ms]:[INFO]:[PSAG_GL_DATASET]: preset craete: rectangle.
[2025.06.20 16:04:58.543 ms]:[INFO]:[PSAG_GL_DATASET]: ver_data(stc) upload gpu_data: 2868 bytes
[2025.06.20 16:04:58.543 ms]:[INFO]:[PSAG_GL_DATASET]: ver_data(stc) item: alloc key: 14
[2025.06.20 16:04:58.543 ms]:[INFO]:[PSAG_GL_DATASET]: preset craete: circle.
[2025.06.20 16:04:58.544 ms]:[TRACE]:[PSAG_GL_DATASET]: static vertex data manager_create.
[2025.06.20 16:04:58.544 ms]:[TRACE]:[PSAG_OGL_RES]: tmu alloc u: 1
[2025.06.20 16:04:58.544 ms]:[TRACE]:[PSAG_OGL_RES]: tmu alloc u: 2
[2025.06.20 16:04:58.544 ms]:[TRACE]:[PSAG_OGL_RES]: tmu alloc u: 3
[2025.06.20 16:04:58.544 ms]:[TRACE]:[PSAG_OGL_RES]: tmu alloc u: 4
[2025.06.20 16:04:58.544 ms]:[INFO]:[PSAG_OGL_TEXTURE]: texture.2d(array) object create.
[2025.06.20 16:04:58.544 ms]:[INFO]:[PSAG_OGL_TEXTURE]: texture create, succ: size: 4096 x 4096, layers: 5.
[2025.06.20 16:04:58.544 ms]:[INFO]:[PSAG_OGL_TEXTURE]: texture.2d(array) object create.
[2025.06.20 16:04:58.544 ms]:[INFO]:[PSAG_OGL_TEXTURE]: texture create, succ: size: 2048 x 2048, layers: 10.
[2025.06.20 16:04:58.544 ms]:[INFO]:[PSAG_OGL_TEXTURE]: texture.2d(array) object create.
[2025.06.20 16:04:58.544 ms]:[INFO]:[PSAG_OGL_TEXTURE]: texture create, succ: size: 1024 x 1024, layers: 20.
[2025.06.20 16:04:58.544 ms]:[INFO]:[PSAG_OGL_TEXTURE]: texture.2d(array) object create.
[2025.06.20 16:04:58.544 ms]:[INFO]:[PSAG_OGL_TEXTURE]: texture create, succ: size: 512 x 512, layers: 25.
[2025.06.20 16:04:58.544 ms]:[INFO]:[PSAG_OGL_RES]: texture: storage key: 16
[2025.06.20 16:04:58.544 ms]:[INFO]:[PSAG_OGL_RES]: texture: storage key: 18
[2025.06.20 16:04:58.545 ms]:[INFO]:[PSAG_OGL_RES]: texture: storage key: 20
[2025.06.20 16:04:58.545 ms]:[INFO]:[PSAG_OGL_RES]: texture: storage key: 22
[2025.06.20 16:04:58.545 ms]:[TRACE]:[PSAG_GL_DATASET]: vir_create texture[8x] size: 4096 x 4096
[2025.06.20 16:04:58.545 ms]:[TRACE]:[PSAG_GL_DATASET]: vir_create texture[4x] size: 2048 x 2048
[2025.06.20 16:04:58.545 ms]:[TRACE]:[PSAG_GL_DATASET]: vir_create texture[2x] size: 1024 x 1024
[2025.06.20 16:04:58.545 ms]:[TRACE]:[PSAG_GL_DATASET]: vir_create texture[1x] size: 512 x 512
[2025.06.20 16:04:58.545 ms]:[INFO]:[PSAG_OGL_UNIFORM]: uniform_buffer.gen create.
[2025.06.20 16:04:58.545 ms]:[INFO]:[PSAG_OGL_RES]: ubo: storage key: 24
[2025.06.20 16:04:58.545 ms]:[INFO]:[PSAG_GL_MATRIX]: graphics_engine create matrix ubo.
[2025.06.20 16:05:00.131 ms]:[TRACE]:[PSAG_AUDIO]: audio(openal) global create device & context.
[2025.06.20 16:05:00.131 ms]:[INFO]:[PSAG_PHYSICS]: physics_world item: alloc key: DEFAULT_PHY_WORLD
[2025.06.20 16:05:00.132 ms]:[INFO]:[PSAG_OGL_SHADER]: vertex_shader source script num: 1
[2025.06.20 16:05:00.132 ms]:[INFO]:[PSAG_OGL_SHADER]: vertex compilation succeeded.
[2025.06.20 16:05:00.132 ms]:[INFO]:[PSAG_OGL_SHADER]: fragment_shader source script num: 2
[2025.06.20 16:05:00.132 ms]:[INFO]:[PSAG_OGL_SHADER]: fragment compilation succeeded.
[2025.06.20 16:05:00.133 ms]:[INFO]:[PSAG_OGL_SHADER]: shader_program link succeeded.
[2025.06.20 16:05:00.134 ms]:[INFO]:[PSAG_OGL_RES]: shader: storage key: 26
[2025.06.20 16:05:00.134 ms]:[INFO]:[PSAG_OGL_SHADER]: vertex_shader source script num: 1
[2025.06.20 16:05:00.134 ms]:[INFO]:[PSAG_OGL_SHADER]: vertex compilation succeeded.
[2025.06.20 16:05:00.134 ms]:[INFO]:[PSAG_OGL_SHADER]: fragment_shader source script num: 2
[2025.06.20 16:05:00.135 ms]:[INFO]:[PSAG_OGL_SHADER]: fragment compilation succeeded.
[2025.06.20 16:05:00.135 ms]:[INFO]:[PSAG_OGL_SHADER]: shader_program link succeeded.
[2025.06.20 16:05:00.135 ms]:[INFO]:[PSAG_OGL_RES]: shader: storage key: 28
[2025.06.20 16:05:00.136 ms]:[INFO]:[PSAG_OGL_SHADER]: vertex_shader source script num: 1
[2025.06.20 16:05:00.136 ms]:[INFO]:[PSAG_OGL_SHADER]: vertex compilation succeeded.
[2025.06.20 16:05:00.136 ms]:[INFO]:[PSAG_OGL_SHADER]: fragment_shader source script num: 3
[2025.06.20 16:05:00.136 ms]:[INFO]:[PSAG_OGL_SHADER]: fragment compilation succeeded.
[2025.06.20 16:05:00.136 ms]:[INFO]:[PSAG_OGL_SHADER]: shader_program link succeeded.
[2025.06.20 16:05:00.137 ms]:[INFO]:[PSAG_OGL_RES]: shader: storage key: 30
[2025.06.20 16:05:00.137 ms]:[INFO]:[PSAG_OGL_SHADER]: vertex_shader source script num: 1
[2025.06.20 16:05:00.137 ms]:[INFO]:[PSAG_OGL_SHADER]: vertex compilation succeeded.
[2025.06.20 16:05:00.137 ms]:[INFO]:[PSAG_OGL_SHADER]: fragment_shader source script num: 3
[2025.06.20 16:05:00.137 ms]:[INFO]:[PSAG_OGL_SHADER]: fragment compilation succeeded.
[2025.06.20 16:05:00.138 ms]:[INFO]:[PSAG_OGL_SHADER]: shader_program link succeeded.
[2025.06.20 16:05:00.138 ms]:[INFO]:[PSAG_OGL_RES]: shader: storage key: 32
[2025.06.20 16:05:00.138 ms]:[INFO]:[PSAG_OGL_SHADER]: vertex_shader source script num: 1
[2025.06.20 16:05:00.139 ms]:[INFO]:[PSAG_OGL_SHADER]: vertex compilation succeeded.
[2025.06.20 16:05:00.139 ms]:[INFO]:[PSAG_OGL_SHADER]: fragment_shader source script num: 3
[2025.06.20 16:05:00.139 ms]:[INFO]:[PSAG_OGL_SHADER]: fragment compilation succeeded.
[2025.06.20 16:05:00.139 ms]:[INFO]:[PSAG_OGL_SHADER]: shader_program link succeeded.
[2025.06.20 16:05:00.139 ms]:[INFO]:[PSAG_OGL_RES]: shader: storage key: 34
[2025.06.20 16:05:00.139 ms]:[INFO]:[PSAG_GL_DATASET]: ver_data(stc) upload gpu_data: 2940 bytes
[2025.06.20 16:05:00.139 ms]:[INFO]:[PSAG_GL_DATASET]: ver_data(stc) item: alloc key: 36
[2025.06.20 16:05:00.139 ms]:[INFO]:[PSAG_OGL_RENDER]: render_buffer object create.
[2025.06.20 16:05:00.140 ms]:[INFO]:[PSAG_OGL_RENDER]: render_buffer config depth.
[2025.06.20 16:05:00.140 ms]:[INFO]:[PSAG_OGL_RENDER]: alloc render_buffer 1680 x 945, size: 6.056 mib.
[2025.06.20 16:05:00.140 ms]:[INFO]:[PSAG_OGL_RES]: rbo: storage key: 38
[2025.06.20 16:05:00.140 ms]:[TRACE]:[PSAG_OGL_RES]: tmu alloc u: 5
[2025.06.20 16:05:00.140 ms]:[INFO]:[PSAG_OGL_TEXTURE]: texture.2d(array) object create.
[2025.06.20 16:05:00.140 ms]:[INFO]:[PSAG_OGL_TEXTURE]: texture create, succ: size: 1680 x 945, layers: 5.
[2025.06.20 16:05:00.140 ms]:[INFO]:[PSAG_OGL_RES]: texture: storage key: 40
[2025.06.20 16:05:00.140 ms]:[INFO]:[PSAG_OGL_FRAME]: frame_buffer object create.
[2025.06.20 16:05:00.147 ms]:[INFO]:[PSAG_OGL_RES]: fbo: storage key: 42
[2025.06.20 16:05:00.147 ms]:[INFO]:[PSAG_OGL_FRAME]: frame_buffer object create.
[2025.06.20 16:05:00.147 ms]:[INFO]:[PSAG_OGL_RES]: fbo: storage key: 44
[2025.06.20 16:05:00.148 ms]:[INFO]:[PSAG_OGL_FRAME]: frame_buffer object create.
[2025.06.20 16:05:00.148 ms]:[INFO]:[PSAG_OGL_RES]: fbo: storage key: 46
[2025.06.20 16:05:00.148 ms]:[INFO]:[PSAG_OGL_FRAME]: frame_buffer object create.
[2025.06.20 16:05:00.149 ms]:[INFO]:[PSAG_OGL_RES]: fbo: storage key: 48
[2025.06.20 16:05:00.149 ms]:[INFO]:[PSAG_OGL_FRAME]: frame_buffer object create.
[2025.06.20 16:05:00.149 ms]:[INFO]:[PSAG_OGL_RES]: fbo: storage key: 50
[2025.06.20 16:05:00.149 ms]:[INFO]:[PSAG_GL_POST]: graphics_engine create final_shader(system).
[2025.06.20 16:05:00.149 ms]:[INFO]:[PSAG_IMGUI]: imgui_read: fonts file: PSAGameSystemFiles/JetBrainsMonoBold.ttf
[2025.06.20 16:05:00.151 ms]:[INFO]:[PSAG_IMGUI]: imgui_init: imgui_opengl3 context.
[2025.06.20 16:05:00.151 ms]:[TRACE]:[PSAG_M_CORE]: registration ref_object name: ZPGameScene
[2025.06.20 16:05:00.151 ms]:[TRACE]:[PSAG_M_CORE]: registration ref_object name: ZPGamePActor
[2025.06.20 16:05:00.152 ms]:[TRACE]:[PSAG_M_CORE]: registration ref_object name: ZPGameBullet
[2025.06.20 16:05:00.152 ms]:[TRACE]:[PSAG_M_CORE]: registration ref_object name: ZPGameGui
[2025.06.20 16:05:00.152 ms]:[INFO]:[PSAG_PHYSICS]: physics_world item: alloc key: ZPGamePhysics
[2025.06.20 16:05:00.152 ms]:[INFO]:[PSAG_FILESYS_LOAD]: load(src) read_file: PSAGameFrameworkDev/GameZeroProject/GameMaterial/zpgame_wall_h.png read_size: 22012
[2025.06.20 16:05:00.152 ms]:[INFO]:[PSAG_FILESYS_LOAD]: load(src) read_file: PSAGameFrameworkDev/GameZeroProject/GameMaterial/zpgame_wall_v.png read_size: 44017
[2025.06.20 16:05:00.152 ms]:[INFO]:[PSAG_ACTOR_CORE]: game_actor shader create: 1680 x 945
[2025.06.20 16:05:00.153 ms]:[INFO]:[PSAG_ACTOR_CORE]: game_actor shader create: 1680 x 945
[2025.06.20 16:05:00.170 ms]:[INFO]:[PSAG_OGL_IMG]: success decode image: size: 4096 x 208, color_channel: 4
[2025.06.20 16:05:00.171 ms]:[INFO]:[PSAG_GL_DATASET]: layers_manager alloc_count: 0
[2025.06.20 16:05:00.237 ms]:[INFO]:[PSAG_GL_DATASET]: vir_texture: src: 4096 x 208, fmt_fill: 4096 x 4096
[2025.06.20 16:05:00.294 ms]:[INFO]:[PSAG_GL_DATASET]: vir_texture item: alloc key: 52, cropping: 1.00 x 0.05, res: 1x/1
[2025.06.20 16:05:00.300 ms]:[INFO]:[PSAG_ACTOR_CORE]: game_actor shader texture add, name: WallH
[2025.06.20 16:05:00.301 ms]:[INFO]:[PSAG_ACTOR_CORE]: game_actor shader create: 1680 x 945
[2025.06.20 16:05:00.315 ms]:[INFO]:[PSAG_OGL_IMG]: success decode image: size: 208 x 4096, color_channel: 4
[2025.06.20 16:05:00.316 ms]:[INFO]:[PSAG_GL_DATASET]: layers_manager alloc_count: 1
[2025.06.20 16:05:00.368 ms]:[INFO]:[PSAG_GL_DATASET]: vir_texture: src: 208 x 4096, fmt_fill: 4096 x 4096
[2025.06.20 16:05:00.436 ms]:[INFO]:[PSAG_GL_DATASET]: vir_texture item: alloc key: 54, cropping: 0.05 x 1.00, res: 1x/1
[2025.06.20 16:05:00.442 ms]:[INFO]:[PSAG_ACTOR_CORE]: game_actor shader texture add, name: WallV
[2025.06.20 16:05:00.443 ms]:[INFO]:[PSAG_ACTOR_CORE]: game_actor shader load textures: 0
[2025.06.20 16:05:00.443 ms]:[INFO]:[PSAG_OGL_SHADER]: vertex_shader source script num: 1
[2025.06.20 16:05:00.443 ms]:[INFO]:[PSAG_OGL_SHADER]: vertex compilation succeeded.
[2025.06.20 16:05:00.443 ms]:[INFO]:[PSAG_OGL_SHADER]: fragment_shader source script num: 2
[2025.06.20 16:05:00.443 ms]:[INFO]:[PSAG_OGL_SHADER]: fragment compilation succeeded.
[2025.06.20 16:05:00.443 ms]:[INFO]:[PSAG_OGL_SHADER]: shader_program link succeeded.
[2025.06.20 16:05:00.443 ms]:[INFO]:[PSAG_OGL_RES]: shader: storage key: 56
[2025.06.20 16:05:00.443 ms]:[INFO]:[PSAG_ACTOR_CORE]: game_actor shader default_res create.
[2025.06.20 16:05:00.443 ms]:[INFO]:[PSAG_ACTOR_CORE]: game_actor shader load textures: 1
[2025.06.20 16:05:00.443 ms]:[INFO]:[PSAG_OGL_SHADER]: vertex_shader source script num: 1
[2025.06.20 16:05:00.443 ms]:[INFO]:[PSAG_OGL_SHADER]: vertex compilation succeeded.
[2025.06.20 16:05:00.443 ms]:[INFO]:[PSAG_OGL_SHADER]: fragment_shader source script num: 3
[2025.06.20 16:05:00.443 ms]:[INFO]:[PSAG_OGL_SHADER]: fragment compilation succeeded.
[2025.06.20 16:05:00.444 ms]:[INFO]:[PSAG_OGL_SHADER]: shader_program link succeeded.
[2025.06.20 16:05:00.444 ms]:[INFO]:[PSAG_OGL_RES]: shader: storage key: 60
[2025.06.20 16:05:00.444 ms]:[INFO]:[PSAG_ACTOR_CORE]: game_actor shader default_res create.
[2025.06.20 16:05:00.444 ms]:[INFO]:[PSAG_ACTOR_CORE]: game_actor shader load textures: 1
[2025.06.20 16:05:00.444 ms]:[INFO]:[PSAG_OGL_SHADER]: vertex_shader source script num: 1
[2025.06.20 16:05:00.444 ms]:[INFO]:[PSAG_OGL_SHADER]: vertex compilation succeeded.
[2025.06.20 16:05:00.444 ms]:[INFO]:[PSAG_OGL_SHADER]: fragment_shader source script num: 3
[2025.06.20 16:05:00.444 ms]:[INFO]:[PSAG_OGL_SHADER]: fragment compilation succeeded.
[2025.06.20 16:05:00.444 ms]:[INFO]:[PSAG_OGL_SHADER]: shader_program link succeeded.
[2025.06.20 16:05:00.444 ms]:[INFO]:[PSAG_OGL_RES]: shader: storage key: 64
[2025.06.20 16:05:00.444 ms]:[INFO]:[PSAG_ACTOR_CORE]: game_actor shader default_res create.
[2025.06.20 16:05:00.444 ms]:[INFO]:[PSAG_ENVMT_CORE]: game_envmt get textures: 1
[2025.06.20 16:05:00.444 ms]:[INFO]:[PSAG_ENVMT_CORE]: game_envmt render_comp init.
[2025.06.20 16:05:00.444 ms]:[INFO]:[PSAG_PHYSICS]: phy_world => body_data, name: ZPGamePhysics
[2025.06.20 16:05:00.444 ms]:[INFO]:[PSAG_PHYSICS]: body_data(static) item: alloc key: 1787166190592
[2025.06.20 16:05:00.444 ms]:[INFO]:[PSAG_ENVMT_CORE]: game_envmt item create: 68
[2025.06.20 16:05:00.444 ms]:[INFO]:[PSAG_ENVMT_CORE]: game_envmt get textures: 1
[2025.06.20 16:05:00.444 ms]:[INFO]:[PSAG_ENVMT_CORE]: game_envmt render_comp init.
[2025.06.20 16:05:00.444 ms]:[INFO]:[PSAG_PHYSICS]: phy_world => body_data, name: ZPGamePhysics
[2025.06.20 16:05:00.445 ms]:[INFO]:[PSAG_PHYSICS]: body_data(static) item: alloc key: 1787166187680
[2025.06.20 16:05:00.445 ms]:[INFO]:[PSAG_ENVMT_CORE]: game_envmt item create: 70
[2025.06.20 16:05:00.445 ms]:[INFO]:[PSAG_ENVMT_CORE]: game_envmt get textures: 1
[2025.06.20 16:05:00.445 ms]:[INFO]:[PSAG_ENVMT_CORE]: game_envmt render_comp init.
[2025.06.20 16:05:00.445 ms]:[INFO]:[PSAG_PHYSICS]: phy_world => body_data, name: ZPGamePhysics
[2025.06.20 16:05:00.445 ms]:[INFO]:[PSAG_PHYSICS]: body_data(static) item: alloc key: 1787166184096
[2025.06.20 16:05:00.445 ms]:[INFO]:[PSAG_ENVMT_CORE]: game_envmt item create: 72
[2025.06.20 16:05:00.445 ms]:[INFO]:[PSAG_ENVMT_CORE]: game_envmt get textures: 1
[2025.06.20 16:05:00.445 ms]:[INFO]:[PSAG_ENVMT_CORE]: game_envmt render_comp init.
[2025.06.20 16:05:00.445 ms]:[INFO]:[PSAG_PHYSICS]: phy_world => body_data, name: ZPGamePhysics
[2025.06.20 16:05:00.445 ms]:[INFO]:[PSAG_PHYSICS]: body_data(static) item: alloc key: 1787166189024
[2025.06.20 16:05:00.445 ms]:[INFO]:[PSAG_ENVMT_CORE]: game_envmt item create: 74
[2025.06.20 16:05:00.445 ms]:[INFO]:[PSAG_ENVMT_CORE]: game_envmt render_comp init.
[2025.06.20 16:05:00.445 ms]:[INFO]:[PSAG_PHYSICS]: phy_world => body_data, name: ZPGamePhysics
[2025.06.20 16:05:00.445 ms]:[INFO]:[PSAG_PHYSICS]: body_data(static) item: alloc key: 1787166184320
[2025.06.20 16:05:00.445 ms]:[INFO]:[PSAG_ENVMT_CORE]: game_envmt item create: 76
[2025.06.20 16:05:00.445 ms]:[INFO]:[PSAG_ACTOR_CORE]: AType: register key: ActorPAWN
[2025.06.20 16:05:00.445 ms]:[INFO]:[PSAG_ACTOR_CORE]: AType: register key: ActorNPC
[2025.06.20 16:05:00.446 ms]:[INFO]:[PSAG_FILESYS_LOAD]: load(src) read_file: PSAGameFrameworkDev/GameZeroProject/GameMaterial/zpgame_ppactor_nor.png read_size: 405375
[2025.06.20 16:05:00.446 ms]:[INFO]:[PSAG_ACTOR_CORE]: game_actor shader create: 1680 x 945
[2025.06.20 16:05:00.472 ms]:[INFO]:[PSAG_OGL_IMG]: success decode image: size: 1024 x 1024, color_channel: 4
[2025.06.20 16:05:00.474 ms]:[INFO]:[PSAG_GL_DATASET]: layers_manager alloc_count: 0
[2025.06.20 16:05:00.474 ms]:[INFO]:[PSAG_GL_DATASET]: vir_texture: src: 1024 x 1024, fmt_fill: 1024 x 1024
[2025.06.20 16:05:00.476 ms]:[INFO]:[PSAG_GL_DATASET]: vir_texture item: alloc key: 78, cropping: 1.00 x 1.00, res: 4x/1
[2025.06.20 16:05:00.476 ms]:[INFO]:[PSAG_ACTOR_CORE]: game_actor shader texture add, name: PPActor
[2025.06.20 16:05:00.477 ms]:[INFO]:[PSAG_FILESYS_LOAD]: load(src) read_file: PSAGameFrameworkDev/GameZeroProject/GameMaterial/zpgame_npc_a.png read_size: 177392
[2025.06.20 16:05:00.477 ms]:[INFO]:[PSAG_ACTOR_CORE]: game_actor shader create: 1680 x 945
[2025.06.20 16:05:00.505 ms]:[INFO]:[PSAG_OGL_IMG]: success decode image: size: 1024 x 1024, color_channel: 4
[2025.06.20 16:05:00.506 ms]:[INFO]:[PSAG_GL_DATASET]: layers_manager alloc_count: 1
[2025.06.20 16:05:00.506 ms]:[INFO]:[PSAG_GL_DATASET]: vir_texture: src: 1024 x 1024, fmt_fill: 1024 x 1024
[2025.06.20 16:05:00.508 ms]:[INFO]:[PSAG_GL_DATASET]: vir_texture item: alloc key: 80, cropping: 1.00 x 1.00, res: 4x/1
[2025.06.20 16:05:00.509 ms]:[INFO]:[PSAG_ACTOR_CORE]: game_actor shader texture add, name: NPActor
[2025.06.20 16:05:00.509 ms]:[INFO]:[PSAG_ACTOR_CORE]: game_actor shader load textures: 1
[2025.06.20 16:05:00.509 ms]:[INFO]:[PSAG_OGL_SHADER]: vertex_shader source script num: 1
[2025.06.20 16:05:00.509 ms]:[INFO]:[PSAG_OGL_SHADER]: vertex compilation succeeded.
[2025.06.20 16:05:00.509 ms]:[INFO]:[PSAG_OGL_SHADER]: fragment_shader source script num: 3
[2025.06.20 16:05:00.509 ms]:[INFO]:[PSAG_OGL_SHADER]: fragment compilation succeeded.
[2025.06.20 16:05:00.509 ms]:[INFO]:[PSAG_OGL_SHADER]: shader_program link succeeded.
[2025.06.20 16:05:00.509 ms]:[INFO]:[PSAG_OGL_RES]: shader: storage key: 82
[2025.06.20 16:05:00.510 ms]:[INFO]:[PSAG_ACTOR_CORE]: game_actor shader default_res create.
[2025.06.20 16:05:00.510 ms]:[INFO]:[PSAG_ACTOR_CORE]: game_actor shader load textures: 1
[2025.06.20 16:05:00.510 ms]:[INFO]:[PSAG_OGL_SHADER]: vertex_shader source script num: 1
[2025.06.20 16:05:00.510 ms]:[INFO]:[PSAG_OGL_SHADER]: vertex compilation succeeded.
[2025.06.20 16:05:00.510 ms]:[INFO]:[PSAG_OGL_SHADER]: fragment_shader source script num: 3
[2025.06.20 16:05:00.510 ms]:[INFO]:[PSAG_OGL_SHADER]: fragment compilation succeeded.
[2025.06.20 16:05:00.510 ms]:[INFO]:[PSAG_OGL_SHADER]: shader_program link succeeded.
[2025.06.20 16:05:00.510 ms]:[INFO]:[PSAG_OGL_RES]: shader: storage key: 86
[2025.06.20 16:05:00.510 ms]:[INFO]:[PSAG_ACTOR_CORE]: game_actor shader default_res create.
[2025.06.20 16:05:00.510 ms]:[INFO]:[PSAG_ACTOR_CORE]: game_actor get textures: 1
[2025.06.20 16:05:00.510 ms]:[INFO]:[PSAG_ACTOR_CORE]: game_actor render_comp init.
[2025.06.20 16:05:00.510 ms]:[INFO]:[PSAG_PHYSICS]: phy_world => body_data, name: ZPGamePhysics
[2025.06.20 16:05:00.510 ms]:[INFO]:[PSAG_PHYSICS]: body_data(dynamic) item: alloc key: 1787064203328
[2025.06.20 16:05:00.510 ms]:[INFO]:[PSAG_ACTOR_CORE]: game_actor entity create: 90
[2025.06.20 16:05:00.510 ms]:[INFO]:[PSAG_TOOL_NOTFIY]: station register n: PPActor, ptr 1b55e640
[2025.06.20 16:05:00.510 ms]:[INFO]:[PSAG_ACTOR_CORE]: game_actor get textures: 1
[2025.06.20 16:05:00.510 ms]:[INFO]:[PSAG_ACTOR_CORE]: game_actor render_comp init.
[2025.06.20 16:05:00.510 ms]:[INFO]:[PSAG_PHYSICS]: phy_world => body_data, name: ZPGamePhysics
[2025.06.20 16:05:00.510 ms]:[INFO]:[PSAG_PHYSICS]: body_data(dynamic) item: alloc key: 1787064202320
[2025.06.20 16:05:00.510 ms]:[INFO]:[PSAG_ACTOR_CORE]: game_actor entity create: 92
[2025.06.20 16:05:00.510 ms]:[INFO]:[PSAG_ACTOR_CORE]: game_actor get textures: 1
[2025.06.20 16:05:00.511 ms]:[INFO]:[PSAG_ACTOR_CORE]: game_actor render_comp init.
[2025.06.20 16:05:00.511 ms]:[INFO]:[PSAG_PHYSICS]: phy_world => body_data, name: ZPGamePhysics
[2025.06.20 16:05:00.511 ms]:[INFO]:[PSAG_PHYSICS]: body_data(dynamic) item: alloc key: 1787064202656
[2025.06.20 16:05:00.511 ms]:[INFO]:[PSAG_ACTOR_CORE]: game_actor entity create: 94
[2025.06.20 16:05:00.511 ms]:[INFO]:[PSAG_ACTOR_CORE]: game_actor get textures: 1
[2025.06.20 16:05:00.511 ms]:[INFO]:[PSAG_ACTOR_CORE]: game_actor render_comp init.
[2025.06.20 16:05:00.511 ms]:[INFO]:[PSAG_PHYSICS]: phy_world => body_data, name: ZPGamePhysics
[2025.06.20 16:05:00.511 ms]:[INFO]:[PSAG_PHYSICS]: body_data(dynamic) item: alloc key: 1787064200304
[2025.06.20 16:05:00.511 ms]:[INFO]:[PSAG_ACTOR_CORE]: game_actor entity create: 96
[2025.06.20 16:05:00.511 ms]:[INFO]:[PSAG_ACTOR_CORE]: game_actor get textures: 1
[2025.06.20 16:05:00.511 ms]:[INFO]:[PSAG_ACTOR_CORE]: game_actor render_comp init.
[2025.06.20 16:05:00.511 ms]:[INFO]:[PSAG_PHYSICS]: phy_world => body_data, name: ZPGamePhysics
[2025.06.20 16:05:00.511 ms]:[INFO]:[PSAG_PHYSICS]: body_data(dynamic) item: alloc key: 1787064200640
[2025.06.20 16:05:00.511 ms]:[INFO]:[PSAG_ACTOR_CORE]: game_actor entity create: 98
[2025.06.20 16:05:00.511 ms]:[INFO]:[PSAG_ACTOR_CORE]: game_actor get textures: 1
[2025.06.20 16:05:00.511 ms]:[INFO]:[PSAG_ACTOR_CORE]: game_actor render_comp init.
[2025.06.20 16:05:00.511 ms]:[INFO]:[PSAG_PHYSICS]: phy_world => body_data, name: ZPGamePhysics
[2025.06.20 16:05:00.511 ms]:[INFO]:[PSAG_PHYSICS]: body_data(dynamic) item: alloc key: 1787168061424
[2025.06.20 16:05:00.511 ms]:[INFO]:[PSAG_ACTOR_CORE]: game_actor entity create: 100
[2025.06.20 16:05:00.511 ms]:[INFO]:[PSAG_ACTOR_CORE]: game_actor get textures: 1
[2025.06.20 16:05:00.511 ms]:[INFO]:[PSAG_ACTOR_CORE]: game_actor render_comp init.
[2025.06.20 16:05:00.511 ms]:[INFO]:[PSAG_PHYSICS]: phy_world => body_data, name: ZPGamePhysics
[2025.06.20 16:05:00.511 ms]:[INFO]:[PSAG_PHYSICS]: body_data(dynamic) item: alloc key: 1787168063776
[2025.06.20 16:05:00.511 ms]:[INFO]:[PSAG_ACTOR_CORE]: game_actor entity create: 102
[2025.06.20 16:05:00.511 ms]:[INFO]:[PSAG_ACTOR_CORE]: AType: register key: ActorBULLET
[2025.06.20 16:05:00.512 ms]:[INFO]:[PSAG_FILESYS_LOAD]: load(src) read_file: PSAGameFrameworkDev/GameZeroProject/GameMaterial/zpgame_bullet.png read_size: 54094
[2025.06.20 16:05:00.512 ms]:[INFO]:[PSAG_ACTOR_CORE]: game_actor shader create: 1680 x 945
[2025.06.20 16:05:00.544 ms]:[INFO]:[PSAG_OGL_IMG]: success decode image: size: 1024 x 2048, color_channel: 4
[2025.06.20 16:05:00.547 ms]:[INFO]:[PSAG_GL_DATASET]: layers_manager alloc_count: 0
[2025.06.20 16:05:00.630 ms]:[INFO]:[PSAG_GL_DATASET]: vir_texture: src: 1024 x 2048, fmt_fill: 2048 x 2048
[2025.06.20 16:05:00.640 ms]:[INFO]:[PSAG_GL_DATASET]: vir_texture item: alloc key: 104, cropping: 0.50 x 1.00, res: 2x/1
[2025.06.20 16:05:00.642 ms]:[INFO]:[PSAG_ACTOR_CORE]: game_actor shader texture add, name: Bullet
[2025.06.20 16:05:00.643 ms]:[INFO]:[PSAG_ACTOR_CORE]: game_actor shader load textures: 1
[2025.06.20 16:05:00.643 ms]:[INFO]:[PSAG_OGL_SHADER]: vertex_shader source script num: 1
[2025.06.20 16:05:00.643 ms]:[INFO]:[PSAG_OGL_SHADER]: vertex compilation succeeded.
[2025.06.20 16:05:00.643 ms]:[INFO]:[PSAG_OGL_SHADER]: fragment_shader source script num: 3
[2025.06.20 16:05:00.643 ms]:[INFO]:[PSAG_OGL_SHADER]: fragment compilation succeeded.
[2025.06.20 16:05:00.643 ms]:[INFO]:[PSAG_OGL_SHADER]: shader_program link succeeded.
[2025.06.20 16:05:00.643 ms]:[INFO]:[PSAG_OGL_RES]: shader: storage key: 106
[2025.06.20 16:05:00.643 ms]:[INFO]:[PSAG_ACTOR_CORE]: game_actor shader default_res create.
[2025.06.20 16:05:00.643 ms]:[INFO]:[PSAG_FILESYS_LOAD]: load(src) read_file: PSAGameFrameworkDev/GameZeroProject/GameMaterial/zpgame_particle_a.png read_size: 21686
[2025.06.20 16:05:00.653 ms]:[INFO]:[PSAG_OGL_IMG]: success decode image: size: 512 x 512, color_channel: 4
[2025.06.20 16:05:00.653 ms]:[INFO]:[PSAG_GL_PARTICLE]: particle system proc thread init.
[2025.06.20 16:05:00.653 ms]:[INFO]:[PSAG_OGL_SHADER]: vertex_shader source script num: 1
[2025.06.20 16:05:00.653 ms]:[INFO]:[PSAG_OGL_SHADER]: vertex compilation succeeded.
[2025.06.20 16:05:00.653 ms]:[INFO]:[PSAG_OGL_SHADER]: fragment_shader source script num: 3
[2025.06.20 16:05:00.653 ms]:[INFO]:[PSAG_OGL_SHADER]: fragment compilation succeeded.
[2025.06.20 16:05:00.653 ms]:[INFO]:[PSAG_OGL_SHADER]: shader_program link succeeded.
[2025.06.20 16:05:00.653 ms]:[INFO]:[PSAG_OGL_RES]: shader: storage key: 110
[2025.06.20 16:05:00.653 ms]:[INFO]:[PSAG_GL_DATASET]: ver_data(dy) item: alloc key: 112
[2025.06.20 16:05:00.654 ms]:[INFO]:[PSAG_GL_DATASET]: layers_manager alloc_count: 0
[2025.06.20 16:05:00.654 ms]:[INFO]:[PSAG_GL_DATASET]: vir_texture: src: 512 x 512, fmt_fill: 512 x 512
[2025.06.20 16:05:00.654 ms]:[INFO]:[PSAG_GL_DATASET]: vir_texture item: alloc key: 114, cropping: 1.00 x 1.00, res: 8x/1
[2025.06.20 16:05:00.654 ms]:[INFO]:[PSAG_GL_PARTICLE]: particle system init.
[2025.06.20 16:05:00.654 ms]:[INFO]:[PSAG_GL_PARTICLE]: particle system render_size: 1680 x 945
[2025.06.20 16:05:00.654 ms]:[INFO]:[PSAG_MANAGER_FX]: manager fx_particle init.
[2025.06.20 16:05:00.655 ms]:[INFO]:[PSAG_TOOL_NOTFIY]: station register n: PPActorBullet, ptr 1b55e640
[2025.06.20 16:05:00.655 ms]:[INFO]:[PSAG_FILESYS_LOAD]: load(src) read_file: PSAGameFrameworkDev/GameZeroProject/GameMaterial/zpgame_gui/zpgame_gui_b0.png read_size: 10743
[2025.06.20 16:05:00.661 ms]:[INFO]:[PSAG_OGL_IMG]: success decode image: size: 1024 x 278, color_channel: 4
[2025.06.20 16:05:00.661 ms]:[INFO]:[PSAG_OGL_TEXTURE]: texture.2d(view) object create.
[2025.06.20 16:05:00.663 ms]:[INFO]:[PSAG_OGL_TEXTURE]: texture_view create, succ: size: 1024 x 278
[2025.06.20 16:05:00.663 ms]:[INFO]:[PSAG_GL_PVFX]: psag_fx image_view system, create: 1024 x 278
[2025.06.20 16:05:00.663 ms]:[INFO]:[PSAG_FILESYS_LOAD]: load(src) read_file: PSAGameFrameworkDev/GameZeroProject/GameMaterial/zpgame_gui/zpgame_gui_b1.png read_size: 22199
[2025.06.20 16:05:00.670 ms]:[INFO]:[PSAG_OGL_IMG]: success decode image: size: 1024 x 278, color_channel: 4
[2025.06.20 16:05:00.674 ms]:[INFO]:[PSAG_OGL_TEXTURE]: texture.2d(view) object create.
[2025.06.20 16:05:00.675 ms]:[INFO]:[PSAG_OGL_TEXTURE]: texture_view create, succ: size: 1024 x 278
[2025.06.20 16:05:00.676 ms]:[INFO]:[PSAG_GL_PVFX]: psag_fx image_view system, create: 1024 x 278
[2025.06.20 16:05:00.676 ms]:[INFO]:[PSAG_FILESYS_LOAD]: load(src) read_file: PSAGameFrameworkDev/GameZeroProject/GameMaterial/zpgame_gui/zpgame_gui_b2.png read_size: 22716
[2025.06.20 16:05:00.683 ms]:[INFO]:[PSAG_OGL_IMG]: success decode image: size: 1024 x 278, color_channel: 4
[2025.06.20 16:05:00.687 ms]:[INFO]:[PSAG_OGL_TEXTURE]: texture.2d(view) object create.
[2025.06.20 16:05:00.688 ms]:[INFO]:[PSAG_OGL_TEXTURE]: texture_view create, succ: size: 1024 x 278
[2025.06.20 16:05:00.688 ms]:[INFO]:[PSAG_GL_PVFX]: psag_fx image_view system, create: 1024 x 278
[2025.06.20 16:05:00.688 ms]:[INFO]:[PSAG_FILESYS_LOAD]: load(src) read_file: PSAGameFrameworkDev/GameZeroProject/GameMaterial/zpgame_gui/zpgame_gui_b3.png read_size: 23026
[2025.06.20 16:05:00.695 ms]:[INFO]:[PSAG_OGL_IMG]: success decode image: size: 1024 x 278, color_channel: 4
[2025.06.20 16:05:00.703 ms]:[INFO]:[PSAG_OGL_TEXTURE]: texture.2d(view) object create.
[2025.06.20 16:05:00.704 ms]:[INFO]:[PSAG_OGL_TEXTURE]: texture_view create, succ: size: 1024 x 278
[2025.06.20 16:05:00.704 ms]:[INFO]:[PSAG_GL_PVFX]: psag_fx image_view system, create: 1024 x 278
[2025.06.20 16:05:00.704 ms]:[INFO]:[PSAG_FILESYS_LOAD]: load(src) read_file: PSAGameFrameworkDev/GameZeroProject/GameMaterial/zpgame_gui/zpgame_gui_b4.png read_size: 23655
[2025.06.20 16:05:00.712 ms]:[INFO]:[PSAG_OGL_IMG]: success decode image: size: 1024 x 278, color_channel: 4
[2025.06.20 16:05:00.722 ms]:[INFO]:[PSAG_OGL_TEXTURE]: texture.2d(view) object create.
[2025.06.20 16:05:00.725 ms]:[INFO]:[PSAG_OGL_TEXTURE]: texture_view create, succ: size: 1024 x 278
[2025.06.20 16:05:00.725 ms]:[INFO]:[PSAG_GL_PVFX]: psag_fx image_view system, create: 1024 x 278
[2025.06.20 16:05:00.725 ms]:[INFO]:[PSAG_FILESYS_LOAD]: load(src) read_file: PSAGameFrameworkDev/GameZeroProject/GameMaterial/zpgame_gui/zpgame_gui_b5.png read_size: 23922
[2025.06.20 16:05:00.733 ms]:[INFO]:[PSAG_OGL_IMG]: success decode image: size: 1024 x 278, color_channel: 4
[2025.06.20 16:05:00.737 ms]:[INFO]:[PSAG_OGL_TEXTURE]: texture.2d(view) object create.
[2025.06.20 16:05:00.737 ms]:[INFO]:[PSAG_OGL_TEXTURE]: texture_view create, succ: size: 1024 x 278
[2025.06.20 16:05:00.737 ms]:[INFO]:[PSAG_GL_PVFX]: psag_fx image_view system, create: 1024 x 278
[2025.06.20 16:05:00.737 ms]:[INFO]:[PSAG_M_START_ANIM]: create start_anim player.
[2025.06.20 16:05:00.737 ms]:[TRACE]:[PSAG_M_CORE]: pomelo_star game2d version: 12.20250127
[2025.06.20 16:05:00.781 ms]:[INFO]:[PSAG_M_START_ANIM]: start_anim playback complete, time(s): 0.000
[2025.06.20 16:05:00.781 ms]:[INFO]:[PSAG_M_START_ANIM]: free textures resource.
[2025.06.20 16:05:04.107 ms]:[INFO]:[PSAG_TOOL_NOTFIY]: station receive pair: PPActor/PPActorBullet, data_size: 12 bytes
[2025.06.20 16:05:04.108 ms]:[INFO]:[PSAG_ACTOR_CORE]: game_actor get textures: 1
[2025.06.20 16:05:04.108 ms]:[INFO]:[PSAG_ACTOR_CORE]: game_actor render_comp init.
[2025.06.20 16:05:04.108 ms]:[INFO]:[PSAG_PHYSICS]: phy_world => body_data, name: ZPGamePhysics
[2025.06.20 16:05:04.108 ms]:[INFO]:[PSAG_PHYSICS]: body_data(dynamic) item: alloc key: 1787168064112
[2025.06.20 16:05:04.108 ms]:[INFO]:[PSAG_ACTOR_CORE]: game_actor entity create: 116
[2025.06.20 16:05:04.431 ms]:[INFO]:[PSAG_TOOL_NOTFIY]: station receive pair: PPActor/PPActorBullet, data_size: 12 bytes
[2025.06.20 16:05:04.431 ms]:[INFO]:[PSAG_ACTOR_CORE]: game_actor get textures: 1
[2025.06.20 16:05:04.431 ms]:[INFO]:[PSAG_ACTOR_CORE]: game_actor render_comp init.
[2025.06.20 16:05:04.431 ms]:[INFO]:[PSAG_PHYSICS]: phy_world => body_data, name: ZPGamePhysics
[2025.06.20 16:05:04.431 ms]:[INFO]:[PSAG_PHYSICS]: body_data(dynamic) item: alloc key: 1787168062432
[2025.06.20 16:05:04.431 ms]:[INFO]:[PSAG_ACTOR_CORE]: game_actor entity create: 118
[2025.06.20 16:05:04.673 ms]:[INFO]:[PSAG_TOOL_NOTFIY]: station receive pair: PPActor/PPActorBullet, data_size: 12 bytes
[2025.06.20 16:05:04.673 ms]:[INFO]:[PSAG_ACTOR_CORE]: game_actor get textures: 1
[2025.06.20 16:05:04.673 ms]:[INFO]:[PSAG_ACTOR_CORE]: game_actor render_comp init.
[2025.06.20 16:05:04.673 ms]:[INFO]:[PSAG_PHYSICS]: phy_world => body_data, name: ZPGamePhysics
[2025.06.20 16:05:04.673 ms]:[INFO]:[PSAG_PHYSICS]: body_data(dynamic) item: alloc key: 1787168059744
[2025.06.20 16:05:04.674 ms]:[INFO]:[PSAG_ACTOR_CORE]: game_actor entity create: 120
[2025.06.20 16:05:04.841 ms]:[INFO]:[PSAG_TOOL_NOTFIY]: station receive pair: PPActor/PPActorBullet, data_size: 12 bytes
[2025.06.20 16:05:04.842 ms]:[INFO]:[PSAG_ACTOR_CORE]: game_actor get textures: 1
[2025.06.20 16:05:04.842 ms]:[INFO]:[PSAG_ACTOR_CORE]: game_actor render_comp init.
[2025.06.20 16:05:04.842 ms]:[INFO]:[PSAG_PHYSICS]: phy_world => body_data, name: ZPGamePhysics
[2025.06.20 16:05:04.842 ms]:[INFO]:[PSAG_PHYSICS]: body_data(dynamic) item: alloc key: 1787168058400
[2025.06.20 16:05:04.842 ms]:[INFO]:[PSAG_ACTOR_CORE]: game_actor entity create: 122
[2025.06.20 16:05:05.096 ms]:[INFO]:[PSAG_TOOL_NOTFIY]: station receive pair: PPActor/PPActorBullet, data_size: 12 bytes
[2025.06.20 16:05:05.097 ms]:[INFO]:[PSAG_ACTOR_CORE]: game_actor get textures: 1
[2025.06.20 16:05:05.097 ms]:[INFO]:[PSAG_ACTOR_CORE]: game_actor render_comp init.
[2025.06.20 16:05:05.097 ms]:[INFO]:[PSAG_PHYSICS]: phy_world => body_data, name: ZPGamePhysics
[2025.06.20 16:05:05.097 ms]:[INFO]:[PSAG_PHYSICS]: body_data(dynamic) item: alloc key: 1787168062768
[2025.06.20 16:05:05.097 ms]:[INFO]:[PSAG_ACTOR_CORE]: game_actor entity create: 124
[2025.06.20 16:05:06.362 ms]:[INFO]:[PSAG_PHYSICS]: phy_world => body_data, name: ZPGamePhysics
[2025.06.20 16:05:06.363 ms]:[INFO]:[PSAG_PHYSICS]: body_data item: delete key: 1787168132704
[2025.06.20 16:05:06.363 ms]:[INFO]:[PSAG_ACTOR_CORE]: game_actor entity delete: 116
[2025.06.20 16:05:06.405 ms]:[INFO]:[PSAG_TOOL_NOTFIY]: station receive pair: PPActor/PPActorBullet, data_size: 12 bytes
[2025.06.20 16:05:06.406 ms]:[INFO]:[PSAG_ACTOR_CORE]: game_actor get textures: 1
[2025.06.20 16:05:06.406 ms]:[INFO]:[PSAG_ACTOR_CORE]: game_actor render_comp init.
[2025.06.20 16:05:06.406 ms]:[INFO]:[PSAG_PHYSICS]: phy_world => body_data, name: ZPGamePhysics
[2025.06.20 16:05:06.406 ms]:[INFO]:[PSAG_PHYSICS]: body_data(dynamic) item: alloc key: 1787168061088
[2025.06.20 16:05:06.406 ms]:[INFO]:[PSAG_ACTOR_CORE]: game_actor entity create: 126
[2025.06.20 16:05:06.636 ms]:[INFO]:[PSAG_PHYSICS]: phy_world => body_data, name: ZPGamePhysics
[2025.06.20 16:05:06.637 ms]:[INFO]:[PSAG_PHYSICS]: body_data item: delete key: 1787168132704
[2025.06.20 16:05:06.637 ms]:[INFO]:[PSAG_ACTOR_CORE]: game_actor entity delete: 126
[2025.06.20 16:05:06.654 ms]:[INFO]:[PSAG_TOOL_NOTFIY]: station receive pair: PPActor/PPActorBullet, data_size: 12 bytes
[2025.06.20 16:05:06.655 ms]:[INFO]:[PSAG_ACTOR_CORE]: game_actor get textures: 1
[2025.06.20 16:05:06.655 ms]:[INFO]:[PSAG_ACTOR_CORE]: game_actor render_comp init.
[2025.06.20 16:05:06.655 ms]:[INFO]:[PSAG_PHYSICS]: phy_world => body_data, name: ZPGamePhysics
[2025.06.20 16:05:06.655 ms]:[INFO]:[PSAG_PHYSICS]: body_data(dynamic) item: alloc key: 1787168061760
[2025.06.20 16:05:06.655 ms]:[INFO]:[PSAG_ACTOR_CORE]: game_actor entity create: 128
[2025.06.20 16:05:06.671 ms]:[INFO]:[PSAG_PHYSICS]: phy_world => body_data, name: ZPGamePhysics
[2025.06.20 16:05:06.671 ms]:[INFO]:[PSAG_PHYSICS]: body_data item: delete key: 1787168132704
[2025.06.20 16:05:06.671 ms]:[INFO]:[PSAG_ACTOR_CORE]: game_actor entity delete: 128
[2025.06.20 16:05:06.704 ms]:[INFO]:[PSAG_TOOL_NOTFIY]: station receive pair: PPActor/PPActorBullet, data_size: 12 bytes
[2025.06.20 16:05:06.704 ms]:[INFO]:[PSAG_ACTOR_CORE]: game_actor get textures: 1
[2025.06.20 16:05:06.705 ms]:[INFO]:[PSAG_ACTOR_CORE]: game_actor render_comp init.
[2025.06.20 16:05:06.705 ms]:[INFO]:[PSAG_PHYSICS]: phy_world => body_data, name: ZPGamePhysics
[2025.06.20 16:05:06.705 ms]:[INFO]:[PSAG_PHYSICS]: body_data(dynamic) item: alloc key: 1787168061760
[2025.06.20 16:05:06.705 ms]:[INFO]:[PSAG_ACTOR_CORE]: game_actor entity create: 130
[2025.06.20 16:05:06.729 ms]:[INFO]:[PSAG_PHYSICS]: phy_world => body_data, name: ZPGamePhysics
[2025.06.20 16:05:06.729 ms]:[INFO]:[PSAG_PHYSICS]: body_data item: delete key: 1787168132704
[2025.06.20 16:05:06.729 ms]:[INFO]:[PSAG_ACTOR_CORE]: game_actor entity delete: 130
[2025.06.20 16:05:06.756 ms]:[INFO]:[PSAG_TOOL_NOTFIY]: station receive pair: PPActor/PPActorBullet, data_size: 12 bytes
[2025.06.20 16:05:06.757 ms]:[INFO]:[PSAG_ACTOR_CORE]: game_actor get textures: 1
[2025.06.20 16:05:06.757 ms]:[INFO]:[PSAG_ACTOR_CORE]: game_actor render_comp init.
[2025.06.20 16:05:06.757 ms]:[INFO]:[PSAG_PHYSICS]: phy_world => body_data, name: ZPGamePhysics
[2025.06.20 16:05:06.757 ms]:[INFO]:[PSAG_PHYSICS]: body_data(dynamic) item: alloc key: 1787168064448
[2025.06.20 16:05:06.757 ms]:[INFO]:[PSAG_ACTOR_CORE]: game_actor entity create: 132
[2025.06.20 16:05:06.815 ms]:[INFO]:[PSAG_PHYSICS]: phy_world => body_data, name: ZPGamePhysics
[2025.06.20 16:05:06.815 ms]:[INFO]:[PSAG_PHYSICS]: body_data item: delete key: 1787168132704
[2025.06.20 16:05:06.815 ms]:[INFO]:[PSAG_ACTOR_CORE]: game_actor entity delete: 132
[2025.06.20 16:05:06.855 ms]:[INFO]:[PSAG_TOOL_NOTFIY]: station receive pair: PPActor/PPActorBullet, data_size: 12 bytes
[2025.06.20 16:05:06.856 ms]:[INFO]:[PSAG_ACTOR_CORE]: game_actor get textures: 1
[2025.06.20 16:05:06.856 ms]:[INFO]:[PSAG_ACTOR_CORE]: game_actor render_comp init.
[2025.06.20 16:05:06.856 ms]:[INFO]:[PSAG_PHYSICS]: phy_world => body_data, name: ZPGamePhysics
[2025.06.20 16:05:06.856 ms]:[INFO]:[PSAG_PHYSICS]: body_data(dynamic) item: alloc key: 1787168063104
[2025.06.20 16:05:06.856 ms]:[INFO]:[PSAG_ACTOR_CORE]: game_actor entity create: 134
[2025.06.20 16:05:07.038 ms]:[INFO]:[PSAG_PHYSICS]: phy_world => body_data, name: ZPGamePhysics
[2025.06.20 16:05:07.038 ms]:[INFO]:[PSAG_PHYSICS]: body_data item: delete key: 1787168132896
[2025.06.20 16:05:07.038 ms]:[INFO]:[PSAG_ACTOR_CORE]: game_actor entity delete: 118
[2025.06.20 16:05:07.054 ms]:[INFO]:[PSAG_TOOL_NOTFIY]: station receive pair: PPActor/PPActorBullet, data_size: 12 bytes
[2025.06.20 16:05:07.055 ms]:[INFO]:[PSAG_ACTOR_CORE]: game_actor get textures: 1
[2025.06.20 16:05:07.055 ms]:[INFO]:[PSAG_ACTOR_CORE]: game_actor render_comp init.
[2025.06.20 16:05:07.055 ms]:[INFO]:[PSAG_PHYSICS]: phy_world => body_data, name: ZPGamePhysics
[2025.06.20 16:05:07.055 ms]:[INFO]:[PSAG_PHYSICS]: body_data(dynamic) item: alloc key: 1787168065456
[2025.06.20 16:05:07.055 ms]:[INFO]:[PSAG_ACTOR_CORE]: game_actor entity create: 136
[2025.06.20 16:05:07.417 ms]:[INFO]:[PSAG_PHYSICS]: phy_world => body_data, name: ZPGamePhysics
[2025.06.20 16:05:07.417 ms]:[INFO]:[PSAG_PHYSICS]: body_data item: delete key: 1787168133088
[2025.06.20 16:05:07.417 ms]:[INFO]:[PSAG_ACTOR_CORE]: game_actor entity delete: 120
[2025.06.20 16:05:07.453 ms]:[INFO]:[PSAG_TOOL_NOTFIY]: station receive pair: PPActor/PPActorBullet, data_size: 12 bytes
[2025.06.20 16:05:07.455 ms]:[INFO]:[PSAG_ACTOR_CORE]: game_actor get textures: 1
[2025.06.20 16:05:07.455 ms]:[INFO]:[PSAG_ACTOR_CORE]: game_actor render_comp init.
[2025.06.20 16:05:07.455 ms]:[INFO]:[PSAG_PHYSICS]: phy_world => body_data, name: ZPGamePhysics
[2025.06.20 16:05:07.455 ms]:[INFO]:[PSAG_PHYSICS]: body_data(dynamic) item: alloc key: 1787168058064
[2025.06.20 16:05:07.455 ms]:[INFO]:[PSAG_ACTOR_CORE]: game_actor entity create: 138
[2025.06.20 16:05:08.650 ms]:[INFO]:[PSAG_PHYSICS]: phy_world => body_data, name: ZPGamePhysics
[2025.06.20 16:05:08.650 ms]:[INFO]:[PSAG_PHYSICS]: body_data item: delete key: 1787168132704
[2025.06.20 16:05:08.650 ms]:[INFO]:[PSAG_ACTOR_CORE]: game_actor entity delete: 134
[2025.06.20 16:05:08.654 ms]:[INFO]:[PSAG_TOOL_NOTFIY]: station receive pair: PPActor/PPActorBullet, data_size: 12 bytes
[2025.06.20 16:05:08.654 ms]:[INFO]:[PSAG_ACTOR_CORE]: game_actor get textures: 1
[2025.06.20 16:05:08.654 ms]:[INFO]:[PSAG_ACTOR_CORE]: game_actor render_comp init.
[2025.06.20 16:05:08.654 ms]:[INFO]:[PSAG_PHYSICS]: phy_world => body_data, name: ZPGamePhysics
[2025.06.20 16:05:08.654 ms]:[INFO]:[PSAG_PHYSICS]: body_data(dynamic) item: alloc key: 1787168062096
[2025.06.20 16:05:08.654 ms]:[INFO]:[PSAG_ACTOR_CORE]: game_actor entity create: 140
[2025.06.20 16:05:08.782 ms]:[INFO]:[PSAG_PHYSICS]: phy_world => body_data, name: ZPGamePhysics
[2025.06.20 16:05:08.782 ms]:[INFO]:[PSAG_PHYSICS]: body_data item: delete key: 1787168133472
[2025.06.20 16:05:08.782 ms]:[INFO]:[PSAG_ACTOR_CORE]: game_actor entity delete: 124
[2025.06.20 16:05:08.803 ms]:[INFO]:[PSAG_TOOL_NOTFIY]: station receive pair: PPActor/PPActorBullet, data_size: 12 bytes
[2025.06.20 16:05:08.813 ms]:[INFO]:[PSAG_ACTOR_CORE]: game_actor get textures: 1
[2025.06.20 16:05:08.813 ms]:[INFO]:[PSAG_ACTOR_CORE]: game_actor render_comp init.
[2025.06.20 16:05:08.813 ms]:[INFO]:[PSAG_PHYSICS]: phy_world => body_data, name: ZPGamePhysics
[2025.06.20 16:05:08.813 ms]:[INFO]:[PSAG_PHYSICS]: body_data(dynamic) item: alloc key: 1787168059072
[2025.06.20 16:05:08.813 ms]:[INFO]:[PSAG_ACTOR_CORE]: game_actor entity create: 142
[2025.06.20 16:05:08.815 ms]:[INFO]:[PSAG_PHYSICS]: phy_world => body_data, name: ZPGamePhysics
[2025.06.20 16:05:08.815 ms]:[INFO]:[PSAG_PHYSICS]: body_data item: delete key: 1787168132896
[2025.06.20 16:05:08.815 ms]:[INFO]:[PSAG_ACTOR_CORE]: game_actor entity delete: 136
[2025.06.20 16:05:08.854 ms]:[INFO]:[PSAG_TOOL_NOTFIY]: station receive pair: PPActor/PPActorBullet, data_size: 12 bytes
[2025.06.20 16:05:08.855 ms]:[INFO]:[PSAG_ACTOR_CORE]: game_actor get textures: 1
[2025.06.20 16:05:08.855 ms]:[INFO]:[PSAG_ACTOR_CORE]: game_actor render_comp init.
[2025.06.20 16:05:08.855 ms]:[INFO]:[PSAG_PHYSICS]: phy_world => body_data, name: ZPGamePhysics
[2025.06.20 16:05:08.855 ms]:[INFO]:[PSAG_PHYSICS]: body_data(dynamic) item: alloc key: 1787168059744
[2025.06.20 16:05:08.855 ms]:[INFO]:[PSAG_ACTOR_CORE]: game_actor entity create: 144
[2025.06.20 16:05:09.805 ms]:[INFO]:[PSAG_PHYSICS]: phy_world => body_data, name: ZPGamePhysics
[2025.06.20 16:05:09.805 ms]:[INFO]:[PSAG_PHYSICS]: body_data item: delete key: 1787168133088
[2025.06.20 16:05:09.805 ms]:[INFO]:[PSAG_ACTOR_CORE]: game_actor entity delete: 138
[2025.06.20 16:05:09.855 ms]:[INFO]:[PSAG_TOOL_NOTFIY]: station receive pair: PPActor/PPActorBullet, data_size: 12 bytes
[2025.06.20 16:05:09.856 ms]:[INFO]:[PSAG_ACTOR_CORE]: game_actor get textures: 1
[2025.06.20 16:05:09.856 ms]:[INFO]:[PSAG_ACTOR_CORE]: game_actor render_comp init.
[2025.06.20 16:05:09.856 ms]:[INFO]:[PSAG_PHYSICS]: phy_world => body_data, name: ZPGamePhysics
[2025.06.20 16:05:09.856 ms]:[INFO]:[PSAG_PHYSICS]: body_data(dynamic) item: alloc key: 1787168065456
[2025.06.20 16:05:09.856 ms]:[INFO]:[PSAG_ACTOR_CORE]: game_actor entity create: 146
[2025.06.20 16:05:11.344 ms]:[INFO]:[PSAG_PHYSICS]: phy_world => body_data, name: ZPGamePhysics
[2025.06.20 16:05:11.344 ms]:[INFO]:[PSAG_PHYSICS]: body_data item: delete key: 1787168133088
[2025.06.20 16:05:11.345 ms]:[INFO]:[PSAG_ACTOR_CORE]: game_actor entity delete: 146
[2025.06.20 16:05:11.354 ms]:[INFO]:[PSAG_TOOL_NOTFIY]: station receive pair: PPActor/PPActorBullet, data_size: 12 bytes
[2025.06.20 16:05:11.355 ms]:[INFO]:[PSAG_ACTOR_CORE]: game_actor get textures: 1
[2025.06.20 16:05:11.355 ms]:[INFO]:[PSAG_ACTOR_CORE]: game_actor render_comp init.
[2025.06.20 16:05:11.355 ms]:[INFO]:[PSAG_PHYSICS]: phy_world => body_data, name: ZPGamePhysics
[2025.06.20 16:05:11.355 ms]:[INFO]:[PSAG_PHYSICS]: body_data(dynamic) item: alloc key: 1787168060416
[2025.06.20 16:05:11.355 ms]:[INFO]:[PSAG_ACTOR_CORE]: game_actor entity create: 148
[2025.06.20 16:05:12.574 ms]:[INFO]:[PSAG_PHYSICS]: phy_world => body_data, name: ZPGamePhysics
[2025.06.20 16:05:12.574 ms]:[INFO]:[PSAG_PHYSICS]: body_data item: delete key: 1787168132896
[2025.06.20 16:05:12.574 ms]:[INFO]:[PSAG_ACTOR_CORE]: game_actor entity delete: 144
[2025.06.20 16:05:12.604 ms]:[INFO]:[PSAG_TOOL_NOTFIY]: station receive pair: PPActor/PPActorBullet, data_size: 12 bytes
[2025.06.20 16:05:12.605 ms]:[INFO]:[PSAG_ACTOR_CORE]: game_actor get textures: 1
[2025.06.20 16:05:12.606 ms]:[INFO]:[PSAG_ACTOR_CORE]: game_actor render_comp init.
[2025.06.20 16:05:12.606 ms]:[INFO]:[PSAG_PHYSICS]: phy_world => body_data, name: ZPGamePhysics
[2025.06.20 16:05:12.606 ms]:[INFO]:[PSAG_PHYSICS]: body_data(dynamic) item: alloc key: 1787168061760
[2025.06.20 16:05:12.606 ms]:[INFO]:[PSAG_ACTOR_CORE]: game_actor entity create: 150
[2025.06.20 16:05:12.839 ms]:[INFO]:[PSAG_PHYSICS]: phy_world => body_data, name: ZPGamePhysics
[2025.06.20 16:05:12.839 ms]:[INFO]:[PSAG_PHYSICS]: body_data item: delete key: 1787168133472
[2025.06.20 16:05:12.839 ms]:[INFO]:[PSAG_ACTOR_CORE]: game_actor entity delete: 142
[2025.06.20 16:05:12.853 ms]:[INFO]:[PSAG_TOOL_NOTFIY]: station receive pair: PPActor/PPActorBullet, data_size: 12 bytes
[2025.06.20 16:05:12.854 ms]:[INFO]:[PSAG_ACTOR_CORE]: game_actor get textures: 1
[2025.06.20 16:05:12.854 ms]:[INFO]:[PSAG_ACTOR_CORE]: game_actor render_comp init.
[2025.06.20 16:05:12.854 ms]:[INFO]:[PSAG_PHYSICS]: phy_world => body_data, name: ZPGamePhysics
[2025.06.20 16:05:12.854 ms]:[INFO]:[PSAG_PHYSICS]: body_data(dynamic) item: alloc key: 1787168064112
[2025.06.20 16:05:12.854 ms]:[INFO]:[PSAG_ACTOR_CORE]: game_actor entity create: 152
[2025.06.20 16:05:15.404 ms]:[INFO]:[PSAG_PHYSICS]: phy_world => body_data, name: ZPGamePhysics
[2025.06.20 16:05:15.404 ms]:[INFO]:[PSAG_PHYSICS]: body_data item: delete key: 1787168133280
[2025.06.20 16:05:15.404 ms]:[INFO]:[PSAG_ACTOR_CORE]: game_actor entity delete: 122
[2025.06.20 16:05:15.454 ms]:[INFO]:[PSAG_TOOL_NOTFIY]: station receive pair: PPActor/PPActorBullet, data_size: 12 bytes
[2025.06.20 16:05:15.455 ms]:[INFO]:[PSAG_ACTOR_CORE]: game_actor get textures: 1
[2025.06.20 16:05:15.455 ms]:[INFO]:[PSAG_ACTOR_CORE]: game_actor render_comp init.
[2025.06.20 16:05:15.455 ms]:[INFO]:[PSAG_PHYSICS]: phy_world => body_data, name: ZPGamePhysics
[2025.06.20 16:05:15.455 ms]:[INFO]:[PSAG_PHYSICS]: body_data(dynamic) item: alloc key: 1787168059072
[2025.06.20 16:05:15.455 ms]:[INFO]:[PSAG_ACTOR_CORE]: game_actor entity create: 154
[2025.06.20 16:05:17.873 ms]:[INFO]:[PSAG_PHYSICS]: phy_world => body_data, name: ZPGamePhysics
[2025.06.20 16:05:17.873 ms]:[INFO]:[PSAG_PHYSICS]: body_data item: delete key: 1787168132704
[2025.06.20 16:05:17.873 ms]:[INFO]:[PSAG_ACTOR_CORE]: game_actor entity delete: 140
[2025.06.20 16:05:17.904 ms]:[INFO]:[PSAG_TOOL_NOTFIY]: station receive pair: PPActor/PPActorBullet, data_size: 12 bytes
[2025.06.20 16:05:17.905 ms]:[INFO]:[PSAG_ACTOR_CORE]: game_actor get textures: 1
[2025.06.20 16:05:17.905 ms]:[INFO]:[PSAG_ACTOR_CORE]: game_actor render_comp init.
[2025.06.20 16:05:17.905 ms]:[INFO]:[PSAG_PHYSICS]: phy_world => body_data, name: ZPGamePhysics
[2025.06.20 16:05:17.905 ms]:[INFO]:[PSAG_PHYSICS]: body_data(dynamic) item: alloc key: 1787168062768
[2025.06.20 16:05:17.905 ms]:[INFO]:[PSAG_ACTOR_CORE]: game_actor entity create: 156
[2025.06.20 16:05:18.913 ms]:[INFO]:[PSAG_PHYSICS]: phy_world => body_data, name: ZPGamePhysics
[2025.06.20 16:05:18.913 ms]:[INFO]:[PSAG_PHYSICS]: body_data item: delete key: 1787168133088
[2025.06.20 16:05:18.913 ms]:[INFO]:[PSAG_ACTOR_CORE]: game_actor entity delete: 148
[2025.06.20 16:05:18.953 ms]:[INFO]:[PSAG_TOOL_NOTFIY]: station receive pair: PPActor/PPActorBullet, data_size: 12 bytes
[2025.06.20 16:05:18.954 ms]:[INFO]:[PSAG_ACTOR_CORE]: game_actor get textures: 1
[2025.06.20 16:05:18.954 ms]:[INFO]:[PSAG_ACTOR_CORE]: game_actor render_comp init.
[2025.06.20 16:05:18.954 ms]:[INFO]:[PSAG_PHYSICS]: phy_world => body_data, name: ZPGamePhysics
[2025.06.20 16:05:18.954 ms]:[INFO]:[PSAG_PHYSICS]: body_data(dynamic) item: alloc key: 1787168065120
[2025.06.20 16:05:18.954 ms]:[INFO]:[PSAG_ACTOR_CORE]: game_actor entity create: 158
[2025.06.20 16:05:19.972 ms]:[INFO]:[PSAG_PHYSICS]: phy_world => body_data, name: ZPGamePhysics
[2025.06.20 16:05:19.972 ms]:[INFO]:[PSAG_PHYSICS]: body_data item: delete key: 1787168133472
[2025.06.20 16:05:19.972 ms]:[INFO]:[PSAG_ACTOR_CORE]: game_actor entity delete: 152
[2025.06.20 16:05:20.005 ms]:[INFO]:[PSAG_TOOL_NOTFIY]: station receive pair: PPActor/PPActorBullet, data_size: 12 bytes
[2025.06.20 16:05:20.006 ms]:[INFO]:[PSAG_ACTOR_CORE]: game_actor get textures: 1
[2025.06.20 16:05:20.006 ms]:[INFO]:[PSAG_ACTOR_CORE]: game_actor render_comp init.
[2025.06.20 16:05:20.006 ms]:[INFO]:[PSAG_PHYSICS]: phy_world => body_data, name: ZPGamePhysics
[2025.06.20 16:05:20.006 ms]:[INFO]:[PSAG_PHYSICS]: body_data(dynamic) item: alloc key: 1787168060080
[2025.06.20 16:05:20.006 ms]:[INFO]:[PSAG_ACTOR_CORE]: game_actor entity create: 160
[2025.06.20 16:05:20.296 ms]:[INFO]:[PSAG_PHYSICS]: phy_world => body_data, name: ZPGamePhysics
[2025.06.20 16:05:20.296 ms]:[INFO]:[PSAG_PHYSICS]: body_data item: delete key: 1787168132704
[2025.06.20 16:05:20.296 ms]:[INFO]:[PSAG_ACTOR_CORE]: game_actor entity delete: 156
[2025.06.20 16:05:20.305 ms]:[INFO]:[PSAG_TOOL_NOTFIY]: station receive pair: PPActor/PPActorBullet, data_size: 12 bytes
[2025.06.20 16:05:20.306 ms]:[INFO]:[PSAG_ACTOR_CORE]: game_actor get textures: 1
[2025.06.20 16:05:20.306 ms]:[INFO]:[PSAG_ACTOR_CORE]: game_actor render_comp init.
[2025.06.20 16:05:20.306 ms]:[INFO]:[PSAG_PHYSICS]: phy_world => body_data, name: ZPGamePhysics
[2025.06.20 16:05:20.306 ms]:[INFO]:[PSAG_PHYSICS]: body_data(dynamic) item: alloc key: 1787168059408
[2025.06.20 16:05:20.306 ms]:[INFO]:[PSAG_ACTOR_CORE]: game_actor entity create: 162
[2025.06.20 16:05:21.387 ms]:[INFO]:[PSAG_PHYSICS]: phy_world => body_data, name: ZPGamePhysics
[2025.06.20 16:05:21.387 ms]:[INFO]:[PSAG_PHYSICS]: body_data item: delete key: 1787168133088
[2025.06.20 16:05:21.388 ms]:[INFO]:[PSAG_ACTOR_CORE]: game_actor entity delete: 158
[2025.06.20 16:05:21.404 ms]:[INFO]:[PSAG_TOOL_NOTFIY]: station receive pair: PPActor/PPActorBullet, data_size: 12 bytes
[2025.06.20 16:05:21.404 ms]:[INFO]:[PSAG_ACTOR_CORE]: game_actor get textures: 1
[2025.06.20 16:05:21.404 ms]:[INFO]:[PSAG_ACTOR_CORE]: game_actor render_comp init.
[2025.06.20 16:05:21.404 ms]:[INFO]:[PSAG_PHYSICS]: phy_world => body_data, name: ZPGamePhysics
[2025.06.20 16:05:21.404 ms]:[INFO]:[PSAG_PHYSICS]: body_data(dynamic) item: alloc key: 1787168060416
[2025.06.20 16:05:21.405 ms]:[INFO]:[PSAG_ACTOR_CORE]: game_actor entity create: 164
[2025.06.20 16:05:21.427 ms]:[INFO]:[PSAG_PHYSICS]: phy_world => body_data, name: ZPGamePhysics
[2025.06.20 16:05:21.427 ms]:[INFO]:[PSAG_PHYSICS]: body_data item: delete key: 1787168132896
[2025.06.20 16:05:21.427 ms]:[INFO]:[PSAG_ACTOR_CORE]: game_actor entity delete: 150
[2025.06.20 16:05:21.455 ms]:[INFO]:[PSAG_TOOL_NOTFIY]: station receive pair: PPActor/PPActorBullet, data_size: 12 bytes
[2025.06.20 16:05:21.455 ms]:[INFO]:[PSAG_ACTOR_CORE]: game_actor get textures: 1
[2025.06.20 16:05:21.456 ms]:[INFO]:[PSAG_ACTOR_CORE]: game_actor render_comp init.
[2025.06.20 16:05:21.456 ms]:[INFO]:[PSAG_PHYSICS]: phy_world => body_data, name: ZPGamePhysics
[2025.06.20 16:05:21.456 ms]:[INFO]:[PSAG_PHYSICS]: body_data(dynamic) item: alloc key: 1787168065456
[2025.06.20 16:05:21.456 ms]:[INFO]:[PSAG_ACTOR_CORE]: game_actor entity create: 166
[2025.06.20 16:05:21.830 ms]:[INFO]:[PSAG_PHYSICS]: phy_world => body_data, name: ZPGamePhysics
[2025.06.20 16:05:21.830 ms]:[INFO]:[PSAG_PHYSICS]: body_data item: delete key: 1787168133472
[2025.06.20 16:05:21.830 ms]:[INFO]:[PSAG_ACTOR_CORE]: game_actor entity delete: 160
[2025.06.20 16:05:21.854 ms]:[INFO]:[PSAG_TOOL_NOTFIY]: station receive pair: PPActor/PPActorBullet, data_size: 12 bytes
[2025.06.20 16:05:21.855 ms]:[INFO]:[PSAG_ACTOR_CORE]: game_actor get textures: 1
[2025.06.20 16:05:21.855 ms]:[INFO]:[PSAG_ACTOR_CORE]: game_actor render_comp init.
[2025.06.20 16:05:21.855 ms]:[INFO]:[PSAG_PHYSICS]: phy_world => body_data, name: ZPGamePhysics
[2025.06.20 16:05:21.855 ms]:[INFO]:[PSAG_PHYSICS]: body_data(dynamic) item: alloc key: 1787168060752
[2025.06.20 16:05:21.855 ms]:[INFO]:[PSAG_ACTOR_CORE]: game_actor entity create: 168
[2025.06.20 16:05:21.941 ms]:[INFO]:[PSAG_PHYSICS]: phy_world => body_data, name: ZPGamePhysics
[2025.06.20 16:05:21.941 ms]:[INFO]:[PSAG_PHYSICS]: body_data item: delete key: 1787168132704
[2025.06.20 16:05:21.941 ms]:[INFO]:[PSAG_ACTOR_CORE]: game_actor entity delete: 162
[2025.06.20 16:05:21.955 ms]:[INFO]:[PSAG_TOOL_NOTFIY]: station receive pair: PPActor/PPActorBullet, data_size: 12 bytes
[2025.06.20 16:05:21.956 ms]:[INFO]:[PSAG_ACTOR_CORE]: game_actor get textures: 1
[2025.06.20 16:05:21.956 ms]:[INFO]:[PSAG_ACTOR_CORE]: game_actor render_comp init.
[2025.06.20 16:05:21.956 ms]:[INFO]:[PSAG_PHYSICS]: phy_world => body_data, name: ZPGamePhysics
[2025.06.20 16:05:21.956 ms]:[INFO]:[PSAG_PHYSICS]: body_data(dynamic) item: alloc key: 1787168060080
[2025.06.20 16:05:21.956 ms]:[INFO]:[PSAG_ACTOR_CORE]: game_actor entity create: 170
[2025.06.20 16:05:22.395 ms]:[INFO]:[PSAG_PHYSICS]: phy_world => body_data, name: ZPGamePhysics
[2025.06.20 16:05:22.395 ms]:[INFO]:[PSAG_PHYSICS]: body_data item: delete key: 1787168133088
[2025.06.20 16:05:22.395 ms]:[INFO]:[PSAG_ACTOR_CORE]: game_actor entity delete: 164
[2025.06.20 16:05:22.404 ms]:[INFO]:[PSAG_TOOL_NOTFIY]: station receive pair: PPActor/PPActorBullet, data_size: 12 bytes
[2025.06.20 16:05:22.405 ms]:[INFO]:[PSAG_ACTOR_CORE]: game_actor get textures: 1
[2025.06.20 16:05:22.405 ms]:[INFO]:[PSAG_ACTOR_CORE]: game_actor render_comp init.
[2025.06.20 16:05:22.405 ms]:[INFO]:[PSAG_PHYSICS]: phy_world => body_data, name: ZPGamePhysics
[2025.06.20 16:05:22.405 ms]:[INFO]:[PSAG_PHYSICS]: body_data(dynamic) item: alloc key: 1787168064112
[2025.06.20 16:05:22.405 ms]:[INFO]:[PSAG_ACTOR_CORE]: game_actor entity create: 172
[2025.06.20 16:05:22.429 ms]:[INFO]:[PSAG_PHYSICS]: phy_world => body_data, name: ZPGamePhysics
[2025.06.20 16:05:22.429 ms]:[INFO]:[PSAG_PHYSICS]: body_data item: delete key: 1787168132896
[2025.06.20 16:05:22.429 ms]:[INFO]:[PSAG_ACTOR_CORE]: game_actor entity delete: 166
[2025.06.20 16:05:22.455 ms]:[INFO]:[PSAG_TOOL_NOTFIY]: station receive pair: PPActor/PPActorBullet, data_size: 12 bytes
[2025.06.20 16:05:22.455 ms]:[INFO]:[PSAG_ACTOR_CORE]: game_actor get textures: 1
[2025.06.20 16:05:22.455 ms]:[INFO]:[PSAG_ACTOR_CORE]: game_actor render_comp init.
[2025.06.20 16:05:22.455 ms]:[INFO]:[PSAG_PHYSICS]: phy_world => body_data, name: ZPGamePhysics
[2025.06.20 16:05:22.455 ms]:[INFO]:[PSAG_PHYSICS]: body_data(dynamic) item: alloc key: 1787168063440
[2025.06.20 16:05:22.455 ms]:[INFO]:[PSAG_ACTOR_CORE]: game_actor entity create: 174
[2025.06.20 16:05:23.201 ms]:[INFO]:[PSAG_PHYSICS]: phy_world => body_data, name: ZPGamePhysics
[2025.06.20 16:05:23.201 ms]:[INFO]:[PSAG_PHYSICS]: body_data item: delete key: 1787168133280
[2025.06.20 16:05:23.201 ms]:[INFO]:[PSAG_ACTOR_CORE]: game_actor entity delete: 154
[2025.06.20 16:05:23.204 ms]:[INFO]:[PSAG_TOOL_NOTFIY]: station receive pair: PPActor/PPActorBullet, data_size: 12 bytes
[2025.06.20 16:05:23.205 ms]:[INFO]:[PSAG_ACTOR_CORE]: game_actor get textures: 1
[2025.06.20 16:05:23.205 ms]:[INFO]:[PSAG_ACTOR_CORE]: game_actor render_comp init.
[2025.06.20 16:05:23.205 ms]:[INFO]:[PSAG_PHYSICS]: phy_world => body_data, name: ZPGamePhysics
[2025.06.20 16:05:23.205 ms]:[INFO]:[PSAG_PHYSICS]: body_data(dynamic) item: alloc key: 1787168058064
[2025.06.20 16:05:23.205 ms]:[INFO]:[PSAG_ACTOR_CORE]: game_actor entity create: 176
[2025.06.20 16:05:24.228 ms]:[INFO]:[PSAG_PHYSICS]: phy_world => body_data, name: ZPGamePhysics
[2025.06.20 16:05:24.229 ms]:[INFO]:[PSAG_PHYSICS]: body_data item: delete key: 1787168132896
[2025.06.20 16:05:24.229 ms]:[INFO]:[PSAG_ACTOR_CORE]: game_actor entity delete: 174
[2025.06.20 16:05:24.283 ms]:[INFO]:[PSAG_PHYSICS]: phy_world => body_data, name: ZPGamePhysics
[2025.06.20 16:05:24.283 ms]:[INFO]:[PSAG_PHYSICS]: body_data item: delete key: 1787168133088
[2025.06.20 16:05:24.283 ms]:[INFO]:[PSAG_ACTOR_CORE]: game_actor entity delete: 172
[2025.06.20 16:05:24.495 ms]:[INFO]:[PSAG_TOOL_NOTFIY]: station receive pair: PPActor/PPActorBullet, data_size: 12 bytes
[2025.06.20 16:05:24.496 ms]:[INFO]:[PSAG_ACTOR_CORE]: game_actor get textures: 1
[2025.06.20 16:05:24.496 ms]:[INFO]:[PSAG_ACTOR_CORE]: game_actor render_comp init.
[2025.06.20 16:05:24.496 ms]:[INFO]:[PSAG_PHYSICS]: phy_world => body_data, name: ZPGamePhysics
[2025.06.20 16:05:24.496 ms]:[INFO]:[PSAG_PHYSICS]: body_data(dynamic) item: alloc key: 1787168064784
[2025.06.20 16:05:24.496 ms]:[INFO]:[PSAG_ACTOR_CORE]: game_actor entity create: 178
[2025.06.20 16:05:24.772 ms]:[INFO]:[PSAG_TOOL_NOTFIY]: station receive pair: PPActor/PPActorBullet, data_size: 12 bytes
[2025.06.20 16:05:24.773 ms]:[INFO]:[PSAG_ACTOR_CORE]: game_actor get textures: 1
[2025.06.20 16:05:24.773 ms]:[INFO]:[PSAG_ACTOR_CORE]: game_actor render_comp init.
[2025.06.20 16:05:24.773 ms]:[INFO]:[PSAG_PHYSICS]: phy_world => body_data, name: ZPGamePhysics
[2025.06.20 16:05:24.773 ms]:[INFO]:[PSAG_PHYSICS]: body_data(dynamic) item: alloc key: 1787168058400
[2025.06.20 16:05:24.773 ms]:[INFO]:[PSAG_ACTOR_CORE]: game_actor entity create: 180
[2025.06.20 16:05:27.940 ms]:[INFO]:[PSAG_PHYSICS]: phy_world => body_data, name: ZPGamePhysics
[2025.06.20 16:05:27.940 ms]:[INFO]:[PSAG_PHYSICS]: body_data item: delete key: 1787168132896
[2025.06.20 16:05:27.940 ms]:[INFO]:[PSAG_ACTOR_CORE]: game_actor entity delete: 180
[2025.06.20 16:05:27.965 ms]:[INFO]:[PSAG_PHYSICS]: phy_world => body_data, name: ZPGamePhysics
[2025.06.20 16:05:27.965 ms]:[INFO]:[PSAG_PHYSICS]: body_data item: delete key: 1787168133088
[2025.06.20 16:05:27.965 ms]:[INFO]:[PSAG_ACTOR_CORE]: game_actor entity delete: 178
[2025.06.20 16:05:28.836 ms]:[INFO]:[PSAG_PHYSICS]: phy_world => body_data, name: ZPGamePhysics
[2025.06.20 16:05:28.836 ms]:[INFO]:[PSAG_PHYSICS]: body_data item: delete key: 1787168133280
[2025.06.20 16:05:28.836 ms]:[INFO]:[PSAG_ACTOR_CORE]: game_actor entity delete: 176
[2025.06.20 16:05:28.929 ms]:[INFO]:[PSAG_PHYSICS]: phy_world => body_data, name: ZPGamePhysics
[2025.06.20 16:05:28.929 ms]:[INFO]:[PSAG_PHYSICS]: body_data item: delete key: 1787168133472
[2025.06.20 16:05:28.929 ms]:[INFO]:[PSAG_ACTOR_CORE]: game_actor entity delete: 168
[2025.06.20 16:05:29.098 ms]:[INFO]:[PSAG_PHYSICS]: phy_world => body_data, name: ZPGamePhysics
[2025.06.20 16:05:29.098 ms]:[INFO]:[PSAG_PHYSICS]: body_data item: delete key: 1787168132704
[2025.06.20 16:05:29.098 ms]:[INFO]:[PSAG_ACTOR_CORE]: game_actor entity delete: 170
[2025.06.20 16:05:33.100 ms]:[INFO]:[PSAG_OGL_RES]: rbo: delete key: 38
[2025.06.20 16:05:33.100 ms]:[INFO]:[PSAG_OGL_RES]: fbo: delete key: 48
[2025.06.20 16:05:33.101 ms]:[INFO]:[PSAG_OGL_RES]: fbo: delete key: 50
[2025.06.20 16:05:33.101 ms]:[INFO]:[PSAG_OGL_RES]: fbo: delete key: 46
[2025.06.20 16:05:33.101 ms]:[INFO]:[PSAG_OGL_RES]: fbo: delete key: 42
[2025.06.20 16:05:33.101 ms]:[TRACE]:[PSAG_OGL_RES]: tmu delete(space): 5
[2025.06.20 16:05:33.101 ms]:[INFO]:[PSAG_OGL_RES]: texture: delete key: 40
[2025.06.20 16:05:33.101 ms]:[INFO]:[PSAG_OGL_RES]: shader: delete key: 30
[2025.06.20 16:05:33.101 ms]:[INFO]:[PSAG_OGL_RES]: shader: delete key: 32
[2025.06.20 16:05:33.101 ms]:[INFO]:[PSAG_OGL_RES]: shader: delete key: 34
[2025.06.20 16:05:33.101 ms]:[INFO]:[PSAG_OGL_RES]: shader: delete key: 26
[2025.06.20 16:05:33.101 ms]:[INFO]:[PSAG_GL_POST]: graphics_engine free post_shader(system).
[2025.06.20 16:05:33.101 ms]:[INFO]:[PSAG_PHYSICS]: phy_world => body_data, name: ZPGamePhysics
[2025.06.20 16:05:33.101 ms]:[INFO]:[PSAG_PHYSICS]: body_data item: delete key: 1787168131168
[2025.06.20 16:05:33.101 ms]:[INFO]:[PSAG_ENVMT_CORE]: game_envmt item delete: 76
[2025.06.20 16:05:33.101 ms]:[INFO]:[PSAG_PHYSICS]: phy_world => body_data, name: ZPGamePhysics
[2025.06.20 16:05:33.101 ms]:[INFO]:[PSAG_PHYSICS]: body_data item: delete key: 1787168130400
[2025.06.20 16:05:33.101 ms]:[INFO]:[PSAG_ENVMT_CORE]: game_envmt item delete: 68
[2025.06.20 16:05:33.101 ms]:[INFO]:[PSAG_PHYSICS]: phy_world => body_data, name: ZPGamePhysics
[2025.06.20 16:05:33.101 ms]:[INFO]:[PSAG_PHYSICS]: body_data item: delete key: 1787168130592
[2025.06.20 16:05:33.101 ms]:[INFO]:[PSAG_ENVMT_CORE]: game_envmt item delete: 70
[2025.06.20 16:05:33.101 ms]:[INFO]:[PSAG_PHYSICS]: phy_world => body_data, name: ZPGamePhysics
[2025.06.20 16:05:33.101 ms]:[INFO]:[PSAG_PHYSICS]: body_data item: delete key: 1787168130784
[2025.06.20 16:05:33.101 ms]:[INFO]:[PSAG_ENVMT_CORE]: game_envmt item delete: 72
[2025.06.20 16:05:33.101 ms]:[INFO]:[PSAG_PHYSICS]: phy_world => body_data, name: ZPGamePhysics
[2025.06.20 16:05:33.101 ms]:[INFO]:[PSAG_PHYSICS]: body_data item: delete key: 1787168130976
[2025.06.20 16:05:33.101 ms]:[INFO]:[PSAG_ENVMT_CORE]: game_envmt item delete: 74
[2025.06.20 16:05:33.101 ms]:[INFO]:[PSAG_GAMECORE_MAG]: game_envmt manager system delete.
[2025.06.20 16:05:33.101 ms]:[INFO]:[PSAG_GL_DATASET]: layers_manager delete_count(space): 0
[2025.06.20 16:05:33.102 ms]:[INFO]:[PSAG_GL_DATASET]: vir_texture item: delete key: 52
[2025.06.20 16:05:33.102 ms]:[INFO]:[PSAG_OGL_RES]: shader: delete key: 60
[2025.06.20 16:05:33.102 ms]:[INFO]:[PSAG_ACTOR_CORE]: game_actor shader delete.
[2025.06.20 16:05:33.102 ms]:[INFO]:[PSAG_OGL_RES]: shader: delete key: 56
[2025.06.20 16:05:33.102 ms]:[INFO]:[PSAG_ACTOR_CORE]: game_actor shader delete.
[2025.06.20 16:05:33.102 ms]:[INFO]:[PSAG_GL_DATASET]: layers_manager delete_count(space): 1
[2025.06.20 16:05:33.102 ms]:[INFO]:[PSAG_GL_DATASET]: vir_texture item: delete key: 54
[2025.06.20 16:05:33.102 ms]:[INFO]:[PSAG_OGL_RES]: shader: delete key: 64
[2025.06.20 16:05:33.102 ms]:[INFO]:[PSAG_ACTOR_CORE]: game_actor shader delete.
[2025.06.20 16:05:33.102 ms]:[INFO]:[PSAG_GAMECORE_MAG]: actor_shader manager system delete.
[2025.06.20 16:05:33.102 ms]:[INFO]:[PSAG_PHYSICS]: phy_world => body_data, name: ZPGamePhysics
[2025.06.20 16:05:33.102 ms]:[INFO]:[PSAG_PHYSICS]: body_data item: delete key: 1787168131360
[2025.06.20 16:05:33.102 ms]:[INFO]:[PSAG_ACTOR_CORE]: game_actor entity delete: 90
[2025.06.20 16:05:33.102 ms]:[INFO]:[PSAG_GL_DATASET]: layers_manager delete_count(space): 0
[2025.06.20 16:05:33.102 ms]:[INFO]:[PSAG_GL_DATASET]: vir_texture item: delete key: 78
[2025.06.20 16:05:33.102 ms]:[INFO]:[PSAG_OGL_RES]: shader: delete key: 82
[2025.06.20 16:05:33.102 ms]:[INFO]:[PSAG_ACTOR_CORE]: game_actor shader delete.
[2025.06.20 16:05:33.102 ms]:[INFO]:[PSAG_GL_DATASET]: layers_manager delete_count(space): 1
[2025.06.20 16:05:33.102 ms]:[INFO]:[PSAG_GL_DATASET]: vir_texture item: delete key: 80
[2025.06.20 16:05:33.102 ms]:[INFO]:[PSAG_OGL_RES]: shader: delete key: 86
[2025.06.20 16:05:33.102 ms]:[INFO]:[PSAG_ACTOR_CORE]: game_actor shader delete.
[2025.06.20 16:05:33.102 ms]:[INFO]:[PSAG_GAMECORE_MAG]: actor_shader manager system delete.
[2025.06.20 16:05:33.102 ms]:[INFO]:[PSAG_GL_DATASET]: layers_manager delete_count(space): 0
[2025.06.20 16:05:33.102 ms]:[INFO]:[PSAG_GL_DATASET]: vir_texture item: delete key: 104
[2025.06.20 16:05:33.102 ms]:[INFO]:[PSAG_OGL_RES]: shader: delete key: 106
[2025.06.20 16:05:33.102 ms]:[INFO]:[PSAG_ACTOR_CORE]: game_actor shader delete.
[2025.06.20 16:05:33.102 ms]:[INFO]:[PSAG_GAMECORE_MAG]: actor_shader manager system delete.
[2025.06.20 16:05:33.103 ms]:[INFO]:[PSAG_GAMECORE_MAG]: game_actor manager system delete.
[2025.06.20 16:05:33.103 ms]:[INFO]:[PSAG_GL_PVFX]: psag_fx image_view system free.
[2025.06.20 16:05:33.103 ms]:[INFO]:[PSAG_GL_PVFX]: psag_fx image_view system free.
[2025.06.20 16:05:33.103 ms]:[INFO]:[PSAG_GL_PVFX]: psag_fx image_view system free.
[2025.06.20 16:05:33.103 ms]:[INFO]:[PSAG_GL_PVFX]: psag_fx image_view system free.
[2025.06.20 16:05:33.103 ms]:[INFO]:[PSAG_GL_PVFX]: psag_fx image_view system free.
[2025.06.20 16:05:33.103 ms]:[INFO]:[PSAG_GL_PVFX]: psag_fx image_view system free.
[2025.06.20 16:05:33.103 ms]:[INFO]:[PSAG_OGL_RES]: vao: delete key: 4
[2025.06.20 16:05:33.103 ms]:[INFO]:[PSAG_OGL_RES]: vbo: delete key: 6
[2025.06.20 16:05:33.103 ms]:[INFO]:[PSAG_OGL_RES]: vao: delete key: 8
[2025.06.20 16:05:33.103 ms]:[INFO]:[PSAG_OGL_RES]: vbo: delete key: 10
[2025.06.20 16:05:33.103 ms]:[TRACE]:[PSAG_OGL_RES]: tmu delete(space): 1
[2025.06.20 16:05:33.103 ms]:[TRACE]:[PSAG_OGL_RES]: tmu delete(space): 2
[2025.06.20 16:05:33.103 ms]:[TRACE]:[PSAG_OGL_RES]: tmu delete(space): 3
[2025.06.20 16:05:33.103 ms]:[TRACE]:[PSAG_OGL_RES]: tmu delete(space): 4
[2025.06.20 16:05:33.153 ms]:[INFO]:[PSAG_OGL_RES]: texture: delete key: 16
[2025.06.20 16:05:33.180 ms]:[INFO]:[PSAG_OGL_RES]: texture: delete key: 18
[2025.06.20 16:05:33.193 ms]:[INFO]:[PSAG_OGL_RES]: texture: delete key: 20
[2025.06.20 16:05:33.197 ms]:[INFO]:[PSAG_OGL_RES]: texture: delete key: 22
[2025.06.20 16:05:33.406 ms]:[TRACE]:[PSAG_AUDIO]: audio(openal) global free_context & close_device.
[2025.06.20 16:05:33.406 ms]:[INFO]:[PSAG_PHYSICS]: physics_world item: free_bodies: 0, delete key: DEFAULT_PHY_WORLD
[2025.06.20 16:05:33.411 ms]:[INFO]:[PSAG_IMGUI]: imgui_free: imgui_opengl3 context.
[2025.06.20 16:05:33.411 ms]:[TRACE]:[PSAG_AUDIO_DATA]: free resource(raw_audio): 0 bytes
[2025.06.20 16:05:33.411 ms]:[INFO]:[PSAG_AUDIO_DATA]: LLRES static_object() delete.
[2025.06.20 16:05:33.411 ms]:[TRACE]:[PSAG_OGL_RES]: free resource(shader): 2 items
[2025.06.20 16:05:33.411 ms]:[TRACE]:[PSAG_OGL_RES]: free resource(texture): 0 items
[2025.06.20 16:05:33.413 ms]:[TRACE]:[PSAG_OGL_RES]: free resource(vertex_buffer): 0 items
[2025.06.20 16:05:33.413 ms]:[TRACE]:[PSAG_OGL_RES]: free resource(vertex_attribute): 0 items
[2025.06.20 16:05:33.414 ms]:[TRACE]:[PSAG_OGL_RES]: free resource(frame_buffer): 1 items
[2025.06.20 16:05:33.414 ms]:[TRACE]:[PSAG_OGL_RES]: free resource(render_buffer): 0 items
[2025.06.20 16:05:33.414 ms]:[TRACE]:[PSAG_OGL_RES]: free resource(uniform_buffer): 1 items
[2025.06.20 16:05:33.414 ms]:[INFO]:[PSAG_LLRES]: graph static_object(graphics) delete.
[2025.06.20 16:05:33.444 ms]:[INFO]:[PSAG_WINDOW]: fw_window free: glfw context.
[2025.06.20 16:05:33.676 ms]:[TRACE]:[PSAG_M_MAINEVENT]: async_events execution end.
[2025.06.20 16:05:33.676 ms]:[INFO]:[PSAG_M_START]: free framework ret_code: 1
