[2025.07.02 01:22:27.227 ms]:[INFO]:[PSAG_LOGGER]: start thread success.
[2025.07.02 01:22:27.229 ms]:[INFO]:[PSAG_LOGGER]: create log_file: PSAGameSystemLogs/983476013252200.log
[2025.07.02 01:22:27.229 ms]:[INFO]:[PSAG_M_START]: core_start objects(frm) total: only
[2025.07.02 01:22:27.229 ms]:[INFO]:[PSAG_M_START]: core_start objects(net) total: 0
[2025.07.02 01:22:27.229 ms]:[INFO]:[PSAG_M_START]: core_start objects(ext) total: 0
[2025.07.02 01:22:27.229 ms]:[TRACE]:[PSAG_M_MAINEVENT]: async_event add item_id: 946777091440
[2025.07.02 01:22:27.229 ms]:[INFO]:[PSAG_M_MAINEVENT]: async_events executing...
[2025.07.02 01:22:27.236 ms]:[INFO]:[PSAG_FILESYS_LOAD]: load(src) read_file: PSAGameFrameworkCore/framework_config.json read_size: 463
[2025.07.02 01:22:27.242 ms]:[INFO]:[PSAG_FILESYS_LOAD]: load(src) read_file: PSAGameFrameworkCore/framework_config_shaders.json read_size: 1329
[2025.07.02 01:22:27.247 ms]:[INFO]:[PSAG_FILESYS_LOAD]: load(src) read_file: PSAGameFrameworkCore/CoreShaderScript/public/psag_graph_template_actor.vert read_size: 984
[2025.07.02 01:22:27.251 ms]:[INFO]:[PSAG_FILESYS_LOAD]: load(src) read_file: PSAGameFrameworkCore/CoreShaderScript/public/psag_graph_template.vert read_size: 737
[2025.07.02 01:22:27.256 ms]:[INFO]:[PSAG_FILESYS_LOAD]: load(src) read_file: PSAGameFrameworkCore/CoreShaderScript/public/psag_graph_tools.frag read_size: 933
[2025.07.02 01:22:27.261 ms]:[INFO]:[PSAG_FILESYS_LOAD]: load(src) read_file: PSAGameFrameworkCore/CoreShaderScript/public/psag_graph_header.frag read_size: 202
[2025.07.02 01:22:27.266 ms]:[INFO]:[PSAG_FILESYS_LOAD]: load(src) read_file: PSAGameFrameworkCore/CoreShaderScript/private/psag_graph_final_vollight.frag read_size: 1670
[2025.07.02 01:22:27.270 ms]:[INFO]:[PSAG_FILESYS_LOAD]: load(src) read_file: PSAGameFrameworkCore/CoreShaderScript/private/psag_graph_final_multfilter.frag read_size: 356
[2025.07.02 01:22:27.277 ms]:[INFO]:[PSAG_FILESYS_LOAD]: load(src) read_file: PSAGameFrameworkCore/CoreShaderScript/private/psag_graph_final_blurh.frag read_size: 783
[2025.07.02 01:22:27.282 ms]:[INFO]:[PSAG_FILESYS_LOAD]: load(src) read_file: PSAGameFrameworkCore/CoreShaderScript/private/psag_graph_final_blurv.frag read_size: 778
[2025.07.02 01:22:27.288 ms]:[INFO]:[PSAG_FILESYS_LOAD]: load(src) read_file: PSAGameFrameworkCore/CoreShaderScript/private/psag_graph_final.frag read_size: 1243
[2025.07.02 01:22:27.293 ms]:[INFO]:[PSAG_FILESYS_LOAD]: load(src) read_file: PSAGameFrameworkCore/CoreShaderScript/private/psag_graph_background.frag read_size: 1107
[2025.07.02 01:22:27.298 ms]:[INFO]:[PSAG_FILESYS_LOAD]: load(src) read_file: PSAGameFrameworkCore/CoreShaderScript/private/psag_graph_particle.frag read_size: 1255
[2025.07.02 01:22:27.303 ms]:[INFO]:[PSAG_FILESYS_LOAD]: load(src) read_file: PSAGameFrameworkCore/CoreShaderScript/private/psag_graph_fx_sequence.frag read_size: 543
[2025.07.02 01:22:27.303 ms]:[INFO]:[PSAG_GL_GLSL]: graphics_engine config system_glsl.
[2025.07.02 01:22:27.303 ms]:[TRACE]:[PSAG_M_CORE]: core framework init,config...
[2025.07.02 01:22:27.348 ms]:[INFO]:[PSAG_WINDOW]: init opengl_glfw.
[2025.07.02 01:22:27.698 ms]:[WARNING]:[PSAG_WINDOW]: <F:\PSAFrameworkProject\PSAGameFramework\PSAGameFramework\PSAGameFrameworkCore\LLWindowGui\framework_window_system.cpp:__LINE__> failed fw_window load: icon_image.
[2025.07.02 01:22:27.756 ms]:[INFO]:[PSAG_OGL_INIT]: framework_graphics logger function_ptr: bdd89698
[2025.07.02 01:22:27.756 ms]:[INFO]:[PSAG_OGL_INIT]: framework_graphics shader gl_version: 
[2025.07.02 01:22:27.761 ms]:[TRACE]:[PSAG_OGL_INIT]: framework_graphics config init...
[2025.07.02 01:22:27.761 ms]:[INFO]:[PSAG_OGL_INFORMATION]: device gpu supplier: NVIDIA Corporation
[2025.07.02 01:22:27.761 ms]:[INFO]:[PSAG_OGL_INFORMATION]: device gpu model: NVIDIA GeForce RTX 4060 Laptop GPU/PCIe/SSE2
[2025.07.02 01:22:27.761 ms]:[INFO]:[PSAG_OGL_INFORMATION]: device version opengl: 4.6.0 NVIDIA 576.57
[2025.07.02 01:22:27.762 ms]:[INFO]:[PSAG_OGL_INFORMATION]: device version glsl: 4.60 NVIDIA
[2025.07.02 01:22:27.762 ms]:[PERF]:[PSAG_OGL_INFORMATION]: device memory[capacity]: 8188.00 mib
[2025.07.02 01:22:27.762 ms]:[INFO]:[PSAG_OGL_INFORMATION]: device (vao)attribs_max units: 16 entry
[2025.07.02 01:22:27.762 ms]:[INFO]:[PSAG_OGL_INFORMATION]: device (vbo)buffer_max units: 4096 entry
[2025.07.02 01:22:27.762 ms]:[INFO]:[PSAG_OGL_INFORMATION]: device [tmu]texture_max units: 32 entry
[2025.07.02 01:22:27.762 ms]:[INFO]:[PSAG_OGL_INFORMATION]: device (vert)uniform_max items: 4096
[2025.07.02 01:22:27.762 ms]:[INFO]:[PSAG_OGL_INFORMATION]: device (frag)uniform_max items: 4096
[2025.07.02 01:22:27.762 ms]:[INFO]:[PSAG_LLRES]: graph static_object(graphics) create.
[2025.07.02 01:22:27.762 ms]:[INFO]:[PSAG_AUDIO_DATA]: LLRES static_object() create.
[2025.07.02 01:22:27.763 ms]:[INFO]:[PSAG_OGL_RES]: vao: storage key: 4
[2025.07.02 01:22:27.763 ms]:[INFO]:[PSAG_OGL_RES]: vbo: storage key: 6
[2025.07.02 01:22:27.763 ms]:[TRACE]:[PSAG_GL_DATASET]: dynamic vertex data manager_create.
[2025.07.02 01:22:27.763 ms]:[INFO]:[PSAG_OGL_RES]: vao: storage key: 8
[2025.07.02 01:22:27.763 ms]:[INFO]:[PSAG_OGL_RES]: vbo: storage key: 10
[2025.07.02 01:22:27.764 ms]:[INFO]:[PSAG_GL_DATASET]: ver_data(stc) upload gpu_data: 72 bytes
[2025.07.02 01:22:27.764 ms]:[INFO]:[PSAG_GL_DATASET]: ver_data(stc) item: alloc key: 12
[2025.07.02 01:22:27.764 ms]:[INFO]:[PSAG_GL_DATASET]: preset craete: rectangle.
[2025.07.02 01:22:27.765 ms]:[INFO]:[PSAG_GL_DATASET]: ver_data(stc) upload gpu_data: 2868 bytes
[2025.07.02 01:22:27.765 ms]:[INFO]:[PSAG_GL_DATASET]: ver_data(stc) item: alloc key: 14
[2025.07.02 01:22:27.765 ms]:[INFO]:[PSAG_GL_DATASET]: preset craete: circle.
[2025.07.02 01:22:27.765 ms]:[TRACE]:[PSAG_GL_DATASET]: static vertex data manager_create.
[2025.07.02 01:22:27.765 ms]:[TRACE]:[PSAG_OGL_RES]: tmu alloc u: 1
[2025.07.02 01:22:27.765 ms]:[TRACE]:[PSAG_OGL_RES]: tmu alloc u: 2
[2025.07.02 01:22:27.765 ms]:[TRACE]:[PSAG_OGL_RES]: tmu alloc u: 3
[2025.07.02 01:22:27.765 ms]:[TRACE]:[PSAG_OGL_RES]: tmu alloc u: 4
[2025.07.02 01:22:27.766 ms]:[INFO]:[PSAG_OGL_TEXTURE]: texture.2d(array) object create.
[2025.07.02 01:22:27.767 ms]:[INFO]:[PSAG_OGL_TEXTURE]: texture create, succ: size: 4096 x 4096, layers: 5.
[2025.07.02 01:22:27.767 ms]:[INFO]:[PSAG_OGL_TEXTURE]: texture.2d(array) object create.
[2025.07.02 01:22:27.767 ms]:[INFO]:[PSAG_OGL_TEXTURE]: texture create, succ: size: 2048 x 2048, layers: 10.
[2025.07.02 01:22:27.767 ms]:[INFO]:[PSAG_OGL_TEXTURE]: texture.2d(array) object create.
[2025.07.02 01:22:27.767 ms]:[INFO]:[PSAG_OGL_TEXTURE]: texture create, succ: size: 1024 x 1024, layers: 20.
[2025.07.02 01:22:27.767 ms]:[INFO]:[PSAG_OGL_TEXTURE]: texture.2d(array) object create.
[2025.07.02 01:22:27.767 ms]:[INFO]:[PSAG_OGL_TEXTURE]: texture create, succ: size: 512 x 512, layers: 25.
[2025.07.02 01:22:27.767 ms]:[INFO]:[PSAG_OGL_RES]: texture: storage key: 16
[2025.07.02 01:22:27.767 ms]:[INFO]:[PSAG_OGL_RES]: texture: storage key: 18
[2025.07.02 01:22:27.768 ms]:[INFO]:[PSAG_OGL_RES]: texture: storage key: 20
[2025.07.02 01:22:27.768 ms]:[INFO]:[PSAG_OGL_RES]: texture: storage key: 22
[2025.07.02 01:22:27.768 ms]:[TRACE]:[PSAG_GL_DATASET]: vir_create texture[8x] size: 4096 x 4096
[2025.07.02 01:22:27.768 ms]:[TRACE]:[PSAG_GL_DATASET]: vir_create texture[4x] size: 2048 x 2048
[2025.07.02 01:22:27.768 ms]:[TRACE]:[PSAG_GL_DATASET]: vir_create texture[2x] size: 1024 x 1024
[2025.07.02 01:22:27.768 ms]:[TRACE]:[PSAG_GL_DATASET]: vir_create texture[1x] size: 512 x 512
[2025.07.02 01:22:27.768 ms]:[INFO]:[PSAG_OGL_UNIFORM]: uniform_buffer.gen create.
[2025.07.02 01:22:27.768 ms]:[INFO]:[PSAG_OGL_RES]: ubo: storage key: 24
[2025.07.02 01:22:27.768 ms]:[INFO]:[PSAG_GL_MATRIX]: graphics_engine create matrix ubo.
[2025.07.02 01:22:28.910 ms]:[TRACE]:[PSAG_AUDIO]: audio(openal) global create device & context.
[2025.07.02 01:22:28.910 ms]:[INFO]:[PSAG_PHYSICS]: physics_world item: alloc key: DEFAULT_PHY_WORLD
[2025.07.02 01:22:28.911 ms]:[INFO]:[PSAG_OGL_SHADER]: vertex_shader source script num: 1
[2025.07.02 01:22:28.912 ms]:[INFO]:[PSAG_OGL_SHADER]: vertex compilation succeeded.
[2025.07.02 01:22:28.912 ms]:[INFO]:[PSAG_OGL_SHADER]: fragment_shader source script num: 2
[2025.07.02 01:22:28.912 ms]:[INFO]:[PSAG_OGL_SHADER]: fragment compilation succeeded.
[2025.07.02 01:22:28.916 ms]:[INFO]:[PSAG_OGL_SHADER]: shader_program link succeeded.
[2025.07.02 01:22:28.916 ms]:[INFO]:[PSAG_OGL_RES]: shader: storage key: 26
[2025.07.02 01:22:28.916 ms]:[INFO]:[PSAG_OGL_SHADER]: vertex_shader source script num: 1
[2025.07.02 01:22:28.916 ms]:[INFO]:[PSAG_OGL_SHADER]: vertex compilation succeeded.
[2025.07.02 01:22:28.916 ms]:[INFO]:[PSAG_OGL_SHADER]: fragment_shader source script num: 2
[2025.07.02 01:22:28.916 ms]:[INFO]:[PSAG_OGL_SHADER]: fragment compilation succeeded.
[2025.07.02 01:22:28.917 ms]:[INFO]:[PSAG_OGL_SHADER]: shader_program link succeeded.
[2025.07.02 01:22:28.917 ms]:[INFO]:[PSAG_OGL_RES]: shader: storage key: 28
[2025.07.02 01:22:28.917 ms]:[INFO]:[PSAG_OGL_SHADER]: vertex_shader source script num: 1
[2025.07.02 01:22:28.918 ms]:[INFO]:[PSAG_OGL_SHADER]: vertex compilation succeeded.
[2025.07.02 01:22:28.918 ms]:[INFO]:[PSAG_OGL_SHADER]: fragment_shader source script num: 3
[2025.07.02 01:22:28.918 ms]:[INFO]:[PSAG_OGL_SHADER]: fragment compilation succeeded.
[2025.07.02 01:22:28.919 ms]:[INFO]:[PSAG_OGL_SHADER]: shader_program link succeeded.
[2025.07.02 01:22:28.919 ms]:[INFO]:[PSAG_OGL_RES]: shader: storage key: 30
[2025.07.02 01:22:28.919 ms]:[INFO]:[PSAG_OGL_SHADER]: vertex_shader source script num: 1
[2025.07.02 01:22:28.920 ms]:[INFO]:[PSAG_OGL_SHADER]: vertex compilation succeeded.
[2025.07.02 01:22:28.920 ms]:[INFO]:[PSAG_OGL_SHADER]: fragment_shader source script num: 3
[2025.07.02 01:22:28.920 ms]:[INFO]:[PSAG_OGL_SHADER]: fragment compilation succeeded.
[2025.07.02 01:22:28.921 ms]:[INFO]:[PSAG_OGL_SHADER]: shader_program link succeeded.
[2025.07.02 01:22:28.921 ms]:[INFO]:[PSAG_OGL_RES]: shader: storage key: 32
[2025.07.02 01:22:28.921 ms]:[INFO]:[PSAG_OGL_SHADER]: vertex_shader source script num: 1
[2025.07.02 01:22:28.921 ms]:[INFO]:[PSAG_OGL_SHADER]: vertex compilation succeeded.
[2025.07.02 01:22:28.921 ms]:[INFO]:[PSAG_OGL_SHADER]: fragment_shader source script num: 3
[2025.07.02 01:22:28.922 ms]:[INFO]:[PSAG_OGL_SHADER]: fragment compilation succeeded.
[2025.07.02 01:22:28.922 ms]:[INFO]:[PSAG_OGL_SHADER]: shader_program link succeeded.
[2025.07.02 01:22:28.922 ms]:[INFO]:[PSAG_OGL_RES]: shader: storage key: 34
[2025.07.02 01:22:28.922 ms]:[INFO]:[PSAG_GL_DATASET]: ver_data(stc) upload gpu_data: 2940 bytes
[2025.07.02 01:22:28.922 ms]:[INFO]:[PSAG_GL_DATASET]: ver_data(stc) item: alloc key: 36
[2025.07.02 01:22:28.922 ms]:[INFO]:[PSAG_OGL_RENDER]: render_buffer object create.
[2025.07.02 01:22:28.922 ms]:[INFO]:[PSAG_OGL_RENDER]: render_buffer config depth.
[2025.07.02 01:22:28.922 ms]:[INFO]:[PSAG_OGL_RENDER]: alloc render_buffer 1680 x 945, size: 6.056 mib.
[2025.07.02 01:22:28.923 ms]:[INFO]:[PSAG_OGL_RES]: rbo: storage key: 38
[2025.07.02 01:22:28.923 ms]:[TRACE]:[PSAG_OGL_RES]: tmu alloc u: 5
[2025.07.02 01:22:28.923 ms]:[INFO]:[PSAG_OGL_TEXTURE]: texture.2d(array) object create.
[2025.07.02 01:22:28.923 ms]:[INFO]:[PSAG_OGL_TEXTURE]: texture create, succ: size: 1680 x 945, layers: 5.
[2025.07.02 01:22:28.923 ms]:[INFO]:[PSAG_OGL_RES]: texture: storage key: 40
[2025.07.02 01:22:28.923 ms]:[INFO]:[PSAG_OGL_FRAME]: frame_buffer object create.
[2025.07.02 01:22:28.927 ms]:[INFO]:[PSAG_OGL_RES]: fbo: storage key: 42
[2025.07.02 01:22:28.928 ms]:[INFO]:[PSAG_OGL_FRAME]: frame_buffer object create.
[2025.07.02 01:22:28.928 ms]:[INFO]:[PSAG_OGL_RES]: fbo: storage key: 44
[2025.07.02 01:22:28.928 ms]:[INFO]:[PSAG_OGL_FRAME]: frame_buffer object create.
[2025.07.02 01:22:28.928 ms]:[INFO]:[PSAG_OGL_RES]: fbo: storage key: 46
[2025.07.02 01:22:28.928 ms]:[INFO]:[PSAG_OGL_FRAME]: frame_buffer object create.
[2025.07.02 01:22:28.928 ms]:[INFO]:[PSAG_OGL_RES]: fbo: storage key: 48
[2025.07.02 01:22:28.928 ms]:[INFO]:[PSAG_OGL_FRAME]: frame_buffer object create.
[2025.07.02 01:22:28.928 ms]:[INFO]:[PSAG_OGL_RES]: fbo: storage key: 50
[2025.07.02 01:22:28.928 ms]:[INFO]:[PSAG_GL_POST]: graphics_engine create final_shader(system).
[2025.07.02 01:22:28.929 ms]:[INFO]:[PSAG_IMGUI]: imgui_read: fonts file: PSAGameSystemFiles/JetBrainsMonoBold.ttf
[2025.07.02 01:22:28.938 ms]:[INFO]:[PSAG_IMGUI]: imgui_init: imgui_opengl3 context.
[2025.07.02 01:22:28.938 ms]:[TRACE]:[PSAG_M_CORE]: registration ref_object name: ZPGameScene
[2025.07.02 01:22:28.938 ms]:[TRACE]:[PSAG_M_CORE]: registration ref_object name: ZPGamePActor
[2025.07.02 01:22:28.938 ms]:[TRACE]:[PSAG_M_CORE]: registration ref_object name: ZPGameBullet
[2025.07.02 01:22:28.938 ms]:[TRACE]:[PSAG_M_CORE]: registration ref_object name: ZPGameGui
[2025.07.02 01:22:28.938 ms]:[INFO]:[PSAG_PHYSICS]: physics_world item: alloc key: ZPGamePhysics
[2025.07.02 01:22:28.944 ms]:[INFO]:[PSAG_FILESYS_LOAD]: load(src) read_file: PSAGameFrameworkDev/GameZeroProject/GameMaterial/zpgame_wall_h.png read_size: 22012
[2025.07.02 01:22:28.948 ms]:[INFO]:[PSAG_FILESYS_LOAD]: load(src) read_file: PSAGameFrameworkDev/GameZeroProject/GameMaterial/zpgame_wall_v.png read_size: 44017
[2025.07.02 01:22:28.948 ms]:[INFO]:[PSAG_ACTOR_CORE]: game_actor shader create: 1680 x 945
[2025.07.02 01:22:28.948 ms]:[INFO]:[PSAG_ACTOR_CORE]: game_actor shader create: 1680 x 945
[2025.07.02 01:22:28.961 ms]:[INFO]:[PSAG_OGL_IMG]: success decode image: size: 4096 x 208, color_channel: 4
[2025.07.02 01:22:28.962 ms]:[INFO]:[PSAG_GL_DATASET]: layers_manager alloc_count: 0
[2025.07.02 01:22:29.014 ms]:[INFO]:[PSAG_GL_DATASET]: vir_texture: src: 4096 x 208, fmt_fill: 4096 x 4096
[2025.07.02 01:22:29.048 ms]:[INFO]:[PSAG_GL_DATASET]: vir_texture item: alloc key: 52, cropping: 1.00 x 0.05, res: 1x/1
[2025.07.02 01:22:29.054 ms]:[INFO]:[PSAG_ACTOR_CORE]: game_actor shader texture add, name: WallH
[2025.07.02 01:22:29.055 ms]:[INFO]:[PSAG_ACTOR_CORE]: game_actor shader create: 1680 x 945
[2025.07.02 01:22:29.069 ms]:[INFO]:[PSAG_OGL_IMG]: success decode image: size: 208 x 4096, color_channel: 4
[2025.07.02 01:22:29.070 ms]:[INFO]:[PSAG_GL_DATASET]: layers_manager alloc_count: 1
[2025.07.02 01:22:29.121 ms]:[INFO]:[PSAG_GL_DATASET]: vir_texture: src: 208 x 4096, fmt_fill: 4096 x 4096
[2025.07.02 01:22:29.155 ms]:[INFO]:[PSAG_GL_DATASET]: vir_texture item: alloc key: 54, cropping: 0.05 x 1.00, res: 1x/1
[2025.07.02 01:22:29.162 ms]:[INFO]:[PSAG_ACTOR_CORE]: game_actor shader texture add, name: WallV
[2025.07.02 01:22:29.162 ms]:[INFO]:[PSAG_ACTOR_CORE]: game_actor shader load textures: 0
[2025.07.02 01:22:29.162 ms]:[INFO]:[PSAG_OGL_SHADER]: vertex_shader source script num: 1
[2025.07.02 01:22:29.162 ms]:[INFO]:[PSAG_OGL_SHADER]: vertex compilation succeeded.
[2025.07.02 01:22:29.162 ms]:[INFO]:[PSAG_OGL_SHADER]: fragment_shader source script num: 2
[2025.07.02 01:22:29.162 ms]:[INFO]:[PSAG_OGL_SHADER]: fragment compilation succeeded.
[2025.07.02 01:22:29.163 ms]:[INFO]:[PSAG_OGL_SHADER]: shader_program link succeeded.
[2025.07.02 01:22:29.163 ms]:[INFO]:[PSAG_OGL_RES]: shader: storage key: 56
[2025.07.02 01:22:29.163 ms]:[INFO]:[PSAG_ACTOR_CORE]: game_actor shader default_res create.
[2025.07.02 01:22:29.163 ms]:[INFO]:[PSAG_ACTOR_CORE]: game_actor shader load textures: 1
[2025.07.02 01:22:29.163 ms]:[INFO]:[PSAG_OGL_SHADER]: vertex_shader source script num: 1
[2025.07.02 01:22:29.163 ms]:[INFO]:[PSAG_OGL_SHADER]: vertex compilation succeeded.
[2025.07.02 01:22:29.163 ms]:[INFO]:[PSAG_OGL_SHADER]: fragment_shader source script num: 3
[2025.07.02 01:22:29.163 ms]:[INFO]:[PSAG_OGL_SHADER]: fragment compilation succeeded.
[2025.07.02 01:22:29.164 ms]:[INFO]:[PSAG_OGL_SHADER]: shader_program link succeeded.
[2025.07.02 01:22:29.164 ms]:[INFO]:[PSAG_OGL_RES]: shader: storage key: 60
[2025.07.02 01:22:29.164 ms]:[INFO]:[PSAG_ACTOR_CORE]: game_actor shader default_res create.
[2025.07.02 01:22:29.164 ms]:[INFO]:[PSAG_ACTOR_CORE]: game_actor shader load textures: 1
[2025.07.02 01:22:29.164 ms]:[INFO]:[PSAG_OGL_SHADER]: vertex_shader source script num: 1
[2025.07.02 01:22:29.164 ms]:[INFO]:[PSAG_OGL_SHADER]: vertex compilation succeeded.
[2025.07.02 01:22:29.164 ms]:[INFO]:[PSAG_OGL_SHADER]: fragment_shader source script num: 3
[2025.07.02 01:22:29.164 ms]:[INFO]:[PSAG_OGL_SHADER]: fragment compilation succeeded.
[2025.07.02 01:22:29.164 ms]:[INFO]:[PSAG_OGL_SHADER]: shader_program link succeeded.
[2025.07.02 01:22:29.164 ms]:[INFO]:[PSAG_OGL_RES]: shader: storage key: 64
[2025.07.02 01:22:29.164 ms]:[INFO]:[PSAG_ACTOR_CORE]: game_actor shader default_res create.
[2025.07.02 01:22:29.164 ms]:[INFO]:[PSAG_ENVMT_CORE]: game_envmt get textures: 1
[2025.07.02 01:22:29.164 ms]:[INFO]:[PSAG_ENVMT_CORE]: game_envmt render_comp init.
[2025.07.02 01:22:29.164 ms]:[INFO]:[PSAG_PHYSICS]: phy_world => body_data, name: ZPGamePhysics
[2025.07.02 01:22:29.164 ms]:[INFO]:[PSAG_PHYSICS]: body_data(static) item: alloc key: 2824260048304
[2025.07.02 01:22:29.164 ms]:[INFO]:[PSAG_ENVMT_CORE]: game_envmt item create: 68
[2025.07.02 01:22:29.164 ms]:[INFO]:[PSAG_ENVMT_CORE]: game_envmt get textures: 1
[2025.07.02 01:22:29.165 ms]:[INFO]:[PSAG_ENVMT_CORE]: game_envmt render_comp init.
[2025.07.02 01:22:29.165 ms]:[INFO]:[PSAG_PHYSICS]: phy_world => body_data, name: ZPGamePhysics
[2025.07.02 01:22:29.165 ms]:[INFO]:[PSAG_PHYSICS]: body_data(static) item: alloc key: 2824260046288
[2025.07.02 01:22:29.165 ms]:[INFO]:[PSAG_ENVMT_CORE]: game_envmt item create: 70
[2025.07.02 01:22:29.165 ms]:[INFO]:[PSAG_ENVMT_CORE]: game_envmt get textures: 1
[2025.07.02 01:22:29.165 ms]:[INFO]:[PSAG_ENVMT_CORE]: game_envmt render_comp init.
[2025.07.02 01:22:29.165 ms]:[INFO]:[PSAG_PHYSICS]: phy_world => body_data, name: ZPGamePhysics
[2025.07.02 01:22:29.165 ms]:[INFO]:[PSAG_PHYSICS]: body_data(static) item: alloc key: 2824260044720
[2025.07.02 01:22:29.165 ms]:[INFO]:[PSAG_ENVMT_CORE]: game_envmt item create: 72
[2025.07.02 01:22:29.165 ms]:[INFO]:[PSAG_ENVMT_CORE]: game_envmt get textures: 1
[2025.07.02 01:22:29.165 ms]:[INFO]:[PSAG_ENVMT_CORE]: game_envmt render_comp init.
[2025.07.02 01:22:29.165 ms]:[INFO]:[PSAG_PHYSICS]: phy_world => body_data, name: ZPGamePhysics
[2025.07.02 01:22:29.165 ms]:[INFO]:[PSAG_PHYSICS]: body_data(static) item: alloc key: 2824260047184
[2025.07.02 01:22:29.165 ms]:[INFO]:[PSAG_ENVMT_CORE]: game_envmt item create: 74
[2025.07.02 01:22:29.165 ms]:[INFO]:[PSAG_ENVMT_CORE]: game_envmt render_comp init.
[2025.07.02 01:22:29.165 ms]:[INFO]:[PSAG_PHYSICS]: phy_world => body_data, name: ZPGamePhysics
[2025.07.02 01:22:29.165 ms]:[INFO]:[PSAG_PHYSICS]: body_data(static) item: alloc key: 2824260047632
[2025.07.02 01:22:29.165 ms]:[INFO]:[PSAG_ENVMT_CORE]: game_envmt item create: 76
[2025.07.02 01:22:29.165 ms]:[INFO]:[PSAG_ACTOR_CORE]: AType: register key: ActorPAWN
[2025.07.02 01:22:29.165 ms]:[INFO]:[PSAG_ACTOR_CORE]: AType: register key: ActorNPC
[2025.07.02 01:22:29.172 ms]:[INFO]:[PSAG_FILESYS_LOAD]: load(src) read_file: PSAGameFrameworkDev/GameZeroProject/GameMaterial/zpgame_ppactor_nor.png read_size: 405375
[2025.07.02 01:22:29.173 ms]:[INFO]:[PSAG_ACTOR_CORE]: game_actor shader create: 1680 x 945
[2025.07.02 01:22:29.199 ms]:[INFO]:[PSAG_OGL_IMG]: success decode image: size: 1024 x 1024, color_channel: 4
[2025.07.02 01:22:29.201 ms]:[INFO]:[PSAG_GL_DATASET]: layers_manager alloc_count: 0
[2025.07.02 01:22:29.201 ms]:[INFO]:[PSAG_GL_DATASET]: vir_texture: src: 1024 x 1024, fmt_fill: 1024 x 1024
[2025.07.02 01:22:29.204 ms]:[INFO]:[PSAG_GL_DATASET]: vir_texture item: alloc key: 78, cropping: 1.00 x 1.00, res: 4x/1
[2025.07.02 01:22:29.204 ms]:[INFO]:[PSAG_ACTOR_CORE]: game_actor shader texture add, name: PPActor
[2025.07.02 01:22:29.211 ms]:[INFO]:[PSAG_FILESYS_LOAD]: load(src) read_file: PSAGameFrameworkDev/GameZeroProject/GameMaterial/zpgame_npc_a.png read_size: 177392
[2025.07.02 01:22:29.211 ms]:[INFO]:[PSAG_ACTOR_CORE]: game_actor shader create: 1680 x 945
[2025.07.02 01:22:29.238 ms]:[INFO]:[PSAG_OGL_IMG]: success decode image: size: 1024 x 1024, color_channel: 4
[2025.07.02 01:22:29.239 ms]:[INFO]:[PSAG_GL_DATASET]: layers_manager alloc_count: 1
[2025.07.02 01:22:29.240 ms]:[INFO]:[PSAG_GL_DATASET]: vir_texture: src: 1024 x 1024, fmt_fill: 1024 x 1024
[2025.07.02 01:22:29.242 ms]:[INFO]:[PSAG_GL_DATASET]: vir_texture item: alloc key: 80, cropping: 1.00 x 1.00, res: 4x/1
[2025.07.02 01:22:29.242 ms]:[INFO]:[PSAG_ACTOR_CORE]: game_actor shader texture add, name: NPActor
[2025.07.02 01:22:29.243 ms]:[INFO]:[PSAG_ACTOR_CORE]: game_actor shader load textures: 1
[2025.07.02 01:22:29.243 ms]:[INFO]:[PSAG_OGL_SHADER]: vertex_shader source script num: 1
[2025.07.02 01:22:29.243 ms]:[INFO]:[PSAG_OGL_SHADER]: vertex compilation succeeded.
[2025.07.02 01:22:29.243 ms]:[INFO]:[PSAG_OGL_SHADER]: fragment_shader source script num: 3
[2025.07.02 01:22:29.243 ms]:[INFO]:[PSAG_OGL_SHADER]: fragment compilation succeeded.
[2025.07.02 01:22:29.243 ms]:[INFO]:[PSAG_OGL_SHADER]: shader_program link succeeded.
[2025.07.02 01:22:29.243 ms]:[INFO]:[PSAG_OGL_RES]: shader: storage key: 82
[2025.07.02 01:22:29.243 ms]:[INFO]:[PSAG_ACTOR_CORE]: game_actor shader default_res create.
[2025.07.02 01:22:29.243 ms]:[INFO]:[PSAG_ACTOR_CORE]: game_actor shader load textures: 1
[2025.07.02 01:22:29.243 ms]:[INFO]:[PSAG_OGL_SHADER]: vertex_shader source script num: 1
[2025.07.02 01:22:29.243 ms]:[INFO]:[PSAG_OGL_SHADER]: vertex compilation succeeded.
[2025.07.02 01:22:29.244 ms]:[INFO]:[PSAG_OGL_SHADER]: fragment_shader source script num: 3
[2025.07.02 01:22:29.244 ms]:[INFO]:[PSAG_OGL_SHADER]: fragment compilation succeeded.
[2025.07.02 01:22:29.244 ms]:[INFO]:[PSAG_OGL_SHADER]: shader_program link succeeded.
[2025.07.02 01:22:29.244 ms]:[INFO]:[PSAG_OGL_RES]: shader: storage key: 86
[2025.07.02 01:22:29.244 ms]:[INFO]:[PSAG_ACTOR_CORE]: game_actor shader default_res create.
[2025.07.02 01:22:29.244 ms]:[INFO]:[PSAG_ACTOR_CORE]: game_actor get textures: 1
[2025.07.02 01:22:29.244 ms]:[INFO]:[PSAG_ACTOR_CORE]: game_actor render_comp init.
[2025.07.02 01:22:29.244 ms]:[INFO]:[PSAG_PHYSICS]: phy_world => body_data, name: ZPGamePhysics
[2025.07.02 01:22:29.244 ms]:[INFO]:[PSAG_PHYSICS]: body_data(dynamic) item: alloc key: 2824185760112
[2025.07.02 01:22:29.244 ms]:[INFO]:[PSAG_ACTOR_CORE]: game_actor entity create: 90
[2025.07.02 01:22:29.244 ms]:[INFO]:[PSAG_TOOL_NOTFIY]: station register n: PPActor, ptr 82a12aa0
[2025.07.02 01:22:29.244 ms]:[INFO]:[PSAG_ACTOR_CORE]: game_actor get textures: 1
[2025.07.02 01:22:29.244 ms]:[INFO]:[PSAG_ACTOR_CORE]: game_actor render_comp init.
[2025.07.02 01:22:29.244 ms]:[INFO]:[PSAG_PHYSICS]: phy_world => body_data, name: ZPGamePhysics
[2025.07.02 01:22:29.244 ms]:[INFO]:[PSAG_PHYSICS]: body_data(dynamic) item: alloc key: 2824185760448
[2025.07.02 01:22:29.244 ms]:[INFO]:[PSAG_ACTOR_CORE]: game_actor entity create: 92
[2025.07.02 01:22:29.244 ms]:[INFO]:[PSAG_ACTOR_CORE]: game_actor get textures: 1
[2025.07.02 01:22:29.244 ms]:[INFO]:[PSAG_ACTOR_CORE]: game_actor render_comp init.
[2025.07.02 01:22:29.244 ms]:[INFO]:[PSAG_PHYSICS]: phy_world => body_data, name: ZPGamePhysics
[2025.07.02 01:22:29.244 ms]:[INFO]:[PSAG_PHYSICS]: body_data(dynamic) item: alloc key: 2824185759440
[2025.07.02 01:22:29.244 ms]:[INFO]:[PSAG_ACTOR_CORE]: game_actor entity create: 94
[2025.07.02 01:22:29.244 ms]:[INFO]:[PSAG_ACTOR_CORE]: game_actor get textures: 1
[2025.07.02 01:22:29.244 ms]:[INFO]:[PSAG_ACTOR_CORE]: game_actor render_comp init.
[2025.07.02 01:22:29.244 ms]:[INFO]:[PSAG_PHYSICS]: phy_world => body_data, name: ZPGamePhysics
[2025.07.02 01:22:29.245 ms]:[INFO]:[PSAG_PHYSICS]: body_data(dynamic) item: alloc key: 2824185759104
[2025.07.02 01:22:29.245 ms]:[INFO]:[PSAG_ACTOR_CORE]: game_actor entity create: 96
[2025.07.02 01:22:29.245 ms]:[INFO]:[PSAG_ACTOR_CORE]: game_actor get textures: 1
[2025.07.02 01:22:29.245 ms]:[INFO]:[PSAG_ACTOR_CORE]: game_actor render_comp init.
[2025.07.02 01:22:29.245 ms]:[INFO]:[PSAG_PHYSICS]: phy_world => body_data, name: ZPGamePhysics
[2025.07.02 01:22:29.245 ms]:[INFO]:[PSAG_PHYSICS]: body_data(dynamic) item: alloc key: 2824261682064
[2025.07.02 01:22:29.245 ms]:[INFO]:[PSAG_ACTOR_CORE]: game_actor entity create: 98
[2025.07.02 01:22:29.245 ms]:[INFO]:[PSAG_ACTOR_CORE]: game_actor get textures: 1
[2025.07.02 01:22:29.245 ms]:[INFO]:[PSAG_ACTOR_CORE]: game_actor render_comp init.
[2025.07.02 01:22:29.245 ms]:[INFO]:[PSAG_PHYSICS]: phy_world => body_data, name: ZPGamePhysics
[2025.07.02 01:22:29.245 ms]:[INFO]:[PSAG_PHYSICS]: body_data(dynamic) item: alloc key: 2824261682400
[2025.07.02 01:22:29.245 ms]:[INFO]:[PSAG_ACTOR_CORE]: game_actor entity create: 100
[2025.07.02 01:22:29.245 ms]:[INFO]:[PSAG_ACTOR_CORE]: game_actor get textures: 1
[2025.07.02 01:22:29.245 ms]:[INFO]:[PSAG_ACTOR_CORE]: game_actor render_comp init.
[2025.07.02 01:22:29.245 ms]:[INFO]:[PSAG_PHYSICS]: phy_world => body_data, name: ZPGamePhysics
[2025.07.02 01:22:29.245 ms]:[INFO]:[PSAG_PHYSICS]: body_data(dynamic) item: alloc key: 2824261683744
[2025.07.02 01:22:29.245 ms]:[INFO]:[PSAG_ACTOR_CORE]: game_actor entity create: 102
[2025.07.02 01:22:29.245 ms]:[INFO]:[PSAG_ACTOR_CORE]: AType: register key: ActorBULLET
[2025.07.02 01:22:29.251 ms]:[INFO]:[PSAG_FILESYS_LOAD]: load(src) read_file: PSAGameFrameworkDev/GameZeroProject/GameMaterial/zpgame_bullet.png read_size: 54094
[2025.07.02 01:22:29.251 ms]:[INFO]:[PSAG_ACTOR_CORE]: game_actor shader create: 1680 x 945
[2025.07.02 01:22:29.284 ms]:[INFO]:[PSAG_OGL_IMG]: success decode image: size: 1024 x 2048, color_channel: 4
[2025.07.02 01:22:29.287 ms]:[INFO]:[PSAG_GL_DATASET]: layers_manager alloc_count: 0
[2025.07.02 01:22:29.373 ms]:[INFO]:[PSAG_GL_DATASET]: vir_texture: src: 1024 x 2048, fmt_fill: 2048 x 2048
[2025.07.02 01:22:29.381 ms]:[INFO]:[PSAG_GL_DATASET]: vir_texture item: alloc key: 104, cropping: 0.50 x 1.00, res: 2x/1
[2025.07.02 01:22:29.383 ms]:[INFO]:[PSAG_ACTOR_CORE]: game_actor shader texture add, name: Bullet
[2025.07.02 01:22:29.384 ms]:[INFO]:[PSAG_ACTOR_CORE]: game_actor shader load textures: 1
[2025.07.02 01:22:29.384 ms]:[INFO]:[PSAG_OGL_SHADER]: vertex_shader source script num: 1
[2025.07.02 01:22:29.384 ms]:[INFO]:[PSAG_OGL_SHADER]: vertex compilation succeeded.
[2025.07.02 01:22:29.384 ms]:[INFO]:[PSAG_OGL_SHADER]: fragment_shader source script num: 3
[2025.07.02 01:22:29.384 ms]:[INFO]:[PSAG_OGL_SHADER]: fragment compilation succeeded.
[2025.07.02 01:22:29.384 ms]:[INFO]:[PSAG_OGL_SHADER]: shader_program link succeeded.
[2025.07.02 01:22:29.384 ms]:[INFO]:[PSAG_OGL_RES]: shader: storage key: 106
[2025.07.02 01:22:29.385 ms]:[INFO]:[PSAG_ACTOR_CORE]: game_actor shader default_res create.
[2025.07.02 01:22:29.391 ms]:[INFO]:[PSAG_FILESYS_LOAD]: load(src) read_file: PSAGameFrameworkDev/GameZeroProject/GameMaterial/zpgame_particle_a.png read_size: 21686
[2025.07.02 01:22:29.400 ms]:[INFO]:[PSAG_OGL_IMG]: success decode image: size: 512 x 512, color_channel: 4
[2025.07.02 01:22:29.400 ms]:[INFO]:[PSAG_GL_PARTICLE]: particle system proc thread init.
[2025.07.02 01:22:29.400 ms]:[INFO]:[PSAG_OGL_SHADER]: vertex_shader source script num: 1
[2025.07.02 01:22:29.400 ms]:[INFO]:[PSAG_OGL_SHADER]: vertex compilation succeeded.
[2025.07.02 01:22:29.400 ms]:[INFO]:[PSAG_OGL_SHADER]: fragment_shader source script num: 3
[2025.07.02 01:22:29.400 ms]:[INFO]:[PSAG_OGL_SHADER]: fragment compilation succeeded.
[2025.07.02 01:22:29.401 ms]:[INFO]:[PSAG_OGL_SHADER]: shader_program link succeeded.
[2025.07.02 01:22:29.401 ms]:[INFO]:[PSAG_OGL_RES]: shader: storage key: 110
[2025.07.02 01:22:29.401 ms]:[INFO]:[PSAG_GL_DATASET]: ver_data(dy) item: alloc key: 112
[2025.07.02 01:22:29.401 ms]:[INFO]:[PSAG_GL_DATASET]: layers_manager alloc_count: 0
[2025.07.02 01:22:29.401 ms]:[INFO]:[PSAG_GL_DATASET]: vir_texture: src: 512 x 512, fmt_fill: 512 x 512
[2025.07.02 01:22:29.402 ms]:[INFO]:[PSAG_GL_DATASET]: vir_texture item: alloc key: 114, cropping: 1.00 x 1.00, res: 8x/1
[2025.07.02 01:22:29.402 ms]:[INFO]:[PSAG_GL_PARTICLE]: particle system init.
[2025.07.02 01:22:29.402 ms]:[INFO]:[PSAG_GL_PARTICLE]: particle system render_size: 1680 x 945
[2025.07.02 01:22:29.402 ms]:[INFO]:[PSAG_MANAGER_FX]: manager fx_particle init.
[2025.07.02 01:22:29.402 ms]:[INFO]:[PSAG_TOOL_NOTFIY]: station register n: PPActorBullet, ptr 82a12aa0
[2025.07.02 01:22:29.407 ms]:[INFO]:[PSAG_FILESYS_LOAD]: load(src) read_file: PSAGameFrameworkDev/GameZeroProject/GameMaterial/zpgame_gui/zpgame_gui_b0.png read_size: 10743
[2025.07.02 01:22:29.413 ms]:[INFO]:[PSAG_OGL_IMG]: success decode image: size: 1024 x 278, color_channel: 4
[2025.07.02 01:22:29.414 ms]:[INFO]:[PSAG_OGL_TEXTURE]: texture.2d(view) object create.
[2025.07.02 01:22:29.415 ms]:[INFO]:[PSAG_OGL_TEXTURE]: texture_view create, succ: size: 1024 x 278
[2025.07.02 01:22:29.415 ms]:[INFO]:[PSAG_GL_PVFX]: psag_fx image_view system, create: 1024 x 278
[2025.07.02 01:22:29.420 ms]:[INFO]:[PSAG_FILESYS_LOAD]: load(src) read_file: PSAGameFrameworkDev/GameZeroProject/GameMaterial/zpgame_gui/zpgame_gui_b1.png read_size: 22199
[2025.07.02 01:22:29.428 ms]:[INFO]:[PSAG_OGL_IMG]: success decode image: size: 1024 x 278, color_channel: 4
[2025.07.02 01:22:29.431 ms]:[INFO]:[PSAG_OGL_TEXTURE]: texture.2d(view) object create.
[2025.07.02 01:22:29.434 ms]:[INFO]:[PSAG_OGL_TEXTURE]: texture_view create, succ: size: 1024 x 278
[2025.07.02 01:22:29.434 ms]:[INFO]:[PSAG_GL_PVFX]: psag_fx image_view system, create: 1024 x 278
[2025.07.02 01:22:29.439 ms]:[INFO]:[PSAG_FILESYS_LOAD]: load(src) read_file: PSAGameFrameworkDev/GameZeroProject/GameMaterial/zpgame_gui/zpgame_gui_b2.png read_size: 22716
[2025.07.02 01:22:29.446 ms]:[INFO]:[PSAG_OGL_IMG]: success decode image: size: 1024 x 278, color_channel: 4
[2025.07.02 01:22:29.448 ms]:[INFO]:[PSAG_OGL_TEXTURE]: texture.2d(view) object create.
[2025.07.02 01:22:29.449 ms]:[INFO]:[PSAG_OGL_TEXTURE]: texture_view create, succ: size: 1024 x 278
[2025.07.02 01:22:29.449 ms]:[INFO]:[PSAG_GL_PVFX]: psag_fx image_view system, create: 1024 x 278
[2025.07.02 01:22:29.453 ms]:[INFO]:[PSAG_FILESYS_LOAD]: load(src) read_file: PSAGameFrameworkDev/GameZeroProject/GameMaterial/zpgame_gui/zpgame_gui_b3.png read_size: 23026
[2025.07.02 01:22:29.461 ms]:[INFO]:[PSAG_OGL_IMG]: success decode image: size: 1024 x 278, color_channel: 4
[2025.07.02 01:22:29.463 ms]:[INFO]:[PSAG_OGL_TEXTURE]: texture.2d(view) object create.
[2025.07.02 01:22:29.464 ms]:[INFO]:[PSAG_OGL_TEXTURE]: texture_view create, succ: size: 1024 x 278
[2025.07.02 01:22:29.464 ms]:[INFO]:[PSAG_GL_PVFX]: psag_fx image_view system, create: 1024 x 278
[2025.07.02 01:22:29.469 ms]:[INFO]:[PSAG_FILESYS_LOAD]: load(src) read_file: PSAGameFrameworkDev/GameZeroProject/GameMaterial/zpgame_gui/zpgame_gui_b4.png read_size: 23655
[2025.07.02 01:22:29.476 ms]:[INFO]:[PSAG_OGL_IMG]: success decode image: size: 1024 x 278, color_channel: 4
[2025.07.02 01:22:29.478 ms]:[INFO]:[PSAG_OGL_TEXTURE]: texture.2d(view) object create.
[2025.07.02 01:22:29.479 ms]:[INFO]:[PSAG_OGL_TEXTURE]: texture_view create, succ: size: 1024 x 278
[2025.07.02 01:22:29.479 ms]:[INFO]:[PSAG_GL_PVFX]: psag_fx image_view system, create: 1024 x 278
[2025.07.02 01:22:29.484 ms]:[INFO]:[PSAG_FILESYS_LOAD]: load(src) read_file: PSAGameFrameworkDev/GameZeroProject/GameMaterial/zpgame_gui/zpgame_gui_b5.png read_size: 23922
[2025.07.02 01:22:29.491 ms]:[INFO]:[PSAG_OGL_IMG]: success decode image: size: 1024 x 278, color_channel: 4
[2025.07.02 01:22:29.493 ms]:[INFO]:[PSAG_OGL_TEXTURE]: texture.2d(view) object create.
[2025.07.02 01:22:29.493 ms]:[INFO]:[PSAG_OGL_TEXTURE]: texture_view create, succ: size: 1024 x 278
[2025.07.02 01:22:29.493 ms]:[INFO]:[PSAG_GL_PVFX]: psag_fx image_view system, create: 1024 x 278
[2025.07.02 01:22:29.493 ms]:[INFO]:[PSAG_M_START_ANIM]: create start_anim player.
[2025.07.02 01:22:29.493 ms]:[TRACE]:[PSAG_M_CORE]: pomelo_star game2d version: 12.20250127
[2025.07.02 01:22:29.538 ms]:[INFO]:[PSAG_M_START_ANIM]: start_anim playback complete, time(s): 0.000
[2025.07.02 01:22:29.538 ms]:[INFO]:[PSAG_M_START_ANIM]: free textures resource.
[2025.07.02 01:22:52.094 ms]:[INFO]:[PSAG_TOOL_NOTFIY]: station receive pair: PPActor/PPActorBullet, data_size: 12 bytes
[2025.07.02 01:22:52.094 ms]:[INFO]:[PSAG_ACTOR_CORE]: game_actor get textures: 1
[2025.07.02 01:22:52.094 ms]:[INFO]:[PSAG_ACTOR_CORE]: game_actor render_comp init.
[2025.07.02 01:22:52.095 ms]:[INFO]:[PSAG_PHYSICS]: phy_world => body_data, name: ZPGamePhysics
[2025.07.02 01:22:52.095 ms]:[INFO]:[PSAG_PHYSICS]: body_data(dynamic) item: alloc key: 2824261679376
[2025.07.02 01:22:52.095 ms]:[INFO]:[PSAG_ACTOR_CORE]: game_actor entity create: 116
[2025.07.02 01:22:53.892 ms]:[INFO]:[PSAG_PHYSICS]: phy_world => body_data, name: ZPGamePhysics
[2025.07.02 01:22:53.892 ms]:[INFO]:[PSAG_PHYSICS]: body_data item: delete key: 2824261730752
[2025.07.02 01:22:53.892 ms]:[INFO]:[PSAG_ACTOR_CORE]: game_actor entity delete: 116
[2025.07.02 01:22:55.551 ms]:[INFO]:[PSAG_TOOL_NOTFIY]: station receive pair: PPActor/PPActorBullet, data_size: 12 bytes
[2025.07.02 01:22:55.552 ms]:[INFO]:[PSAG_ACTOR_CORE]: game_actor get textures: 1
[2025.07.02 01:22:55.552 ms]:[INFO]:[PSAG_ACTOR_CORE]: game_actor render_comp init.
[2025.07.02 01:22:55.552 ms]:[INFO]:[PSAG_PHYSICS]: phy_world => body_data, name: ZPGamePhysics
[2025.07.02 01:22:55.552 ms]:[INFO]:[PSAG_PHYSICS]: body_data(dynamic) item: alloc key: 2824261683072
[2025.07.02 01:22:55.552 ms]:[INFO]:[PSAG_ACTOR_CORE]: game_actor entity create: 118
[2025.07.02 01:22:57.859 ms]:[INFO]:[PSAG_PHYSICS]: phy_world => body_data, name: ZPGamePhysics
[2025.07.02 01:22:57.859 ms]:[INFO]:[PSAG_PHYSICS]: body_data item: delete key: 2824261730752
[2025.07.02 01:22:57.859 ms]:[INFO]:[PSAG_ACTOR_CORE]: game_actor entity delete: 118
[2025.07.02 01:22:58.949 ms]:[INFO]:[PSAG_TOOL_NOTFIY]: station receive pair: PPActor/PPActorBullet, data_size: 12 bytes
[2025.07.02 01:22:58.949 ms]:[INFO]:[PSAG_ACTOR_CORE]: game_actor get textures: 1
[2025.07.02 01:22:58.949 ms]:[INFO]:[PSAG_ACTOR_CORE]: game_actor render_comp init.
[2025.07.02 01:22:58.949 ms]:[INFO]:[PSAG_PHYSICS]: phy_world => body_data, name: ZPGamePhysics
[2025.07.02 01:22:58.949 ms]:[INFO]:[PSAG_PHYSICS]: body_data(dynamic) item: alloc key: 2824261681056
[2025.07.02 01:22:58.949 ms]:[INFO]:[PSAG_ACTOR_CORE]: game_actor entity create: 120
[2025.07.02 01:22:58.962 ms]:[INFO]:[PSAG_PHYSICS]: phy_world => body_data, name: ZPGamePhysics
[2025.07.02 01:22:58.962 ms]:[INFO]:[PSAG_PHYSICS]: body_data item: delete key: 2824261730752
[2025.07.02 01:22:58.962 ms]:[INFO]:[PSAG_ACTOR_CORE]: game_actor entity delete: 120
[2025.07.02 01:22:59.224 ms]:[INFO]:[PSAG_TOOL_NOTFIY]: station receive pair: PPActor/PPActorBullet, data_size: 12 bytes
[2025.07.02 01:22:59.224 ms]:[INFO]:[PSAG_ACTOR_CORE]: game_actor get textures: 1
[2025.07.02 01:22:59.224 ms]:[INFO]:[PSAG_ACTOR_CORE]: game_actor render_comp init.
[2025.07.02 01:22:59.224 ms]:[INFO]:[PSAG_PHYSICS]: phy_world => body_data, name: ZPGamePhysics
[2025.07.02 01:22:59.224 ms]:[INFO]:[PSAG_PHYSICS]: body_data(dynamic) item: alloc key: 2824261683408
[2025.07.02 01:22:59.224 ms]:[INFO]:[PSAG_ACTOR_CORE]: game_actor entity create: 122
[2025.07.02 01:22:59.276 ms]:[INFO]:[PSAG_TOOL_NOTFIY]: station receive pair: PPActor/PPActorBullet, data_size: 12 bytes
[2025.07.02 01:22:59.276 ms]:[INFO]:[PSAG_ACTOR_CORE]: game_actor get textures: 1
[2025.07.02 01:22:59.276 ms]:[INFO]:[PSAG_ACTOR_CORE]: game_actor render_comp init.
[2025.07.02 01:22:59.276 ms]:[INFO]:[PSAG_PHYSICS]: phy_world => body_data, name: ZPGamePhysics
[2025.07.02 01:22:59.276 ms]:[INFO]:[PSAG_PHYSICS]: body_data(dynamic) item: alloc key: 2824261680048
[2025.07.02 01:22:59.276 ms]:[INFO]:[PSAG_ACTOR_CORE]: game_actor entity create: 124
[2025.07.02 01:22:59.325 ms]:[INFO]:[PSAG_TOOL_NOTFIY]: station receive pair: PPActor/PPActorBullet, data_size: 12 bytes
[2025.07.02 01:22:59.325 ms]:[INFO]:[PSAG_ACTOR_CORE]: game_actor get textures: 1
[2025.07.02 01:22:59.325 ms]:[INFO]:[PSAG_ACTOR_CORE]: game_actor render_comp init.
[2025.07.02 01:22:59.325 ms]:[INFO]:[PSAG_PHYSICS]: phy_world => body_data, name: ZPGamePhysics
[2025.07.02 01:22:59.325 ms]:[INFO]:[PSAG_PHYSICS]: body_data(dynamic) item: alloc key: 2824261686768
[2025.07.02 01:22:59.325 ms]:[INFO]:[PSAG_ACTOR_CORE]: game_actor entity create: 126
[2025.07.02 01:22:59.374 ms]:[INFO]:[PSAG_TOOL_NOTFIY]: station receive pair: PPActor/PPActorBullet, data_size: 12 bytes
[2025.07.02 01:22:59.375 ms]:[INFO]:[PSAG_ACTOR_CORE]: game_actor get textures: 1
[2025.07.02 01:22:59.375 ms]:[INFO]:[PSAG_ACTOR_CORE]: game_actor render_comp init.
[2025.07.02 01:22:59.375 ms]:[INFO]:[PSAG_PHYSICS]: phy_world => body_data, name: ZPGamePhysics
[2025.07.02 01:22:59.375 ms]:[INFO]:[PSAG_PHYSICS]: body_data(dynamic) item: alloc key: 2824261682736
[2025.07.02 01:22:59.375 ms]:[INFO]:[PSAG_ACTOR_CORE]: game_actor entity create: 128
[2025.07.02 01:22:59.424 ms]:[INFO]:[PSAG_TOOL_NOTFIY]: station receive pair: PPActor/PPActorBullet, data_size: 12 bytes
[2025.07.02 01:22:59.424 ms]:[INFO]:[PSAG_ACTOR_CORE]: game_actor get textures: 1
[2025.07.02 01:22:59.424 ms]:[INFO]:[PSAG_ACTOR_CORE]: game_actor render_comp init.
[2025.07.02 01:22:59.424 ms]:[INFO]:[PSAG_PHYSICS]: phy_world => body_data, name: ZPGamePhysics
[2025.07.02 01:22:59.424 ms]:[INFO]:[PSAG_PHYSICS]: body_data(dynamic) item: alloc key: 2824261686432
[2025.07.02 01:22:59.425 ms]:[INFO]:[PSAG_ACTOR_CORE]: game_actor entity create: 130
[2025.07.02 01:23:03.646 ms]:[INFO]:[PSAG_PHYSICS]: phy_world => body_data, name: ZPGamePhysics
[2025.07.02 01:23:03.646 ms]:[INFO]:[PSAG_PHYSICS]: body_data item: delete key: 2824261730752
[2025.07.02 01:23:03.646 ms]:[INFO]:[PSAG_ACTOR_CORE]: game_actor entity delete: 122
[2025.07.02 01:23:03.695 ms]:[INFO]:[PSAG_PHYSICS]: phy_world => body_data, name: ZPGamePhysics
[2025.07.02 01:23:03.695 ms]:[INFO]:[PSAG_PHYSICS]: body_data item: delete key: 2824261731136
[2025.07.02 01:23:03.695 ms]:[INFO]:[PSAG_ACTOR_CORE]: game_actor entity delete: 126
[2025.07.02 01:23:03.706 ms]:[INFO]:[PSAG_PHYSICS]: phy_world => body_data, name: ZPGamePhysics
[2025.07.02 01:23:03.706 ms]:[INFO]:[PSAG_PHYSICS]: body_data item: delete key: 2824261730944
[2025.07.02 01:23:03.706 ms]:[INFO]:[PSAG_ACTOR_CORE]: game_actor entity delete: 124
[2025.07.02 01:23:03.743 ms]:[INFO]:[PSAG_PHYSICS]: phy_world => body_data, name: ZPGamePhysics
[2025.07.02 01:23:03.743 ms]:[INFO]:[PSAG_PHYSICS]: body_data item: delete key: 2824261731328
[2025.07.02 01:23:03.743 ms]:[INFO]:[PSAG_ACTOR_CORE]: game_actor entity delete: 128
[2025.07.02 01:23:03.782 ms]:[INFO]:[PSAG_PHYSICS]: phy_world => body_data, name: ZPGamePhysics
[2025.07.02 01:23:03.782 ms]:[INFO]:[PSAG_PHYSICS]: body_data item: delete key: 2824261731520
[2025.07.02 01:23:03.782 ms]:[INFO]:[PSAG_ACTOR_CORE]: game_actor entity delete: 130
[2025.07.02 01:23:05.790 ms]:[INFO]:[PSAG_TOOL_NOTFIY]: station receive pair: PPActor/PPActorBullet, data_size: 12 bytes
[2025.07.02 01:23:05.791 ms]:[INFO]:[PSAG_ACTOR_CORE]: game_actor get textures: 1
[2025.07.02 01:23:05.791 ms]:[INFO]:[PSAG_ACTOR_CORE]: game_actor render_comp init.
[2025.07.02 01:23:05.791 ms]:[INFO]:[PSAG_PHYSICS]: phy_world => body_data, name: ZPGamePhysics
[2025.07.02 01:23:05.791 ms]:[INFO]:[PSAG_PHYSICS]: body_data(dynamic) item: alloc key: 2824261684416
[2025.07.02 01:23:05.791 ms]:[INFO]:[PSAG_ACTOR_CORE]: game_actor entity create: 132
[2025.07.02 01:23:06.065 ms]:[INFO]:[PSAG_TOOL_NOTFIY]: station receive pair: PPActor/PPActorBullet, data_size: 12 bytes
[2025.07.02 01:23:06.066 ms]:[INFO]:[PSAG_ACTOR_CORE]: game_actor get textures: 1
[2025.07.02 01:23:06.066 ms]:[INFO]:[PSAG_ACTOR_CORE]: game_actor render_comp init.
[2025.07.02 01:23:06.066 ms]:[INFO]:[PSAG_PHYSICS]: phy_world => body_data, name: ZPGamePhysics
[2025.07.02 01:23:06.066 ms]:[INFO]:[PSAG_PHYSICS]: body_data(dynamic) item: alloc key: 2824261684080
[2025.07.02 01:23:06.066 ms]:[INFO]:[PSAG_ACTOR_CORE]: game_actor entity create: 134
[2025.07.02 01:23:06.118 ms]:[INFO]:[PSAG_TOOL_NOTFIY]: station receive pair: PPActor/PPActorBullet, data_size: 12 bytes
[2025.07.02 01:23:06.119 ms]:[INFO]:[PSAG_ACTOR_CORE]: game_actor get textures: 1
[2025.07.02 01:23:06.119 ms]:[INFO]:[PSAG_ACTOR_CORE]: game_actor render_comp init.
[2025.07.02 01:23:06.119 ms]:[INFO]:[PSAG_PHYSICS]: phy_world => body_data, name: ZPGamePhysics
[2025.07.02 01:23:06.120 ms]:[INFO]:[PSAG_PHYSICS]: body_data(dynamic) item: alloc key: 2824261685424
[2025.07.02 01:23:06.120 ms]:[INFO]:[PSAG_ACTOR_CORE]: game_actor entity create: 136
[2025.07.02 01:23:06.168 ms]:[INFO]:[PSAG_TOOL_NOTFIY]: station receive pair: PPActor/PPActorBullet, data_size: 12 bytes
[2025.07.02 01:23:06.169 ms]:[INFO]:[PSAG_ACTOR_CORE]: game_actor get textures: 1
[2025.07.02 01:23:06.169 ms]:[INFO]:[PSAG_ACTOR_CORE]: game_actor render_comp init.
[2025.07.02 01:23:06.169 ms]:[INFO]:[PSAG_PHYSICS]: phy_world => body_data, name: ZPGamePhysics
[2025.07.02 01:23:06.169 ms]:[INFO]:[PSAG_PHYSICS]: body_data(dynamic) item: alloc key: 2824261685088
[2025.07.02 01:23:06.169 ms]:[INFO]:[PSAG_ACTOR_CORE]: game_actor entity create: 138
[2025.07.02 01:23:06.218 ms]:[INFO]:[PSAG_TOOL_NOTFIY]: station receive pair: PPActor/PPActorBullet, data_size: 12 bytes
[2025.07.02 01:23:06.218 ms]:[INFO]:[PSAG_ACTOR_CORE]: game_actor get textures: 1
[2025.07.02 01:23:06.218 ms]:[INFO]:[PSAG_ACTOR_CORE]: game_actor render_comp init.
[2025.07.02 01:23:06.218 ms]:[INFO]:[PSAG_PHYSICS]: phy_world => body_data, name: ZPGamePhysics
[2025.07.02 01:23:06.218 ms]:[INFO]:[PSAG_PHYSICS]: body_data(dynamic) item: alloc key: 2824261684752
[2025.07.02 01:23:06.218 ms]:[INFO]:[PSAG_ACTOR_CORE]: game_actor entity create: 140
[2025.07.02 01:23:10.392 ms]:[INFO]:[PSAG_PHYSICS]: phy_world => body_data, name: ZPGamePhysics
[2025.07.02 01:23:10.392 ms]:[INFO]:[PSAG_PHYSICS]: body_data item: delete key: 2824261731520
[2025.07.02 01:23:10.393 ms]:[INFO]:[PSAG_ACTOR_CORE]: game_actor entity delete: 132
[2025.07.02 01:23:11.127 ms]:[INFO]:[PSAG_PHYSICS]: phy_world => body_data, name: ZPGamePhysics
[2025.07.02 01:23:11.127 ms]:[INFO]:[PSAG_PHYSICS]: body_data item: delete key: 2824261731328
[2025.07.02 01:23:11.127 ms]:[INFO]:[PSAG_ACTOR_CORE]: game_actor entity delete: 134
[2025.07.02 01:23:11.258 ms]:[INFO]:[PSAG_PHYSICS]: phy_world => body_data, name: ZPGamePhysics
[2025.07.02 01:23:11.258 ms]:[INFO]:[PSAG_PHYSICS]: body_data item: delete key: 2824261730944
[2025.07.02 01:23:11.258 ms]:[INFO]:[PSAG_ACTOR_CORE]: game_actor entity delete: 136
[2025.07.02 01:23:11.441 ms]:[INFO]:[PSAG_PHYSICS]: phy_world => body_data, name: ZPGamePhysics
[2025.07.02 01:23:11.441 ms]:[INFO]:[PSAG_PHYSICS]: body_data item: delete key: 2824261731136
[2025.07.02 01:23:11.441 ms]:[INFO]:[PSAG_ACTOR_CORE]: game_actor entity delete: 138
[2025.07.02 01:23:11.535 ms]:[INFO]:[PSAG_PHYSICS]: phy_world => body_data, name: ZPGamePhysics
[2025.07.02 01:23:11.535 ms]:[INFO]:[PSAG_PHYSICS]: body_data item: delete key: 2824261730752
[2025.07.02 01:23:11.535 ms]:[INFO]:[PSAG_ACTOR_CORE]: game_actor entity delete: 140
[2025.07.02 01:23:12.085 ms]:[INFO]:[PSAG_TOOL_NOTFIY]: station receive pair: PPActor/PPActorBullet, data_size: 12 bytes
[2025.07.02 01:23:12.085 ms]:[INFO]:[PSAG_ACTOR_CORE]: game_actor get textures: 1
[2025.07.02 01:23:12.085 ms]:[INFO]:[PSAG_ACTOR_CORE]: game_actor render_comp init.
[2025.07.02 01:23:12.085 ms]:[INFO]:[PSAG_PHYSICS]: phy_world => body_data, name: ZPGamePhysics
[2025.07.02 01:23:12.085 ms]:[INFO]:[PSAG_PHYSICS]: body_data(dynamic) item: alloc key: 2824261684416
[2025.07.02 01:23:12.085 ms]:[INFO]:[PSAG_ACTOR_CORE]: game_actor entity create: 142
[2025.07.02 01:23:12.360 ms]:[INFO]:[PSAG_TOOL_NOTFIY]: station receive pair: PPActor/PPActorBullet, data_size: 12 bytes
[2025.07.02 01:23:12.361 ms]:[INFO]:[PSAG_ACTOR_CORE]: game_actor get textures: 1
[2025.07.02 01:23:12.361 ms]:[INFO]:[PSAG_ACTOR_CORE]: game_actor render_comp init.
[2025.07.02 01:23:12.361 ms]:[INFO]:[PSAG_PHYSICS]: phy_world => body_data, name: ZPGamePhysics
[2025.07.02 01:23:12.361 ms]:[INFO]:[PSAG_PHYSICS]: body_data(dynamic) item: alloc key: 2824261684752
[2025.07.02 01:23:12.361 ms]:[INFO]:[PSAG_ACTOR_CORE]: game_actor entity create: 144
[2025.07.02 01:23:12.411 ms]:[INFO]:[PSAG_TOOL_NOTFIY]: station receive pair: PPActor/PPActorBullet, data_size: 12 bytes
[2025.07.02 01:23:12.411 ms]:[INFO]:[PSAG_ACTOR_CORE]: game_actor get textures: 1
[2025.07.02 01:23:12.411 ms]:[INFO]:[PSAG_ACTOR_CORE]: game_actor render_comp init.
[2025.07.02 01:23:12.411 ms]:[INFO]:[PSAG_PHYSICS]: phy_world => body_data, name: ZPGamePhysics
[2025.07.02 01:23:12.411 ms]:[INFO]:[PSAG_PHYSICS]: body_data(dynamic) item: alloc key: 2824261684080
[2025.07.02 01:23:12.411 ms]:[INFO]:[PSAG_ACTOR_CORE]: game_actor entity create: 146
[2025.07.02 01:23:12.461 ms]:[INFO]:[PSAG_TOOL_NOTFIY]: station receive pair: PPActor/PPActorBullet, data_size: 12 bytes
[2025.07.02 01:23:12.461 ms]:[INFO]:[PSAG_ACTOR_CORE]: game_actor get textures: 1
[2025.07.02 01:23:12.461 ms]:[INFO]:[PSAG_ACTOR_CORE]: game_actor render_comp init.
[2025.07.02 01:23:12.461 ms]:[INFO]:[PSAG_PHYSICS]: phy_world => body_data, name: ZPGamePhysics
[2025.07.02 01:23:12.461 ms]:[INFO]:[PSAG_PHYSICS]: body_data(dynamic) item: alloc key: 2824261685088
[2025.07.02 01:23:12.461 ms]:[INFO]:[PSAG_ACTOR_CORE]: game_actor entity create: 148
[2025.07.02 01:23:12.512 ms]:[INFO]:[PSAG_TOOL_NOTFIY]: station receive pair: PPActor/PPActorBullet, data_size: 12 bytes
[2025.07.02 01:23:12.513 ms]:[INFO]:[PSAG_ACTOR_CORE]: game_actor get textures: 1
[2025.07.02 01:23:12.513 ms]:[INFO]:[PSAG_ACTOR_CORE]: game_actor render_comp init.
[2025.07.02 01:23:12.513 ms]:[INFO]:[PSAG_PHYSICS]: phy_world => body_data, name: ZPGamePhysics
[2025.07.02 01:23:12.513 ms]:[INFO]:[PSAG_PHYSICS]: body_data(dynamic) item: alloc key: 2824261685424
[2025.07.02 01:23:12.513 ms]:[INFO]:[PSAG_ACTOR_CORE]: game_actor entity create: 150
[2025.07.02 01:23:13.502 ms]:[INFO]:[PSAG_PHYSICS]: phy_world => body_data, name: ZPGamePhysics
[2025.07.02 01:23:13.502 ms]:[INFO]:[PSAG_PHYSICS]: body_data item: delete key: 2824261730752
[2025.07.02 01:23:13.502 ms]:[INFO]:[PSAG_ACTOR_CORE]: game_actor entity delete: 142
[2025.07.02 01:23:13.510 ms]:[INFO]:[PSAG_TOOL_NOTFIY]: station receive pair: PPActor/PPActorBullet, data_size: 12 bytes
[2025.07.02 01:23:13.511 ms]:[INFO]:[PSAG_ACTOR_CORE]: game_actor get textures: 1
[2025.07.02 01:23:13.511 ms]:[INFO]:[PSAG_ACTOR_CORE]: game_actor render_comp init.
[2025.07.02 01:23:13.511 ms]:[INFO]:[PSAG_PHYSICS]: phy_world => body_data, name: ZPGamePhysics
[2025.07.02 01:23:13.511 ms]:[INFO]:[PSAG_PHYSICS]: body_data(dynamic) item: alloc key: 2824261682736
[2025.07.02 01:23:13.511 ms]:[INFO]:[PSAG_ACTOR_CORE]: game_actor entity create: 152
[2025.07.02 01:23:13.741 ms]:[INFO]:[PSAG_PHYSICS]: phy_world => body_data, name: ZPGamePhysics
[2025.07.02 01:23:13.741 ms]:[INFO]:[PSAG_PHYSICS]: body_data item: delete key: 2824261731136
[2025.07.02 01:23:13.741 ms]:[INFO]:[PSAG_ACTOR_CORE]: game_actor entity delete: 144
[2025.07.02 01:23:13.767 ms]:[INFO]:[PSAG_TOOL_NOTFIY]: station receive pair: PPActor/PPActorBullet, data_size: 12 bytes
[2025.07.02 01:23:13.767 ms]:[INFO]:[PSAG_PHYSICS]: phy_world => body_data, name: ZPGamePhysics
[2025.07.02 01:23:13.767 ms]:[INFO]:[PSAG_PHYSICS]: body_data item: delete key: 2824261730944
[2025.07.02 01:23:13.767 ms]:[INFO]:[PSAG_ACTOR_CORE]: game_actor entity delete: 146
[2025.07.02 01:23:13.768 ms]:[INFO]:[PSAG_ACTOR_CORE]: game_actor get textures: 1
[2025.07.02 01:23:13.768 ms]:[INFO]:[PSAG_ACTOR_CORE]: game_actor render_comp init.
[2025.07.02 01:23:13.768 ms]:[INFO]:[PSAG_PHYSICS]: phy_world => body_data, name: ZPGamePhysics
[2025.07.02 01:23:13.768 ms]:[INFO]:[PSAG_PHYSICS]: body_data(dynamic) item: alloc key: 2824261683408
[2025.07.02 01:23:13.768 ms]:[INFO]:[PSAG_ACTOR_CORE]: game_actor entity create: 154
[2025.07.02 01:23:13.797 ms]:[INFO]:[PSAG_PHYSICS]: phy_world => body_data, name: ZPGamePhysics
[2025.07.02 01:23:13.797 ms]:[INFO]:[PSAG_PHYSICS]: body_data item: delete key: 2824261731328
[2025.07.02 01:23:13.797 ms]:[INFO]:[PSAG_ACTOR_CORE]: game_actor entity delete: 148
[2025.07.02 01:23:13.811 ms]:[INFO]:[PSAG_TOOL_NOTFIY]: station receive pair: PPActor/PPActorBullet, data_size: 12 bytes
[2025.07.02 01:23:13.811 ms]:[INFO]:[PSAG_ACTOR_CORE]: game_actor get textures: 1
[2025.07.02 01:23:13.811 ms]:[INFO]:[PSAG_ACTOR_CORE]: game_actor render_comp init.
[2025.07.02 01:23:13.811 ms]:[INFO]:[PSAG_PHYSICS]: phy_world => body_data, name: ZPGamePhysics
[2025.07.02 01:23:13.812 ms]:[INFO]:[PSAG_PHYSICS]: body_data(dynamic) item: alloc key: 2824261684752
[2025.07.02 01:23:13.812 ms]:[INFO]:[PSAG_ACTOR_CORE]: game_actor entity create: 156
[2025.07.02 01:23:13.837 ms]:[INFO]:[PSAG_PHYSICS]: phy_world => body_data, name: ZPGamePhysics
[2025.07.02 01:23:13.837 ms]:[INFO]:[PSAG_PHYSICS]: body_data item: delete key: 2824261731520
[2025.07.02 01:23:13.837 ms]:[INFO]:[PSAG_ACTOR_CORE]: game_actor entity delete: 150
[2025.07.02 01:23:13.861 ms]:[INFO]:[PSAG_TOOL_NOTFIY]: station receive pair: PPActor/PPActorBullet, data_size: 12 bytes
[2025.07.02 01:23:13.862 ms]:[INFO]:[PSAG_ACTOR_CORE]: game_actor get textures: 1
[2025.07.02 01:23:13.862 ms]:[INFO]:[PSAG_ACTOR_CORE]: game_actor render_comp init.
[2025.07.02 01:23:13.862 ms]:[INFO]:[PSAG_PHYSICS]: phy_world => body_data, name: ZPGamePhysics
[2025.07.02 01:23:13.862 ms]:[INFO]:[PSAG_PHYSICS]: body_data(dynamic) item: alloc key: 2824261683072
[2025.07.02 01:23:13.862 ms]:[INFO]:[PSAG_ACTOR_CORE]: game_actor entity create: 158
[2025.07.02 01:23:13.910 ms]:[INFO]:[PSAG_TOOL_NOTFIY]: station receive pair: PPActor/PPActorBullet, data_size: 12 bytes
[2025.07.02 01:23:13.910 ms]:[INFO]:[PSAG_ACTOR_CORE]: game_actor get textures: 1
[2025.07.02 01:23:13.910 ms]:[INFO]:[PSAG_ACTOR_CORE]: game_actor render_comp init.
[2025.07.02 01:23:13.910 ms]:[INFO]:[PSAG_PHYSICS]: phy_world => body_data, name: ZPGamePhysics
[2025.07.02 01:23:13.910 ms]:[INFO]:[PSAG_PHYSICS]: body_data(dynamic) item: alloc key: 2824261685088
[2025.07.02 01:23:13.911 ms]:[INFO]:[PSAG_ACTOR_CORE]: game_actor entity create: 160
[2025.07.02 01:23:14.537 ms]:[INFO]:[PSAG_PHYSICS]: phy_world => body_data, name: ZPGamePhysics
[2025.07.02 01:23:14.537 ms]:[INFO]:[PSAG_PHYSICS]: body_data item: delete key: 2824261730752
[2025.07.02 01:23:14.537 ms]:[INFO]:[PSAG_ACTOR_CORE]: game_actor entity delete: 152
[2025.07.02 01:23:14.731 ms]:[INFO]:[PSAG_PHYSICS]: phy_world => body_data, name: ZPGamePhysics
[2025.07.02 01:23:14.731 ms]:[INFO]:[PSAG_PHYSICS]: body_data item: delete key: 2824261730944
[2025.07.02 01:23:14.731 ms]:[INFO]:[PSAG_ACTOR_CORE]: game_actor entity delete: 154
[2025.07.02 01:23:14.777 ms]:[INFO]:[PSAG_PHYSICS]: phy_world => body_data, name: ZPGamePhysics
[2025.07.02 01:23:14.777 ms]:[INFO]:[PSAG_PHYSICS]: body_data item: delete key: 2824261731328
[2025.07.02 01:23:14.777 ms]:[INFO]:[PSAG_ACTOR_CORE]: game_actor entity delete: 156
[2025.07.02 01:23:14.827 ms]:[INFO]:[PSAG_PHYSICS]: phy_world => body_data, name: ZPGamePhysics
[2025.07.02 01:23:14.828 ms]:[INFO]:[PSAG_PHYSICS]: body_data item: delete key: 2824261731520
[2025.07.02 01:23:14.828 ms]:[INFO]:[PSAG_ACTOR_CORE]: game_actor entity delete: 158
[2025.07.02 01:23:14.874 ms]:[INFO]:[PSAG_PHYSICS]: phy_world => body_data, name: ZPGamePhysics
[2025.07.02 01:23:14.874 ms]:[INFO]:[PSAG_PHYSICS]: body_data item: delete key: 2824261731136
[2025.07.02 01:23:14.874 ms]:[INFO]:[PSAG_ACTOR_CORE]: game_actor entity delete: 160
[2025.07.02 01:23:16.311 ms]:[INFO]:[PSAG_TOOL_NOTFIY]: station receive pair: PPActor/PPActorBullet, data_size: 12 bytes
[2025.07.02 01:23:16.312 ms]:[INFO]:[PSAG_ACTOR_CORE]: game_actor get textures: 1
[2025.07.02 01:23:16.312 ms]:[INFO]:[PSAG_ACTOR_CORE]: game_actor render_comp init.
[2025.07.02 01:23:16.312 ms]:[INFO]:[PSAG_PHYSICS]: phy_world => body_data, name: ZPGamePhysics
[2025.07.02 01:23:16.312 ms]:[INFO]:[PSAG_PHYSICS]: body_data(dynamic) item: alloc key: 2824261680048
[2025.07.02 01:23:16.312 ms]:[INFO]:[PSAG_ACTOR_CORE]: game_actor entity create: 162
[2025.07.02 01:23:16.588 ms]:[INFO]:[PSAG_TOOL_NOTFIY]: station receive pair: PPActor/PPActorBullet, data_size: 12 bytes
[2025.07.02 01:23:16.588 ms]:[INFO]:[PSAG_ACTOR_CORE]: game_actor get textures: 1
[2025.07.02 01:23:16.588 ms]:[INFO]:[PSAG_ACTOR_CORE]: game_actor render_comp init.
[2025.07.02 01:23:16.588 ms]:[INFO]:[PSAG_PHYSICS]: phy_world => body_data, name: ZPGamePhysics
[2025.07.02 01:23:16.588 ms]:[INFO]:[PSAG_PHYSICS]: body_data(dynamic) item: alloc key: 2824261686768
[2025.07.02 01:23:16.588 ms]:[INFO]:[PSAG_ACTOR_CORE]: game_actor entity create: 164
[2025.07.02 01:23:16.638 ms]:[INFO]:[PSAG_TOOL_NOTFIY]: station receive pair: PPActor/PPActorBullet, data_size: 12 bytes
[2025.07.02 01:23:16.639 ms]:[INFO]:[PSAG_ACTOR_CORE]: game_actor get textures: 1
[2025.07.02 01:23:16.639 ms]:[INFO]:[PSAG_ACTOR_CORE]: game_actor render_comp init.
[2025.07.02 01:23:16.639 ms]:[INFO]:[PSAG_PHYSICS]: phy_world => body_data, name: ZPGamePhysics
[2025.07.02 01:23:16.639 ms]:[INFO]:[PSAG_PHYSICS]: body_data(dynamic) item: alloc key: 2824261684080
[2025.07.02 01:23:16.639 ms]:[INFO]:[PSAG_ACTOR_CORE]: game_actor entity create: 166
[2025.07.02 01:23:16.686 ms]:[INFO]:[PSAG_TOOL_NOTFIY]: station receive pair: PPActor/PPActorBullet, data_size: 12 bytes
[2025.07.02 01:23:16.686 ms]:[INFO]:[PSAG_ACTOR_CORE]: game_actor get textures: 1
[2025.07.02 01:23:16.687 ms]:[INFO]:[PSAG_ACTOR_CORE]: game_actor render_comp init.
[2025.07.02 01:23:16.687 ms]:[INFO]:[PSAG_PHYSICS]: phy_world => body_data, name: ZPGamePhysics
[2025.07.02 01:23:16.687 ms]:[INFO]:[PSAG_PHYSICS]: body_data(dynamic) item: alloc key: 2824261685424
[2025.07.02 01:23:16.687 ms]:[INFO]:[PSAG_ACTOR_CORE]: game_actor entity create: 168
[2025.07.02 01:23:16.738 ms]:[INFO]:[PSAG_TOOL_NOTFIY]: station receive pair: PPActor/PPActorBullet, data_size: 12 bytes
[2025.07.02 01:23:16.738 ms]:[INFO]:[PSAG_ACTOR_CORE]: game_actor get textures: 1
[2025.07.02 01:23:16.738 ms]:[INFO]:[PSAG_ACTOR_CORE]: game_actor render_comp init.
[2025.07.02 01:23:16.739 ms]:[INFO]:[PSAG_PHYSICS]: phy_world => body_data, name: ZPGamePhysics
[2025.07.02 01:23:16.739 ms]:[INFO]:[PSAG_PHYSICS]: body_data(dynamic) item: alloc key: 2824261686432
[2025.07.02 01:23:16.739 ms]:[INFO]:[PSAG_ACTOR_CORE]: game_actor entity create: 170
[2025.07.02 01:23:19.529 ms]:[INFO]:[PSAG_PHYSICS]: phy_world => body_data, name: ZPGamePhysics
[2025.07.02 01:23:19.530 ms]:[INFO]:[PSAG_PHYSICS]: body_data item: delete key: 2824261730752
[2025.07.02 01:23:19.530 ms]:[INFO]:[PSAG_ACTOR_CORE]: game_actor entity delete: 170
[2025.07.02 01:23:19.560 ms]:[INFO]:[PSAG_PHYSICS]: phy_world => body_data, name: ZPGamePhysics
[2025.07.02 01:23:19.560 ms]:[INFO]:[PSAG_PHYSICS]: body_data item: delete key: 2824261731520
[2025.07.02 01:23:19.561 ms]:[INFO]:[PSAG_ACTOR_CORE]: game_actor entity delete: 164
[2025.07.02 01:23:19.574 ms]:[INFO]:[PSAG_PHYSICS]: phy_world => body_data, name: ZPGamePhysics
[2025.07.02 01:23:19.574 ms]:[INFO]:[PSAG_PHYSICS]: body_data item: delete key: 2824261731328
[2025.07.02 01:23:19.574 ms]:[INFO]:[PSAG_ACTOR_CORE]: game_actor entity delete: 166
[2025.07.02 01:23:19.583 ms]:[INFO]:[PSAG_PHYSICS]: phy_world => body_data, name: ZPGamePhysics
[2025.07.02 01:23:19.583 ms]:[INFO]:[PSAG_PHYSICS]: body_data item: delete key: 2824261730944
[2025.07.02 01:23:19.583 ms]:[INFO]:[PSAG_ACTOR_CORE]: game_actor entity delete: 168
[2025.07.02 01:23:19.714 ms]:[INFO]:[PSAG_PHYSICS]: phy_world => body_data, name: ZPGamePhysics
[2025.07.02 01:23:19.715 ms]:[INFO]:[PSAG_PHYSICS]: body_data item: delete key: 2824261731136
[2025.07.02 01:23:19.715 ms]:[INFO]:[PSAG_ACTOR_CORE]: game_actor entity delete: 162
[2025.07.02 01:23:21.303 ms]:[INFO]:[PSAG_TOOL_NOTFIY]: station receive pair: PPActor/PPActorBullet, data_size: 12 bytes
[2025.07.02 01:23:21.303 ms]:[INFO]:[PSAG_ACTOR_CORE]: game_actor get textures: 1
[2025.07.02 01:23:21.303 ms]:[INFO]:[PSAG_ACTOR_CORE]: game_actor render_comp init.
[2025.07.02 01:23:21.303 ms]:[INFO]:[PSAG_PHYSICS]: phy_world => body_data, name: ZPGamePhysics
[2025.07.02 01:23:21.303 ms]:[INFO]:[PSAG_PHYSICS]: body_data(dynamic) item: alloc key: 2824261685760
[2025.07.02 01:23:21.303 ms]:[INFO]:[PSAG_ACTOR_CORE]: game_actor entity create: 172
[2025.07.02 01:23:21.580 ms]:[INFO]:[PSAG_TOOL_NOTFIY]: station receive pair: PPActor/PPActorBullet, data_size: 12 bytes
[2025.07.02 01:23:21.581 ms]:[INFO]:[PSAG_ACTOR_CORE]: game_actor get textures: 1
[2025.07.02 01:23:21.581 ms]:[INFO]:[PSAG_ACTOR_CORE]: game_actor render_comp init.
[2025.07.02 01:23:21.581 ms]:[INFO]:[PSAG_PHYSICS]: phy_world => body_data, name: ZPGamePhysics
[2025.07.02 01:23:21.581 ms]:[INFO]:[PSAG_PHYSICS]: body_data(dynamic) item: alloc key: 2824261679712
[2025.07.02 01:23:21.581 ms]:[INFO]:[PSAG_ACTOR_CORE]: game_actor entity create: 174
[2025.07.02 01:23:21.629 ms]:[INFO]:[PSAG_TOOL_NOTFIY]: station receive pair: PPActor/PPActorBullet, data_size: 12 bytes
[2025.07.02 01:23:21.629 ms]:[INFO]:[PSAG_ACTOR_CORE]: game_actor get textures: 1
[2025.07.02 01:23:21.629 ms]:[INFO]:[PSAG_ACTOR_CORE]: game_actor render_comp init.
[2025.07.02 01:23:21.629 ms]:[INFO]:[PSAG_PHYSICS]: phy_world => body_data, name: ZPGamePhysics
[2025.07.02 01:23:21.629 ms]:[INFO]:[PSAG_PHYSICS]: body_data(dynamic) item: alloc key: 2824261682736
[2025.07.02 01:23:21.629 ms]:[INFO]:[PSAG_ACTOR_CORE]: game_actor entity create: 176
[2025.07.02 01:23:21.678 ms]:[INFO]:[PSAG_TOOL_NOTFIY]: station receive pair: PPActor/PPActorBullet, data_size: 12 bytes
[2025.07.02 01:23:21.678 ms]:[INFO]:[PSAG_ACTOR_CORE]: game_actor get textures: 1
[2025.07.02 01:23:21.678 ms]:[INFO]:[PSAG_ACTOR_CORE]: game_actor render_comp init.
[2025.07.02 01:23:21.679 ms]:[INFO]:[PSAG_PHYSICS]: phy_world => body_data, name: ZPGamePhysics
[2025.07.02 01:23:21.679 ms]:[INFO]:[PSAG_PHYSICS]: body_data(dynamic) item: alloc key: 2824261683408
[2025.07.02 01:23:21.679 ms]:[INFO]:[PSAG_ACTOR_CORE]: game_actor entity create: 178
[2025.07.02 01:23:21.728 ms]:[INFO]:[PSAG_TOOL_NOTFIY]: station receive pair: PPActor/PPActorBullet, data_size: 12 bytes
[2025.07.02 01:23:21.728 ms]:[INFO]:[PSAG_ACTOR_CORE]: game_actor get textures: 1
[2025.07.02 01:23:21.728 ms]:[INFO]:[PSAG_ACTOR_CORE]: game_actor render_comp init.
[2025.07.02 01:23:21.728 ms]:[INFO]:[PSAG_PHYSICS]: phy_world => body_data, name: ZPGamePhysics
[2025.07.02 01:23:21.728 ms]:[INFO]:[PSAG_PHYSICS]: body_data(dynamic) item: alloc key: 2824261686768
[2025.07.02 01:23:21.728 ms]:[INFO]:[PSAG_ACTOR_CORE]: game_actor entity create: 180
[2025.07.02 01:23:22.416 ms]:[INFO]:[PSAG_PHYSICS]: phy_world => body_data, name: ZPGamePhysics
[2025.07.02 01:23:22.416 ms]:[INFO]:[PSAG_PHYSICS]: body_data item: delete key: 2824261731328
[2025.07.02 01:23:22.416 ms]:[INFO]:[PSAG_ACTOR_CORE]: game_actor entity delete: 176
[2025.07.02 01:23:22.430 ms]:[INFO]:[PSAG_PHYSICS]: phy_world => body_data, name: ZPGamePhysics
[2025.07.02 01:23:22.430 ms]:[INFO]:[PSAG_PHYSICS]: body_data item: delete key: 2824261730944
[2025.07.02 01:23:22.430 ms]:[INFO]:[PSAG_ACTOR_CORE]: game_actor entity delete: 174
[2025.07.02 01:23:22.451 ms]:[INFO]:[PSAG_PHYSICS]: phy_world => body_data, name: ZPGamePhysics
[2025.07.02 01:23:22.452 ms]:[INFO]:[PSAG_PHYSICS]: body_data item: delete key: 2824261731520
[2025.07.02 01:23:22.452 ms]:[INFO]:[PSAG_ACTOR_CORE]: game_actor entity delete: 178
[2025.07.02 01:23:22.513 ms]:[INFO]:[PSAG_PHYSICS]: phy_world => body_data, name: ZPGamePhysics
[2025.07.02 01:23:22.513 ms]:[INFO]:[PSAG_PHYSICS]: body_data item: delete key: 2824261730752
[2025.07.02 01:23:22.513 ms]:[INFO]:[PSAG_ACTOR_CORE]: game_actor entity delete: 180
[2025.07.02 01:23:25.658 ms]:[INFO]:[PSAG_PHYSICS]: phy_world => body_data, name: ZPGamePhysics
[2025.07.02 01:23:25.658 ms]:[INFO]:[PSAG_PHYSICS]: body_data item: delete key: 2824261731136
[2025.07.02 01:23:25.658 ms]:[INFO]:[PSAG_ACTOR_CORE]: game_actor entity delete: 172
[2025.07.02 01:23:26.455 ms]:[INFO]:[PSAG_TOOL_NOTFIY]: station receive pair: PPActor/PPActorBullet, data_size: 12 bytes
[2025.07.02 01:23:26.456 ms]:[INFO]:[PSAG_ACTOR_CORE]: game_actor get textures: 1
[2025.07.02 01:23:26.456 ms]:[INFO]:[PSAG_ACTOR_CORE]: game_actor render_comp init.
[2025.07.02 01:23:26.456 ms]:[INFO]:[PSAG_PHYSICS]: phy_world => body_data, name: ZPGamePhysics
[2025.07.02 01:23:26.456 ms]:[INFO]:[PSAG_PHYSICS]: body_data(dynamic) item: alloc key: 2824261680720
[2025.07.02 01:23:26.456 ms]:[INFO]:[PSAG_ACTOR_CORE]: game_actor entity create: 182
[2025.07.02 01:23:27.321 ms]:[INFO]:[PSAG_TOOL_NOTFIY]: station receive pair: PPActor/PPActorBullet, data_size: 12 bytes
[2025.07.02 01:23:27.322 ms]:[INFO]:[PSAG_ACTOR_CORE]: game_actor get textures: 1
[2025.07.02 01:23:27.322 ms]:[INFO]:[PSAG_ACTOR_CORE]: game_actor render_comp init.
[2025.07.02 01:23:27.322 ms]:[INFO]:[PSAG_PHYSICS]: phy_world => body_data, name: ZPGamePhysics
[2025.07.02 01:23:27.322 ms]:[INFO]:[PSAG_PHYSICS]: body_data(dynamic) item: alloc key: 2824261684416
[2025.07.02 01:23:27.322 ms]:[INFO]:[PSAG_ACTOR_CORE]: game_actor entity create: 184
[2025.07.02 01:23:28.086 ms]:[INFO]:[PSAG_PHYSICS]: phy_world => body_data, name: ZPGamePhysics
[2025.07.02 01:23:28.086 ms]:[INFO]:[PSAG_PHYSICS]: body_data item: delete key: 2824261731136
[2025.07.02 01:23:28.086 ms]:[INFO]:[PSAG_ACTOR_CORE]: game_actor entity delete: 182
[2025.07.02 01:23:29.719 ms]:[INFO]:[PSAG_PHYSICS]: phy_world => body_data, name: ZPGamePhysics
[2025.07.02 01:23:29.719 ms]:[INFO]:[PSAG_PHYSICS]: body_data item: delete key: 2824261730752
[2025.07.02 01:23:29.719 ms]:[INFO]:[PSAG_ACTOR_CORE]: game_actor entity delete: 184
[2025.07.02 01:23:30.289 ms]:[INFO]:[PSAG_TOOL_NOTFIY]: station receive pair: PPActor/PPActorBullet, data_size: 12 bytes
[2025.07.02 01:23:30.289 ms]:[INFO]:[PSAG_ACTOR_CORE]: game_actor get textures: 1
[2025.07.02 01:23:30.289 ms]:[INFO]:[PSAG_ACTOR_CORE]: game_actor render_comp init.
[2025.07.02 01:23:30.289 ms]:[INFO]:[PSAG_PHYSICS]: phy_world => body_data, name: ZPGamePhysics
[2025.07.02 01:23:30.289 ms]:[INFO]:[PSAG_PHYSICS]: body_data(dynamic) item: alloc key: 2824261687104
[2025.07.02 01:23:30.289 ms]:[INFO]:[PSAG_ACTOR_CORE]: game_actor entity create: 186
[2025.07.02 01:23:31.968 ms]:[INFO]:[PSAG_PHYSICS]: phy_world => body_data, name: ZPGamePhysics
[2025.07.02 01:23:31.968 ms]:[INFO]:[PSAG_PHYSICS]: body_data item: delete key: 2824261730752
[2025.07.02 01:23:31.968 ms]:[INFO]:[PSAG_ACTOR_CORE]: game_actor entity delete: 186
[2025.07.02 01:23:33.577 ms]:[INFO]:[PSAG_TOOL_NOTFIY]: station receive pair: PPActor/PPActorBullet, data_size: 12 bytes
[2025.07.02 01:23:33.577 ms]:[INFO]:[PSAG_ACTOR_CORE]: game_actor get textures: 1
[2025.07.02 01:23:33.577 ms]:[INFO]:[PSAG_ACTOR_CORE]: game_actor render_comp init.
[2025.07.02 01:23:33.577 ms]:[INFO]:[PSAG_PHYSICS]: phy_world => body_data, name: ZPGamePhysics
[2025.07.02 01:23:33.577 ms]:[INFO]:[PSAG_PHYSICS]: body_data(dynamic) item: alloc key: 2824261686432
[2025.07.02 01:23:33.577 ms]:[INFO]:[PSAG_ACTOR_CORE]: game_actor entity create: 188
[2025.07.02 01:23:34.770 ms]:[INFO]:[PSAG_PHYSICS]: phy_world => body_data, name: ZPGamePhysics
[2025.07.02 01:23:34.770 ms]:[INFO]:[PSAG_PHYSICS]: body_data item: delete key: 2824261730752
[2025.07.02 01:23:34.770 ms]:[INFO]:[PSAG_ACTOR_CORE]: game_actor entity delete: 188
[2025.07.02 01:23:36.976 ms]:[INFO]:[PSAG_TOOL_NOTFIY]: station receive pair: PPActor/PPActorBullet, data_size: 12 bytes
[2025.07.02 01:23:36.976 ms]:[INFO]:[PSAG_ACTOR_CORE]: game_actor get textures: 1
[2025.07.02 01:23:36.976 ms]:[INFO]:[PSAG_ACTOR_CORE]: game_actor render_comp init.
[2025.07.02 01:23:36.976 ms]:[INFO]:[PSAG_PHYSICS]: phy_world => body_data, name: ZPGamePhysics
[2025.07.02 01:23:36.977 ms]:[INFO]:[PSAG_PHYSICS]: body_data(dynamic) item: alloc key: 2824261684752
[2025.07.02 01:23:36.977 ms]:[INFO]:[PSAG_ACTOR_CORE]: game_actor entity create: 190
[2025.07.02 01:23:37.425 ms]:[INFO]:[PSAG_PHYSICS]: phy_world => body_data, name: ZPGamePhysics
[2025.07.02 01:23:37.425 ms]:[INFO]:[PSAG_PHYSICS]: body_data item: delete key: 2824261730752
[2025.07.02 01:23:37.425 ms]:[INFO]:[PSAG_ACTOR_CORE]: game_actor entity delete: 190
[2025.07.02 01:23:38.177 ms]:[INFO]:[PSAG_TOOL_NOTFIY]: station receive pair: PPActor/PPActorBullet, data_size: 12 bytes
[2025.07.02 01:23:38.177 ms]:[INFO]:[PSAG_ACTOR_CORE]: game_actor get textures: 1
[2025.07.02 01:23:38.177 ms]:[INFO]:[PSAG_ACTOR_CORE]: game_actor render_comp init.
[2025.07.02 01:23:38.177 ms]:[INFO]:[PSAG_PHYSICS]: phy_world => body_data, name: ZPGamePhysics
[2025.07.02 01:23:38.177 ms]:[INFO]:[PSAG_PHYSICS]: body_data(dynamic) item: alloc key: 2824261682736
[2025.07.02 01:23:38.177 ms]:[INFO]:[PSAG_ACTOR_CORE]: game_actor entity create: 192
[2025.07.02 01:23:42.980 ms]:[INFO]:[PSAG_PHYSICS]: phy_world => body_data, name: ZPGamePhysics
[2025.07.02 01:23:42.980 ms]:[INFO]:[PSAG_PHYSICS]: body_data item: delete key: 2824261730752
[2025.07.02 01:23:42.980 ms]:[INFO]:[PSAG_ACTOR_CORE]: game_actor entity delete: 192
[2025.07.02 01:23:45.441 ms]:[INFO]:[PSAG_OGL_RES]: rbo: delete key: 38
[2025.07.02 01:23:45.441 ms]:[INFO]:[PSAG_OGL_RES]: fbo: delete key: 48
[2025.07.02 01:23:45.441 ms]:[INFO]:[PSAG_OGL_RES]: fbo: delete key: 50
[2025.07.02 01:23:45.441 ms]:[INFO]:[PSAG_OGL_RES]: fbo: delete key: 46
[2025.07.02 01:23:45.441 ms]:[INFO]:[PSAG_OGL_RES]: fbo: delete key: 42
[2025.07.02 01:23:45.441 ms]:[TRACE]:[PSAG_OGL_RES]: tmu delete(space): 5
[2025.07.02 01:23:45.441 ms]:[INFO]:[PSAG_OGL_RES]: texture: delete key: 40
[2025.07.02 01:23:45.441 ms]:[INFO]:[PSAG_OGL_RES]: shader: delete key: 30
[2025.07.02 01:23:45.441 ms]:[INFO]:[PSAG_OGL_RES]: shader: delete key: 32
[2025.07.02 01:23:45.441 ms]:[INFO]:[PSAG_OGL_RES]: shader: delete key: 34
[2025.07.02 01:23:45.441 ms]:[INFO]:[PSAG_OGL_RES]: shader: delete key: 26
[2025.07.02 01:23:45.441 ms]:[INFO]:[PSAG_GL_POST]: graphics_engine free post_shader(system).
[2025.07.02 01:23:45.441 ms]:[INFO]:[PSAG_PHYSICS]: phy_world => body_data, name: ZPGamePhysics
[2025.07.02 01:23:45.441 ms]:[INFO]:[PSAG_PHYSICS]: body_data item: delete key: 2824261729216
[2025.07.02 01:23:45.441 ms]:[INFO]:[PSAG_ENVMT_CORE]: game_envmt item delete: 76
[2025.07.02 01:23:45.442 ms]:[INFO]:[PSAG_PHYSICS]: phy_world => body_data, name: ZPGamePhysics
[2025.07.02 01:23:45.442 ms]:[INFO]:[PSAG_PHYSICS]: body_data item: delete key: 2824261728448
[2025.07.02 01:23:45.442 ms]:[INFO]:[PSAG_ENVMT_CORE]: game_envmt item delete: 68
[2025.07.02 01:23:45.442 ms]:[INFO]:[PSAG_PHYSICS]: phy_world => body_data, name: ZPGamePhysics
[2025.07.02 01:23:45.442 ms]:[INFO]:[PSAG_PHYSICS]: body_data item: delete key: 2824261728640
[2025.07.02 01:23:45.442 ms]:[INFO]:[PSAG_ENVMT_CORE]: game_envmt item delete: 70
[2025.07.02 01:23:45.442 ms]:[INFO]:[PSAG_PHYSICS]: phy_world => body_data, name: ZPGamePhysics
[2025.07.02 01:23:45.442 ms]:[INFO]:[PSAG_PHYSICS]: body_data item: delete key: 2824261728832
[2025.07.02 01:23:45.442 ms]:[INFO]:[PSAG_ENVMT_CORE]: game_envmt item delete: 72
[2025.07.02 01:23:45.442 ms]:[INFO]:[PSAG_PHYSICS]: phy_world => body_data, name: ZPGamePhysics
[2025.07.02 01:23:45.442 ms]:[INFO]:[PSAG_PHYSICS]: body_data item: delete key: 2824261729024
[2025.07.02 01:23:45.442 ms]:[INFO]:[PSAG_ENVMT_CORE]: game_envmt item delete: 74
[2025.07.02 01:23:45.442 ms]:[INFO]:[PSAG_GAMECORE_MAG]: game_envmt manager system delete.
[2025.07.02 01:23:45.443 ms]:[INFO]:[PSAG_GL_DATASET]: layers_manager delete_count(space): 0
[2025.07.02 01:23:45.443 ms]:[INFO]:[PSAG_GL_DATASET]: vir_texture item: delete key: 52
[2025.07.02 01:23:45.443 ms]:[INFO]:[PSAG_OGL_RES]: shader: delete key: 60
[2025.07.02 01:23:45.443 ms]:[INFO]:[PSAG_ACTOR_CORE]: game_actor shader delete.
[2025.07.02 01:23:45.443 ms]:[INFO]:[PSAG_OGL_RES]: shader: delete key: 56
[2025.07.02 01:23:45.443 ms]:[INFO]:[PSAG_ACTOR_CORE]: game_actor shader delete.
[2025.07.02 01:23:45.443 ms]:[INFO]:[PSAG_GL_DATASET]: layers_manager delete_count(space): 1
[2025.07.02 01:23:45.443 ms]:[INFO]:[PSAG_GL_DATASET]: vir_texture item: delete key: 54
[2025.07.02 01:23:45.443 ms]:[INFO]:[PSAG_OGL_RES]: shader: delete key: 64
[2025.07.02 01:23:45.443 ms]:[INFO]:[PSAG_ACTOR_CORE]: game_actor shader delete.
[2025.07.02 01:23:45.443 ms]:[INFO]:[PSAG_GAMECORE_MAG]: actor_shader manager system delete.
[2025.07.02 01:23:45.443 ms]:[INFO]:[PSAG_PHYSICS]: phy_world => body_data, name: ZPGamePhysics
[2025.07.02 01:23:45.443 ms]:[INFO]:[PSAG_PHYSICS]: body_data item: delete key: 2824261729408
[2025.07.02 01:23:45.443 ms]:[INFO]:[PSAG_ACTOR_CORE]: game_actor entity delete: 90
[2025.07.02 01:23:45.443 ms]:[INFO]:[PSAG_GL_DATASET]: layers_manager delete_count(space): 0
[2025.07.02 01:23:45.443 ms]:[INFO]:[PSAG_GL_DATASET]: vir_texture item: delete key: 78
[2025.07.02 01:23:45.443 ms]:[INFO]:[PSAG_OGL_RES]: shader: delete key: 82
[2025.07.02 01:23:45.443 ms]:[INFO]:[PSAG_ACTOR_CORE]: game_actor shader delete.
[2025.07.02 01:23:45.443 ms]:[INFO]:[PSAG_GL_DATASET]: layers_manager delete_count(space): 1
[2025.07.02 01:23:45.443 ms]:[INFO]:[PSAG_GL_DATASET]: vir_texture item: delete key: 80
[2025.07.02 01:23:45.444 ms]:[INFO]:[PSAG_OGL_RES]: shader: delete key: 86
[2025.07.02 01:23:45.444 ms]:[INFO]:[PSAG_ACTOR_CORE]: game_actor shader delete.
[2025.07.02 01:23:45.444 ms]:[INFO]:[PSAG_GAMECORE_MAG]: actor_shader manager system delete.
[2025.07.02 01:23:45.444 ms]:[INFO]:[PSAG_GL_DATASET]: layers_manager delete_count(space): 0
[2025.07.02 01:23:45.444 ms]:[INFO]:[PSAG_GL_DATASET]: vir_texture item: delete key: 104
[2025.07.02 01:23:45.444 ms]:[INFO]:[PSAG_OGL_RES]: shader: delete key: 106
[2025.07.02 01:23:45.444 ms]:[INFO]:[PSAG_ACTOR_CORE]: game_actor shader delete.
[2025.07.02 01:23:45.444 ms]:[INFO]:[PSAG_GAMECORE_MAG]: actor_shader manager system delete.
[2025.07.02 01:23:45.444 ms]:[INFO]:[PSAG_GAMECORE_MAG]: game_actor manager system delete.
[2025.07.02 01:23:45.444 ms]:[INFO]:[PSAG_GL_PVFX]: psag_fx image_view system free.
[2025.07.02 01:23:45.444 ms]:[INFO]:[PSAG_GL_PVFX]: psag_fx image_view system free.
[2025.07.02 01:23:45.444 ms]:[INFO]:[PSAG_GL_PVFX]: psag_fx image_view system free.
[2025.07.02 01:23:45.444 ms]:[INFO]:[PSAG_GL_PVFX]: psag_fx image_view system free.
[2025.07.02 01:23:45.444 ms]:[INFO]:[PSAG_GL_PVFX]: psag_fx image_view system free.
[2025.07.02 01:23:45.444 ms]:[INFO]:[PSAG_GL_PVFX]: psag_fx image_view system free.
[2025.07.02 01:23:45.444 ms]:[INFO]:[PSAG_OGL_RES]: vao: delete key: 4
[2025.07.02 01:23:45.444 ms]:[INFO]:[PSAG_OGL_RES]: vbo: delete key: 6
[2025.07.02 01:23:45.444 ms]:[INFO]:[PSAG_OGL_RES]: vao: delete key: 8
[2025.07.02 01:23:45.444 ms]:[INFO]:[PSAG_OGL_RES]: vbo: delete key: 10
[2025.07.02 01:23:45.444 ms]:[TRACE]:[PSAG_OGL_RES]: tmu delete(space): 1
[2025.07.02 01:23:45.444 ms]:[TRACE]:[PSAG_OGL_RES]: tmu delete(space): 2
[2025.07.02 01:23:45.444 ms]:[TRACE]:[PSAG_OGL_RES]: tmu delete(space): 3
[2025.07.02 01:23:45.444 ms]:[TRACE]:[PSAG_OGL_RES]: tmu delete(space): 4
[2025.07.02 01:23:45.471 ms]:[INFO]:[PSAG_OGL_RES]: texture: delete key: 16
[2025.07.02 01:23:45.493 ms]:[INFO]:[PSAG_OGL_RES]: texture: delete key: 18
[2025.07.02 01:23:45.505 ms]:[INFO]:[PSAG_OGL_RES]: texture: delete key: 20
[2025.07.02 01:23:45.508 ms]:[INFO]:[PSAG_OGL_RES]: texture: delete key: 22
[2025.07.02 01:23:45.716 ms]:[TRACE]:[PSAG_AUDIO]: audio(openal) global free_context & close_device.
[2025.07.02 01:23:45.716 ms]:[INFO]:[PSAG_PHYSICS]: physics_world item: free_bodies: 0, delete key: DEFAULT_PHY_WORLD
[2025.07.02 01:23:45.720 ms]:[INFO]:[PSAG_IMGUI]: imgui_free: imgui_opengl3 context.
[2025.07.02 01:23:45.720 ms]:[TRACE]:[PSAG_AUDIO_DATA]: free resource(raw_audio): 0 bytes
[2025.07.02 01:23:45.720 ms]:[INFO]:[PSAG_AUDIO_DATA]: LLRES static_object() delete.
[2025.07.02 01:23:45.720 ms]:[TRACE]:[PSAG_OGL_RES]: free resource(shader): 2 items
[2025.07.02 01:23:45.720 ms]:[TRACE]:[PSAG_OGL_RES]: free resource(texture): 0 items
[2025.07.02 01:23:45.720 ms]:[TRACE]:[PSAG_OGL_RES]: free resource(vertex_buffer): 0 items
[2025.07.02 01:23:45.720 ms]:[TRACE]:[PSAG_OGL_RES]: free resource(vertex_attribute): 0 items
[2025.07.02 01:23:45.721 ms]:[TRACE]:[PSAG_OGL_RES]: free resource(frame_buffer): 1 items
[2025.07.02 01:23:45.721 ms]:[TRACE]:[PSAG_OGL_RES]: free resource(render_buffer): 0 items
[2025.07.02 01:23:45.721 ms]:[TRACE]:[PSAG_OGL_RES]: free resource(uniform_buffer): 1 items
[2025.07.02 01:23:45.721 ms]:[INFO]:[PSAG_LLRES]: graph static_object(graphics) delete.
[2025.07.02 01:23:45.742 ms]:[INFO]:[PSAG_WINDOW]: fw_window free: glfw context.
[2025.07.02 01:23:46.141 ms]:[TRACE]:[PSAG_M_MAINEVENT]: async_events execution end.
[2025.07.02 01:23:46.141 ms]:[INFO]:[PSAG_M_START]: free framework ret_code: 1
