[2025.07.02 02:57:47.674 ms]:[INFO]:[PSAG_LOGGER]: start thread success.
[2025.07.02 02:57:47.675 ms]:[INFO]:[PSAG_M_START]: core_start objects(frm) total: only
[2025.07.02 02:57:47.675 ms]:[INFO]:[PSAG_M_START]: core_start objects(net) total: 0
[2025.07.02 02:57:47.675 ms]:[INFO]:[PSAG_M_START]: core_start objects(ext) total: 0
[2025.07.02 02:57:47.675 ms]:[INFO]:[PSAG_LOGGER]: create log_file: PSAGameSystemLogs/989196460757800.log
[2025.07.02 02:57:47.675 ms]:[TRACE]:[PSAG_M_MAINEVENT]: async_event add item_id: 1011407121008
[2025.07.02 02:57:47.675 ms]:[INFO]:[PSAG_M_MAINEVENT]: async_events executing...
[2025.07.02 02:57:47.676 ms]:[INFO]:[PSAG_FILESYS_LOAD]: load(src) read_file: PSAGameFrameworkCore/framework_config.json read_size: 463
[2025.07.02 02:57:47.676 ms]:[INFO]:[PSAG_FILESYS_LOAD]: load(src) read_file: PSAGameFrameworkCore/framework_config_shaders.json read_size: 1329
[2025.07.02 02:57:47.676 ms]:[INFO]:[PSAG_FILESYS_LOAD]: load(src) read_file: PSAGameFrameworkCore/CoreShaderScript/public/psag_graph_template_actor.vert read_size: 984
[2025.07.02 02:57:47.677 ms]:[INFO]:[PSAG_FILESYS_LOAD]: load(src) read_file: PSAGameFrameworkCore/CoreShaderScript/public/psag_graph_template.vert read_size: 737
[2025.07.02 02:57:47.677 ms]:[INFO]:[PSAG_FILESYS_LOAD]: load(src) read_file: PSAGameFrameworkCore/CoreShaderScript/public/psag_graph_tools.frag read_size: 933
[2025.07.02 02:57:47.677 ms]:[INFO]:[PSAG_FILESYS_LOAD]: load(src) read_file: PSAGameFrameworkCore/CoreShaderScript/public/psag_graph_header.frag read_size: 202
[2025.07.02 02:57:47.677 ms]:[INFO]:[PSAG_FILESYS_LOAD]: load(src) read_file: PSAGameFrameworkCore/CoreShaderScript/private/psag_graph_final_vollight.frag read_size: 1670
[2025.07.02 02:57:47.677 ms]:[INFO]:[PSAG_FILESYS_LOAD]: load(src) read_file: PSAGameFrameworkCore/CoreShaderScript/private/psag_graph_final_multfilter.frag read_size: 356
[2025.07.02 02:57:47.677 ms]:[INFO]:[PSAG_FILESYS_LOAD]: load(src) read_file: PSAGameFrameworkCore/CoreShaderScript/private/psag_graph_final_blurh.frag read_size: 783
[2025.07.02 02:57:47.677 ms]:[INFO]:[PSAG_FILESYS_LOAD]: load(src) read_file: PSAGameFrameworkCore/CoreShaderScript/private/psag_graph_final_blurv.frag read_size: 778
[2025.07.02 02:57:47.677 ms]:[INFO]:[PSAG_FILESYS_LOAD]: load(src) read_file: PSAGameFrameworkCore/CoreShaderScript/private/psag_graph_final.frag read_size: 1243
[2025.07.02 02:57:47.677 ms]:[INFO]:[PSAG_FILESYS_LOAD]: load(src) read_file: PSAGameFrameworkCore/CoreShaderScript/private/psag_graph_background.frag read_size: 1107
[2025.07.02 02:57:47.677 ms]:[INFO]:[PSAG_FILESYS_LOAD]: load(src) read_file: PSAGameFrameworkCore/CoreShaderScript/private/psag_graph_particle.frag read_size: 1255
[2025.07.02 02:57:47.677 ms]:[INFO]:[PSAG_FILESYS_LOAD]: load(src) read_file: PSAGameFrameworkCore/CoreShaderScript/private/psag_graph_fx_sequence.frag read_size: 543
[2025.07.02 02:57:47.677 ms]:[INFO]:[PSAG_GL_GLSL]: graphics_engine config system_glsl.
[2025.07.02 02:57:47.677 ms]:[TRACE]:[PSAG_M_CORE]: core framework init,config...
[2025.07.02 02:57:47.724 ms]:[INFO]:[PSAG_WINDOW]: init opengl_glfw.
[2025.07.02 02:57:48.072 ms]:[WARNING]:[PSAG_WINDOW]: <F:\PSAFrameworkProject\PSAGameFramework\PSAGameFramework\PSAGameFrameworkCore\LLWindowGui\framework_window_system.cpp:__LINE__> failed fw_window load: icon_image.
[2025.07.02 02:57:48.130 ms]:[INFO]:[PSAG_OGL_INIT]: framework_graphics logger function_ptr: 81e8967a
[2025.07.02 02:57:48.130 ms]:[INFO]:[PSAG_OGL_INIT]: framework_graphics shader gl_version: 
[2025.07.02 02:57:48.134 ms]:[TRACE]:[PSAG_OGL_INIT]: framework_graphics config init...
[2025.07.02 02:57:48.134 ms]:[INFO]:[PSAG_OGL_INFORMATION]: device gpu supplier: NVIDIA Corporation
[2025.07.02 02:57:48.134 ms]:[INFO]:[PSAG_OGL_INFORMATION]: device gpu model: NVIDIA GeForce RTX 4060 Laptop GPU/PCIe/SSE2
[2025.07.02 02:57:48.135 ms]:[INFO]:[PSAG_OGL_INFORMATION]: device version opengl: 4.6.0 NVIDIA 576.57
[2025.07.02 02:57:48.135 ms]:[INFO]:[PSAG_OGL_INFORMATION]: device version glsl: 4.60 NVIDIA
[2025.07.02 02:57:48.135 ms]:[PERF]:[PSAG_OGL_INFORMATION]: device memory[capacity]: 8188.00 mib
[2025.07.02 02:57:48.135 ms]:[INFO]:[PSAG_OGL_INFORMATION]: device (vao)attribs_max units: 16 entry
[2025.07.02 02:57:48.135 ms]:[INFO]:[PSAG_OGL_INFORMATION]: device (vbo)buffer_max units: 4096 entry
[2025.07.02 02:57:48.135 ms]:[INFO]:[PSAG_OGL_INFORMATION]: device [tmu]texture_max units: 32 entry
[2025.07.02 02:57:48.135 ms]:[INFO]:[PSAG_OGL_INFORMATION]: device (vert)uniform_max items: 4096
[2025.07.02 02:57:48.135 ms]:[INFO]:[PSAG_OGL_INFORMATION]: device (frag)uniform_max items: 4096
[2025.07.02 02:57:48.135 ms]:[INFO]:[PSAG_LLRES]: graph static_object(graphics) create.
[2025.07.02 02:57:48.135 ms]:[INFO]:[PSAG_AUDIO_DATA]: LLRES static_object() create.
[2025.07.02 02:57:48.135 ms]:[INFO]:[PSAG_OGL_RES]: vao: storage key: 4
[2025.07.02 02:57:48.135 ms]:[INFO]:[PSAG_OGL_RES]: vbo: storage key: 6
[2025.07.02 02:57:48.135 ms]:[TRACE]:[PSAG_GL_DATASET]: dynamic vertex data manager_create.
[2025.07.02 02:57:48.135 ms]:[INFO]:[PSAG_OGL_RES]: vao: storage key: 8
[2025.07.02 02:57:48.135 ms]:[INFO]:[PSAG_OGL_RES]: vbo: storage key: 10
[2025.07.02 02:57:48.136 ms]:[INFO]:[PSAG_GL_DATASET]: ver_data(stc) upload gpu_data: 72 bytes
[2025.07.02 02:57:48.136 ms]:[INFO]:[PSAG_GL_DATASET]: ver_data(stc) item: alloc key: 12
[2025.07.02 02:57:48.136 ms]:[INFO]:[PSAG_GL_DATASET]: preset craete: rectangle.
[2025.07.02 02:57:48.137 ms]:[INFO]:[PSAG_GL_DATASET]: ver_data(stc) upload gpu_data: 2868 bytes
[2025.07.02 02:57:48.137 ms]:[INFO]:[PSAG_GL_DATASET]: ver_data(stc) item: alloc key: 14
[2025.07.02 02:57:48.137 ms]:[INFO]:[PSAG_GL_DATASET]: preset craete: circle.
[2025.07.02 02:57:48.137 ms]:[TRACE]:[PSAG_GL_DATASET]: static vertex data manager_create.
[2025.07.02 02:57:48.137 ms]:[TRACE]:[PSAG_OGL_RES]: tmu alloc u: 1
[2025.07.02 02:57:48.137 ms]:[TRACE]:[PSAG_OGL_RES]: tmu alloc u: 2
[2025.07.02 02:57:48.137 ms]:[TRACE]:[PSAG_OGL_RES]: tmu alloc u: 3
[2025.07.02 02:57:48.137 ms]:[TRACE]:[PSAG_OGL_RES]: tmu alloc u: 4
[2025.07.02 02:57:48.137 ms]:[INFO]:[PSAG_OGL_TEXTURE]: texture.2d(array) object create.
[2025.07.02 02:57:48.137 ms]:[INFO]:[PSAG_OGL_TEXTURE]: texture create, succ: size: 4096 x 4096, layers: 5.
[2025.07.02 02:57:48.137 ms]:[INFO]:[PSAG_OGL_TEXTURE]: texture.2d(array) object create.
[2025.07.02 02:57:48.138 ms]:[INFO]:[PSAG_OGL_TEXTURE]: texture create, succ: size: 2048 x 2048, layers: 10.
[2025.07.02 02:57:48.138 ms]:[INFO]:[PSAG_OGL_TEXTURE]: texture.2d(array) object create.
[2025.07.02 02:57:48.138 ms]:[INFO]:[PSAG_OGL_TEXTURE]: texture create, succ: size: 1024 x 1024, layers: 20.
[2025.07.02 02:57:48.138 ms]:[INFO]:[PSAG_OGL_TEXTURE]: texture.2d(array) object create.
[2025.07.02 02:57:48.138 ms]:[INFO]:[PSAG_OGL_TEXTURE]: texture create, succ: size: 512 x 512, layers: 25.
[2025.07.02 02:57:48.138 ms]:[INFO]:[PSAG_OGL_RES]: texture: storage key: 16
[2025.07.02 02:57:48.138 ms]:[INFO]:[PSAG_OGL_RES]: texture: storage key: 18
[2025.07.02 02:57:48.138 ms]:[INFO]:[PSAG_OGL_RES]: texture: storage key: 20
[2025.07.02 02:57:48.138 ms]:[INFO]:[PSAG_OGL_RES]: texture: storage key: 22
[2025.07.02 02:57:48.138 ms]:[TRACE]:[PSAG_GL_DATASET]: vir_create texture[8x] size: 4096 x 4096
[2025.07.02 02:57:48.138 ms]:[TRACE]:[PSAG_GL_DATASET]: vir_create texture[4x] size: 2048 x 2048
[2025.07.02 02:57:48.138 ms]:[TRACE]:[PSAG_GL_DATASET]: vir_create texture[2x] size: 1024 x 1024
[2025.07.02 02:57:48.138 ms]:[TRACE]:[PSAG_GL_DATASET]: vir_create texture[1x] size: 512 x 512
[2025.07.02 02:57:48.138 ms]:[INFO]:[PSAG_OGL_UNIFORM]: uniform_buffer.gen create.
[2025.07.02 02:57:48.139 ms]:[INFO]:[PSAG_OGL_RES]: ubo: storage key: 24
[2025.07.02 02:57:48.139 ms]:[INFO]:[PSAG_GL_MATRIX]: graphics_engine create matrix ubo.
[2025.07.02 02:57:49.295 ms]:[TRACE]:[PSAG_AUDIO]: audio(openal) global create device & context.
[2025.07.02 02:57:49.296 ms]:[INFO]:[PSAG_PHYSICS]: physics_world item: alloc key: DEFAULT_PHY_WORLD
[2025.07.02 02:57:49.296 ms]:[INFO]:[PSAG_OGL_SHADER]: vertex_shader source script num: 1
[2025.07.02 02:57:49.296 ms]:[INFO]:[PSAG_OGL_SHADER]: vertex compilation succeeded.
[2025.07.02 02:57:49.297 ms]:[INFO]:[PSAG_OGL_SHADER]: fragment_shader source script num: 2
[2025.07.02 02:57:49.297 ms]:[INFO]:[PSAG_OGL_SHADER]: fragment compilation succeeded.
[2025.07.02 02:57:49.298 ms]:[INFO]:[PSAG_OGL_SHADER]: shader_program link succeeded.
[2025.07.02 02:57:49.298 ms]:[INFO]:[PSAG_OGL_RES]: shader: storage key: 26
[2025.07.02 02:57:49.298 ms]:[INFO]:[PSAG_OGL_SHADER]: vertex_shader source script num: 1
[2025.07.02 02:57:49.299 ms]:[INFO]:[PSAG_OGL_SHADER]: vertex compilation succeeded.
[2025.07.02 02:57:49.299 ms]:[INFO]:[PSAG_OGL_SHADER]: fragment_shader source script num: 2
[2025.07.02 02:57:49.299 ms]:[INFO]:[PSAG_OGL_SHADER]: fragment compilation succeeded.
[2025.07.02 02:57:49.300 ms]:[INFO]:[PSAG_OGL_SHADER]: shader_program link succeeded.
[2025.07.02 02:57:49.300 ms]:[INFO]:[PSAG_OGL_RES]: shader: storage key: 28
[2025.07.02 02:57:49.300 ms]:[INFO]:[PSAG_OGL_SHADER]: vertex_shader source script num: 1
[2025.07.02 02:57:49.300 ms]:[INFO]:[PSAG_OGL_SHADER]: vertex compilation succeeded.
[2025.07.02 02:57:49.300 ms]:[INFO]:[PSAG_OGL_SHADER]: fragment_shader source script num: 3
[2025.07.02 02:57:49.300 ms]:[INFO]:[PSAG_OGL_SHADER]: fragment compilation succeeded.
[2025.07.02 02:57:49.301 ms]:[INFO]:[PSAG_OGL_SHADER]: shader_program link succeeded.
[2025.07.02 02:57:49.301 ms]:[INFO]:[PSAG_OGL_RES]: shader: storage key: 30
[2025.07.02 02:57:49.301 ms]:[INFO]:[PSAG_OGL_SHADER]: vertex_shader source script num: 1
[2025.07.02 02:57:49.301 ms]:[INFO]:[PSAG_OGL_SHADER]: vertex compilation succeeded.
[2025.07.02 02:57:49.301 ms]:[INFO]:[PSAG_OGL_SHADER]: fragment_shader source script num: 3
[2025.07.02 02:57:49.301 ms]:[INFO]:[PSAG_OGL_SHADER]: fragment compilation succeeded.
[2025.07.02 02:57:49.301 ms]:[INFO]:[PSAG_OGL_SHADER]: shader_program link succeeded.
[2025.07.02 02:57:49.302 ms]:[INFO]:[PSAG_OGL_RES]: shader: storage key: 32
[2025.07.02 02:57:49.302 ms]:[INFO]:[PSAG_OGL_SHADER]: vertex_shader source script num: 1
[2025.07.02 02:57:49.302 ms]:[INFO]:[PSAG_OGL_SHADER]: vertex compilation succeeded.
[2025.07.02 02:57:49.302 ms]:[INFO]:[PSAG_OGL_SHADER]: fragment_shader source script num: 3
[2025.07.02 02:57:49.302 ms]:[INFO]:[PSAG_OGL_SHADER]: fragment compilation succeeded.
[2025.07.02 02:57:49.302 ms]:[INFO]:[PSAG_OGL_SHADER]: shader_program link succeeded.
[2025.07.02 02:57:49.302 ms]:[INFO]:[PSAG_OGL_RES]: shader: storage key: 34
[2025.07.02 02:57:49.303 ms]:[INFO]:[PSAG_GL_DATASET]: ver_data(stc) upload gpu_data: 2940 bytes
[2025.07.02 02:57:49.303 ms]:[INFO]:[PSAG_GL_DATASET]: ver_data(stc) item: alloc key: 36
[2025.07.02 02:57:49.303 ms]:[INFO]:[PSAG_OGL_RENDER]: render_buffer object create.
[2025.07.02 02:57:49.303 ms]:[INFO]:[PSAG_OGL_RENDER]: render_buffer config depth.
[2025.07.02 02:57:49.303 ms]:[INFO]:[PSAG_OGL_RENDER]: alloc render_buffer 1680 x 945, size: 6.056 mib.
[2025.07.02 02:57:49.303 ms]:[INFO]:[PSAG_OGL_RES]: rbo: storage key: 38
[2025.07.02 02:57:49.303 ms]:[TRACE]:[PSAG_OGL_RES]: tmu alloc u: 5
[2025.07.02 02:57:49.303 ms]:[INFO]:[PSAG_OGL_TEXTURE]: texture.2d(array) object create.
[2025.07.02 02:57:49.303 ms]:[INFO]:[PSAG_OGL_TEXTURE]: texture create, succ: size: 1680 x 945, layers: 5.
[2025.07.02 02:57:49.303 ms]:[INFO]:[PSAG_OGL_RES]: texture: storage key: 40
[2025.07.02 02:57:49.303 ms]:[INFO]:[PSAG_OGL_FRAME]: frame_buffer object create.
[2025.07.02 02:57:49.308 ms]:[INFO]:[PSAG_OGL_RES]: fbo: storage key: 42
[2025.07.02 02:57:49.308 ms]:[INFO]:[PSAG_OGL_FRAME]: frame_buffer object create.
[2025.07.02 02:57:49.308 ms]:[INFO]:[PSAG_OGL_RES]: fbo: storage key: 44
[2025.07.02 02:57:49.308 ms]:[INFO]:[PSAG_OGL_FRAME]: frame_buffer object create.
[2025.07.02 02:57:49.308 ms]:[INFO]:[PSAG_OGL_RES]: fbo: storage key: 46
[2025.07.02 02:57:49.308 ms]:[INFO]:[PSAG_OGL_FRAME]: frame_buffer object create.
[2025.07.02 02:57:49.308 ms]:[INFO]:[PSAG_OGL_RES]: fbo: storage key: 48
[2025.07.02 02:57:49.308 ms]:[INFO]:[PSAG_OGL_FRAME]: frame_buffer object create.
[2025.07.02 02:57:49.308 ms]:[INFO]:[PSAG_OGL_RES]: fbo: storage key: 50
[2025.07.02 02:57:49.309 ms]:[INFO]:[PSAG_GL_POST]: graphics_engine create final_shader(system).
[2025.07.02 02:57:49.309 ms]:[INFO]:[PSAG_IMGUI]: imgui_read: fonts file: PSAGameSystemFiles/JetBrainsMonoBold.ttf
[2025.07.02 02:57:49.310 ms]:[INFO]:[PSAG_IMGUI]: imgui_init: imgui_opengl3 context.
[2025.07.02 02:57:49.310 ms]:[TRACE]:[PSAG_M_CORE]: registration ref_object name: ZPGameScene
[2025.07.02 02:57:49.310 ms]:[TRACE]:[PSAG_M_CORE]: registration ref_object name: ZPGamePActor
[2025.07.02 02:57:49.310 ms]:[TRACE]:[PSAG_M_CORE]: registration ref_object name: ZPGameBullet
[2025.07.02 02:57:49.310 ms]:[TRACE]:[PSAG_M_CORE]: registration ref_object name: ZPGameGui
[2025.07.02 02:57:49.310 ms]:[INFO]:[PSAG_PHYSICS]: physics_world item: alloc key: ZPGamePhysics
[2025.07.02 02:57:49.310 ms]:[INFO]:[PSAG_FILESYS_LOAD]: load(src) read_file: PSAGameFrameworkDev/GameZeroProject/GameMaterial/zpgame_wall_h.png read_size: 22012
[2025.07.02 02:57:49.311 ms]:[INFO]:[PSAG_FILESYS_LOAD]: load(src) read_file: PSAGameFrameworkDev/GameZeroProject/GameMaterial/zpgame_wall_v.png read_size: 44017
[2025.07.02 02:57:49.311 ms]:[INFO]:[PSAG_ACTOR_CORE]: game_actor shader create: 1680 x 945
[2025.07.02 02:57:49.311 ms]:[INFO]:[PSAG_ACTOR_CORE]: game_actor shader create: 1680 x 945
[2025.07.02 02:57:49.324 ms]:[INFO]:[PSAG_OGL_IMG]: success decode image: size: 4096 x 208, color_channel: 4
[2025.07.02 02:57:49.324 ms]:[INFO]:[PSAG_GL_DATASET]: layers_manager alloc_count: 0
[2025.07.02 02:57:49.374 ms]:[INFO]:[PSAG_GL_DATASET]: vir_texture: src: 4096 x 208, fmt_fill: 4096 x 4096
[2025.07.02 02:57:49.408 ms]:[INFO]:[PSAG_GL_DATASET]: vir_texture item: alloc key: 52, cropping: 1.00 x 0.05, res: 1x/1
[2025.07.02 02:57:49.414 ms]:[INFO]:[PSAG_ACTOR_CORE]: game_actor shader texture add, name: WallH
[2025.07.02 02:57:49.415 ms]:[INFO]:[PSAG_ACTOR_CORE]: game_actor shader create: 1680 x 945
[2025.07.02 02:57:49.428 ms]:[INFO]:[PSAG_OGL_IMG]: success decode image: size: 208 x 4096, color_channel: 4
[2025.07.02 02:57:49.430 ms]:[INFO]:[PSAG_GL_DATASET]: layers_manager alloc_count: 1
[2025.07.02 02:57:49.480 ms]:[INFO]:[PSAG_GL_DATASET]: vir_texture: src: 208 x 4096, fmt_fill: 4096 x 4096
[2025.07.02 02:57:49.516 ms]:[INFO]:[PSAG_GL_DATASET]: vir_texture item: alloc key: 54, cropping: 0.05 x 1.00, res: 1x/1
[2025.07.02 02:57:49.522 ms]:[INFO]:[PSAG_ACTOR_CORE]: game_actor shader texture add, name: WallV
[2025.07.02 02:57:49.523 ms]:[INFO]:[PSAG_ACTOR_CORE]: game_actor shader load textures: 0
[2025.07.02 02:57:49.523 ms]:[INFO]:[PSAG_OGL_SHADER]: vertex_shader source script num: 1
[2025.07.02 02:57:49.523 ms]:[INFO]:[PSAG_OGL_SHADER]: vertex compilation succeeded.
[2025.07.02 02:57:49.523 ms]:[INFO]:[PSAG_OGL_SHADER]: fragment_shader source script num: 2
[2025.07.02 02:57:49.523 ms]:[INFO]:[PSAG_OGL_SHADER]: fragment compilation succeeded.
[2025.07.02 02:57:49.523 ms]:[INFO]:[PSAG_OGL_SHADER]: shader_program link succeeded.
[2025.07.02 02:57:49.523 ms]:[INFO]:[PSAG_OGL_RES]: shader: storage key: 56
[2025.07.02 02:57:49.523 ms]:[INFO]:[PSAG_ACTOR_CORE]: game_actor shader default_res create.
[2025.07.02 02:57:49.523 ms]:[INFO]:[PSAG_ACTOR_CORE]: game_actor shader load textures: 1
[2025.07.02 02:57:49.523 ms]:[INFO]:[PSAG_OGL_SHADER]: vertex_shader source script num: 1
[2025.07.02 02:57:49.524 ms]:[INFO]:[PSAG_OGL_SHADER]: vertex compilation succeeded.
[2025.07.02 02:57:49.524 ms]:[INFO]:[PSAG_OGL_SHADER]: fragment_shader source script num: 3
[2025.07.02 02:57:49.524 ms]:[INFO]:[PSAG_OGL_SHADER]: fragment compilation succeeded.
[2025.07.02 02:57:49.524 ms]:[INFO]:[PSAG_OGL_SHADER]: shader_program link succeeded.
[2025.07.02 02:57:49.524 ms]:[INFO]:[PSAG_OGL_RES]: shader: storage key: 60
[2025.07.02 02:57:49.524 ms]:[INFO]:[PSAG_ACTOR_CORE]: game_actor shader default_res create.
[2025.07.02 02:57:49.524 ms]:[INFO]:[PSAG_ACTOR_CORE]: game_actor shader load textures: 1
[2025.07.02 02:57:49.524 ms]:[INFO]:[PSAG_OGL_SHADER]: vertex_shader source script num: 1
[2025.07.02 02:57:49.524 ms]:[INFO]:[PSAG_OGL_SHADER]: vertex compilation succeeded.
[2025.07.02 02:57:49.524 ms]:[INFO]:[PSAG_OGL_SHADER]: fragment_shader source script num: 3
[2025.07.02 02:57:49.524 ms]:[INFO]:[PSAG_OGL_SHADER]: fragment compilation succeeded.
[2025.07.02 02:57:49.524 ms]:[INFO]:[PSAG_OGL_SHADER]: shader_program link succeeded.
[2025.07.02 02:57:49.524 ms]:[INFO]:[PSAG_OGL_RES]: shader: storage key: 64
[2025.07.02 02:57:49.524 ms]:[INFO]:[PSAG_ACTOR_CORE]: game_actor shader default_res create.
[2025.07.02 02:57:49.524 ms]:[INFO]:[PSAG_ENVMT_CORE]: game_envmt get textures: 1
[2025.07.02 02:57:49.524 ms]:[INFO]:[PSAG_ENVMT_CORE]: game_envmt render_comp init.
[2025.07.02 02:57:49.524 ms]:[INFO]:[PSAG_PHYSICS]: phy_world => body_data, name: ZPGamePhysics
[2025.07.02 02:57:49.524 ms]:[INFO]:[PSAG_PHYSICS]: body_data(static) item: alloc key: 2806415952880
[2025.07.02 02:57:49.524 ms]:[INFO]:[PSAG_ENVMT_CORE]: game_envmt item create: 68
[2025.07.02 02:57:49.524 ms]:[INFO]:[PSAG_ENVMT_CORE]: game_envmt get textures: 1
[2025.07.02 02:57:49.524 ms]:[INFO]:[PSAG_ENVMT_CORE]: game_envmt render_comp init.
[2025.07.02 02:57:49.524 ms]:[INFO]:[PSAG_PHYSICS]: phy_world => body_data, name: ZPGamePhysics
[2025.07.02 02:57:49.525 ms]:[INFO]:[PSAG_PHYSICS]: body_data(static) item: alloc key: 2806415954224
[2025.07.02 02:57:49.525 ms]:[INFO]:[PSAG_ENVMT_CORE]: game_envmt item create: 70
[2025.07.02 02:57:49.525 ms]:[INFO]:[PSAG_ENVMT_CORE]: game_envmt get textures: 1
[2025.07.02 02:57:49.525 ms]:[INFO]:[PSAG_ENVMT_CORE]: game_envmt render_comp init.
[2025.07.02 02:57:49.525 ms]:[INFO]:[PSAG_PHYSICS]: phy_world => body_data, name: ZPGamePhysics
[2025.07.02 02:57:49.525 ms]:[INFO]:[PSAG_PHYSICS]: body_data(static) item: alloc key: 2806415955120
[2025.07.02 02:57:49.525 ms]:[INFO]:[PSAG_ENVMT_CORE]: game_envmt item create: 72
[2025.07.02 02:57:49.525 ms]:[INFO]:[PSAG_ENVMT_CORE]: game_envmt get textures: 1
[2025.07.02 02:57:49.525 ms]:[INFO]:[PSAG_ENVMT_CORE]: game_envmt render_comp init.
[2025.07.02 02:57:49.525 ms]:[INFO]:[PSAG_PHYSICS]: phy_world => body_data, name: ZPGamePhysics
[2025.07.02 02:57:49.525 ms]:[INFO]:[PSAG_PHYSICS]: body_data(static) item: alloc key: 2806421570128
[2025.07.02 02:57:49.525 ms]:[INFO]:[PSAG_ENVMT_CORE]: game_envmt item create: 74
[2025.07.02 02:57:49.525 ms]:[INFO]:[PSAG_ENVMT_CORE]: game_envmt render_comp init.
[2025.07.02 02:57:49.525 ms]:[INFO]:[PSAG_PHYSICS]: phy_world => body_data, name: ZPGamePhysics
[2025.07.02 02:57:49.525 ms]:[INFO]:[PSAG_PHYSICS]: body_data(static) item: alloc key: 2806421565872
[2025.07.02 02:57:49.525 ms]:[INFO]:[PSAG_ENVMT_CORE]: game_envmt item create: 76
[2025.07.02 02:57:49.525 ms]:[INFO]:[PSAG_ACTOR_CORE]: AType: register key: ActorPAWN
[2025.07.02 02:57:49.525 ms]:[INFO]:[PSAG_ACTOR_CORE]: AType: register key: ActorNPC
[2025.07.02 02:57:49.526 ms]:[INFO]:[PSAG_FILESYS_LOAD]: load(src) read_file: PSAGameFrameworkDev/GameZeroProject/GameMaterial/zpgame_ppactor_nor.png read_size: 405375
[2025.07.02 02:57:49.526 ms]:[INFO]:[PSAG_ACTOR_CORE]: game_actor shader create: 1680 x 945
[2025.07.02 02:57:49.554 ms]:[INFO]:[PSAG_OGL_IMG]: success decode image: size: 1024 x 1024, color_channel: 4
[2025.07.02 02:57:49.556 ms]:[INFO]:[PSAG_GL_DATASET]: layers_manager alloc_count: 0
[2025.07.02 02:57:49.556 ms]:[INFO]:[PSAG_GL_DATASET]: vir_texture: src: 1024 x 1024, fmt_fill: 1024 x 1024
[2025.07.02 02:57:49.558 ms]:[INFO]:[PSAG_GL_DATASET]: vir_texture item: alloc key: 78, cropping: 1.00 x 1.00, res: 4x/1
[2025.07.02 02:57:49.558 ms]:[INFO]:[PSAG_ACTOR_CORE]: game_actor shader texture add, name: PPActor
[2025.07.02 02:57:49.559 ms]:[INFO]:[PSAG_FILESYS_LOAD]: load(src) read_file: PSAGameFrameworkDev/GameZeroProject/GameMaterial/zpgame_npc_a.png read_size: 177392
[2025.07.02 02:57:49.559 ms]:[INFO]:[PSAG_ACTOR_CORE]: game_actor shader create: 1680 x 945
[2025.07.02 02:57:49.585 ms]:[INFO]:[PSAG_OGL_IMG]: success decode image: size: 1024 x 1024, color_channel: 4
[2025.07.02 02:57:49.587 ms]:[INFO]:[PSAG_GL_DATASET]: layers_manager alloc_count: 1
[2025.07.02 02:57:49.587 ms]:[INFO]:[PSAG_GL_DATASET]: vir_texture: src: 1024 x 1024, fmt_fill: 1024 x 1024
[2025.07.02 02:57:49.589 ms]:[INFO]:[PSAG_GL_DATASET]: vir_texture item: alloc key: 80, cropping: 1.00 x 1.00, res: 4x/1
[2025.07.02 02:57:49.589 ms]:[INFO]:[PSAG_ACTOR_CORE]: game_actor shader texture add, name: NPActor
[2025.07.02 02:57:49.590 ms]:[INFO]:[PSAG_ACTOR_CORE]: game_actor shader load textures: 1
[2025.07.02 02:57:49.590 ms]:[INFO]:[PSAG_OGL_SHADER]: vertex_shader source script num: 1
[2025.07.02 02:57:49.590 ms]:[INFO]:[PSAG_OGL_SHADER]: vertex compilation succeeded.
[2025.07.02 02:57:49.590 ms]:[INFO]:[PSAG_OGL_SHADER]: fragment_shader source script num: 3
[2025.07.02 02:57:49.590 ms]:[INFO]:[PSAG_OGL_SHADER]: fragment compilation succeeded.
[2025.07.02 02:57:49.590 ms]:[INFO]:[PSAG_OGL_SHADER]: shader_program link succeeded.
[2025.07.02 02:57:49.590 ms]:[INFO]:[PSAG_OGL_RES]: shader: storage key: 82
[2025.07.02 02:57:49.590 ms]:[INFO]:[PSAG_ACTOR_CORE]: game_actor shader default_res create.
[2025.07.02 02:57:49.590 ms]:[INFO]:[PSAG_ACTOR_CORE]: game_actor shader load textures: 1
[2025.07.02 02:57:49.590 ms]:[INFO]:[PSAG_OGL_SHADER]: vertex_shader source script num: 1
[2025.07.02 02:57:49.590 ms]:[INFO]:[PSAG_OGL_SHADER]: vertex compilation succeeded.
[2025.07.02 02:57:49.590 ms]:[INFO]:[PSAG_OGL_SHADER]: fragment_shader source script num: 3
[2025.07.02 02:57:49.591 ms]:[INFO]:[PSAG_OGL_SHADER]: fragment compilation succeeded.
[2025.07.02 02:57:49.591 ms]:[INFO]:[PSAG_OGL_SHADER]: shader_program link succeeded.
[2025.07.02 02:57:49.591 ms]:[INFO]:[PSAG_OGL_RES]: shader: storage key: 86
[2025.07.02 02:57:49.591 ms]:[INFO]:[PSAG_ACTOR_CORE]: game_actor shader default_res create.
[2025.07.02 02:57:49.591 ms]:[INFO]:[PSAG_ACTOR_CORE]: game_actor get textures: 1
[2025.07.02 02:57:49.591 ms]:[INFO]:[PSAG_ACTOR_CORE]: game_actor render_comp init.
[2025.07.02 02:57:49.591 ms]:[INFO]:[PSAG_PHYSICS]: phy_world => body_data, name: ZPGamePhysics
[2025.07.02 02:57:49.591 ms]:[INFO]:[PSAG_PHYSICS]: body_data(dynamic) item: alloc key: 2806419148752
[2025.07.02 02:57:49.591 ms]:[INFO]:[PSAG_ACTOR_CORE]: game_actor entity create: 90
[2025.07.02 02:57:49.591 ms]:[INFO]:[PSAG_TOOL_NOTFIY]: station register n: PPActor, ptr 6ff64150
[2025.07.02 02:57:49.591 ms]:[INFO]:[PSAG_ACTOR_CORE]: game_actor get textures: 1
[2025.07.02 02:57:49.591 ms]:[INFO]:[PSAG_ACTOR_CORE]: game_actor render_comp init.
[2025.07.02 02:57:49.591 ms]:[INFO]:[PSAG_PHYSICS]: phy_world => body_data, name: ZPGamePhysics
[2025.07.02 02:57:49.591 ms]:[INFO]:[PSAG_PHYSICS]: body_data(dynamic) item: alloc key: 2806419146736
[2025.07.02 02:57:49.591 ms]:[INFO]:[PSAG_ACTOR_CORE]: game_actor entity create: 92
[2025.07.02 02:57:49.591 ms]:[INFO]:[PSAG_ACTOR_CORE]: game_actor get textures: 1
[2025.07.02 02:57:49.591 ms]:[INFO]:[PSAG_ACTOR_CORE]: game_actor render_comp init.
[2025.07.02 02:57:49.591 ms]:[INFO]:[PSAG_PHYSICS]: phy_world => body_data, name: ZPGamePhysics
[2025.07.02 02:57:49.591 ms]:[INFO]:[PSAG_PHYSICS]: body_data(dynamic) item: alloc key: 2806419147072
[2025.07.02 02:57:49.591 ms]:[INFO]:[PSAG_ACTOR_CORE]: game_actor entity create: 94
[2025.07.02 02:57:49.592 ms]:[INFO]:[PSAG_ACTOR_CORE]: game_actor get textures: 1
[2025.07.02 02:57:49.592 ms]:[INFO]:[PSAG_ACTOR_CORE]: game_actor render_comp init.
[2025.07.02 02:57:49.592 ms]:[INFO]:[PSAG_PHYSICS]: phy_world => body_data, name: ZPGamePhysics
[2025.07.02 02:57:49.592 ms]:[INFO]:[PSAG_PHYSICS]: body_data(dynamic) item: alloc key: 2806419147408
[2025.07.02 02:57:49.592 ms]:[INFO]:[PSAG_ACTOR_CORE]: game_actor entity create: 96
[2025.07.02 02:57:49.592 ms]:[INFO]:[PSAG_ACTOR_CORE]: game_actor get textures: 1
[2025.07.02 02:57:49.592 ms]:[INFO]:[PSAG_ACTOR_CORE]: game_actor render_comp init.
[2025.07.02 02:57:49.592 ms]:[INFO]:[PSAG_PHYSICS]: phy_world => body_data, name: ZPGamePhysics
[2025.07.02 02:57:49.592 ms]:[INFO]:[PSAG_PHYSICS]: body_data(dynamic) item: alloc key: 2806422721200
[2025.07.02 02:57:49.592 ms]:[INFO]:[PSAG_ACTOR_CORE]: game_actor entity create: 98
[2025.07.02 02:57:49.592 ms]:[INFO]:[PSAG_ACTOR_CORE]: game_actor get textures: 1
[2025.07.02 02:57:49.592 ms]:[INFO]:[PSAG_ACTOR_CORE]: game_actor render_comp init.
[2025.07.02 02:57:49.592 ms]:[INFO]:[PSAG_PHYSICS]: phy_world => body_data, name: ZPGamePhysics
[2025.07.02 02:57:49.592 ms]:[INFO]:[PSAG_PHYSICS]: body_data(dynamic) item: alloc key: 2806422715152
[2025.07.02 02:57:49.592 ms]:[INFO]:[PSAG_ACTOR_CORE]: game_actor entity create: 100
[2025.07.02 02:57:49.592 ms]:[INFO]:[PSAG_ACTOR_CORE]: game_actor get textures: 1
[2025.07.02 02:57:49.592 ms]:[INFO]:[PSAG_ACTOR_CORE]: game_actor render_comp init.
[2025.07.02 02:57:49.592 ms]:[INFO]:[PSAG_PHYSICS]: phy_world => body_data, name: ZPGamePhysics
[2025.07.02 02:57:49.592 ms]:[INFO]:[PSAG_PHYSICS]: body_data(dynamic) item: alloc key: 2806422715488
[2025.07.02 02:57:49.592 ms]:[INFO]:[PSAG_ACTOR_CORE]: game_actor entity create: 102
[2025.07.02 02:57:49.592 ms]:[INFO]:[PSAG_ACTOR_CORE]: AType: register key: ActorBULLET
[2025.07.02 02:57:49.592 ms]:[INFO]:[PSAG_FILESYS_LOAD]: load(src) read_file: PSAGameFrameworkDev/GameZeroProject/GameMaterial/zpgame_bullet_b.png read_size: 12111
[2025.07.02 02:57:49.593 ms]:[INFO]:[PSAG_FILESYS_LOAD]: load(src) read_file: PSAGameFrameworkDev/GameZeroProject/GameMaterial/zpgame_bullet_a.png read_size: 54094
[2025.07.02 02:57:49.593 ms]:[INFO]:[PSAG_ACTOR_CORE]: game_actor shader create: 1680 x 945
[2025.07.02 02:57:49.593 ms]:[INFO]:[PSAG_ACTOR_CORE]: game_actor shader create: 1680 x 945
[2025.07.02 02:57:49.602 ms]:[INFO]:[PSAG_OGL_IMG]: success decode image: size: 512 x 512, color_channel: 4
[2025.07.02 02:57:49.602 ms]:[INFO]:[PSAG_GL_DATASET]: layers_manager alloc_count: 0
[2025.07.02 02:57:49.602 ms]:[INFO]:[PSAG_GL_DATASET]: vir_texture: src: 512 x 512, fmt_fill: 512 x 512
[2025.07.02 02:57:49.603 ms]:[INFO]:[PSAG_GL_DATASET]: vir_texture item: alloc key: 104, cropping: 1.00 x 1.00, res: 8x/1
[2025.07.02 02:57:49.603 ms]:[INFO]:[PSAG_ACTOR_CORE]: game_actor shader texture add, name: SharpBullet
[2025.07.02 02:57:49.636 ms]:[INFO]:[PSAG_OGL_IMG]: success decode image: size: 1024 x 2048, color_channel: 4
[2025.07.02 02:57:49.638 ms]:[INFO]:[PSAG_GL_DATASET]: layers_manager alloc_count: 0
[2025.07.02 02:57:49.725 ms]:[INFO]:[PSAG_GL_DATASET]: vir_texture: src: 1024 x 2048, fmt_fill: 2048 x 2048
[2025.07.02 02:57:49.734 ms]:[INFO]:[PSAG_GL_DATASET]: vir_texture item: alloc key: 106, cropping: 0.50 x 1.00, res: 2x/1
[2025.07.02 02:57:49.736 ms]:[INFO]:[PSAG_ACTOR_CORE]: game_actor shader texture add, name: GuideBullet
[2025.07.02 02:57:49.737 ms]:[INFO]:[PSAG_ACTOR_CORE]: game_actor shader load textures: 1
[2025.07.02 02:57:49.737 ms]:[INFO]:[PSAG_OGL_SHADER]: vertex_shader source script num: 1
[2025.07.02 02:57:49.737 ms]:[INFO]:[PSAG_OGL_SHADER]: vertex compilation succeeded.
[2025.07.02 02:57:49.737 ms]:[INFO]:[PSAG_OGL_SHADER]: fragment_shader source script num: 3
[2025.07.02 02:57:49.764 ms]:[ERROR]:[shader_err_msg: ]: <> opengl_compiler: fragment 0(25) : error C1503: undefined variable "SampleTextureSBullet"

[2025.07.02 02:57:49.784 ms]:[ERROR]:[program_err_msg: ]: <> opengl_link: program Fragment info
-------------
0(25) : error C1503: undefined variable "SampleTextureSBullet"
(0) : error C2003: incompatible options for link

[2025.07.02 02:57:49.784 ms]:[ERROR]:[PSAG_ACTOR_CORE]: <F:\PSAFrameworkProject\PSAGameFramework\PSAGameFramework\PSAGameFrameworkCore\CoreGameActor\psag_actor_module_shader.cpp:__LINE__> game_actor shader failed create.
[2025.07.02 02:57:49.784 ms]:[INFO]:[PSAG_ACTOR_CORE]: game_actor shader load textures: 1
[2025.07.02 02:57:49.784 ms]:[INFO]:[PSAG_OGL_SHADER]: vertex_shader source script num: 1
[2025.07.02 02:57:49.784 ms]:[INFO]:[PSAG_OGL_SHADER]: vertex compilation succeeded.
[2025.07.02 02:57:49.784 ms]:[INFO]:[PSAG_OGL_SHADER]: fragment_shader source script num: 3
[2025.07.02 02:57:49.785 ms]:[ERROR]:[shader_err_msg: ]: <> opengl_compiler: fragment 0(25) : error C1503: undefined variable "SampleTextureGBullet"

[2025.07.02 02:57:49.787 ms]:[ERROR]:[program_err_msg: ]: <> opengl_link: program Fragment info
-------------
0(25) : error C1503: undefined variable "SampleTextureGBullet"
(0) : error C2003: incompatible options for link

[2025.07.02 02:57:49.787 ms]:[ERROR]:[PSAG_ACTOR_CORE]: <F:\PSAFrameworkProject\PSAGameFramework\PSAGameFramework\PSAGameFrameworkCore\CoreGameActor\psag_actor_module_shader.cpp:__LINE__> game_actor shader failed create.
[2025.07.02 02:57:49.787 ms]:[INFO]:[PSAG_FILESYS_LOAD]: load(src) read_file: PSAGameFrameworkDev/GameZeroProject/GameMaterial/zpgame_particle_a.png read_size: 21686
[2025.07.02 02:57:49.796 ms]:[INFO]:[PSAG_OGL_IMG]: success decode image: size: 512 x 512, color_channel: 4
[2025.07.02 02:57:49.797 ms]:[INFO]:[PSAG_GL_PARTICLE]: particle system proc thread init.
[2025.07.02 02:57:49.797 ms]:[INFO]:[PSAG_OGL_SHADER]: vertex_shader source script num: 1
[2025.07.02 02:57:49.797 ms]:[INFO]:[PSAG_OGL_SHADER]: vertex compilation succeeded.
[2025.07.02 02:57:49.797 ms]:[INFO]:[PSAG_OGL_SHADER]: fragment_shader source script num: 3
[2025.07.02 02:57:49.797 ms]:[INFO]:[PSAG_OGL_SHADER]: fragment compilation succeeded.
[2025.07.02 02:57:49.797 ms]:[INFO]:[PSAG_OGL_SHADER]: shader_program link succeeded.
[2025.07.02 02:57:49.797 ms]:[INFO]:[PSAG_OGL_RES]: shader: storage key: 108
[2025.07.02 02:57:49.797 ms]:[INFO]:[PSAG_GL_DATASET]: ver_data(dy) item: alloc key: 110
[2025.07.02 02:57:49.798 ms]:[INFO]:[PSAG_GL_DATASET]: layers_manager alloc_count: 1
[2025.07.02 02:57:49.798 ms]:[INFO]:[PSAG_GL_DATASET]: vir_texture: src: 512 x 512, fmt_fill: 512 x 512
[2025.07.02 02:57:49.798 ms]:[INFO]:[PSAG_GL_DATASET]: vir_texture item: alloc key: 112, cropping: 1.00 x 1.00, res: 8x/1
[2025.07.02 02:57:49.799 ms]:[INFO]:[PSAG_GL_PARTICLE]: particle system init.
[2025.07.02 02:57:49.799 ms]:[INFO]:[PSAG_GL_PARTICLE]: particle system render_size: 1680 x 945
[2025.07.02 02:57:49.799 ms]:[INFO]:[PSAG_MANAGER_FX]: manager fx_particle init.
[2025.07.02 02:57:49.799 ms]:[INFO]:[PSAG_TOOL_NOTFIY]: station register n: PPActorBullet, ptr 6ff64150
[2025.07.02 02:57:49.799 ms]:[INFO]:[PSAG_FILESYS_LOAD]: load(src) read_file: PSAGameFrameworkDev/GameZeroProject/GameMaterial/zpgame_gui/zpgame_gui_b0.png read_size: 10743
[2025.07.02 02:57:49.805 ms]:[INFO]:[PSAG_OGL_IMG]: success decode image: size: 1024 x 278, color_channel: 4
[2025.07.02 02:57:49.805 ms]:[INFO]:[PSAG_OGL_TEXTURE]: texture.2d(view) object create.
[2025.07.02 02:57:49.807 ms]:[INFO]:[PSAG_OGL_TEXTURE]: texture_view create, succ: size: 1024 x 278
[2025.07.02 02:57:49.807 ms]:[INFO]:[PSAG_GL_PVFX]: psag_fx image_view system, create: 1024 x 278
[2025.07.02 02:57:49.807 ms]:[INFO]:[PSAG_FILESYS_LOAD]: load(src) read_file: PSAGameFrameworkDev/GameZeroProject/GameMaterial/zpgame_gui/zpgame_gui_b1.png read_size: 22199
[2025.07.02 02:57:49.815 ms]:[INFO]:[PSAG_OGL_IMG]: success decode image: size: 1024 x 278, color_channel: 4
[2025.07.02 02:57:49.817 ms]:[INFO]:[PSAG_OGL_TEXTURE]: texture.2d(view) object create.
[2025.07.02 02:57:49.819 ms]:[INFO]:[PSAG_OGL_TEXTURE]: texture_view create, succ: size: 1024 x 278
[2025.07.02 02:57:49.819 ms]:[INFO]:[PSAG_GL_PVFX]: psag_fx image_view system, create: 1024 x 278
[2025.07.02 02:57:49.819 ms]:[INFO]:[PSAG_FILESYS_LOAD]: load(src) read_file: PSAGameFrameworkDev/GameZeroProject/GameMaterial/zpgame_gui/zpgame_gui_b2.png read_size: 22716
[2025.07.02 02:57:49.826 ms]:[INFO]:[PSAG_OGL_IMG]: success decode image: size: 1024 x 278, color_channel: 4
[2025.07.02 02:57:49.828 ms]:[INFO]:[PSAG_OGL_TEXTURE]: texture.2d(view) object create.
[2025.07.02 02:57:49.829 ms]:[INFO]:[PSAG_OGL_TEXTURE]: texture_view create, succ: size: 1024 x 278
[2025.07.02 02:57:49.829 ms]:[INFO]:[PSAG_GL_PVFX]: psag_fx image_view system, create: 1024 x 278
[2025.07.02 02:57:49.829 ms]:[INFO]:[PSAG_FILESYS_LOAD]: load(src) read_file: PSAGameFrameworkDev/GameZeroProject/GameMaterial/zpgame_gui/zpgame_gui_b3.png read_size: 23026
[2025.07.02 02:57:49.836 ms]:[INFO]:[PSAG_OGL_IMG]: success decode image: size: 1024 x 278, color_channel: 4
[2025.07.02 02:57:49.838 ms]:[INFO]:[PSAG_OGL_TEXTURE]: texture.2d(view) object create.
[2025.07.02 02:57:49.838 ms]:[INFO]:[PSAG_OGL_TEXTURE]: texture_view create, succ: size: 1024 x 278
[2025.07.02 02:57:49.838 ms]:[INFO]:[PSAG_GL_PVFX]: psag_fx image_view system, create: 1024 x 278
[2025.07.02 02:57:49.839 ms]:[INFO]:[PSAG_FILESYS_LOAD]: load(src) read_file: PSAGameFrameworkDev/GameZeroProject/GameMaterial/zpgame_gui/zpgame_gui_b4.png read_size: 23655
[2025.07.02 02:57:49.846 ms]:[INFO]:[PSAG_OGL_IMG]: success decode image: size: 1024 x 278, color_channel: 4
[2025.07.02 02:57:49.848 ms]:[INFO]:[PSAG_OGL_TEXTURE]: texture.2d(view) object create.
[2025.07.02 02:57:49.849 ms]:[INFO]:[PSAG_OGL_TEXTURE]: texture_view create, succ: size: 1024 x 278
[2025.07.02 02:57:49.849 ms]:[INFO]:[PSAG_GL_PVFX]: psag_fx image_view system, create: 1024 x 278
[2025.07.02 02:57:49.849 ms]:[INFO]:[PSAG_FILESYS_LOAD]: load(src) read_file: PSAGameFrameworkDev/GameZeroProject/GameMaterial/zpgame_gui/zpgame_gui_b5.png read_size: 23922
[2025.07.02 02:57:49.856 ms]:[INFO]:[PSAG_OGL_IMG]: success decode image: size: 1024 x 278, color_channel: 4
[2025.07.02 02:57:49.858 ms]:[INFO]:[PSAG_OGL_TEXTURE]: texture.2d(view) object create.
[2025.07.02 02:57:49.858 ms]:[INFO]:[PSAG_OGL_TEXTURE]: texture_view create, succ: size: 1024 x 278
[2025.07.02 02:57:49.858 ms]:[INFO]:[PSAG_GL_PVFX]: psag_fx image_view system, create: 1024 x 278
[2025.07.02 02:57:49.858 ms]:[INFO]:[PSAG_M_START_ANIM]: create start_anim player.
[2025.07.02 02:57:49.858 ms]:[TRACE]:[PSAG_M_CORE]: pomelo_star game2d version: 12.20250127
[2025.07.02 02:57:49.897 ms]:[INFO]:[PSAG_M_START_ANIM]: start_anim playback complete, time(s): 0.000
[2025.07.02 02:57:49.897 ms]:[INFO]:[PSAG_M_START_ANIM]: free textures resource.
[2025.07.02 02:57:50.836 ms]:[INFO]:[PSAG_TOOL_NOTFIY]: station receive pair: PPActor/PPActorBullet, data_size: 12 bytes
[2025.07.02 02:57:50.836 ms]:[INFO]:[PSAG_ACTOR_CORE]: game_actor get textures: 1
[2025.07.02 02:57:50.836 ms]:[INFO]:[PSAG_ACTOR_CORE]: game_actor render_comp init.
[2025.07.02 02:57:50.837 ms]:[INFO]:[PSAG_PHYSICS]: phy_world => body_data, name: ZPGamePhysics
[2025.07.02 02:57:50.837 ms]:[INFO]:[PSAG_PHYSICS]: body_data(dynamic) item: alloc key: 2806422721536
[2025.07.02 02:57:50.837 ms]:[INFO]:[PSAG_ACTOR_CORE]: game_actor entity create: 114
[2025.07.02 02:57:53.542 ms]:[INFO]:[PSAG_PHYSICS]: phy_world => body_data, name: ZPGamePhysics
[2025.07.02 02:57:53.542 ms]:[INFO]:[PSAG_PHYSICS]: body_data item: delete key: 2806421602080
[2025.07.02 02:57:53.542 ms]:[INFO]:[PSAG_ACTOR_CORE]: game_actor entity delete: 114
[2025.07.02 02:57:55.193 ms]:[INFO]:[PSAG_TOOL_NOTFIY]: station receive pair: PPActor/PPActorBullet, data_size: 12 bytes
[2025.07.02 02:57:55.193 ms]:[INFO]:[PSAG_ACTOR_CORE]: game_actor get textures: 1
[2025.07.02 02:57:55.193 ms]:[INFO]:[PSAG_ACTOR_CORE]: game_actor render_comp init.
[2025.07.02 02:57:55.193 ms]:[INFO]:[PSAG_PHYSICS]: phy_world => body_data, name: ZPGamePhysics
[2025.07.02 02:57:55.193 ms]:[INFO]:[PSAG_PHYSICS]: body_data(dynamic) item: alloc key: 2806422718848
[2025.07.02 02:57:55.193 ms]:[INFO]:[PSAG_ACTOR_CORE]: game_actor entity create: 116
[2025.07.02 02:57:59.552 ms]:[INFO]:[PSAG_PHYSICS]: phy_world => body_data, name: ZPGamePhysics
[2025.07.02 02:57:59.552 ms]:[INFO]:[PSAG_PHYSICS]: body_data item: delete key: 2806421602080
[2025.07.02 02:57:59.553 ms]:[INFO]:[PSAG_ACTOR_CORE]: game_actor entity delete: 116
[2025.07.02 02:58:07.318 ms]:[INFO]:[PSAG_TOOL_NOTFIY]: station receive pair: PPActor/PPActorBullet, data_size: 12 bytes
[2025.07.02 02:58:07.318 ms]:[INFO]:[PSAG_ACTOR_CORE]: game_actor get textures: 1
[2025.07.02 02:58:07.318 ms]:[INFO]:[PSAG_ACTOR_CORE]: game_actor render_comp init.
[2025.07.02 02:58:07.318 ms]:[INFO]:[PSAG_PHYSICS]: phy_world => body_data, name: ZPGamePhysics
[2025.07.02 02:58:07.319 ms]:[INFO]:[PSAG_PHYSICS]: body_data(dynamic) item: alloc key: 2806422722208
[2025.07.02 02:58:07.319 ms]:[INFO]:[PSAG_ACTOR_CORE]: game_actor entity create: 118
[2025.07.02 02:58:07.697 ms]:[INFO]:[PSAG_TOOL_NOTFIY]: station receive pair: PPActor/PPActorBullet, data_size: 12 bytes
[2025.07.02 02:58:07.697 ms]:[INFO]:[PSAG_ACTOR_CORE]: game_actor get textures: 1
[2025.07.02 02:58:07.697 ms]:[INFO]:[PSAG_ACTOR_CORE]: game_actor render_comp init.
[2025.07.02 02:58:07.697 ms]:[INFO]:[PSAG_PHYSICS]: phy_world => body_data, name: ZPGamePhysics
[2025.07.02 02:58:07.697 ms]:[INFO]:[PSAG_PHYSICS]: body_data(dynamic) item: alloc key: 2806422720864
[2025.07.02 02:58:07.697 ms]:[INFO]:[PSAG_ACTOR_CORE]: game_actor entity create: 120
[2025.07.02 02:58:11.570 ms]:[INFO]:[PSAG_PHYSICS]: phy_world => body_data, name: ZPGamePhysics
[2025.07.02 02:58:11.570 ms]:[INFO]:[PSAG_PHYSICS]: body_data item: delete key: 2806421602272
[2025.07.02 02:58:11.571 ms]:[INFO]:[PSAG_ACTOR_CORE]: game_actor entity delete: 120
[2025.07.02 02:58:14.123 ms]:[INFO]:[PSAG_TOOL_NOTFIY]: station receive pair: PPActor/PPActorBullet, data_size: 12 bytes
[2025.07.02 02:58:14.123 ms]:[INFO]:[PSAG_ACTOR_CORE]: game_actor get textures: 1
[2025.07.02 02:58:14.123 ms]:[INFO]:[PSAG_ACTOR_CORE]: game_actor render_comp init.
[2025.07.02 02:58:14.123 ms]:[INFO]:[PSAG_PHYSICS]: phy_world => body_data, name: ZPGamePhysics
[2025.07.02 02:58:14.123 ms]:[INFO]:[PSAG_PHYSICS]: body_data(dynamic) item: alloc key: 2806422716160
[2025.07.02 02:58:14.123 ms]:[INFO]:[PSAG_ACTOR_CORE]: game_actor entity create: 122
[2025.07.02 02:58:17.423 ms]:[INFO]:[PSAG_PHYSICS]: phy_world => body_data, name: ZPGamePhysics
[2025.07.02 02:58:17.423 ms]:[INFO]:[PSAG_PHYSICS]: body_data item: delete key: 2806421602080
[2025.07.02 02:58:17.423 ms]:[INFO]:[PSAG_ACTOR_CORE]: game_actor entity delete: 118
[2025.07.02 02:58:17.567 ms]:[INFO]:[PSAG_PHYSICS]: phy_world => body_data, name: ZPGamePhysics
[2025.07.02 02:58:17.567 ms]:[INFO]:[PSAG_PHYSICS]: body_data item: delete key: 2806421602272
[2025.07.02 02:58:17.567 ms]:[INFO]:[PSAG_ACTOR_CORE]: game_actor entity delete: 122
[2025.07.02 02:58:22.019 ms]:[INFO]:[PSAG_TOOL_NOTFIY]: station receive pair: PPActor/PPActorBullet, data_size: 12 bytes
[2025.07.02 02:58:22.019 ms]:[INFO]:[PSAG_ACTOR_CORE]: game_actor get textures: 1
[2025.07.02 02:58:22.019 ms]:[INFO]:[PSAG_ACTOR_CORE]: game_actor render_comp init.
[2025.07.02 02:58:22.019 ms]:[INFO]:[PSAG_PHYSICS]: phy_world => body_data, name: ZPGamePhysics
[2025.07.02 02:58:22.019 ms]:[INFO]:[PSAG_PHYSICS]: body_data(dynamic) item: alloc key: 2806422714816
[2025.07.02 02:58:22.019 ms]:[INFO]:[PSAG_ACTOR_CORE]: game_actor entity create: 124
[2025.07.02 02:58:22.295 ms]:[INFO]:[PSAG_TOOL_NOTFIY]: station receive pair: PPActor/PPActorBullet, data_size: 12 bytes
[2025.07.02 02:58:22.295 ms]:[INFO]:[PSAG_ACTOR_CORE]: game_actor get textures: 1
[2025.07.02 02:58:22.295 ms]:[INFO]:[PSAG_ACTOR_CORE]: game_actor render_comp init.
[2025.07.02 02:58:22.296 ms]:[INFO]:[PSAG_PHYSICS]: phy_world => body_data, name: ZPGamePhysics
[2025.07.02 02:58:22.296 ms]:[INFO]:[PSAG_PHYSICS]: body_data(dynamic) item: alloc key: 2806422715824
[2025.07.02 02:58:22.296 ms]:[INFO]:[PSAG_ACTOR_CORE]: game_actor entity create: 126
[2025.07.02 02:58:22.346 ms]:[INFO]:[PSAG_TOOL_NOTFIY]: station receive pair: PPActor/PPActorBullet, data_size: 12 bytes
[2025.07.02 02:58:22.347 ms]:[INFO]:[PSAG_ACTOR_CORE]: game_actor get textures: 1
[2025.07.02 02:58:22.347 ms]:[INFO]:[PSAG_ACTOR_CORE]: game_actor render_comp init.
[2025.07.02 02:58:22.347 ms]:[INFO]:[PSAG_PHYSICS]: phy_world => body_data, name: ZPGamePhysics
[2025.07.02 02:58:22.347 ms]:[INFO]:[PSAG_PHYSICS]: body_data(dynamic) item: alloc key: 2806422716160
[2025.07.02 02:58:22.347 ms]:[INFO]:[PSAG_ACTOR_CORE]: game_actor entity create: 128
[2025.07.02 02:58:22.395 ms]:[INFO]:[PSAG_TOOL_NOTFIY]: station receive pair: PPActor/PPActorBullet, data_size: 12 bytes
[2025.07.02 02:58:22.395 ms]:[INFO]:[PSAG_ACTOR_CORE]: game_actor get textures: 1
[2025.07.02 02:58:22.395 ms]:[INFO]:[PSAG_ACTOR_CORE]: game_actor render_comp init.
[2025.07.02 02:58:22.395 ms]:[INFO]:[PSAG_PHYSICS]: phy_world => body_data, name: ZPGamePhysics
[2025.07.02 02:58:22.395 ms]:[INFO]:[PSAG_PHYSICS]: body_data(dynamic) item: alloc key: 2806422717168
[2025.07.02 02:58:22.395 ms]:[INFO]:[PSAG_ACTOR_CORE]: game_actor entity create: 130
[2025.07.02 02:58:22.445 ms]:[INFO]:[PSAG_TOOL_NOTFIY]: station receive pair: PPActor/PPActorBullet, data_size: 12 bytes
[2025.07.02 02:58:22.446 ms]:[INFO]:[PSAG_ACTOR_CORE]: game_actor get textures: 1
[2025.07.02 02:58:22.446 ms]:[INFO]:[PSAG_ACTOR_CORE]: game_actor render_comp init.
[2025.07.02 02:58:22.446 ms]:[INFO]:[PSAG_PHYSICS]: phy_world => body_data, name: ZPGamePhysics
[2025.07.02 02:58:22.446 ms]:[INFO]:[PSAG_PHYSICS]: body_data(dynamic) item: alloc key: 2806422720192
[2025.07.02 02:58:22.446 ms]:[INFO]:[PSAG_ACTOR_CORE]: game_actor entity create: 132
[2025.07.02 02:58:29.147 ms]:[INFO]:[PSAG_PHYSICS]: phy_world => body_data, name: ZPGamePhysics
[2025.07.02 02:58:29.147 ms]:[INFO]:[PSAG_PHYSICS]: body_data item: delete key: 2806421602272
[2025.07.02 02:58:29.147 ms]:[INFO]:[PSAG_ACTOR_CORE]: game_actor entity delete: 124
[2025.07.02 02:58:32.600 ms]:[INFO]:[PSAG_TOOL_NOTFIY]: station receive pair: PPActor/PPActorBullet, data_size: 12 bytes
[2025.07.02 02:58:32.600 ms]:[INFO]:[PSAG_ACTOR_CORE]: game_actor get textures: 1
[2025.07.02 02:58:32.600 ms]:[INFO]:[PSAG_ACTOR_CORE]: game_actor render_comp init.
[2025.07.02 02:58:32.600 ms]:[INFO]:[PSAG_PHYSICS]: phy_world => body_data, name: ZPGamePhysics
[2025.07.02 02:58:32.600 ms]:[INFO]:[PSAG_PHYSICS]: body_data(dynamic) item: alloc key: 2806422716496
[2025.07.02 02:58:32.600 ms]:[INFO]:[PSAG_ACTOR_CORE]: game_actor entity create: 134
[2025.07.02 02:58:34.445 ms]:[INFO]:[PSAG_PHYSICS]: phy_world => body_data, name: ZPGamePhysics
[2025.07.02 02:58:34.445 ms]:[INFO]:[PSAG_PHYSICS]: body_data item: delete key: 2806421602272
[2025.07.02 02:58:34.445 ms]:[INFO]:[PSAG_ACTOR_CORE]: game_actor entity delete: 134
[2025.07.02 02:58:36.232 ms]:[INFO]:[PSAG_PHYSICS]: phy_world => body_data, name: ZPGamePhysics
[2025.07.02 02:58:36.232 ms]:[INFO]:[PSAG_PHYSICS]: body_data item: delete key: 2806421602080
[2025.07.02 02:58:36.232 ms]:[INFO]:[PSAG_ACTOR_CORE]: game_actor entity delete: 126
[2025.07.02 02:58:36.284 ms]:[INFO]:[PSAG_PHYSICS]: phy_world => body_data, name: ZPGamePhysics
[2025.07.02 02:58:36.284 ms]:[INFO]:[PSAG_PHYSICS]: body_data item: delete key: 2806421602464
[2025.07.02 02:58:36.284 ms]:[INFO]:[PSAG_ACTOR_CORE]: game_actor entity delete: 128
[2025.07.02 02:58:36.335 ms]:[INFO]:[PSAG_PHYSICS]: phy_world => body_data, name: ZPGamePhysics
[2025.07.02 02:58:36.335 ms]:[INFO]:[PSAG_PHYSICS]: body_data item: delete key: 2806421602656
[2025.07.02 02:58:36.335 ms]:[INFO]:[PSAG_ACTOR_CORE]: game_actor entity delete: 130
[2025.07.02 02:58:36.384 ms]:[INFO]:[PSAG_PHYSICS]: phy_world => body_data, name: ZPGamePhysics
[2025.07.02 02:58:36.384 ms]:[INFO]:[PSAG_PHYSICS]: body_data item: delete key: 2806421602848
[2025.07.02 02:58:36.384 ms]:[INFO]:[PSAG_ACTOR_CORE]: game_actor entity delete: 132
[2025.07.02 02:58:40.165 ms]:[INFO]:[PSAG_TOOL_NOTFIY]: station receive pair: PPActor/PPActorBullet, data_size: 12 bytes
[2025.07.02 02:58:40.165 ms]:[INFO]:[PSAG_ACTOR_CORE]: game_actor get textures: 1
[2025.07.02 02:58:40.165 ms]:[INFO]:[PSAG_ACTOR_CORE]: game_actor render_comp init.
[2025.07.02 02:58:40.165 ms]:[INFO]:[PSAG_PHYSICS]: phy_world => body_data, name: ZPGamePhysics
[2025.07.02 02:58:40.165 ms]:[INFO]:[PSAG_PHYSICS]: body_data(dynamic) item: alloc key: 2806422722208
[2025.07.02 02:58:40.165 ms]:[INFO]:[PSAG_ACTOR_CORE]: game_actor entity create: 136
[2025.07.02 02:58:40.234 ms]:[INFO]:[PSAG_PHYSICS]: phy_world => body_data, name: ZPGamePhysics
[2025.07.02 02:58:40.234 ms]:[INFO]:[PSAG_PHYSICS]: body_data item: delete key: 2806421602848
[2025.07.02 02:58:40.234 ms]:[INFO]:[PSAG_ACTOR_CORE]: game_actor entity delete: 136
[2025.07.02 02:58:40.738 ms]:[INFO]:[PSAG_TOOL_NOTFIY]: station receive pair: PPActor/PPActorBullet, data_size: 12 bytes
[2025.07.02 02:58:40.738 ms]:[INFO]:[PSAG_ACTOR_CORE]: game_actor get textures: 1
[2025.07.02 02:58:40.738 ms]:[INFO]:[PSAG_ACTOR_CORE]: game_actor render_comp init.
[2025.07.02 02:58:40.738 ms]:[INFO]:[PSAG_PHYSICS]: phy_world => body_data, name: ZPGamePhysics
[2025.07.02 02:58:40.738 ms]:[INFO]:[PSAG_PHYSICS]: body_data(dynamic) item: alloc key: 2806422715824
[2025.07.02 02:58:40.738 ms]:[INFO]:[PSAG_ACTOR_CORE]: game_actor entity create: 138
[2025.07.02 02:58:41.015 ms]:[INFO]:[PSAG_TOOL_NOTFIY]: station receive pair: PPActor/PPActorBullet, data_size: 12 bytes
[2025.07.02 02:58:41.015 ms]:[INFO]:[PSAG_ACTOR_CORE]: game_actor get textures: 1
[2025.07.02 02:58:41.015 ms]:[INFO]:[PSAG_ACTOR_CORE]: game_actor render_comp init.
[2025.07.02 02:58:41.015 ms]:[INFO]:[PSAG_PHYSICS]: phy_world => body_data, name: ZPGamePhysics
[2025.07.02 02:58:41.015 ms]:[INFO]:[PSAG_PHYSICS]: body_data(dynamic) item: alloc key: 2806422717840
[2025.07.02 02:58:41.015 ms]:[INFO]:[PSAG_ACTOR_CORE]: game_actor entity create: 140
[2025.07.02 02:58:41.063 ms]:[INFO]:[PSAG_TOOL_NOTFIY]: station receive pair: PPActor/PPActorBullet, data_size: 12 bytes
[2025.07.02 02:58:41.063 ms]:[INFO]:[PSAG_ACTOR_CORE]: game_actor get textures: 1
[2025.07.02 02:58:41.063 ms]:[INFO]:[PSAG_ACTOR_CORE]: game_actor render_comp init.
[2025.07.02 02:58:41.063 ms]:[INFO]:[PSAG_PHYSICS]: phy_world => body_data, name: ZPGamePhysics
[2025.07.02 02:58:41.063 ms]:[INFO]:[PSAG_PHYSICS]: body_data(dynamic) item: alloc key: 2806422720864
[2025.07.02 02:58:41.064 ms]:[INFO]:[PSAG_ACTOR_CORE]: game_actor entity create: 142
[2025.07.02 02:58:41.114 ms]:[INFO]:[PSAG_TOOL_NOTFIY]: station receive pair: PPActor/PPActorBullet, data_size: 12 bytes
[2025.07.02 02:58:41.114 ms]:[INFO]:[PSAG_ACTOR_CORE]: game_actor get textures: 1
[2025.07.02 02:58:41.114 ms]:[INFO]:[PSAG_ACTOR_CORE]: game_actor render_comp init.
[2025.07.02 02:58:41.115 ms]:[INFO]:[PSAG_PHYSICS]: phy_world => body_data, name: ZPGamePhysics
[2025.07.02 02:58:41.115 ms]:[INFO]:[PSAG_PHYSICS]: body_data(dynamic) item: alloc key: 2806422719184
[2025.07.02 02:58:41.115 ms]:[INFO]:[PSAG_ACTOR_CORE]: game_actor entity create: 144
[2025.07.02 02:58:41.165 ms]:[INFO]:[PSAG_TOOL_NOTFIY]: station receive pair: PPActor/PPActorBullet, data_size: 12 bytes
[2025.07.02 02:58:41.165 ms]:[INFO]:[PSAG_ACTOR_CORE]: game_actor get textures: 1
[2025.07.02 02:58:41.165 ms]:[INFO]:[PSAG_ACTOR_CORE]: game_actor render_comp init.
[2025.07.02 02:58:41.165 ms]:[INFO]:[PSAG_PHYSICS]: phy_world => body_data, name: ZPGamePhysics
[2025.07.02 02:58:41.165 ms]:[INFO]:[PSAG_PHYSICS]: body_data(dynamic) item: alloc key: 2806422718848
[2025.07.02 02:58:41.165 ms]:[INFO]:[PSAG_ACTOR_CORE]: game_actor entity create: 146
[2025.07.02 02:58:46.772 ms]:[INFO]:[PSAG_PHYSICS]: phy_world => body_data, name: ZPGamePhysics
[2025.07.02 02:58:46.772 ms]:[INFO]:[PSAG_PHYSICS]: body_data item: delete key: 2806421602272
[2025.07.02 02:58:46.772 ms]:[INFO]:[PSAG_ACTOR_CORE]: game_actor entity delete: 146
[2025.07.02 02:58:46.873 ms]:[INFO]:[PSAG_PHYSICS]: phy_world => body_data, name: ZPGamePhysics
[2025.07.02 02:58:46.873 ms]:[INFO]:[PSAG_PHYSICS]: body_data item: delete key: 2806421602080
[2025.07.02 02:58:46.873 ms]:[INFO]:[PSAG_ACTOR_CORE]: game_actor entity delete: 144
[2025.07.02 02:58:48.466 ms]:[INFO]:[PSAG_PHYSICS]: phy_world => body_data, name: ZPGamePhysics
[2025.07.02 02:58:48.466 ms]:[INFO]:[PSAG_PHYSICS]: body_data item: delete key: 2806421602464
[2025.07.02 02:58:48.466 ms]:[INFO]:[PSAG_ACTOR_CORE]: game_actor entity delete: 142
[2025.07.02 02:58:48.569 ms]:[INFO]:[PSAG_PHYSICS]: phy_world => body_data, name: ZPGamePhysics
[2025.07.02 02:58:48.569 ms]:[INFO]:[PSAG_PHYSICS]: body_data item: delete key: 2806421602656
[2025.07.02 02:58:48.569 ms]:[INFO]:[PSAG_ACTOR_CORE]: game_actor entity delete: 140
[2025.07.02 02:58:48.938 ms]:[INFO]:[PSAG_PHYSICS]: phy_world => body_data, name: ZPGamePhysics
[2025.07.02 02:58:48.938 ms]:[INFO]:[PSAG_PHYSICS]: body_data item: delete key: 2806421602848
[2025.07.02 02:58:48.938 ms]:[INFO]:[PSAG_ACTOR_CORE]: game_actor entity delete: 138
[2025.07.02 02:58:50.087 ms]:[INFO]:[PSAG_TOOL_NOTFIY]: station receive pair: PPActor/PPActorBullet, data_size: 12 bytes
[2025.07.02 02:58:50.087 ms]:[INFO]:[PSAG_ACTOR_CORE]: game_actor get textures: 1
[2025.07.02 02:58:50.087 ms]:[INFO]:[PSAG_ACTOR_CORE]: game_actor render_comp init.
[2025.07.02 02:58:50.087 ms]:[INFO]:[PSAG_PHYSICS]: phy_world => body_data, name: ZPGamePhysics
[2025.07.02 02:58:50.087 ms]:[INFO]:[PSAG_PHYSICS]: body_data(dynamic) item: alloc key: 2806422719184
[2025.07.02 02:58:50.087 ms]:[INFO]:[PSAG_ACTOR_CORE]: game_actor entity create: 148
[2025.07.02 02:58:55.718 ms]:[INFO]:[PSAG_PHYSICS]: phy_world => body_data, name: ZPGamePhysics
[2025.07.02 02:58:55.718 ms]:[INFO]:[PSAG_PHYSICS]: body_data item: delete key: 2806421602848
[2025.07.02 02:58:55.718 ms]:[INFO]:[PSAG_ACTOR_CORE]: game_actor entity delete: 148
[2025.07.02 02:59:09.310 ms]:[INFO]:[PSAG_TOOL_NOTFIY]: station receive pair: PPActor/PPActorBullet, data_size: 12 bytes
[2025.07.02 02:59:09.310 ms]:[INFO]:[PSAG_ACTOR_CORE]: game_actor get textures: 1
[2025.07.02 02:59:09.311 ms]:[INFO]:[PSAG_ACTOR_CORE]: game_actor render_comp init.
[2025.07.02 02:59:09.311 ms]:[INFO]:[PSAG_PHYSICS]: phy_world => body_data, name: ZPGamePhysics
[2025.07.02 02:59:09.311 ms]:[INFO]:[PSAG_PHYSICS]: body_data(dynamic) item: alloc key: 2806422719520
[2025.07.02 02:59:09.311 ms]:[INFO]:[PSAG_ACTOR_CORE]: game_actor entity create: 150
[2025.07.02 02:59:11.053 ms]:[INFO]:[PSAG_PHYSICS]: phy_world => body_data, name: ZPGamePhysics
[2025.07.02 02:59:11.053 ms]:[INFO]:[PSAG_PHYSICS]: body_data item: delete key: 2806421602848
[2025.07.02 02:59:11.053 ms]:[INFO]:[PSAG_ACTOR_CORE]: game_actor entity delete: 150
[2025.07.02 03:00:18.556 ms]:[INFO]:[PSAG_TOOL_NOTFIY]: station receive pair: PPActor/PPActorBullet, data_size: 12 bytes
[2025.07.02 03:00:18.556 ms]:[INFO]:[PSAG_ACTOR_CORE]: game_actor get textures: 1
[2025.07.02 03:00:18.556 ms]:[INFO]:[PSAG_ACTOR_CORE]: game_actor render_comp init.
[2025.07.02 03:00:18.556 ms]:[INFO]:[PSAG_PHYSICS]: phy_world => body_data, name: ZPGamePhysics
[2025.07.02 03:00:18.556 ms]:[INFO]:[PSAG_PHYSICS]: body_data(dynamic) item: alloc key: 2806422717504
[2025.07.02 03:00:18.556 ms]:[INFO]:[PSAG_ACTOR_CORE]: game_actor entity create: 152
[2025.07.02 03:00:18.832 ms]:[INFO]:[PSAG_TOOL_NOTFIY]: station receive pair: PPActor/PPActorBullet, data_size: 12 bytes
[2025.07.02 03:00:18.833 ms]:[INFO]:[PSAG_ACTOR_CORE]: game_actor get textures: 1
[2025.07.02 03:00:18.833 ms]:[INFO]:[PSAG_ACTOR_CORE]: game_actor render_comp init.
[2025.07.02 03:00:18.833 ms]:[INFO]:[PSAG_PHYSICS]: phy_world => body_data, name: ZPGamePhysics
[2025.07.02 03:00:18.833 ms]:[INFO]:[PSAG_PHYSICS]: body_data(dynamic) item: alloc key: 2806422718848
[2025.07.02 03:00:18.833 ms]:[INFO]:[PSAG_ACTOR_CORE]: game_actor entity create: 154
[2025.07.02 03:00:18.882 ms]:[INFO]:[PSAG_TOOL_NOTFIY]: station receive pair: PPActor/PPActorBullet, data_size: 12 bytes
[2025.07.02 03:00:18.882 ms]:[INFO]:[PSAG_ACTOR_CORE]: game_actor get textures: 1
[2025.07.02 03:00:18.882 ms]:[INFO]:[PSAG_ACTOR_CORE]: game_actor render_comp init.
[2025.07.02 03:00:18.882 ms]:[INFO]:[PSAG_PHYSICS]: phy_world => body_data, name: ZPGamePhysics
[2025.07.02 03:00:18.882 ms]:[INFO]:[PSAG_PHYSICS]: body_data(dynamic) item: alloc key: 2806422717168
[2025.07.02 03:00:18.882 ms]:[INFO]:[PSAG_ACTOR_CORE]: game_actor entity create: 156
[2025.07.02 03:00:18.932 ms]:[INFO]:[PSAG_TOOL_NOTFIY]: station receive pair: PPActor/PPActorBullet, data_size: 12 bytes
[2025.07.02 03:00:18.932 ms]:[INFO]:[PSAG_ACTOR_CORE]: game_actor get textures: 1
[2025.07.02 03:00:18.932 ms]:[INFO]:[PSAG_ACTOR_CORE]: game_actor render_comp init.
[2025.07.02 03:00:18.932 ms]:[INFO]:[PSAG_PHYSICS]: phy_world => body_data, name: ZPGamePhysics
[2025.07.02 03:00:18.932 ms]:[INFO]:[PSAG_PHYSICS]: body_data(dynamic) item: alloc key: 2806422720192
[2025.07.02 03:00:18.933 ms]:[INFO]:[PSAG_ACTOR_CORE]: game_actor entity create: 158
[2025.07.02 03:00:18.983 ms]:[INFO]:[PSAG_TOOL_NOTFIY]: station receive pair: PPActor/PPActorBullet, data_size: 12 bytes
[2025.07.02 03:00:18.984 ms]:[INFO]:[PSAG_ACTOR_CORE]: game_actor get textures: 1
[2025.07.02 03:00:18.984 ms]:[INFO]:[PSAG_ACTOR_CORE]: game_actor render_comp init.
[2025.07.02 03:00:18.984 ms]:[INFO]:[PSAG_PHYSICS]: phy_world => body_data, name: ZPGamePhysics
[2025.07.02 03:00:18.984 ms]:[INFO]:[PSAG_PHYSICS]: body_data(dynamic) item: alloc key: 2806422722544
[2025.07.02 03:00:18.984 ms]:[INFO]:[PSAG_ACTOR_CORE]: game_actor entity create: 160
[2025.07.02 03:00:21.251 ms]:[INFO]:[PSAG_PHYSICS]: phy_world => body_data, name: ZPGamePhysics
[2025.07.02 03:00:21.251 ms]:[INFO]:[PSAG_PHYSICS]: body_data item: delete key: 2806421602272
[2025.07.02 03:00:21.251 ms]:[INFO]:[PSAG_ACTOR_CORE]: game_actor entity delete: 160
[2025.07.02 03:00:21.308 ms]:[INFO]:[PSAG_PHYSICS]: phy_world => body_data, name: ZPGamePhysics
[2025.07.02 03:00:21.308 ms]:[INFO]:[PSAG_PHYSICS]: body_data item: delete key: 2806421602080
[2025.07.02 03:00:21.308 ms]:[INFO]:[PSAG_ACTOR_CORE]: game_actor entity delete: 158
[2025.07.02 03:00:21.357 ms]:[INFO]:[PSAG_PHYSICS]: phy_world => body_data, name: ZPGamePhysics
[2025.07.02 03:00:21.357 ms]:[INFO]:[PSAG_PHYSICS]: body_data item: delete key: 2806421602464
[2025.07.02 03:00:21.357 ms]:[INFO]:[PSAG_ACTOR_CORE]: game_actor entity delete: 156
[2025.07.02 03:00:21.439 ms]:[INFO]:[PSAG_PHYSICS]: phy_world => body_data, name: ZPGamePhysics
[2025.07.02 03:00:21.439 ms]:[INFO]:[PSAG_PHYSICS]: body_data item: delete key: 2806421602656
[2025.07.02 03:00:21.439 ms]:[INFO]:[PSAG_ACTOR_CORE]: game_actor entity delete: 154
[2025.07.02 03:00:23.384 ms]:[INFO]:[PSAG_TOOL_NOTFIY]: station receive pair: PPActor/PPActorBullet, data_size: 12 bytes
[2025.07.02 03:00:23.384 ms]:[INFO]:[PSAG_ACTOR_CORE]: game_actor get textures: 1
[2025.07.02 03:00:23.384 ms]:[INFO]:[PSAG_ACTOR_CORE]: game_actor render_comp init.
[2025.07.02 03:00:23.384 ms]:[INFO]:[PSAG_PHYSICS]: phy_world => body_data, name: ZPGamePhysics
[2025.07.02 03:00:23.384 ms]:[INFO]:[PSAG_PHYSICS]: body_data(dynamic) item: alloc key: 2806422716496
[2025.07.02 03:00:23.384 ms]:[INFO]:[PSAG_ACTOR_CORE]: game_actor entity create: 162
[2025.07.02 03:00:23.660 ms]:[INFO]:[PSAG_TOOL_NOTFIY]: station receive pair: PPActor/PPActorBullet, data_size: 12 bytes
[2025.07.02 03:00:23.660 ms]:[INFO]:[PSAG_ACTOR_CORE]: game_actor get textures: 1
[2025.07.02 03:00:23.660 ms]:[INFO]:[PSAG_ACTOR_CORE]: game_actor render_comp init.
[2025.07.02 03:00:23.660 ms]:[INFO]:[PSAG_PHYSICS]: phy_world => body_data, name: ZPGamePhysics
[2025.07.02 03:00:23.660 ms]:[INFO]:[PSAG_PHYSICS]: body_data(dynamic) item: alloc key: 2806422715824
[2025.07.02 03:00:23.661 ms]:[INFO]:[PSAG_ACTOR_CORE]: game_actor entity create: 164
[2025.07.02 03:00:23.710 ms]:[INFO]:[PSAG_TOOL_NOTFIY]: station receive pair: PPActor/PPActorBullet, data_size: 12 bytes
[2025.07.02 03:00:23.710 ms]:[INFO]:[PSAG_ACTOR_CORE]: game_actor get textures: 1
[2025.07.02 03:00:23.710 ms]:[INFO]:[PSAG_ACTOR_CORE]: game_actor render_comp init.
[2025.07.02 03:00:23.710 ms]:[INFO]:[PSAG_PHYSICS]: phy_world => body_data, name: ZPGamePhysics
[2025.07.02 03:00:23.710 ms]:[INFO]:[PSAG_PHYSICS]: body_data(dynamic) item: alloc key: 2806422721536
[2025.07.02 03:00:23.710 ms]:[INFO]:[PSAG_ACTOR_CORE]: game_actor entity create: 166
[2025.07.02 03:00:23.760 ms]:[INFO]:[PSAG_TOOL_NOTFIY]: station receive pair: PPActor/PPActorBullet, data_size: 12 bytes
[2025.07.02 03:00:23.760 ms]:[INFO]:[PSAG_ACTOR_CORE]: game_actor get textures: 1
[2025.07.02 03:00:23.760 ms]:[INFO]:[PSAG_ACTOR_CORE]: game_actor render_comp init.
[2025.07.02 03:00:23.760 ms]:[INFO]:[PSAG_PHYSICS]: phy_world => body_data, name: ZPGamePhysics
[2025.07.02 03:00:23.760 ms]:[INFO]:[PSAG_PHYSICS]: body_data(dynamic) item: alloc key: 2806422719520
[2025.07.02 03:00:23.760 ms]:[INFO]:[PSAG_ACTOR_CORE]: game_actor entity create: 168
[2025.07.02 03:00:27.069 ms]:[INFO]:[PSAG_PHYSICS]: phy_world => body_data, name: ZPGamePhysics
[2025.07.02 03:00:27.069 ms]:[INFO]:[PSAG_PHYSICS]: body_data item: delete key: 2806421602848
[2025.07.02 03:00:27.069 ms]:[INFO]:[PSAG_ACTOR_CORE]: game_actor entity delete: 152
[2025.07.02 03:00:27.426 ms]:[INFO]:[PSAG_PHYSICS]: phy_world => body_data, name: ZPGamePhysics
[2025.07.02 03:00:27.426 ms]:[INFO]:[PSAG_PHYSICS]: body_data item: delete key: 2806421602272
[2025.07.02 03:00:27.426 ms]:[INFO]:[PSAG_ACTOR_CORE]: game_actor entity delete: 168
[2025.07.02 03:00:27.444 ms]:[INFO]:[PSAG_PHYSICS]: phy_world => body_data, name: ZPGamePhysics
[2025.07.02 03:00:27.444 ms]:[INFO]:[PSAG_PHYSICS]: body_data item: delete key: 2806421602080
[2025.07.02 03:00:27.444 ms]:[INFO]:[PSAG_ACTOR_CORE]: game_actor entity delete: 166
[2025.07.02 03:00:27.457 ms]:[INFO]:[PSAG_PHYSICS]: phy_world => body_data, name: ZPGamePhysics
[2025.07.02 03:00:27.457 ms]:[INFO]:[PSAG_PHYSICS]: body_data item: delete key: 2806421602464
[2025.07.02 03:00:27.457 ms]:[INFO]:[PSAG_ACTOR_CORE]: game_actor entity delete: 164
[2025.07.02 03:00:27.466 ms]:[INFO]:[PSAG_PHYSICS]: phy_world => body_data, name: ZPGamePhysics
[2025.07.02 03:00:27.466 ms]:[INFO]:[PSAG_PHYSICS]: body_data item: delete key: 2806421602656
[2025.07.02 03:00:27.466 ms]:[INFO]:[PSAG_ACTOR_CORE]: game_actor entity delete: 162
[2025.07.02 03:00:28.676 ms]:[INFO]:[PSAG_TOOL_NOTFIY]: station receive pair: PPActor/PPActorBullet, data_size: 12 bytes
[2025.07.02 03:00:28.677 ms]:[INFO]:[PSAG_ACTOR_CORE]: game_actor get textures: 1
[2025.07.02 03:00:28.677 ms]:[INFO]:[PSAG_ACTOR_CORE]: game_actor render_comp init.
[2025.07.02 03:00:28.677 ms]:[INFO]:[PSAG_PHYSICS]: phy_world => body_data, name: ZPGamePhysics
[2025.07.02 03:00:28.677 ms]:[INFO]:[PSAG_PHYSICS]: body_data(dynamic) item: alloc key: 2806422719520
[2025.07.02 03:00:28.677 ms]:[INFO]:[PSAG_ACTOR_CORE]: game_actor entity create: 170
[2025.07.02 03:00:29.272 ms]:[INFO]:[PSAG_TOOL_NOTFIY]: station receive pair: PPActor/PPActorBullet, data_size: 12 bytes
[2025.07.02 03:00:29.272 ms]:[INFO]:[PSAG_ACTOR_CORE]: game_actor get textures: 1
[2025.07.02 03:00:29.272 ms]:[INFO]:[PSAG_ACTOR_CORE]: game_actor render_comp init.
[2025.07.02 03:00:29.272 ms]:[INFO]:[PSAG_PHYSICS]: phy_world => body_data, name: ZPGamePhysics
[2025.07.02 03:00:29.272 ms]:[INFO]:[PSAG_PHYSICS]: body_data(dynamic) item: alloc key: 2806422716832
[2025.07.02 03:00:29.272 ms]:[INFO]:[PSAG_ACTOR_CORE]: game_actor entity create: 172
[2025.07.02 03:00:29.707 ms]:[INFO]:[PSAG_PHYSICS]: phy_world => body_data, name: ZPGamePhysics
[2025.07.02 03:00:29.707 ms]:[INFO]:[PSAG_PHYSICS]: body_data item: delete key: 2806421602464
[2025.07.02 03:00:29.707 ms]:[INFO]:[PSAG_ACTOR_CORE]: game_actor entity delete: 172
[2025.07.02 03:00:30.284 ms]:[INFO]:[PSAG_TOOL_NOTFIY]: station receive pair: PPActor/PPActorBullet, data_size: 12 bytes
[2025.07.02 03:00:30.284 ms]:[INFO]:[PSAG_ACTOR_CORE]: game_actor get textures: 1
[2025.07.02 03:00:30.284 ms]:[INFO]:[PSAG_ACTOR_CORE]: game_actor render_comp init.
[2025.07.02 03:00:30.284 ms]:[INFO]:[PSAG_PHYSICS]: phy_world => body_data, name: ZPGamePhysics
[2025.07.02 03:00:30.284 ms]:[INFO]:[PSAG_PHYSICS]: body_data(dynamic) item: alloc key: 2806422716160
[2025.07.02 03:00:30.284 ms]:[INFO]:[PSAG_ACTOR_CORE]: game_actor entity create: 174
[2025.07.02 03:00:30.507 ms]:[INFO]:[PSAG_PHYSICS]: phy_world => body_data, name: ZPGamePhysics
[2025.07.02 03:00:30.507 ms]:[INFO]:[PSAG_PHYSICS]: body_data item: delete key: 2806421602656
[2025.07.02 03:00:30.507 ms]:[INFO]:[PSAG_ACTOR_CORE]: game_actor entity delete: 170
[2025.07.02 03:00:30.749 ms]:[INFO]:[PSAG_TOOL_NOTFIY]: station receive pair: PPActor/PPActorBullet, data_size: 12 bytes
[2025.07.02 03:00:30.749 ms]:[INFO]:[PSAG_ACTOR_CORE]: game_actor get textures: 1
[2025.07.02 03:00:30.749 ms]:[INFO]:[PSAG_ACTOR_CORE]: game_actor render_comp init.
[2025.07.02 03:00:30.749 ms]:[INFO]:[PSAG_PHYSICS]: phy_world => body_data, name: ZPGamePhysics
[2025.07.02 03:00:30.749 ms]:[INFO]:[PSAG_PHYSICS]: body_data(dynamic) item: alloc key: 2806422720864
[2025.07.02 03:00:30.749 ms]:[INFO]:[PSAG_ACTOR_CORE]: game_actor entity create: 176
[2025.07.02 03:00:31.077 ms]:[INFO]:[PSAG_PHYSICS]: phy_world => body_data, name: ZPGamePhysics
[2025.07.02 03:00:31.077 ms]:[INFO]:[PSAG_PHYSICS]: body_data item: delete key: 2806421602464
[2025.07.02 03:00:31.077 ms]:[INFO]:[PSAG_ACTOR_CORE]: game_actor entity delete: 174
[2025.07.02 03:00:31.145 ms]:[INFO]:[PSAG_TOOL_NOTFIY]: station receive pair: PPActor/PPActorBullet, data_size: 12 bytes
[2025.07.02 03:00:31.146 ms]:[INFO]:[PSAG_ACTOR_CORE]: game_actor get textures: 1
[2025.07.02 03:00:31.146 ms]:[INFO]:[PSAG_ACTOR_CORE]: game_actor render_comp init.
[2025.07.02 03:00:31.146 ms]:[INFO]:[PSAG_PHYSICS]: phy_world => body_data, name: ZPGamePhysics
[2025.07.02 03:00:31.146 ms]:[INFO]:[PSAG_PHYSICS]: body_data(dynamic) item: alloc key: 2806422721536
[2025.07.02 03:00:31.146 ms]:[INFO]:[PSAG_ACTOR_CORE]: game_actor entity create: 178
[2025.07.02 03:00:31.221 ms]:[INFO]:[PSAG_PHYSICS]: phy_world => body_data, name: ZPGamePhysics
[2025.07.02 03:00:31.221 ms]:[INFO]:[PSAG_PHYSICS]: body_data item: delete key: 2806421602656
[2025.07.02 03:00:31.221 ms]:[INFO]:[PSAG_ACTOR_CORE]: game_actor entity delete: 176
[2025.07.02 03:00:31.349 ms]:[INFO]:[PSAG_PHYSICS]: phy_world => body_data, name: ZPGamePhysics
[2025.07.02 03:00:31.349 ms]:[INFO]:[PSAG_PHYSICS]: body_data item: delete key: 2806421602464
[2025.07.02 03:00:31.349 ms]:[INFO]:[PSAG_ACTOR_CORE]: game_actor entity delete: 178
[2025.07.02 03:00:31.360 ms]:[INFO]:[PSAG_TOOL_NOTFIY]: station receive pair: PPActor/PPActorBullet, data_size: 12 bytes
[2025.07.02 03:00:31.360 ms]:[INFO]:[PSAG_ACTOR_CORE]: game_actor get textures: 1
[2025.07.02 03:00:31.361 ms]:[INFO]:[PSAG_ACTOR_CORE]: game_actor render_comp init.
[2025.07.02 03:00:31.361 ms]:[INFO]:[PSAG_PHYSICS]: phy_world => body_data, name: ZPGamePhysics
[2025.07.02 03:00:31.361 ms]:[INFO]:[PSAG_PHYSICS]: body_data(dynamic) item: alloc key: 2806422716160
[2025.07.02 03:00:31.361 ms]:[INFO]:[PSAG_ACTOR_CORE]: game_actor entity create: 180
[2025.07.02 03:00:31.558 ms]:[INFO]:[PSAG_TOOL_NOTFIY]: station receive pair: PPActor/PPActorBullet, data_size: 12 bytes
[2025.07.02 03:00:31.558 ms]:[INFO]:[PSAG_ACTOR_CORE]: game_actor get textures: 1
[2025.07.02 03:00:31.558 ms]:[INFO]:[PSAG_ACTOR_CORE]: game_actor render_comp init.
[2025.07.02 03:00:31.558 ms]:[INFO]:[PSAG_PHYSICS]: phy_world => body_data, name: ZPGamePhysics
[2025.07.02 03:00:31.558 ms]:[INFO]:[PSAG_PHYSICS]: body_data(dynamic) item: alloc key: 2806422722208
[2025.07.02 03:00:31.558 ms]:[INFO]:[PSAG_ACTOR_CORE]: game_actor entity create: 182
[2025.07.02 03:00:32.608 ms]:[INFO]:[PSAG_TOOL_NOTFIY]: station receive pair: PPActor/PPActorBullet, data_size: 12 bytes
[2025.07.02 03:00:32.608 ms]:[INFO]:[PSAG_ACTOR_CORE]: game_actor get textures: 1
[2025.07.02 03:00:32.608 ms]:[INFO]:[PSAG_ACTOR_CORE]: game_actor render_comp init.
[2025.07.02 03:00:32.609 ms]:[INFO]:[PSAG_PHYSICS]: phy_world => body_data, name: ZPGamePhysics
[2025.07.02 03:00:32.609 ms]:[INFO]:[PSAG_PHYSICS]: body_data(dynamic) item: alloc key: 2806422716832
[2025.07.02 03:00:32.609 ms]:[INFO]:[PSAG_ACTOR_CORE]: game_actor entity create: 184
[2025.07.02 03:00:32.830 ms]:[INFO]:[PSAG_TOOL_NOTFIY]: station receive pair: PPActor/PPActorBullet, data_size: 12 bytes
[2025.07.02 03:00:32.830 ms]:[INFO]:[PSAG_ACTOR_CORE]: game_actor get textures: 1
[2025.07.02 03:00:32.830 ms]:[INFO]:[PSAG_ACTOR_CORE]: game_actor render_comp init.
[2025.07.02 03:00:32.830 ms]:[INFO]:[PSAG_PHYSICS]: phy_world => body_data, name: ZPGamePhysics
[2025.07.02 03:00:32.830 ms]:[INFO]:[PSAG_PHYSICS]: body_data(dynamic) item: alloc key: 2806422721536
[2025.07.02 03:00:32.830 ms]:[INFO]:[PSAG_ACTOR_CORE]: game_actor entity create: 186
[2025.07.02 03:00:33.024 ms]:[INFO]:[PSAG_TOOL_NOTFIY]: station receive pair: PPActor/PPActorBullet, data_size: 12 bytes
[2025.07.02 03:00:33.024 ms]:[INFO]:[PSAG_ACTOR_CORE]: game_actor get textures: 1
[2025.07.02 03:00:33.024 ms]:[INFO]:[PSAG_ACTOR_CORE]: game_actor render_comp init.
[2025.07.02 03:00:33.024 ms]:[INFO]:[PSAG_PHYSICS]: phy_world => body_data, name: ZPGamePhysics
[2025.07.02 03:00:33.024 ms]:[INFO]:[PSAG_PHYSICS]: body_data(dynamic) item: alloc key: 2806422718848
[2025.07.02 03:00:33.024 ms]:[INFO]:[PSAG_ACTOR_CORE]: game_actor entity create: 188
[2025.07.02 03:00:34.344 ms]:[INFO]:[PSAG_PHYSICS]: phy_world => body_data, name: ZPGamePhysics
[2025.07.02 03:00:34.344 ms]:[INFO]:[PSAG_PHYSICS]: body_data item: delete key: 2806421602464
[2025.07.02 03:00:34.344 ms]:[INFO]:[PSAG_ACTOR_CORE]: game_actor entity delete: 180
[2025.07.02 03:00:35.307 ms]:[INFO]:[PSAG_PHYSICS]: phy_world => body_data, name: ZPGamePhysics
[2025.07.02 03:00:35.307 ms]:[INFO]:[PSAG_PHYSICS]: body_data item: delete key: 2806421602656
[2025.07.02 03:00:35.307 ms]:[INFO]:[PSAG_ACTOR_CORE]: game_actor entity delete: 182
[2025.07.02 03:00:35.482 ms]:[INFO]:[PSAG_TOOL_NOTFIY]: station receive pair: PPActor/PPActorBullet, data_size: 12 bytes
[2025.07.02 03:00:35.482 ms]:[INFO]:[PSAG_ACTOR_CORE]: game_actor get textures: 1
[2025.07.02 03:00:35.482 ms]:[INFO]:[PSAG_ACTOR_CORE]: game_actor render_comp init.
[2025.07.02 03:00:35.483 ms]:[INFO]:[PSAG_PHYSICS]: phy_world => body_data, name: ZPGamePhysics
[2025.07.02 03:00:35.483 ms]:[INFO]:[PSAG_PHYSICS]: body_data(dynamic) item: alloc key: 2806422715824
[2025.07.02 03:00:35.483 ms]:[INFO]:[PSAG_ACTOR_CORE]: game_actor entity create: 190
[2025.07.02 03:00:41.492 ms]:[INFO]:[PSAG_PHYSICS]: phy_world => body_data, name: ZPGamePhysics
[2025.07.02 03:00:41.492 ms]:[INFO]:[PSAG_PHYSICS]: body_data item: delete key: 2806421602080
[2025.07.02 03:00:41.492 ms]:[INFO]:[PSAG_ACTOR_CORE]: game_actor entity delete: 184
[2025.07.02 03:00:42.015 ms]:[INFO]:[PSAG_PHYSICS]: phy_world => body_data, name: ZPGamePhysics
[2025.07.02 03:00:42.015 ms]:[INFO]:[PSAG_PHYSICS]: body_data item: delete key: 2806421602272
[2025.07.02 03:00:42.015 ms]:[INFO]:[PSAG_ACTOR_CORE]: game_actor entity delete: 186
[2025.07.02 03:00:42.214 ms]:[INFO]:[PSAG_PHYSICS]: phy_world => body_data, name: ZPGamePhysics
[2025.07.02 03:00:42.214 ms]:[INFO]:[PSAG_PHYSICS]: body_data item: delete key: 2806421602656
[2025.07.02 03:00:42.214 ms]:[INFO]:[PSAG_ACTOR_CORE]: game_actor entity delete: 190
[2025.07.02 03:00:42.294 ms]:[INFO]:[PSAG_PHYSICS]: phy_world => body_data, name: ZPGamePhysics
[2025.07.02 03:00:42.294 ms]:[INFO]:[PSAG_PHYSICS]: body_data item: delete key: 2806421602848
[2025.07.02 03:00:42.294 ms]:[INFO]:[PSAG_ACTOR_CORE]: game_actor entity delete: 188
[2025.07.02 03:00:50.576 ms]:[INFO]:[PSAG_OGL_RES]: rbo: delete key: 38
[2025.07.02 03:00:50.576 ms]:[INFO]:[PSAG_OGL_RES]: fbo: delete key: 48
[2025.07.02 03:00:50.576 ms]:[INFO]:[PSAG_OGL_RES]: fbo: delete key: 50
[2025.07.02 03:00:50.576 ms]:[INFO]:[PSAG_OGL_RES]: fbo: delete key: 46
[2025.07.02 03:00:50.576 ms]:[INFO]:[PSAG_OGL_RES]: fbo: delete key: 42
[2025.07.02 03:00:50.576 ms]:[TRACE]:[PSAG_OGL_RES]: tmu delete(space): 5
[2025.07.02 03:00:50.576 ms]:[INFO]:[PSAG_OGL_RES]: texture: delete key: 40
[2025.07.02 03:00:50.576 ms]:[INFO]:[PSAG_OGL_RES]: shader: delete key: 30
[2025.07.02 03:00:50.576 ms]:[INFO]:[PSAG_OGL_RES]: shader: delete key: 32
[2025.07.02 03:00:50.576 ms]:[INFO]:[PSAG_OGL_RES]: shader: delete key: 34
[2025.07.02 03:00:50.576 ms]:[INFO]:[PSAG_OGL_RES]: shader: delete key: 26
[2025.07.02 03:00:50.576 ms]:[INFO]:[PSAG_GL_POST]: graphics_engine free post_shader(system).
[2025.07.02 03:00:50.576 ms]:[INFO]:[PSAG_PHYSICS]: phy_world => body_data, name: ZPGamePhysics
[2025.07.02 03:00:50.576 ms]:[INFO]:[PSAG_PHYSICS]: body_data item: delete key: 2806421600544
[2025.07.02 03:00:50.576 ms]:[INFO]:[PSAG_ENVMT_CORE]: game_envmt item delete: 76
[2025.07.02 03:00:50.578 ms]:[INFO]:[PSAG_PHYSICS]: phy_world => body_data, name: ZPGamePhysics
[2025.07.02 03:00:50.578 ms]:[INFO]:[PSAG_PHYSICS]: body_data item: delete key: 2806421599776
[2025.07.02 03:00:50.578 ms]:[INFO]:[PSAG_ENVMT_CORE]: game_envmt item delete: 68
[2025.07.02 03:00:50.578 ms]:[INFO]:[PSAG_PHYSICS]: phy_world => body_data, name: ZPGamePhysics
[2025.07.02 03:00:50.578 ms]:[INFO]:[PSAG_PHYSICS]: body_data item: delete key: 2806421599968
[2025.07.02 03:00:50.578 ms]:[INFO]:[PSAG_ENVMT_CORE]: game_envmt item delete: 70
[2025.07.02 03:00:50.578 ms]:[INFO]:[PSAG_PHYSICS]: phy_world => body_data, name: ZPGamePhysics
[2025.07.02 03:00:50.578 ms]:[INFO]:[PSAG_PHYSICS]: body_data item: delete key: 2806421600160
[2025.07.02 03:00:50.578 ms]:[INFO]:[PSAG_ENVMT_CORE]: game_envmt item delete: 72
[2025.07.02 03:00:50.578 ms]:[INFO]:[PSAG_PHYSICS]: phy_world => body_data, name: ZPGamePhysics
[2025.07.02 03:00:50.578 ms]:[INFO]:[PSAG_PHYSICS]: body_data item: delete key: 2806421600352
[2025.07.02 03:00:50.578 ms]:[INFO]:[PSAG_ENVMT_CORE]: game_envmt item delete: 74
[2025.07.02 03:00:50.578 ms]:[INFO]:[PSAG_GAMECORE_MAG]: game_envmt manager system delete.
[2025.07.02 03:00:50.578 ms]:[INFO]:[PSAG_GL_DATASET]: layers_manager delete_count(space): 0
[2025.07.02 03:00:50.578 ms]:[INFO]:[PSAG_GL_DATASET]: vir_texture item: delete key: 52
[2025.07.02 03:00:50.578 ms]:[INFO]:[PSAG_OGL_RES]: shader: delete key: 60
[2025.07.02 03:00:50.578 ms]:[INFO]:[PSAG_ACTOR_CORE]: game_actor shader delete.
[2025.07.02 03:00:50.578 ms]:[INFO]:[PSAG_OGL_RES]: shader: delete key: 56
[2025.07.02 03:00:50.578 ms]:[INFO]:[PSAG_ACTOR_CORE]: game_actor shader delete.
[2025.07.02 03:00:50.578 ms]:[INFO]:[PSAG_GL_DATASET]: layers_manager delete_count(space): 1
[2025.07.02 03:00:50.578 ms]:[INFO]:[PSAG_GL_DATASET]: vir_texture item: delete key: 54
[2025.07.02 03:00:50.578 ms]:[INFO]:[PSAG_OGL_RES]: shader: delete key: 64
[2025.07.02 03:00:50.579 ms]:[INFO]:[PSAG_ACTOR_CORE]: game_actor shader delete.
[2025.07.02 03:00:50.579 ms]:[INFO]:[PSAG_GAMECORE_MAG]: actor_shader manager system delete.
[2025.07.02 03:00:50.579 ms]:[INFO]:[PSAG_PHYSICS]: phy_world => body_data, name: ZPGamePhysics
[2025.07.02 03:00:50.579 ms]:[INFO]:[PSAG_PHYSICS]: body_data item: delete key: 2806421600736
[2025.07.02 03:00:50.579 ms]:[INFO]:[PSAG_ACTOR_CORE]: game_actor entity delete: 90
[2025.07.02 03:00:50.579 ms]:[INFO]:[PSAG_GL_DATASET]: layers_manager delete_count(space): 0
[2025.07.02 03:00:50.579 ms]:[INFO]:[PSAG_GL_DATASET]: vir_texture item: delete key: 78
[2025.07.02 03:00:50.579 ms]:[INFO]:[PSAG_OGL_RES]: shader: delete key: 82
[2025.07.02 03:00:50.579 ms]:[INFO]:[PSAG_ACTOR_CORE]: game_actor shader delete.
[2025.07.02 03:00:50.579 ms]:[INFO]:[PSAG_GL_DATASET]: layers_manager delete_count(space): 1
[2025.07.02 03:00:50.579 ms]:[INFO]:[PSAG_GL_DATASET]: vir_texture item: delete key: 80
[2025.07.02 03:00:50.579 ms]:[INFO]:[PSAG_OGL_RES]: shader: delete key: 86
[2025.07.02 03:00:50.579 ms]:[INFO]:[PSAG_ACTOR_CORE]: game_actor shader delete.
[2025.07.02 03:00:50.579 ms]:[INFO]:[PSAG_GAMECORE_MAG]: actor_shader manager system delete.
[2025.07.02 03:00:50.579 ms]:[WARNING]:[PSAG_GL_DATASET]: <F:\PSAFrameworkProject\PSAGameFramework\PSAGameFramework\PSAGameFrameworkCore\CoreFramework\GraphicsEngine\psag_graphics_engine_data.cpp:__LINE__> ver_data(stc) item: failed delete, not found key.
[2025.07.02 03:00:50.579 ms]:[INFO]:[PSAG_GL_DATASET]: layers_manager delete_count(space): 0
[2025.07.02 03:00:50.579 ms]:[INFO]:[PSAG_GL_DATASET]: vir_texture item: delete key: 104
[2025.07.02 03:00:50.579 ms]:[WARNING]:[PSAG_OGL_RES]: <> shader: failed delete, not found key.
[2025.07.02 03:00:50.579 ms]:[INFO]:[PSAG_ACTOR_CORE]: game_actor shader delete.
[2025.07.02 03:00:50.579 ms]:[WARNING]:[PSAG_GL_DATASET]: <F:\PSAFrameworkProject\PSAGameFramework\PSAGameFramework\PSAGameFrameworkCore\CoreFramework\GraphicsEngine\psag_graphics_engine_data.cpp:__LINE__> ver_data(stc) item: failed delete, not found key.
[2025.07.02 03:00:50.579 ms]:[INFO]:[PSAG_GL_DATASET]: layers_manager delete_count(space): 0
[2025.07.02 03:00:50.579 ms]:[INFO]:[PSAG_GL_DATASET]: vir_texture item: delete key: 106
[2025.07.02 03:00:50.579 ms]:[WARNING]:[PSAG_OGL_RES]: <> shader: failed delete, not found key.
[2025.07.02 03:00:50.579 ms]:[INFO]:[PSAG_ACTOR_CORE]: game_actor shader delete.
[2025.07.02 03:00:50.579 ms]:[INFO]:[PSAG_GAMECORE_MAG]: actor_shader manager system delete.
[2025.07.02 03:00:50.580 ms]:[INFO]:[PSAG_GAMECORE_MAG]: game_actor manager system delete.
[2025.07.02 03:00:50.580 ms]:[INFO]:[PSAG_GL_PVFX]: psag_fx image_view system free.
[2025.07.02 03:00:50.580 ms]:[INFO]:[PSAG_GL_PVFX]: psag_fx image_view system free.
[2025.07.02 03:00:50.580 ms]:[INFO]:[PSAG_GL_PVFX]: psag_fx image_view system free.
[2025.07.02 03:00:50.580 ms]:[INFO]:[PSAG_GL_PVFX]: psag_fx image_view system free.
[2025.07.02 03:00:50.580 ms]:[INFO]:[PSAG_GL_PVFX]: psag_fx image_view system free.
[2025.07.02 03:00:50.580 ms]:[INFO]:[PSAG_GL_PVFX]: psag_fx image_view system free.
[2025.07.02 03:00:50.580 ms]:[INFO]:[PSAG_OGL_RES]: vao: delete key: 4
[2025.07.02 03:00:50.580 ms]:[INFO]:[PSAG_OGL_RES]: vbo: delete key: 6
[2025.07.02 03:00:50.580 ms]:[INFO]:[PSAG_OGL_RES]: vao: delete key: 8
[2025.07.02 03:00:50.580 ms]:[INFO]:[PSAG_OGL_RES]: vbo: delete key: 10
[2025.07.02 03:00:50.580 ms]:[TRACE]:[PSAG_OGL_RES]: tmu delete(space): 1
[2025.07.02 03:00:50.580 ms]:[TRACE]:[PSAG_OGL_RES]: tmu delete(space): 2
[2025.07.02 03:00:50.580 ms]:[TRACE]:[PSAG_OGL_RES]: tmu delete(space): 3
[2025.07.02 03:00:50.580 ms]:[TRACE]:[PSAG_OGL_RES]: tmu delete(space): 4
[2025.07.02 03:00:50.608 ms]:[INFO]:[PSAG_OGL_RES]: texture: delete key: 16
[2025.07.02 03:00:50.610 ms]:[INFO]:[PSAG_OGL_RES]: texture: delete key: 18
[2025.07.02 03:00:50.616 ms]:[INFO]:[PSAG_OGL_RES]: texture: delete key: 20
[2025.07.02 03:00:50.618 ms]:[INFO]:[PSAG_OGL_RES]: texture: delete key: 22
[2025.07.02 03:00:50.827 ms]:[TRACE]:[PSAG_AUDIO]: audio(openal) global free_context & close_device.
[2025.07.02 03:00:50.827 ms]:[INFO]:[PSAG_PHYSICS]: physics_world item: free_bodies: 0, delete key: DEFAULT_PHY_WORLD
[2025.07.02 03:00:50.831 ms]:[INFO]:[PSAG_IMGUI]: imgui_free: imgui_opengl3 context.
[2025.07.02 03:00:50.832 ms]:[TRACE]:[PSAG_AUDIO_DATA]: free resource(raw_audio): 0 bytes
[2025.07.02 03:00:50.832 ms]:[INFO]:[PSAG_AUDIO_DATA]: LLRES static_object() delete.
[2025.07.02 03:00:50.832 ms]:[TRACE]:[PSAG_OGL_RES]: free resource(shader): 2 items
[2025.07.02 03:00:50.832 ms]:[TRACE]:[PSAG_OGL_RES]: free resource(texture): 0 items
[2025.07.02 03:00:50.832 ms]:[TRACE]:[PSAG_OGL_RES]: free resource(vertex_buffer): 0 items
[2025.07.02 03:00:50.832 ms]:[TRACE]:[PSAG_OGL_RES]: free resource(vertex_attribute): 0 items
[2025.07.02 03:00:50.833 ms]:[TRACE]:[PSAG_OGL_RES]: free resource(frame_buffer): 1 items
[2025.07.02 03:00:50.833 ms]:[TRACE]:[PSAG_OGL_RES]: free resource(render_buffer): 0 items
[2025.07.02 03:00:50.833 ms]:[TRACE]:[PSAG_OGL_RES]: free resource(uniform_buffer): 1 items
[2025.07.02 03:00:50.833 ms]:[INFO]:[PSAG_LLRES]: graph static_object(graphics) delete.
[2025.07.02 03:00:50.861 ms]:[INFO]:[PSAG_WINDOW]: fw_window free: glfw context.
[2025.07.02 03:00:51.099 ms]:[TRACE]:[PSAG_M_MAINEVENT]: async_events execution end.
[2025.07.02 03:00:51.099 ms]:[INFO]:[PSAG_M_START]: free framework ret_code: 1
