[2025.07.02 03:29:31.651 ms]:[INFO]:[PSAG_LOGGER]: start thread success.
[2025.07.02 03:29:31.652 ms]:[INFO]:[PSAG_M_START]: core_start objects(frm) total: only
[2025.07.02 03:29:31.652 ms]:[INFO]:[PSAG_M_START]: core_start objects(net) total: 0
[2025.07.02 03:29:31.652 ms]:[INFO]:[PSAG_M_START]: core_start objects(ext) total: 0
[2025.07.02 03:29:31.652 ms]:[INFO]:[PSAG_LOGGER]: create log_file: PSAGameSystemLogs/991100437748800.log
[2025.07.02 03:29:31.652 ms]:[TRACE]:[PSAG_M_MAINEVENT]: async_event add item_id: 176140839296
[2025.07.02 03:29:31.653 ms]:[INFO]:[PSAG_M_MAINEVENT]: async_events executing...
[2025.07.02 03:29:31.653 ms]:[INFO]:[PSAG_FILESYS_LOAD]: load(src) read_file: PSAGameFrameworkCore/framework_config.json read_size: 463
[2025.07.02 03:29:31.653 ms]:[INFO]:[PSAG_FILESYS_LOAD]: load(src) read_file: PSAGameFrameworkCore/framework_config_shaders.json read_size: 1329
[2025.07.02 03:29:31.653 ms]:[INFO]:[PSAG_FILESYS_LOAD]: load(src) read_file: PSAGameFrameworkCore/CoreShaderScript/public/psag_graph_template_actor.vert read_size: 984
[2025.07.02 03:29:31.654 ms]:[INFO]:[PSAG_FILESYS_LOAD]: load(src) read_file: PSAGameFrameworkCore/CoreShaderScript/public/psag_graph_template.vert read_size: 737
[2025.07.02 03:29:31.654 ms]:[INFO]:[PSAG_FILESYS_LOAD]: load(src) read_file: PSAGameFrameworkCore/CoreShaderScript/public/psag_graph_tools.frag read_size: 933
[2025.07.02 03:29:31.654 ms]:[INFO]:[PSAG_FILESYS_LOAD]: load(src) read_file: PSAGameFrameworkCore/CoreShaderScript/public/psag_graph_header.frag read_size: 202
[2025.07.02 03:29:31.654 ms]:[INFO]:[PSAG_FILESYS_LOAD]: load(src) read_file: PSAGameFrameworkCore/CoreShaderScript/private/psag_graph_final_vollight.frag read_size: 1670
[2025.07.02 03:29:31.654 ms]:[INFO]:[PSAG_FILESYS_LOAD]: load(src) read_file: PSAGameFrameworkCore/CoreShaderScript/private/psag_graph_final_multfilter.frag read_size: 356
[2025.07.02 03:29:31.654 ms]:[INFO]:[PSAG_FILESYS_LOAD]: load(src) read_file: PSAGameFrameworkCore/CoreShaderScript/private/psag_graph_final_blurh.frag read_size: 783
[2025.07.02 03:29:31.654 ms]:[INFO]:[PSAG_FILESYS_LOAD]: load(src) read_file: PSAGameFrameworkCore/CoreShaderScript/private/psag_graph_final_blurv.frag read_size: 778
[2025.07.02 03:29:31.654 ms]:[INFO]:[PSAG_FILESYS_LOAD]: load(src) read_file: PSAGameFrameworkCore/CoreShaderScript/private/psag_graph_final.frag read_size: 1243
[2025.07.02 03:29:31.654 ms]:[INFO]:[PSAG_FILESYS_LOAD]: load(src) read_file: PSAGameFrameworkCore/CoreShaderScript/private/psag_graph_background.frag read_size: 1107
[2025.07.02 03:29:31.654 ms]:[INFO]:[PSAG_FILESYS_LOAD]: load(src) read_file: PSAGameFrameworkCore/CoreShaderScript/private/psag_graph_particle.frag read_size: 1255
[2025.07.02 03:29:31.654 ms]:[INFO]:[PSAG_FILESYS_LOAD]: load(src) read_file: PSAGameFrameworkCore/CoreShaderScript/private/psag_graph_fx_sequence.frag read_size: 543
[2025.07.02 03:29:31.654 ms]:[INFO]:[PSAG_GL_GLSL]: graphics_engine config system_glsl.
[2025.07.02 03:29:31.654 ms]:[TRACE]:[PSAG_M_CORE]: core framework init,config...
[2025.07.02 03:29:31.697 ms]:[INFO]:[PSAG_WINDOW]: init opengl_glfw.
[2025.07.02 03:29:32.039 ms]:[WARNING]:[PSAG_WINDOW]: <F:\PSAFrameworkProject\PSAGameFramework\PSAGameFramework\PSAGameFrameworkCore\LLWindowGui\framework_window_system.cpp:__LINE__> failed fw_window load: icon_image.
[2025.07.02 03:29:32.088 ms]:[INFO]:[PSAG_OGL_INIT]: framework_graphics logger function_ptr: 61dd967a
[2025.07.02 03:29:32.088 ms]:[INFO]:[PSAG_OGL_INIT]: framework_graphics shader gl_version: 
[2025.07.02 03:29:32.091 ms]:[TRACE]:[PSAG_OGL_INIT]: framework_graphics config init...
[2025.07.02 03:29:32.091 ms]:[INFO]:[PSAG_OGL_INFORMATION]: device gpu supplier: NVIDIA Corporation
[2025.07.02 03:29:32.091 ms]:[INFO]:[PSAG_OGL_INFORMATION]: device gpu model: NVIDIA GeForce RTX 4060 Laptop GPU/PCIe/SSE2
[2025.07.02 03:29:32.091 ms]:[INFO]:[PSAG_OGL_INFORMATION]: device version opengl: 4.6.0 NVIDIA 576.57
[2025.07.02 03:29:32.091 ms]:[INFO]:[PSAG_OGL_INFORMATION]: device version glsl: 4.60 NVIDIA
[2025.07.02 03:29:32.091 ms]:[PERF]:[PSAG_OGL_INFORMATION]: device memory[capacity]: 8188.00 mib
[2025.07.02 03:29:32.091 ms]:[INFO]:[PSAG_OGL_INFORMATION]: device (vao)attribs_max units: 16 entry
[2025.07.02 03:29:32.092 ms]:[INFO]:[PSAG_OGL_INFORMATION]: device (vbo)buffer_max units: 4096 entry
[2025.07.02 03:29:32.092 ms]:[INFO]:[PSAG_OGL_INFORMATION]: device [tmu]texture_max units: 32 entry
[2025.07.02 03:29:32.092 ms]:[INFO]:[PSAG_OGL_INFORMATION]: device (vert)uniform_max items: 4096
[2025.07.02 03:29:32.092 ms]:[INFO]:[PSAG_OGL_INFORMATION]: device (frag)uniform_max items: 4096
[2025.07.02 03:29:32.092 ms]:[INFO]:[PSAG_LLRES]: graph static_object(graphics) create.
[2025.07.02 03:29:32.092 ms]:[INFO]:[PSAG_AUDIO_DATA]: LLRES static_object() create.
[2025.07.02 03:29:32.092 ms]:[INFO]:[PSAG_OGL_RES]: vao: storage key: 4
[2025.07.02 03:29:32.092 ms]:[INFO]:[PSAG_OGL_RES]: vbo: storage key: 6
[2025.07.02 03:29:32.092 ms]:[TRACE]:[PSAG_GL_DATASET]: dynamic vertex data manager_create.
[2025.07.02 03:29:32.092 ms]:[INFO]:[PSAG_OGL_RES]: vao: storage key: 8
[2025.07.02 03:29:32.092 ms]:[INFO]:[PSAG_OGL_RES]: vbo: storage key: 10
[2025.07.02 03:29:32.093 ms]:[INFO]:[PSAG_GL_DATASET]: ver_data(stc) upload gpu_data: 72 bytes
[2025.07.02 03:29:32.093 ms]:[INFO]:[PSAG_GL_DATASET]: ver_data(stc) item: alloc key: 12
[2025.07.02 03:29:32.093 ms]:[INFO]:[PSAG_GL_DATASET]: preset craete: rectangle.
[2025.07.02 03:29:32.093 ms]:[INFO]:[PSAG_GL_DATASET]: ver_data(stc) upload gpu_data: 2868 bytes
[2025.07.02 03:29:32.093 ms]:[INFO]:[PSAG_GL_DATASET]: ver_data(stc) item: alloc key: 14
[2025.07.02 03:29:32.093 ms]:[INFO]:[PSAG_GL_DATASET]: preset craete: circle.
[2025.07.02 03:29:32.093 ms]:[TRACE]:[PSAG_GL_DATASET]: static vertex data manager_create.
[2025.07.02 03:29:32.094 ms]:[TRACE]:[PSAG_OGL_RES]: tmu alloc u: 1
[2025.07.02 03:29:32.094 ms]:[TRACE]:[PSAG_OGL_RES]: tmu alloc u: 2
[2025.07.02 03:29:32.094 ms]:[TRACE]:[PSAG_OGL_RES]: tmu alloc u: 3
[2025.07.02 03:29:32.094 ms]:[TRACE]:[PSAG_OGL_RES]: tmu alloc u: 4
[2025.07.02 03:29:32.094 ms]:[INFO]:[PSAG_OGL_TEXTURE]: texture.2d(array) object create.
[2025.07.02 03:29:32.094 ms]:[INFO]:[PSAG_OGL_TEXTURE]: texture create, succ: size: 4096 x 4096, layers: 5.
[2025.07.02 03:29:32.094 ms]:[INFO]:[PSAG_OGL_TEXTURE]: texture.2d(array) object create.
[2025.07.02 03:29:32.094 ms]:[INFO]:[PSAG_OGL_TEXTURE]: texture create, succ: size: 2048 x 2048, layers: 10.
[2025.07.02 03:29:32.094 ms]:[INFO]:[PSAG_OGL_TEXTURE]: texture.2d(array) object create.
[2025.07.02 03:29:32.094 ms]:[INFO]:[PSAG_OGL_TEXTURE]: texture create, succ: size: 1024 x 1024, layers: 20.
[2025.07.02 03:29:32.094 ms]:[INFO]:[PSAG_OGL_TEXTURE]: texture.2d(array) object create.
[2025.07.02 03:29:32.094 ms]:[INFO]:[PSAG_OGL_TEXTURE]: texture create, succ: size: 512 x 512, layers: 25.
[2025.07.02 03:29:32.094 ms]:[INFO]:[PSAG_OGL_RES]: texture: storage key: 16
[2025.07.02 03:29:32.094 ms]:[INFO]:[PSAG_OGL_RES]: texture: storage key: 18
[2025.07.02 03:29:32.094 ms]:[INFO]:[PSAG_OGL_RES]: texture: storage key: 20
[2025.07.02 03:29:32.094 ms]:[INFO]:[PSAG_OGL_RES]: texture: storage key: 22
[2025.07.02 03:29:32.094 ms]:[TRACE]:[PSAG_GL_DATASET]: vir_create texture[8x] size: 4096 x 4096
[2025.07.02 03:29:32.095 ms]:[TRACE]:[PSAG_GL_DATASET]: vir_create texture[4x] size: 2048 x 2048
[2025.07.02 03:29:32.095 ms]:[TRACE]:[PSAG_GL_DATASET]: vir_create texture[2x] size: 1024 x 1024
[2025.07.02 03:29:32.095 ms]:[TRACE]:[PSAG_GL_DATASET]: vir_create texture[1x] size: 512 x 512
[2025.07.02 03:29:32.095 ms]:[INFO]:[PSAG_OGL_UNIFORM]: uniform_buffer.gen create.
[2025.07.02 03:29:32.095 ms]:[INFO]:[PSAG_OGL_RES]: ubo: storage key: 24
[2025.07.02 03:29:32.095 ms]:[INFO]:[PSAG_GL_MATRIX]: graphics_engine create matrix ubo.
[2025.07.02 03:29:33.240 ms]:[TRACE]:[PSAG_AUDIO]: audio(openal) global create device & context.
[2025.07.02 03:29:33.240 ms]:[INFO]:[PSAG_PHYSICS]: physics_world item: alloc key: DEFAULT_PHY_WORLD
[2025.07.02 03:29:33.240 ms]:[INFO]:[PSAG_OGL_SHADER]: vertex_shader source script num: 1
[2025.07.02 03:29:33.240 ms]:[INFO]:[PSAG_OGL_SHADER]: vertex compilation succeeded.
[2025.07.02 03:29:33.240 ms]:[INFO]:[PSAG_OGL_SHADER]: fragment_shader source script num: 2
[2025.07.02 03:29:33.240 ms]:[INFO]:[PSAG_OGL_SHADER]: fragment compilation succeeded.
[2025.07.02 03:29:33.240 ms]:[INFO]:[PSAG_OGL_SHADER]: shader_program link succeeded.
[2025.07.02 03:29:33.240 ms]:[INFO]:[PSAG_OGL_RES]: shader: storage key: 26
[2025.07.02 03:29:33.241 ms]:[INFO]:[PSAG_OGL_SHADER]: vertex_shader source script num: 1
[2025.07.02 03:29:33.241 ms]:[INFO]:[PSAG_OGL_SHADER]: vertex compilation succeeded.
[2025.07.02 03:29:33.241 ms]:[INFO]:[PSAG_OGL_SHADER]: fragment_shader source script num: 2
[2025.07.02 03:29:33.241 ms]:[INFO]:[PSAG_OGL_SHADER]: fragment compilation succeeded.
[2025.07.02 03:29:33.241 ms]:[INFO]:[PSAG_OGL_SHADER]: shader_program link succeeded.
[2025.07.02 03:29:33.241 ms]:[INFO]:[PSAG_OGL_RES]: shader: storage key: 28
[2025.07.02 03:29:33.241 ms]:[INFO]:[PSAG_OGL_SHADER]: vertex_shader source script num: 1
[2025.07.02 03:29:33.241 ms]:[INFO]:[PSAG_OGL_SHADER]: vertex compilation succeeded.
[2025.07.02 03:29:33.241 ms]:[INFO]:[PSAG_OGL_SHADER]: fragment_shader source script num: 3
[2025.07.02 03:29:33.241 ms]:[INFO]:[PSAG_OGL_SHADER]: fragment compilation succeeded.
[2025.07.02 03:29:33.241 ms]:[INFO]:[PSAG_OGL_SHADER]: shader_program link succeeded.
[2025.07.02 03:29:33.241 ms]:[INFO]:[PSAG_OGL_RES]: shader: storage key: 30
[2025.07.02 03:29:33.242 ms]:[INFO]:[PSAG_OGL_SHADER]: vertex_shader source script num: 1
[2025.07.02 03:29:33.242 ms]:[INFO]:[PSAG_OGL_SHADER]: vertex compilation succeeded.
[2025.07.02 03:29:33.242 ms]:[INFO]:[PSAG_OGL_SHADER]: fragment_shader source script num: 3
[2025.07.02 03:29:33.242 ms]:[INFO]:[PSAG_OGL_SHADER]: fragment compilation succeeded.
[2025.07.02 03:29:33.242 ms]:[INFO]:[PSAG_OGL_SHADER]: shader_program link succeeded.
[2025.07.02 03:29:33.242 ms]:[INFO]:[PSAG_OGL_RES]: shader: storage key: 32
[2025.07.02 03:29:33.242 ms]:[INFO]:[PSAG_OGL_SHADER]: vertex_shader source script num: 1
[2025.07.02 03:29:33.242 ms]:[INFO]:[PSAG_OGL_SHADER]: vertex compilation succeeded.
[2025.07.02 03:29:33.242 ms]:[INFO]:[PSAG_OGL_SHADER]: fragment_shader source script num: 3
[2025.07.02 03:29:33.242 ms]:[INFO]:[PSAG_OGL_SHADER]: fragment compilation succeeded.
[2025.07.02 03:29:33.242 ms]:[INFO]:[PSAG_OGL_SHADER]: shader_program link succeeded.
[2025.07.02 03:29:33.242 ms]:[INFO]:[PSAG_OGL_RES]: shader: storage key: 34
[2025.07.02 03:29:33.243 ms]:[INFO]:[PSAG_GL_DATASET]: ver_data(stc) upload gpu_data: 2940 bytes
[2025.07.02 03:29:33.243 ms]:[INFO]:[PSAG_GL_DATASET]: ver_data(stc) item: alloc key: 36
[2025.07.02 03:29:33.243 ms]:[INFO]:[PSAG_OGL_RENDER]: render_buffer object create.
[2025.07.02 03:29:33.243 ms]:[INFO]:[PSAG_OGL_RENDER]: render_buffer config depth.
[2025.07.02 03:29:33.243 ms]:[INFO]:[PSAG_OGL_RENDER]: alloc render_buffer 1680 x 945, size: 6.056 mib.
[2025.07.02 03:29:33.243 ms]:[INFO]:[PSAG_OGL_RES]: rbo: storage key: 38
[2025.07.02 03:29:33.243 ms]:[TRACE]:[PSAG_OGL_RES]: tmu alloc u: 5
[2025.07.02 03:29:33.243 ms]:[INFO]:[PSAG_OGL_TEXTURE]: texture.2d(array) object create.
[2025.07.02 03:29:33.243 ms]:[INFO]:[PSAG_OGL_TEXTURE]: texture create, succ: size: 1680 x 945, layers: 5.
[2025.07.02 03:29:33.243 ms]:[INFO]:[PSAG_OGL_RES]: texture: storage key: 40
[2025.07.02 03:29:33.243 ms]:[INFO]:[PSAG_OGL_FRAME]: frame_buffer object create.
[2025.07.02 03:29:33.246 ms]:[INFO]:[PSAG_OGL_RES]: fbo: storage key: 42
[2025.07.02 03:29:33.246 ms]:[INFO]:[PSAG_OGL_FRAME]: frame_buffer object create.
[2025.07.02 03:29:33.246 ms]:[INFO]:[PSAG_OGL_RES]: fbo: storage key: 44
[2025.07.02 03:29:33.246 ms]:[INFO]:[PSAG_OGL_FRAME]: frame_buffer object create.
[2025.07.02 03:29:33.246 ms]:[INFO]:[PSAG_OGL_RES]: fbo: storage key: 46
[2025.07.02 03:29:33.246 ms]:[INFO]:[PSAG_OGL_FRAME]: frame_buffer object create.
[2025.07.02 03:29:33.246 ms]:[INFO]:[PSAG_OGL_RES]: fbo: storage key: 48
[2025.07.02 03:29:33.247 ms]:[INFO]:[PSAG_OGL_FRAME]: frame_buffer object create.
[2025.07.02 03:29:33.247 ms]:[INFO]:[PSAG_OGL_RES]: fbo: storage key: 50
[2025.07.02 03:29:33.247 ms]:[INFO]:[PSAG_GL_POST]: graphics_engine create final_shader(system).
[2025.07.02 03:29:33.247 ms]:[INFO]:[PSAG_IMGUI]: imgui_read: fonts file: PSAGameSystemFiles/JetBrainsMonoBold.ttf
[2025.07.02 03:29:33.248 ms]:[INFO]:[PSAG_IMGUI]: imgui_init: imgui_opengl3 context.
[2025.07.02 03:29:33.248 ms]:[TRACE]:[PSAG_M_CORE]: registration ref_object name: ZPGameScene
[2025.07.02 03:29:33.248 ms]:[TRACE]:[PSAG_M_CORE]: registration ref_object name: ZPGamePActor
[2025.07.02 03:29:33.248 ms]:[TRACE]:[PSAG_M_CORE]: registration ref_object name: ZPGameBullet
[2025.07.02 03:29:33.248 ms]:[TRACE]:[PSAG_M_CORE]: registration ref_object name: ZPGameGui
[2025.07.02 03:29:33.248 ms]:[INFO]:[PSAG_PHYSICS]: physics_world item: alloc key: ZPGamePhysics
[2025.07.02 03:29:33.248 ms]:[INFO]:[PSAG_FILESYS_LOAD]: load(src) read_file: PSAGameFrameworkDev/GameZeroProject/GameMaterial/zpgame_wall_h.png read_size: 22012
[2025.07.02 03:29:33.248 ms]:[INFO]:[PSAG_FILESYS_LOAD]: load(src) read_file: PSAGameFrameworkDev/GameZeroProject/GameMaterial/zpgame_wall_v.png read_size: 44017
[2025.07.02 03:29:33.248 ms]:[INFO]:[PSAG_ACTOR_CORE]: game_actor shader create: 1680 x 945
[2025.07.02 03:29:33.248 ms]:[INFO]:[PSAG_ACTOR_CORE]: game_actor shader create: 1680 x 945
[2025.07.02 03:29:33.261 ms]:[INFO]:[PSAG_OGL_IMG]: success decode image: size: 4096 x 208, color_channel: 4
[2025.07.02 03:29:33.262 ms]:[INFO]:[PSAG_GL_DATASET]: layers_manager alloc_count: 0
[2025.07.02 03:29:33.312 ms]:[INFO]:[PSAG_GL_DATASET]: vir_texture: src: 4096 x 208, fmt_fill: 4096 x 4096
[2025.07.02 03:29:33.346 ms]:[INFO]:[PSAG_GL_DATASET]: vir_texture item: alloc key: 52, cropping: 1.00 x 0.05, res: 1x/1
[2025.07.02 03:29:33.352 ms]:[INFO]:[PSAG_ACTOR_CORE]: game_actor shader texture add, name: WallH
[2025.07.02 03:29:33.352 ms]:[INFO]:[PSAG_ACTOR_CORE]: game_actor shader create: 1680 x 945
[2025.07.02 03:29:33.366 ms]:[INFO]:[PSAG_OGL_IMG]: success decode image: size: 208 x 4096, color_channel: 4
[2025.07.02 03:29:33.367 ms]:[INFO]:[PSAG_GL_DATASET]: layers_manager alloc_count: 1
[2025.07.02 03:29:33.415 ms]:[INFO]:[PSAG_GL_DATASET]: vir_texture: src: 208 x 4096, fmt_fill: 4096 x 4096
[2025.07.02 03:29:33.448 ms]:[INFO]:[PSAG_GL_DATASET]: vir_texture item: alloc key: 54, cropping: 0.05 x 1.00, res: 1x/1
[2025.07.02 03:29:33.454 ms]:[INFO]:[PSAG_ACTOR_CORE]: game_actor shader texture add, name: WallV
[2025.07.02 03:29:33.455 ms]:[INFO]:[PSAG_ACTOR_CORE]: game_actor shader load textures: 0
[2025.07.02 03:29:33.455 ms]:[INFO]:[PSAG_OGL_SHADER]: vertex_shader source script num: 1
[2025.07.02 03:29:33.455 ms]:[INFO]:[PSAG_OGL_SHADER]: vertex compilation succeeded.
[2025.07.02 03:29:33.455 ms]:[INFO]:[PSAG_OGL_SHADER]: fragment_shader source script num: 2
[2025.07.02 03:29:33.455 ms]:[INFO]:[PSAG_OGL_SHADER]: fragment compilation succeeded.
[2025.07.02 03:29:33.455 ms]:[INFO]:[PSAG_OGL_SHADER]: shader_program link succeeded.
[2025.07.02 03:29:33.455 ms]:[INFO]:[PSAG_OGL_RES]: shader: storage key: 56
[2025.07.02 03:29:33.455 ms]:[INFO]:[PSAG_ACTOR_CORE]: game_actor shader default_res create.
[2025.07.02 03:29:33.456 ms]:[INFO]:[PSAG_ACTOR_CORE]: game_actor shader load textures: 1
[2025.07.02 03:29:33.456 ms]:[INFO]:[PSAG_OGL_SHADER]: vertex_shader source script num: 1
[2025.07.02 03:29:33.456 ms]:[INFO]:[PSAG_OGL_SHADER]: vertex compilation succeeded.
[2025.07.02 03:29:33.456 ms]:[INFO]:[PSAG_OGL_SHADER]: fragment_shader source script num: 3
[2025.07.02 03:29:33.456 ms]:[INFO]:[PSAG_OGL_SHADER]: fragment compilation succeeded.
[2025.07.02 03:29:33.456 ms]:[INFO]:[PSAG_OGL_SHADER]: shader_program link succeeded.
[2025.07.02 03:29:33.456 ms]:[INFO]:[PSAG_OGL_RES]: shader: storage key: 60
[2025.07.02 03:29:33.456 ms]:[INFO]:[PSAG_ACTOR_CORE]: game_actor shader default_res create.
[2025.07.02 03:29:33.456 ms]:[INFO]:[PSAG_ACTOR_CORE]: game_actor shader load textures: 1
[2025.07.02 03:29:33.456 ms]:[INFO]:[PSAG_OGL_SHADER]: vertex_shader source script num: 1
[2025.07.02 03:29:33.456 ms]:[INFO]:[PSAG_OGL_SHADER]: vertex compilation succeeded.
[2025.07.02 03:29:33.456 ms]:[INFO]:[PSAG_OGL_SHADER]: fragment_shader source script num: 3
[2025.07.02 03:29:33.456 ms]:[INFO]:[PSAG_OGL_SHADER]: fragment compilation succeeded.
[2025.07.02 03:29:33.456 ms]:[INFO]:[PSAG_OGL_SHADER]: shader_program link succeeded.
[2025.07.02 03:29:33.457 ms]:[INFO]:[PSAG_OGL_RES]: shader: storage key: 64
[2025.07.02 03:29:33.457 ms]:[INFO]:[PSAG_ACTOR_CORE]: game_actor shader default_res create.
[2025.07.02 03:29:33.457 ms]:[INFO]:[PSAG_ENVMT_CORE]: game_envmt get textures: 1
[2025.07.02 03:29:33.457 ms]:[INFO]:[PSAG_ENVMT_CORE]: game_envmt render_comp init.
[2025.07.02 03:29:33.457 ms]:[INFO]:[PSAG_PHYSICS]: phy_world => body_data, name: ZPGamePhysics
[2025.07.02 03:29:33.457 ms]:[INFO]:[PSAG_PHYSICS]: body_data(static) item: alloc key: 1693366504544
[2025.07.02 03:29:33.457 ms]:[INFO]:[PSAG_ENVMT_CORE]: game_envmt item create: 68
[2025.07.02 03:29:33.457 ms]:[INFO]:[PSAG_ENVMT_CORE]: game_envmt get textures: 1
[2025.07.02 03:29:33.457 ms]:[INFO]:[PSAG_ENVMT_CORE]: game_envmt render_comp init.
[2025.07.02 03:29:33.457 ms]:[INFO]:[PSAG_PHYSICS]: phy_world => body_data, name: ZPGamePhysics
[2025.07.02 03:29:33.457 ms]:[INFO]:[PSAG_PHYSICS]: body_data(static) item: alloc key: 1693366503872
[2025.07.02 03:29:33.457 ms]:[INFO]:[PSAG_ENVMT_CORE]: game_envmt item create: 70
[2025.07.02 03:29:33.457 ms]:[INFO]:[PSAG_ENVMT_CORE]: game_envmt get textures: 1
[2025.07.02 03:29:33.457 ms]:[INFO]:[PSAG_ENVMT_CORE]: game_envmt render_comp init.
[2025.07.02 03:29:33.457 ms]:[INFO]:[PSAG_PHYSICS]: phy_world => body_data, name: ZPGamePhysics
[2025.07.02 03:29:33.457 ms]:[INFO]:[PSAG_PHYSICS]: body_data(static) item: alloc key: 1693366507904
[2025.07.02 03:29:33.457 ms]:[INFO]:[PSAG_ENVMT_CORE]: game_envmt item create: 72
[2025.07.02 03:29:33.457 ms]:[INFO]:[PSAG_ENVMT_CORE]: game_envmt get textures: 1
[2025.07.02 03:29:33.457 ms]:[INFO]:[PSAG_ENVMT_CORE]: game_envmt render_comp init.
[2025.07.02 03:29:33.457 ms]:[INFO]:[PSAG_PHYSICS]: phy_world => body_data, name: ZPGamePhysics
[2025.07.02 03:29:33.457 ms]:[INFO]:[PSAG_PHYSICS]: body_data(static) item: alloc key: 1693366509248
[2025.07.02 03:29:33.457 ms]:[INFO]:[PSAG_ENVMT_CORE]: game_envmt item create: 74
[2025.07.02 03:29:33.457 ms]:[INFO]:[PSAG_ENVMT_CORE]: game_envmt render_comp init.
[2025.07.02 03:29:33.457 ms]:[INFO]:[PSAG_PHYSICS]: phy_world => body_data, name: ZPGamePhysics
[2025.07.02 03:29:33.457 ms]:[INFO]:[PSAG_PHYSICS]: body_data(static) item: alloc key: 1693366506560
[2025.07.02 03:29:33.457 ms]:[INFO]:[PSAG_ENVMT_CORE]: game_envmt item create: 76
[2025.07.02 03:29:33.457 ms]:[INFO]:[PSAG_ACTOR_CORE]: AType: register key: ActorPAWN
[2025.07.02 03:29:33.457 ms]:[INFO]:[PSAG_ACTOR_CORE]: AType: register key: ActorNPC
[2025.07.02 03:29:33.458 ms]:[INFO]:[PSAG_FILESYS_LOAD]: load(src) read_file: PSAGameFrameworkDev/GameZeroProject/GameMaterial/zpgame_ppactor_nor.png read_size: 405375
[2025.07.02 03:29:33.458 ms]:[INFO]:[PSAG_ACTOR_CORE]: game_actor shader create: 1680 x 945
[2025.07.02 03:29:33.484 ms]:[INFO]:[PSAG_OGL_IMG]: success decode image: size: 1024 x 1024, color_channel: 4
[2025.07.02 03:29:33.486 ms]:[INFO]:[PSAG_GL_DATASET]: layers_manager alloc_count: 0
[2025.07.02 03:29:33.486 ms]:[INFO]:[PSAG_GL_DATASET]: vir_texture: src: 1024 x 1024, fmt_fill: 1024 x 1024
[2025.07.02 03:29:33.488 ms]:[INFO]:[PSAG_GL_DATASET]: vir_texture item: alloc key: 78, cropping: 1.00 x 1.00, res: 4x/1
[2025.07.02 03:29:33.488 ms]:[INFO]:[PSAG_ACTOR_CORE]: game_actor shader texture add, name: PPActor
[2025.07.02 03:29:33.489 ms]:[INFO]:[PSAG_FILESYS_LOAD]: load(src) read_file: PSAGameFrameworkDev/GameZeroProject/GameMaterial/zpgame_npc_a.png read_size: 177392
[2025.07.02 03:29:33.489 ms]:[INFO]:[PSAG_ACTOR_CORE]: game_actor shader create: 1680 x 945
[2025.07.02 03:29:33.517 ms]:[INFO]:[PSAG_OGL_IMG]: success decode image: size: 1024 x 1024, color_channel: 4
[2025.07.02 03:29:33.518 ms]:[INFO]:[PSAG_GL_DATASET]: layers_manager alloc_count: 1
[2025.07.02 03:29:33.518 ms]:[INFO]:[PSAG_GL_DATASET]: vir_texture: src: 1024 x 1024, fmt_fill: 1024 x 1024
[2025.07.02 03:29:33.520 ms]:[INFO]:[PSAG_GL_DATASET]: vir_texture item: alloc key: 80, cropping: 1.00 x 1.00, res: 4x/1
[2025.07.02 03:29:33.521 ms]:[INFO]:[PSAG_ACTOR_CORE]: game_actor shader texture add, name: NPActor
[2025.07.02 03:29:33.521 ms]:[INFO]:[PSAG_ACTOR_CORE]: game_actor shader load textures: 1
[2025.07.02 03:29:33.521 ms]:[INFO]:[PSAG_OGL_SHADER]: vertex_shader source script num: 1
[2025.07.02 03:29:33.521 ms]:[INFO]:[PSAG_OGL_SHADER]: vertex compilation succeeded.
[2025.07.02 03:29:33.521 ms]:[INFO]:[PSAG_OGL_SHADER]: fragment_shader source script num: 3
[2025.07.02 03:29:33.521 ms]:[INFO]:[PSAG_OGL_SHADER]: fragment compilation succeeded.
[2025.07.02 03:29:33.522 ms]:[INFO]:[PSAG_OGL_SHADER]: shader_program link succeeded.
[2025.07.02 03:29:33.522 ms]:[INFO]:[PSAG_OGL_RES]: shader: storage key: 82
[2025.07.02 03:29:33.522 ms]:[INFO]:[PSAG_ACTOR_CORE]: game_actor shader default_res create.
[2025.07.02 03:29:33.522 ms]:[INFO]:[PSAG_ACTOR_CORE]: game_actor shader load textures: 1
[2025.07.02 03:29:33.522 ms]:[INFO]:[PSAG_OGL_SHADER]: vertex_shader source script num: 1
[2025.07.02 03:29:33.522 ms]:[INFO]:[PSAG_OGL_SHADER]: vertex compilation succeeded.
[2025.07.02 03:29:33.522 ms]:[INFO]:[PSAG_OGL_SHADER]: fragment_shader source script num: 3
[2025.07.02 03:29:33.522 ms]:[INFO]:[PSAG_OGL_SHADER]: fragment compilation succeeded.
[2025.07.02 03:29:33.522 ms]:[INFO]:[PSAG_OGL_SHADER]: shader_program link succeeded.
[2025.07.02 03:29:33.522 ms]:[INFO]:[PSAG_OGL_RES]: shader: storage key: 86
[2025.07.02 03:29:33.522 ms]:[INFO]:[PSAG_ACTOR_CORE]: game_actor shader default_res create.
[2025.07.02 03:29:33.522 ms]:[INFO]:[PSAG_ACTOR_CORE]: game_actor get textures: 1
[2025.07.02 03:29:33.522 ms]:[INFO]:[PSAG_ACTOR_CORE]: game_actor render_comp init.
[2025.07.02 03:29:33.522 ms]:[INFO]:[PSAG_PHYSICS]: phy_world => body_data, name: ZPGamePhysics
[2025.07.02 03:29:33.522 ms]:[INFO]:[PSAG_PHYSICS]: body_data(dynamic) item: alloc key: 1693362980048
[2025.07.02 03:29:33.522 ms]:[INFO]:[PSAG_ACTOR_CORE]: game_actor entity create: 90
[2025.07.02 03:29:33.522 ms]:[INFO]:[PSAG_TOOL_NOTFIY]: station register n: PPActor, ptr 4480b890
[2025.07.02 03:29:33.522 ms]:[INFO]:[PSAG_ACTOR_CORE]: game_actor get textures: 1
[2025.07.02 03:29:33.522 ms]:[INFO]:[PSAG_ACTOR_CORE]: game_actor render_comp init.
[2025.07.02 03:29:33.522 ms]:[INFO]:[PSAG_PHYSICS]: phy_world => body_data, name: ZPGamePhysics
[2025.07.02 03:29:33.522 ms]:[INFO]:[PSAG_PHYSICS]: body_data(dynamic) item: alloc key: 1693362977696
[2025.07.02 03:29:33.522 ms]:[INFO]:[PSAG_ACTOR_CORE]: game_actor entity create: 92
[2025.07.02 03:29:33.522 ms]:[INFO]:[PSAG_ACTOR_CORE]: game_actor get textures: 1
[2025.07.02 03:29:33.523 ms]:[INFO]:[PSAG_ACTOR_CORE]: game_actor render_comp init.
[2025.07.02 03:29:33.523 ms]:[INFO]:[PSAG_PHYSICS]: phy_world => body_data, name: ZPGamePhysics
[2025.07.02 03:29:33.523 ms]:[INFO]:[PSAG_PHYSICS]: body_data(dynamic) item: alloc key: 1693362978032
[2025.07.02 03:29:33.523 ms]:[INFO]:[PSAG_ACTOR_CORE]: game_actor entity create: 94
[2025.07.02 03:29:33.523 ms]:[INFO]:[PSAG_ACTOR_CORE]: game_actor get textures: 1
[2025.07.02 03:29:33.523 ms]:[INFO]:[PSAG_ACTOR_CORE]: game_actor render_comp init.
[2025.07.02 03:29:33.523 ms]:[INFO]:[PSAG_PHYSICS]: phy_world => body_data, name: ZPGamePhysics
[2025.07.02 03:29:33.523 ms]:[INFO]:[PSAG_PHYSICS]: body_data(dynamic) item: alloc key: 1693362978368
[2025.07.02 03:29:33.523 ms]:[INFO]:[PSAG_ACTOR_CORE]: game_actor entity create: 96
[2025.07.02 03:29:33.523 ms]:[INFO]:[PSAG_ACTOR_CORE]: game_actor get textures: 1
[2025.07.02 03:29:33.523 ms]:[INFO]:[PSAG_ACTOR_CORE]: game_actor render_comp init.
[2025.07.02 03:29:33.523 ms]:[INFO]:[PSAG_PHYSICS]: phy_world => body_data, name: ZPGamePhysics
[2025.07.02 03:29:33.523 ms]:[INFO]:[PSAG_PHYSICS]: body_data(dynamic) item: alloc key: 1693442033968
[2025.07.02 03:29:33.523 ms]:[INFO]:[PSAG_ACTOR_CORE]: game_actor entity create: 98
[2025.07.02 03:29:33.523 ms]:[INFO]:[PSAG_ACTOR_CORE]: game_actor get textures: 1
[2025.07.02 03:29:33.523 ms]:[INFO]:[PSAG_ACTOR_CORE]: game_actor render_comp init.
[2025.07.02 03:29:33.523 ms]:[INFO]:[PSAG_PHYSICS]: phy_world => body_data, name: ZPGamePhysics
[2025.07.02 03:29:33.523 ms]:[INFO]:[PSAG_PHYSICS]: body_data(dynamic) item: alloc key: 1693442034976
[2025.07.02 03:29:33.523 ms]:[INFO]:[PSAG_ACTOR_CORE]: game_actor entity create: 100
[2025.07.02 03:29:33.523 ms]:[INFO]:[PSAG_ACTOR_CORE]: game_actor get textures: 1
[2025.07.02 03:29:33.523 ms]:[INFO]:[PSAG_ACTOR_CORE]: game_actor render_comp init.
[2025.07.02 03:29:33.523 ms]:[INFO]:[PSAG_PHYSICS]: phy_world => body_data, name: ZPGamePhysics
[2025.07.02 03:29:33.523 ms]:[INFO]:[PSAG_PHYSICS]: body_data(dynamic) item: alloc key: 1693442036320
[2025.07.02 03:29:33.523 ms]:[INFO]:[PSAG_ACTOR_CORE]: game_actor entity create: 102
[2025.07.02 03:29:33.523 ms]:[INFO]:[PSAG_ACTOR_CORE]: AType: register key: GuideBullet
[2025.07.02 03:29:33.524 ms]:[INFO]:[PSAG_FILESYS_LOAD]: load(src) read_file: PSAGameFrameworkDev/GameZeroProject/GameMaterial/zpgame_bullet_b.png read_size: 12111
[2025.07.02 03:29:33.524 ms]:[INFO]:[PSAG_FILESYS_LOAD]: load(src) read_file: PSAGameFrameworkDev/GameZeroProject/GameMaterial/zpgame_bullet_a.png read_size: 54094
[2025.07.02 03:29:33.524 ms]:[INFO]:[PSAG_ACTOR_CORE]: game_actor shader create: 1680 x 945
[2025.07.02 03:29:33.524 ms]:[INFO]:[PSAG_ACTOR_CORE]: game_actor shader create: 1680 x 945
[2025.07.02 03:29:33.533 ms]:[INFO]:[PSAG_OGL_IMG]: success decode image: size: 512 x 512, color_channel: 4
[2025.07.02 03:29:33.533 ms]:[INFO]:[PSAG_GL_DATASET]: layers_manager alloc_count: 0
[2025.07.02 03:29:33.533 ms]:[INFO]:[PSAG_GL_DATASET]: vir_texture: src: 512 x 512, fmt_fill: 512 x 512
[2025.07.02 03:29:33.534 ms]:[INFO]:[PSAG_GL_DATASET]: vir_texture item: alloc key: 104, cropping: 1.00 x 1.00, res: 8x/1
[2025.07.02 03:29:33.534 ms]:[INFO]:[PSAG_ACTOR_CORE]: game_actor shader texture add, name: SharpBullet
[2025.07.02 03:29:33.567 ms]:[INFO]:[PSAG_OGL_IMG]: success decode image: size: 1024 x 2048, color_channel: 4
[2025.07.02 03:29:33.569 ms]:[INFO]:[PSAG_GL_DATASET]: layers_manager alloc_count: 0
[2025.07.02 03:29:33.661 ms]:[INFO]:[PSAG_GL_DATASET]: vir_texture: src: 1024 x 2048, fmt_fill: 2048 x 2048
[2025.07.02 03:29:33.670 ms]:[INFO]:[PSAG_GL_DATASET]: vir_texture item: alloc key: 106, cropping: 0.50 x 1.00, res: 2x/1
[2025.07.02 03:29:33.671 ms]:[INFO]:[PSAG_ACTOR_CORE]: game_actor shader texture add, name: GuideBullet
[2025.07.02 03:29:33.672 ms]:[INFO]:[PSAG_ACTOR_CORE]: game_actor shader load textures: 1
[2025.07.02 03:29:33.672 ms]:[INFO]:[PSAG_OGL_SHADER]: vertex_shader source script num: 1
[2025.07.02 03:29:33.672 ms]:[INFO]:[PSAG_OGL_SHADER]: vertex compilation succeeded.
[2025.07.02 03:29:33.672 ms]:[INFO]:[PSAG_OGL_SHADER]: fragment_shader source script num: 3
[2025.07.02 03:29:33.672 ms]:[INFO]:[PSAG_OGL_SHADER]: fragment compilation succeeded.
[2025.07.02 03:29:33.672 ms]:[INFO]:[PSAG_OGL_SHADER]: shader_program link succeeded.
[2025.07.02 03:29:33.672 ms]:[INFO]:[PSAG_OGL_RES]: shader: storage key: 108
[2025.07.02 03:29:33.672 ms]:[INFO]:[PSAG_ACTOR_CORE]: game_actor shader default_res create.
[2025.07.02 03:29:33.672 ms]:[INFO]:[PSAG_ACTOR_CORE]: game_actor shader load textures: 1
[2025.07.02 03:29:33.673 ms]:[INFO]:[PSAG_OGL_SHADER]: vertex_shader source script num: 1
[2025.07.02 03:29:33.673 ms]:[INFO]:[PSAG_OGL_SHADER]: vertex compilation succeeded.
[2025.07.02 03:29:33.673 ms]:[INFO]:[PSAG_OGL_SHADER]: fragment_shader source script num: 3
[2025.07.02 03:29:33.673 ms]:[INFO]:[PSAG_OGL_SHADER]: fragment compilation succeeded.
[2025.07.02 03:29:33.673 ms]:[INFO]:[PSAG_OGL_SHADER]: shader_program link succeeded.
[2025.07.02 03:29:33.673 ms]:[INFO]:[PSAG_OGL_RES]: shader: storage key: 112
[2025.07.02 03:29:33.673 ms]:[INFO]:[PSAG_ACTOR_CORE]: game_actor shader default_res create.
[2025.07.02 03:29:33.673 ms]:[INFO]:[PSAG_FILESYS_LOAD]: load(src) read_file: PSAGameFrameworkDev/GameZeroProject/GameMaterial/zpgame_particle_a.png read_size: 21686
[2025.07.02 03:29:33.683 ms]:[INFO]:[PSAG_OGL_IMG]: success decode image: size: 512 x 512, color_channel: 4
[2025.07.02 03:29:33.683 ms]:[INFO]:[PSAG_GL_PARTICLE]: particle system proc thread init.
[2025.07.02 03:29:33.683 ms]:[INFO]:[PSAG_OGL_SHADER]: vertex_shader source script num: 1
[2025.07.02 03:29:33.683 ms]:[INFO]:[PSAG_OGL_SHADER]: vertex compilation succeeded.
[2025.07.02 03:29:33.683 ms]:[INFO]:[PSAG_OGL_SHADER]: fragment_shader source script num: 3
[2025.07.02 03:29:33.683 ms]:[INFO]:[PSAG_OGL_SHADER]: fragment compilation succeeded.
[2025.07.02 03:29:33.684 ms]:[INFO]:[PSAG_OGL_SHADER]: shader_program link succeeded.
[2025.07.02 03:29:33.684 ms]:[INFO]:[PSAG_OGL_RES]: shader: storage key: 116
[2025.07.02 03:29:33.684 ms]:[INFO]:[PSAG_GL_DATASET]: ver_data(dy) item: alloc key: 118
[2025.07.02 03:29:33.684 ms]:[INFO]:[PSAG_GL_DATASET]: layers_manager alloc_count: 1
[2025.07.02 03:29:33.684 ms]:[INFO]:[PSAG_GL_DATASET]: vir_texture: src: 512 x 512, fmt_fill: 512 x 512
[2025.07.02 03:29:33.685 ms]:[INFO]:[PSAG_GL_DATASET]: vir_texture item: alloc key: 120, cropping: 1.00 x 1.00, res: 8x/1
[2025.07.02 03:29:33.685 ms]:[INFO]:[PSAG_GL_PARTICLE]: particle system init.
[2025.07.02 03:29:33.685 ms]:[INFO]:[PSAG_GL_PARTICLE]: particle system render_size: 1680 x 945
[2025.07.02 03:29:33.685 ms]:[INFO]:[PSAG_MANAGER_FX]: manager fx_particle init.
[2025.07.02 03:29:33.685 ms]:[INFO]:[PSAG_TOOL_NOTFIY]: station register n: PPActorBullet, ptr 4480b890
[2025.07.02 03:29:33.685 ms]:[INFO]:[PSAG_FILESYS_LOAD]: load(src) read_file: PSAGameFrameworkDev/GameZeroProject/GameMaterial/zpgame_gui/zpgame_gui_b0.png read_size: 10743
[2025.07.02 03:29:33.692 ms]:[INFO]:[PSAG_OGL_IMG]: success decode image: size: 1024 x 278, color_channel: 4
[2025.07.02 03:29:33.692 ms]:[INFO]:[PSAG_OGL_TEXTURE]: texture.2d(view) object create.
[2025.07.02 03:29:33.693 ms]:[INFO]:[PSAG_OGL_TEXTURE]: texture_view create, succ: size: 1024 x 278
[2025.07.02 03:29:33.694 ms]:[INFO]:[PSAG_GL_PVFX]: psag_fx image_view system, create: 1024 x 278
[2025.07.02 03:29:33.694 ms]:[INFO]:[PSAG_FILESYS_LOAD]: load(src) read_file: PSAGameFrameworkDev/GameZeroProject/GameMaterial/zpgame_gui/zpgame_gui_b1.png read_size: 22199
[2025.07.02 03:29:33.701 ms]:[INFO]:[PSAG_OGL_IMG]: success decode image: size: 1024 x 278, color_channel: 4
[2025.07.02 03:29:33.704 ms]:[INFO]:[PSAG_OGL_TEXTURE]: texture.2d(view) object create.
[2025.07.02 03:29:33.705 ms]:[INFO]:[PSAG_OGL_TEXTURE]: texture_view create, succ: size: 1024 x 278
[2025.07.02 03:29:33.705 ms]:[INFO]:[PSAG_GL_PVFX]: psag_fx image_view system, create: 1024 x 278
[2025.07.02 03:29:33.705 ms]:[INFO]:[PSAG_FILESYS_LOAD]: load(src) read_file: PSAGameFrameworkDev/GameZeroProject/GameMaterial/zpgame_gui/zpgame_gui_b2.png read_size: 22716
[2025.07.02 03:29:33.712 ms]:[INFO]:[PSAG_OGL_IMG]: success decode image: size: 1024 x 278, color_channel: 4
[2025.07.02 03:29:33.714 ms]:[INFO]:[PSAG_OGL_TEXTURE]: texture.2d(view) object create.
[2025.07.02 03:29:33.715 ms]:[INFO]:[PSAG_OGL_TEXTURE]: texture_view create, succ: size: 1024 x 278
[2025.07.02 03:29:33.715 ms]:[INFO]:[PSAG_GL_PVFX]: psag_fx image_view system, create: 1024 x 278
[2025.07.02 03:29:33.715 ms]:[INFO]:[PSAG_FILESYS_LOAD]: load(src) read_file: PSAGameFrameworkDev/GameZeroProject/GameMaterial/zpgame_gui/zpgame_gui_b3.png read_size: 23026
[2025.07.02 03:29:33.722 ms]:[INFO]:[PSAG_OGL_IMG]: success decode image: size: 1024 x 278, color_channel: 4
[2025.07.02 03:29:33.724 ms]:[INFO]:[PSAG_OGL_TEXTURE]: texture.2d(view) object create.
[2025.07.02 03:29:33.725 ms]:[INFO]:[PSAG_OGL_TEXTURE]: texture_view create, succ: size: 1024 x 278
[2025.07.02 03:29:33.725 ms]:[INFO]:[PSAG_GL_PVFX]: psag_fx image_view system, create: 1024 x 278
[2025.07.02 03:29:33.725 ms]:[INFO]:[PSAG_FILESYS_LOAD]: load(src) read_file: PSAGameFrameworkDev/GameZeroProject/GameMaterial/zpgame_gui/zpgame_gui_b4.png read_size: 23655
[2025.07.02 03:29:33.732 ms]:[INFO]:[PSAG_OGL_IMG]: success decode image: size: 1024 x 278, color_channel: 4
[2025.07.02 03:29:33.734 ms]:[INFO]:[PSAG_OGL_TEXTURE]: texture.2d(view) object create.
[2025.07.02 03:29:33.735 ms]:[INFO]:[PSAG_OGL_TEXTURE]: texture_view create, succ: size: 1024 x 278
[2025.07.02 03:29:33.735 ms]:[INFO]:[PSAG_GL_PVFX]: psag_fx image_view system, create: 1024 x 278
[2025.07.02 03:29:33.736 ms]:[INFO]:[PSAG_FILESYS_LOAD]: load(src) read_file: PSAGameFrameworkDev/GameZeroProject/GameMaterial/zpgame_gui/zpgame_gui_b5.png read_size: 23922
[2025.07.02 03:29:33.743 ms]:[INFO]:[PSAG_OGL_IMG]: success decode image: size: 1024 x 278, color_channel: 4
[2025.07.02 03:29:33.745 ms]:[INFO]:[PSAG_OGL_TEXTURE]: texture.2d(view) object create.
[2025.07.02 03:29:33.745 ms]:[INFO]:[PSAG_OGL_TEXTURE]: texture_view create, succ: size: 1024 x 278
[2025.07.02 03:29:33.745 ms]:[INFO]:[PSAG_GL_PVFX]: psag_fx image_view system, create: 1024 x 278
[2025.07.02 03:29:33.746 ms]:[INFO]:[PSAG_M_START_ANIM]: create start_anim player.
[2025.07.02 03:29:33.746 ms]:[TRACE]:[PSAG_M_CORE]: pomelo_star game2d version: 12.20250127
[2025.07.02 03:29:33.785 ms]:[INFO]:[PSAG_M_START_ANIM]: start_anim playback complete, time(s): 0.000
[2025.07.02 03:29:33.785 ms]:[INFO]:[PSAG_M_START_ANIM]: free textures resource.
[2025.07.02 03:29:38.164 ms]:[INFO]:[PSAG_TOOL_NOTFIY]: station receive pair: PPActor/PPActorBullet, data_size: 12 bytes
[2025.07.02 03:29:38.164 ms]:[INFO]:[PSAG_ACTOR_CORE]: game_actor get textures: 1
[2025.07.02 03:29:38.164 ms]:[INFO]:[PSAG_ACTOR_CORE]: game_actor render_comp init.
[2025.07.02 03:29:38.164 ms]:[INFO]:[PSAG_PHYSICS]: phy_world => body_data, name: ZPGamePhysics
[2025.07.02 03:29:38.164 ms]:[INFO]:[PSAG_PHYSICS]: body_data(dynamic) item: alloc key: 1693442035312
[2025.07.02 03:29:38.164 ms]:[INFO]:[PSAG_ACTOR_CORE]: game_actor entity create: 122
[2025.07.02 03:29:39.116 ms]:[INFO]:[PSAG_TOOL_NOTFIY]: station receive pair: PPActor/PPActorBullet, data_size: 12 bytes
[2025.07.02 03:29:39.116 ms]:[INFO]:[PSAG_ACTOR_CORE]: game_actor get textures: 1
[2025.07.02 03:29:39.116 ms]:[INFO]:[PSAG_ACTOR_CORE]: game_actor render_comp init.
[2025.07.02 03:29:39.116 ms]:[INFO]:[PSAG_PHYSICS]: phy_world => body_data, name: ZPGamePhysics
[2025.07.02 03:29:39.116 ms]:[INFO]:[PSAG_PHYSICS]: body_data(dynamic) item: alloc key: 1693442038336
[2025.07.02 03:29:39.117 ms]:[INFO]:[PSAG_ACTOR_CORE]: game_actor entity create: 124
[2025.07.02 03:29:40.158 ms]:[INFO]:[PSAG_TOOL_NOTFIY]: station receive pair: PPActor/PPActorBullet, data_size: 12 bytes
[2025.07.02 03:29:40.159 ms]:[INFO]:[PSAG_ACTOR_CORE]: game_actor get textures: 1
[2025.07.02 03:29:40.159 ms]:[INFO]:[PSAG_ACTOR_CORE]: game_actor render_comp init.
[2025.07.02 03:29:40.159 ms]:[INFO]:[PSAG_PHYSICS]: phy_world => body_data, name: ZPGamePhysics
[2025.07.02 03:29:40.159 ms]:[INFO]:[PSAG_PHYSICS]: body_data(dynamic) item: alloc key: 1693442037664
[2025.07.02 03:29:40.159 ms]:[INFO]:[PSAG_ACTOR_CORE]: game_actor entity create: 126
[2025.07.02 03:29:40.908 ms]:[INFO]:[PSAG_TOOL_NOTFIY]: station receive pair: PPActor/PPActorBullet, data_size: 12 bytes
[2025.07.02 03:29:40.909 ms]:[INFO]:[PSAG_ACTOR_CORE]: game_actor get textures: 1
[2025.07.02 03:29:40.909 ms]:[INFO]:[PSAG_ACTOR_CORE]: game_actor render_comp init.
[2025.07.02 03:29:40.909 ms]:[INFO]:[PSAG_PHYSICS]: phy_world => body_data, name: ZPGamePhysics
[2025.07.02 03:29:40.909 ms]:[INFO]:[PSAG_PHYSICS]: body_data(dynamic) item: alloc key: 1693442039344
[2025.07.02 03:29:40.909 ms]:[INFO]:[PSAG_ACTOR_CORE]: game_actor entity create: 128
[2025.07.02 03:29:44.555 ms]:[INFO]:[PSAG_PHYSICS]: phy_world => body_data, name: ZPGamePhysics
[2025.07.02 03:29:44.556 ms]:[INFO]:[PSAG_PHYSICS]: body_data item: delete key: 1693441582080
[2025.07.02 03:29:44.556 ms]:[INFO]:[PSAG_ACTOR_CORE]: game_actor entity delete: 128
[2025.07.02 03:29:45.707 ms]:[INFO]:[PSAG_PHYSICS]: phy_world => body_data, name: ZPGamePhysics
[2025.07.02 03:29:45.707 ms]:[INFO]:[PSAG_PHYSICS]: body_data item: delete key: 1693441581888
[2025.07.02 03:29:45.707 ms]:[INFO]:[PSAG_ACTOR_CORE]: game_actor entity delete: 126
[2025.07.02 03:29:55.125 ms]:[INFO]:[PSAG_PHYSICS]: phy_world => body_data, name: ZPGamePhysics
[2025.07.02 03:29:55.125 ms]:[INFO]:[PSAG_PHYSICS]: body_data item: delete key: 1693441581504
[2025.07.02 03:29:55.125 ms]:[INFO]:[PSAG_ACTOR_CORE]: game_actor entity delete: 122
[2025.07.02 03:30:02.415 ms]:[INFO]:[PSAG_PHYSICS]: phy_world => body_data, name: ZPGamePhysics
[2025.07.02 03:30:02.415 ms]:[INFO]:[PSAG_PHYSICS]: body_data item: delete key: 1693441581696
[2025.07.02 03:30:02.415 ms]:[INFO]:[PSAG_ACTOR_CORE]: game_actor entity delete: 124
[2025.07.02 03:30:10.921 ms]:[INFO]:[PSAG_TOOL_NOTFIY]: station receive pair: PPActor/PPActorBullet, data_size: 12 bytes
[2025.07.02 03:30:10.921 ms]:[INFO]:[PSAG_ACTOR_CORE]: game_actor get textures: 1
[2025.07.02 03:30:10.922 ms]:[INFO]:[PSAG_ACTOR_CORE]: game_actor render_comp init.
[2025.07.02 03:30:10.922 ms]:[INFO]:[PSAG_PHYSICS]: phy_world => body_data, name: ZPGamePhysics
[2025.07.02 03:30:10.922 ms]:[INFO]:[PSAG_PHYSICS]: body_data(dynamic) item: alloc key: 1693442039344
[2025.07.02 03:30:10.922 ms]:[INFO]:[PSAG_ACTOR_CORE]: game_actor entity create: 130
[2025.07.02 03:30:11.174 ms]:[INFO]:[PSAG_TOOL_NOTFIY]: station receive pair: PPActor/PPActorBullet, data_size: 12 bytes
[2025.07.02 03:30:11.175 ms]:[INFO]:[PSAG_ACTOR_CORE]: game_actor get textures: 1
[2025.07.02 03:30:11.175 ms]:[INFO]:[PSAG_ACTOR_CORE]: game_actor render_comp init.
[2025.07.02 03:30:11.175 ms]:[INFO]:[PSAG_PHYSICS]: phy_world => body_data, name: ZPGamePhysics
[2025.07.02 03:30:11.175 ms]:[INFO]:[PSAG_PHYSICS]: body_data(dynamic) item: alloc key: 1693442033296
[2025.07.02 03:30:11.175 ms]:[INFO]:[PSAG_ACTOR_CORE]: game_actor entity create: 132
[2025.07.02 03:30:11.418 ms]:[INFO]:[PSAG_TOOL_NOTFIY]: station receive pair: PPActor/PPActorBullet, data_size: 12 bytes
[2025.07.02 03:30:11.418 ms]:[INFO]:[PSAG_ACTOR_CORE]: game_actor get textures: 1
[2025.07.02 03:30:11.418 ms]:[INFO]:[PSAG_ACTOR_CORE]: game_actor render_comp init.
[2025.07.02 03:30:11.418 ms]:[INFO]:[PSAG_PHYSICS]: phy_world => body_data, name: ZPGamePhysics
[2025.07.02 03:30:11.418 ms]:[INFO]:[PSAG_PHYSICS]: body_data(dynamic) item: alloc key: 1693442034304
[2025.07.02 03:30:11.418 ms]:[INFO]:[PSAG_ACTOR_CORE]: game_actor entity create: 134
[2025.07.02 03:30:11.627 ms]:[INFO]:[PSAG_TOOL_NOTFIY]: station receive pair: PPActor/PPActorBullet, data_size: 12 bytes
[2025.07.02 03:30:11.627 ms]:[INFO]:[PSAG_ACTOR_CORE]: game_actor get textures: 1
[2025.07.02 03:30:11.627 ms]:[INFO]:[PSAG_ACTOR_CORE]: game_actor render_comp init.
[2025.07.02 03:30:11.627 ms]:[INFO]:[PSAG_PHYSICS]: phy_world => body_data, name: ZPGamePhysics
[2025.07.02 03:30:11.627 ms]:[INFO]:[PSAG_PHYSICS]: body_data(dynamic) item: alloc key: 1693442031616
[2025.07.02 03:30:11.627 ms]:[INFO]:[PSAG_ACTOR_CORE]: game_actor entity create: 136
[2025.07.02 03:30:13.632 ms]:[INFO]:[PSAG_PHYSICS]: phy_world => body_data, name: ZPGamePhysics
[2025.07.02 03:30:13.632 ms]:[INFO]:[PSAG_PHYSICS]: body_data item: delete key: 1693441581504
[2025.07.02 03:30:13.632 ms]:[INFO]:[PSAG_ACTOR_CORE]: game_actor entity delete: 132
[2025.07.02 03:30:13.830 ms]:[INFO]:[PSAG_PHYSICS]: phy_world => body_data, name: ZPGamePhysics
[2025.07.02 03:30:13.830 ms]:[INFO]:[PSAG_PHYSICS]: body_data item: delete key: 1693441581888
[2025.07.02 03:30:13.831 ms]:[INFO]:[PSAG_ACTOR_CORE]: game_actor entity delete: 134
[2025.07.02 03:30:13.866 ms]:[INFO]:[PSAG_PHYSICS]: phy_world => body_data, name: ZPGamePhysics
[2025.07.02 03:30:13.866 ms]:[INFO]:[PSAG_PHYSICS]: body_data item: delete key: 1693441582080
[2025.07.02 03:30:13.866 ms]:[INFO]:[PSAG_ACTOR_CORE]: game_actor entity delete: 136
[2025.07.02 03:30:13.955 ms]:[INFO]:[PSAG_PHYSICS]: phy_world => body_data, name: ZPGamePhysics
[2025.07.02 03:30:13.955 ms]:[INFO]:[PSAG_PHYSICS]: body_data item: delete key: 1693441581696
[2025.07.02 03:30:13.955 ms]:[INFO]:[PSAG_ACTOR_CORE]: game_actor entity delete: 130
[2025.07.02 03:30:18.550 ms]:[INFO]:[PSAG_TOOL_NOTFIY]: station receive pair: PPActor/PPActorBullet, data_size: 12 bytes
[2025.07.02 03:30:18.551 ms]:[INFO]:[PSAG_ACTOR_CORE]: game_actor get textures: 1
[2025.07.02 03:30:18.551 ms]:[INFO]:[PSAG_ACTOR_CORE]: game_actor render_comp init.
[2025.07.02 03:30:18.551 ms]:[INFO]:[PSAG_PHYSICS]: phy_world => body_data, name: ZPGamePhysics
[2025.07.02 03:30:18.551 ms]:[INFO]:[PSAG_PHYSICS]: body_data(dynamic) item: alloc key: 1693442034640
[2025.07.02 03:30:18.551 ms]:[INFO]:[PSAG_ACTOR_CORE]: game_actor entity create: 138
[2025.07.02 03:30:18.768 ms]:[INFO]:[PSAG_TOOL_NOTFIY]: station receive pair: PPActor/PPActorBullet, data_size: 12 bytes
[2025.07.02 03:30:18.768 ms]:[INFO]:[PSAG_ACTOR_CORE]: game_actor get textures: 1
[2025.07.02 03:30:18.768 ms]:[INFO]:[PSAG_ACTOR_CORE]: game_actor render_comp init.
[2025.07.02 03:30:18.768 ms]:[INFO]:[PSAG_PHYSICS]: phy_world => body_data, name: ZPGamePhysics
[2025.07.02 03:30:18.768 ms]:[INFO]:[PSAG_PHYSICS]: body_data(dynamic) item: alloc key: 1693442038000
[2025.07.02 03:30:18.768 ms]:[INFO]:[PSAG_ACTOR_CORE]: game_actor entity create: 140
[2025.07.02 03:30:18.981 ms]:[INFO]:[PSAG_TOOL_NOTFIY]: station receive pair: PPActor/PPActorBullet, data_size: 12 bytes
[2025.07.02 03:30:18.982 ms]:[INFO]:[PSAG_ACTOR_CORE]: game_actor get textures: 1
[2025.07.02 03:30:18.982 ms]:[INFO]:[PSAG_ACTOR_CORE]: game_actor render_comp init.
[2025.07.02 03:30:18.982 ms]:[INFO]:[PSAG_PHYSICS]: phy_world => body_data, name: ZPGamePhysics
[2025.07.02 03:30:18.982 ms]:[INFO]:[PSAG_PHYSICS]: body_data(dynamic) item: alloc key: 1693442036656
[2025.07.02 03:30:18.982 ms]:[INFO]:[PSAG_ACTOR_CORE]: game_actor entity create: 142
[2025.07.02 03:30:19.190 ms]:[INFO]:[PSAG_TOOL_NOTFIY]: station receive pair: PPActor/PPActorBullet, data_size: 12 bytes
[2025.07.02 03:30:19.191 ms]:[INFO]:[PSAG_ACTOR_CORE]: game_actor get textures: 1
[2025.07.02 03:30:19.191 ms]:[INFO]:[PSAG_ACTOR_CORE]: game_actor render_comp init.
[2025.07.02 03:30:19.191 ms]:[INFO]:[PSAG_PHYSICS]: phy_world => body_data, name: ZPGamePhysics
[2025.07.02 03:30:19.191 ms]:[INFO]:[PSAG_PHYSICS]: body_data(dynamic) item: alloc key: 1693442035312
[2025.07.02 03:30:19.191 ms]:[INFO]:[PSAG_ACTOR_CORE]: game_actor entity create: 144
[2025.07.02 03:30:22.525 ms]:[INFO]:[PSAG_PHYSICS]: phy_world => body_data, name: ZPGamePhysics
[2025.07.02 03:30:22.525 ms]:[INFO]:[PSAG_PHYSICS]: body_data item: delete key: 1693441581504
[2025.07.02 03:30:22.525 ms]:[INFO]:[PSAG_ACTOR_CORE]: game_actor entity delete: 144
[2025.07.02 03:30:23.226 ms]:[INFO]:[PSAG_PHYSICS]: phy_world => body_data, name: ZPGamePhysics
[2025.07.02 03:30:23.226 ms]:[INFO]:[PSAG_PHYSICS]: body_data item: delete key: 1693441582080
[2025.07.02 03:30:23.226 ms]:[INFO]:[PSAG_ACTOR_CORE]: game_actor entity delete: 140
[2025.07.02 03:30:23.596 ms]:[INFO]:[PSAG_PHYSICS]: phy_world => body_data, name: ZPGamePhysics
[2025.07.02 03:30:23.596 ms]:[INFO]:[PSAG_PHYSICS]: body_data item: delete key: 1693441581696
[2025.07.02 03:30:23.596 ms]:[INFO]:[PSAG_ACTOR_CORE]: game_actor entity delete: 138
[2025.07.02 03:30:24.840 ms]:[INFO]:[PSAG_PHYSICS]: phy_world => body_data, name: ZPGamePhysics
[2025.07.02 03:30:24.840 ms]:[INFO]:[PSAG_PHYSICS]: body_data item: delete key: 1693441581888
[2025.07.02 03:30:24.840 ms]:[INFO]:[PSAG_ACTOR_CORE]: game_actor entity delete: 142
[2025.07.02 03:30:30.366 ms]:[INFO]:[PSAG_TOOL_NOTFIY]: station receive pair: PPActor/PPActorBullet, data_size: 12 bytes
[2025.07.02 03:30:30.367 ms]:[INFO]:[PSAG_ACTOR_CORE]: game_actor get textures: 1
[2025.07.02 03:30:30.367 ms]:[INFO]:[PSAG_ACTOR_CORE]: game_actor render_comp init.
[2025.07.02 03:30:30.367 ms]:[INFO]:[PSAG_PHYSICS]: phy_world => body_data, name: ZPGamePhysics
[2025.07.02 03:30:30.367 ms]:[INFO]:[PSAG_PHYSICS]: body_data(dynamic) item: alloc key: 1693442032624
[2025.07.02 03:30:30.367 ms]:[INFO]:[PSAG_ACTOR_CORE]: game_actor entity create: 146
[2025.07.02 03:30:30.559 ms]:[INFO]:[PSAG_TOOL_NOTFIY]: station receive pair: PPActor/PPActorBullet, data_size: 12 bytes
[2025.07.02 03:30:30.559 ms]:[INFO]:[PSAG_ACTOR_CORE]: game_actor get textures: 1
[2025.07.02 03:30:30.559 ms]:[INFO]:[PSAG_ACTOR_CORE]: game_actor render_comp init.
[2025.07.02 03:30:30.559 ms]:[INFO]:[PSAG_PHYSICS]: phy_world => body_data, name: ZPGamePhysics
[2025.07.02 03:30:30.559 ms]:[INFO]:[PSAG_PHYSICS]: body_data(dynamic) item: alloc key: 1693442036656
[2025.07.02 03:30:30.559 ms]:[INFO]:[PSAG_ACTOR_CORE]: game_actor entity create: 148
[2025.07.02 03:30:30.760 ms]:[INFO]:[PSAG_TOOL_NOTFIY]: station receive pair: PPActor/PPActorBullet, data_size: 12 bytes
[2025.07.02 03:30:30.760 ms]:[INFO]:[PSAG_ACTOR_CORE]: game_actor get textures: 1
[2025.07.02 03:30:30.760 ms]:[INFO]:[PSAG_ACTOR_CORE]: game_actor render_comp init.
[2025.07.02 03:30:30.761 ms]:[INFO]:[PSAG_PHYSICS]: phy_world => body_data, name: ZPGamePhysics
[2025.07.02 03:30:30.761 ms]:[INFO]:[PSAG_PHYSICS]: body_data(dynamic) item: alloc key: 1693442035312
[2025.07.02 03:30:30.761 ms]:[INFO]:[PSAG_ACTOR_CORE]: game_actor entity create: 150
[2025.07.02 03:30:30.933 ms]:[INFO]:[PSAG_TOOL_NOTFIY]: station receive pair: PPActor/PPActorBullet, data_size: 12 bytes
[2025.07.02 03:30:30.934 ms]:[INFO]:[PSAG_ACTOR_CORE]: game_actor get textures: 1
[2025.07.02 03:30:30.934 ms]:[INFO]:[PSAG_ACTOR_CORE]: game_actor render_comp init.
[2025.07.02 03:30:30.934 ms]:[INFO]:[PSAG_PHYSICS]: phy_world => body_data, name: ZPGamePhysics
[2025.07.02 03:30:30.934 ms]:[INFO]:[PSAG_PHYSICS]: body_data(dynamic) item: alloc key: 1693442032288
[2025.07.02 03:30:30.934 ms]:[INFO]:[PSAG_ACTOR_CORE]: game_actor entity create: 152
[2025.07.02 03:30:32.110 ms]:[INFO]:[PSAG_PHYSICS]: phy_world => body_data, name: ZPGamePhysics
[2025.07.02 03:30:32.110 ms]:[INFO]:[PSAG_PHYSICS]: body_data item: delete key: 1693441581696
[2025.07.02 03:30:32.110 ms]:[INFO]:[PSAG_ACTOR_CORE]: game_actor entity delete: 148
[2025.07.02 03:30:32.225 ms]:[INFO]:[PSAG_PHYSICS]: phy_world => body_data, name: ZPGamePhysics
[2025.07.02 03:30:32.226 ms]:[INFO]:[PSAG_PHYSICS]: body_data item: delete key: 1693441582080
[2025.07.02 03:30:32.226 ms]:[INFO]:[PSAG_ACTOR_CORE]: game_actor entity delete: 150
[2025.07.02 03:30:32.266 ms]:[INFO]:[PSAG_PHYSICS]: phy_world => body_data, name: ZPGamePhysics
[2025.07.02 03:30:32.266 ms]:[INFO]:[PSAG_PHYSICS]: body_data item: delete key: 1693441581888
[2025.07.02 03:30:32.266 ms]:[INFO]:[PSAG_ACTOR_CORE]: game_actor entity delete: 146
[2025.07.02 03:30:32.567 ms]:[INFO]:[PSAG_PHYSICS]: phy_world => body_data, name: ZPGamePhysics
[2025.07.02 03:30:32.567 ms]:[INFO]:[PSAG_PHYSICS]: body_data item: delete key: 1693441581504
[2025.07.02 03:30:32.568 ms]:[INFO]:[PSAG_ACTOR_CORE]: game_actor entity delete: 152
[2025.07.02 03:30:34.003 ms]:[INFO]:[PSAG_TOOL_NOTFIY]: station receive pair: PPActor/PPActorBullet, data_size: 12 bytes
[2025.07.02 03:30:34.003 ms]:[INFO]:[PSAG_ACTOR_CORE]: game_actor get textures: 1
[2025.07.02 03:30:34.003 ms]:[INFO]:[PSAG_ACTOR_CORE]: game_actor render_comp init.
[2025.07.02 03:30:34.004 ms]:[INFO]:[PSAG_PHYSICS]: phy_world => body_data, name: ZPGamePhysics
[2025.07.02 03:30:34.004 ms]:[INFO]:[PSAG_PHYSICS]: body_data(dynamic) item: alloc key: 1693442035312
[2025.07.02 03:30:34.004 ms]:[INFO]:[PSAG_ACTOR_CORE]: game_actor entity create: 154
[2025.07.02 03:30:34.378 ms]:[INFO]:[PSAG_TOOL_NOTFIY]: station receive pair: PPActor/PPActorBullet, data_size: 12 bytes
[2025.07.02 03:30:34.379 ms]:[INFO]:[PSAG_ACTOR_CORE]: game_actor get textures: 1
[2025.07.02 03:30:34.379 ms]:[INFO]:[PSAG_ACTOR_CORE]: game_actor render_comp init.
[2025.07.02 03:30:34.379 ms]:[INFO]:[PSAG_PHYSICS]: phy_world => body_data, name: ZPGamePhysics
[2025.07.02 03:30:34.379 ms]:[INFO]:[PSAG_PHYSICS]: body_data(dynamic) item: alloc key: 1693442032960
[2025.07.02 03:30:34.379 ms]:[INFO]:[PSAG_ACTOR_CORE]: game_actor entity create: 156
[2025.07.02 03:30:34.554 ms]:[INFO]:[PSAG_PHYSICS]: phy_world => body_data, name: ZPGamePhysics
[2025.07.02 03:30:34.554 ms]:[INFO]:[PSAG_PHYSICS]: body_data item: delete key: 1693441581888
[2025.07.02 03:30:34.555 ms]:[INFO]:[PSAG_ACTOR_CORE]: game_actor entity delete: 156
[2025.07.02 03:30:34.894 ms]:[INFO]:[PSAG_TOOL_NOTFIY]: station receive pair: PPActor/PPActorBullet, data_size: 12 bytes
[2025.07.02 03:30:34.894 ms]:[INFO]:[PSAG_ACTOR_CORE]: game_actor get textures: 1
[2025.07.02 03:30:34.894 ms]:[INFO]:[PSAG_ACTOR_CORE]: game_actor render_comp init.
[2025.07.02 03:30:34.894 ms]:[INFO]:[PSAG_PHYSICS]: phy_world => body_data, name: ZPGamePhysics
[2025.07.02 03:30:34.894 ms]:[INFO]:[PSAG_PHYSICS]: body_data(dynamic) item: alloc key: 1693442032960
[2025.07.02 03:30:34.894 ms]:[INFO]:[PSAG_ACTOR_CORE]: game_actor entity create: 158
[2025.07.02 03:30:35.451 ms]:[INFO]:[PSAG_TOOL_NOTFIY]: station receive pair: PPActor/PPActorBullet, data_size: 12 bytes
[2025.07.02 03:30:35.452 ms]:[INFO]:[PSAG_ACTOR_CORE]: game_actor get textures: 1
[2025.07.02 03:30:35.452 ms]:[INFO]:[PSAG_ACTOR_CORE]: game_actor render_comp init.
[2025.07.02 03:30:35.452 ms]:[INFO]:[PSAG_PHYSICS]: phy_world => body_data, name: ZPGamePhysics
[2025.07.02 03:30:35.452 ms]:[INFO]:[PSAG_PHYSICS]: body_data(dynamic) item: alloc key: 1693442035648
[2025.07.02 03:30:35.452 ms]:[INFO]:[PSAG_ACTOR_CORE]: game_actor entity create: 160
[2025.07.02 03:30:35.508 ms]:[INFO]:[PSAG_PHYSICS]: phy_world => body_data, name: ZPGamePhysics
[2025.07.02 03:30:35.508 ms]:[INFO]:[PSAG_PHYSICS]: body_data item: delete key: 1693441581504
[2025.07.02 03:30:35.508 ms]:[INFO]:[PSAG_ACTOR_CORE]: game_actor entity delete: 154
[2025.07.02 03:30:35.857 ms]:[INFO]:[PSAG_PHYSICS]: phy_world => body_data, name: ZPGamePhysics
[2025.07.02 03:30:35.858 ms]:[INFO]:[PSAG_PHYSICS]: body_data item: delete key: 1693441581888
[2025.07.02 03:30:35.858 ms]:[INFO]:[PSAG_ACTOR_CORE]: game_actor entity delete: 158
[2025.07.02 03:30:36.004 ms]:[INFO]:[PSAG_PHYSICS]: phy_world => body_data, name: ZPGamePhysics
[2025.07.02 03:30:36.004 ms]:[INFO]:[PSAG_PHYSICS]: body_data item: delete key: 1693441582080
[2025.07.02 03:30:36.004 ms]:[INFO]:[PSAG_ACTOR_CORE]: game_actor entity delete: 160
[2025.07.02 03:30:38.000 ms]:[INFO]:[PSAG_TOOL_NOTFIY]: station receive pair: PPActor/PPActorBullet, data_size: 12 bytes
[2025.07.02 03:30:38.000 ms]:[INFO]:[PSAG_ACTOR_CORE]: game_actor get textures: 1
[2025.07.02 03:30:38.000 ms]:[INFO]:[PSAG_ACTOR_CORE]: game_actor render_comp init.
[2025.07.02 03:30:38.000 ms]:[INFO]:[PSAG_PHYSICS]: phy_world => body_data, name: ZPGamePhysics
[2025.07.02 03:30:38.000 ms]:[INFO]:[PSAG_PHYSICS]: body_data(dynamic) item: alloc key: 1693442037328
[2025.07.02 03:30:38.000 ms]:[INFO]:[PSAG_ACTOR_CORE]: game_actor entity create: 162
[2025.07.02 03:30:38.495 ms]:[INFO]:[PSAG_TOOL_NOTFIY]: station receive pair: PPActor/PPActorBullet, data_size: 12 bytes
[2025.07.02 03:30:38.496 ms]:[INFO]:[PSAG_ACTOR_CORE]: game_actor get textures: 1
[2025.07.02 03:30:38.496 ms]:[INFO]:[PSAG_ACTOR_CORE]: game_actor render_comp init.
[2025.07.02 03:30:38.496 ms]:[INFO]:[PSAG_PHYSICS]: phy_world => body_data, name: ZPGamePhysics
[2025.07.02 03:30:38.496 ms]:[INFO]:[PSAG_PHYSICS]: body_data(dynamic) item: alloc key: 1693442034304
[2025.07.02 03:30:38.496 ms]:[INFO]:[PSAG_ACTOR_CORE]: game_actor entity create: 164
[2025.07.02 03:30:39.027 ms]:[INFO]:[PSAG_TOOL_NOTFIY]: station receive pair: PPActor/PPActorBullet, data_size: 12 bytes
[2025.07.02 03:30:39.027 ms]:[INFO]:[PSAG_ACTOR_CORE]: game_actor get textures: 1
[2025.07.02 03:30:39.027 ms]:[INFO]:[PSAG_ACTOR_CORE]: game_actor render_comp init.
[2025.07.02 03:30:39.027 ms]:[INFO]:[PSAG_PHYSICS]: phy_world => body_data, name: ZPGamePhysics
[2025.07.02 03:30:39.027 ms]:[INFO]:[PSAG_PHYSICS]: body_data(dynamic) item: alloc key: 1693442037664
[2025.07.02 03:30:39.027 ms]:[INFO]:[PSAG_ACTOR_CORE]: game_actor entity create: 166
[2025.07.02 03:30:39.555 ms]:[INFO]:[PSAG_TOOL_NOTFIY]: station receive pair: PPActor/PPActorBullet, data_size: 12 bytes
[2025.07.02 03:30:39.555 ms]:[INFO]:[PSAG_ACTOR_CORE]: game_actor get textures: 1
[2025.07.02 03:30:39.556 ms]:[INFO]:[PSAG_ACTOR_CORE]: game_actor render_comp init.
[2025.07.02 03:30:39.556 ms]:[INFO]:[PSAG_PHYSICS]: phy_world => body_data, name: ZPGamePhysics
[2025.07.02 03:30:39.556 ms]:[INFO]:[PSAG_PHYSICS]: body_data(dynamic) item: alloc key: 1693442038672
[2025.07.02 03:30:39.556 ms]:[INFO]:[PSAG_ACTOR_CORE]: game_actor entity create: 168
[2025.07.02 03:30:39.949 ms]:[INFO]:[PSAG_PHYSICS]: phy_world => body_data, name: ZPGamePhysics
[2025.07.02 03:30:39.949 ms]:[INFO]:[PSAG_PHYSICS]: body_data item: delete key: 1693441582080
[2025.07.02 03:30:39.949 ms]:[INFO]:[PSAG_ACTOR_CORE]: game_actor entity delete: 162
[2025.07.02 03:30:40.341 ms]:[INFO]:[PSAG_PHYSICS]: phy_world => body_data, name: ZPGamePhysics
[2025.07.02 03:30:40.341 ms]:[INFO]:[PSAG_PHYSICS]: body_data item: delete key: 1693441581888
[2025.07.02 03:30:40.341 ms]:[INFO]:[PSAG_ACTOR_CORE]: game_actor entity delete: 164
[2025.07.02 03:30:41.032 ms]:[INFO]:[PSAG_PHYSICS]: phy_world => body_data, name: ZPGamePhysics
[2025.07.02 03:30:41.032 ms]:[INFO]:[PSAG_PHYSICS]: body_data item: delete key: 1693441581504
[2025.07.02 03:30:41.032 ms]:[INFO]:[PSAG_ACTOR_CORE]: game_actor entity delete: 166
[2025.07.02 03:30:41.504 ms]:[INFO]:[PSAG_PHYSICS]: phy_world => body_data, name: ZPGamePhysics
[2025.07.02 03:30:41.504 ms]:[INFO]:[PSAG_PHYSICS]: body_data item: delete key: 1693441581696
[2025.07.02 03:30:41.504 ms]:[INFO]:[PSAG_ACTOR_CORE]: game_actor entity delete: 168
