[2025.07.02 03:34:29.068 ms]:[INFO]:[PSAG_LOGGER]: start thread success.
[2025.07.02 03:34:29.069 ms]:[INFO]:[PSAG_M_START]: core_start objects(frm) total: only
[2025.07.02 03:34:29.069 ms]:[INFO]:[PSAG_M_START]: core_start objects(net) total: 0
[2025.07.02 03:34:29.069 ms]:[INFO]:[PSAG_M_START]: core_start objects(ext) total: 0
[2025.07.02 03:34:29.069 ms]:[INFO]:[PSAG_LOGGER]: create log_file: PSAGameSystemLogs/991397854476800.log
[2025.07.02 03:34:29.069 ms]:[TRACE]:[PSAG_M_MAINEVENT]: async_event add item_id: 269745122416
[2025.07.02 03:34:29.069 ms]:[INFO]:[PSAG_M_MAINEVENT]: async_events executing...
[2025.07.02 03:34:29.069 ms]:[INFO]:[PSAG_FILESYS_LOAD]: load(src) read_file: PSAGameFrameworkCore/framework_config.json read_size: 463
[2025.07.02 03:34:29.070 ms]:[INFO]:[PSAG_FILESYS_LOAD]: load(src) read_file: PSAGameFrameworkCore/framework_config_shaders.json read_size: 1329
[2025.07.02 03:34:29.070 ms]:[INFO]:[PSAG_FILESYS_LOAD]: load(src) read_file: PSAGameFrameworkCore/CoreShaderScript/public/psag_graph_template_actor.vert read_size: 984
[2025.07.02 03:34:29.070 ms]:[INFO]:[PSAG_FILESYS_LOAD]: load(src) read_file: PSAGameFrameworkCore/CoreShaderScript/public/psag_graph_template.vert read_size: 737
[2025.07.02 03:34:29.070 ms]:[INFO]:[PSAG_FILESYS_LOAD]: load(src) read_file: PSAGameFrameworkCore/CoreShaderScript/public/psag_graph_tools.frag read_size: 933
[2025.07.02 03:34:29.070 ms]:[INFO]:[PSAG_FILESYS_LOAD]: load(src) read_file: PSAGameFrameworkCore/CoreShaderScript/public/psag_graph_header.frag read_size: 202
[2025.07.02 03:34:29.070 ms]:[INFO]:[PSAG_FILESYS_LOAD]: load(src) read_file: PSAGameFrameworkCore/CoreShaderScript/private/psag_graph_final_vollight.frag read_size: 1670
[2025.07.02 03:34:29.070 ms]:[INFO]:[PSAG_FILESYS_LOAD]: load(src) read_file: PSAGameFrameworkCore/CoreShaderScript/private/psag_graph_final_multfilter.frag read_size: 356
[2025.07.02 03:34:29.070 ms]:[INFO]:[PSAG_FILESYS_LOAD]: load(src) read_file: PSAGameFrameworkCore/CoreShaderScript/private/psag_graph_final_blurh.frag read_size: 783
[2025.07.02 03:34:29.071 ms]:[INFO]:[PSAG_FILESYS_LOAD]: load(src) read_file: PSAGameFrameworkCore/CoreShaderScript/private/psag_graph_final_blurv.frag read_size: 778
[2025.07.02 03:34:29.071 ms]:[INFO]:[PSAG_FILESYS_LOAD]: load(src) read_file: PSAGameFrameworkCore/CoreShaderScript/private/psag_graph_final.frag read_size: 1243
[2025.07.02 03:34:29.071 ms]:[INFO]:[PSAG_FILESYS_LOAD]: load(src) read_file: PSAGameFrameworkCore/CoreShaderScript/private/psag_graph_background.frag read_size: 1107
[2025.07.02 03:34:29.071 ms]:[INFO]:[PSAG_FILESYS_LOAD]: load(src) read_file: PSAGameFrameworkCore/CoreShaderScript/private/psag_graph_particle.frag read_size: 1255
[2025.07.02 03:34:29.071 ms]:[INFO]:[PSAG_FILESYS_LOAD]: load(src) read_file: PSAGameFrameworkCore/CoreShaderScript/private/psag_graph_fx_sequence.frag read_size: 543
[2025.07.02 03:34:29.071 ms]:[INFO]:[PSAG_GL_GLSL]: graphics_engine config system_glsl.
[2025.07.02 03:34:29.071 ms]:[TRACE]:[PSAG_M_CORE]: core framework init,config...
[2025.07.02 03:34:29.119 ms]:[INFO]:[PSAG_WINDOW]: init opengl_glfw.
[2025.07.02 03:34:29.462 ms]:[WARNING]:[PSAG_WINDOW]: <F:\PSAFrameworkProject\PSAGameFramework\PSAGameFramework\PSAGameFrameworkCore\LLWindowGui\framework_window_system.cpp:__LINE__> failed fw_window load: icon_image.
[2025.07.02 03:34:29.519 ms]:[INFO]:[PSAG_OGL_INIT]: framework_graphics logger function_ptr: 1b8a967a
[2025.07.02 03:34:29.519 ms]:[INFO]:[PSAG_OGL_INIT]: framework_graphics shader gl_version: 
[2025.07.02 03:34:29.522 ms]:[TRACE]:[PSAG_OGL_INIT]: framework_graphics config init...
[2025.07.02 03:34:29.522 ms]:[INFO]:[PSAG_OGL_INFORMATION]: device gpu supplier: NVIDIA Corporation
[2025.07.02 03:34:29.522 ms]:[INFO]:[PSAG_OGL_INFORMATION]: device gpu model: NVIDIA GeForce RTX 4060 Laptop GPU/PCIe/SSE2
[2025.07.02 03:34:29.522 ms]:[INFO]:[PSAG_OGL_INFORMATION]: device version opengl: 4.6.0 NVIDIA 576.57
[2025.07.02 03:34:29.522 ms]:[INFO]:[PSAG_OGL_INFORMATION]: device version glsl: 4.60 NVIDIA
[2025.07.02 03:34:29.522 ms]:[PERF]:[PSAG_OGL_INFORMATION]: device memory[capacity]: 8188.00 mib
[2025.07.02 03:34:29.522 ms]:[INFO]:[PSAG_OGL_INFORMATION]: device (vao)attribs_max units: 16 entry
[2025.07.02 03:34:29.522 ms]:[INFO]:[PSAG_OGL_INFORMATION]: device (vbo)buffer_max units: 4096 entry
[2025.07.02 03:34:29.522 ms]:[INFO]:[PSAG_OGL_INFORMATION]: device [tmu]texture_max units: 32 entry
[2025.07.02 03:34:29.522 ms]:[INFO]:[PSAG_OGL_INFORMATION]: device (vert)uniform_max items: 4096
[2025.07.02 03:34:29.522 ms]:[INFO]:[PSAG_OGL_INFORMATION]: device (frag)uniform_max items: 4096
[2025.07.02 03:34:29.522 ms]:[INFO]:[PSAG_LLRES]: graph static_object(graphics) create.
[2025.07.02 03:34:29.522 ms]:[INFO]:[PSAG_AUDIO_DATA]: LLRES static_object() create.
[2025.07.02 03:34:29.522 ms]:[INFO]:[PSAG_OGL_RES]: vao: storage key: 4
[2025.07.02 03:34:29.522 ms]:[INFO]:[PSAG_OGL_RES]: vbo: storage key: 6
[2025.07.02 03:34:29.522 ms]:[TRACE]:[PSAG_GL_DATASET]: dynamic vertex data manager_create.
[2025.07.02 03:34:29.523 ms]:[INFO]:[PSAG_OGL_RES]: vao: storage key: 8
[2025.07.02 03:34:29.523 ms]:[INFO]:[PSAG_OGL_RES]: vbo: storage key: 10
[2025.07.02 03:34:29.523 ms]:[INFO]:[PSAG_GL_DATASET]: ver_data(stc) upload gpu_data: 72 bytes
[2025.07.02 03:34:29.523 ms]:[INFO]:[PSAG_GL_DATASET]: ver_data(stc) item: alloc key: 12
[2025.07.02 03:34:29.523 ms]:[INFO]:[PSAG_GL_DATASET]: preset craete: rectangle.
[2025.07.02 03:34:29.524 ms]:[INFO]:[PSAG_GL_DATASET]: ver_data(stc) upload gpu_data: 2868 bytes
[2025.07.02 03:34:29.524 ms]:[INFO]:[PSAG_GL_DATASET]: ver_data(stc) item: alloc key: 14
[2025.07.02 03:34:29.524 ms]:[INFO]:[PSAG_GL_DATASET]: preset craete: circle.
[2025.07.02 03:34:29.524 ms]:[TRACE]:[PSAG_GL_DATASET]: static vertex data manager_create.
[2025.07.02 03:34:29.524 ms]:[TRACE]:[PSAG_OGL_RES]: tmu alloc u: 1
[2025.07.02 03:34:29.524 ms]:[TRACE]:[PSAG_OGL_RES]: tmu alloc u: 2
[2025.07.02 03:34:29.524 ms]:[TRACE]:[PSAG_OGL_RES]: tmu alloc u: 3
[2025.07.02 03:34:29.524 ms]:[TRACE]:[PSAG_OGL_RES]: tmu alloc u: 4
[2025.07.02 03:34:29.524 ms]:[INFO]:[PSAG_OGL_TEXTURE]: texture.2d(array) object create.
[2025.07.02 03:34:29.524 ms]:[INFO]:[PSAG_OGL_TEXTURE]: texture create, succ: size: 4096 x 4096, layers: 5.
[2025.07.02 03:34:29.524 ms]:[INFO]:[PSAG_OGL_TEXTURE]: texture.2d(array) object create.
[2025.07.02 03:34:29.525 ms]:[INFO]:[PSAG_OGL_TEXTURE]: texture create, succ: size: 2048 x 2048, layers: 10.
[2025.07.02 03:34:29.525 ms]:[INFO]:[PSAG_OGL_TEXTURE]: texture.2d(array) object create.
[2025.07.02 03:34:29.525 ms]:[INFO]:[PSAG_OGL_TEXTURE]: texture create, succ: size: 1024 x 1024, layers: 20.
[2025.07.02 03:34:29.525 ms]:[INFO]:[PSAG_OGL_TEXTURE]: texture.2d(array) object create.
[2025.07.02 03:34:29.525 ms]:[INFO]:[PSAG_OGL_TEXTURE]: texture create, succ: size: 512 x 512, layers: 25.
[2025.07.02 03:34:29.525 ms]:[INFO]:[PSAG_OGL_RES]: texture: storage key: 16
[2025.07.02 03:34:29.525 ms]:[INFO]:[PSAG_OGL_RES]: texture: storage key: 18
[2025.07.02 03:34:29.525 ms]:[INFO]:[PSAG_OGL_RES]: texture: storage key: 20
[2025.07.02 03:34:29.525 ms]:[INFO]:[PSAG_OGL_RES]: texture: storage key: 22
[2025.07.02 03:34:29.525 ms]:[TRACE]:[PSAG_GL_DATASET]: vir_create texture[8x] size: 4096 x 4096
[2025.07.02 03:34:29.525 ms]:[TRACE]:[PSAG_GL_DATASET]: vir_create texture[4x] size: 2048 x 2048
[2025.07.02 03:34:29.525 ms]:[TRACE]:[PSAG_GL_DATASET]: vir_create texture[2x] size: 1024 x 1024
[2025.07.02 03:34:29.525 ms]:[TRACE]:[PSAG_GL_DATASET]: vir_create texture[1x] size: 512 x 512
[2025.07.02 03:34:29.525 ms]:[INFO]:[PSAG_OGL_UNIFORM]: uniform_buffer.gen create.
[2025.07.02 03:34:29.525 ms]:[INFO]:[PSAG_OGL_RES]: ubo: storage key: 24
[2025.07.02 03:34:29.525 ms]:[INFO]:[PSAG_GL_MATRIX]: graphics_engine create matrix ubo.
[2025.07.02 03:34:30.663 ms]:[TRACE]:[PSAG_AUDIO]: audio(openal) global create device & context.
[2025.07.02 03:34:30.663 ms]:[INFO]:[PSAG_PHYSICS]: physics_world item: alloc key: DEFAULT_PHY_WORLD
[2025.07.02 03:34:30.663 ms]:[INFO]:[PSAG_OGL_SHADER]: vertex_shader source script num: 1
[2025.07.02 03:34:30.664 ms]:[INFO]:[PSAG_OGL_SHADER]: vertex compilation succeeded.
[2025.07.02 03:34:30.664 ms]:[INFO]:[PSAG_OGL_SHADER]: fragment_shader source script num: 2
[2025.07.02 03:34:30.664 ms]:[INFO]:[PSAG_OGL_SHADER]: fragment compilation succeeded.
[2025.07.02 03:34:30.665 ms]:[INFO]:[PSAG_OGL_SHADER]: shader_program link succeeded.
[2025.07.02 03:34:30.665 ms]:[INFO]:[PSAG_OGL_RES]: shader: storage key: 26
[2025.07.02 03:34:30.665 ms]:[INFO]:[PSAG_OGL_SHADER]: vertex_shader source script num: 1
[2025.07.02 03:34:30.665 ms]:[INFO]:[PSAG_OGL_SHADER]: vertex compilation succeeded.
[2025.07.02 03:34:30.665 ms]:[INFO]:[PSAG_OGL_SHADER]: fragment_shader source script num: 2
[2025.07.02 03:34:30.665 ms]:[INFO]:[PSAG_OGL_SHADER]: fragment compilation succeeded.
[2025.07.02 03:34:30.666 ms]:[INFO]:[PSAG_OGL_SHADER]: shader_program link succeeded.
[2025.07.02 03:34:30.666 ms]:[INFO]:[PSAG_OGL_RES]: shader: storage key: 28
[2025.07.02 03:34:30.667 ms]:[INFO]:[PSAG_OGL_SHADER]: vertex_shader source script num: 1
[2025.07.02 03:34:30.667 ms]:[INFO]:[PSAG_OGL_SHADER]: vertex compilation succeeded.
[2025.07.02 03:34:30.667 ms]:[INFO]:[PSAG_OGL_SHADER]: fragment_shader source script num: 3
[2025.07.02 03:34:30.667 ms]:[INFO]:[PSAG_OGL_SHADER]: fragment compilation succeeded.
[2025.07.02 03:34:30.667 ms]:[INFO]:[PSAG_OGL_SHADER]: shader_program link succeeded.
[2025.07.02 03:34:30.667 ms]:[INFO]:[PSAG_OGL_RES]: shader: storage key: 30
[2025.07.02 03:34:30.668 ms]:[INFO]:[PSAG_OGL_SHADER]: vertex_shader source script num: 1
[2025.07.02 03:34:30.668 ms]:[INFO]:[PSAG_OGL_SHADER]: vertex compilation succeeded.
[2025.07.02 03:34:30.668 ms]:[INFO]:[PSAG_OGL_SHADER]: fragment_shader source script num: 3
[2025.07.02 03:34:30.668 ms]:[INFO]:[PSAG_OGL_SHADER]: fragment compilation succeeded.
[2025.07.02 03:34:30.669 ms]:[INFO]:[PSAG_OGL_SHADER]: shader_program link succeeded.
[2025.07.02 03:34:30.669 ms]:[INFO]:[PSAG_OGL_RES]: shader: storage key: 32
[2025.07.02 03:34:30.669 ms]:[INFO]:[PSAG_OGL_SHADER]: vertex_shader source script num: 1
[2025.07.02 03:34:30.669 ms]:[INFO]:[PSAG_OGL_SHADER]: vertex compilation succeeded.
[2025.07.02 03:34:30.669 ms]:[INFO]:[PSAG_OGL_SHADER]: fragment_shader source script num: 3
[2025.07.02 03:34:30.669 ms]:[INFO]:[PSAG_OGL_SHADER]: fragment compilation succeeded.
[2025.07.02 03:34:30.669 ms]:[INFO]:[PSAG_OGL_SHADER]: shader_program link succeeded.
[2025.07.02 03:34:30.670 ms]:[INFO]:[PSAG_OGL_RES]: shader: storage key: 34
[2025.07.02 03:34:30.670 ms]:[INFO]:[PSAG_GL_DATASET]: ver_data(stc) upload gpu_data: 2940 bytes
[2025.07.02 03:34:30.670 ms]:[INFO]:[PSAG_GL_DATASET]: ver_data(stc) item: alloc key: 36
[2025.07.02 03:34:30.670 ms]:[INFO]:[PSAG_OGL_RENDER]: render_buffer object create.
[2025.07.02 03:34:30.670 ms]:[INFO]:[PSAG_OGL_RENDER]: render_buffer config depth.
[2025.07.02 03:34:30.670 ms]:[INFO]:[PSAG_OGL_RENDER]: alloc render_buffer 1680 x 945, size: 6.056 mib.
[2025.07.02 03:34:30.670 ms]:[INFO]:[PSAG_OGL_RES]: rbo: storage key: 38
[2025.07.02 03:34:30.670 ms]:[TRACE]:[PSAG_OGL_RES]: tmu alloc u: 5
[2025.07.02 03:34:30.670 ms]:[INFO]:[PSAG_OGL_TEXTURE]: texture.2d(array) object create.
[2025.07.02 03:34:30.670 ms]:[INFO]:[PSAG_OGL_TEXTURE]: texture create, succ: size: 1680 x 945, layers: 5.
[2025.07.02 03:34:30.670 ms]:[INFO]:[PSAG_OGL_RES]: texture: storage key: 40
[2025.07.02 03:34:30.671 ms]:[INFO]:[PSAG_OGL_FRAME]: frame_buffer object create.
[2025.07.02 03:34:30.675 ms]:[INFO]:[PSAG_OGL_RES]: fbo: storage key: 42
[2025.07.02 03:34:30.675 ms]:[INFO]:[PSAG_OGL_FRAME]: frame_buffer object create.
[2025.07.02 03:34:30.675 ms]:[INFO]:[PSAG_OGL_RES]: fbo: storage key: 44
[2025.07.02 03:34:30.675 ms]:[INFO]:[PSAG_OGL_FRAME]: frame_buffer object create.
[2025.07.02 03:34:30.676 ms]:[INFO]:[PSAG_OGL_RES]: fbo: storage key: 46
[2025.07.02 03:34:30.676 ms]:[INFO]:[PSAG_OGL_FRAME]: frame_buffer object create.
[2025.07.02 03:34:30.676 ms]:[INFO]:[PSAG_OGL_RES]: fbo: storage key: 48
[2025.07.02 03:34:30.676 ms]:[INFO]:[PSAG_OGL_FRAME]: frame_buffer object create.
[2025.07.02 03:34:30.676 ms]:[INFO]:[PSAG_OGL_RES]: fbo: storage key: 50
[2025.07.02 03:34:30.676 ms]:[INFO]:[PSAG_GL_POST]: graphics_engine create final_shader(system).
[2025.07.02 03:34:30.676 ms]:[INFO]:[PSAG_IMGUI]: imgui_read: fonts file: PSAGameSystemFiles/JetBrainsMonoBold.ttf
[2025.07.02 03:34:30.678 ms]:[INFO]:[PSAG_IMGUI]: imgui_init: imgui_opengl3 context.
[2025.07.02 03:34:30.678 ms]:[TRACE]:[PSAG_M_CORE]: registration ref_object name: ZPGameScene
[2025.07.02 03:34:30.678 ms]:[TRACE]:[PSAG_M_CORE]: registration ref_object name: ZPGamePActor
[2025.07.02 03:34:30.678 ms]:[TRACE]:[PSAG_M_CORE]: registration ref_object name: ZPGameBullet
[2025.07.02 03:34:30.678 ms]:[TRACE]:[PSAG_M_CORE]: registration ref_object name: ZPGameGui
[2025.07.02 03:34:30.678 ms]:[INFO]:[PSAG_PHYSICS]: physics_world item: alloc key: ZPGamePhysics
[2025.07.02 03:34:30.678 ms]:[INFO]:[PSAG_FILESYS_LOAD]: load(src) read_file: PSAGameFrameworkDev/GameZeroProject/GameMaterial/zpgame_wall_h.png read_size: 22012
[2025.07.02 03:34:30.679 ms]:[INFO]:[PSAG_FILESYS_LOAD]: load(src) read_file: PSAGameFrameworkDev/GameZeroProject/GameMaterial/zpgame_wall_v.png read_size: 44017
[2025.07.02 03:34:30.679 ms]:[INFO]:[PSAG_ACTOR_CORE]: game_actor shader create: 1680 x 945
[2025.07.02 03:34:30.679 ms]:[INFO]:[PSAG_ACTOR_CORE]: game_actor shader create: 1680 x 945
[2025.07.02 03:34:30.697 ms]:[INFO]:[PSAG_OGL_IMG]: success decode image: size: 4096 x 208, color_channel: 4
[2025.07.02 03:34:30.698 ms]:[INFO]:[PSAG_GL_DATASET]: layers_manager alloc_count: 0
[2025.07.02 03:34:30.748 ms]:[INFO]:[PSAG_GL_DATASET]: vir_texture: src: 4096 x 208, fmt_fill: 4096 x 4096
[2025.07.02 03:34:30.784 ms]:[INFO]:[PSAG_GL_DATASET]: vir_texture item: alloc key: 52, cropping: 1.00 x 0.05, res: 1x/1
[2025.07.02 03:34:30.790 ms]:[INFO]:[PSAG_ACTOR_CORE]: game_actor shader texture add, name: WallH
[2025.07.02 03:34:30.791 ms]:[INFO]:[PSAG_ACTOR_CORE]: game_actor shader create: 1680 x 945
[2025.07.02 03:34:30.804 ms]:[INFO]:[PSAG_OGL_IMG]: success decode image: size: 208 x 4096, color_channel: 4
[2025.07.02 03:34:30.805 ms]:[INFO]:[PSAG_GL_DATASET]: layers_manager alloc_count: 1
[2025.07.02 03:34:30.856 ms]:[INFO]:[PSAG_GL_DATASET]: vir_texture: src: 208 x 4096, fmt_fill: 4096 x 4096
[2025.07.02 03:34:30.891 ms]:[INFO]:[PSAG_GL_DATASET]: vir_texture item: alloc key: 54, cropping: 0.05 x 1.00, res: 1x/1
[2025.07.02 03:34:30.897 ms]:[INFO]:[PSAG_ACTOR_CORE]: game_actor shader texture add, name: WallV
[2025.07.02 03:34:30.897 ms]:[INFO]:[PSAG_ACTOR_CORE]: game_actor shader load textures: 0
[2025.07.02 03:34:30.897 ms]:[INFO]:[PSAG_OGL_SHADER]: vertex_shader source script num: 1
[2025.07.02 03:34:30.897 ms]:[INFO]:[PSAG_OGL_SHADER]: vertex compilation succeeded.
[2025.07.02 03:34:30.898 ms]:[INFO]:[PSAG_OGL_SHADER]: fragment_shader source script num: 2
[2025.07.02 03:34:30.898 ms]:[INFO]:[PSAG_OGL_SHADER]: fragment compilation succeeded.
[2025.07.02 03:34:30.898 ms]:[INFO]:[PSAG_OGL_SHADER]: shader_program link succeeded.
[2025.07.02 03:34:30.898 ms]:[INFO]:[PSAG_OGL_RES]: shader: storage key: 56
[2025.07.02 03:34:30.898 ms]:[INFO]:[PSAG_ACTOR_CORE]: game_actor shader default_res create.
[2025.07.02 03:34:30.898 ms]:[INFO]:[PSAG_ACTOR_CORE]: game_actor shader load textures: 1
[2025.07.02 03:34:30.898 ms]:[INFO]:[PSAG_OGL_SHADER]: vertex_shader source script num: 1
[2025.07.02 03:34:30.898 ms]:[INFO]:[PSAG_OGL_SHADER]: vertex compilation succeeded.
[2025.07.02 03:34:30.898 ms]:[INFO]:[PSAG_OGL_SHADER]: fragment_shader source script num: 3
[2025.07.02 03:34:30.898 ms]:[INFO]:[PSAG_OGL_SHADER]: fragment compilation succeeded.
[2025.07.02 03:34:30.898 ms]:[INFO]:[PSAG_OGL_SHADER]: shader_program link succeeded.
[2025.07.02 03:34:30.898 ms]:[INFO]:[PSAG_OGL_RES]: shader: storage key: 60
[2025.07.02 03:34:30.898 ms]:[INFO]:[PSAG_ACTOR_CORE]: game_actor shader default_res create.
[2025.07.02 03:34:30.898 ms]:[INFO]:[PSAG_ACTOR_CORE]: game_actor shader load textures: 1
[2025.07.02 03:34:30.898 ms]:[INFO]:[PSAG_OGL_SHADER]: vertex_shader source script num: 1
[2025.07.02 03:34:30.899 ms]:[INFO]:[PSAG_OGL_SHADER]: vertex compilation succeeded.
[2025.07.02 03:34:30.899 ms]:[INFO]:[PSAG_OGL_SHADER]: fragment_shader source script num: 3
[2025.07.02 03:34:30.899 ms]:[INFO]:[PSAG_OGL_SHADER]: fragment compilation succeeded.
[2025.07.02 03:34:30.899 ms]:[INFO]:[PSAG_OGL_SHADER]: shader_program link succeeded.
[2025.07.02 03:34:30.899 ms]:[INFO]:[PSAG_OGL_RES]: shader: storage key: 64
[2025.07.02 03:34:30.899 ms]:[INFO]:[PSAG_ACTOR_CORE]: game_actor shader default_res create.
[2025.07.02 03:34:30.899 ms]:[INFO]:[PSAG_ENVMT_CORE]: game_envmt get textures: 1
[2025.07.02 03:34:30.899 ms]:[INFO]:[PSAG_ENVMT_CORE]: game_envmt render_comp init.
[2025.07.02 03:34:30.899 ms]:[INFO]:[PSAG_PHYSICS]: phy_world => body_data, name: ZPGamePhysics
[2025.07.02 03:34:30.899 ms]:[INFO]:[PSAG_PHYSICS]: body_data(static) item: alloc key: 1569227075360
[2025.07.02 03:34:30.899 ms]:[INFO]:[PSAG_ENVMT_CORE]: game_envmt item create: 68
[2025.07.02 03:34:30.899 ms]:[INFO]:[PSAG_ENVMT_CORE]: game_envmt get textures: 1
[2025.07.02 03:34:30.899 ms]:[INFO]:[PSAG_ENVMT_CORE]: game_envmt render_comp init.
[2025.07.02 03:34:30.899 ms]:[INFO]:[PSAG_PHYSICS]: phy_world => body_data, name: ZPGamePhysics
[2025.07.02 03:34:30.899 ms]:[INFO]:[PSAG_PHYSICS]: body_data(static) item: alloc key: 1569227071552
[2025.07.02 03:34:30.899 ms]:[INFO]:[PSAG_ENVMT_CORE]: game_envmt item create: 70
[2025.07.02 03:34:30.899 ms]:[INFO]:[PSAG_ENVMT_CORE]: game_envmt get textures: 1
[2025.07.02 03:34:30.899 ms]:[INFO]:[PSAG_ENVMT_CORE]: game_envmt render_comp init.
[2025.07.02 03:34:30.899 ms]:[INFO]:[PSAG_PHYSICS]: phy_world => body_data, name: ZPGamePhysics
[2025.07.02 03:34:30.899 ms]:[INFO]:[PSAG_PHYSICS]: body_data(static) item: alloc key: 1569227070880
[2025.07.02 03:34:30.899 ms]:[INFO]:[PSAG_ENVMT_CORE]: game_envmt item create: 72
[2025.07.02 03:34:30.899 ms]:[INFO]:[PSAG_ENVMT_CORE]: game_envmt get textures: 1
[2025.07.02 03:34:30.899 ms]:[INFO]:[PSAG_ENVMT_CORE]: game_envmt render_comp init.
[2025.07.02 03:34:30.899 ms]:[INFO]:[PSAG_PHYSICS]: phy_world => body_data, name: ZPGamePhysics
[2025.07.02 03:34:30.899 ms]:[INFO]:[PSAG_PHYSICS]: body_data(static) item: alloc key: 1569227072672
[2025.07.02 03:34:30.899 ms]:[INFO]:[PSAG_ENVMT_CORE]: game_envmt item create: 74
[2025.07.02 03:34:30.899 ms]:[INFO]:[PSAG_ENVMT_CORE]: game_envmt render_comp init.
[2025.07.02 03:34:30.900 ms]:[INFO]:[PSAG_PHYSICS]: phy_world => body_data, name: ZPGamePhysics
[2025.07.02 03:34:30.900 ms]:[INFO]:[PSAG_PHYSICS]: body_data(static) item: alloc key: 1569227074464
[2025.07.02 03:34:30.900 ms]:[INFO]:[PSAG_ENVMT_CORE]: game_envmt item create: 76
[2025.07.02 03:34:30.900 ms]:[INFO]:[PSAG_ACTOR_CORE]: AType: register key: ActorPAWN
[2025.07.02 03:34:30.900 ms]:[INFO]:[PSAG_ACTOR_CORE]: AType: register key: ActorNPC
[2025.07.02 03:34:30.900 ms]:[INFO]:[PSAG_FILESYS_LOAD]: load(src) read_file: PSAGameFrameworkDev/GameZeroProject/GameMaterial/zpgame_ppactor_nor.png read_size: 405375
[2025.07.02 03:34:30.900 ms]:[INFO]:[PSAG_ACTOR_CORE]: game_actor shader create: 1680 x 945
[2025.07.02 03:34:30.927 ms]:[INFO]:[PSAG_OGL_IMG]: success decode image: size: 1024 x 1024, color_channel: 4
[2025.07.02 03:34:30.929 ms]:[INFO]:[PSAG_GL_DATASET]: layers_manager alloc_count: 0
[2025.07.02 03:34:30.929 ms]:[INFO]:[PSAG_GL_DATASET]: vir_texture: src: 1024 x 1024, fmt_fill: 1024 x 1024
[2025.07.02 03:34:30.931 ms]:[INFO]:[PSAG_GL_DATASET]: vir_texture item: alloc key: 78, cropping: 1.00 x 1.00, res: 4x/1
[2025.07.02 03:34:30.932 ms]:[INFO]:[PSAG_ACTOR_CORE]: game_actor shader texture add, name: PPActor
[2025.07.02 03:34:30.932 ms]:[INFO]:[PSAG_FILESYS_LOAD]: load(src) read_file: PSAGameFrameworkDev/GameZeroProject/GameMaterial/zpgame_npc_a.png read_size: 177392
[2025.07.02 03:34:30.932 ms]:[INFO]:[PSAG_ACTOR_CORE]: game_actor shader create: 1680 x 945
[2025.07.02 03:34:30.960 ms]:[INFO]:[PSAG_OGL_IMG]: success decode image: size: 1024 x 1024, color_channel: 4
[2025.07.02 03:34:30.961 ms]:[INFO]:[PSAG_GL_DATASET]: layers_manager alloc_count: 1
[2025.07.02 03:34:30.961 ms]:[INFO]:[PSAG_GL_DATASET]: vir_texture: src: 1024 x 1024, fmt_fill: 1024 x 1024
[2025.07.02 03:34:30.963 ms]:[INFO]:[PSAG_GL_DATASET]: vir_texture item: alloc key: 80, cropping: 1.00 x 1.00, res: 4x/1
[2025.07.02 03:34:30.964 ms]:[INFO]:[PSAG_ACTOR_CORE]: game_actor shader texture add, name: NPActor
[2025.07.02 03:34:30.964 ms]:[INFO]:[PSAG_ACTOR_CORE]: game_actor shader load textures: 1
[2025.07.02 03:34:30.964 ms]:[INFO]:[PSAG_OGL_SHADER]: vertex_shader source script num: 1
[2025.07.02 03:34:30.964 ms]:[INFO]:[PSAG_OGL_SHADER]: vertex compilation succeeded.
[2025.07.02 03:34:30.964 ms]:[INFO]:[PSAG_OGL_SHADER]: fragment_shader source script num: 3
[2025.07.02 03:34:30.964 ms]:[INFO]:[PSAG_OGL_SHADER]: fragment compilation succeeded.
[2025.07.02 03:34:30.965 ms]:[INFO]:[PSAG_OGL_SHADER]: shader_program link succeeded.
[2025.07.02 03:34:30.965 ms]:[INFO]:[PSAG_OGL_RES]: shader: storage key: 82
[2025.07.02 03:34:30.965 ms]:[INFO]:[PSAG_ACTOR_CORE]: game_actor shader default_res create.
[2025.07.02 03:34:30.965 ms]:[INFO]:[PSAG_ACTOR_CORE]: game_actor shader load textures: 1
[2025.07.02 03:34:30.965 ms]:[INFO]:[PSAG_OGL_SHADER]: vertex_shader source script num: 1
[2025.07.02 03:34:30.965 ms]:[INFO]:[PSAG_OGL_SHADER]: vertex compilation succeeded.
[2025.07.02 03:34:30.965 ms]:[INFO]:[PSAG_OGL_SHADER]: fragment_shader source script num: 3
[2025.07.02 03:34:30.965 ms]:[INFO]:[PSAG_OGL_SHADER]: fragment compilation succeeded.
[2025.07.02 03:34:30.965 ms]:[INFO]:[PSAG_OGL_SHADER]: shader_program link succeeded.
[2025.07.02 03:34:30.965 ms]:[INFO]:[PSAG_OGL_RES]: shader: storage key: 86
[2025.07.02 03:34:30.965 ms]:[INFO]:[PSAG_ACTOR_CORE]: game_actor shader default_res create.
[2025.07.02 03:34:30.965 ms]:[INFO]:[PSAG_ACTOR_CORE]: game_actor get textures: 1
[2025.07.02 03:34:30.965 ms]:[INFO]:[PSAG_ACTOR_CORE]: game_actor render_comp init.
[2025.07.02 03:34:30.965 ms]:[INFO]:[PSAG_PHYSICS]: phy_world => body_data, name: ZPGamePhysics
[2025.07.02 03:34:30.965 ms]:[INFO]:[PSAG_PHYSICS]: body_data(dynamic) item: alloc key: 1569225824512
[2025.07.02 03:34:30.965 ms]:[INFO]:[PSAG_ACTOR_CORE]: game_actor entity create: 90
[2025.07.02 03:34:30.965 ms]:[INFO]:[PSAG_TOOL_NOTFIY]: station register n: PPActor, ptr 513200c0
[2025.07.02 03:34:30.965 ms]:[INFO]:[PSAG_ACTOR_CORE]: game_actor get textures: 1
[2025.07.02 03:34:30.965 ms]:[INFO]:[PSAG_ACTOR_CORE]: game_actor render_comp init.
[2025.07.02 03:34:30.966 ms]:[INFO]:[PSAG_PHYSICS]: phy_world => body_data, name: ZPGamePhysics
[2025.07.02 03:34:30.966 ms]:[INFO]:[PSAG_PHYSICS]: body_data(dynamic) item: alloc key: 1569225825184
[2025.07.02 03:34:30.966 ms]:[INFO]:[PSAG_ACTOR_CORE]: game_actor entity create: 92
[2025.07.02 03:34:30.966 ms]:[INFO]:[PSAG_ACTOR_CORE]: game_actor get textures: 1
[2025.07.02 03:34:30.966 ms]:[INFO]:[PSAG_ACTOR_CORE]: game_actor render_comp init.
[2025.07.02 03:34:30.966 ms]:[INFO]:[PSAG_PHYSICS]: phy_world => body_data, name: ZPGamePhysics
[2025.07.02 03:34:30.966 ms]:[INFO]:[PSAG_PHYSICS]: body_data(dynamic) item: alloc key: 1569225823840
[2025.07.02 03:34:30.966 ms]:[INFO]:[PSAG_ACTOR_CORE]: game_actor entity create: 94
[2025.07.02 03:34:30.966 ms]:[INFO]:[PSAG_ACTOR_CORE]: game_actor get textures: 1
[2025.07.02 03:34:30.966 ms]:[INFO]:[PSAG_ACTOR_CORE]: game_actor render_comp init.
[2025.07.02 03:34:30.966 ms]:[INFO]:[PSAG_PHYSICS]: phy_world => body_data, name: ZPGamePhysics
[2025.07.02 03:34:30.966 ms]:[INFO]:[PSAG_PHYSICS]: body_data(dynamic) item: alloc key: 1569225824848
[2025.07.02 03:34:30.966 ms]:[INFO]:[PSAG_ACTOR_CORE]: game_actor entity create: 96
[2025.07.02 03:34:30.966 ms]:[INFO]:[PSAG_ACTOR_CORE]: game_actor get textures: 1
[2025.07.02 03:34:30.966 ms]:[INFO]:[PSAG_ACTOR_CORE]: game_actor render_comp init.
[2025.07.02 03:34:30.966 ms]:[INFO]:[PSAG_PHYSICS]: phy_world => body_data, name: ZPGamePhysics
[2025.07.02 03:34:30.966 ms]:[INFO]:[PSAG_PHYSICS]: body_data(dynamic) item: alloc key: 1569305859680
[2025.07.02 03:34:30.966 ms]:[INFO]:[PSAG_ACTOR_CORE]: game_actor entity create: 98
[2025.07.02 03:34:30.966 ms]:[INFO]:[PSAG_ACTOR_CORE]: game_actor get textures: 1
[2025.07.02 03:34:30.966 ms]:[INFO]:[PSAG_ACTOR_CORE]: game_actor render_comp init.
[2025.07.02 03:34:30.966 ms]:[INFO]:[PSAG_PHYSICS]: phy_world => body_data, name: ZPGamePhysics
[2025.07.02 03:34:30.966 ms]:[INFO]:[PSAG_PHYSICS]: body_data(dynamic) item: alloc key: 1569305858000
[2025.07.02 03:34:30.966 ms]:[INFO]:[PSAG_ACTOR_CORE]: game_actor entity create: 100
[2025.07.02 03:34:30.966 ms]:[INFO]:[PSAG_ACTOR_CORE]: game_actor get textures: 1
[2025.07.02 03:34:30.966 ms]:[INFO]:[PSAG_ACTOR_CORE]: game_actor render_comp init.
[2025.07.02 03:34:30.966 ms]:[INFO]:[PSAG_PHYSICS]: phy_world => body_data, name: ZPGamePhysics
[2025.07.02 03:34:30.966 ms]:[INFO]:[PSAG_PHYSICS]: body_data(dynamic) item: alloc key: 1569305853968
[2025.07.02 03:34:30.966 ms]:[INFO]:[PSAG_ACTOR_CORE]: game_actor entity create: 102
[2025.07.02 03:34:30.967 ms]:[INFO]:[PSAG_ACTOR_CORE]: AType: register key: GuideBullet
[2025.07.02 03:34:30.967 ms]:[INFO]:[PSAG_FILESYS_LOAD]: load(src) read_file: PSAGameFrameworkDev/GameZeroProject/GameMaterial/zpgame_bullet_b.png read_size: 12111
[2025.07.02 03:34:30.967 ms]:[INFO]:[PSAG_FILESYS_LOAD]: load(src) read_file: PSAGameFrameworkDev/GameZeroProject/GameMaterial/zpgame_bullet_a.png read_size: 54094
[2025.07.02 03:34:30.967 ms]:[INFO]:[PSAG_ACTOR_CORE]: game_actor shader create: 1680 x 945
[2025.07.02 03:34:30.967 ms]:[INFO]:[PSAG_ACTOR_CORE]: game_actor shader create: 1680 x 945
[2025.07.02 03:34:30.976 ms]:[INFO]:[PSAG_OGL_IMG]: success decode image: size: 512 x 512, color_channel: 4
[2025.07.02 03:34:30.976 ms]:[INFO]:[PSAG_GL_DATASET]: layers_manager alloc_count: 0
[2025.07.02 03:34:30.976 ms]:[INFO]:[PSAG_GL_DATASET]: vir_texture: src: 512 x 512, fmt_fill: 512 x 512
[2025.07.02 03:34:30.977 ms]:[INFO]:[PSAG_GL_DATASET]: vir_texture item: alloc key: 104, cropping: 1.00 x 1.00, res: 8x/1
[2025.07.02 03:34:30.977 ms]:[INFO]:[PSAG_ACTOR_CORE]: game_actor shader texture add, name: SharpBullet
[2025.07.02 03:34:31.009 ms]:[INFO]:[PSAG_OGL_IMG]: success decode image: size: 1024 x 2048, color_channel: 4
[2025.07.02 03:34:31.011 ms]:[INFO]:[PSAG_GL_DATASET]: layers_manager alloc_count: 0
[2025.07.02 03:34:31.099 ms]:[INFO]:[PSAG_GL_DATASET]: vir_texture: src: 1024 x 2048, fmt_fill: 2048 x 2048
[2025.07.02 03:34:31.108 ms]:[INFO]:[PSAG_GL_DATASET]: vir_texture item: alloc key: 106, cropping: 0.50 x 1.00, res: 2x/1
[2025.07.02 03:34:31.109 ms]:[INFO]:[PSAG_ACTOR_CORE]: game_actor shader texture add, name: GuideBullet
[2025.07.02 03:34:31.110 ms]:[INFO]:[PSAG_ACTOR_CORE]: game_actor shader load textures: 1
[2025.07.02 03:34:31.110 ms]:[INFO]:[PSAG_OGL_SHADER]: vertex_shader source script num: 1
[2025.07.02 03:34:31.110 ms]:[INFO]:[PSAG_OGL_SHADER]: vertex compilation succeeded.
[2025.07.02 03:34:31.110 ms]:[INFO]:[PSAG_OGL_SHADER]: fragment_shader source script num: 3
[2025.07.02 03:34:31.111 ms]:[INFO]:[PSAG_OGL_SHADER]: fragment compilation succeeded.
[2025.07.02 03:34:31.111 ms]:[INFO]:[PSAG_OGL_SHADER]: shader_program link succeeded.
[2025.07.02 03:34:31.111 ms]:[INFO]:[PSAG_OGL_RES]: shader: storage key: 108
[2025.07.02 03:34:31.111 ms]:[INFO]:[PSAG_ACTOR_CORE]: game_actor shader default_res create.
[2025.07.02 03:34:31.111 ms]:[INFO]:[PSAG_ACTOR_CORE]: game_actor shader load textures: 1
[2025.07.02 03:34:31.111 ms]:[INFO]:[PSAG_OGL_SHADER]: vertex_shader source script num: 1
[2025.07.02 03:34:31.111 ms]:[INFO]:[PSAG_OGL_SHADER]: vertex compilation succeeded.
[2025.07.02 03:34:31.111 ms]:[INFO]:[PSAG_OGL_SHADER]: fragment_shader source script num: 3
[2025.07.02 03:34:31.111 ms]:[INFO]:[PSAG_OGL_SHADER]: fragment compilation succeeded.
[2025.07.02 03:34:31.111 ms]:[INFO]:[PSAG_OGL_SHADER]: shader_program link succeeded.
[2025.07.02 03:34:31.111 ms]:[INFO]:[PSAG_OGL_RES]: shader: storage key: 112
[2025.07.02 03:34:31.111 ms]:[INFO]:[PSAG_ACTOR_CORE]: game_actor shader default_res create.
[2025.07.02 03:34:31.111 ms]:[INFO]:[PSAG_FILESYS_LOAD]: load(src) read_file: PSAGameFrameworkDev/GameZeroProject/GameMaterial/zpgame_particle_a.png read_size: 21686
[2025.07.02 03:34:31.121 ms]:[INFO]:[PSAG_OGL_IMG]: success decode image: size: 512 x 512, color_channel: 4
[2025.07.02 03:34:31.121 ms]:[INFO]:[PSAG_GL_PARTICLE]: particle system proc thread init.
[2025.07.02 03:34:31.121 ms]:[INFO]:[PSAG_OGL_SHADER]: vertex_shader source script num: 1
[2025.07.02 03:34:31.121 ms]:[INFO]:[PSAG_OGL_SHADER]: vertex compilation succeeded.
[2025.07.02 03:34:31.121 ms]:[INFO]:[PSAG_OGL_SHADER]: fragment_shader source script num: 3
[2025.07.02 03:34:31.121 ms]:[INFO]:[PSAG_OGL_SHADER]: fragment compilation succeeded.
[2025.07.02 03:34:31.121 ms]:[INFO]:[PSAG_OGL_SHADER]: shader_program link succeeded.
[2025.07.02 03:34:31.121 ms]:[INFO]:[PSAG_OGL_RES]: shader: storage key: 116
[2025.07.02 03:34:31.121 ms]:[INFO]:[PSAG_GL_DATASET]: ver_data(dy) item: alloc key: 118
[2025.07.02 03:34:31.122 ms]:[INFO]:[PSAG_GL_DATASET]: layers_manager alloc_count: 1
[2025.07.02 03:34:31.122 ms]:[INFO]:[PSAG_GL_DATASET]: vir_texture: src: 512 x 512, fmt_fill: 512 x 512
[2025.07.02 03:34:31.122 ms]:[INFO]:[PSAG_GL_DATASET]: vir_texture item: alloc key: 120, cropping: 1.00 x 1.00, res: 8x/1
[2025.07.02 03:34:31.123 ms]:[INFO]:[PSAG_GL_PARTICLE]: particle system init.
[2025.07.02 03:34:31.123 ms]:[INFO]:[PSAG_GL_PARTICLE]: particle system render_size: 1680 x 945
[2025.07.02 03:34:31.123 ms]:[INFO]:[PSAG_MANAGER_FX]: manager fx_particle init.
[2025.07.02 03:34:31.123 ms]:[INFO]:[PSAG_TOOL_NOTFIY]: station register n: PPActorBullet, ptr 513200c0
[2025.07.02 03:34:31.123 ms]:[INFO]:[PSAG_FILESYS_LOAD]: load(src) read_file: PSAGameFrameworkDev/GameZeroProject/GameMaterial/zpgame_gui/zpgame_gui_b0.png read_size: 10743
[2025.07.02 03:34:31.129 ms]:[INFO]:[PSAG_OGL_IMG]: success decode image: size: 1024 x 278, color_channel: 4
[2025.07.02 03:34:31.129 ms]:[INFO]:[PSAG_OGL_TEXTURE]: texture.2d(view) object create.
[2025.07.02 03:34:31.131 ms]:[INFO]:[PSAG_OGL_TEXTURE]: texture_view create, succ: size: 1024 x 278
[2025.07.02 03:34:31.131 ms]:[INFO]:[PSAG_GL_PVFX]: psag_fx image_view system, create: 1024 x 278
[2025.07.02 03:34:31.132 ms]:[INFO]:[PSAG_FILESYS_LOAD]: load(src) read_file: PSAGameFrameworkDev/GameZeroProject/GameMaterial/zpgame_gui/zpgame_gui_b1.png read_size: 22199
[2025.07.02 03:34:31.139 ms]:[INFO]:[PSAG_OGL_IMG]: success decode image: size: 1024 x 278, color_channel: 4
[2025.07.02 03:34:31.141 ms]:[INFO]:[PSAG_OGL_TEXTURE]: texture.2d(view) object create.
[2025.07.02 03:34:31.143 ms]:[INFO]:[PSAG_OGL_TEXTURE]: texture_view create, succ: size: 1024 x 278
[2025.07.02 03:34:31.143 ms]:[INFO]:[PSAG_GL_PVFX]: psag_fx image_view system, create: 1024 x 278
[2025.07.02 03:34:31.143 ms]:[INFO]:[PSAG_FILESYS_LOAD]: load(src) read_file: PSAGameFrameworkDev/GameZeroProject/GameMaterial/zpgame_gui/zpgame_gui_b2.png read_size: 22716
[2025.07.02 03:34:31.151 ms]:[INFO]:[PSAG_OGL_IMG]: success decode image: size: 1024 x 278, color_channel: 4
[2025.07.02 03:34:31.152 ms]:[INFO]:[PSAG_OGL_TEXTURE]: texture.2d(view) object create.
[2025.07.02 03:34:31.153 ms]:[INFO]:[PSAG_OGL_TEXTURE]: texture_view create, succ: size: 1024 x 278
[2025.07.02 03:34:31.153 ms]:[INFO]:[PSAG_GL_PVFX]: psag_fx image_view system, create: 1024 x 278
[2025.07.02 03:34:31.153 ms]:[INFO]:[PSAG_FILESYS_LOAD]: load(src) read_file: PSAGameFrameworkDev/GameZeroProject/GameMaterial/zpgame_gui/zpgame_gui_b3.png read_size: 23026
[2025.07.02 03:34:31.161 ms]:[INFO]:[PSAG_OGL_IMG]: success decode image: size: 1024 x 278, color_channel: 4
[2025.07.02 03:34:31.162 ms]:[INFO]:[PSAG_OGL_TEXTURE]: texture.2d(view) object create.
[2025.07.02 03:34:31.163 ms]:[INFO]:[PSAG_OGL_TEXTURE]: texture_view create, succ: size: 1024 x 278
[2025.07.02 03:34:31.163 ms]:[INFO]:[PSAG_GL_PVFX]: psag_fx image_view system, create: 1024 x 278
[2025.07.02 03:34:31.163 ms]:[INFO]:[PSAG_FILESYS_LOAD]: load(src) read_file: PSAGameFrameworkDev/GameZeroProject/GameMaterial/zpgame_gui/zpgame_gui_b4.png read_size: 23655
[2025.07.02 03:34:31.170 ms]:[INFO]:[PSAG_OGL_IMG]: success decode image: size: 1024 x 278, color_channel: 4
[2025.07.02 03:34:31.172 ms]:[INFO]:[PSAG_OGL_TEXTURE]: texture.2d(view) object create.
[2025.07.02 03:34:31.173 ms]:[INFO]:[PSAG_OGL_TEXTURE]: texture_view create, succ: size: 1024 x 278
[2025.07.02 03:34:31.173 ms]:[INFO]:[PSAG_GL_PVFX]: psag_fx image_view system, create: 1024 x 278
[2025.07.02 03:34:31.173 ms]:[INFO]:[PSAG_FILESYS_LOAD]: load(src) read_file: PSAGameFrameworkDev/GameZeroProject/GameMaterial/zpgame_gui/zpgame_gui_b5.png read_size: 23922
[2025.07.02 03:34:31.181 ms]:[INFO]:[PSAG_OGL_IMG]: success decode image: size: 1024 x 278, color_channel: 4
[2025.07.02 03:34:31.182 ms]:[INFO]:[PSAG_OGL_TEXTURE]: texture.2d(view) object create.
[2025.07.02 03:34:31.183 ms]:[INFO]:[PSAG_OGL_TEXTURE]: texture_view create, succ: size: 1024 x 278
[2025.07.02 03:34:31.183 ms]:[INFO]:[PSAG_GL_PVFX]: psag_fx image_view system, create: 1024 x 278
[2025.07.02 03:34:31.183 ms]:[INFO]:[PSAG_M_START_ANIM]: create start_anim player.
[2025.07.02 03:34:31.183 ms]:[TRACE]:[PSAG_M_CORE]: pomelo_star game2d version: 12.20250127
[2025.07.02 03:34:31.219 ms]:[INFO]:[PSAG_M_START_ANIM]: start_anim playback complete, time(s): 0.000
[2025.07.02 03:34:31.219 ms]:[INFO]:[PSAG_M_START_ANIM]: free textures resource.
[2025.07.02 03:34:37.149 ms]:[INFO]:[PSAG_TOOL_NOTFIY]: station receive pair: PPActor/PPActorBullet, data_size: 12 bytes
[2025.07.02 03:34:37.150 ms]:[INFO]:[PSAG_ACTOR_CORE]: game_actor get textures: 1
[2025.07.02 03:34:37.150 ms]:[INFO]:[PSAG_ACTOR_CORE]: game_actor render_comp init.
[2025.07.02 03:34:37.150 ms]:[INFO]:[PSAG_PHYSICS]: phy_world => body_data, name: ZPGamePhysics
[2025.07.02 03:34:37.150 ms]:[INFO]:[PSAG_PHYSICS]: body_data(dynamic) item: alloc key: 1569305860688
[2025.07.02 03:34:37.150 ms]:[INFO]:[PSAG_ACTOR_CORE]: game_actor entity create: 122
[2025.07.02 03:34:38.160 ms]:[INFO]:[PSAG_TOOL_NOTFIY]: station receive pair: PPActor/PPActorBullet, data_size: 12 bytes
[2025.07.02 03:34:38.160 ms]:[INFO]:[PSAG_ACTOR_CORE]: game_actor get textures: 1
[2025.07.02 03:34:38.160 ms]:[INFO]:[PSAG_ACTOR_CORE]: game_actor render_comp init.
[2025.07.02 03:34:38.160 ms]:[INFO]:[PSAG_PHYSICS]: phy_world => body_data, name: ZPGamePhysics
[2025.07.02 03:34:38.160 ms]:[INFO]:[PSAG_PHYSICS]: body_data(dynamic) item: alloc key: 1569305855648
[2025.07.02 03:34:38.160 ms]:[INFO]:[PSAG_ACTOR_CORE]: game_actor entity create: 124
[2025.07.02 03:34:38.480 ms]:[INFO]:[PSAG_PHYSICS]: phy_world => body_data, name: ZPGamePhysics
[2025.07.02 03:34:38.480 ms]:[INFO]:[PSAG_PHYSICS]: body_data item: delete key: 1569304335952
[2025.07.02 03:34:38.480 ms]:[INFO]:[PSAG_ACTOR_CORE]: game_actor entity delete: 122
[2025.07.02 03:34:38.964 ms]:[INFO]:[PSAG_TOOL_NOTFIY]: station receive pair: PPActor/PPActorBullet, data_size: 12 bytes
[2025.07.02 03:34:38.964 ms]:[INFO]:[PSAG_ACTOR_CORE]: game_actor get textures: 1
[2025.07.02 03:34:38.964 ms]:[INFO]:[PSAG_ACTOR_CORE]: game_actor render_comp init.
[2025.07.02 03:34:38.964 ms]:[INFO]:[PSAG_PHYSICS]: phy_world => body_data, name: ZPGamePhysics
[2025.07.02 03:34:38.964 ms]:[INFO]:[PSAG_PHYSICS]: body_data(dynamic) item: alloc key: 1569305854304
[2025.07.02 03:34:38.964 ms]:[INFO]:[PSAG_ACTOR_CORE]: game_actor entity create: 126
[2025.07.02 03:34:39.499 ms]:[INFO]:[PSAG_TOOL_NOTFIY]: station receive pair: PPActor/PPActorBullet, data_size: 12 bytes
[2025.07.02 03:34:39.500 ms]:[INFO]:[PSAG_ACTOR_CORE]: game_actor get textures: 1
[2025.07.02 03:34:39.500 ms]:[INFO]:[PSAG_ACTOR_CORE]: game_actor render_comp init.
[2025.07.02 03:34:39.500 ms]:[INFO]:[PSAG_PHYSICS]: phy_world => body_data, name: ZPGamePhysics
[2025.07.02 03:34:39.500 ms]:[INFO]:[PSAG_PHYSICS]: body_data(dynamic) item: alloc key: 1569305856992
[2025.07.02 03:34:39.500 ms]:[INFO]:[PSAG_ACTOR_CORE]: game_actor entity create: 128
[2025.07.02 03:34:39.813 ms]:[INFO]:[PSAG_TOOL_NOTFIY]: station receive pair: PPActor/PPActorBullet, data_size: 12 bytes
[2025.07.02 03:34:39.813 ms]:[INFO]:[PSAG_ACTOR_CORE]: game_actor get textures: 1
[2025.07.02 03:34:39.813 ms]:[INFO]:[PSAG_ACTOR_CORE]: game_actor render_comp init.
[2025.07.02 03:34:39.813 ms]:[INFO]:[PSAG_PHYSICS]: phy_world => body_data, name: ZPGamePhysics
[2025.07.02 03:34:39.813 ms]:[INFO]:[PSAG_PHYSICS]: body_data(dynamic) item: alloc key: 1569305855984
[2025.07.02 03:34:39.813 ms]:[INFO]:[PSAG_ACTOR_CORE]: game_actor entity create: 130
[2025.07.02 03:34:39.898 ms]:[INFO]:[PSAG_PHYSICS]: phy_world => body_data, name: ZPGamePhysics
[2025.07.02 03:34:39.898 ms]:[INFO]:[PSAG_PHYSICS]: body_data item: delete key: 1569304336144
[2025.07.02 03:34:39.899 ms]:[INFO]:[PSAG_ACTOR_CORE]: game_actor entity delete: 124
[2025.07.02 03:34:39.992 ms]:[INFO]:[PSAG_TOOL_NOTFIY]: station receive pair: PPActor/PPActorBullet, data_size: 12 bytes
[2025.07.02 03:34:39.992 ms]:[INFO]:[PSAG_ACTOR_CORE]: game_actor get textures: 1
[2025.07.02 03:34:39.992 ms]:[INFO]:[PSAG_ACTOR_CORE]: game_actor render_comp init.
[2025.07.02 03:34:39.993 ms]:[INFO]:[PSAG_PHYSICS]: phy_world => body_data, name: ZPGamePhysics
[2025.07.02 03:34:39.993 ms]:[INFO]:[PSAG_PHYSICS]: body_data(dynamic) item: alloc key: 1569305859008
[2025.07.02 03:34:39.993 ms]:[INFO]:[PSAG_ACTOR_CORE]: game_actor entity create: 132
[2025.07.02 03:34:40.181 ms]:[INFO]:[PSAG_TOOL_NOTFIY]: station receive pair: PPActor/PPActorBullet, data_size: 12 bytes
[2025.07.02 03:34:40.181 ms]:[INFO]:[PSAG_ACTOR_CORE]: game_actor get textures: 1
[2025.07.02 03:34:40.181 ms]:[INFO]:[PSAG_ACTOR_CORE]: game_actor render_comp init.
[2025.07.02 03:34:40.181 ms]:[INFO]:[PSAG_PHYSICS]: phy_world => body_data, name: ZPGamePhysics
[2025.07.02 03:34:40.181 ms]:[INFO]:[PSAG_PHYSICS]: body_data(dynamic) item: alloc key: 1569305859344
[2025.07.02 03:34:40.181 ms]:[INFO]:[PSAG_ACTOR_CORE]: game_actor entity create: 134
[2025.07.02 03:34:40.483 ms]:[INFO]:[PSAG_PHYSICS]: phy_world => body_data, name: ZPGamePhysics
[2025.07.02 03:34:40.483 ms]:[INFO]:[PSAG_PHYSICS]: body_data item: delete key: 1569304335952
[2025.07.02 03:34:40.483 ms]:[INFO]:[PSAG_ACTOR_CORE]: game_actor entity delete: 126
[2025.07.02 03:34:40.892 ms]:[INFO]:[PSAG_PHYSICS]: phy_world => body_data, name: ZPGamePhysics
[2025.07.02 03:34:40.892 ms]:[INFO]:[PSAG_PHYSICS]: body_data item: delete key: 1569304336336
[2025.07.02 03:34:40.892 ms]:[INFO]:[PSAG_ACTOR_CORE]: game_actor entity delete: 128
[2025.07.02 03:34:41.199 ms]:[INFO]:[PSAG_PHYSICS]: phy_world => body_data, name: ZPGamePhysics
[2025.07.02 03:34:41.200 ms]:[INFO]:[PSAG_PHYSICS]: body_data item: delete key: 1569304336528
[2025.07.02 03:34:41.200 ms]:[INFO]:[PSAG_ACTOR_CORE]: game_actor entity delete: 130
[2025.07.02 03:34:41.239 ms]:[INFO]:[PSAG_PHYSICS]: phy_world => body_data, name: ZPGamePhysics
[2025.07.02 03:34:41.239 ms]:[INFO]:[PSAG_PHYSICS]: body_data item: delete key: 1569304336144
[2025.07.02 03:34:41.239 ms]:[INFO]:[PSAG_ACTOR_CORE]: game_actor entity delete: 132
[2025.07.02 03:34:41.551 ms]:[INFO]:[PSAG_PHYSICS]: phy_world => body_data, name: ZPGamePhysics
[2025.07.02 03:34:41.551 ms]:[INFO]:[PSAG_PHYSICS]: body_data item: delete key: 1569304336720
[2025.07.02 03:34:41.551 ms]:[INFO]:[PSAG_ACTOR_CORE]: game_actor entity delete: 134
[2025.07.02 03:34:42.872 ms]:[INFO]:[PSAG_TOOL_NOTFIY]: station receive pair: PPActor/PPActorBullet, data_size: 12 bytes
[2025.07.02 03:34:42.873 ms]:[INFO]:[PSAG_ACTOR_CORE]: game_actor get textures: 1
[2025.07.02 03:34:42.873 ms]:[INFO]:[PSAG_ACTOR_CORE]: game_actor render_comp init.
[2025.07.02 03:34:42.873 ms]:[INFO]:[PSAG_PHYSICS]: phy_world => body_data, name: ZPGamePhysics
[2025.07.02 03:34:42.873 ms]:[INFO]:[PSAG_PHYSICS]: body_data(dynamic) item: alloc key: 1569305856320
[2025.07.02 03:34:42.873 ms]:[INFO]:[PSAG_ACTOR_CORE]: game_actor entity create: 136
[2025.07.02 03:34:43.120 ms]:[INFO]:[PSAG_TOOL_NOTFIY]: station receive pair: PPActor/PPActorBullet, data_size: 12 bytes
[2025.07.02 03:34:43.121 ms]:[INFO]:[PSAG_ACTOR_CORE]: game_actor get textures: 1
[2025.07.02 03:34:43.121 ms]:[INFO]:[PSAG_ACTOR_CORE]: game_actor render_comp init.
[2025.07.02 03:34:43.121 ms]:[INFO]:[PSAG_PHYSICS]: phy_world => body_data, name: ZPGamePhysics
[2025.07.02 03:34:43.121 ms]:[INFO]:[PSAG_PHYSICS]: body_data(dynamic) item: alloc key: 1569305858672
[2025.07.02 03:34:43.121 ms]:[INFO]:[PSAG_ACTOR_CORE]: game_actor entity create: 138
[2025.07.02 03:34:43.317 ms]:[INFO]:[PSAG_TOOL_NOTFIY]: station receive pair: PPActor/PPActorBullet, data_size: 12 bytes
[2025.07.02 03:34:43.317 ms]:[INFO]:[PSAG_ACTOR_CORE]: game_actor get textures: 1
[2025.07.02 03:34:43.317 ms]:[INFO]:[PSAG_ACTOR_CORE]: game_actor render_comp init.
[2025.07.02 03:34:43.317 ms]:[INFO]:[PSAG_PHYSICS]: phy_world => body_data, name: ZPGamePhysics
[2025.07.02 03:34:43.317 ms]:[INFO]:[PSAG_PHYSICS]: body_data(dynamic) item: alloc key: 1569305855984
[2025.07.02 03:34:43.317 ms]:[INFO]:[PSAG_ACTOR_CORE]: game_actor entity create: 140
[2025.07.02 03:34:43.507 ms]:[INFO]:[PSAG_TOOL_NOTFIY]: station receive pair: PPActor/PPActorBullet, data_size: 12 bytes
[2025.07.02 03:34:43.507 ms]:[INFO]:[PSAG_ACTOR_CORE]: game_actor get textures: 1
[2025.07.02 03:34:43.507 ms]:[INFO]:[PSAG_ACTOR_CORE]: game_actor render_comp init.
[2025.07.02 03:34:43.507 ms]:[INFO]:[PSAG_PHYSICS]: phy_world => body_data, name: ZPGamePhysics
[2025.07.02 03:34:43.507 ms]:[INFO]:[PSAG_PHYSICS]: body_data(dynamic) item: alloc key: 1569305856656
[2025.07.02 03:34:43.507 ms]:[INFO]:[PSAG_ACTOR_CORE]: game_actor entity create: 142
[2025.07.02 03:34:43.991 ms]:[INFO]:[PSAG_TOOL_NOTFIY]: station receive pair: PPActor/PPActorBullet, data_size: 12 bytes
[2025.07.02 03:34:43.992 ms]:[INFO]:[PSAG_ACTOR_CORE]: game_actor get textures: 1
[2025.07.02 03:34:43.992 ms]:[INFO]:[PSAG_ACTOR_CORE]: game_actor render_comp init.
[2025.07.02 03:34:43.992 ms]:[INFO]:[PSAG_PHYSICS]: phy_world => body_data, name: ZPGamePhysics
[2025.07.02 03:34:43.992 ms]:[INFO]:[PSAG_PHYSICS]: body_data(dynamic) item: alloc key: 1569305856992
[2025.07.02 03:34:43.992 ms]:[INFO]:[PSAG_ACTOR_CORE]: game_actor entity create: 144
[2025.07.02 03:34:44.158 ms]:[INFO]:[PSAG_PHYSICS]: phy_world => body_data, name: ZPGamePhysics
[2025.07.02 03:34:44.159 ms]:[INFO]:[PSAG_PHYSICS]: body_data item: delete key: 1569304336720
[2025.07.02 03:34:44.159 ms]:[INFO]:[PSAG_ACTOR_CORE]: game_actor entity delete: 136
[2025.07.02 03:34:44.186 ms]:[INFO]:[PSAG_TOOL_NOTFIY]: station receive pair: PPActor/PPActorBullet, data_size: 12 bytes
[2025.07.02 03:34:44.187 ms]:[INFO]:[PSAG_ACTOR_CORE]: game_actor get textures: 1
[2025.07.02 03:34:44.187 ms]:[INFO]:[PSAG_ACTOR_CORE]: game_actor render_comp init.
[2025.07.02 03:34:44.187 ms]:[INFO]:[PSAG_PHYSICS]: phy_world => body_data, name: ZPGamePhysics
[2025.07.02 03:34:44.187 ms]:[INFO]:[PSAG_PHYSICS]: body_data(dynamic) item: alloc key: 1569305860688
[2025.07.02 03:34:44.187 ms]:[INFO]:[PSAG_ACTOR_CORE]: game_actor entity create: 146
[2025.07.02 03:34:44.557 ms]:[INFO]:[PSAG_PHYSICS]: phy_world => body_data, name: ZPGamePhysics
[2025.07.02 03:34:44.557 ms]:[INFO]:[PSAG_PHYSICS]: body_data item: delete key: 1569304336144
[2025.07.02 03:34:44.557 ms]:[INFO]:[PSAG_ACTOR_CORE]: game_actor entity delete: 138
[2025.07.02 03:34:44.732 ms]:[INFO]:[PSAG_TOOL_NOTFIY]: station receive pair: PPActor/PPActorBullet, data_size: 12 bytes
[2025.07.02 03:34:44.733 ms]:[INFO]:[PSAG_ACTOR_CORE]: game_actor get textures: 1
[2025.07.02 03:34:44.733 ms]:[INFO]:[PSAG_ACTOR_CORE]: game_actor render_comp init.
[2025.07.02 03:34:44.733 ms]:[INFO]:[PSAG_PHYSICS]: phy_world => body_data, name: ZPGamePhysics
[2025.07.02 03:34:44.733 ms]:[INFO]:[PSAG_PHYSICS]: body_data(dynamic) item: alloc key: 1569305858336
[2025.07.02 03:34:44.733 ms]:[INFO]:[PSAG_ACTOR_CORE]: game_actor entity create: 148
[2025.07.02 03:34:44.789 ms]:[INFO]:[PSAG_PHYSICS]: phy_world => body_data, name: ZPGamePhysics
[2025.07.02 03:34:44.789 ms]:[INFO]:[PSAG_PHYSICS]: body_data item: delete key: 1569304336528
[2025.07.02 03:34:44.789 ms]:[INFO]:[PSAG_ACTOR_CORE]: game_actor entity delete: 140
[2025.07.02 03:34:44.934 ms]:[INFO]:[PSAG_PHYSICS]: phy_world => body_data, name: ZPGamePhysics
[2025.07.02 03:34:44.934 ms]:[INFO]:[PSAG_PHYSICS]: body_data item: delete key: 1569304336336
[2025.07.02 03:34:44.934 ms]:[INFO]:[PSAG_ACTOR_CORE]: game_actor entity delete: 142
[2025.07.02 03:34:45.007 ms]:[INFO]:[PSAG_TOOL_NOTFIY]: station receive pair: PPActor/PPActorBullet, data_size: 12 bytes
[2025.07.02 03:34:45.008 ms]:[INFO]:[PSAG_ACTOR_CORE]: game_actor get textures: 1
[2025.07.02 03:34:45.008 ms]:[INFO]:[PSAG_ACTOR_CORE]: game_actor render_comp init.
[2025.07.02 03:34:45.008 ms]:[INFO]:[PSAG_PHYSICS]: phy_world => body_data, name: ZPGamePhysics
[2025.07.02 03:34:45.008 ms]:[INFO]:[PSAG_PHYSICS]: body_data(dynamic) item: alloc key: 1569305857328
[2025.07.02 03:34:45.008 ms]:[INFO]:[PSAG_ACTOR_CORE]: game_actor entity create: 150
[2025.07.02 03:34:45.059 ms]:[INFO]:[PSAG_TOOL_NOTFIY]: station receive pair: PPActor/PPActorBullet, data_size: 12 bytes
[2025.07.02 03:34:45.060 ms]:[INFO]:[PSAG_ACTOR_CORE]: game_actor get textures: 1
[2025.07.02 03:34:45.060 ms]:[INFO]:[PSAG_ACTOR_CORE]: game_actor render_comp init.
[2025.07.02 03:34:45.060 ms]:[INFO]:[PSAG_PHYSICS]: phy_world => body_data, name: ZPGamePhysics
[2025.07.02 03:34:45.061 ms]:[INFO]:[PSAG_PHYSICS]: body_data(dynamic) item: alloc key: 1569305861024
[2025.07.02 03:34:45.061 ms]:[INFO]:[PSAG_ACTOR_CORE]: game_actor entity create: 152
[2025.07.02 03:34:45.078 ms]:[INFO]:[PSAG_PHYSICS]: phy_world => body_data, name: ZPGamePhysics
[2025.07.02 03:34:45.078 ms]:[INFO]:[PSAG_PHYSICS]: body_data item: delete key: 1569304336528
[2025.07.02 03:34:45.078 ms]:[INFO]:[PSAG_ACTOR_CORE]: game_actor entity delete: 152
[2025.07.02 03:34:45.108 ms]:[INFO]:[PSAG_TOOL_NOTFIY]: station receive pair: PPActor/PPActorBullet, data_size: 12 bytes
[2025.07.02 03:34:45.110 ms]:[INFO]:[PSAG_ACTOR_CORE]: game_actor get textures: 1
[2025.07.02 03:34:45.110 ms]:[INFO]:[PSAG_ACTOR_CORE]: game_actor render_comp init.
[2025.07.02 03:34:45.110 ms]:[INFO]:[PSAG_PHYSICS]: phy_world => body_data, name: ZPGamePhysics
[2025.07.02 03:34:45.110 ms]:[INFO]:[PSAG_PHYSICS]: body_data(dynamic) item: alloc key: 1569305859344
[2025.07.02 03:34:45.110 ms]:[INFO]:[PSAG_ACTOR_CORE]: game_actor entity create: 154
[2025.07.02 03:34:45.614 ms]:[INFO]:[PSAG_PHYSICS]: phy_world => body_data, name: ZPGamePhysics
[2025.07.02 03:34:45.614 ms]:[INFO]:[PSAG_PHYSICS]: body_data item: delete key: 1569304336720
[2025.07.02 03:34:45.614 ms]:[INFO]:[PSAG_ACTOR_CORE]: game_actor entity delete: 146
[2025.07.02 03:34:45.659 ms]:[INFO]:[PSAG_TOOL_NOTFIY]: station receive pair: PPActor/PPActorBullet, data_size: 12 bytes
[2025.07.02 03:34:45.659 ms]:[INFO]:[PSAG_ACTOR_CORE]: game_actor get textures: 1
[2025.07.02 03:34:45.659 ms]:[INFO]:[PSAG_ACTOR_CORE]: game_actor render_comp init.
[2025.07.02 03:34:45.659 ms]:[INFO]:[PSAG_PHYSICS]: phy_world => body_data, name: ZPGamePhysics
[2025.07.02 03:34:45.659 ms]:[INFO]:[PSAG_PHYSICS]: body_data(dynamic) item: alloc key: 1569305860688
[2025.07.02 03:34:45.659 ms]:[INFO]:[PSAG_ACTOR_CORE]: game_actor entity create: 156
[2025.07.02 03:34:45.781 ms]:[INFO]:[PSAG_PHYSICS]: phy_world => body_data, name: ZPGamePhysics
[2025.07.02 03:34:45.781 ms]:[INFO]:[PSAG_PHYSICS]: body_data item: delete key: 1569304335952
[2025.07.02 03:34:45.781 ms]:[INFO]:[PSAG_ACTOR_CORE]: game_actor entity delete: 144
[2025.07.02 03:34:45.809 ms]:[INFO]:[PSAG_TOOL_NOTFIY]: station receive pair: PPActor/PPActorBullet, data_size: 12 bytes
[2025.07.02 03:34:45.809 ms]:[INFO]:[PSAG_ACTOR_CORE]: game_actor get textures: 1
[2025.07.02 03:34:45.809 ms]:[INFO]:[PSAG_ACTOR_CORE]: game_actor render_comp init.
[2025.07.02 03:34:45.809 ms]:[INFO]:[PSAG_PHYSICS]: phy_world => body_data, name: ZPGamePhysics
[2025.07.02 03:34:45.809 ms]:[INFO]:[PSAG_PHYSICS]: body_data(dynamic) item: alloc key: 1569305857664
[2025.07.02 03:34:45.809 ms]:[INFO]:[PSAG_ACTOR_CORE]: game_actor entity create: 158
[2025.07.02 03:34:45.956 ms]:[INFO]:[PSAG_PHYSICS]: phy_world => body_data, name: ZPGamePhysics
[2025.07.02 03:34:45.956 ms]:[INFO]:[PSAG_PHYSICS]: body_data item: delete key: 1569304336144
[2025.07.02 03:34:45.956 ms]:[INFO]:[PSAG_ACTOR_CORE]: game_actor entity delete: 148
[2025.07.02 03:34:46.009 ms]:[INFO]:[PSAG_TOOL_NOTFIY]: station receive pair: PPActor/PPActorBullet, data_size: 12 bytes
[2025.07.02 03:34:46.010 ms]:[INFO]:[PSAG_ACTOR_CORE]: game_actor get textures: 1
[2025.07.02 03:34:46.010 ms]:[INFO]:[PSAG_ACTOR_CORE]: game_actor render_comp init.
[2025.07.02 03:34:46.010 ms]:[INFO]:[PSAG_PHYSICS]: phy_world => body_data, name: ZPGamePhysics
[2025.07.02 03:34:46.010 ms]:[INFO]:[PSAG_PHYSICS]: body_data(dynamic) item: alloc key: 1569305860016
[2025.07.02 03:34:46.010 ms]:[INFO]:[PSAG_ACTOR_CORE]: game_actor entity create: 160
[2025.07.02 03:34:46.475 ms]:[INFO]:[PSAG_PHYSICS]: phy_world => body_data, name: ZPGamePhysics
[2025.07.02 03:34:46.475 ms]:[INFO]:[PSAG_PHYSICS]: body_data item: delete key: 1569304336336
[2025.07.02 03:34:46.476 ms]:[INFO]:[PSAG_ACTOR_CORE]: game_actor entity delete: 150
[2025.07.02 03:34:46.508 ms]:[INFO]:[PSAG_TOOL_NOTFIY]: station receive pair: PPActor/PPActorBullet, data_size: 12 bytes
[2025.07.02 03:34:46.510 ms]:[INFO]:[PSAG_ACTOR_CORE]: game_actor get textures: 1
[2025.07.02 03:34:46.510 ms]:[INFO]:[PSAG_ACTOR_CORE]: game_actor render_comp init.
[2025.07.02 03:34:46.510 ms]:[INFO]:[PSAG_PHYSICS]: phy_world => body_data, name: ZPGamePhysics
[2025.07.02 03:34:46.510 ms]:[INFO]:[PSAG_PHYSICS]: body_data(dynamic) item: alloc key: 1569305854304
[2025.07.02 03:34:46.510 ms]:[INFO]:[PSAG_ACTOR_CORE]: game_actor entity create: 162
[2025.07.02 03:34:46.660 ms]:[INFO]:[PSAG_PHYSICS]: phy_world => body_data, name: ZPGamePhysics
[2025.07.02 03:34:46.660 ms]:[INFO]:[PSAG_PHYSICS]: body_data item: delete key: 1569304336528
[2025.07.02 03:34:46.660 ms]:[INFO]:[PSAG_ACTOR_CORE]: game_actor entity delete: 154
[2025.07.02 03:34:46.708 ms]:[INFO]:[PSAG_TOOL_NOTFIY]: station receive pair: PPActor/PPActorBullet, data_size: 12 bytes
[2025.07.02 03:34:46.708 ms]:[INFO]:[PSAG_ACTOR_CORE]: game_actor get textures: 1
[2025.07.02 03:34:46.708 ms]:[INFO]:[PSAG_ACTOR_CORE]: game_actor render_comp init.
[2025.07.02 03:34:46.708 ms]:[INFO]:[PSAG_PHYSICS]: phy_world => body_data, name: ZPGamePhysics
[2025.07.02 03:34:46.708 ms]:[INFO]:[PSAG_PHYSICS]: body_data(dynamic) item: alloc key: 1569305858336
[2025.07.02 03:34:46.708 ms]:[INFO]:[PSAG_ACTOR_CORE]: game_actor entity create: 164
[2025.07.02 03:34:47.286 ms]:[INFO]:[PSAG_PHYSICS]: phy_world => body_data, name: ZPGamePhysics
[2025.07.02 03:34:47.286 ms]:[INFO]:[PSAG_PHYSICS]: body_data item: delete key: 1569304336720
[2025.07.02 03:34:47.287 ms]:[INFO]:[PSAG_ACTOR_CORE]: game_actor entity delete: 156
[2025.07.02 03:34:47.309 ms]:[INFO]:[PSAG_TOOL_NOTFIY]: station receive pair: PPActor/PPActorBullet, data_size: 12 bytes
[2025.07.02 03:34:47.309 ms]:[INFO]:[PSAG_ACTOR_CORE]: game_actor get textures: 1
[2025.07.02 03:34:47.309 ms]:[INFO]:[PSAG_ACTOR_CORE]: game_actor render_comp init.
[2025.07.02 03:34:47.310 ms]:[INFO]:[PSAG_PHYSICS]: phy_world => body_data, name: ZPGamePhysics
[2025.07.02 03:34:47.310 ms]:[INFO]:[PSAG_PHYSICS]: body_data(dynamic) item: alloc key: 1569305860352
[2025.07.02 03:34:47.310 ms]:[INFO]:[PSAG_ACTOR_CORE]: game_actor entity create: 166
[2025.07.02 03:34:47.397 ms]:[INFO]:[PSAG_PHYSICS]: phy_world => body_data, name: ZPGamePhysics
[2025.07.02 03:34:47.397 ms]:[INFO]:[PSAG_PHYSICS]: body_data item: delete key: 1569304336144
[2025.07.02 03:34:47.397 ms]:[INFO]:[PSAG_ACTOR_CORE]: game_actor entity delete: 160
[2025.07.02 03:34:47.408 ms]:[INFO]:[PSAG_TOOL_NOTFIY]: station receive pair: PPActor/PPActorBullet, data_size: 12 bytes
[2025.07.02 03:34:47.408 ms]:[INFO]:[PSAG_ACTOR_CORE]: game_actor get textures: 1
[2025.07.02 03:34:47.408 ms]:[INFO]:[PSAG_ACTOR_CORE]: game_actor render_comp init.
[2025.07.02 03:34:47.408 ms]:[INFO]:[PSAG_PHYSICS]: phy_world => body_data, name: ZPGamePhysics
[2025.07.02 03:34:47.408 ms]:[INFO]:[PSAG_PHYSICS]: body_data(dynamic) item: alloc key: 1569305861696
[2025.07.02 03:34:47.409 ms]:[INFO]:[PSAG_ACTOR_CORE]: game_actor entity create: 168
[2025.07.02 03:34:47.474 ms]:[INFO]:[PSAG_PHYSICS]: phy_world => body_data, name: ZPGamePhysics
[2025.07.02 03:34:47.474 ms]:[INFO]:[PSAG_PHYSICS]: body_data item: delete key: 1569304335952
[2025.07.02 03:34:47.474 ms]:[INFO]:[PSAG_ACTOR_CORE]: game_actor entity delete: 158
[2025.07.02 03:34:47.509 ms]:[INFO]:[PSAG_TOOL_NOTFIY]: station receive pair: PPActor/PPActorBullet, data_size: 12 bytes
[2025.07.02 03:34:47.509 ms]:[INFO]:[PSAG_ACTOR_CORE]: game_actor get textures: 1
[2025.07.02 03:34:47.509 ms]:[INFO]:[PSAG_ACTOR_CORE]: game_actor render_comp init.
[2025.07.02 03:34:47.509 ms]:[INFO]:[PSAG_PHYSICS]: phy_world => body_data, name: ZPGamePhysics
[2025.07.02 03:34:47.509 ms]:[INFO]:[PSAG_PHYSICS]: body_data(dynamic) item: alloc key: 1569305856992
[2025.07.02 03:34:47.509 ms]:[INFO]:[PSAG_ACTOR_CORE]: game_actor entity create: 170
[2025.07.02 03:34:47.873 ms]:[INFO]:[PSAG_PHYSICS]: phy_world => body_data, name: ZPGamePhysics
[2025.07.02 03:34:47.873 ms]:[INFO]:[PSAG_PHYSICS]: body_data item: delete key: 1569304336336
[2025.07.02 03:34:47.873 ms]:[INFO]:[PSAG_ACTOR_CORE]: game_actor entity delete: 162
[2025.07.02 03:34:47.909 ms]:[INFO]:[PSAG_TOOL_NOTFIY]: station receive pair: PPActor/PPActorBullet, data_size: 12 bytes
[2025.07.02 03:34:47.910 ms]:[INFO]:[PSAG_ACTOR_CORE]: game_actor get textures: 1
[2025.07.02 03:34:47.910 ms]:[INFO]:[PSAG_ACTOR_CORE]: game_actor render_comp init.
[2025.07.02 03:34:47.910 ms]:[INFO]:[PSAG_PHYSICS]: phy_world => body_data, name: ZPGamePhysics
[2025.07.02 03:34:47.910 ms]:[INFO]:[PSAG_PHYSICS]: body_data(dynamic) item: alloc key: 1569305860688
[2025.07.02 03:34:47.910 ms]:[INFO]:[PSAG_ACTOR_CORE]: game_actor entity create: 172
[2025.07.02 03:34:48.414 ms]:[INFO]:[PSAG_PHYSICS]: phy_world => body_data, name: ZPGamePhysics
[2025.07.02 03:34:48.414 ms]:[INFO]:[PSAG_PHYSICS]: body_data item: delete key: 1569304336528
[2025.07.02 03:34:48.414 ms]:[INFO]:[PSAG_ACTOR_CORE]: game_actor entity delete: 164
[2025.07.02 03:34:48.457 ms]:[INFO]:[PSAG_TOOL_NOTFIY]: station receive pair: PPActor/PPActorBullet, data_size: 12 bytes
[2025.07.02 03:34:48.458 ms]:[INFO]:[PSAG_ACTOR_CORE]: game_actor get textures: 1
[2025.07.02 03:34:48.458 ms]:[INFO]:[PSAG_ACTOR_CORE]: game_actor render_comp init.
[2025.07.02 03:34:48.458 ms]:[INFO]:[PSAG_PHYSICS]: phy_world => body_data, name: ZPGamePhysics
[2025.07.02 03:34:48.458 ms]:[INFO]:[PSAG_PHYSICS]: body_data(dynamic) item: alloc key: 1569305854640
[2025.07.02 03:34:48.458 ms]:[INFO]:[PSAG_ACTOR_CORE]: game_actor entity create: 174
[2025.07.02 03:34:48.544 ms]:[INFO]:[PSAG_PHYSICS]: phy_world => body_data, name: ZPGamePhysics
[2025.07.02 03:34:48.544 ms]:[INFO]:[PSAG_PHYSICS]: body_data item: delete key: 1569304336720
[2025.07.02 03:34:48.544 ms]:[INFO]:[PSAG_ACTOR_CORE]: game_actor entity delete: 166
[2025.07.02 03:34:48.557 ms]:[INFO]:[PSAG_TOOL_NOTFIY]: station receive pair: PPActor/PPActorBullet, data_size: 12 bytes
[2025.07.02 03:34:48.558 ms]:[INFO]:[PSAG_ACTOR_CORE]: game_actor get textures: 1
[2025.07.02 03:34:48.558 ms]:[INFO]:[PSAG_ACTOR_CORE]: game_actor render_comp init.
[2025.07.02 03:34:48.558 ms]:[INFO]:[PSAG_PHYSICS]: phy_world => body_data, name: ZPGamePhysics
[2025.07.02 03:34:48.558 ms]:[INFO]:[PSAG_PHYSICS]: body_data(dynamic) item: alloc key: 1569305859344
[2025.07.02 03:34:48.558 ms]:[INFO]:[PSAG_ACTOR_CORE]: game_actor entity create: 176
[2025.07.02 03:34:48.606 ms]:[INFO]:[PSAG_PHYSICS]: phy_world => body_data, name: ZPGamePhysics
[2025.07.02 03:34:48.606 ms]:[INFO]:[PSAG_PHYSICS]: body_data item: delete key: 1569304335952
[2025.07.02 03:34:48.606 ms]:[INFO]:[PSAG_ACTOR_CORE]: game_actor entity delete: 170
[2025.07.02 03:34:48.659 ms]:[INFO]:[PSAG_TOOL_NOTFIY]: station receive pair: PPActor/PPActorBullet, data_size: 12 bytes
[2025.07.02 03:34:48.659 ms]:[INFO]:[PSAG_ACTOR_CORE]: game_actor get textures: 1
[2025.07.02 03:34:48.659 ms]:[INFO]:[PSAG_ACTOR_CORE]: game_actor render_comp init.
[2025.07.02 03:34:48.659 ms]:[INFO]:[PSAG_PHYSICS]: phy_world => body_data, name: ZPGamePhysics
[2025.07.02 03:34:48.659 ms]:[INFO]:[PSAG_PHYSICS]: body_data(dynamic) item: alloc key: 1569305855648
[2025.07.02 03:34:48.659 ms]:[INFO]:[PSAG_ACTOR_CORE]: game_actor entity create: 178
[2025.07.02 03:34:48.862 ms]:[INFO]:[PSAG_PHYSICS]: phy_world => body_data, name: ZPGamePhysics
[2025.07.02 03:34:48.862 ms]:[INFO]:[PSAG_PHYSICS]: body_data item: delete key: 1569304336144
[2025.07.02 03:34:48.862 ms]:[INFO]:[PSAG_ACTOR_CORE]: game_actor entity delete: 168
[2025.07.02 03:34:48.908 ms]:[INFO]:[PSAG_TOOL_NOTFIY]: station receive pair: PPActor/PPActorBullet, data_size: 12 bytes
[2025.07.02 03:34:48.909 ms]:[INFO]:[PSAG_ACTOR_CORE]: game_actor get textures: 1
[2025.07.02 03:34:48.909 ms]:[INFO]:[PSAG_ACTOR_CORE]: game_actor render_comp init.
[2025.07.02 03:34:48.909 ms]:[INFO]:[PSAG_PHYSICS]: phy_world => body_data, name: ZPGamePhysics
[2025.07.02 03:34:48.909 ms]:[INFO]:[PSAG_PHYSICS]: body_data(dynamic) item: alloc key: 1569305858672
[2025.07.02 03:34:48.909 ms]:[INFO]:[PSAG_ACTOR_CORE]: game_actor entity create: 180
[2025.07.02 03:34:49.245 ms]:[INFO]:[PSAG_PHYSICS]: phy_world => body_data, name: ZPGamePhysics
[2025.07.02 03:34:49.245 ms]:[INFO]:[PSAG_PHYSICS]: body_data item: delete key: 1569304336336
[2025.07.02 03:34:49.245 ms]:[INFO]:[PSAG_ACTOR_CORE]: game_actor entity delete: 172
[2025.07.02 03:34:49.258 ms]:[INFO]:[PSAG_TOOL_NOTFIY]: station receive pair: PPActor/PPActorBullet, data_size: 12 bytes
[2025.07.02 03:34:49.259 ms]:[INFO]:[PSAG_ACTOR_CORE]: game_actor get textures: 1
[2025.07.02 03:34:49.259 ms]:[INFO]:[PSAG_ACTOR_CORE]: game_actor render_comp init.
[2025.07.02 03:34:49.260 ms]:[INFO]:[PSAG_PHYSICS]: phy_world => body_data, name: ZPGamePhysics
[2025.07.02 03:34:49.260 ms]:[INFO]:[PSAG_PHYSICS]: body_data(dynamic) item: alloc key: 1569305857328
[2025.07.02 03:34:49.260 ms]:[INFO]:[PSAG_ACTOR_CORE]: game_actor entity create: 182
[2025.07.02 03:34:49.830 ms]:[INFO]:[PSAG_PHYSICS]: phy_world => body_data, name: ZPGamePhysics
[2025.07.02 03:34:49.830 ms]:[INFO]:[PSAG_PHYSICS]: body_data item: delete key: 1569304336720
[2025.07.02 03:34:49.830 ms]:[INFO]:[PSAG_ACTOR_CORE]: game_actor entity delete: 176
[2025.07.02 03:34:49.858 ms]:[INFO]:[PSAG_TOOL_NOTFIY]: station receive pair: PPActor/PPActorBullet, data_size: 12 bytes
[2025.07.02 03:34:49.858 ms]:[INFO]:[PSAG_ACTOR_CORE]: game_actor get textures: 1
[2025.07.02 03:34:49.858 ms]:[INFO]:[PSAG_ACTOR_CORE]: game_actor render_comp init.
[2025.07.02 03:34:49.858 ms]:[INFO]:[PSAG_PHYSICS]: phy_world => body_data, name: ZPGamePhysics
[2025.07.02 03:34:49.858 ms]:[INFO]:[PSAG_PHYSICS]: body_data(dynamic) item: alloc key: 1569305859008
[2025.07.02 03:34:49.858 ms]:[INFO]:[PSAG_ACTOR_CORE]: game_actor entity create: 184
[2025.07.02 03:34:49.898 ms]:[INFO]:[PSAG_PHYSICS]: phy_world => body_data, name: ZPGamePhysics
[2025.07.02 03:34:49.898 ms]:[INFO]:[PSAG_PHYSICS]: body_data item: delete key: 1569304336528
[2025.07.02 03:34:49.898 ms]:[INFO]:[PSAG_ACTOR_CORE]: game_actor entity delete: 174
[2025.07.02 03:34:49.908 ms]:[INFO]:[PSAG_TOOL_NOTFIY]: station receive pair: PPActor/PPActorBullet, data_size: 12 bytes
[2025.07.02 03:34:49.908 ms]:[INFO]:[PSAG_ACTOR_CORE]: game_actor get textures: 1
[2025.07.02 03:34:49.908 ms]:[INFO]:[PSAG_ACTOR_CORE]: game_actor render_comp init.
[2025.07.02 03:34:49.908 ms]:[INFO]:[PSAG_PHYSICS]: phy_world => body_data, name: ZPGamePhysics
[2025.07.02 03:34:49.908 ms]:[INFO]:[PSAG_PHYSICS]: body_data(dynamic) item: alloc key: 1569305861360
[2025.07.02 03:34:49.908 ms]:[INFO]:[PSAG_ACTOR_CORE]: game_actor entity create: 186
[2025.07.02 03:34:50.347 ms]:[INFO]:[PSAG_PHYSICS]: phy_world => body_data, name: ZPGamePhysics
[2025.07.02 03:34:50.347 ms]:[INFO]:[PSAG_PHYSICS]: body_data item: delete key: 1569304336720
[2025.07.02 03:34:50.347 ms]:[INFO]:[PSAG_ACTOR_CORE]: game_actor entity delete: 184
[2025.07.02 03:34:50.359 ms]:[INFO]:[PSAG_TOOL_NOTFIY]: station receive pair: PPActor/PPActorBullet, data_size: 12 bytes
[2025.07.02 03:34:50.359 ms]:[INFO]:[PSAG_ACTOR_CORE]: game_actor get textures: 1
[2025.07.02 03:34:50.359 ms]:[INFO]:[PSAG_ACTOR_CORE]: game_actor render_comp init.
[2025.07.02 03:34:50.359 ms]:[INFO]:[PSAG_PHYSICS]: phy_world => body_data, name: ZPGamePhysics
[2025.07.02 03:34:50.359 ms]:[INFO]:[PSAG_PHYSICS]: body_data(dynamic) item: alloc key: 1569305860352
[2025.07.02 03:34:50.359 ms]:[INFO]:[PSAG_ACTOR_CORE]: game_actor entity create: 188
[2025.07.02 03:34:50.379 ms]:[INFO]:[PSAG_PHYSICS]: phy_world => body_data, name: ZPGamePhysics
[2025.07.02 03:34:50.379 ms]:[INFO]:[PSAG_PHYSICS]: body_data item: delete key: 1569304335952
[2025.07.02 03:34:50.379 ms]:[INFO]:[PSAG_ACTOR_CORE]: game_actor entity delete: 178
[2025.07.02 03:34:50.409 ms]:[INFO]:[PSAG_TOOL_NOTFIY]: station receive pair: PPActor/PPActorBullet, data_size: 12 bytes
[2025.07.02 03:34:50.409 ms]:[INFO]:[PSAG_ACTOR_CORE]: game_actor get textures: 1
[2025.07.02 03:34:50.409 ms]:[INFO]:[PSAG_ACTOR_CORE]: game_actor render_comp init.
[2025.07.02 03:34:50.409 ms]:[INFO]:[PSAG_PHYSICS]: phy_world => body_data, name: ZPGamePhysics
[2025.07.02 03:34:50.409 ms]:[INFO]:[PSAG_PHYSICS]: body_data(dynamic) item: alloc key: 1569305861696
[2025.07.02 03:34:50.409 ms]:[INFO]:[PSAG_ACTOR_CORE]: game_actor entity create: 190
[2025.07.02 03:34:50.531 ms]:[INFO]:[PSAG_PHYSICS]: phy_world => body_data, name: ZPGamePhysics
[2025.07.02 03:34:50.531 ms]:[INFO]:[PSAG_PHYSICS]: body_data item: delete key: 1569304336144
[2025.07.02 03:34:50.531 ms]:[INFO]:[PSAG_ACTOR_CORE]: game_actor entity delete: 180
[2025.07.02 03:34:50.559 ms]:[INFO]:[PSAG_TOOL_NOTFIY]: station receive pair: PPActor/PPActorBullet, data_size: 12 bytes
[2025.07.02 03:34:50.560 ms]:[INFO]:[PSAG_ACTOR_CORE]: game_actor get textures: 1
[2025.07.02 03:34:50.560 ms]:[INFO]:[PSAG_ACTOR_CORE]: game_actor render_comp init.
[2025.07.02 03:34:50.560 ms]:[INFO]:[PSAG_PHYSICS]: phy_world => body_data, name: ZPGamePhysics
[2025.07.02 03:34:50.560 ms]:[INFO]:[PSAG_PHYSICS]: body_data(dynamic) item: alloc key: 1569305854304
[2025.07.02 03:34:50.560 ms]:[INFO]:[PSAG_ACTOR_CORE]: game_actor entity create: 192
[2025.07.02 03:34:51.009 ms]:[INFO]:[PSAG_PHYSICS]: phy_world => body_data, name: ZPGamePhysics
[2025.07.02 03:34:51.009 ms]:[INFO]:[PSAG_PHYSICS]: body_data item: delete key: 1569304336336
[2025.07.02 03:34:51.009 ms]:[INFO]:[PSAG_ACTOR_CORE]: game_actor entity delete: 182
[2025.07.02 03:34:51.058 ms]:[INFO]:[PSAG_TOOL_NOTFIY]: station receive pair: PPActor/PPActorBullet, data_size: 12 bytes
[2025.07.02 03:34:51.058 ms]:[INFO]:[PSAG_ACTOR_CORE]: game_actor get textures: 1
[2025.07.02 03:34:51.058 ms]:[INFO]:[PSAG_ACTOR_CORE]: game_actor render_comp init.
[2025.07.02 03:34:51.058 ms]:[INFO]:[PSAG_PHYSICS]: phy_world => body_data, name: ZPGamePhysics
[2025.07.02 03:34:51.058 ms]:[INFO]:[PSAG_PHYSICS]: body_data(dynamic) item: alloc key: 1569305854640
[2025.07.02 03:34:51.058 ms]:[INFO]:[PSAG_ACTOR_CORE]: game_actor entity create: 194
[2025.07.02 03:34:51.407 ms]:[INFO]:[PSAG_PHYSICS]: phy_world => body_data, name: ZPGamePhysics
[2025.07.02 03:34:51.407 ms]:[INFO]:[PSAG_PHYSICS]: body_data item: delete key: 1569304336528
[2025.07.02 03:34:51.407 ms]:[INFO]:[PSAG_ACTOR_CORE]: game_actor entity delete: 186
[2025.07.02 03:34:51.458 ms]:[INFO]:[PSAG_TOOL_NOTFIY]: station receive pair: PPActor/PPActorBullet, data_size: 12 bytes
[2025.07.02 03:34:51.459 ms]:[INFO]:[PSAG_ACTOR_CORE]: game_actor get textures: 1
[2025.07.02 03:34:51.459 ms]:[INFO]:[PSAG_ACTOR_CORE]: game_actor render_comp init.
[2025.07.02 03:34:51.459 ms]:[INFO]:[PSAG_PHYSICS]: phy_world => body_data, name: ZPGamePhysics
[2025.07.02 03:34:51.459 ms]:[INFO]:[PSAG_PHYSICS]: body_data(dynamic) item: alloc key: 1569305859344
[2025.07.02 03:34:51.459 ms]:[INFO]:[PSAG_ACTOR_CORE]: game_actor entity create: 196
[2025.07.02 03:34:51.735 ms]:[INFO]:[PSAG_PHYSICS]: phy_world => body_data, name: ZPGamePhysics
[2025.07.02 03:34:51.735 ms]:[INFO]:[PSAG_PHYSICS]: body_data item: delete key: 1569304335952
[2025.07.02 03:34:51.735 ms]:[INFO]:[PSAG_ACTOR_CORE]: game_actor entity delete: 190
[2025.07.02 03:34:51.759 ms]:[INFO]:[PSAG_TOOL_NOTFIY]: station receive pair: PPActor/PPActorBullet, data_size: 12 bytes
[2025.07.02 03:34:51.759 ms]:[INFO]:[PSAG_ACTOR_CORE]: game_actor get textures: 1
[2025.07.02 03:34:51.759 ms]:[INFO]:[PSAG_ACTOR_CORE]: game_actor render_comp init.
[2025.07.02 03:34:51.759 ms]:[INFO]:[PSAG_PHYSICS]: phy_world => body_data, name: ZPGamePhysics
[2025.07.02 03:34:51.759 ms]:[INFO]:[PSAG_PHYSICS]: body_data(dynamic) item: alloc key: 1569305861360
[2025.07.02 03:34:51.759 ms]:[INFO]:[PSAG_ACTOR_CORE]: game_actor entity create: 198
[2025.07.02 03:34:51.789 ms]:[INFO]:[PSAG_PHYSICS]: phy_world => body_data, name: ZPGamePhysics
[2025.07.02 03:34:51.789 ms]:[INFO]:[PSAG_PHYSICS]: body_data item: delete key: 1569304336720
[2025.07.02 03:34:51.789 ms]:[INFO]:[PSAG_ACTOR_CORE]: game_actor entity delete: 188
[2025.07.02 03:34:51.808 ms]:[INFO]:[PSAG_TOOL_NOTFIY]: station receive pair: PPActor/PPActorBullet, data_size: 12 bytes
[2025.07.02 03:34:51.808 ms]:[INFO]:[PSAG_ACTOR_CORE]: game_actor get textures: 1
[2025.07.02 03:34:51.808 ms]:[INFO]:[PSAG_ACTOR_CORE]: game_actor render_comp init.
[2025.07.02 03:34:51.808 ms]:[INFO]:[PSAG_PHYSICS]: phy_world => body_data, name: ZPGamePhysics
[2025.07.02 03:34:51.808 ms]:[INFO]:[PSAG_PHYSICS]: body_data(dynamic) item: alloc key: 1569305854976
[2025.07.02 03:34:51.808 ms]:[INFO]:[PSAG_ACTOR_CORE]: game_actor entity create: 200
[2025.07.02 03:34:51.972 ms]:[INFO]:[PSAG_PHYSICS]: phy_world => body_data, name: ZPGamePhysics
[2025.07.02 03:34:51.972 ms]:[INFO]:[PSAG_PHYSICS]: body_data item: delete key: 1569304336144
[2025.07.02 03:34:51.972 ms]:[INFO]:[PSAG_ACTOR_CORE]: game_actor entity delete: 192
[2025.07.02 03:34:52.009 ms]:[INFO]:[PSAG_TOOL_NOTFIY]: station receive pair: PPActor/PPActorBullet, data_size: 12 bytes
[2025.07.02 03:34:52.010 ms]:[INFO]:[PSAG_ACTOR_CORE]: game_actor get textures: 1
[2025.07.02 03:34:52.010 ms]:[INFO]:[PSAG_ACTOR_CORE]: game_actor render_comp init.
[2025.07.02 03:34:52.010 ms]:[INFO]:[PSAG_PHYSICS]: phy_world => body_data, name: ZPGamePhysics
[2025.07.02 03:34:52.010 ms]:[INFO]:[PSAG_PHYSICS]: body_data(dynamic) item: alloc key: 1569305854304
[2025.07.02 03:34:52.010 ms]:[INFO]:[PSAG_ACTOR_CORE]: game_actor entity create: 202
[2025.07.02 03:34:52.348 ms]:[INFO]:[PSAG_PHYSICS]: phy_world => body_data, name: ZPGamePhysics
[2025.07.02 03:34:52.348 ms]:[INFO]:[PSAG_PHYSICS]: body_data item: delete key: 1569304336336
[2025.07.02 03:34:52.348 ms]:[INFO]:[PSAG_ACTOR_CORE]: game_actor entity delete: 194
[2025.07.02 03:34:52.359 ms]:[INFO]:[PSAG_TOOL_NOTFIY]: station receive pair: PPActor/PPActorBullet, data_size: 12 bytes
[2025.07.02 03:34:52.360 ms]:[INFO]:[PSAG_ACTOR_CORE]: game_actor get textures: 1
[2025.07.02 03:34:52.360 ms]:[INFO]:[PSAG_ACTOR_CORE]: game_actor render_comp init.
[2025.07.02 03:34:52.360 ms]:[INFO]:[PSAG_PHYSICS]: phy_world => body_data, name: ZPGamePhysics
[2025.07.02 03:34:52.360 ms]:[INFO]:[PSAG_PHYSICS]: body_data(dynamic) item: alloc key: 1569305856992
[2025.07.02 03:34:52.360 ms]:[INFO]:[PSAG_ACTOR_CORE]: game_actor entity create: 204
[2025.07.02 03:34:52.903 ms]:[INFO]:[PSAG_PHYSICS]: phy_world => body_data, name: ZPGamePhysics
[2025.07.02 03:34:52.904 ms]:[INFO]:[PSAG_PHYSICS]: body_data item: delete key: 1569304336528
[2025.07.02 03:34:52.904 ms]:[INFO]:[PSAG_ACTOR_CORE]: game_actor entity delete: 196
[2025.07.02 03:34:52.908 ms]:[INFO]:[PSAG_TOOL_NOTFIY]: station receive pair: PPActor/PPActorBullet, data_size: 12 bytes
[2025.07.02 03:34:52.908 ms]:[INFO]:[PSAG_ACTOR_CORE]: game_actor get textures: 1
[2025.07.02 03:34:52.908 ms]:[INFO]:[PSAG_ACTOR_CORE]: game_actor render_comp init.
[2025.07.02 03:34:52.908 ms]:[INFO]:[PSAG_PHYSICS]: phy_world => body_data, name: ZPGamePhysics
[2025.07.02 03:34:52.908 ms]:[INFO]:[PSAG_PHYSICS]: body_data(dynamic) item: alloc key: 1569305857664
[2025.07.02 03:34:52.908 ms]:[INFO]:[PSAG_ACTOR_CORE]: game_actor entity create: 206
[2025.07.02 03:34:53.141 ms]:[INFO]:[PSAG_PHYSICS]: phy_world => body_data, name: ZPGamePhysics
[2025.07.02 03:34:53.141 ms]:[INFO]:[PSAG_PHYSICS]: body_data item: delete key: 1569304335952
[2025.07.02 03:34:53.141 ms]:[INFO]:[PSAG_ACTOR_CORE]: game_actor entity delete: 198
[2025.07.02 03:34:53.157 ms]:[INFO]:[PSAG_TOOL_NOTFIY]: station receive pair: PPActor/PPActorBullet, data_size: 12 bytes
[2025.07.02 03:34:53.159 ms]:[INFO]:[PSAG_ACTOR_CORE]: game_actor get textures: 1
[2025.07.02 03:34:53.159 ms]:[INFO]:[PSAG_ACTOR_CORE]: game_actor render_comp init.
[2025.07.02 03:34:53.159 ms]:[INFO]:[PSAG_PHYSICS]: phy_world => body_data, name: ZPGamePhysics
[2025.07.02 03:34:53.159 ms]:[INFO]:[PSAG_PHYSICS]: body_data(dynamic) item: alloc key: 1569305861360
[2025.07.02 03:34:53.159 ms]:[INFO]:[PSAG_ACTOR_CORE]: game_actor entity create: 208
[2025.07.02 03:34:53.490 ms]:[INFO]:[PSAG_PHYSICS]: phy_world => body_data, name: ZPGamePhysics
[2025.07.02 03:34:53.490 ms]:[INFO]:[PSAG_PHYSICS]: body_data item: delete key: 1569304336720
[2025.07.02 03:34:53.490 ms]:[INFO]:[PSAG_ACTOR_CORE]: game_actor entity delete: 200
[2025.07.02 03:34:53.508 ms]:[INFO]:[PSAG_TOOL_NOTFIY]: station receive pair: PPActor/PPActorBullet, data_size: 12 bytes
[2025.07.02 03:34:53.510 ms]:[INFO]:[PSAG_ACTOR_CORE]: game_actor get textures: 1
[2025.07.02 03:34:53.510 ms]:[INFO]:[PSAG_ACTOR_CORE]: game_actor render_comp init.
[2025.07.02 03:34:53.510 ms]:[INFO]:[PSAG_PHYSICS]: phy_world => body_data, name: ZPGamePhysics
[2025.07.02 03:34:53.510 ms]:[INFO]:[PSAG_PHYSICS]: body_data(dynamic) item: alloc key: 1569305855312
[2025.07.02 03:34:53.510 ms]:[INFO]:[PSAG_ACTOR_CORE]: game_actor entity create: 210
[2025.07.02 03:34:53.546 ms]:[INFO]:[PSAG_PHYSICS]: phy_world => body_data, name: ZPGamePhysics
[2025.07.02 03:34:53.546 ms]:[INFO]:[PSAG_PHYSICS]: body_data item: delete key: 1569304336144
[2025.07.02 03:34:53.546 ms]:[INFO]:[PSAG_ACTOR_CORE]: game_actor entity delete: 202
[2025.07.02 03:34:53.559 ms]:[INFO]:[PSAG_TOOL_NOTFIY]: station receive pair: PPActor/PPActorBullet, data_size: 12 bytes
[2025.07.02 03:34:53.560 ms]:[INFO]:[PSAG_ACTOR_CORE]: game_actor get textures: 1
[2025.07.02 03:34:53.560 ms]:[INFO]:[PSAG_ACTOR_CORE]: game_actor render_comp init.
[2025.07.02 03:34:53.560 ms]:[INFO]:[PSAG_PHYSICS]: phy_world => body_data, name: ZPGamePhysics
[2025.07.02 03:34:53.560 ms]:[INFO]:[PSAG_PHYSICS]: body_data(dynamic) item: alloc key: 1569305860688
[2025.07.02 03:34:53.560 ms]:[INFO]:[PSAG_ACTOR_CORE]: game_actor entity create: 212
[2025.07.02 03:34:54.119 ms]:[INFO]:[PSAG_PHYSICS]: phy_world => body_data, name: ZPGamePhysics
[2025.07.02 03:34:54.119 ms]:[INFO]:[PSAG_PHYSICS]: body_data item: delete key: 1569304336336
[2025.07.02 03:34:54.119 ms]:[INFO]:[PSAG_ACTOR_CORE]: game_actor entity delete: 204
[2025.07.02 03:34:54.157 ms]:[INFO]:[PSAG_TOOL_NOTFIY]: station receive pair: PPActor/PPActorBullet, data_size: 12 bytes
[2025.07.02 03:34:54.158 ms]:[INFO]:[PSAG_ACTOR_CORE]: game_actor get textures: 1
[2025.07.02 03:34:54.158 ms]:[INFO]:[PSAG_ACTOR_CORE]: game_actor render_comp init.
[2025.07.02 03:34:54.158 ms]:[INFO]:[PSAG_PHYSICS]: phy_world => body_data, name: ZPGamePhysics
[2025.07.02 03:34:54.158 ms]:[INFO]:[PSAG_PHYSICS]: body_data(dynamic) item: alloc key: 1569305856992
[2025.07.02 03:34:54.158 ms]:[INFO]:[PSAG_ACTOR_CORE]: game_actor entity create: 214
[2025.07.02 03:34:54.219 ms]:[INFO]:[PSAG_PHYSICS]: phy_world => body_data, name: ZPGamePhysics
[2025.07.02 03:34:54.219 ms]:[INFO]:[PSAG_PHYSICS]: body_data item: delete key: 1569304336528
[2025.07.02 03:34:54.220 ms]:[INFO]:[PSAG_ACTOR_CORE]: game_actor entity delete: 206
[2025.07.02 03:34:54.259 ms]:[INFO]:[PSAG_TOOL_NOTFIY]: station receive pair: PPActor/PPActorBullet, data_size: 12 bytes
[2025.07.02 03:34:54.259 ms]:[INFO]:[PSAG_ACTOR_CORE]: game_actor get textures: 1
[2025.07.02 03:34:54.259 ms]:[INFO]:[PSAG_ACTOR_CORE]: game_actor render_comp init.
[2025.07.02 03:34:54.259 ms]:[INFO]:[PSAG_PHYSICS]: phy_world => body_data, name: ZPGamePhysics
[2025.07.02 03:34:54.259 ms]:[INFO]:[PSAG_PHYSICS]: body_data(dynamic) item: alloc key: 1569305855648
[2025.07.02 03:34:54.259 ms]:[INFO]:[PSAG_ACTOR_CORE]: game_actor entity create: 216
[2025.07.02 03:34:54.749 ms]:[INFO]:[PSAG_PHYSICS]: phy_world => body_data, name: ZPGamePhysics
[2025.07.02 03:34:54.749 ms]:[INFO]:[PSAG_PHYSICS]: body_data item: delete key: 1569304335952
[2025.07.02 03:34:54.749 ms]:[INFO]:[PSAG_ACTOR_CORE]: game_actor entity delete: 208
[2025.07.02 03:34:54.759 ms]:[INFO]:[PSAG_TOOL_NOTFIY]: station receive pair: PPActor/PPActorBullet, data_size: 12 bytes
[2025.07.02 03:34:54.759 ms]:[INFO]:[PSAG_ACTOR_CORE]: game_actor get textures: 1
[2025.07.02 03:34:54.759 ms]:[INFO]:[PSAG_ACTOR_CORE]: game_actor render_comp init.
[2025.07.02 03:34:54.759 ms]:[INFO]:[PSAG_PHYSICS]: phy_world => body_data, name: ZPGamePhysics
[2025.07.02 03:34:54.759 ms]:[INFO]:[PSAG_PHYSICS]: body_data(dynamic) item: alloc key: 1569305861024
[2025.07.02 03:34:54.759 ms]:[INFO]:[PSAG_ACTOR_CORE]: game_actor entity create: 218
[2025.07.02 03:34:54.909 ms]:[INFO]:[PSAG_PHYSICS]: phy_world => body_data, name: ZPGamePhysics
[2025.07.02 03:34:54.909 ms]:[INFO]:[PSAG_PHYSICS]: body_data item: delete key: 1569304336144
[2025.07.02 03:34:54.909 ms]:[INFO]:[PSAG_ACTOR_CORE]: game_actor entity delete: 212
[2025.07.02 03:34:54.958 ms]:[INFO]:[PSAG_TOOL_NOTFIY]: station receive pair: PPActor/PPActorBullet, data_size: 12 bytes
[2025.07.02 03:34:54.959 ms]:[INFO]:[PSAG_ACTOR_CORE]: game_actor get textures: 1
[2025.07.02 03:34:54.959 ms]:[INFO]:[PSAG_ACTOR_CORE]: game_actor render_comp init.
[2025.07.02 03:34:54.959 ms]:[INFO]:[PSAG_PHYSICS]: phy_world => body_data, name: ZPGamePhysics
[2025.07.02 03:34:54.959 ms]:[INFO]:[PSAG_PHYSICS]: body_data(dynamic) item: alloc key: 1569305861360
[2025.07.02 03:34:54.960 ms]:[INFO]:[PSAG_ACTOR_CORE]: game_actor entity create: 220
[2025.07.02 03:34:55.022 ms]:[INFO]:[PSAG_PHYSICS]: phy_world => body_data, name: ZPGamePhysics
[2025.07.02 03:34:55.022 ms]:[INFO]:[PSAG_PHYSICS]: body_data item: delete key: 1569304336720
[2025.07.02 03:34:55.022 ms]:[INFO]:[PSAG_ACTOR_CORE]: game_actor entity delete: 210
[2025.07.02 03:34:55.059 ms]:[INFO]:[PSAG_TOOL_NOTFIY]: station receive pair: PPActor/PPActorBullet, data_size: 12 bytes
[2025.07.02 03:34:55.060 ms]:[INFO]:[PSAG_ACTOR_CORE]: game_actor get textures: 1
[2025.07.02 03:34:55.060 ms]:[INFO]:[PSAG_ACTOR_CORE]: game_actor render_comp init.
[2025.07.02 03:34:55.060 ms]:[INFO]:[PSAG_PHYSICS]: phy_world => body_data, name: ZPGamePhysics
[2025.07.02 03:34:55.060 ms]:[INFO]:[PSAG_PHYSICS]: body_data(dynamic) item: alloc key: 1569305854976
[2025.07.02 03:34:55.060 ms]:[INFO]:[PSAG_ACTOR_CORE]: game_actor entity create: 222
[2025.07.02 03:34:55.505 ms]:[INFO]:[PSAG_PHYSICS]: phy_world => body_data, name: ZPGamePhysics
[2025.07.02 03:34:55.505 ms]:[INFO]:[PSAG_PHYSICS]: body_data item: delete key: 1569304336336
[2025.07.02 03:34:55.505 ms]:[INFO]:[PSAG_ACTOR_CORE]: game_actor entity delete: 214
[2025.07.02 03:34:55.510 ms]:[INFO]:[PSAG_TOOL_NOTFIY]: station receive pair: PPActor/PPActorBullet, data_size: 12 bytes
[2025.07.02 03:34:55.511 ms]:[INFO]:[PSAG_ACTOR_CORE]: game_actor get textures: 1
[2025.07.02 03:34:55.511 ms]:[INFO]:[PSAG_ACTOR_CORE]: game_actor render_comp init.
[2025.07.02 03:34:55.511 ms]:[INFO]:[PSAG_PHYSICS]: phy_world => body_data, name: ZPGamePhysics
[2025.07.02 03:34:55.511 ms]:[INFO]:[PSAG_PHYSICS]: body_data(dynamic) item: alloc key: 1569305858672
[2025.07.02 03:34:55.511 ms]:[INFO]:[PSAG_ACTOR_CORE]: game_actor entity create: 224
[2025.07.02 03:34:55.916 ms]:[INFO]:[PSAG_PHYSICS]: phy_world => body_data, name: ZPGamePhysics
[2025.07.02 03:34:55.917 ms]:[INFO]:[PSAG_PHYSICS]: body_data item: delete key: 1569304336528
[2025.07.02 03:34:55.917 ms]:[INFO]:[PSAG_ACTOR_CORE]: game_actor entity delete: 216
[2025.07.02 03:34:56.455 ms]:[INFO]:[PSAG_PHYSICS]: phy_world => body_data, name: ZPGamePhysics
[2025.07.02 03:34:56.455 ms]:[INFO]:[PSAG_PHYSICS]: body_data item: delete key: 1569304335952
[2025.07.02 03:34:56.455 ms]:[INFO]:[PSAG_ACTOR_CORE]: game_actor entity delete: 218
[2025.07.02 03:34:56.598 ms]:[INFO]:[PSAG_OGL_RES]: rbo: delete key: 38
[2025.07.02 03:34:56.598 ms]:[INFO]:[PSAG_OGL_RES]: fbo: delete key: 48
[2025.07.02 03:34:56.598 ms]:[INFO]:[PSAG_OGL_RES]: fbo: delete key: 50
[2025.07.02 03:34:56.598 ms]:[INFO]:[PSAG_OGL_RES]: fbo: delete key: 46
[2025.07.02 03:34:56.598 ms]:[INFO]:[PSAG_OGL_RES]: fbo: delete key: 42
[2025.07.02 03:34:56.598 ms]:[TRACE]:[PSAG_OGL_RES]: tmu delete(space): 5
[2025.07.02 03:34:56.598 ms]:[INFO]:[PSAG_OGL_RES]: texture: delete key: 40
[2025.07.02 03:34:56.598 ms]:[INFO]:[PSAG_OGL_RES]: shader: delete key: 30
[2025.07.02 03:34:56.598 ms]:[INFO]:[PSAG_OGL_RES]: shader: delete key: 32
[2025.07.02 03:34:56.598 ms]:[INFO]:[PSAG_OGL_RES]: shader: delete key: 34
[2025.07.02 03:34:56.598 ms]:[INFO]:[PSAG_OGL_RES]: shader: delete key: 26
[2025.07.02 03:34:56.598 ms]:[INFO]:[PSAG_GL_POST]: graphics_engine free post_shader(system).
[2025.07.02 03:34:56.598 ms]:[INFO]:[PSAG_PHYSICS]: phy_world => body_data, name: ZPGamePhysics
[2025.07.02 03:34:56.598 ms]:[INFO]:[PSAG_PHYSICS]: body_data item: delete key: 1569304334416
[2025.07.02 03:34:56.598 ms]:[INFO]:[PSAG_ENVMT_CORE]: game_envmt item delete: 76
[2025.07.02 03:34:56.598 ms]:[INFO]:[PSAG_PHYSICS]: phy_world => body_data, name: ZPGamePhysics
[2025.07.02 03:34:56.598 ms]:[INFO]:[PSAG_PHYSICS]: body_data item: delete key: 1569304333648
[2025.07.02 03:34:56.598 ms]:[INFO]:[PSAG_ENVMT_CORE]: game_envmt item delete: 68
[2025.07.02 03:34:56.598 ms]:[INFO]:[PSAG_PHYSICS]: phy_world => body_data, name: ZPGamePhysics
[2025.07.02 03:34:56.598 ms]:[INFO]:[PSAG_PHYSICS]: body_data item: delete key: 1569304333840
[2025.07.02 03:34:56.598 ms]:[INFO]:[PSAG_ENVMT_CORE]: game_envmt item delete: 70
[2025.07.02 03:34:56.598 ms]:[INFO]:[PSAG_PHYSICS]: phy_world => body_data, name: ZPGamePhysics
[2025.07.02 03:34:56.598 ms]:[INFO]:[PSAG_PHYSICS]: body_data item: delete key: 1569304334032
[2025.07.02 03:34:56.598 ms]:[INFO]:[PSAG_ENVMT_CORE]: game_envmt item delete: 72
[2025.07.02 03:34:56.598 ms]:[INFO]:[PSAG_PHYSICS]: phy_world => body_data, name: ZPGamePhysics
[2025.07.02 03:34:56.598 ms]:[INFO]:[PSAG_PHYSICS]: body_data item: delete key: 1569304334224
[2025.07.02 03:34:56.598 ms]:[INFO]:[PSAG_ENVMT_CORE]: game_envmt item delete: 74
[2025.07.02 03:34:56.599 ms]:[INFO]:[PSAG_GAMECORE_MAG]: game_envmt manager system delete.
[2025.07.02 03:34:56.599 ms]:[INFO]:[PSAG_GL_DATASET]: layers_manager delete_count(space): 0
[2025.07.02 03:34:56.599 ms]:[INFO]:[PSAG_GL_DATASET]: vir_texture item: delete key: 52
[2025.07.02 03:34:56.599 ms]:[INFO]:[PSAG_OGL_RES]: shader: delete key: 60
[2025.07.02 03:34:56.599 ms]:[INFO]:[PSAG_ACTOR_CORE]: game_actor shader delete.
[2025.07.02 03:34:56.599 ms]:[INFO]:[PSAG_OGL_RES]: shader: delete key: 56
[2025.07.02 03:34:56.599 ms]:[INFO]:[PSAG_ACTOR_CORE]: game_actor shader delete.
[2025.07.02 03:34:56.599 ms]:[INFO]:[PSAG_GL_DATASET]: layers_manager delete_count(space): 1
[2025.07.02 03:34:56.599 ms]:[INFO]:[PSAG_GL_DATASET]: vir_texture item: delete key: 54
[2025.07.02 03:34:56.599 ms]:[INFO]:[PSAG_OGL_RES]: shader: delete key: 64
[2025.07.02 03:34:56.599 ms]:[INFO]:[PSAG_ACTOR_CORE]: game_actor shader delete.
[2025.07.02 03:34:56.599 ms]:[INFO]:[PSAG_GAMECORE_MAG]: actor_shader manager system delete.
[2025.07.02 03:34:56.599 ms]:[INFO]:[PSAG_PHYSICS]: phy_world => body_data, name: ZPGamePhysics
[2025.07.02 03:34:56.599 ms]:[INFO]:[PSAG_PHYSICS]: body_data item: delete key: 1569304334608
[2025.07.02 03:34:56.599 ms]:[INFO]:[PSAG_ACTOR_CORE]: game_actor entity delete: 90
[2025.07.02 03:34:56.599 ms]:[INFO]:[PSAG_GL_DATASET]: layers_manager delete_count(space): 0
[2025.07.02 03:34:56.599 ms]:[INFO]:[PSAG_GL_DATASET]: vir_texture item: delete key: 78
[2025.07.02 03:34:56.599 ms]:[INFO]:[PSAG_OGL_RES]: shader: delete key: 82
[2025.07.02 03:34:56.599 ms]:[INFO]:[PSAG_ACTOR_CORE]: game_actor shader delete.
[2025.07.02 03:34:56.599 ms]:[INFO]:[PSAG_GL_DATASET]: layers_manager delete_count(space): 1
[2025.07.02 03:34:56.599 ms]:[INFO]:[PSAG_GL_DATASET]: vir_texture item: delete key: 80
[2025.07.02 03:34:56.599 ms]:[INFO]:[PSAG_OGL_RES]: shader: delete key: 86
[2025.07.02 03:34:56.599 ms]:[INFO]:[PSAG_ACTOR_CORE]: game_actor shader delete.
[2025.07.02 03:34:56.600 ms]:[INFO]:[PSAG_GAMECORE_MAG]: actor_shader manager system delete.
[2025.07.02 03:34:56.600 ms]:[INFO]:[PSAG_GL_DATASET]: layers_manager delete_count(space): 0
[2025.07.02 03:34:56.600 ms]:[INFO]:[PSAG_GL_DATASET]: vir_texture item: delete key: 104
[2025.07.02 03:34:56.600 ms]:[INFO]:[PSAG_OGL_RES]: shader: delete key: 108
[2025.07.02 03:34:56.600 ms]:[INFO]:[PSAG_ACTOR_CORE]: game_actor shader delete.
[2025.07.02 03:34:56.600 ms]:[INFO]:[PSAG_GL_DATASET]: layers_manager delete_count(space): 0
[2025.07.02 03:34:56.600 ms]:[INFO]:[PSAG_GL_DATASET]: vir_texture item: delete key: 106
[2025.07.02 03:34:56.600 ms]:[INFO]:[PSAG_OGL_RES]: shader: delete key: 112
[2025.07.02 03:34:56.600 ms]:[INFO]:[PSAG_ACTOR_CORE]: game_actor shader delete.
[2025.07.02 03:34:56.600 ms]:[INFO]:[PSAG_GAMECORE_MAG]: actor_shader manager system delete.
[2025.07.02 03:34:56.600 ms]:[INFO]:[PSAG_PHYSICS]: phy_world => body_data, name: ZPGamePhysics
[2025.07.02 03:34:56.600 ms]:[INFO]:[PSAG_PHYSICS]: body_data item: delete key: 1569304336336
[2025.07.02 03:34:56.600 ms]:[INFO]:[PSAG_ACTOR_CORE]: game_actor entity delete: 224
[2025.07.02 03:34:56.600 ms]:[INFO]:[PSAG_PHYSICS]: phy_world => body_data, name: ZPGamePhysics
[2025.07.02 03:34:56.600 ms]:[INFO]:[PSAG_PHYSICS]: body_data item: delete key: 1569304336720
[2025.07.02 03:34:56.600 ms]:[INFO]:[PSAG_ACTOR_CORE]: game_actor entity delete: 222
[2025.07.02 03:34:56.600 ms]:[INFO]:[PSAG_PHYSICS]: phy_world => body_data, name: ZPGamePhysics
[2025.07.02 03:34:56.600 ms]:[INFO]:[PSAG_PHYSICS]: body_data item: delete key: 1569304336144
[2025.07.02 03:34:56.600 ms]:[INFO]:[PSAG_ACTOR_CORE]: game_actor entity delete: 220
[2025.07.02 03:34:56.600 ms]:[INFO]:[PSAG_GAMECORE_MAG]: game_actor manager system delete.
[2025.07.02 03:34:56.600 ms]:[INFO]:[PSAG_GL_PVFX]: psag_fx image_view system free.
[2025.07.02 03:34:56.600 ms]:[INFO]:[PSAG_GL_PVFX]: psag_fx image_view system free.
[2025.07.02 03:34:56.600 ms]:[INFO]:[PSAG_GL_PVFX]: psag_fx image_view system free.
[2025.07.02 03:34:56.600 ms]:[INFO]:[PSAG_GL_PVFX]: psag_fx image_view system free.
[2025.07.02 03:34:56.600 ms]:[INFO]:[PSAG_GL_PVFX]: psag_fx image_view system free.
[2025.07.02 03:34:56.600 ms]:[INFO]:[PSAG_GL_PVFX]: psag_fx image_view system free.
[2025.07.02 03:34:56.600 ms]:[INFO]:[PSAG_OGL_RES]: vao: delete key: 4
[2025.07.02 03:34:56.601 ms]:[INFO]:[PSAG_OGL_RES]: vbo: delete key: 6
[2025.07.02 03:34:56.601 ms]:[INFO]:[PSAG_OGL_RES]: vao: delete key: 8
[2025.07.02 03:34:56.601 ms]:[INFO]:[PSAG_OGL_RES]: vbo: delete key: 10
[2025.07.02 03:34:56.601 ms]:[TRACE]:[PSAG_OGL_RES]: tmu delete(space): 1
[2025.07.02 03:34:56.601 ms]:[TRACE]:[PSAG_OGL_RES]: tmu delete(space): 2
[2025.07.02 03:34:56.601 ms]:[TRACE]:[PSAG_OGL_RES]: tmu delete(space): 3
[2025.07.02 03:34:56.601 ms]:[TRACE]:[PSAG_OGL_RES]: tmu delete(space): 4
[2025.07.02 03:34:56.627 ms]:[INFO]:[PSAG_OGL_RES]: texture: delete key: 16
[2025.07.02 03:34:56.641 ms]:[INFO]:[PSAG_OGL_RES]: texture: delete key: 18
[2025.07.02 03:34:56.648 ms]:[INFO]:[PSAG_OGL_RES]: texture: delete key: 20
[2025.07.02 03:34:56.650 ms]:[INFO]:[PSAG_OGL_RES]: texture: delete key: 22
[2025.07.02 03:34:56.868 ms]:[TRACE]:[PSAG_AUDIO]: audio(openal) global free_context & close_device.
[2025.07.02 03:34:56.868 ms]:[INFO]:[PSAG_PHYSICS]: physics_world item: free_bodies: 0, delete key: DEFAULT_PHY_WORLD
[2025.07.02 03:34:56.871 ms]:[INFO]:[PSAG_IMGUI]: imgui_free: imgui_opengl3 context.
[2025.07.02 03:34:56.871 ms]:[TRACE]:[PSAG_AUDIO_DATA]: free resource(raw_audio): 0 bytes
[2025.07.02 03:34:56.871 ms]:[INFO]:[PSAG_AUDIO_DATA]: LLRES static_object() delete.
[2025.07.02 03:34:56.871 ms]:[TRACE]:[PSAG_OGL_RES]: free resource(shader): 2 items
[2025.07.02 03:34:56.871 ms]:[TRACE]:[PSAG_OGL_RES]: free resource(texture): 0 items
[2025.07.02 03:34:56.872 ms]:[TRACE]:[PSAG_OGL_RES]: free resource(vertex_buffer): 0 items
[2025.07.02 03:34:56.872 ms]:[TRACE]:[PSAG_OGL_RES]: free resource(vertex_attribute): 0 items
[2025.07.02 03:34:56.873 ms]:[TRACE]:[PSAG_OGL_RES]: free resource(frame_buffer): 1 items
[2025.07.02 03:34:56.873 ms]:[TRACE]:[PSAG_OGL_RES]: free resource(render_buffer): 0 items
[2025.07.02 03:34:56.873 ms]:[TRACE]:[PSAG_OGL_RES]: free resource(uniform_buffer): 1 items
[2025.07.02 03:34:56.873 ms]:[INFO]:[PSAG_LLRES]: graph static_object(graphics) delete.
[2025.07.02 03:34:56.896 ms]:[INFO]:[PSAG_WINDOW]: fw_window free: glfw context.
[2025.07.02 03:34:57.211 ms]:[TRACE]:[PSAG_M_MAINEVENT]: async_events execution end.
[2025.07.02 03:34:57.211 ms]:[INFO]:[PSAG_M_START]: free framework ret_code: 1
