[2025.07.02 04:06:16.601 ms]:[INFO]:[PSAG_LOGGER]: start thread success.
[2025.07.02 04:06:16.602 ms]:[INFO]:[PSAG_M_START]: core_start objects(frm) total: only
[2025.07.02 04:06:16.602 ms]:[INFO]:[PSAG_M_START]: core_start objects(net) total: 0
[2025.07.02 04:06:16.602 ms]:[INFO]:[PSAG_M_START]: core_start objects(ext) total: 0
[2025.07.02 04:06:16.602 ms]:[INFO]:[PSAG_LOGGER]: create log_file: PSAGameSystemLogs/993305387167900.log
[2025.07.02 04:06:16.602 ms]:[TRACE]:[PSAG_M_MAINEVENT]: async_event add item_id: 190613285520
[2025.07.02 04:06:16.602 ms]:[INFO]:[PSAG_M_MAINEVENT]: async_events executing...
[2025.07.02 04:06:16.602 ms]:[INFO]:[PSAG_FILESYS_LOAD]: load(src) read_file: PSAGameFrameworkCore/framework_config.json read_size: 463
[2025.07.02 04:06:16.602 ms]:[INFO]:[PSAG_FILESYS_LOAD]: load(src) read_file: PSAGameFrameworkCore/framework_config_shaders.json read_size: 1329
[2025.07.02 04:06:16.603 ms]:[INFO]:[PSAG_FILESYS_LOAD]: load(src) read_file: PSAGameFrameworkCore/CoreShaderScript/public/psag_graph_template_actor.vert read_size: 984
[2025.07.02 04:06:16.603 ms]:[INFO]:[PSAG_FILESYS_LOAD]: load(src) read_file: PSAGameFrameworkCore/CoreShaderScript/public/psag_graph_template.vert read_size: 737
[2025.07.02 04:06:16.603 ms]:[INFO]:[PSAG_FILESYS_LOAD]: load(src) read_file: PSAGameFrameworkCore/CoreShaderScript/public/psag_graph_tools.frag read_size: 933
[2025.07.02 04:06:16.603 ms]:[INFO]:[PSAG_FILESYS_LOAD]: load(src) read_file: PSAGameFrameworkCore/CoreShaderScript/public/psag_graph_header.frag read_size: 202
[2025.07.02 04:06:16.603 ms]:[INFO]:[PSAG_FILESYS_LOAD]: load(src) read_file: PSAGameFrameworkCore/CoreShaderScript/private/psag_graph_final_vollight.frag read_size: 1670
[2025.07.02 04:06:16.603 ms]:[INFO]:[PSAG_FILESYS_LOAD]: load(src) read_file: PSAGameFrameworkCore/CoreShaderScript/private/psag_graph_final_multfilter.frag read_size: 356
[2025.07.02 04:06:16.603 ms]:[INFO]:[PSAG_FILESYS_LOAD]: load(src) read_file: PSAGameFrameworkCore/CoreShaderScript/private/psag_graph_final_blurh.frag read_size: 783
[2025.07.02 04:06:16.603 ms]:[INFO]:[PSAG_FILESYS_LOAD]: load(src) read_file: PSAGameFrameworkCore/CoreShaderScript/private/psag_graph_final_blurv.frag read_size: 778
[2025.07.02 04:06:16.604 ms]:[INFO]:[PSAG_FILESYS_LOAD]: load(src) read_file: PSAGameFrameworkCore/CoreShaderScript/private/psag_graph_final.frag read_size: 1243
[2025.07.02 04:06:16.604 ms]:[INFO]:[PSAG_FILESYS_LOAD]: load(src) read_file: PSAGameFrameworkCore/CoreShaderScript/private/psag_graph_background.frag read_size: 1107
[2025.07.02 04:06:16.604 ms]:[INFO]:[PSAG_FILESYS_LOAD]: load(src) read_file: PSAGameFrameworkCore/CoreShaderScript/private/psag_graph_particle.frag read_size: 1255
[2025.07.02 04:06:16.604 ms]:[INFO]:[PSAG_FILESYS_LOAD]: load(src) read_file: PSAGameFrameworkCore/CoreShaderScript/private/psag_graph_fx_sequence.frag read_size: 543
[2025.07.02 04:06:16.604 ms]:[INFO]:[PSAG_GL_GLSL]: graphics_engine config system_glsl.
[2025.07.02 04:06:16.604 ms]:[TRACE]:[PSAG_M_CORE]: core framework init,config...
[2025.07.02 04:06:16.645 ms]:[INFO]:[PSAG_WINDOW]: init opengl_glfw.
[2025.07.02 04:06:16.982 ms]:[WARNING]:[PSAG_WINDOW]: <F:\PSAFrameworkProject\PSAGameFramework\PSAGameFramework\PSAGameFrameworkCore\LLWindowGui\framework_window_system.cpp:__LINE__> failed fw_window load: icon_image.
[2025.07.02 04:06:17.040 ms]:[INFO]:[PSAG_OGL_INIT]: framework_graphics logger function_ptr: 810c969d
[2025.07.02 04:06:17.040 ms]:[INFO]:[PSAG_OGL_INIT]: framework_graphics shader gl_version: 
[2025.07.02 04:06:17.043 ms]:[TRACE]:[PSAG_OGL_INIT]: framework_graphics config init...
[2025.07.02 04:06:17.043 ms]:[INFO]:[PSAG_OGL_INFORMATION]: device gpu supplier: NVIDIA Corporation
[2025.07.02 04:06:17.043 ms]:[INFO]:[PSAG_OGL_INFORMATION]: device gpu model: NVIDIA GeForce RTX 4060 Laptop GPU/PCIe/SSE2
[2025.07.02 04:06:17.043 ms]:[INFO]:[PSAG_OGL_INFORMATION]: device version opengl: 4.6.0 NVIDIA 576.57
[2025.07.02 04:06:17.043 ms]:[INFO]:[PSAG_OGL_INFORMATION]: device version glsl: 4.60 NVIDIA
[2025.07.02 04:06:17.043 ms]:[PERF]:[PSAG_OGL_INFORMATION]: device memory[capacity]: 8188.00 mib
[2025.07.02 04:06:17.043 ms]:[INFO]:[PSAG_OGL_INFORMATION]: device (vao)attribs_max units: 16 entry
[2025.07.02 04:06:17.043 ms]:[INFO]:[PSAG_OGL_INFORMATION]: device (vbo)buffer_max units: 4096 entry
[2025.07.02 04:06:17.043 ms]:[INFO]:[PSAG_OGL_INFORMATION]: device [tmu]texture_max units: 32 entry
[2025.07.02 04:06:17.044 ms]:[INFO]:[PSAG_OGL_INFORMATION]: device (vert)uniform_max items: 4096
[2025.07.02 04:06:17.044 ms]:[INFO]:[PSAG_OGL_INFORMATION]: device (frag)uniform_max items: 4096
[2025.07.02 04:06:17.044 ms]:[INFO]:[PSAG_LLRES]: graph static_object(graphics) create.
[2025.07.02 04:06:17.044 ms]:[INFO]:[PSAG_AUDIO_DATA]: LLRES static_object() create.
[2025.07.02 04:06:17.044 ms]:[INFO]:[PSAG_OGL_RES]: vao: storage key: 4
[2025.07.02 04:06:17.044 ms]:[INFO]:[PSAG_OGL_RES]: vbo: storage key: 6
[2025.07.02 04:06:17.044 ms]:[TRACE]:[PSAG_GL_DATASET]: dynamic vertex data manager_create.
[2025.07.02 04:06:17.044 ms]:[INFO]:[PSAG_OGL_RES]: vao: storage key: 8
[2025.07.02 04:06:17.044 ms]:[INFO]:[PSAG_OGL_RES]: vbo: storage key: 10
[2025.07.02 04:06:17.044 ms]:[INFO]:[PSAG_GL_DATASET]: ver_data(stc) upload gpu_data: 72 bytes
[2025.07.02 04:06:17.044 ms]:[INFO]:[PSAG_GL_DATASET]: ver_data(stc) item: alloc key: 12
[2025.07.02 04:06:17.045 ms]:[INFO]:[PSAG_GL_DATASET]: preset craete: rectangle.
[2025.07.02 04:06:17.045 ms]:[INFO]:[PSAG_GL_DATASET]: ver_data(stc) upload gpu_data: 2868 bytes
[2025.07.02 04:06:17.045 ms]:[INFO]:[PSAG_GL_DATASET]: ver_data(stc) item: alloc key: 14
[2025.07.02 04:06:17.045 ms]:[INFO]:[PSAG_GL_DATASET]: preset craete: circle.
[2025.07.02 04:06:17.045 ms]:[TRACE]:[PSAG_GL_DATASET]: static vertex data manager_create.
[2025.07.02 04:06:17.046 ms]:[TRACE]:[PSAG_OGL_RES]: tmu alloc u: 1
[2025.07.02 04:06:17.046 ms]:[TRACE]:[PSAG_OGL_RES]: tmu alloc u: 2
[2025.07.02 04:06:17.046 ms]:[TRACE]:[PSAG_OGL_RES]: tmu alloc u: 3
[2025.07.02 04:06:17.046 ms]:[TRACE]:[PSAG_OGL_RES]: tmu alloc u: 4
[2025.07.02 04:06:17.046 ms]:[INFO]:[PSAG_OGL_TEXTURE]: texture.2d(array) object create.
[2025.07.02 04:06:17.046 ms]:[INFO]:[PSAG_OGL_TEXTURE]: texture create, succ: size: 4096 x 4096, layers: 5.
[2025.07.02 04:06:17.046 ms]:[INFO]:[PSAG_OGL_TEXTURE]: texture.2d(array) object create.
[2025.07.02 04:06:17.046 ms]:[INFO]:[PSAG_OGL_TEXTURE]: texture create, succ: size: 2048 x 2048, layers: 10.
[2025.07.02 04:06:17.046 ms]:[INFO]:[PSAG_OGL_TEXTURE]: texture.2d(array) object create.
[2025.07.02 04:06:17.046 ms]:[INFO]:[PSAG_OGL_TEXTURE]: texture create, succ: size: 1024 x 1024, layers: 20.
[2025.07.02 04:06:17.046 ms]:[INFO]:[PSAG_OGL_TEXTURE]: texture.2d(array) object create.
[2025.07.02 04:06:17.046 ms]:[INFO]:[PSAG_OGL_TEXTURE]: texture create, succ: size: 512 x 512, layers: 25.
[2025.07.02 04:06:17.046 ms]:[INFO]:[PSAG_OGL_RES]: texture: storage key: 16
[2025.07.02 04:06:17.046 ms]:[INFO]:[PSAG_OGL_RES]: texture: storage key: 18
[2025.07.02 04:06:17.047 ms]:[INFO]:[PSAG_OGL_RES]: texture: storage key: 20
[2025.07.02 04:06:17.047 ms]:[INFO]:[PSAG_OGL_RES]: texture: storage key: 22
[2025.07.02 04:06:17.047 ms]:[TRACE]:[PSAG_GL_DATASET]: vir_create texture[8x] size: 4096 x 4096
[2025.07.02 04:06:17.047 ms]:[TRACE]:[PSAG_GL_DATASET]: vir_create texture[4x] size: 2048 x 2048
[2025.07.02 04:06:17.047 ms]:[TRACE]:[PSAG_GL_DATASET]: vir_create texture[2x] size: 1024 x 1024
[2025.07.02 04:06:17.047 ms]:[TRACE]:[PSAG_GL_DATASET]: vir_create texture[1x] size: 512 x 512
[2025.07.02 04:06:17.047 ms]:[INFO]:[PSAG_OGL_UNIFORM]: uniform_buffer.gen create.
[2025.07.02 04:06:17.047 ms]:[INFO]:[PSAG_OGL_RES]: ubo: storage key: 24
[2025.07.02 04:06:17.047 ms]:[INFO]:[PSAG_GL_MATRIX]: graphics_engine create matrix ubo.
[2025.07.02 04:06:18.206 ms]:[TRACE]:[PSAG_AUDIO]: audio(openal) global create device & context.
[2025.07.02 04:06:18.206 ms]:[INFO]:[PSAG_PHYSICS]: physics_world item: alloc key: DEFAULT_PHY_WORLD
[2025.07.02 04:06:18.207 ms]:[INFO]:[PSAG_OGL_SHADER]: vertex_shader source script num: 1
[2025.07.02 04:06:18.207 ms]:[INFO]:[PSAG_OGL_SHADER]: vertex compilation succeeded.
[2025.07.02 04:06:18.207 ms]:[INFO]:[PSAG_OGL_SHADER]: fragment_shader source script num: 2
[2025.07.02 04:06:18.207 ms]:[INFO]:[PSAG_OGL_SHADER]: fragment compilation succeeded.
[2025.07.02 04:06:18.208 ms]:[INFO]:[PSAG_OGL_SHADER]: shader_program link succeeded.
[2025.07.02 04:06:18.208 ms]:[INFO]:[PSAG_OGL_RES]: shader: storage key: 26
[2025.07.02 04:06:18.209 ms]:[INFO]:[PSAG_OGL_SHADER]: vertex_shader source script num: 1
[2025.07.02 04:06:18.209 ms]:[INFO]:[PSAG_OGL_SHADER]: vertex compilation succeeded.
[2025.07.02 04:06:18.209 ms]:[INFO]:[PSAG_OGL_SHADER]: fragment_shader source script num: 2
[2025.07.02 04:06:18.209 ms]:[INFO]:[PSAG_OGL_SHADER]: fragment compilation succeeded.
[2025.07.02 04:06:18.210 ms]:[INFO]:[PSAG_OGL_SHADER]: shader_program link succeeded.
[2025.07.02 04:06:18.210 ms]:[INFO]:[PSAG_OGL_RES]: shader: storage key: 28
[2025.07.02 04:06:18.210 ms]:[INFO]:[PSAG_OGL_SHADER]: vertex_shader source script num: 1
[2025.07.02 04:06:18.210 ms]:[INFO]:[PSAG_OGL_SHADER]: vertex compilation succeeded.
[2025.07.02 04:06:18.211 ms]:[INFO]:[PSAG_OGL_SHADER]: fragment_shader source script num: 3
[2025.07.02 04:06:18.211 ms]:[INFO]:[PSAG_OGL_SHADER]: fragment compilation succeeded.
[2025.07.02 04:06:18.211 ms]:[INFO]:[PSAG_OGL_SHADER]: shader_program link succeeded.
[2025.07.02 04:06:18.211 ms]:[INFO]:[PSAG_OGL_RES]: shader: storage key: 30
[2025.07.02 04:06:18.212 ms]:[INFO]:[PSAG_OGL_SHADER]: vertex_shader source script num: 1
[2025.07.02 04:06:18.212 ms]:[INFO]:[PSAG_OGL_SHADER]: vertex compilation succeeded.
[2025.07.02 04:06:18.212 ms]:[INFO]:[PSAG_OGL_SHADER]: fragment_shader source script num: 3
[2025.07.02 04:06:18.212 ms]:[INFO]:[PSAG_OGL_SHADER]: fragment compilation succeeded.
[2025.07.02 04:06:18.213 ms]:[INFO]:[PSAG_OGL_SHADER]: shader_program link succeeded.
[2025.07.02 04:06:18.213 ms]:[INFO]:[PSAG_OGL_RES]: shader: storage key: 32
[2025.07.02 04:06:18.213 ms]:[INFO]:[PSAG_OGL_SHADER]: vertex_shader source script num: 1
[2025.07.02 04:06:18.213 ms]:[INFO]:[PSAG_OGL_SHADER]: vertex compilation succeeded.
[2025.07.02 04:06:18.213 ms]:[INFO]:[PSAG_OGL_SHADER]: fragment_shader source script num: 3
[2025.07.02 04:06:18.213 ms]:[INFO]:[PSAG_OGL_SHADER]: fragment compilation succeeded.
[2025.07.02 04:06:18.214 ms]:[INFO]:[PSAG_OGL_SHADER]: shader_program link succeeded.
[2025.07.02 04:06:18.214 ms]:[INFO]:[PSAG_OGL_RES]: shader: storage key: 34
[2025.07.02 04:06:18.214 ms]:[INFO]:[PSAG_GL_DATASET]: ver_data(stc) upload gpu_data: 2940 bytes
[2025.07.02 04:06:18.214 ms]:[INFO]:[PSAG_GL_DATASET]: ver_data(stc) item: alloc key: 36
[2025.07.02 04:06:18.215 ms]:[INFO]:[PSAG_OGL_RENDER]: render_buffer object create.
[2025.07.02 04:06:18.215 ms]:[INFO]:[PSAG_OGL_RENDER]: render_buffer config depth.
[2025.07.02 04:06:18.215 ms]:[INFO]:[PSAG_OGL_RENDER]: alloc render_buffer 1680 x 945, size: 6.056 mib.
[2025.07.02 04:06:18.215 ms]:[INFO]:[PSAG_OGL_RES]: rbo: storage key: 38
[2025.07.02 04:06:18.215 ms]:[TRACE]:[PSAG_OGL_RES]: tmu alloc u: 5
[2025.07.02 04:06:18.215 ms]:[INFO]:[PSAG_OGL_TEXTURE]: texture.2d(array) object create.
[2025.07.02 04:06:18.215 ms]:[INFO]:[PSAG_OGL_TEXTURE]: texture create, succ: size: 1680 x 945, layers: 5.
[2025.07.02 04:06:18.215 ms]:[INFO]:[PSAG_OGL_RES]: texture: storage key: 40
[2025.07.02 04:06:18.216 ms]:[INFO]:[PSAG_OGL_FRAME]: frame_buffer object create.
[2025.07.02 04:06:18.222 ms]:[INFO]:[PSAG_OGL_RES]: fbo: storage key: 42
[2025.07.02 04:06:18.223 ms]:[INFO]:[PSAG_OGL_FRAME]: frame_buffer object create.
[2025.07.02 04:06:18.223 ms]:[INFO]:[PSAG_OGL_RES]: fbo: storage key: 44
[2025.07.02 04:06:18.223 ms]:[INFO]:[PSAG_OGL_FRAME]: frame_buffer object create.
[2025.07.02 04:06:18.223 ms]:[INFO]:[PSAG_OGL_RES]: fbo: storage key: 46
[2025.07.02 04:06:18.223 ms]:[INFO]:[PSAG_OGL_FRAME]: frame_buffer object create.
[2025.07.02 04:06:18.223 ms]:[INFO]:[PSAG_OGL_RES]: fbo: storage key: 48
[2025.07.02 04:06:18.224 ms]:[INFO]:[PSAG_OGL_FRAME]: frame_buffer object create.
[2025.07.02 04:06:18.224 ms]:[INFO]:[PSAG_OGL_RES]: fbo: storage key: 50
[2025.07.02 04:06:18.224 ms]:[INFO]:[PSAG_GL_POST]: graphics_engine create final_shader(system).
[2025.07.02 04:06:18.224 ms]:[INFO]:[PSAG_IMGUI]: imgui_read: fonts file: PSAGameSystemFiles/JetBrainsMonoBold.ttf
[2025.07.02 04:06:18.226 ms]:[INFO]:[PSAG_IMGUI]: imgui_init: imgui_opengl3 context.
[2025.07.02 04:06:18.226 ms]:[TRACE]:[PSAG_M_CORE]: registration ref_object name: ZPGameScene
[2025.07.02 04:06:18.226 ms]:[TRACE]:[PSAG_M_CORE]: registration ref_object name: ZPGamePActor
[2025.07.02 04:06:18.226 ms]:[TRACE]:[PSAG_M_CORE]: registration ref_object name: ZPGameBullet
[2025.07.02 04:06:18.226 ms]:[TRACE]:[PSAG_M_CORE]: registration ref_object name: ZPGameGui
[2025.07.02 04:06:18.227 ms]:[INFO]:[PSAG_PHYSICS]: physics_world item: alloc key: ZPGamePhysics
[2025.07.02 04:06:18.227 ms]:[INFO]:[PSAG_FILESYS_LOAD]: load(src) read_file: PSAGameFrameworkDev/GameZeroProject/GameMaterial/zpgame_wall_h.png read_size: 22012
[2025.07.02 04:06:18.227 ms]:[INFO]:[PSAG_FILESYS_LOAD]: load(src) read_file: PSAGameFrameworkDev/GameZeroProject/GameMaterial/zpgame_wall_v.png read_size: 44017
[2025.07.02 04:06:18.227 ms]:[INFO]:[PSAG_ACTOR_CORE]: game_actor shader create: 1680 x 945
[2025.07.02 04:06:18.228 ms]:[INFO]:[PSAG_ACTOR_CORE]: game_actor shader create: 1680 x 945
[2025.07.02 04:06:18.242 ms]:[INFO]:[PSAG_OGL_IMG]: success decode image: size: 4096 x 208, color_channel: 4
[2025.07.02 04:06:18.243 ms]:[INFO]:[PSAG_GL_DATASET]: layers_manager alloc_count: 0
[2025.07.02 04:06:18.289 ms]:[INFO]:[PSAG_GL_DATASET]: vir_texture: src: 4096 x 208, fmt_fill: 4096 x 4096
[2025.07.02 04:06:18.324 ms]:[INFO]:[PSAG_GL_DATASET]: vir_texture item: alloc key: 52, cropping: 1.00 x 0.05, res: 1x/1
[2025.07.02 04:06:18.331 ms]:[INFO]:[PSAG_ACTOR_CORE]: game_actor shader texture add, name: WallH
[2025.07.02 04:06:18.331 ms]:[INFO]:[PSAG_ACTOR_CORE]: game_actor shader create: 1680 x 945
[2025.07.02 04:06:18.344 ms]:[INFO]:[PSAG_OGL_IMG]: success decode image: size: 208 x 4096, color_channel: 4
[2025.07.02 04:06:18.345 ms]:[INFO]:[PSAG_GL_DATASET]: layers_manager alloc_count: 1
[2025.07.02 04:06:18.393 ms]:[INFO]:[PSAG_GL_DATASET]: vir_texture: src: 208 x 4096, fmt_fill: 4096 x 4096
[2025.07.02 04:06:18.428 ms]:[INFO]:[PSAG_GL_DATASET]: vir_texture item: alloc key: 54, cropping: 0.05 x 1.00, res: 1x/1
[2025.07.02 04:06:18.435 ms]:[INFO]:[PSAG_ACTOR_CORE]: game_actor shader texture add, name: WallV
[2025.07.02 04:06:18.436 ms]:[INFO]:[PSAG_ACTOR_CORE]: game_actor shader load textures: 0
[2025.07.02 04:06:18.436 ms]:[INFO]:[PSAG_OGL_SHADER]: vertex_shader source script num: 1
[2025.07.02 04:06:18.436 ms]:[INFO]:[PSAG_OGL_SHADER]: vertex compilation succeeded.
[2025.07.02 04:06:18.436 ms]:[INFO]:[PSAG_OGL_SHADER]: fragment_shader source script num: 2
[2025.07.02 04:06:18.436 ms]:[INFO]:[PSAG_OGL_SHADER]: fragment compilation succeeded.
[2025.07.02 04:06:18.436 ms]:[INFO]:[PSAG_OGL_SHADER]: shader_program link succeeded.
[2025.07.02 04:06:18.436 ms]:[INFO]:[PSAG_OGL_RES]: shader: storage key: 56
[2025.07.02 04:06:18.436 ms]:[INFO]:[PSAG_ACTOR_CORE]: game_actor shader default_res create.
[2025.07.02 04:06:18.436 ms]:[INFO]:[PSAG_ACTOR_CORE]: game_actor shader load textures: 1
[2025.07.02 04:06:18.436 ms]:[INFO]:[PSAG_OGL_SHADER]: vertex_shader source script num: 1
[2025.07.02 04:06:18.436 ms]:[INFO]:[PSAG_OGL_SHADER]: vertex compilation succeeded.
[2025.07.02 04:06:18.437 ms]:[INFO]:[PSAG_OGL_SHADER]: fragment_shader source script num: 3
[2025.07.02 04:06:18.437 ms]:[INFO]:[PSAG_OGL_SHADER]: fragment compilation succeeded.
[2025.07.02 04:06:18.437 ms]:[INFO]:[PSAG_OGL_SHADER]: shader_program link succeeded.
[2025.07.02 04:06:18.437 ms]:[INFO]:[PSAG_OGL_RES]: shader: storage key: 60
[2025.07.02 04:06:18.437 ms]:[INFO]:[PSAG_ACTOR_CORE]: game_actor shader default_res create.
[2025.07.02 04:06:18.437 ms]:[INFO]:[PSAG_ACTOR_CORE]: game_actor shader load textures: 1
[2025.07.02 04:06:18.437 ms]:[INFO]:[PSAG_OGL_SHADER]: vertex_shader source script num: 1
[2025.07.02 04:06:18.437 ms]:[INFO]:[PSAG_OGL_SHADER]: vertex compilation succeeded.
[2025.07.02 04:06:18.437 ms]:[INFO]:[PSAG_OGL_SHADER]: fragment_shader source script num: 3
[2025.07.02 04:06:18.437 ms]:[INFO]:[PSAG_OGL_SHADER]: fragment compilation succeeded.
[2025.07.02 04:06:18.437 ms]:[INFO]:[PSAG_OGL_SHADER]: shader_program link succeeded.
[2025.07.02 04:06:18.437 ms]:[INFO]:[PSAG_OGL_RES]: shader: storage key: 64
[2025.07.02 04:06:18.437 ms]:[INFO]:[PSAG_ACTOR_CORE]: game_actor shader default_res create.
[2025.07.02 04:06:18.437 ms]:[INFO]:[PSAG_ENVMT_CORE]: game_envmt get textures: 1
[2025.07.02 04:06:18.437 ms]:[INFO]:[PSAG_ENVMT_CORE]: game_envmt render_comp init.
[2025.07.02 04:06:18.437 ms]:[INFO]:[PSAG_PHYSICS]: phy_world => body_data, name: ZPGamePhysics
[2025.07.02 04:06:18.437 ms]:[INFO]:[PSAG_PHYSICS]: body_data(static) item: alloc key: 1633423239472
[2025.07.02 04:06:18.437 ms]:[INFO]:[PSAG_ENVMT_CORE]: game_envmt item create: 68
[2025.07.02 04:06:18.437 ms]:[INFO]:[PSAG_ENVMT_CORE]: game_envmt get textures: 1
[2025.07.02 04:06:18.437 ms]:[INFO]:[PSAG_ENVMT_CORE]: game_envmt render_comp init.
[2025.07.02 04:06:18.437 ms]:[INFO]:[PSAG_PHYSICS]: phy_world => body_data, name: ZPGamePhysics
[2025.07.02 04:06:18.438 ms]:[INFO]:[PSAG_PHYSICS]: body_data(static) item: alloc key: 1633423240144
[2025.07.02 04:06:18.438 ms]:[INFO]:[PSAG_ENVMT_CORE]: game_envmt item create: 70
[2025.07.02 04:06:18.438 ms]:[INFO]:[PSAG_ENVMT_CORE]: game_envmt get textures: 1
[2025.07.02 04:06:18.438 ms]:[INFO]:[PSAG_ENVMT_CORE]: game_envmt render_comp init.
[2025.07.02 04:06:18.438 ms]:[INFO]:[PSAG_PHYSICS]: phy_world => body_data, name: ZPGamePhysics
[2025.07.02 04:06:18.438 ms]:[INFO]:[PSAG_PHYSICS]: body_data(static) item: alloc key: 1633423241488
[2025.07.02 04:06:18.438 ms]:[INFO]:[PSAG_ENVMT_CORE]: game_envmt item create: 72
[2025.07.02 04:06:18.438 ms]:[INFO]:[PSAG_ENVMT_CORE]: game_envmt get textures: 1
[2025.07.02 04:06:18.438 ms]:[INFO]:[PSAG_ENVMT_CORE]: game_envmt render_comp init.
[2025.07.02 04:06:18.438 ms]:[INFO]:[PSAG_PHYSICS]: phy_world => body_data, name: ZPGamePhysics
[2025.07.02 04:06:18.438 ms]:[INFO]:[PSAG_PHYSICS]: body_data(static) item: alloc key: 1633423239024
[2025.07.02 04:06:18.438 ms]:[INFO]:[PSAG_ENVMT_CORE]: game_envmt item create: 74
[2025.07.02 04:06:18.438 ms]:[INFO]:[PSAG_ENVMT_CORE]: game_envmt render_comp init.
[2025.07.02 04:06:18.438 ms]:[INFO]:[PSAG_PHYSICS]: phy_world => body_data, name: ZPGamePhysics
[2025.07.02 04:06:18.438 ms]:[INFO]:[PSAG_PHYSICS]: body_data(static) item: alloc key: 1633423238800
[2025.07.02 04:06:18.438 ms]:[INFO]:[PSAG_ENVMT_CORE]: game_envmt item create: 76
[2025.07.02 04:06:18.438 ms]:[INFO]:[PSAG_ACTOR_CORE]: AType: register key: ActorPAWN
[2025.07.02 04:06:18.438 ms]:[INFO]:[PSAG_ACTOR_CORE]: AType: register key: ActorNPC
[2025.07.02 04:06:18.439 ms]:[INFO]:[PSAG_FILESYS_LOAD]: load(src) read_file: PSAGameFrameworkDev/GameZeroProject/GameMaterial/zpgame_ppactor_nor.png read_size: 405375
[2025.07.02 04:06:18.439 ms]:[INFO]:[PSAG_ACTOR_CORE]: game_actor shader create: 1680 x 945
[2025.07.02 04:06:18.464 ms]:[INFO]:[PSAG_OGL_IMG]: success decode image: size: 1024 x 1024, color_channel: 4
[2025.07.02 04:06:18.466 ms]:[INFO]:[PSAG_GL_DATASET]: layers_manager alloc_count: 0
[2025.07.02 04:06:18.466 ms]:[INFO]:[PSAG_GL_DATASET]: vir_texture: src: 1024 x 1024, fmt_fill: 1024 x 1024
[2025.07.02 04:06:18.468 ms]:[INFO]:[PSAG_GL_DATASET]: vir_texture item: alloc key: 78, cropping: 1.00 x 1.00, res: 4x/1
[2025.07.02 04:06:18.469 ms]:[INFO]:[PSAG_ACTOR_CORE]: game_actor shader texture add, name: PPActor
[2025.07.02 04:06:18.469 ms]:[INFO]:[PSAG_FILESYS_LOAD]: load(src) read_file: PSAGameFrameworkDev/GameZeroProject/GameMaterial/zpgame_npc_a.png read_size: 177392
[2025.07.02 04:06:18.469 ms]:[INFO]:[PSAG_ACTOR_CORE]: game_actor shader create: 1680 x 945
[2025.07.02 04:06:18.497 ms]:[INFO]:[PSAG_OGL_IMG]: success decode image: size: 1024 x 1024, color_channel: 4
[2025.07.02 04:06:18.498 ms]:[INFO]:[PSAG_GL_DATASET]: layers_manager alloc_count: 1
[2025.07.02 04:06:18.498 ms]:[INFO]:[PSAG_GL_DATASET]: vir_texture: src: 1024 x 1024, fmt_fill: 1024 x 1024
[2025.07.02 04:06:18.501 ms]:[INFO]:[PSAG_GL_DATASET]: vir_texture item: alloc key: 80, cropping: 1.00 x 1.00, res: 4x/1
[2025.07.02 04:06:18.501 ms]:[INFO]:[PSAG_ACTOR_CORE]: game_actor shader texture add, name: NPActor
[2025.07.02 04:06:18.502 ms]:[INFO]:[PSAG_ACTOR_CORE]: game_actor shader load textures: 1
[2025.07.02 04:06:18.502 ms]:[INFO]:[PSAG_OGL_SHADER]: vertex_shader source script num: 1
[2025.07.02 04:06:18.502 ms]:[INFO]:[PSAG_OGL_SHADER]: vertex compilation succeeded.
[2025.07.02 04:06:18.502 ms]:[INFO]:[PSAG_OGL_SHADER]: fragment_shader source script num: 3
[2025.07.02 04:06:18.502 ms]:[INFO]:[PSAG_OGL_SHADER]: fragment compilation succeeded.
[2025.07.02 04:06:18.502 ms]:[INFO]:[PSAG_OGL_SHADER]: shader_program link succeeded.
[2025.07.02 04:06:18.502 ms]:[INFO]:[PSAG_OGL_RES]: shader: storage key: 82
[2025.07.02 04:06:18.502 ms]:[INFO]:[PSAG_ACTOR_CORE]: game_actor shader default_res create.
[2025.07.02 04:06:18.502 ms]:[INFO]:[PSAG_ACTOR_CORE]: game_actor shader load textures: 1
[2025.07.02 04:06:18.502 ms]:[INFO]:[PSAG_OGL_SHADER]: vertex_shader source script num: 1
[2025.07.02 04:06:18.502 ms]:[INFO]:[PSAG_OGL_SHADER]: vertex compilation succeeded.
[2025.07.02 04:06:18.502 ms]:[INFO]:[PSAG_OGL_SHADER]: fragment_shader source script num: 3
[2025.07.02 04:06:18.502 ms]:[INFO]:[PSAG_OGL_SHADER]: fragment compilation succeeded.
[2025.07.02 04:06:18.502 ms]:[INFO]:[PSAG_OGL_SHADER]: shader_program link succeeded.
[2025.07.02 04:06:18.502 ms]:[INFO]:[PSAG_OGL_RES]: shader: storage key: 86
[2025.07.02 04:06:18.502 ms]:[INFO]:[PSAG_ACTOR_CORE]: game_actor shader default_res create.
[2025.07.02 04:06:18.502 ms]:[INFO]:[PSAG_ACTOR_CORE]: game_actor get textures: 1
[2025.07.02 04:06:18.502 ms]:[INFO]:[PSAG_ACTOR_CORE]: game_actor render_comp init.
[2025.07.02 04:06:18.502 ms]:[INFO]:[PSAG_PHYSICS]: phy_world => body_data, name: ZPGamePhysics
[2025.07.02 04:06:18.503 ms]:[INFO]:[PSAG_PHYSICS]: body_data(dynamic) item: alloc key: 1633416967296
[2025.07.02 04:06:18.503 ms]:[INFO]:[PSAG_ACTOR_CORE]: game_actor entity create: 90
[2025.07.02 04:06:18.503 ms]:[INFO]:[PSAG_TOOL_NOTFIY]: station register n: PPActor, ptr 4382ed10
[2025.07.02 04:06:18.503 ms]:[INFO]:[PSAG_ACTOR_CORE]: game_actor get textures: 1
[2025.07.02 04:06:18.503 ms]:[INFO]:[PSAG_ACTOR_CORE]: game_actor render_comp init.
[2025.07.02 04:06:18.503 ms]:[INFO]:[PSAG_PHYSICS]: phy_world => body_data, name: ZPGamePhysics
[2025.07.02 04:06:18.503 ms]:[INFO]:[PSAG_PHYSICS]: body_data(dynamic) item: alloc key: 1633416964944
[2025.07.02 04:06:18.503 ms]:[INFO]:[PSAG_ACTOR_CORE]: game_actor entity create: 92
[2025.07.02 04:06:18.503 ms]:[INFO]:[PSAG_ACTOR_CORE]: game_actor get textures: 1
[2025.07.02 04:06:18.503 ms]:[INFO]:[PSAG_ACTOR_CORE]: game_actor render_comp init.
[2025.07.02 04:06:18.503 ms]:[INFO]:[PSAG_PHYSICS]: phy_world => body_data, name: ZPGamePhysics
[2025.07.02 04:06:18.503 ms]:[INFO]:[PSAG_PHYSICS]: body_data(dynamic) item: alloc key: 1633416965280
[2025.07.02 04:06:18.503 ms]:[INFO]:[PSAG_ACTOR_CORE]: game_actor entity create: 94
[2025.07.02 04:06:18.503 ms]:[INFO]:[PSAG_ACTOR_CORE]: game_actor get textures: 1
[2025.07.02 04:06:18.503 ms]:[INFO]:[PSAG_ACTOR_CORE]: game_actor render_comp init.
[2025.07.02 04:06:18.503 ms]:[INFO]:[PSAG_PHYSICS]: phy_world => body_data, name: ZPGamePhysics
[2025.07.02 04:06:18.503 ms]:[INFO]:[PSAG_PHYSICS]: body_data(dynamic) item: alloc key: 1633416961584
[2025.07.02 04:06:18.503 ms]:[INFO]:[PSAG_ACTOR_CORE]: game_actor entity create: 96
[2025.07.02 04:06:18.503 ms]:[INFO]:[PSAG_ACTOR_CORE]: game_actor get textures: 1
[2025.07.02 04:06:18.503 ms]:[INFO]:[PSAG_ACTOR_CORE]: game_actor render_comp init.
[2025.07.02 04:06:18.503 ms]:[INFO]:[PSAG_PHYSICS]: phy_world => body_data, name: ZPGamePhysics
[2025.07.02 04:06:18.503 ms]:[INFO]:[PSAG_PHYSICS]: body_data(dynamic) item: alloc key: 1633416966288
[2025.07.02 04:06:18.503 ms]:[INFO]:[PSAG_ACTOR_CORE]: game_actor entity create: 98
[2025.07.02 04:06:18.503 ms]:[INFO]:[PSAG_ACTOR_CORE]: game_actor get textures: 1
[2025.07.02 04:06:18.503 ms]:[INFO]:[PSAG_ACTOR_CORE]: game_actor render_comp init.
[2025.07.02 04:06:18.503 ms]:[INFO]:[PSAG_PHYSICS]: phy_world => body_data, name: ZPGamePhysics
[2025.07.02 04:06:18.503 ms]:[INFO]:[PSAG_PHYSICS]: body_data(dynamic) item: alloc key: 1633416966624
[2025.07.02 04:06:18.503 ms]:[INFO]:[PSAG_ACTOR_CORE]: game_actor entity create: 100
[2025.07.02 04:06:18.504 ms]:[INFO]:[PSAG_ACTOR_CORE]: game_actor get textures: 1
[2025.07.02 04:06:18.504 ms]:[INFO]:[PSAG_ACTOR_CORE]: game_actor render_comp init.
[2025.07.02 04:06:18.504 ms]:[INFO]:[PSAG_PHYSICS]: phy_world => body_data, name: ZPGamePhysics
[2025.07.02 04:06:18.504 ms]:[INFO]:[PSAG_PHYSICS]: body_data(dynamic) item: alloc key: 1633416959904
[2025.07.02 04:06:18.504 ms]:[INFO]:[PSAG_ACTOR_CORE]: game_actor entity create: 102
[2025.07.02 04:06:18.504 ms]:[INFO]:[PSAG_ACTOR_CORE]: AType: register key: GuideBullet
[2025.07.02 04:06:18.504 ms]:[INFO]:[PSAG_FILESYS_LOAD]: load(src) read_file: PSAGameFrameworkDev/GameZeroProject/GameMaterial/zpgame_bullet_b.png read_size: 12111
[2025.07.02 04:06:18.504 ms]:[INFO]:[PSAG_FILESYS_LOAD]: load(src) read_file: PSAGameFrameworkDev/GameZeroProject/GameMaterial/zpgame_bullet_a.png read_size: 54094
[2025.07.02 04:06:18.504 ms]:[INFO]:[PSAG_ACTOR_CORE]: game_actor shader create: 1680 x 945
[2025.07.02 04:06:18.504 ms]:[INFO]:[PSAG_ACTOR_CORE]: game_actor shader create: 1680 x 945
[2025.07.02 04:06:18.513 ms]:[INFO]:[PSAG_OGL_IMG]: success decode image: size: 512 x 512, color_channel: 4
[2025.07.02 04:06:18.514 ms]:[INFO]:[PSAG_GL_DATASET]: layers_manager alloc_count: 0
[2025.07.02 04:06:18.514 ms]:[INFO]:[PSAG_GL_DATASET]: vir_texture: src: 512 x 512, fmt_fill: 512 x 512
[2025.07.02 04:06:18.514 ms]:[INFO]:[PSAG_GL_DATASET]: vir_texture item: alloc key: 104, cropping: 1.00 x 1.00, res: 8x/1
[2025.07.02 04:06:18.514 ms]:[INFO]:[PSAG_ACTOR_CORE]: game_actor shader texture add, name: SharpBullet
[2025.07.02 04:06:18.546 ms]:[INFO]:[PSAG_OGL_IMG]: success decode image: size: 1024 x 2048, color_channel: 4
[2025.07.02 04:06:18.548 ms]:[INFO]:[PSAG_GL_DATASET]: layers_manager alloc_count: 0
[2025.07.02 04:06:18.628 ms]:[INFO]:[PSAG_GL_DATASET]: vir_texture: src: 1024 x 2048, fmt_fill: 2048 x 2048
[2025.07.02 04:06:18.637 ms]:[INFO]:[PSAG_GL_DATASET]: vir_texture item: alloc key: 106, cropping: 0.50 x 1.00, res: 2x/1
[2025.07.02 04:06:18.639 ms]:[INFO]:[PSAG_ACTOR_CORE]: game_actor shader texture add, name: GuideBullet
[2025.07.02 04:06:18.640 ms]:[INFO]:[PSAG_ACTOR_CORE]: game_actor shader load textures: 1
[2025.07.02 04:06:18.640 ms]:[INFO]:[PSAG_OGL_SHADER]: vertex_shader source script num: 1
[2025.07.02 04:06:18.640 ms]:[INFO]:[PSAG_OGL_SHADER]: vertex compilation succeeded.
[2025.07.02 04:06:18.640 ms]:[INFO]:[PSAG_OGL_SHADER]: fragment_shader source script num: 3
[2025.07.02 04:06:18.640 ms]:[INFO]:[PSAG_OGL_SHADER]: fragment compilation succeeded.
[2025.07.02 04:06:18.640 ms]:[INFO]:[PSAG_OGL_SHADER]: shader_program link succeeded.
[2025.07.02 04:06:18.640 ms]:[INFO]:[PSAG_OGL_RES]: shader: storage key: 108
[2025.07.02 04:06:18.640 ms]:[INFO]:[PSAG_ACTOR_CORE]: game_actor shader default_res create.
[2025.07.02 04:06:18.640 ms]:[INFO]:[PSAG_ACTOR_CORE]: game_actor shader load textures: 1
[2025.07.02 04:06:18.640 ms]:[INFO]:[PSAG_OGL_SHADER]: vertex_shader source script num: 1
[2025.07.02 04:06:18.640 ms]:[INFO]:[PSAG_OGL_SHADER]: vertex compilation succeeded.
[2025.07.02 04:06:18.640 ms]:[INFO]:[PSAG_OGL_SHADER]: fragment_shader source script num: 3
[2025.07.02 04:06:18.640 ms]:[INFO]:[PSAG_OGL_SHADER]: fragment compilation succeeded.
[2025.07.02 04:06:18.640 ms]:[INFO]:[PSAG_OGL_SHADER]: shader_program link succeeded.
[2025.07.02 04:06:18.640 ms]:[INFO]:[PSAG_OGL_RES]: shader: storage key: 112
[2025.07.02 04:06:18.641 ms]:[INFO]:[PSAG_ACTOR_CORE]: game_actor shader default_res create.
[2025.07.02 04:06:18.641 ms]:[INFO]:[PSAG_FILESYS_LOAD]: load(src) read_file: PSAGameFrameworkDev/GameZeroProject/GameMaterial/zpgame_particle_a.png read_size: 21686
[2025.07.02 04:06:18.650 ms]:[INFO]:[PSAG_OGL_IMG]: success decode image: size: 512 x 512, color_channel: 4
[2025.07.02 04:06:18.650 ms]:[INFO]:[PSAG_GL_PARTICLE]: particle system proc thread init.
[2025.07.02 04:06:18.650 ms]:[INFO]:[PSAG_OGL_SHADER]: vertex_shader source script num: 1
[2025.07.02 04:06:18.651 ms]:[INFO]:[PSAG_OGL_SHADER]: vertex compilation succeeded.
[2025.07.02 04:06:18.651 ms]:[INFO]:[PSAG_OGL_SHADER]: fragment_shader source script num: 3
[2025.07.02 04:06:18.651 ms]:[INFO]:[PSAG_OGL_SHADER]: fragment compilation succeeded.
[2025.07.02 04:06:18.651 ms]:[INFO]:[PSAG_OGL_SHADER]: shader_program link succeeded.
[2025.07.02 04:06:18.651 ms]:[INFO]:[PSAG_OGL_RES]: shader: storage key: 116
[2025.07.02 04:06:18.651 ms]:[INFO]:[PSAG_GL_DATASET]: ver_data(dy) item: alloc key: 118
[2025.07.02 04:06:18.651 ms]:[INFO]:[PSAG_GL_DATASET]: layers_manager alloc_count: 1
[2025.07.02 04:06:18.651 ms]:[INFO]:[PSAG_GL_DATASET]: vir_texture: src: 512 x 512, fmt_fill: 512 x 512
[2025.07.02 04:06:18.652 ms]:[INFO]:[PSAG_GL_DATASET]: vir_texture item: alloc key: 120, cropping: 1.00 x 1.00, res: 8x/1
[2025.07.02 04:06:18.652 ms]:[INFO]:[PSAG_GL_PARTICLE]: particle system init.
[2025.07.02 04:06:18.652 ms]:[INFO]:[PSAG_GL_PARTICLE]: particle system render_size: 1680 x 945
[2025.07.02 04:06:18.652 ms]:[INFO]:[PSAG_MANAGER_FX]: manager fx_particle init.
[2025.07.02 04:06:18.652 ms]:[INFO]:[PSAG_TOOL_NOTFIY]: station register n: PPActorBullet, ptr 4382ed10
[2025.07.02 04:06:18.652 ms]:[INFO]:[PSAG_FILESYS_LOAD]: load(src) read_file: PSAGameFrameworkDev/GameZeroProject/GameMaterial/zpgame_gui/zpgame_gui_b0.png read_size: 10743
[2025.07.02 04:06:18.659 ms]:[INFO]:[PSAG_OGL_IMG]: success decode image: size: 1024 x 278, color_channel: 4
[2025.07.02 04:06:18.659 ms]:[INFO]:[PSAG_OGL_TEXTURE]: texture.2d(view) object create.
[2025.07.02 04:06:18.660 ms]:[INFO]:[PSAG_OGL_TEXTURE]: texture_view create, succ: size: 1024 x 278
[2025.07.02 04:06:18.660 ms]:[INFO]:[PSAG_GL_PVFX]: psag_fx image_view system, create: 1024 x 278
[2025.07.02 04:06:18.661 ms]:[INFO]:[PSAG_FILESYS_LOAD]: load(src) read_file: PSAGameFrameworkDev/GameZeroProject/GameMaterial/zpgame_gui/zpgame_gui_b1.png read_size: 22199
[2025.07.02 04:06:18.668 ms]:[INFO]:[PSAG_OGL_IMG]: success decode image: size: 1024 x 278, color_channel: 4
[2025.07.02 04:06:18.670 ms]:[INFO]:[PSAG_OGL_TEXTURE]: texture.2d(view) object create.
[2025.07.02 04:06:18.672 ms]:[INFO]:[PSAG_OGL_TEXTURE]: texture_view create, succ: size: 1024 x 278
[2025.07.02 04:06:18.672 ms]:[INFO]:[PSAG_GL_PVFX]: psag_fx image_view system, create: 1024 x 278
[2025.07.02 04:06:18.672 ms]:[INFO]:[PSAG_FILESYS_LOAD]: load(src) read_file: PSAGameFrameworkDev/GameZeroProject/GameMaterial/zpgame_gui/zpgame_gui_b2.png read_size: 22716
[2025.07.02 04:06:18.680 ms]:[INFO]:[PSAG_OGL_IMG]: success decode image: size: 1024 x 278, color_channel: 4
[2025.07.02 04:06:18.682 ms]:[INFO]:[PSAG_OGL_TEXTURE]: texture.2d(view) object create.
[2025.07.02 04:06:18.682 ms]:[INFO]:[PSAG_OGL_TEXTURE]: texture_view create, succ: size: 1024 x 278
[2025.07.02 04:06:18.682 ms]:[INFO]:[PSAG_GL_PVFX]: psag_fx image_view system, create: 1024 x 278
[2025.07.02 04:06:18.682 ms]:[INFO]:[PSAG_FILESYS_LOAD]: load(src) read_file: PSAGameFrameworkDev/GameZeroProject/GameMaterial/zpgame_gui/zpgame_gui_b3.png read_size: 23026
[2025.07.02 04:06:18.690 ms]:[INFO]:[PSAG_OGL_IMG]: success decode image: size: 1024 x 278, color_channel: 4
[2025.07.02 04:06:18.692 ms]:[INFO]:[PSAG_OGL_TEXTURE]: texture.2d(view) object create.
[2025.07.02 04:06:18.692 ms]:[INFO]:[PSAG_OGL_TEXTURE]: texture_view create, succ: size: 1024 x 278
[2025.07.02 04:06:18.692 ms]:[INFO]:[PSAG_GL_PVFX]: psag_fx image_view system, create: 1024 x 278
[2025.07.02 04:06:18.692 ms]:[INFO]:[PSAG_FILESYS_LOAD]: load(src) read_file: PSAGameFrameworkDev/GameZeroProject/GameMaterial/zpgame_gui/zpgame_gui_b4.png read_size: 23655
[2025.07.02 04:06:18.700 ms]:[INFO]:[PSAG_OGL_IMG]: success decode image: size: 1024 x 278, color_channel: 4
[2025.07.02 04:06:18.702 ms]:[INFO]:[PSAG_OGL_TEXTURE]: texture.2d(view) object create.
[2025.07.02 04:06:18.703 ms]:[INFO]:[PSAG_OGL_TEXTURE]: texture_view create, succ: size: 1024 x 278
[2025.07.02 04:06:18.703 ms]:[INFO]:[PSAG_GL_PVFX]: psag_fx image_view system, create: 1024 x 278
[2025.07.02 04:06:18.703 ms]:[INFO]:[PSAG_FILESYS_LOAD]: load(src) read_file: PSAGameFrameworkDev/GameZeroProject/GameMaterial/zpgame_gui/zpgame_gui_b5.png read_size: 23922
[2025.07.02 04:06:18.711 ms]:[INFO]:[PSAG_OGL_IMG]: success decode image: size: 1024 x 278, color_channel: 4
[2025.07.02 04:06:18.712 ms]:[INFO]:[PSAG_OGL_TEXTURE]: texture.2d(view) object create.
[2025.07.02 04:06:18.712 ms]:[INFO]:[PSAG_OGL_TEXTURE]: texture_view create, succ: size: 1024 x 278
[2025.07.02 04:06:18.712 ms]:[INFO]:[PSAG_GL_PVFX]: psag_fx image_view system, create: 1024 x 278
[2025.07.02 04:06:18.713 ms]:[INFO]:[PSAG_M_START_ANIM]: create start_anim player.
[2025.07.02 04:06:18.713 ms]:[TRACE]:[PSAG_M_CORE]: pomelo_star game2d version: 12.20250127
[2025.07.02 04:06:18.747 ms]:[INFO]:[PSAG_M_START_ANIM]: start_anim playback complete, time(s): 0.000
[2025.07.02 04:06:18.747 ms]:[INFO]:[PSAG_M_START_ANIM]: free textures resource.
[2025.07.02 04:06:24.008 ms]:[INFO]:[PSAG_TOOL_NOTFIY]: station receive pair: PPActor/PPActorBullet, data_size: 12 bytes
[2025.07.02 04:06:24.008 ms]:[INFO]:[PSAG_ACTOR_CORE]: game_actor get textures: 1
[2025.07.02 04:06:24.008 ms]:[INFO]:[PSAG_ACTOR_CORE]: game_actor render_comp init.
[2025.07.02 04:06:24.008 ms]:[INFO]:[PSAG_PHYSICS]: phy_world => body_data, name: ZPGamePhysics
[2025.07.02 04:06:24.008 ms]:[INFO]:[PSAG_PHYSICS]: body_data(dynamic) item: alloc key: 1633416959568
[2025.07.02 04:06:24.008 ms]:[INFO]:[PSAG_ACTOR_CORE]: game_actor entity create: 122
[2025.07.02 04:06:25.421 ms]:[INFO]:[PSAG_PHYSICS]: phy_world => body_data, name: ZPGamePhysics
[2025.07.02 04:06:25.421 ms]:[INFO]:[PSAG_PHYSICS]: body_data item: delete key: 1633421626528
[2025.07.02 04:06:25.421 ms]:[INFO]:[PSAG_ACTOR_CORE]: game_actor entity delete: 122
[2025.07.02 04:06:26.667 ms]:[INFO]:[PSAG_TOOL_NOTFIY]: station receive pair: PPActor/PPActorBullet, data_size: 12 bytes
[2025.07.02 04:06:26.667 ms]:[INFO]:[PSAG_ACTOR_CORE]: game_actor get textures: 1
[2025.07.02 04:06:26.667 ms]:[INFO]:[PSAG_ACTOR_CORE]: game_actor render_comp init.
[2025.07.02 04:06:26.667 ms]:[INFO]:[PSAG_PHYSICS]: phy_world => body_data, name: ZPGamePhysics
[2025.07.02 04:06:26.667 ms]:[INFO]:[PSAG_PHYSICS]: body_data(dynamic) item: alloc key: 1633416961920
[2025.07.02 04:06:26.667 ms]:[INFO]:[PSAG_ACTOR_CORE]: game_actor entity create: 124
[2025.07.02 04:06:27.413 ms]:[INFO]:[PSAG_TOOL_NOTFIY]: station receive pair: PPActor/PPActorBullet, data_size: 12 bytes
[2025.07.02 04:06:27.413 ms]:[INFO]:[PSAG_ACTOR_CORE]: game_actor get textures: 1
[2025.07.02 04:06:27.413 ms]:[INFO]:[PSAG_ACTOR_CORE]: game_actor render_comp init.
[2025.07.02 04:06:27.413 ms]:[INFO]:[PSAG_PHYSICS]: phy_world => body_data, name: ZPGamePhysics
[2025.07.02 04:06:27.413 ms]:[INFO]:[PSAG_PHYSICS]: body_data(dynamic) item: alloc key: 1633416962256
[2025.07.02 04:06:27.413 ms]:[INFO]:[PSAG_ACTOR_CORE]: game_actor entity create: 126
[2025.07.02 04:06:27.943 ms]:[INFO]:[PSAG_PHYSICS]: phy_world => body_data, name: ZPGamePhysics
[2025.07.02 04:06:27.943 ms]:[INFO]:[PSAG_PHYSICS]: body_data item: delete key: 1633421626528
[2025.07.02 04:06:27.943 ms]:[INFO]:[PSAG_ACTOR_CORE]: game_actor entity delete: 124
[2025.07.02 04:06:28.195 ms]:[INFO]:[PSAG_PHYSICS]: phy_world => body_data, name: ZPGamePhysics
[2025.07.02 04:06:28.195 ms]:[INFO]:[PSAG_PHYSICS]: body_data item: delete key: 1633421626720
[2025.07.02 04:06:28.195 ms]:[INFO]:[PSAG_ACTOR_CORE]: game_actor entity delete: 126
[2025.07.02 04:06:29.363 ms]:[INFO]:[PSAG_TOOL_NOTFIY]: station receive pair: PPActor/PPActorBullet, data_size: 12 bytes
[2025.07.02 04:06:29.363 ms]:[INFO]:[PSAG_ACTOR_CORE]: game_actor get textures: 1
[2025.07.02 04:06:29.364 ms]:[INFO]:[PSAG_ACTOR_CORE]: game_actor render_comp init.
[2025.07.02 04:06:29.364 ms]:[INFO]:[PSAG_PHYSICS]: phy_world => body_data, name: ZPGamePhysics
[2025.07.02 04:06:29.364 ms]:[INFO]:[PSAG_PHYSICS]: body_data(dynamic) item: alloc key: 1633416966960
[2025.07.02 04:06:29.364 ms]:[INFO]:[PSAG_ACTOR_CORE]: game_actor entity create: 128
[2025.07.02 04:06:29.744 ms]:[INFO]:[PSAG_TOOL_NOTFIY]: station receive pair: PPActor/PPActorBullet, data_size: 12 bytes
[2025.07.02 04:06:29.744 ms]:[INFO]:[PSAG_ACTOR_CORE]: game_actor get textures: 1
[2025.07.02 04:06:29.744 ms]:[INFO]:[PSAG_ACTOR_CORE]: game_actor render_comp init.
[2025.07.02 04:06:29.744 ms]:[INFO]:[PSAG_PHYSICS]: phy_world => body_data, name: ZPGamePhysics
[2025.07.02 04:06:29.744 ms]:[INFO]:[PSAG_PHYSICS]: body_data(dynamic) item: alloc key: 1633416961920
[2025.07.02 04:06:29.744 ms]:[INFO]:[PSAG_ACTOR_CORE]: game_actor entity create: 130
[2025.07.02 04:06:30.004 ms]:[INFO]:[PSAG_TOOL_NOTFIY]: station receive pair: PPActor/PPActorBullet, data_size: 12 bytes
[2025.07.02 04:06:30.004 ms]:[INFO]:[PSAG_ACTOR_CORE]: game_actor get textures: 1
[2025.07.02 04:06:30.004 ms]:[INFO]:[PSAG_ACTOR_CORE]: game_actor render_comp init.
[2025.07.02 04:06:30.004 ms]:[INFO]:[PSAG_PHYSICS]: phy_world => body_data, name: ZPGamePhysics
[2025.07.02 04:06:30.004 ms]:[INFO]:[PSAG_PHYSICS]: body_data(dynamic) item: alloc key: 1633416959568
[2025.07.02 04:06:30.004 ms]:[INFO]:[PSAG_ACTOR_CORE]: game_actor entity create: 132
[2025.07.02 04:06:30.213 ms]:[INFO]:[PSAG_PHYSICS]: phy_world => body_data, name: ZPGamePhysics
[2025.07.02 04:06:30.213 ms]:[INFO]:[PSAG_PHYSICS]: body_data item: delete key: 1633421626720
[2025.07.02 04:06:30.213 ms]:[INFO]:[PSAG_ACTOR_CORE]: game_actor entity delete: 128
[2025.07.02 04:06:30.690 ms]:[INFO]:[PSAG_PHYSICS]: phy_world => body_data, name: ZPGamePhysics
[2025.07.02 04:06:30.690 ms]:[INFO]:[PSAG_PHYSICS]: body_data item: delete key: 1633421626528
[2025.07.02 04:06:30.690 ms]:[INFO]:[PSAG_ACTOR_CORE]: game_actor entity delete: 130
[2025.07.02 04:06:31.188 ms]:[INFO]:[PSAG_PHYSICS]: phy_world => body_data, name: ZPGamePhysics
[2025.07.02 04:06:31.188 ms]:[INFO]:[PSAG_PHYSICS]: body_data item: delete key: 1633421626912
[2025.07.02 04:06:31.188 ms]:[INFO]:[PSAG_ACTOR_CORE]: game_actor entity delete: 132
[2025.07.02 04:06:32.528 ms]:[INFO]:[PSAG_TOOL_NOTFIY]: station receive pair: PPActor/PPActorBullet, data_size: 12 bytes
[2025.07.02 04:06:32.528 ms]:[INFO]:[PSAG_ACTOR_CORE]: game_actor get textures: 1
[2025.07.02 04:06:32.528 ms]:[INFO]:[PSAG_ACTOR_CORE]: game_actor render_comp init.
[2025.07.02 04:06:32.528 ms]:[INFO]:[PSAG_PHYSICS]: phy_world => body_data, name: ZPGamePhysics
[2025.07.02 04:06:32.528 ms]:[INFO]:[PSAG_PHYSICS]: body_data(dynamic) item: alloc key: 1633416966960
[2025.07.02 04:06:32.528 ms]:[INFO]:[PSAG_ACTOR_CORE]: game_actor entity create: 134
[2025.07.02 04:06:32.798 ms]:[INFO]:[PSAG_TOOL_NOTFIY]: station receive pair: PPActor/PPActorBullet, data_size: 12 bytes
[2025.07.02 04:06:32.798 ms]:[INFO]:[PSAG_ACTOR_CORE]: game_actor get textures: 1
[2025.07.02 04:06:32.798 ms]:[INFO]:[PSAG_ACTOR_CORE]: game_actor render_comp init.
[2025.07.02 04:06:32.798 ms]:[INFO]:[PSAG_PHYSICS]: phy_world => body_data, name: ZPGamePhysics
[2025.07.02 04:06:32.798 ms]:[INFO]:[PSAG_PHYSICS]: body_data(dynamic) item: alloc key: 1633416959568
[2025.07.02 04:06:32.798 ms]:[INFO]:[PSAG_ACTOR_CORE]: game_actor entity create: 136
[2025.07.02 04:06:32.993 ms]:[INFO]:[PSAG_TOOL_NOTFIY]: station receive pair: PPActor/PPActorBullet, data_size: 12 bytes
[2025.07.02 04:06:32.993 ms]:[INFO]:[PSAG_ACTOR_CORE]: game_actor get textures: 1
[2025.07.02 04:06:32.993 ms]:[INFO]:[PSAG_ACTOR_CORE]: game_actor render_comp init.
[2025.07.02 04:06:32.993 ms]:[INFO]:[PSAG_PHYSICS]: phy_world => body_data, name: ZPGamePhysics
[2025.07.02 04:06:32.993 ms]:[INFO]:[PSAG_PHYSICS]: body_data(dynamic) item: alloc key: 1633416961920
[2025.07.02 04:06:32.993 ms]:[INFO]:[PSAG_ACTOR_CORE]: game_actor entity create: 138
[2025.07.02 04:06:34.206 ms]:[INFO]:[PSAG_PHYSICS]: phy_world => body_data, name: ZPGamePhysics
[2025.07.02 04:06:34.206 ms]:[INFO]:[PSAG_PHYSICS]: body_data item: delete key: 1633421626912
[2025.07.02 04:06:34.206 ms]:[INFO]:[PSAG_ACTOR_CORE]: game_actor entity delete: 134
[2025.07.02 04:06:34.231 ms]:[INFO]:[PSAG_PHYSICS]: phy_world => body_data, name: ZPGamePhysics
[2025.07.02 04:06:34.231 ms]:[INFO]:[PSAG_PHYSICS]: body_data item: delete key: 1633421626720
[2025.07.02 04:06:34.231 ms]:[INFO]:[PSAG_ACTOR_CORE]: game_actor entity delete: 138
[2025.07.02 04:06:34.412 ms]:[INFO]:[PSAG_PHYSICS]: phy_world => body_data, name: ZPGamePhysics
[2025.07.02 04:06:34.412 ms]:[INFO]:[PSAG_PHYSICS]: body_data item: delete key: 1633421626528
[2025.07.02 04:06:34.412 ms]:[INFO]:[PSAG_ACTOR_CORE]: game_actor entity delete: 136
[2025.07.02 04:06:34.694 ms]:[INFO]:[PSAG_TOOL_NOTFIY]: station receive pair: PPActor/PPActorBullet, data_size: 12 bytes
[2025.07.02 04:06:34.694 ms]:[INFO]:[PSAG_ACTOR_CORE]: game_actor get textures: 1
[2025.07.02 04:06:34.694 ms]:[INFO]:[PSAG_ACTOR_CORE]: game_actor render_comp init.
[2025.07.02 04:06:34.694 ms]:[INFO]:[PSAG_PHYSICS]: phy_world => body_data, name: ZPGamePhysics
[2025.07.02 04:06:34.694 ms]:[INFO]:[PSAG_PHYSICS]: body_data(dynamic) item: alloc key: 1633416966960
[2025.07.02 04:06:34.694 ms]:[INFO]:[PSAG_ACTOR_CORE]: game_actor entity create: 140
[2025.07.02 04:06:35.901 ms]:[INFO]:[PSAG_PHYSICS]: phy_world => body_data, name: ZPGamePhysics
[2025.07.02 04:06:35.901 ms]:[INFO]:[PSAG_PHYSICS]: body_data item: delete key: 1633421626528
[2025.07.02 04:06:35.901 ms]:[INFO]:[PSAG_ACTOR_CORE]: game_actor entity delete: 140
[2025.07.02 04:06:37.001 ms]:[INFO]:[PSAG_TOOL_NOTFIY]: station receive pair: PPActor/PPActorBullet, data_size: 12 bytes
[2025.07.02 04:06:37.002 ms]:[INFO]:[PSAG_ACTOR_CORE]: game_actor get textures: 1
[2025.07.02 04:06:37.002 ms]:[INFO]:[PSAG_ACTOR_CORE]: game_actor render_comp init.
[2025.07.02 04:06:37.002 ms]:[INFO]:[PSAG_PHYSICS]: phy_world => body_data, name: ZPGamePhysics
[2025.07.02 04:06:37.002 ms]:[INFO]:[PSAG_PHYSICS]: body_data(dynamic) item: alloc key: 1633416961920
[2025.07.02 04:06:37.002 ms]:[INFO]:[PSAG_ACTOR_CORE]: game_actor entity create: 142
[2025.07.02 04:06:38.556 ms]:[INFO]:[PSAG_PHYSICS]: phy_world => body_data, name: ZPGamePhysics
[2025.07.02 04:06:38.556 ms]:[INFO]:[PSAG_PHYSICS]: body_data item: delete key: 1633421626528
[2025.07.02 04:06:38.556 ms]:[INFO]:[PSAG_ACTOR_CORE]: game_actor entity delete: 142
[2025.07.02 04:06:38.711 ms]:[INFO]:[PSAG_TOOL_NOTFIY]: station receive pair: PPActor/PPActorBullet, data_size: 12 bytes
[2025.07.02 04:06:38.711 ms]:[INFO]:[PSAG_ACTOR_CORE]: game_actor get textures: 1
[2025.07.02 04:06:38.711 ms]:[INFO]:[PSAG_ACTOR_CORE]: game_actor render_comp init.
[2025.07.02 04:06:38.711 ms]:[INFO]:[PSAG_PHYSICS]: phy_world => body_data, name: ZPGamePhysics
[2025.07.02 04:06:38.711 ms]:[INFO]:[PSAG_PHYSICS]: body_data(dynamic) item: alloc key: 1633416962928
[2025.07.02 04:06:38.711 ms]:[INFO]:[PSAG_ACTOR_CORE]: game_actor entity create: 144
[2025.07.02 04:06:39.035 ms]:[INFO]:[PSAG_TOOL_NOTFIY]: station receive pair: PPActor/PPActorBullet, data_size: 12 bytes
[2025.07.02 04:06:39.035 ms]:[INFO]:[PSAG_ACTOR_CORE]: game_actor get textures: 1
[2025.07.02 04:06:39.035 ms]:[INFO]:[PSAG_ACTOR_CORE]: game_actor render_comp init.
[2025.07.02 04:06:39.035 ms]:[INFO]:[PSAG_PHYSICS]: phy_world => body_data, name: ZPGamePhysics
[2025.07.02 04:06:39.036 ms]:[INFO]:[PSAG_PHYSICS]: body_data(dynamic) item: alloc key: 1633416966960
[2025.07.02 04:06:39.036 ms]:[INFO]:[PSAG_ACTOR_CORE]: game_actor entity create: 146
[2025.07.02 04:06:39.533 ms]:[INFO]:[PSAG_TOOL_NOTFIY]: station receive pair: PPActor/PPActorBullet, data_size: 12 bytes
[2025.07.02 04:06:39.533 ms]:[INFO]:[PSAG_ACTOR_CORE]: game_actor get textures: 1
[2025.07.02 04:06:39.533 ms]:[INFO]:[PSAG_ACTOR_CORE]: game_actor render_comp init.
[2025.07.02 04:06:39.533 ms]:[INFO]:[PSAG_PHYSICS]: phy_world => body_data, name: ZPGamePhysics
[2025.07.02 04:06:39.533 ms]:[INFO]:[PSAG_PHYSICS]: body_data(dynamic) item: alloc key: 1633416959568
[2025.07.02 04:06:39.533 ms]:[INFO]:[PSAG_ACTOR_CORE]: game_actor entity create: 148
[2025.07.02 04:06:39.881 ms]:[INFO]:[PSAG_TOOL_NOTFIY]: station receive pair: PPActor/PPActorBullet, data_size: 12 bytes
[2025.07.02 04:06:39.881 ms]:[INFO]:[PSAG_ACTOR_CORE]: game_actor get textures: 1
[2025.07.02 04:06:39.881 ms]:[INFO]:[PSAG_ACTOR_CORE]: game_actor render_comp init.
[2025.07.02 04:06:39.881 ms]:[INFO]:[PSAG_PHYSICS]: phy_world => body_data, name: ZPGamePhysics
[2025.07.02 04:06:39.882 ms]:[INFO]:[PSAG_PHYSICS]: body_data(dynamic) item: alloc key: 1633416961920
[2025.07.02 04:06:39.882 ms]:[INFO]:[PSAG_ACTOR_CORE]: game_actor entity create: 150
[2025.07.02 04:06:40.128 ms]:[INFO]:[PSAG_TOOL_NOTFIY]: station receive pair: PPActor/PPActorBullet, data_size: 12 bytes
[2025.07.02 04:06:40.129 ms]:[INFO]:[PSAG_ACTOR_CORE]: game_actor get textures: 1
[2025.07.02 04:06:40.129 ms]:[INFO]:[PSAG_ACTOR_CORE]: game_actor render_comp init.
[2025.07.02 04:06:40.129 ms]:[INFO]:[PSAG_PHYSICS]: phy_world => body_data, name: ZPGamePhysics
[2025.07.02 04:06:40.130 ms]:[INFO]:[PSAG_PHYSICS]: body_data(dynamic) item: alloc key: 1633416962256
[2025.07.02 04:06:40.130 ms]:[INFO]:[PSAG_ACTOR_CORE]: game_actor entity create: 152
[2025.07.02 04:06:40.569 ms]:[INFO]:[PSAG_PHYSICS]: phy_world => body_data, name: ZPGamePhysics
[2025.07.02 04:06:40.570 ms]:[INFO]:[PSAG_PHYSICS]: body_data item: delete key: 1633421626528
[2025.07.02 04:06:40.570 ms]:[INFO]:[PSAG_ACTOR_CORE]: game_actor entity delete: 144
[2025.07.02 04:06:40.878 ms]:[INFO]:[PSAG_PHYSICS]: phy_world => body_data, name: ZPGamePhysics
[2025.07.02 04:06:40.878 ms]:[INFO]:[PSAG_PHYSICS]: body_data item: delete key: 1633421626720
[2025.07.02 04:06:40.879 ms]:[INFO]:[PSAG_ACTOR_CORE]: game_actor entity delete: 146
[2025.07.02 04:06:41.191 ms]:[INFO]:[PSAG_TOOL_NOTFIY]: station receive pair: PPActor/PPActorBullet, data_size: 12 bytes
[2025.07.02 04:06:41.191 ms]:[INFO]:[PSAG_ACTOR_CORE]: game_actor get textures: 1
[2025.07.02 04:06:41.191 ms]:[INFO]:[PSAG_ACTOR_CORE]: game_actor render_comp init.
[2025.07.02 04:06:41.192 ms]:[INFO]:[PSAG_PHYSICS]: phy_world => body_data, name: ZPGamePhysics
[2025.07.02 04:06:41.192 ms]:[INFO]:[PSAG_PHYSICS]: body_data(dynamic) item: alloc key: 1633416966960
[2025.07.02 04:06:41.192 ms]:[INFO]:[PSAG_ACTOR_CORE]: game_actor entity create: 154
[2025.07.02 04:06:41.361 ms]:[INFO]:[PSAG_PHYSICS]: phy_world => body_data, name: ZPGamePhysics
[2025.07.02 04:06:41.361 ms]:[INFO]:[PSAG_PHYSICS]: body_data item: delete key: 1633421626912
[2025.07.02 04:06:41.361 ms]:[INFO]:[PSAG_ACTOR_CORE]: game_actor entity delete: 148
[2025.07.02 04:06:41.558 ms]:[INFO]:[PSAG_PHYSICS]: phy_world => body_data, name: ZPGamePhysics
[2025.07.02 04:06:41.558 ms]:[INFO]:[PSAG_PHYSICS]: body_data item: delete key: 1633421627104
[2025.07.02 04:06:41.558 ms]:[INFO]:[PSAG_ACTOR_CORE]: game_actor entity delete: 150
[2025.07.02 04:06:41.644 ms]:[INFO]:[PSAG_PHYSICS]: phy_world => body_data, name: ZPGamePhysics
[2025.07.02 04:06:41.644 ms]:[INFO]:[PSAG_PHYSICS]: body_data item: delete key: 1633421627296
[2025.07.02 04:06:41.645 ms]:[INFO]:[PSAG_ACTOR_CORE]: game_actor entity delete: 152
[2025.07.02 04:06:41.657 ms]:[INFO]:[PSAG_TOOL_NOTFIY]: station receive pair: PPActor/PPActorBullet, data_size: 12 bytes
[2025.07.02 04:06:41.657 ms]:[INFO]:[PSAG_ACTOR_CORE]: game_actor get textures: 1
[2025.07.02 04:06:41.657 ms]:[INFO]:[PSAG_ACTOR_CORE]: game_actor render_comp init.
[2025.07.02 04:06:41.657 ms]:[INFO]:[PSAG_PHYSICS]: phy_world => body_data, name: ZPGamePhysics
[2025.07.02 04:06:41.657 ms]:[INFO]:[PSAG_PHYSICS]: body_data(dynamic) item: alloc key: 1633416959568
[2025.07.02 04:06:41.657 ms]:[INFO]:[PSAG_ACTOR_CORE]: game_actor entity create: 156
[2025.07.02 04:06:42.112 ms]:[INFO]:[PSAG_TOOL_NOTFIY]: station receive pair: PPActor/PPActorBullet, data_size: 12 bytes
[2025.07.02 04:06:42.112 ms]:[INFO]:[PSAG_ACTOR_CORE]: game_actor get textures: 1
[2025.07.02 04:06:42.112 ms]:[INFO]:[PSAG_ACTOR_CORE]: game_actor render_comp init.
[2025.07.02 04:06:42.112 ms]:[INFO]:[PSAG_PHYSICS]: phy_world => body_data, name: ZPGamePhysics
[2025.07.02 04:06:42.112 ms]:[INFO]:[PSAG_PHYSICS]: body_data(dynamic) item: alloc key: 1633416961920
[2025.07.02 04:06:42.113 ms]:[INFO]:[PSAG_ACTOR_CORE]: game_actor entity create: 158
[2025.07.02 04:06:42.810 ms]:[INFO]:[PSAG_PHYSICS]: phy_world => body_data, name: ZPGamePhysics
[2025.07.02 04:06:42.810 ms]:[INFO]:[PSAG_PHYSICS]: body_data item: delete key: 1633421626720
[2025.07.02 04:06:42.810 ms]:[INFO]:[PSAG_ACTOR_CORE]: game_actor entity delete: 154
[2025.07.02 04:06:42.961 ms]:[INFO]:[PSAG_PHYSICS]: phy_world => body_data, name: ZPGamePhysics
[2025.07.02 04:06:42.961 ms]:[INFO]:[PSAG_PHYSICS]: body_data item: delete key: 1633421627296
[2025.07.02 04:06:42.961 ms]:[INFO]:[PSAG_ACTOR_CORE]: game_actor entity delete: 156
[2025.07.02 04:06:42.994 ms]:[INFO]:[PSAG_TOOL_NOTFIY]: station receive pair: PPActor/PPActorBullet, data_size: 12 bytes
[2025.07.02 04:06:42.995 ms]:[INFO]:[PSAG_ACTOR_CORE]: game_actor get textures: 1
[2025.07.02 04:06:42.995 ms]:[INFO]:[PSAG_ACTOR_CORE]: game_actor render_comp init.
[2025.07.02 04:06:42.995 ms]:[INFO]:[PSAG_PHYSICS]: phy_world => body_data, name: ZPGamePhysics
[2025.07.02 04:06:42.995 ms]:[INFO]:[PSAG_PHYSICS]: body_data(dynamic) item: alloc key: 1633416966960
[2025.07.02 04:06:42.995 ms]:[INFO]:[PSAG_ACTOR_CORE]: game_actor entity create: 160
[2025.07.02 04:06:43.749 ms]:[INFO]:[PSAG_PHYSICS]: phy_world => body_data, name: ZPGamePhysics
[2025.07.02 04:06:43.749 ms]:[INFO]:[PSAG_PHYSICS]: body_data item: delete key: 1633421627104
[2025.07.02 04:06:43.749 ms]:[INFO]:[PSAG_ACTOR_CORE]: game_actor entity delete: 158
[2025.07.02 04:06:44.845 ms]:[INFO]:[PSAG_PHYSICS]: phy_world => body_data, name: ZPGamePhysics
[2025.07.02 04:06:44.845 ms]:[INFO]:[PSAG_PHYSICS]: body_data item: delete key: 1633421627296
[2025.07.02 04:06:44.845 ms]:[INFO]:[PSAG_ACTOR_CORE]: game_actor entity delete: 160
[2025.07.02 04:06:49.549 ms]:[INFO]:[PSAG_TOOL_NOTFIY]: station receive pair: PPActor/PPActorBullet, data_size: 12 bytes
[2025.07.02 04:06:49.549 ms]:[INFO]:[PSAG_ACTOR_CORE]: game_actor get textures: 1
[2025.07.02 04:06:49.549 ms]:[INFO]:[PSAG_ACTOR_CORE]: game_actor render_comp init.
[2025.07.02 04:06:49.549 ms]:[INFO]:[PSAG_PHYSICS]: phy_world => body_data, name: ZPGamePhysics
[2025.07.02 04:06:49.549 ms]:[INFO]:[PSAG_PHYSICS]: body_data(dynamic) item: alloc key: 1633416959568
[2025.07.02 04:06:49.550 ms]:[INFO]:[PSAG_ACTOR_CORE]: game_actor entity create: 162
[2025.07.02 04:06:49.899 ms]:[INFO]:[PSAG_TOOL_NOTFIY]: station receive pair: PPActor/PPActorBullet, data_size: 12 bytes
[2025.07.02 04:06:49.899 ms]:[INFO]:[PSAG_ACTOR_CORE]: game_actor get textures: 1
[2025.07.02 04:06:49.899 ms]:[INFO]:[PSAG_ACTOR_CORE]: game_actor render_comp init.
[2025.07.02 04:06:49.899 ms]:[INFO]:[PSAG_PHYSICS]: phy_world => body_data, name: ZPGamePhysics
[2025.07.02 04:06:49.899 ms]:[INFO]:[PSAG_PHYSICS]: body_data(dynamic) item: alloc key: 1633416961920
[2025.07.02 04:06:49.899 ms]:[INFO]:[PSAG_ACTOR_CORE]: game_actor entity create: 164
[2025.07.02 04:06:50.277 ms]:[INFO]:[PSAG_TOOL_NOTFIY]: station receive pair: PPActor/PPActorBullet, data_size: 12 bytes
[2025.07.02 04:06:50.277 ms]:[INFO]:[PSAG_ACTOR_CORE]: game_actor get textures: 1
[2025.07.02 04:06:50.277 ms]:[INFO]:[PSAG_ACTOR_CORE]: game_actor render_comp init.
[2025.07.02 04:06:50.277 ms]:[INFO]:[PSAG_PHYSICS]: phy_world => body_data, name: ZPGamePhysics
[2025.07.02 04:06:50.277 ms]:[INFO]:[PSAG_PHYSICS]: body_data(dynamic) item: alloc key: 1633416962256
[2025.07.02 04:06:50.277 ms]:[INFO]:[PSAG_ACTOR_CORE]: game_actor entity create: 166
[2025.07.02 04:06:50.671 ms]:[INFO]:[PSAG_TOOL_NOTFIY]: station receive pair: PPActor/PPActorBullet, data_size: 12 bytes
[2025.07.02 04:06:50.672 ms]:[INFO]:[PSAG_ACTOR_CORE]: game_actor get textures: 1
[2025.07.02 04:06:50.672 ms]:[INFO]:[PSAG_ACTOR_CORE]: game_actor render_comp init.
[2025.07.02 04:06:50.672 ms]:[INFO]:[PSAG_PHYSICS]: phy_world => body_data, name: ZPGamePhysics
[2025.07.02 04:06:50.672 ms]:[INFO]:[PSAG_PHYSICS]: body_data(dynamic) item: alloc key: 1633416966960
[2025.07.02 04:06:50.672 ms]:[INFO]:[PSAG_ACTOR_CORE]: game_actor entity create: 168
[2025.07.02 04:06:51.004 ms]:[INFO]:[PSAG_TOOL_NOTFIY]: station receive pair: PPActor/PPActorBullet, data_size: 12 bytes
[2025.07.02 04:06:51.004 ms]:[INFO]:[PSAG_ACTOR_CORE]: game_actor get textures: 1
[2025.07.02 04:06:51.005 ms]:[INFO]:[PSAG_ACTOR_CORE]: game_actor render_comp init.
[2025.07.02 04:06:51.005 ms]:[INFO]:[PSAG_PHYSICS]: phy_world => body_data, name: ZPGamePhysics
[2025.07.02 04:06:51.005 ms]:[INFO]:[PSAG_PHYSICS]: body_data(dynamic) item: alloc key: 1633416962592
[2025.07.02 04:06:51.005 ms]:[INFO]:[PSAG_ACTOR_CORE]: game_actor entity create: 170
[2025.07.02 04:06:52.171 ms]:[INFO]:[PSAG_PHYSICS]: phy_world => body_data, name: ZPGamePhysics
[2025.07.02 04:06:52.171 ms]:[INFO]:[PSAG_PHYSICS]: body_data item: delete key: 1633421627296
[2025.07.02 04:06:52.171 ms]:[INFO]:[PSAG_ACTOR_CORE]: game_actor entity delete: 162
[2025.07.02 04:06:52.351 ms]:[INFO]:[PSAG_PHYSICS]: phy_world => body_data, name: ZPGamePhysics
[2025.07.02 04:06:52.351 ms]:[INFO]:[PSAG_PHYSICS]: body_data item: delete key: 1633421627104
[2025.07.02 04:06:52.351 ms]:[INFO]:[PSAG_ACTOR_CORE]: game_actor entity delete: 164
[2025.07.02 04:06:52.545 ms]:[INFO]:[PSAG_PHYSICS]: phy_world => body_data, name: ZPGamePhysics
[2025.07.02 04:06:52.545 ms]:[INFO]:[PSAG_PHYSICS]: body_data item: delete key: 1633421626912
[2025.07.02 04:06:52.545 ms]:[INFO]:[PSAG_ACTOR_CORE]: game_actor entity delete: 168
[2025.07.02 04:06:52.567 ms]:[INFO]:[PSAG_PHYSICS]: phy_world => body_data, name: ZPGamePhysics
[2025.07.02 04:06:52.567 ms]:[INFO]:[PSAG_PHYSICS]: body_data item: delete key: 1633421626720
[2025.07.02 04:06:52.567 ms]:[INFO]:[PSAG_ACTOR_CORE]: game_actor entity delete: 166
[2025.07.02 04:06:53.194 ms]:[INFO]:[PSAG_PHYSICS]: phy_world => body_data, name: ZPGamePhysics
[2025.07.02 04:06:53.195 ms]:[INFO]:[PSAG_PHYSICS]: body_data item: delete key: 1633421626528
[2025.07.02 04:06:53.195 ms]:[INFO]:[PSAG_ACTOR_CORE]: game_actor entity delete: 170
[2025.07.02 04:06:53.577 ms]:[INFO]:[PSAG_TOOL_NOTFIY]: station receive pair: PPActor/PPActorBullet, data_size: 12 bytes
[2025.07.02 04:06:53.577 ms]:[INFO]:[PSAG_ACTOR_CORE]: game_actor get textures: 1
[2025.07.02 04:06:53.577 ms]:[INFO]:[PSAG_ACTOR_CORE]: game_actor render_comp init.
[2025.07.02 04:06:53.577 ms]:[INFO]:[PSAG_PHYSICS]: phy_world => body_data, name: ZPGamePhysics
[2025.07.02 04:06:53.577 ms]:[INFO]:[PSAG_PHYSICS]: body_data(dynamic) item: alloc key: 1633416961920
[2025.07.02 04:06:53.577 ms]:[INFO]:[PSAG_ACTOR_CORE]: game_actor entity create: 172
[2025.07.02 04:06:54.492 ms]:[INFO]:[PSAG_TOOL_NOTFIY]: station receive pair: PPActor/PPActorBullet, data_size: 12 bytes
[2025.07.02 04:06:54.492 ms]:[INFO]:[PSAG_ACTOR_CORE]: game_actor get textures: 1
[2025.07.02 04:06:54.492 ms]:[INFO]:[PSAG_ACTOR_CORE]: game_actor render_comp init.
[2025.07.02 04:06:54.492 ms]:[INFO]:[PSAG_PHYSICS]: phy_world => body_data, name: ZPGamePhysics
[2025.07.02 04:06:54.493 ms]:[INFO]:[PSAG_PHYSICS]: body_data(dynamic) item: alloc key: 1633416962256
[2025.07.02 04:06:54.493 ms]:[INFO]:[PSAG_ACTOR_CORE]: game_actor entity create: 174
[2025.07.02 04:06:56.588 ms]:[INFO]:[PSAG_PHYSICS]: phy_world => body_data, name: ZPGamePhysics
[2025.07.02 04:06:56.588 ms]:[INFO]:[PSAG_PHYSICS]: body_data item: delete key: 1633421626720
[2025.07.02 04:06:56.588 ms]:[INFO]:[PSAG_ACTOR_CORE]: game_actor entity delete: 174
[2025.07.02 04:06:58.741 ms]:[INFO]:[PSAG_PHYSICS]: phy_world => body_data, name: ZPGamePhysics
[2025.07.02 04:06:58.741 ms]:[INFO]:[PSAG_PHYSICS]: body_data item: delete key: 1633421626528
[2025.07.02 04:06:58.741 ms]:[INFO]:[PSAG_ACTOR_CORE]: game_actor entity delete: 172
[2025.07.02 04:07:04.163 ms]:[INFO]:[PSAG_OGL_RES]: rbo: delete key: 38
[2025.07.02 04:07:04.164 ms]:[INFO]:[PSAG_OGL_RES]: fbo: delete key: 48
[2025.07.02 04:07:04.164 ms]:[INFO]:[PSAG_OGL_RES]: fbo: delete key: 50
[2025.07.02 04:07:04.164 ms]:[INFO]:[PSAG_OGL_RES]: fbo: delete key: 46
[2025.07.02 04:07:04.164 ms]:[INFO]:[PSAG_OGL_RES]: fbo: delete key: 42
[2025.07.02 04:07:04.164 ms]:[TRACE]:[PSAG_OGL_RES]: tmu delete(space): 5
[2025.07.02 04:07:04.164 ms]:[INFO]:[PSAG_OGL_RES]: texture: delete key: 40
[2025.07.02 04:07:04.164 ms]:[INFO]:[PSAG_OGL_RES]: shader: delete key: 30
[2025.07.02 04:07:04.164 ms]:[INFO]:[PSAG_OGL_RES]: shader: delete key: 32
[2025.07.02 04:07:04.164 ms]:[INFO]:[PSAG_OGL_RES]: shader: delete key: 34
[2025.07.02 04:07:04.164 ms]:[INFO]:[PSAG_OGL_RES]: shader: delete key: 26
[2025.07.02 04:07:04.164 ms]:[INFO]:[PSAG_GL_POST]: graphics_engine free post_shader(system).
[2025.07.02 04:07:04.164 ms]:[INFO]:[PSAG_PHYSICS]: phy_world => body_data, name: ZPGamePhysics
[2025.07.02 04:07:04.164 ms]:[INFO]:[PSAG_PHYSICS]: body_data item: delete key: 1633421624992
[2025.07.02 04:07:04.164 ms]:[INFO]:[PSAG_ENVMT_CORE]: game_envmt item delete: 76
[2025.07.02 04:07:04.164 ms]:[INFO]:[PSAG_PHYSICS]: phy_world => body_data, name: ZPGamePhysics
[2025.07.02 04:07:04.164 ms]:[INFO]:[PSAG_PHYSICS]: body_data item: delete key: 1633421624224
[2025.07.02 04:07:04.164 ms]:[INFO]:[PSAG_ENVMT_CORE]: game_envmt item delete: 68
[2025.07.02 04:07:04.164 ms]:[INFO]:[PSAG_PHYSICS]: phy_world => body_data, name: ZPGamePhysics
[2025.07.02 04:07:04.164 ms]:[INFO]:[PSAG_PHYSICS]: body_data item: delete key: 1633421624416
[2025.07.02 04:07:04.164 ms]:[INFO]:[PSAG_ENVMT_CORE]: game_envmt item delete: 70
[2025.07.02 04:07:04.164 ms]:[INFO]:[PSAG_PHYSICS]: phy_world => body_data, name: ZPGamePhysics
[2025.07.02 04:07:04.164 ms]:[INFO]:[PSAG_PHYSICS]: body_data item: delete key: 1633421624608
[2025.07.02 04:07:04.164 ms]:[INFO]:[PSAG_ENVMT_CORE]: game_envmt item delete: 72
[2025.07.02 04:07:04.165 ms]:[INFO]:[PSAG_PHYSICS]: phy_world => body_data, name: ZPGamePhysics
[2025.07.02 04:07:04.165 ms]:[INFO]:[PSAG_PHYSICS]: body_data item: delete key: 1633421624800
[2025.07.02 04:07:04.165 ms]:[INFO]:[PSAG_ENVMT_CORE]: game_envmt item delete: 74
[2025.07.02 04:07:04.165 ms]:[INFO]:[PSAG_GAMECORE_MAG]: game_envmt manager system delete.
[2025.07.02 04:07:04.165 ms]:[INFO]:[PSAG_GL_DATASET]: layers_manager delete_count(space): 0
[2025.07.02 04:07:04.165 ms]:[INFO]:[PSAG_GL_DATASET]: vir_texture item: delete key: 52
[2025.07.02 04:07:04.165 ms]:[INFO]:[PSAG_OGL_RES]: shader: delete key: 60
[2025.07.02 04:07:04.165 ms]:[INFO]:[PSAG_ACTOR_CORE]: game_actor shader delete.
[2025.07.02 04:07:04.165 ms]:[INFO]:[PSAG_OGL_RES]: shader: delete key: 56
[2025.07.02 04:07:04.165 ms]:[INFO]:[PSAG_ACTOR_CORE]: game_actor shader delete.
[2025.07.02 04:07:04.165 ms]:[INFO]:[PSAG_GL_DATASET]: layers_manager delete_count(space): 1
[2025.07.02 04:07:04.165 ms]:[INFO]:[PSAG_GL_DATASET]: vir_texture item: delete key: 54
[2025.07.02 04:07:04.165 ms]:[INFO]:[PSAG_OGL_RES]: shader: delete key: 64
[2025.07.02 04:07:04.165 ms]:[INFO]:[PSAG_ACTOR_CORE]: game_actor shader delete.
[2025.07.02 04:07:04.165 ms]:[INFO]:[PSAG_GAMECORE_MAG]: actor_shader manager system delete.
[2025.07.02 04:07:04.165 ms]:[INFO]:[PSAG_PHYSICS]: phy_world => body_data, name: ZPGamePhysics
[2025.07.02 04:07:04.165 ms]:[INFO]:[PSAG_PHYSICS]: body_data item: delete key: 1633421625184
[2025.07.02 04:07:04.165 ms]:[INFO]:[PSAG_ACTOR_CORE]: game_actor entity delete: 90
[2025.07.02 04:07:04.165 ms]:[INFO]:[PSAG_GL_DATASET]: layers_manager delete_count(space): 0
[2025.07.02 04:07:04.165 ms]:[INFO]:[PSAG_GL_DATASET]: vir_texture item: delete key: 78
[2025.07.02 04:07:04.165 ms]:[INFO]:[PSAG_OGL_RES]: shader: delete key: 82
[2025.07.02 04:07:04.165 ms]:[INFO]:[PSAG_ACTOR_CORE]: game_actor shader delete.
[2025.07.02 04:07:04.165 ms]:[INFO]:[PSAG_GL_DATASET]: layers_manager delete_count(space): 1
[2025.07.02 04:07:04.166 ms]:[INFO]:[PSAG_GL_DATASET]: vir_texture item: delete key: 80
[2025.07.02 04:07:04.166 ms]:[INFO]:[PSAG_OGL_RES]: shader: delete key: 86
[2025.07.02 04:07:04.166 ms]:[INFO]:[PSAG_ACTOR_CORE]: game_actor shader delete.
[2025.07.02 04:07:04.166 ms]:[INFO]:[PSAG_GAMECORE_MAG]: actor_shader manager system delete.
[2025.07.02 04:07:04.166 ms]:[INFO]:[PSAG_GL_DATASET]: layers_manager delete_count(space): 0
[2025.07.02 04:07:04.166 ms]:[INFO]:[PSAG_GL_DATASET]: vir_texture item: delete key: 104
[2025.07.02 04:07:04.166 ms]:[INFO]:[PSAG_OGL_RES]: shader: delete key: 108
[2025.07.02 04:07:04.166 ms]:[INFO]:[PSAG_ACTOR_CORE]: game_actor shader delete.
[2025.07.02 04:07:04.166 ms]:[INFO]:[PSAG_GL_DATASET]: layers_manager delete_count(space): 0
[2025.07.02 04:07:04.166 ms]:[INFO]:[PSAG_GL_DATASET]: vir_texture item: delete key: 106
[2025.07.02 04:07:04.166 ms]:[INFO]:[PSAG_OGL_RES]: shader: delete key: 112
[2025.07.02 04:07:04.166 ms]:[INFO]:[PSAG_ACTOR_CORE]: game_actor shader delete.
[2025.07.02 04:07:04.166 ms]:[INFO]:[PSAG_GAMECORE_MAG]: actor_shader manager system delete.
[2025.07.02 04:07:04.166 ms]:[INFO]:[PSAG_GAMECORE_MAG]: game_actor manager system delete.
[2025.07.02 04:07:04.166 ms]:[INFO]:[PSAG_GL_PVFX]: psag_fx image_view system free.
[2025.07.02 04:07:04.166 ms]:[INFO]:[PSAG_GL_PVFX]: psag_fx image_view system free.
[2025.07.02 04:07:04.166 ms]:[INFO]:[PSAG_GL_PVFX]: psag_fx image_view system free.
[2025.07.02 04:07:04.166 ms]:[INFO]:[PSAG_GL_PVFX]: psag_fx image_view system free.
[2025.07.02 04:07:04.166 ms]:[INFO]:[PSAG_GL_PVFX]: psag_fx image_view system free.
[2025.07.02 04:07:04.166 ms]:[INFO]:[PSAG_GL_PVFX]: psag_fx image_view system free.
[2025.07.02 04:07:04.166 ms]:[INFO]:[PSAG_OGL_RES]: vao: delete key: 4
[2025.07.02 04:07:04.166 ms]:[INFO]:[PSAG_OGL_RES]: vbo: delete key: 6
[2025.07.02 04:07:04.166 ms]:[INFO]:[PSAG_OGL_RES]: vao: delete key: 8
[2025.07.02 04:07:04.166 ms]:[INFO]:[PSAG_OGL_RES]: vbo: delete key: 10
[2025.07.02 04:07:04.167 ms]:[TRACE]:[PSAG_OGL_RES]: tmu delete(space): 1
[2025.07.02 04:07:04.167 ms]:[TRACE]:[PSAG_OGL_RES]: tmu delete(space): 2
[2025.07.02 04:07:04.167 ms]:[TRACE]:[PSAG_OGL_RES]: tmu delete(space): 3
[2025.07.02 04:07:04.167 ms]:[TRACE]:[PSAG_OGL_RES]: tmu delete(space): 4
[2025.07.02 04:07:04.195 ms]:[INFO]:[PSAG_OGL_RES]: texture: delete key: 16
[2025.07.02 04:07:04.209 ms]:[INFO]:[PSAG_OGL_RES]: texture: delete key: 18
[2025.07.02 04:07:04.215 ms]:[INFO]:[PSAG_OGL_RES]: texture: delete key: 20
[2025.07.02 04:07:04.217 ms]:[INFO]:[PSAG_OGL_RES]: texture: delete key: 22
[2025.07.02 04:07:04.421 ms]:[TRACE]:[PSAG_AUDIO]: audio(openal) global free_context & close_device.
[2025.07.02 04:07:04.422 ms]:[INFO]:[PSAG_PHYSICS]: physics_world item: free_bodies: 0, delete key: DEFAULT_PHY_WORLD
[2025.07.02 04:07:04.426 ms]:[INFO]:[PSAG_IMGUI]: imgui_free: imgui_opengl3 context.
[2025.07.02 04:07:04.426 ms]:[TRACE]:[PSAG_AUDIO_DATA]: free resource(raw_audio): 0 bytes
[2025.07.02 04:07:04.426 ms]:[INFO]:[PSAG_AUDIO_DATA]: LLRES static_object() delete.
[2025.07.02 04:07:04.426 ms]:[TRACE]:[PSAG_OGL_RES]: free resource(shader): 2 items
[2025.07.02 04:07:04.426 ms]:[TRACE]:[PSAG_OGL_RES]: free resource(texture): 0 items
[2025.07.02 04:07:04.426 ms]:[TRACE]:[PSAG_OGL_RES]: free resource(vertex_buffer): 0 items
[2025.07.02 04:07:04.426 ms]:[TRACE]:[PSAG_OGL_RES]: free resource(vertex_attribute): 0 items
[2025.07.02 04:07:04.427 ms]:[TRACE]:[PSAG_OGL_RES]: free resource(frame_buffer): 1 items
[2025.07.02 04:07:04.427 ms]:[TRACE]:[PSAG_OGL_RES]: free resource(render_buffer): 0 items
[2025.07.02 04:07:04.427 ms]:[TRACE]:[PSAG_OGL_RES]: free resource(uniform_buffer): 1 items
[2025.07.02 04:07:04.428 ms]:[INFO]:[PSAG_LLRES]: graph static_object(graphics) delete.
[2025.07.02 04:07:04.451 ms]:[INFO]:[PSAG_WINDOW]: fw_window free: glfw context.
[2025.07.02 04:07:04.805 ms]:[TRACE]:[PSAG_M_MAINEVENT]: async_events execution end.
[2025.07.02 04:07:04.806 ms]:[INFO]:[PSAG_M_START]: free framework ret_code: 1
