[2025.07.02 04:10:30.775 ms]:[INFO]:[PSAG_LOGGER]: start thread success.
[2025.07.02 04:10:30.776 ms]:[INFO]:[PSAG_LOGGER]: create log_file: PSAGameSystemLogs/993559561771400.log
[2025.07.02 04:10:30.776 ms]:[INFO]:[PSAG_M_START]: core_start objects(frm) total: only
[2025.07.02 04:10:30.776 ms]:[INFO]:[PSAG_M_START]: core_start objects(net) total: 0
[2025.07.02 04:10:30.776 ms]:[INFO]:[PSAG_M_START]: core_start objects(ext) total: 0
[2025.07.02 04:10:30.776 ms]:[TRACE]:[PSAG_M_MAINEVENT]: async_event add item_id: 671437876960
[2025.07.02 04:10:30.776 ms]:[INFO]:[PSAG_M_MAINEVENT]: async_events executing...
[2025.07.02 04:10:30.777 ms]:[INFO]:[PSAG_FILESYS_LOAD]: load(src) read_file: PSAGameFrameworkCore/framework_config.json read_size: 463
[2025.07.02 04:10:30.777 ms]:[INFO]:[PSAG_FILESYS_LOAD]: load(src) read_file: PSAGameFrameworkCore/framework_config_shaders.json read_size: 1329
[2025.07.02 04:10:30.777 ms]:[INFO]:[PSAG_FILESYS_LOAD]: load(src) read_file: PSAGameFrameworkCore/CoreShaderScript/public/psag_graph_template_actor.vert read_size: 984
[2025.07.02 04:10:30.778 ms]:[INFO]:[PSAG_FILESYS_LOAD]: load(src) read_file: PSAGameFrameworkCore/CoreShaderScript/public/psag_graph_template.vert read_size: 737
[2025.07.02 04:10:30.778 ms]:[INFO]:[PSAG_FILESYS_LOAD]: load(src) read_file: PSAGameFrameworkCore/CoreShaderScript/public/psag_graph_tools.frag read_size: 933
[2025.07.02 04:10:30.778 ms]:[INFO]:[PSAG_FILESYS_LOAD]: load(src) read_file: PSAGameFrameworkCore/CoreShaderScript/public/psag_graph_header.frag read_size: 202
[2025.07.02 04:10:30.778 ms]:[INFO]:[PSAG_FILESYS_LOAD]: load(src) read_file: PSAGameFrameworkCore/CoreShaderScript/private/psag_graph_final_vollight.frag read_size: 1670
[2025.07.02 04:10:30.778 ms]:[INFO]:[PSAG_FILESYS_LOAD]: load(src) read_file: PSAGameFrameworkCore/CoreShaderScript/private/psag_graph_final_multfilter.frag read_size: 356
[2025.07.02 04:10:30.778 ms]:[INFO]:[PSAG_FILESYS_LOAD]: load(src) read_file: PSAGameFrameworkCore/CoreShaderScript/private/psag_graph_final_blurh.frag read_size: 783
[2025.07.02 04:10:30.778 ms]:[INFO]:[PSAG_FILESYS_LOAD]: load(src) read_file: PSAGameFrameworkCore/CoreShaderScript/private/psag_graph_final_blurv.frag read_size: 778
[2025.07.02 04:10:30.778 ms]:[INFO]:[PSAG_FILESYS_LOAD]: load(src) read_file: PSAGameFrameworkCore/CoreShaderScript/private/psag_graph_final.frag read_size: 1243
[2025.07.02 04:10:30.779 ms]:[INFO]:[PSAG_FILESYS_LOAD]: load(src) read_file: PSAGameFrameworkCore/CoreShaderScript/private/psag_graph_background.frag read_size: 1107
[2025.07.02 04:10:30.779 ms]:[INFO]:[PSAG_FILESYS_LOAD]: load(src) read_file: PSAGameFrameworkCore/CoreShaderScript/private/psag_graph_particle.frag read_size: 1255
[2025.07.02 04:10:30.779 ms]:[INFO]:[PSAG_FILESYS_LOAD]: load(src) read_file: PSAGameFrameworkCore/CoreShaderScript/private/psag_graph_fx_sequence.frag read_size: 543
[2025.07.02 04:10:30.779 ms]:[INFO]:[PSAG_GL_GLSL]: graphics_engine config system_glsl.
[2025.07.02 04:10:30.779 ms]:[TRACE]:[PSAG_M_CORE]: core framework init,config...
[2025.07.02 04:10:30.820 ms]:[INFO]:[PSAG_WINDOW]: init opengl_glfw.
[2025.07.02 04:10:31.165 ms]:[WARNING]:[PSAG_WINDOW]: <F:\PSAFrameworkProject\PSAGameFramework\PSAGameFramework\PSAGameFrameworkCore\LLWindowGui\framework_window_system.cpp:__LINE__> failed fw_window load: icon_image.
[2025.07.02 04:10:31.223 ms]:[INFO]:[PSAG_OGL_INIT]: framework_graphics logger function_ptr: 297969d
[2025.07.02 04:10:31.223 ms]:[INFO]:[PSAG_OGL_INIT]: framework_graphics shader gl_version: 
[2025.07.02 04:10:31.225 ms]:[TRACE]:[PSAG_OGL_INIT]: framework_graphics config init...
[2025.07.02 04:10:31.226 ms]:[INFO]:[PSAG_OGL_INFORMATION]: device gpu supplier: NVIDIA Corporation
[2025.07.02 04:10:31.226 ms]:[INFO]:[PSAG_OGL_INFORMATION]: device gpu model: NVIDIA GeForce RTX 4060 Laptop GPU/PCIe/SSE2
[2025.07.02 04:10:31.226 ms]:[INFO]:[PSAG_OGL_INFORMATION]: device version opengl: 4.6.0 NVIDIA 576.57
[2025.07.02 04:10:31.226 ms]:[INFO]:[PSAG_OGL_INFORMATION]: device version glsl: 4.60 NVIDIA
[2025.07.02 04:10:31.226 ms]:[PERF]:[PSAG_OGL_INFORMATION]: device memory[capacity]: 8188.00 mib
[2025.07.02 04:10:31.226 ms]:[INFO]:[PSAG_OGL_INFORMATION]: device (vao)attribs_max units: 16 entry
[2025.07.02 04:10:31.226 ms]:[INFO]:[PSAG_OGL_INFORMATION]: device (vbo)buffer_max units: 4096 entry
[2025.07.02 04:10:31.226 ms]:[INFO]:[PSAG_OGL_INFORMATION]: device [tmu]texture_max units: 32 entry
[2025.07.02 04:10:31.226 ms]:[INFO]:[PSAG_OGL_INFORMATION]: device (vert)uniform_max items: 4096
[2025.07.02 04:10:31.226 ms]:[INFO]:[PSAG_OGL_INFORMATION]: device (frag)uniform_max items: 4096
[2025.07.02 04:10:31.226 ms]:[INFO]:[PSAG_LLRES]: graph static_object(graphics) create.
[2025.07.02 04:10:31.226 ms]:[INFO]:[PSAG_AUDIO_DATA]: LLRES static_object() create.
[2025.07.02 04:10:31.226 ms]:[INFO]:[PSAG_OGL_RES]: vao: storage key: 4
[2025.07.02 04:10:31.226 ms]:[INFO]:[PSAG_OGL_RES]: vbo: storage key: 6
[2025.07.02 04:10:31.226 ms]:[TRACE]:[PSAG_GL_DATASET]: dynamic vertex data manager_create.
[2025.07.02 04:10:31.226 ms]:[INFO]:[PSAG_OGL_RES]: vao: storage key: 8
[2025.07.02 04:10:31.226 ms]:[INFO]:[PSAG_OGL_RES]: vbo: storage key: 10
[2025.07.02 04:10:31.227 ms]:[INFO]:[PSAG_GL_DATASET]: ver_data(stc) upload gpu_data: 72 bytes
[2025.07.02 04:10:31.227 ms]:[INFO]:[PSAG_GL_DATASET]: ver_data(stc) item: alloc key: 12
[2025.07.02 04:10:31.227 ms]:[INFO]:[PSAG_GL_DATASET]: preset craete: rectangle.
[2025.07.02 04:10:31.228 ms]:[INFO]:[PSAG_GL_DATASET]: ver_data(stc) upload gpu_data: 2868 bytes
[2025.07.02 04:10:31.228 ms]:[INFO]:[PSAG_GL_DATASET]: ver_data(stc) item: alloc key: 14
[2025.07.02 04:10:31.228 ms]:[INFO]:[PSAG_GL_DATASET]: preset craete: circle.
[2025.07.02 04:10:31.228 ms]:[TRACE]:[PSAG_GL_DATASET]: static vertex data manager_create.
[2025.07.02 04:10:31.228 ms]:[TRACE]:[PSAG_OGL_RES]: tmu alloc u: 1
[2025.07.02 04:10:31.228 ms]:[TRACE]:[PSAG_OGL_RES]: tmu alloc u: 2
[2025.07.02 04:10:31.228 ms]:[TRACE]:[PSAG_OGL_RES]: tmu alloc u: 3
[2025.07.02 04:10:31.228 ms]:[TRACE]:[PSAG_OGL_RES]: tmu alloc u: 4
[2025.07.02 04:10:31.228 ms]:[INFO]:[PSAG_OGL_TEXTURE]: texture.2d(array) object create.
[2025.07.02 04:10:31.228 ms]:[INFO]:[PSAG_OGL_TEXTURE]: texture create, succ: size: 4096 x 4096, layers: 5.
[2025.07.02 04:10:31.228 ms]:[INFO]:[PSAG_OGL_TEXTURE]: texture.2d(array) object create.
[2025.07.02 04:10:31.228 ms]:[INFO]:[PSAG_OGL_TEXTURE]: texture create, succ: size: 2048 x 2048, layers: 10.
[2025.07.02 04:10:31.228 ms]:[INFO]:[PSAG_OGL_TEXTURE]: texture.2d(array) object create.
[2025.07.02 04:10:31.228 ms]:[INFO]:[PSAG_OGL_TEXTURE]: texture create, succ: size: 1024 x 1024, layers: 20.
[2025.07.02 04:10:31.228 ms]:[INFO]:[PSAG_OGL_TEXTURE]: texture.2d(array) object create.
[2025.07.02 04:10:31.228 ms]:[INFO]:[PSAG_OGL_TEXTURE]: texture create, succ: size: 512 x 512, layers: 25.
[2025.07.02 04:10:31.228 ms]:[INFO]:[PSAG_OGL_RES]: texture: storage key: 16
[2025.07.02 04:10:31.228 ms]:[INFO]:[PSAG_OGL_RES]: texture: storage key: 18
[2025.07.02 04:10:31.228 ms]:[INFO]:[PSAG_OGL_RES]: texture: storage key: 20
[2025.07.02 04:10:31.228 ms]:[INFO]:[PSAG_OGL_RES]: texture: storage key: 22
[2025.07.02 04:10:31.229 ms]:[TRACE]:[PSAG_GL_DATASET]: vir_create texture[8x] size: 4096 x 4096
[2025.07.02 04:10:31.229 ms]:[TRACE]:[PSAG_GL_DATASET]: vir_create texture[4x] size: 2048 x 2048
[2025.07.02 04:10:31.229 ms]:[TRACE]:[PSAG_GL_DATASET]: vir_create texture[2x] size: 1024 x 1024
[2025.07.02 04:10:31.229 ms]:[TRACE]:[PSAG_GL_DATASET]: vir_create texture[1x] size: 512 x 512
[2025.07.02 04:10:31.229 ms]:[INFO]:[PSAG_OGL_UNIFORM]: uniform_buffer.gen create.
[2025.07.02 04:10:31.229 ms]:[INFO]:[PSAG_OGL_RES]: ubo: storage key: 24
[2025.07.02 04:10:31.229 ms]:[INFO]:[PSAG_GL_MATRIX]: graphics_engine create matrix ubo.
[2025.07.02 04:10:32.330 ms]:[TRACE]:[PSAG_AUDIO]: audio(openal) global create device & context.
[2025.07.02 04:10:32.330 ms]:[INFO]:[PSAG_PHYSICS]: physics_world item: alloc key: DEFAULT_PHY_WORLD
[2025.07.02 04:10:32.331 ms]:[INFO]:[PSAG_OGL_SHADER]: vertex_shader source script num: 1
[2025.07.02 04:10:32.331 ms]:[INFO]:[PSAG_OGL_SHADER]: vertex compilation succeeded.
[2025.07.02 04:10:32.331 ms]:[INFO]:[PSAG_OGL_SHADER]: fragment_shader source script num: 2
[2025.07.02 04:10:32.331 ms]:[INFO]:[PSAG_OGL_SHADER]: fragment compilation succeeded.
[2025.07.02 04:10:32.332 ms]:[INFO]:[PSAG_OGL_SHADER]: shader_program link succeeded.
[2025.07.02 04:10:32.332 ms]:[INFO]:[PSAG_OGL_RES]: shader: storage key: 26
[2025.07.02 04:10:32.333 ms]:[INFO]:[PSAG_OGL_SHADER]: vertex_shader source script num: 1
[2025.07.02 04:10:32.333 ms]:[INFO]:[PSAG_OGL_SHADER]: vertex compilation succeeded.
[2025.07.02 04:10:32.333 ms]:[INFO]:[PSAG_OGL_SHADER]: fragment_shader source script num: 2
[2025.07.02 04:10:32.333 ms]:[INFO]:[PSAG_OGL_SHADER]: fragment compilation succeeded.
[2025.07.02 04:10:32.333 ms]:[INFO]:[PSAG_OGL_SHADER]: shader_program link succeeded.
[2025.07.02 04:10:32.333 ms]:[INFO]:[PSAG_OGL_RES]: shader: storage key: 28
[2025.07.02 04:10:32.334 ms]:[INFO]:[PSAG_OGL_SHADER]: vertex_shader source script num: 1
[2025.07.02 04:10:32.334 ms]:[INFO]:[PSAG_OGL_SHADER]: vertex compilation succeeded.
[2025.07.02 04:10:32.334 ms]:[INFO]:[PSAG_OGL_SHADER]: fragment_shader source script num: 3
[2025.07.02 04:10:32.334 ms]:[INFO]:[PSAG_OGL_SHADER]: fragment compilation succeeded.
[2025.07.02 04:10:32.334 ms]:[INFO]:[PSAG_OGL_SHADER]: shader_program link succeeded.
[2025.07.02 04:10:32.334 ms]:[INFO]:[PSAG_OGL_RES]: shader: storage key: 30
[2025.07.02 04:10:32.335 ms]:[INFO]:[PSAG_OGL_SHADER]: vertex_shader source script num: 1
[2025.07.02 04:10:32.335 ms]:[INFO]:[PSAG_OGL_SHADER]: vertex compilation succeeded.
[2025.07.02 04:10:32.335 ms]:[INFO]:[PSAG_OGL_SHADER]: fragment_shader source script num: 3
[2025.07.02 04:10:32.335 ms]:[INFO]:[PSAG_OGL_SHADER]: fragment compilation succeeded.
[2025.07.02 04:10:32.336 ms]:[INFO]:[PSAG_OGL_SHADER]: shader_program link succeeded.
[2025.07.02 04:10:32.336 ms]:[INFO]:[PSAG_OGL_RES]: shader: storage key: 32
[2025.07.02 04:10:32.336 ms]:[INFO]:[PSAG_OGL_SHADER]: vertex_shader source script num: 1
[2025.07.02 04:10:32.336 ms]:[INFO]:[PSAG_OGL_SHADER]: vertex compilation succeeded.
[2025.07.02 04:10:32.336 ms]:[INFO]:[PSAG_OGL_SHADER]: fragment_shader source script num: 3
[2025.07.02 04:10:32.337 ms]:[INFO]:[PSAG_OGL_SHADER]: fragment compilation succeeded.
[2025.07.02 04:10:32.337 ms]:[INFO]:[PSAG_OGL_SHADER]: shader_program link succeeded.
[2025.07.02 04:10:32.337 ms]:[INFO]:[PSAG_OGL_RES]: shader: storage key: 34
[2025.07.02 04:10:32.337 ms]:[INFO]:[PSAG_GL_DATASET]: ver_data(stc) upload gpu_data: 2940 bytes
[2025.07.02 04:10:32.338 ms]:[INFO]:[PSAG_GL_DATASET]: ver_data(stc) item: alloc key: 36
[2025.07.02 04:10:32.338 ms]:[INFO]:[PSAG_OGL_RENDER]: render_buffer object create.
[2025.07.02 04:10:32.338 ms]:[INFO]:[PSAG_OGL_RENDER]: render_buffer config depth.
[2025.07.02 04:10:32.338 ms]:[INFO]:[PSAG_OGL_RENDER]: alloc render_buffer 1680 x 945, size: 6.056 mib.
[2025.07.02 04:10:32.338 ms]:[INFO]:[PSAG_OGL_RES]: rbo: storage key: 38
[2025.07.02 04:10:32.338 ms]:[TRACE]:[PSAG_OGL_RES]: tmu alloc u: 5
[2025.07.02 04:10:32.338 ms]:[INFO]:[PSAG_OGL_TEXTURE]: texture.2d(array) object create.
[2025.07.02 04:10:32.339 ms]:[INFO]:[PSAG_OGL_TEXTURE]: texture create, succ: size: 1680 x 945, layers: 5.
[2025.07.02 04:10:32.339 ms]:[INFO]:[PSAG_OGL_RES]: texture: storage key: 40
[2025.07.02 04:10:32.339 ms]:[INFO]:[PSAG_OGL_FRAME]: frame_buffer object create.
[2025.07.02 04:10:32.346 ms]:[INFO]:[PSAG_OGL_RES]: fbo: storage key: 42
[2025.07.02 04:10:32.346 ms]:[INFO]:[PSAG_OGL_FRAME]: frame_buffer object create.
[2025.07.02 04:10:32.346 ms]:[INFO]:[PSAG_OGL_RES]: fbo: storage key: 44
[2025.07.02 04:10:32.347 ms]:[INFO]:[PSAG_OGL_FRAME]: frame_buffer object create.
[2025.07.02 04:10:32.347 ms]:[INFO]:[PSAG_OGL_RES]: fbo: storage key: 46
[2025.07.02 04:10:32.347 ms]:[INFO]:[PSAG_OGL_FRAME]: frame_buffer object create.
[2025.07.02 04:10:32.348 ms]:[INFO]:[PSAG_OGL_RES]: fbo: storage key: 48
[2025.07.02 04:10:32.348 ms]:[INFO]:[PSAG_OGL_FRAME]: frame_buffer object create.
[2025.07.02 04:10:32.348 ms]:[INFO]:[PSAG_OGL_RES]: fbo: storage key: 50
[2025.07.02 04:10:32.348 ms]:[INFO]:[PSAG_GL_POST]: graphics_engine create final_shader(system).
[2025.07.02 04:10:32.349 ms]:[INFO]:[PSAG_IMGUI]: imgui_read: fonts file: PSAGameSystemFiles/JetBrainsMonoBold.ttf
[2025.07.02 04:10:32.351 ms]:[INFO]:[PSAG_IMGUI]: imgui_init: imgui_opengl3 context.
[2025.07.02 04:10:32.351 ms]:[TRACE]:[PSAG_M_CORE]: registration ref_object name: ZPGameScene
[2025.07.02 04:10:32.351 ms]:[TRACE]:[PSAG_M_CORE]: registration ref_object name: ZPGamePActor
[2025.07.02 04:10:32.351 ms]:[TRACE]:[PSAG_M_CORE]: registration ref_object name: ZPGameBullet
[2025.07.02 04:10:32.351 ms]:[TRACE]:[PSAG_M_CORE]: registration ref_object name: ZPGameGui
[2025.07.02 04:10:32.351 ms]:[INFO]:[PSAG_PHYSICS]: physics_world item: alloc key: ZPGamePhysics
[2025.07.02 04:10:32.352 ms]:[INFO]:[PSAG_FILESYS_LOAD]: load(src) read_file: PSAGameFrameworkDev/GameZeroProject/GameMaterial/zpgame_wall_h.png read_size: 22012
[2025.07.02 04:10:32.352 ms]:[INFO]:[PSAG_FILESYS_LOAD]: load(src) read_file: PSAGameFrameworkDev/GameZeroProject/GameMaterial/zpgame_wall_v.png read_size: 44017
[2025.07.02 04:10:32.352 ms]:[INFO]:[PSAG_ACTOR_CORE]: game_actor shader create: 1680 x 945
[2025.07.02 04:10:32.352 ms]:[INFO]:[PSAG_ACTOR_CORE]: game_actor shader create: 1680 x 945
[2025.07.02 04:10:32.365 ms]:[INFO]:[PSAG_OGL_IMG]: success decode image: size: 4096 x 208, color_channel: 4
[2025.07.02 04:10:32.366 ms]:[INFO]:[PSAG_GL_DATASET]: layers_manager alloc_count: 0
[2025.07.02 04:10:32.413 ms]:[INFO]:[PSAG_GL_DATASET]: vir_texture: src: 4096 x 208, fmt_fill: 4096 x 4096
[2025.07.02 04:10:32.448 ms]:[INFO]:[PSAG_GL_DATASET]: vir_texture item: alloc key: 52, cropping: 1.00 x 0.05, res: 1x/1
[2025.07.02 04:10:32.455 ms]:[INFO]:[PSAG_ACTOR_CORE]: game_actor shader texture add, name: WallH
[2025.07.02 04:10:32.455 ms]:[INFO]:[PSAG_ACTOR_CORE]: game_actor shader create: 1680 x 945
[2025.07.02 04:10:32.468 ms]:[INFO]:[PSAG_OGL_IMG]: success decode image: size: 208 x 4096, color_channel: 4
[2025.07.02 04:10:32.469 ms]:[INFO]:[PSAG_GL_DATASET]: layers_manager alloc_count: 1
[2025.07.02 04:10:32.516 ms]:[INFO]:[PSAG_GL_DATASET]: vir_texture: src: 208 x 4096, fmt_fill: 4096 x 4096
[2025.07.02 04:10:32.552 ms]:[INFO]:[PSAG_GL_DATASET]: vir_texture item: alloc key: 54, cropping: 0.05 x 1.00, res: 1x/1
[2025.07.02 04:10:32.558 ms]:[INFO]:[PSAG_ACTOR_CORE]: game_actor shader texture add, name: WallV
[2025.07.02 04:10:32.559 ms]:[INFO]:[PSAG_ACTOR_CORE]: game_actor shader load textures: 0
[2025.07.02 04:10:32.559 ms]:[INFO]:[PSAG_OGL_SHADER]: vertex_shader source script num: 1
[2025.07.02 04:10:32.559 ms]:[INFO]:[PSAG_OGL_SHADER]: vertex compilation succeeded.
[2025.07.02 04:10:32.559 ms]:[INFO]:[PSAG_OGL_SHADER]: fragment_shader source script num: 2
[2025.07.02 04:10:32.559 ms]:[INFO]:[PSAG_OGL_SHADER]: fragment compilation succeeded.
[2025.07.02 04:10:32.559 ms]:[INFO]:[PSAG_OGL_SHADER]: shader_program link succeeded.
[2025.07.02 04:10:32.559 ms]:[INFO]:[PSAG_OGL_RES]: shader: storage key: 56
[2025.07.02 04:10:32.559 ms]:[INFO]:[PSAG_ACTOR_CORE]: game_actor shader default_res create.
[2025.07.02 04:10:32.559 ms]:[INFO]:[PSAG_ACTOR_CORE]: game_actor shader load textures: 1
[2025.07.02 04:10:32.559 ms]:[INFO]:[PSAG_OGL_SHADER]: vertex_shader source script num: 1
[2025.07.02 04:10:32.559 ms]:[INFO]:[PSAG_OGL_SHADER]: vertex compilation succeeded.
[2025.07.02 04:10:32.559 ms]:[INFO]:[PSAG_OGL_SHADER]: fragment_shader source script num: 3
[2025.07.02 04:10:32.559 ms]:[INFO]:[PSAG_OGL_SHADER]: fragment compilation succeeded.
[2025.07.02 04:10:32.559 ms]:[INFO]:[PSAG_OGL_SHADER]: shader_program link succeeded.
[2025.07.02 04:10:32.559 ms]:[INFO]:[PSAG_OGL_RES]: shader: storage key: 60
[2025.07.02 04:10:32.560 ms]:[INFO]:[PSAG_ACTOR_CORE]: game_actor shader default_res create.
[2025.07.02 04:10:32.560 ms]:[INFO]:[PSAG_ACTOR_CORE]: game_actor shader load textures: 1
[2025.07.02 04:10:32.560 ms]:[INFO]:[PSAG_OGL_SHADER]: vertex_shader source script num: 1
[2025.07.02 04:10:32.560 ms]:[INFO]:[PSAG_OGL_SHADER]: vertex compilation succeeded.
[2025.07.02 04:10:32.560 ms]:[INFO]:[PSAG_OGL_SHADER]: fragment_shader source script num: 3
[2025.07.02 04:10:32.560 ms]:[INFO]:[PSAG_OGL_SHADER]: fragment compilation succeeded.
[2025.07.02 04:10:32.560 ms]:[INFO]:[PSAG_OGL_SHADER]: shader_program link succeeded.
[2025.07.02 04:10:32.560 ms]:[INFO]:[PSAG_OGL_RES]: shader: storage key: 64
[2025.07.02 04:10:32.560 ms]:[INFO]:[PSAG_ACTOR_CORE]: game_actor shader default_res create.
[2025.07.02 04:10:32.560 ms]:[INFO]:[PSAG_ENVMT_CORE]: game_envmt get textures: 1
[2025.07.02 04:10:32.560 ms]:[INFO]:[PSAG_ENVMT_CORE]: game_envmt render_comp init.
[2025.07.02 04:10:32.560 ms]:[INFO]:[PSAG_PHYSICS]: phy_world => body_data, name: ZPGamePhysics
[2025.07.02 04:10:32.560 ms]:[INFO]:[PSAG_PHYSICS]: body_data(static) item: alloc key: 2807962732640
[2025.07.02 04:10:32.560 ms]:[INFO]:[PSAG_ENVMT_CORE]: game_envmt item create: 68
[2025.07.02 04:10:32.560 ms]:[INFO]:[PSAG_ENVMT_CORE]: game_envmt get textures: 1
[2025.07.02 04:10:32.560 ms]:[INFO]:[PSAG_ENVMT_CORE]: game_envmt render_comp init.
[2025.07.02 04:10:32.560 ms]:[INFO]:[PSAG_PHYSICS]: phy_world => body_data, name: ZPGamePhysics
[2025.07.02 04:10:32.560 ms]:[INFO]:[PSAG_PHYSICS]: body_data(static) item: alloc key: 2807962728608
[2025.07.02 04:10:32.560 ms]:[INFO]:[PSAG_ENVMT_CORE]: game_envmt item create: 70
[2025.07.02 04:10:32.560 ms]:[INFO]:[PSAG_ENVMT_CORE]: game_envmt get textures: 1
[2025.07.02 04:10:32.560 ms]:[INFO]:[PSAG_ENVMT_CORE]: game_envmt render_comp init.
[2025.07.02 04:10:32.560 ms]:[INFO]:[PSAG_PHYSICS]: phy_world => body_data, name: ZPGamePhysics
[2025.07.02 04:10:32.560 ms]:[INFO]:[PSAG_PHYSICS]: body_data(static) item: alloc key: 2807962728832
[2025.07.02 04:10:32.560 ms]:[INFO]:[PSAG_ENVMT_CORE]: game_envmt item create: 72
[2025.07.02 04:10:32.560 ms]:[INFO]:[PSAG_ENVMT_CORE]: game_envmt get textures: 1
[2025.07.02 04:10:32.560 ms]:[INFO]:[PSAG_ENVMT_CORE]: game_envmt render_comp init.
[2025.07.02 04:10:32.560 ms]:[INFO]:[PSAG_PHYSICS]: phy_world => body_data, name: ZPGamePhysics
[2025.07.02 04:10:32.561 ms]:[INFO]:[PSAG_PHYSICS]: body_data(static) item: alloc key: 2807962732192
[2025.07.02 04:10:32.561 ms]:[INFO]:[PSAG_ENVMT_CORE]: game_envmt item create: 74
[2025.07.02 04:10:32.561 ms]:[INFO]:[PSAG_ENVMT_CORE]: game_envmt render_comp init.
[2025.07.02 04:10:32.561 ms]:[INFO]:[PSAG_PHYSICS]: phy_world => body_data, name: ZPGamePhysics
[2025.07.02 04:10:32.561 ms]:[INFO]:[PSAG_PHYSICS]: body_data(static) item: alloc key: 2807962731072
[2025.07.02 04:10:32.561 ms]:[INFO]:[PSAG_ENVMT_CORE]: game_envmt item create: 76
[2025.07.02 04:10:32.561 ms]:[INFO]:[PSAG_ACTOR_CORE]: AType: register key: ActorPAWN
[2025.07.02 04:10:32.561 ms]:[INFO]:[PSAG_ACTOR_CORE]: AType: register key: ActorNPC
[2025.07.02 04:10:32.561 ms]:[INFO]:[PSAG_FILESYS_LOAD]: load(src) read_file: PSAGameFrameworkDev/GameZeroProject/GameMaterial/zpgame_ppactor_nor.png read_size: 405375
[2025.07.02 04:10:32.561 ms]:[INFO]:[PSAG_ACTOR_CORE]: game_actor shader create: 1680 x 945
[2025.07.02 04:10:32.587 ms]:[INFO]:[PSAG_OGL_IMG]: success decode image: size: 1024 x 1024, color_channel: 4
[2025.07.02 04:10:32.589 ms]:[INFO]:[PSAG_GL_DATASET]: layers_manager alloc_count: 0
[2025.07.02 04:10:32.589 ms]:[INFO]:[PSAG_GL_DATASET]: vir_texture: src: 1024 x 1024, fmt_fill: 1024 x 1024
[2025.07.02 04:10:32.592 ms]:[INFO]:[PSAG_GL_DATASET]: vir_texture item: alloc key: 78, cropping: 1.00 x 1.00, res: 4x/1
[2025.07.02 04:10:32.592 ms]:[INFO]:[PSAG_ACTOR_CORE]: game_actor shader texture add, name: PPActor
[2025.07.02 04:10:32.593 ms]:[INFO]:[PSAG_FILESYS_LOAD]: load(src) read_file: PSAGameFrameworkDev/GameZeroProject/GameMaterial/zpgame_npc_a.png read_size: 177392
[2025.07.02 04:10:32.593 ms]:[INFO]:[PSAG_ACTOR_CORE]: game_actor shader create: 1680 x 945
[2025.07.02 04:10:32.619 ms]:[INFO]:[PSAG_OGL_IMG]: success decode image: size: 1024 x 1024, color_channel: 4
[2025.07.02 04:10:32.620 ms]:[INFO]:[PSAG_GL_DATASET]: layers_manager alloc_count: 1
[2025.07.02 04:10:32.620 ms]:[INFO]:[PSAG_GL_DATASET]: vir_texture: src: 1024 x 1024, fmt_fill: 1024 x 1024
[2025.07.02 04:10:32.622 ms]:[INFO]:[PSAG_GL_DATASET]: vir_texture item: alloc key: 80, cropping: 1.00 x 1.00, res: 4x/1
[2025.07.02 04:10:32.623 ms]:[INFO]:[PSAG_ACTOR_CORE]: game_actor shader texture add, name: NPActor
[2025.07.02 04:10:32.623 ms]:[INFO]:[PSAG_ACTOR_CORE]: game_actor shader load textures: 1
[2025.07.02 04:10:32.623 ms]:[INFO]:[PSAG_OGL_SHADER]: vertex_shader source script num: 1
[2025.07.02 04:10:32.623 ms]:[INFO]:[PSAG_OGL_SHADER]: vertex compilation succeeded.
[2025.07.02 04:10:32.623 ms]:[INFO]:[PSAG_OGL_SHADER]: fragment_shader source script num: 3
[2025.07.02 04:10:32.623 ms]:[INFO]:[PSAG_OGL_SHADER]: fragment compilation succeeded.
[2025.07.02 04:10:32.624 ms]:[INFO]:[PSAG_OGL_SHADER]: shader_program link succeeded.
[2025.07.02 04:10:32.624 ms]:[INFO]:[PSAG_OGL_RES]: shader: storage key: 82
[2025.07.02 04:10:32.624 ms]:[INFO]:[PSAG_ACTOR_CORE]: game_actor shader default_res create.
[2025.07.02 04:10:32.624 ms]:[INFO]:[PSAG_ACTOR_CORE]: game_actor shader load textures: 1
[2025.07.02 04:10:32.624 ms]:[INFO]:[PSAG_OGL_SHADER]: vertex_shader source script num: 1
[2025.07.02 04:10:32.624 ms]:[INFO]:[PSAG_OGL_SHADER]: vertex compilation succeeded.
[2025.07.02 04:10:32.624 ms]:[INFO]:[PSAG_OGL_SHADER]: fragment_shader source script num: 3
[2025.07.02 04:10:32.624 ms]:[INFO]:[PSAG_OGL_SHADER]: fragment compilation succeeded.
[2025.07.02 04:10:32.624 ms]:[INFO]:[PSAG_OGL_SHADER]: shader_program link succeeded.
[2025.07.02 04:10:32.624 ms]:[INFO]:[PSAG_OGL_RES]: shader: storage key: 86
[2025.07.02 04:10:32.624 ms]:[INFO]:[PSAG_ACTOR_CORE]: game_actor shader default_res create.
[2025.07.02 04:10:32.624 ms]:[INFO]:[PSAG_ACTOR_CORE]: game_actor get textures: 1
[2025.07.02 04:10:32.624 ms]:[INFO]:[PSAG_ACTOR_CORE]: game_actor render_comp init.
[2025.07.02 04:10:32.624 ms]:[INFO]:[PSAG_PHYSICS]: phy_world => body_data, name: ZPGamePhysics
[2025.07.02 04:10:32.624 ms]:[INFO]:[PSAG_PHYSICS]: body_data(dynamic) item: alloc key: 2807962862448
[2025.07.02 04:10:32.624 ms]:[INFO]:[PSAG_ACTOR_CORE]: game_actor entity create: 90
[2025.07.02 04:10:32.624 ms]:[INFO]:[PSAG_TOOL_NOTFIY]: station register n: PPActor, ptr c7ab00c0
[2025.07.02 04:10:32.624 ms]:[INFO]:[PSAG_ACTOR_CORE]: game_actor get textures: 1
[2025.07.02 04:10:32.624 ms]:[INFO]:[PSAG_ACTOR_CORE]: game_actor render_comp init.
[2025.07.02 04:10:32.624 ms]:[INFO]:[PSAG_PHYSICS]: phy_world => body_data, name: ZPGamePhysics
[2025.07.02 04:10:32.624 ms]:[INFO]:[PSAG_PHYSICS]: body_data(dynamic) item: alloc key: 2807962863792
[2025.07.02 04:10:32.625 ms]:[INFO]:[PSAG_ACTOR_CORE]: game_actor entity create: 92
[2025.07.02 04:10:32.625 ms]:[INFO]:[PSAG_ACTOR_CORE]: game_actor get textures: 1
[2025.07.02 04:10:32.625 ms]:[INFO]:[PSAG_ACTOR_CORE]: game_actor render_comp init.
[2025.07.02 04:10:32.625 ms]:[INFO]:[PSAG_PHYSICS]: phy_world => body_data, name: ZPGamePhysics
[2025.07.02 04:10:32.625 ms]:[INFO]:[PSAG_PHYSICS]: body_data(dynamic) item: alloc key: 2807962860768
[2025.07.02 04:10:32.625 ms]:[INFO]:[PSAG_ACTOR_CORE]: game_actor entity create: 94
[2025.07.02 04:10:32.625 ms]:[INFO]:[PSAG_ACTOR_CORE]: game_actor get textures: 1
[2025.07.02 04:10:32.625 ms]:[INFO]:[PSAG_ACTOR_CORE]: game_actor render_comp init.
[2025.07.02 04:10:32.625 ms]:[INFO]:[PSAG_PHYSICS]: phy_world => body_data, name: ZPGamePhysics
[2025.07.02 04:10:32.625 ms]:[INFO]:[PSAG_PHYSICS]: body_data(dynamic) item: alloc key: 2807962863456
[2025.07.02 04:10:32.625 ms]:[INFO]:[PSAG_ACTOR_CORE]: game_actor entity create: 96
[2025.07.02 04:10:32.625 ms]:[INFO]:[PSAG_ACTOR_CORE]: game_actor get textures: 1
[2025.07.02 04:10:32.625 ms]:[INFO]:[PSAG_ACTOR_CORE]: game_actor render_comp init.
[2025.07.02 04:10:32.625 ms]:[INFO]:[PSAG_PHYSICS]: phy_world => body_data, name: ZPGamePhysics
[2025.07.02 04:10:32.625 ms]:[INFO]:[PSAG_PHYSICS]: body_data(dynamic) item: alloc key: 2807962864128
[2025.07.02 04:10:32.625 ms]:[INFO]:[PSAG_ACTOR_CORE]: game_actor entity create: 98
[2025.07.02 04:10:32.625 ms]:[INFO]:[PSAG_ACTOR_CORE]: game_actor get textures: 1
[2025.07.02 04:10:32.625 ms]:[INFO]:[PSAG_ACTOR_CORE]: game_actor render_comp init.
[2025.07.02 04:10:32.625 ms]:[INFO]:[PSAG_PHYSICS]: phy_world => body_data, name: ZPGamePhysics
[2025.07.02 04:10:32.625 ms]:[INFO]:[PSAG_PHYSICS]: body_data(dynamic) item: alloc key: 2807962862784
[2025.07.02 04:10:32.625 ms]:[INFO]:[PSAG_ACTOR_CORE]: game_actor entity create: 100
[2025.07.02 04:10:32.625 ms]:[INFO]:[PSAG_ACTOR_CORE]: game_actor get textures: 1
[2025.07.02 04:10:32.625 ms]:[INFO]:[PSAG_ACTOR_CORE]: game_actor render_comp init.
[2025.07.02 04:10:32.625 ms]:[INFO]:[PSAG_PHYSICS]: phy_world => body_data, name: ZPGamePhysics
[2025.07.02 04:10:32.625 ms]:[INFO]:[PSAG_PHYSICS]: body_data(dynamic) item: alloc key: 2807962861104
[2025.07.02 04:10:32.625 ms]:[INFO]:[PSAG_ACTOR_CORE]: game_actor entity create: 102
[2025.07.02 04:10:32.625 ms]:[INFO]:[PSAG_ACTOR_CORE]: AType: register key: GuideBullet
[2025.07.02 04:10:32.626 ms]:[INFO]:[PSAG_FILESYS_LOAD]: load(src) read_file: PSAGameFrameworkDev/GameZeroProject/GameMaterial/zpgame_bullet_b.png read_size: 12111
[2025.07.02 04:10:32.626 ms]:[INFO]:[PSAG_FILESYS_LOAD]: load(src) read_file: PSAGameFrameworkDev/GameZeroProject/GameMaterial/zpgame_bullet_a.png read_size: 54094
[2025.07.02 04:10:32.626 ms]:[INFO]:[PSAG_ACTOR_CORE]: game_actor shader create: 1680 x 945
[2025.07.02 04:10:32.626 ms]:[INFO]:[PSAG_ACTOR_CORE]: game_actor shader create: 1680 x 945
[2025.07.02 04:10:32.635 ms]:[INFO]:[PSAG_OGL_IMG]: success decode image: size: 512 x 512, color_channel: 4
[2025.07.02 04:10:32.635 ms]:[INFO]:[PSAG_GL_DATASET]: layers_manager alloc_count: 0
[2025.07.02 04:10:32.636 ms]:[INFO]:[PSAG_GL_DATASET]: vir_texture: src: 512 x 512, fmt_fill: 512 x 512
[2025.07.02 04:10:32.636 ms]:[INFO]:[PSAG_GL_DATASET]: vir_texture item: alloc key: 104, cropping: 1.00 x 1.00, res: 8x/1
[2025.07.02 04:10:32.636 ms]:[INFO]:[PSAG_ACTOR_CORE]: game_actor shader texture add, name: SharpBullet
[2025.07.02 04:10:32.669 ms]:[INFO]:[PSAG_OGL_IMG]: success decode image: size: 1024 x 2048, color_channel: 4
[2025.07.02 04:10:32.671 ms]:[INFO]:[PSAG_GL_DATASET]: layers_manager alloc_count: 0
[2025.07.02 04:10:32.751 ms]:[INFO]:[PSAG_GL_DATASET]: vir_texture: src: 1024 x 2048, fmt_fill: 2048 x 2048
[2025.07.02 04:10:32.760 ms]:[INFO]:[PSAG_GL_DATASET]: vir_texture item: alloc key: 106, cropping: 0.50 x 1.00, res: 2x/1
[2025.07.02 04:10:32.762 ms]:[INFO]:[PSAG_ACTOR_CORE]: game_actor shader texture add, name: GuideBullet
[2025.07.02 04:10:32.763 ms]:[INFO]:[PSAG_ACTOR_CORE]: game_actor shader load textures: 1
[2025.07.02 04:10:32.763 ms]:[INFO]:[PSAG_OGL_SHADER]: vertex_shader source script num: 1
[2025.07.02 04:10:32.763 ms]:[INFO]:[PSAG_OGL_SHADER]: vertex compilation succeeded.
[2025.07.02 04:10:32.763 ms]:[INFO]:[PSAG_OGL_SHADER]: fragment_shader source script num: 3
[2025.07.02 04:10:32.763 ms]:[INFO]:[PSAG_OGL_SHADER]: fragment compilation succeeded.
[2025.07.02 04:10:32.763 ms]:[INFO]:[PSAG_OGL_SHADER]: shader_program link succeeded.
[2025.07.02 04:10:32.763 ms]:[INFO]:[PSAG_OGL_RES]: shader: storage key: 108
[2025.07.02 04:10:32.763 ms]:[INFO]:[PSAG_ACTOR_CORE]: game_actor shader default_res create.
[2025.07.02 04:10:32.763 ms]:[INFO]:[PSAG_ACTOR_CORE]: game_actor shader load textures: 1
[2025.07.02 04:10:32.763 ms]:[INFO]:[PSAG_OGL_SHADER]: vertex_shader source script num: 1
[2025.07.02 04:10:32.763 ms]:[INFO]:[PSAG_OGL_SHADER]: vertex compilation succeeded.
[2025.07.02 04:10:32.763 ms]:[INFO]:[PSAG_OGL_SHADER]: fragment_shader source script num: 3
[2025.07.02 04:10:32.763 ms]:[INFO]:[PSAG_OGL_SHADER]: fragment compilation succeeded.
[2025.07.02 04:10:32.763 ms]:[INFO]:[PSAG_OGL_SHADER]: shader_program link succeeded.
[2025.07.02 04:10:32.763 ms]:[INFO]:[PSAG_OGL_RES]: shader: storage key: 112
[2025.07.02 04:10:32.763 ms]:[INFO]:[PSAG_ACTOR_CORE]: game_actor shader default_res create.
[2025.07.02 04:10:32.764 ms]:[INFO]:[PSAG_FILESYS_LOAD]: load(src) read_file: PSAGameFrameworkDev/GameZeroProject/GameMaterial/zpgame_particle_a.png read_size: 21686
[2025.07.02 04:10:32.773 ms]:[INFO]:[PSAG_OGL_IMG]: success decode image: size: 512 x 512, color_channel: 4
[2025.07.02 04:10:32.773 ms]:[INFO]:[PSAG_GL_PARTICLE]: particle system proc thread init.
[2025.07.02 04:10:32.773 ms]:[INFO]:[PSAG_OGL_SHADER]: vertex_shader source script num: 1
[2025.07.02 04:10:32.773 ms]:[INFO]:[PSAG_OGL_SHADER]: vertex compilation succeeded.
[2025.07.02 04:10:32.773 ms]:[INFO]:[PSAG_OGL_SHADER]: fragment_shader source script num: 3
[2025.07.02 04:10:32.773 ms]:[INFO]:[PSAG_OGL_SHADER]: fragment compilation succeeded.
[2025.07.02 04:10:32.774 ms]:[INFO]:[PSAG_OGL_SHADER]: shader_program link succeeded.
[2025.07.02 04:10:32.774 ms]:[INFO]:[PSAG_OGL_RES]: shader: storage key: 116
[2025.07.02 04:10:32.774 ms]:[INFO]:[PSAG_GL_DATASET]: ver_data(dy) item: alloc key: 118
[2025.07.02 04:10:32.774 ms]:[INFO]:[PSAG_GL_DATASET]: layers_manager alloc_count: 1
[2025.07.02 04:10:32.774 ms]:[INFO]:[PSAG_GL_DATASET]: vir_texture: src: 512 x 512, fmt_fill: 512 x 512
[2025.07.02 04:10:32.775 ms]:[INFO]:[PSAG_GL_DATASET]: vir_texture item: alloc key: 120, cropping: 1.00 x 1.00, res: 8x/1
[2025.07.02 04:10:32.775 ms]:[INFO]:[PSAG_GL_PARTICLE]: particle system init.
[2025.07.02 04:10:32.775 ms]:[INFO]:[PSAG_GL_PARTICLE]: particle system render_size: 1680 x 945
[2025.07.02 04:10:32.775 ms]:[INFO]:[PSAG_MANAGER_FX]: manager fx_particle init.
[2025.07.02 04:10:32.775 ms]:[INFO]:[PSAG_TOOL_NOTFIY]: station register n: PPActorBullet, ptr c7ab00c0
[2025.07.02 04:10:32.775 ms]:[INFO]:[PSAG_FILESYS_LOAD]: load(src) read_file: PSAGameFrameworkDev/GameZeroProject/GameMaterial/zpgame_gui/zpgame_gui_b0.png read_size: 10743
[2025.07.02 04:10:32.781 ms]:[INFO]:[PSAG_OGL_IMG]: success decode image: size: 1024 x 278, color_channel: 4
[2025.07.02 04:10:32.781 ms]:[INFO]:[PSAG_OGL_TEXTURE]: texture.2d(view) object create.
[2025.07.02 04:10:32.783 ms]:[INFO]:[PSAG_OGL_TEXTURE]: texture_view create, succ: size: 1024 x 278
[2025.07.02 04:10:32.783 ms]:[INFO]:[PSAG_GL_PVFX]: psag_fx image_view system, create: 1024 x 278
[2025.07.02 04:10:32.783 ms]:[INFO]:[PSAG_FILESYS_LOAD]: load(src) read_file: PSAGameFrameworkDev/GameZeroProject/GameMaterial/zpgame_gui/zpgame_gui_b1.png read_size: 22199
[2025.07.02 04:10:32.791 ms]:[INFO]:[PSAG_OGL_IMG]: success decode image: size: 1024 x 278, color_channel: 4
[2025.07.02 04:10:32.793 ms]:[INFO]:[PSAG_OGL_TEXTURE]: texture.2d(view) object create.
[2025.07.02 04:10:32.794 ms]:[INFO]:[PSAG_OGL_TEXTURE]: texture_view create, succ: size: 1024 x 278
[2025.07.02 04:10:32.794 ms]:[INFO]:[PSAG_GL_PVFX]: psag_fx image_view system, create: 1024 x 278
[2025.07.02 04:10:32.794 ms]:[INFO]:[PSAG_FILESYS_LOAD]: load(src) read_file: PSAGameFrameworkDev/GameZeroProject/GameMaterial/zpgame_gui/zpgame_gui_b2.png read_size: 22716
[2025.07.02 04:10:32.801 ms]:[INFO]:[PSAG_OGL_IMG]: success decode image: size: 1024 x 278, color_channel: 4
[2025.07.02 04:10:32.803 ms]:[INFO]:[PSAG_OGL_TEXTURE]: texture.2d(view) object create.
[2025.07.02 04:10:32.804 ms]:[INFO]:[PSAG_OGL_TEXTURE]: texture_view create, succ: size: 1024 x 278
[2025.07.02 04:10:32.804 ms]:[INFO]:[PSAG_GL_PVFX]: psag_fx image_view system, create: 1024 x 278
[2025.07.02 04:10:32.804 ms]:[INFO]:[PSAG_FILESYS_LOAD]: load(src) read_file: PSAGameFrameworkDev/GameZeroProject/GameMaterial/zpgame_gui/zpgame_gui_b3.png read_size: 23026
[2025.07.02 04:10:32.811 ms]:[INFO]:[PSAG_OGL_IMG]: success decode image: size: 1024 x 278, color_channel: 4
[2025.07.02 04:10:32.813 ms]:[INFO]:[PSAG_OGL_TEXTURE]: texture.2d(view) object create.
[2025.07.02 04:10:32.813 ms]:[INFO]:[PSAG_OGL_TEXTURE]: texture_view create, succ: size: 1024 x 278
[2025.07.02 04:10:32.813 ms]:[INFO]:[PSAG_GL_PVFX]: psag_fx image_view system, create: 1024 x 278
[2025.07.02 04:10:32.814 ms]:[INFO]:[PSAG_FILESYS_LOAD]: load(src) read_file: PSAGameFrameworkDev/GameZeroProject/GameMaterial/zpgame_gui/zpgame_gui_b4.png read_size: 23655
[2025.07.02 04:10:32.821 ms]:[INFO]:[PSAG_OGL_IMG]: success decode image: size: 1024 x 278, color_channel: 4
[2025.07.02 04:10:32.823 ms]:[INFO]:[PSAG_OGL_TEXTURE]: texture.2d(view) object create.
[2025.07.02 04:10:32.824 ms]:[INFO]:[PSAG_OGL_TEXTURE]: texture_view create, succ: size: 1024 x 278
[2025.07.02 04:10:32.824 ms]:[INFO]:[PSAG_GL_PVFX]: psag_fx image_view system, create: 1024 x 278
[2025.07.02 04:10:32.824 ms]:[INFO]:[PSAG_FILESYS_LOAD]: load(src) read_file: PSAGameFrameworkDev/GameZeroProject/GameMaterial/zpgame_gui/zpgame_gui_b5.png read_size: 23922
[2025.07.02 04:10:32.832 ms]:[INFO]:[PSAG_OGL_IMG]: success decode image: size: 1024 x 278, color_channel: 4
[2025.07.02 04:10:32.833 ms]:[INFO]:[PSAG_OGL_TEXTURE]: texture.2d(view) object create.
[2025.07.02 04:10:32.833 ms]:[INFO]:[PSAG_OGL_TEXTURE]: texture_view create, succ: size: 1024 x 278
[2025.07.02 04:10:32.833 ms]:[INFO]:[PSAG_GL_PVFX]: psag_fx image_view system, create: 1024 x 278
[2025.07.02 04:10:32.834 ms]:[INFO]:[PSAG_M_START_ANIM]: create start_anim player.
[2025.07.02 04:10:32.834 ms]:[TRACE]:[PSAG_M_CORE]: pomelo_star game2d version: 12.20250127
[2025.07.02 04:10:32.868 ms]:[INFO]:[PSAG_M_START_ANIM]: start_anim playback complete, time(s): 0.000
[2025.07.02 04:10:32.868 ms]:[INFO]:[PSAG_M_START_ANIM]: free textures resource.
[2025.07.02 04:10:36.726 ms]:[INFO]:[PSAG_TOOL_NOTFIY]: station receive pair: PPActor/PPActorBullet, data_size: 12 bytes
[2025.07.02 04:10:36.726 ms]:[INFO]:[PSAG_ACTOR_CORE]: game_actor get textures: 1
[2025.07.02 04:10:36.726 ms]:[INFO]:[PSAG_ACTOR_CORE]: game_actor render_comp init.
[2025.07.02 04:10:36.726 ms]:[INFO]:[PSAG_PHYSICS]: phy_world => body_data, name: ZPGamePhysics
[2025.07.02 04:10:36.726 ms]:[INFO]:[PSAG_PHYSICS]: body_data(dynamic) item: alloc key: 2807962860432
[2025.07.02 04:10:36.726 ms]:[INFO]:[PSAG_ACTOR_CORE]: game_actor entity create: 122
[2025.07.02 04:10:37.002 ms]:[INFO]:[PSAG_TOOL_NOTFIY]: station receive pair: PPActor/PPActorBullet, data_size: 12 bytes
[2025.07.02 04:10:37.002 ms]:[INFO]:[PSAG_ACTOR_CORE]: game_actor get textures: 1
[2025.07.02 04:10:37.002 ms]:[INFO]:[PSAG_ACTOR_CORE]: game_actor render_comp init.
[2025.07.02 04:10:37.002 ms]:[INFO]:[PSAG_PHYSICS]: phy_world => body_data, name: ZPGamePhysics
[2025.07.02 04:10:37.002 ms]:[INFO]:[PSAG_PHYSICS]: body_data(dynamic) item: alloc key: 2807962864464
[2025.07.02 04:10:37.002 ms]:[INFO]:[PSAG_ACTOR_CORE]: game_actor entity create: 124
[2025.07.02 04:10:37.052 ms]:[INFO]:[PSAG_TOOL_NOTFIY]: station receive pair: PPActor/PPActorBullet, data_size: 12 bytes
[2025.07.02 04:10:37.052 ms]:[INFO]:[PSAG_ACTOR_CORE]: game_actor get textures: 1
[2025.07.02 04:10:37.052 ms]:[INFO]:[PSAG_ACTOR_CORE]: game_actor render_comp init.
[2025.07.02 04:10:37.052 ms]:[INFO]:[PSAG_PHYSICS]: phy_world => body_data, name: ZPGamePhysics
[2025.07.02 04:10:37.052 ms]:[INFO]:[PSAG_PHYSICS]: body_data(dynamic) item: alloc key: 2807962858080
[2025.07.02 04:10:37.052 ms]:[INFO]:[PSAG_ACTOR_CORE]: game_actor entity create: 126
[2025.07.02 04:10:37.103 ms]:[INFO]:[PSAG_TOOL_NOTFIY]: station receive pair: PPActor/PPActorBullet, data_size: 12 bytes
[2025.07.02 04:10:37.103 ms]:[INFO]:[PSAG_ACTOR_CORE]: game_actor get textures: 1
[2025.07.02 04:10:37.103 ms]:[INFO]:[PSAG_ACTOR_CORE]: game_actor render_comp init.
[2025.07.02 04:10:37.103 ms]:[INFO]:[PSAG_PHYSICS]: phy_world => body_data, name: ZPGamePhysics
[2025.07.02 04:10:37.103 ms]:[INFO]:[PSAG_PHYSICS]: body_data(dynamic) item: alloc key: 2807962863120
[2025.07.02 04:10:37.103 ms]:[INFO]:[PSAG_ACTOR_CORE]: game_actor entity create: 128
[2025.07.02 04:10:37.151 ms]:[INFO]:[PSAG_TOOL_NOTFIY]: station receive pair: PPActor/PPActorBullet, data_size: 12 bytes
[2025.07.02 04:10:37.151 ms]:[INFO]:[PSAG_ACTOR_CORE]: game_actor get textures: 1
[2025.07.02 04:10:37.151 ms]:[INFO]:[PSAG_ACTOR_CORE]: game_actor render_comp init.
[2025.07.02 04:10:37.151 ms]:[INFO]:[PSAG_PHYSICS]: phy_world => body_data, name: ZPGamePhysics
[2025.07.02 04:10:37.151 ms]:[INFO]:[PSAG_PHYSICS]: body_data(dynamic) item: alloc key: 2807962859088
[2025.07.02 04:10:37.151 ms]:[INFO]:[PSAG_ACTOR_CORE]: game_actor entity create: 130
[2025.07.02 04:10:38.622 ms]:[INFO]:[PSAG_PHYSICS]: phy_world => body_data, name: ZPGamePhysics
[2025.07.02 04:10:38.622 ms]:[INFO]:[PSAG_PHYSICS]: body_data item: delete key: 2808039761776
[2025.07.02 04:10:38.622 ms]:[INFO]:[PSAG_ACTOR_CORE]: game_actor entity delete: 122
[2025.07.02 04:10:38.637 ms]:[INFO]:[PSAG_PHYSICS]: phy_world => body_data, name: ZPGamePhysics
[2025.07.02 04:10:38.637 ms]:[INFO]:[PSAG_PHYSICS]: body_data item: delete key: 2808039762352
[2025.07.02 04:10:38.637 ms]:[INFO]:[PSAG_ACTOR_CORE]: game_actor entity delete: 128
[2025.07.02 04:10:38.661 ms]:[INFO]:[PSAG_PHYSICS]: phy_world => body_data, name: ZPGamePhysics
[2025.07.02 04:10:38.661 ms]:[INFO]:[PSAG_PHYSICS]: body_data item: delete key: 2808039761968
[2025.07.02 04:10:38.661 ms]:[INFO]:[PSAG_ACTOR_CORE]: game_actor entity delete: 124
[2025.07.02 04:10:38.942 ms]:[INFO]:[PSAG_PHYSICS]: phy_world => body_data, name: ZPGamePhysics
[2025.07.02 04:10:38.942 ms]:[INFO]:[PSAG_PHYSICS]: body_data item: delete key: 2808039762544
[2025.07.02 04:10:38.942 ms]:[INFO]:[PSAG_ACTOR_CORE]: game_actor entity delete: 130
[2025.07.02 04:10:38.977 ms]:[INFO]:[PSAG_PHYSICS]: phy_world => body_data, name: ZPGamePhysics
[2025.07.02 04:10:38.977 ms]:[INFO]:[PSAG_PHYSICS]: body_data item: delete key: 2808039762160
[2025.07.02 04:10:38.977 ms]:[INFO]:[PSAG_ACTOR_CORE]: game_actor entity delete: 126
[2025.07.02 04:10:39.089 ms]:[INFO]:[PSAG_TOOL_NOTFIY]: station receive pair: PPActor/PPActorBullet, data_size: 12 bytes
[2025.07.02 04:10:39.089 ms]:[INFO]:[PSAG_ACTOR_CORE]: game_actor get textures: 1
[2025.07.02 04:10:39.089 ms]:[INFO]:[PSAG_ACTOR_CORE]: game_actor render_comp init.
[2025.07.02 04:10:39.090 ms]:[INFO]:[PSAG_PHYSICS]: phy_world => body_data, name: ZPGamePhysics
[2025.07.02 04:10:39.090 ms]:[INFO]:[PSAG_PHYSICS]: body_data(dynamic) item: alloc key: 2807962859424
[2025.07.02 04:10:39.090 ms]:[INFO]:[PSAG_ACTOR_CORE]: game_actor entity create: 132
[2025.07.02 04:10:39.367 ms]:[INFO]:[PSAG_TOOL_NOTFIY]: station receive pair: PPActor/PPActorBullet, data_size: 12 bytes
[2025.07.02 04:10:39.367 ms]:[INFO]:[PSAG_ACTOR_CORE]: game_actor get textures: 1
[2025.07.02 04:10:39.367 ms]:[INFO]:[PSAG_ACTOR_CORE]: game_actor render_comp init.
[2025.07.02 04:10:39.367 ms]:[INFO]:[PSAG_PHYSICS]: phy_world => body_data, name: ZPGamePhysics
[2025.07.02 04:10:39.367 ms]:[INFO]:[PSAG_PHYSICS]: body_data(dynamic) item: alloc key: 2807962863120
[2025.07.02 04:10:39.367 ms]:[INFO]:[PSAG_ACTOR_CORE]: game_actor entity create: 134
[2025.07.02 04:10:39.415 ms]:[INFO]:[PSAG_TOOL_NOTFIY]: station receive pair: PPActor/PPActorBullet, data_size: 12 bytes
[2025.07.02 04:10:39.415 ms]:[INFO]:[PSAG_ACTOR_CORE]: game_actor get textures: 1
[2025.07.02 04:10:39.416 ms]:[INFO]:[PSAG_ACTOR_CORE]: game_actor render_comp init.
[2025.07.02 04:10:39.416 ms]:[INFO]:[PSAG_PHYSICS]: phy_world => body_data, name: ZPGamePhysics
[2025.07.02 04:10:39.416 ms]:[INFO]:[PSAG_PHYSICS]: body_data(dynamic) item: alloc key: 2807962864464
[2025.07.02 04:10:39.416 ms]:[INFO]:[PSAG_ACTOR_CORE]: game_actor entity create: 136
[2025.07.02 04:10:39.466 ms]:[INFO]:[PSAG_TOOL_NOTFIY]: station receive pair: PPActor/PPActorBullet, data_size: 12 bytes
[2025.07.02 04:10:39.466 ms]:[INFO]:[PSAG_ACTOR_CORE]: game_actor get textures: 1
[2025.07.02 04:10:39.466 ms]:[INFO]:[PSAG_ACTOR_CORE]: game_actor render_comp init.
[2025.07.02 04:10:39.466 ms]:[INFO]:[PSAG_PHYSICS]: phy_world => body_data, name: ZPGamePhysics
[2025.07.02 04:10:39.466 ms]:[INFO]:[PSAG_PHYSICS]: body_data(dynamic) item: alloc key: 2807962864800
[2025.07.02 04:10:39.466 ms]:[INFO]:[PSAG_ACTOR_CORE]: game_actor entity create: 138
[2025.07.02 04:10:39.516 ms]:[INFO]:[PSAG_TOOL_NOTFIY]: station receive pair: PPActor/PPActorBullet, data_size: 12 bytes
[2025.07.02 04:10:39.516 ms]:[INFO]:[PSAG_ACTOR_CORE]: game_actor get textures: 1
[2025.07.02 04:10:39.516 ms]:[INFO]:[PSAG_ACTOR_CORE]: game_actor render_comp init.
[2025.07.02 04:10:39.516 ms]:[INFO]:[PSAG_PHYSICS]: phy_world => body_data, name: ZPGamePhysics
[2025.07.02 04:10:39.516 ms]:[INFO]:[PSAG_PHYSICS]: body_data(dynamic) item: alloc key: 2807962859760
[2025.07.02 04:10:39.516 ms]:[INFO]:[PSAG_ACTOR_CORE]: game_actor entity create: 140
[2025.07.02 04:10:40.679 ms]:[INFO]:[PSAG_PHYSICS]: phy_world => body_data, name: ZPGamePhysics
[2025.07.02 04:10:40.679 ms]:[INFO]:[PSAG_PHYSICS]: body_data item: delete key: 2808039762160
[2025.07.02 04:10:40.679 ms]:[INFO]:[PSAG_ACTOR_CORE]: game_actor entity delete: 132
[2025.07.02 04:10:40.715 ms]:[INFO]:[PSAG_TOOL_NOTFIY]: station receive pair: PPActor/PPActorBullet, data_size: 12 bytes
[2025.07.02 04:10:40.715 ms]:[INFO]:[PSAG_ACTOR_CORE]: game_actor get textures: 1
[2025.07.02 04:10:40.715 ms]:[INFO]:[PSAG_ACTOR_CORE]: game_actor render_comp init.
[2025.07.02 04:10:40.715 ms]:[INFO]:[PSAG_PHYSICS]: phy_world => body_data, name: ZPGamePhysics
[2025.07.02 04:10:40.715 ms]:[INFO]:[PSAG_PHYSICS]: body_data(dynamic) item: alloc key: 2807962857408
[2025.07.02 04:10:40.715 ms]:[INFO]:[PSAG_ACTOR_CORE]: game_actor entity create: 142
[2025.07.02 04:10:40.809 ms]:[INFO]:[PSAG_PHYSICS]: phy_world => body_data, name: ZPGamePhysics
[2025.07.02 04:10:40.809 ms]:[INFO]:[PSAG_PHYSICS]: body_data item: delete key: 2808039762544
[2025.07.02 04:10:40.809 ms]:[INFO]:[PSAG_ACTOR_CORE]: game_actor entity delete: 134
[2025.07.02 04:10:40.816 ms]:[INFO]:[PSAG_TOOL_NOTFIY]: station receive pair: PPActor/PPActorBullet, data_size: 12 bytes
[2025.07.02 04:10:40.816 ms]:[INFO]:[PSAG_ACTOR_CORE]: game_actor get textures: 1
[2025.07.02 04:10:40.816 ms]:[INFO]:[PSAG_ACTOR_CORE]: game_actor render_comp init.
[2025.07.02 04:10:40.816 ms]:[INFO]:[PSAG_PHYSICS]: phy_world => body_data, name: ZPGamePhysics
[2025.07.02 04:10:40.816 ms]:[INFO]:[PSAG_PHYSICS]: body_data(dynamic) item: alloc key: 2807962863120
[2025.07.02 04:10:40.817 ms]:[INFO]:[PSAG_ACTOR_CORE]: game_actor entity create: 144
[2025.07.02 04:10:41.059 ms]:[INFO]:[PSAG_PHYSICS]: phy_world => body_data, name: ZPGamePhysics
[2025.07.02 04:10:41.059 ms]:[INFO]:[PSAG_PHYSICS]: body_data item: delete key: 2808039762352
[2025.07.02 04:10:41.059 ms]:[INFO]:[PSAG_ACTOR_CORE]: game_actor entity delete: 138
[2025.07.02 04:10:41.290 ms]:[INFO]:[PSAG_PHYSICS]: phy_world => body_data, name: ZPGamePhysics
[2025.07.02 04:10:41.290 ms]:[INFO]:[PSAG_PHYSICS]: body_data item: delete key: 2808039761968
[2025.07.02 04:10:41.290 ms]:[INFO]:[PSAG_ACTOR_CORE]: game_actor entity delete: 136
[2025.07.02 04:10:41.435 ms]:[INFO]:[PSAG_PHYSICS]: phy_world => body_data, name: ZPGamePhysics
[2025.07.02 04:10:41.435 ms]:[INFO]:[PSAG_PHYSICS]: body_data item: delete key: 2808039761776
[2025.07.02 04:10:41.435 ms]:[INFO]:[PSAG_ACTOR_CORE]: game_actor entity delete: 140
[2025.07.02 04:10:42.062 ms]:[INFO]:[PSAG_TOOL_NOTFIY]: station receive pair: PPActor/PPActorBullet, data_size: 12 bytes
[2025.07.02 04:10:42.062 ms]:[INFO]:[PSAG_ACTOR_CORE]: game_actor get textures: 1
[2025.07.02 04:10:42.062 ms]:[INFO]:[PSAG_ACTOR_CORE]: game_actor render_comp init.
[2025.07.02 04:10:42.062 ms]:[INFO]:[PSAG_PHYSICS]: phy_world => body_data, name: ZPGamePhysics
[2025.07.02 04:10:42.062 ms]:[INFO]:[PSAG_PHYSICS]: body_data(dynamic) item: alloc key: 2807962864464
[2025.07.02 04:10:42.062 ms]:[INFO]:[PSAG_ACTOR_CORE]: game_actor entity create: 146
[2025.07.02 04:10:42.194 ms]:[INFO]:[PSAG_PHYSICS]: phy_world => body_data, name: ZPGamePhysics
[2025.07.02 04:10:42.194 ms]:[INFO]:[PSAG_PHYSICS]: body_data item: delete key: 2808039762544
[2025.07.02 04:10:42.194 ms]:[INFO]:[PSAG_ACTOR_CORE]: game_actor entity delete: 144
[2025.07.02 04:10:42.339 ms]:[INFO]:[PSAG_TOOL_NOTFIY]: station receive pair: PPActor/PPActorBullet, data_size: 12 bytes
[2025.07.02 04:10:42.339 ms]:[INFO]:[PSAG_ACTOR_CORE]: game_actor get textures: 1
[2025.07.02 04:10:42.339 ms]:[INFO]:[PSAG_ACTOR_CORE]: game_actor render_comp init.
[2025.07.02 04:10:42.339 ms]:[INFO]:[PSAG_PHYSICS]: phy_world => body_data, name: ZPGamePhysics
[2025.07.02 04:10:42.339 ms]:[INFO]:[PSAG_PHYSICS]: body_data(dynamic) item: alloc key: 2807962863120
[2025.07.02 04:10:42.339 ms]:[INFO]:[PSAG_ACTOR_CORE]: game_actor entity create: 148
[2025.07.02 04:10:42.387 ms]:[INFO]:[PSAG_TOOL_NOTFIY]: station receive pair: PPActor/PPActorBullet, data_size: 12 bytes
[2025.07.02 04:10:42.387 ms]:[INFO]:[PSAG_ACTOR_CORE]: game_actor get textures: 1
[2025.07.02 04:10:42.387 ms]:[INFO]:[PSAG_ACTOR_CORE]: game_actor render_comp init.
[2025.07.02 04:10:42.387 ms]:[INFO]:[PSAG_PHYSICS]: phy_world => body_data, name: ZPGamePhysics
[2025.07.02 04:10:42.387 ms]:[INFO]:[PSAG_PHYSICS]: body_data(dynamic) item: alloc key: 2807962864800
[2025.07.02 04:10:42.387 ms]:[INFO]:[PSAG_ACTOR_CORE]: game_actor entity create: 150
[2025.07.02 04:10:42.438 ms]:[INFO]:[PSAG_TOOL_NOTFIY]: station receive pair: PPActor/PPActorBullet, data_size: 12 bytes
[2025.07.02 04:10:42.438 ms]:[INFO]:[PSAG_ACTOR_CORE]: game_actor get textures: 1
[2025.07.02 04:10:42.438 ms]:[INFO]:[PSAG_ACTOR_CORE]: game_actor render_comp init.
[2025.07.02 04:10:42.438 ms]:[INFO]:[PSAG_PHYSICS]: phy_world => body_data, name: ZPGamePhysics
[2025.07.02 04:10:42.439 ms]:[INFO]:[PSAG_PHYSICS]: body_data(dynamic) item: alloc key: 2807962859088
[2025.07.02 04:10:42.439 ms]:[INFO]:[PSAG_ACTOR_CORE]: game_actor entity create: 152
[2025.07.02 04:10:42.541 ms]:[INFO]:[PSAG_PHYSICS]: phy_world => body_data, name: ZPGamePhysics
[2025.07.02 04:10:42.541 ms]:[INFO]:[PSAG_PHYSICS]: body_data item: delete key: 2808039762160
[2025.07.02 04:10:42.541 ms]:[INFO]:[PSAG_ACTOR_CORE]: game_actor entity delete: 142
[2025.07.02 04:10:42.589 ms]:[INFO]:[PSAG_TOOL_NOTFIY]: station receive pair: PPActor/PPActorBullet, data_size: 12 bytes
[2025.07.02 04:10:42.589 ms]:[INFO]:[PSAG_ACTOR_CORE]: game_actor get textures: 1
[2025.07.02 04:10:42.589 ms]:[INFO]:[PSAG_ACTOR_CORE]: game_actor render_comp init.
[2025.07.02 04:10:42.589 ms]:[INFO]:[PSAG_PHYSICS]: phy_world => body_data, name: ZPGamePhysics
[2025.07.02 04:10:42.589 ms]:[INFO]:[PSAG_PHYSICS]: body_data(dynamic) item: alloc key: 2807962857408
[2025.07.02 04:10:42.589 ms]:[INFO]:[PSAG_ACTOR_CORE]: game_actor entity create: 154
[2025.07.02 04:10:43.772 ms]:[INFO]:[PSAG_PHYSICS]: phy_world => body_data, name: ZPGamePhysics
[2025.07.02 04:10:43.772 ms]:[INFO]:[PSAG_PHYSICS]: body_data item: delete key: 2808039761776
[2025.07.02 04:10:43.772 ms]:[INFO]:[PSAG_ACTOR_CORE]: game_actor entity delete: 146
[2025.07.02 04:10:43.787 ms]:[INFO]:[PSAG_TOOL_NOTFIY]: station receive pair: PPActor/PPActorBullet, data_size: 12 bytes
[2025.07.02 04:10:43.787 ms]:[INFO]:[PSAG_ACTOR_CORE]: game_actor get textures: 1
[2025.07.02 04:10:43.787 ms]:[INFO]:[PSAG_ACTOR_CORE]: game_actor render_comp init.
[2025.07.02 04:10:43.787 ms]:[INFO]:[PSAG_PHYSICS]: phy_world => body_data, name: ZPGamePhysics
[2025.07.02 04:10:43.787 ms]:[INFO]:[PSAG_PHYSICS]: body_data(dynamic) item: alloc key: 2807962864464
[2025.07.02 04:10:43.787 ms]:[INFO]:[PSAG_ACTOR_CORE]: game_actor entity create: 156
[2025.07.02 04:10:44.081 ms]:[INFO]:[PSAG_PHYSICS]: phy_world => body_data, name: ZPGamePhysics
[2025.07.02 04:10:44.082 ms]:[INFO]:[PSAG_PHYSICS]: body_data item: delete key: 2808039762352
[2025.07.02 04:10:44.082 ms]:[INFO]:[PSAG_ACTOR_CORE]: game_actor entity delete: 152
[2025.07.02 04:10:44.089 ms]:[INFO]:[PSAG_TOOL_NOTFIY]: station receive pair: PPActor/PPActorBullet, data_size: 12 bytes
[2025.07.02 04:10:44.089 ms]:[INFO]:[PSAG_ACTOR_CORE]: game_actor get textures: 1
[2025.07.02 04:10:44.089 ms]:[INFO]:[PSAG_ACTOR_CORE]: game_actor render_comp init.
[2025.07.02 04:10:44.089 ms]:[INFO]:[PSAG_PHYSICS]: phy_world => body_data, name: ZPGamePhysics
[2025.07.02 04:10:44.090 ms]:[INFO]:[PSAG_PHYSICS]: body_data(dynamic) item: alloc key: 2807962857744
[2025.07.02 04:10:44.090 ms]:[INFO]:[PSAG_ACTOR_CORE]: game_actor entity create: 158
[2025.07.02 04:10:44.210 ms]:[INFO]:[PSAG_PHYSICS]: phy_world => body_data, name: ZPGamePhysics
[2025.07.02 04:10:44.210 ms]:[INFO]:[PSAG_PHYSICS]: body_data item: delete key: 2808039762544
[2025.07.02 04:10:44.210 ms]:[INFO]:[PSAG_ACTOR_CORE]: game_actor entity delete: 148
[2025.07.02 04:10:44.237 ms]:[INFO]:[PSAG_TOOL_NOTFIY]: station receive pair: PPActor/PPActorBullet, data_size: 12 bytes
[2025.07.02 04:10:44.237 ms]:[INFO]:[PSAG_ACTOR_CORE]: game_actor get textures: 1
[2025.07.02 04:10:44.238 ms]:[INFO]:[PSAG_ACTOR_CORE]: game_actor render_comp init.
[2025.07.02 04:10:44.238 ms]:[INFO]:[PSAG_PHYSICS]: phy_world => body_data, name: ZPGamePhysics
[2025.07.02 04:10:44.238 ms]:[INFO]:[PSAG_PHYSICS]: body_data(dynamic) item: alloc key: 2807962863120
[2025.07.02 04:10:44.238 ms]:[INFO]:[PSAG_ACTOR_CORE]: game_actor entity create: 160
[2025.07.02 04:10:44.254 ms]:[INFO]:[PSAG_PHYSICS]: phy_world => body_data, name: ZPGamePhysics
[2025.07.02 04:10:44.254 ms]:[INFO]:[PSAG_PHYSICS]: body_data item: delete key: 2808039761968
[2025.07.02 04:10:44.254 ms]:[INFO]:[PSAG_ACTOR_CORE]: game_actor entity delete: 150
[2025.07.02 04:10:44.263 ms]:[INFO]:[PSAG_PHYSICS]: phy_world => body_data, name: ZPGamePhysics
[2025.07.02 04:10:44.263 ms]:[INFO]:[PSAG_PHYSICS]: body_data item: delete key: 2808039762160
[2025.07.02 04:10:44.264 ms]:[INFO]:[PSAG_ACTOR_CORE]: game_actor entity delete: 154
[2025.07.02 04:10:44.287 ms]:[INFO]:[PSAG_TOOL_NOTFIY]: station receive pair: PPActor/PPActorBullet, data_size: 12 bytes
[2025.07.02 04:10:44.288 ms]:[INFO]:[PSAG_ACTOR_CORE]: game_actor get textures: 1
[2025.07.02 04:10:44.288 ms]:[INFO]:[PSAG_ACTOR_CORE]: game_actor render_comp init.
[2025.07.02 04:10:44.288 ms]:[INFO]:[PSAG_PHYSICS]: phy_world => body_data, name: ZPGamePhysics
[2025.07.02 04:10:44.288 ms]:[INFO]:[PSAG_PHYSICS]: body_data(dynamic) item: alloc key: 2807962864800
[2025.07.02 04:10:44.288 ms]:[INFO]:[PSAG_ACTOR_CORE]: game_actor entity create: 162
[2025.07.02 04:10:44.338 ms]:[INFO]:[PSAG_TOOL_NOTFIY]: station receive pair: PPActor/PPActorBullet, data_size: 12 bytes
[2025.07.02 04:10:44.339 ms]:[INFO]:[PSAG_ACTOR_CORE]: game_actor get textures: 1
[2025.07.02 04:10:44.339 ms]:[INFO]:[PSAG_ACTOR_CORE]: game_actor render_comp init.
[2025.07.02 04:10:44.339 ms]:[INFO]:[PSAG_PHYSICS]: phy_world => body_data, name: ZPGamePhysics
[2025.07.02 04:10:44.339 ms]:[INFO]:[PSAG_PHYSICS]: body_data(dynamic) item: alloc key: 2807962857408
[2025.07.02 04:10:44.339 ms]:[INFO]:[PSAG_ACTOR_CORE]: game_actor entity create: 164
[2025.07.02 04:10:45.398 ms]:[INFO]:[PSAG_PHYSICS]: phy_world => body_data, name: ZPGamePhysics
[2025.07.02 04:10:45.399 ms]:[INFO]:[PSAG_PHYSICS]: body_data item: delete key: 2808039761776
[2025.07.02 04:10:45.399 ms]:[INFO]:[PSAG_ACTOR_CORE]: game_actor entity delete: 156
[2025.07.02 04:10:45.438 ms]:[INFO]:[PSAG_TOOL_NOTFIY]: station receive pair: PPActor/PPActorBullet, data_size: 12 bytes
[2025.07.02 04:10:45.439 ms]:[INFO]:[PSAG_ACTOR_CORE]: game_actor get textures: 1
[2025.07.02 04:10:45.439 ms]:[INFO]:[PSAG_ACTOR_CORE]: game_actor render_comp init.
[2025.07.02 04:10:45.439 ms]:[INFO]:[PSAG_PHYSICS]: phy_world => body_data, name: ZPGamePhysics
[2025.07.02 04:10:45.439 ms]:[INFO]:[PSAG_PHYSICS]: body_data(dynamic) item: alloc key: 2807962860096
[2025.07.02 04:10:45.439 ms]:[INFO]:[PSAG_ACTOR_CORE]: game_actor entity create: 166
[2025.07.02 04:10:45.672 ms]:[INFO]:[PSAG_PHYSICS]: phy_world => body_data, name: ZPGamePhysics
[2025.07.02 04:10:45.672 ms]:[INFO]:[PSAG_PHYSICS]: body_data item: delete key: 2808039761968
[2025.07.02 04:10:45.672 ms]:[INFO]:[PSAG_ACTOR_CORE]: game_actor entity delete: 164
[2025.07.02 04:10:45.688 ms]:[INFO]:[PSAG_TOOL_NOTFIY]: station receive pair: PPActor/PPActorBullet, data_size: 12 bytes
[2025.07.02 04:10:45.689 ms]:[INFO]:[PSAG_ACTOR_CORE]: game_actor get textures: 1
[2025.07.02 04:10:45.689 ms]:[INFO]:[PSAG_ACTOR_CORE]: game_actor render_comp init.
[2025.07.02 04:10:45.689 ms]:[INFO]:[PSAG_PHYSICS]: phy_world => body_data, name: ZPGamePhysics
[2025.07.02 04:10:45.689 ms]:[INFO]:[PSAG_PHYSICS]: body_data(dynamic) item: alloc key: 2807962864464
[2025.07.02 04:10:45.689 ms]:[INFO]:[PSAG_ACTOR_CORE]: game_actor entity create: 168
[2025.07.02 04:10:45.919 ms]:[INFO]:[PSAG_PHYSICS]: phy_world => body_data, name: ZPGamePhysics
[2025.07.02 04:10:45.919 ms]:[INFO]:[PSAG_PHYSICS]: body_data item: delete key: 2808039762352
[2025.07.02 04:10:45.920 ms]:[INFO]:[PSAG_ACTOR_CORE]: game_actor entity delete: 158
[2025.07.02 04:10:45.944 ms]:[INFO]:[PSAG_TOOL_NOTFIY]: station receive pair: PPActor/PPActorBullet, data_size: 12 bytes
[2025.07.02 04:10:45.944 ms]:[INFO]:[PSAG_PHYSICS]: phy_world => body_data, name: ZPGamePhysics
[2025.07.02 04:10:45.945 ms]:[INFO]:[PSAG_PHYSICS]: body_data item: delete key: 2808039762544
[2025.07.02 04:10:45.945 ms]:[INFO]:[PSAG_ACTOR_CORE]: game_actor entity delete: 160
[2025.07.02 04:10:45.945 ms]:[INFO]:[PSAG_ACTOR_CORE]: game_actor get textures: 1
[2025.07.02 04:10:45.945 ms]:[INFO]:[PSAG_ACTOR_CORE]: game_actor render_comp init.
[2025.07.02 04:10:45.945 ms]:[INFO]:[PSAG_PHYSICS]: phy_world => body_data, name: ZPGamePhysics
[2025.07.02 04:10:45.945 ms]:[INFO]:[PSAG_PHYSICS]: body_data(dynamic) item: alloc key: 2807962858752
[2025.07.02 04:10:45.945 ms]:[INFO]:[PSAG_ACTOR_CORE]: game_actor entity create: 170
[2025.07.02 04:10:45.988 ms]:[INFO]:[PSAG_TOOL_NOTFIY]: station receive pair: PPActor/PPActorBullet, data_size: 12 bytes
[2025.07.02 04:10:45.988 ms]:[INFO]:[PSAG_ACTOR_CORE]: game_actor get textures: 1
[2025.07.02 04:10:45.988 ms]:[INFO]:[PSAG_ACTOR_CORE]: game_actor render_comp init.
[2025.07.02 04:10:45.988 ms]:[INFO]:[PSAG_PHYSICS]: phy_world => body_data, name: ZPGamePhysics
[2025.07.02 04:10:45.989 ms]:[INFO]:[PSAG_PHYSICS]: body_data(dynamic) item: alloc key: 2807962857408
[2025.07.02 04:10:45.989 ms]:[INFO]:[PSAG_ACTOR_CORE]: game_actor entity create: 172
[2025.07.02 04:10:46.007 ms]:[INFO]:[PSAG_PHYSICS]: phy_world => body_data, name: ZPGamePhysics
[2025.07.02 04:10:46.007 ms]:[INFO]:[PSAG_PHYSICS]: body_data item: delete key: 2808039762160
[2025.07.02 04:10:46.007 ms]:[INFO]:[PSAG_ACTOR_CORE]: game_actor entity delete: 162
[2025.07.02 04:10:46.037 ms]:[INFO]:[PSAG_TOOL_NOTFIY]: station receive pair: PPActor/PPActorBullet, data_size: 12 bytes
[2025.07.02 04:10:46.038 ms]:[INFO]:[PSAG_ACTOR_CORE]: game_actor get textures: 1
[2025.07.02 04:10:46.038 ms]:[INFO]:[PSAG_ACTOR_CORE]: game_actor render_comp init.
[2025.07.02 04:10:46.038 ms]:[INFO]:[PSAG_PHYSICS]: phy_world => body_data, name: ZPGamePhysics
[2025.07.02 04:10:46.038 ms]:[INFO]:[PSAG_PHYSICS]: body_data(dynamic) item: alloc key: 2807962859088
[2025.07.02 04:10:46.038 ms]:[INFO]:[PSAG_ACTOR_CORE]: game_actor entity create: 174
[2025.07.02 04:10:46.882 ms]:[INFO]:[PSAG_PHYSICS]: phy_world => body_data, name: ZPGamePhysics
[2025.07.02 04:10:46.882 ms]:[INFO]:[PSAG_PHYSICS]: body_data item: delete key: 2808039761776
[2025.07.02 04:10:46.882 ms]:[INFO]:[PSAG_ACTOR_CORE]: game_actor entity delete: 166
[2025.07.02 04:10:46.888 ms]:[INFO]:[PSAG_TOOL_NOTFIY]: station receive pair: PPActor/PPActorBullet, data_size: 12 bytes
[2025.07.02 04:10:46.888 ms]:[INFO]:[PSAG_ACTOR_CORE]: game_actor get textures: 1
[2025.07.02 04:10:46.889 ms]:[INFO]:[PSAG_ACTOR_CORE]: game_actor render_comp init.
[2025.07.02 04:10:46.889 ms]:[INFO]:[PSAG_PHYSICS]: phy_world => body_data, name: ZPGamePhysics
[2025.07.02 04:10:46.889 ms]:[INFO]:[PSAG_PHYSICS]: body_data(dynamic) item: alloc key: 2807962863120
[2025.07.02 04:10:46.889 ms]:[INFO]:[PSAG_ACTOR_CORE]: game_actor entity create: 176
[2025.07.02 04:10:47.258 ms]:[INFO]:[PSAG_PHYSICS]: phy_world => body_data, name: ZPGamePhysics
[2025.07.02 04:10:47.258 ms]:[INFO]:[PSAG_PHYSICS]: body_data item: delete key: 2808039761968
[2025.07.02 04:10:47.258 ms]:[INFO]:[PSAG_ACTOR_CORE]: game_actor entity delete: 168
[2025.07.02 04:10:47.288 ms]:[INFO]:[PSAG_TOOL_NOTFIY]: station receive pair: PPActor/PPActorBullet, data_size: 12 bytes
[2025.07.02 04:10:47.288 ms]:[INFO]:[PSAG_ACTOR_CORE]: game_actor get textures: 1
[2025.07.02 04:10:47.289 ms]:[INFO]:[PSAG_ACTOR_CORE]: game_actor render_comp init.
[2025.07.02 04:10:47.289 ms]:[INFO]:[PSAG_PHYSICS]: phy_world => body_data, name: ZPGamePhysics
[2025.07.02 04:10:47.289 ms]:[INFO]:[PSAG_PHYSICS]: body_data(dynamic) item: alloc key: 2807962864464
[2025.07.02 04:10:47.289 ms]:[INFO]:[PSAG_ACTOR_CORE]: game_actor entity create: 178
[2025.07.02 04:10:47.624 ms]:[INFO]:[PSAG_PHYSICS]: phy_world => body_data, name: ZPGamePhysics
[2025.07.02 04:10:47.624 ms]:[INFO]:[PSAG_PHYSICS]: body_data item: delete key: 2808039762160
[2025.07.02 04:10:47.624 ms]:[INFO]:[PSAG_ACTOR_CORE]: game_actor entity delete: 174
[2025.07.02 04:10:47.638 ms]:[INFO]:[PSAG_TOOL_NOTFIY]: station receive pair: PPActor/PPActorBullet, data_size: 12 bytes
[2025.07.02 04:10:47.639 ms]:[INFO]:[PSAG_ACTOR_CORE]: game_actor get textures: 1
[2025.07.02 04:10:47.639 ms]:[INFO]:[PSAG_ACTOR_CORE]: game_actor render_comp init.
[2025.07.02 04:10:47.639 ms]:[INFO]:[PSAG_PHYSICS]: phy_world => body_data, name: ZPGamePhysics
[2025.07.02 04:10:47.639 ms]:[INFO]:[PSAG_PHYSICS]: body_data(dynamic) item: alloc key: 2807962864800
[2025.07.02 04:10:47.639 ms]:[INFO]:[PSAG_ACTOR_CORE]: game_actor entity create: 180
[2025.07.02 04:10:47.679 ms]:[INFO]:[PSAG_PHYSICS]: phy_world => body_data, name: ZPGamePhysics
[2025.07.02 04:10:47.679 ms]:[INFO]:[PSAG_PHYSICS]: body_data item: delete key: 2808039762544
[2025.07.02 04:10:47.679 ms]:[INFO]:[PSAG_ACTOR_CORE]: game_actor entity delete: 170
[2025.07.02 04:10:47.689 ms]:[INFO]:[PSAG_TOOL_NOTFIY]: station receive pair: PPActor/PPActorBullet, data_size: 12 bytes
[2025.07.02 04:10:47.689 ms]:[INFO]:[PSAG_PHYSICS]: phy_world => body_data, name: ZPGamePhysics
[2025.07.02 04:10:47.689 ms]:[INFO]:[PSAG_PHYSICS]: body_data item: delete key: 2808039762352
[2025.07.02 04:10:47.689 ms]:[INFO]:[PSAG_ACTOR_CORE]: game_actor entity delete: 172
[2025.07.02 04:10:47.689 ms]:[INFO]:[PSAG_ACTOR_CORE]: game_actor get textures: 1
[2025.07.02 04:10:47.689 ms]:[INFO]:[PSAG_ACTOR_CORE]: game_actor render_comp init.
[2025.07.02 04:10:47.689 ms]:[INFO]:[PSAG_PHYSICS]: phy_world => body_data, name: ZPGamePhysics
[2025.07.02 04:10:47.690 ms]:[INFO]:[PSAG_PHYSICS]: body_data(dynamic) item: alloc key: 2807962857408
[2025.07.02 04:10:47.690 ms]:[INFO]:[PSAG_ACTOR_CORE]: game_actor entity create: 182
[2025.07.02 04:10:47.767 ms]:[INFO]:[PSAG_TOOL_NOTFIY]: station receive pair: PPActor/PPActorBullet, data_size: 12 bytes
[2025.07.02 04:10:47.768 ms]:[INFO]:[PSAG_ACTOR_CORE]: game_actor get textures: 1
[2025.07.02 04:10:47.768 ms]:[INFO]:[PSAG_ACTOR_CORE]: game_actor render_comp init.
[2025.07.02 04:10:47.768 ms]:[INFO]:[PSAG_PHYSICS]: phy_world => body_data, name: ZPGamePhysics
[2025.07.02 04:10:47.768 ms]:[INFO]:[PSAG_PHYSICS]: body_data(dynamic) item: alloc key: 2807962857744
[2025.07.02 04:10:47.768 ms]:[INFO]:[PSAG_ACTOR_CORE]: game_actor entity create: 184
[2025.07.02 04:10:48.563 ms]:[INFO]:[PSAG_PHYSICS]: phy_world => body_data, name: ZPGamePhysics
[2025.07.02 04:10:48.563 ms]:[INFO]:[PSAG_PHYSICS]: body_data item: delete key: 2808039761776
[2025.07.02 04:10:48.563 ms]:[INFO]:[PSAG_ACTOR_CORE]: game_actor entity delete: 176
[2025.07.02 04:10:49.103 ms]:[INFO]:[PSAG_PHYSICS]: phy_world => body_data, name: ZPGamePhysics
[2025.07.02 04:10:49.103 ms]:[INFO]:[PSAG_PHYSICS]: body_data item: delete key: 2808039761968
[2025.07.02 04:10:49.103 ms]:[INFO]:[PSAG_ACTOR_CORE]: game_actor entity delete: 178
[2025.07.02 04:10:49.141 ms]:[INFO]:[PSAG_PHYSICS]: phy_world => body_data, name: ZPGamePhysics
[2025.07.02 04:10:49.141 ms]:[INFO]:[PSAG_PHYSICS]: body_data item: delete key: 2808039762544
[2025.07.02 04:10:49.141 ms]:[INFO]:[PSAG_ACTOR_CORE]: game_actor entity delete: 184
[2025.07.02 04:10:49.285 ms]:[INFO]:[PSAG_PHYSICS]: phy_world => body_data, name: ZPGamePhysics
[2025.07.02 04:10:49.285 ms]:[INFO]:[PSAG_PHYSICS]: body_data item: delete key: 2808039762160
[2025.07.02 04:10:49.285 ms]:[INFO]:[PSAG_ACTOR_CORE]: game_actor entity delete: 180
[2025.07.02 04:10:49.538 ms]:[INFO]:[PSAG_PHYSICS]: phy_world => body_data, name: ZPGamePhysics
[2025.07.02 04:10:49.538 ms]:[INFO]:[PSAG_PHYSICS]: body_data item: delete key: 2808039762352
[2025.07.02 04:10:49.538 ms]:[INFO]:[PSAG_ACTOR_CORE]: game_actor entity delete: 182
[2025.07.02 04:10:49.729 ms]:[INFO]:[PSAG_TOOL_NOTFIY]: station receive pair: PPActor/PPActorBullet, data_size: 12 bytes
[2025.07.02 04:10:49.729 ms]:[INFO]:[PSAG_ACTOR_CORE]: game_actor get textures: 1
[2025.07.02 04:10:49.729 ms]:[INFO]:[PSAG_ACTOR_CORE]: game_actor render_comp init.
[2025.07.02 04:10:49.729 ms]:[INFO]:[PSAG_PHYSICS]: phy_world => body_data, name: ZPGamePhysics
[2025.07.02 04:10:49.729 ms]:[INFO]:[PSAG_PHYSICS]: body_data(dynamic) item: alloc key: 2807962863120
[2025.07.02 04:10:49.729 ms]:[INFO]:[PSAG_ACTOR_CORE]: game_actor entity create: 186
[2025.07.02 04:10:50.005 ms]:[INFO]:[PSAG_TOOL_NOTFIY]: station receive pair: PPActor/PPActorBullet, data_size: 12 bytes
[2025.07.02 04:10:50.005 ms]:[INFO]:[PSAG_ACTOR_CORE]: game_actor get textures: 1
[2025.07.02 04:10:50.005 ms]:[INFO]:[PSAG_ACTOR_CORE]: game_actor render_comp init.
[2025.07.02 04:10:50.005 ms]:[INFO]:[PSAG_PHYSICS]: phy_world => body_data, name: ZPGamePhysics
[2025.07.02 04:10:50.005 ms]:[INFO]:[PSAG_PHYSICS]: body_data(dynamic) item: alloc key: 2807962864464
[2025.07.02 04:10:50.005 ms]:[INFO]:[PSAG_ACTOR_CORE]: game_actor entity create: 188
[2025.07.02 04:10:50.054 ms]:[INFO]:[PSAG_TOOL_NOTFIY]: station receive pair: PPActor/PPActorBullet, data_size: 12 bytes
[2025.07.02 04:10:50.054 ms]:[INFO]:[PSAG_ACTOR_CORE]: game_actor get textures: 1
[2025.07.02 04:10:50.054 ms]:[INFO]:[PSAG_ACTOR_CORE]: game_actor render_comp init.
[2025.07.02 04:10:50.055 ms]:[INFO]:[PSAG_PHYSICS]: phy_world => body_data, name: ZPGamePhysics
[2025.07.02 04:10:50.055 ms]:[INFO]:[PSAG_PHYSICS]: body_data(dynamic) item: alloc key: 2807962857744
[2025.07.02 04:10:50.055 ms]:[INFO]:[PSAG_ACTOR_CORE]: game_actor entity create: 190
[2025.07.02 04:10:50.105 ms]:[INFO]:[PSAG_TOOL_NOTFIY]: station receive pair: PPActor/PPActorBullet, data_size: 12 bytes
[2025.07.02 04:10:50.105 ms]:[INFO]:[PSAG_ACTOR_CORE]: game_actor get textures: 1
[2025.07.02 04:10:50.105 ms]:[INFO]:[PSAG_ACTOR_CORE]: game_actor render_comp init.
[2025.07.02 04:10:50.106 ms]:[INFO]:[PSAG_PHYSICS]: phy_world => body_data, name: ZPGamePhysics
[2025.07.02 04:10:50.106 ms]:[INFO]:[PSAG_PHYSICS]: body_data(dynamic) item: alloc key: 2807962864800
[2025.07.02 04:10:50.106 ms]:[INFO]:[PSAG_ACTOR_CORE]: game_actor entity create: 192
[2025.07.02 04:10:50.156 ms]:[INFO]:[PSAG_TOOL_NOTFIY]: station receive pair: PPActor/PPActorBullet, data_size: 12 bytes
[2025.07.02 04:10:50.156 ms]:[INFO]:[PSAG_ACTOR_CORE]: game_actor get textures: 1
[2025.07.02 04:10:50.156 ms]:[INFO]:[PSAG_ACTOR_CORE]: game_actor render_comp init.
[2025.07.02 04:10:50.157 ms]:[INFO]:[PSAG_PHYSICS]: phy_world => body_data, name: ZPGamePhysics
[2025.07.02 04:10:50.157 ms]:[INFO]:[PSAG_PHYSICS]: body_data(dynamic) item: alloc key: 2807962857408
[2025.07.02 04:10:50.157 ms]:[INFO]:[PSAG_ACTOR_CORE]: game_actor entity create: 194
[2025.07.02 04:10:51.341 ms]:[INFO]:[PSAG_PHYSICS]: phy_world => body_data, name: ZPGamePhysics
[2025.07.02 04:10:51.341 ms]:[INFO]:[PSAG_PHYSICS]: body_data item: delete key: 2808039762352
[2025.07.02 04:10:51.341 ms]:[INFO]:[PSAG_ACTOR_CORE]: game_actor entity delete: 186
[2025.07.02 04:10:51.549 ms]:[INFO]:[PSAG_PHYSICS]: phy_world => body_data, name: ZPGamePhysics
[2025.07.02 04:10:51.549 ms]:[INFO]:[PSAG_PHYSICS]: body_data item: delete key: 2808039762160
[2025.07.02 04:10:51.549 ms]:[INFO]:[PSAG_ACTOR_CORE]: game_actor entity delete: 188
[2025.07.02 04:10:51.747 ms]:[INFO]:[PSAG_PHYSICS]: phy_world => body_data, name: ZPGamePhysics
[2025.07.02 04:10:51.747 ms]:[INFO]:[PSAG_PHYSICS]: body_data item: delete key: 2808039762544
[2025.07.02 04:10:51.747 ms]:[INFO]:[PSAG_ACTOR_CORE]: game_actor entity delete: 190
[2025.07.02 04:10:51.899 ms]:[INFO]:[PSAG_PHYSICS]: phy_world => body_data, name: ZPGamePhysics
[2025.07.02 04:10:51.899 ms]:[INFO]:[PSAG_PHYSICS]: body_data item: delete key: 2808039761968
[2025.07.02 04:10:51.899 ms]:[INFO]:[PSAG_ACTOR_CORE]: game_actor entity delete: 192
[2025.07.02 04:10:52.009 ms]:[INFO]:[PSAG_PHYSICS]: phy_world => body_data, name: ZPGamePhysics
[2025.07.02 04:10:52.009 ms]:[INFO]:[PSAG_PHYSICS]: body_data item: delete key: 2808039761776
[2025.07.02 04:10:52.009 ms]:[INFO]:[PSAG_ACTOR_CORE]: game_actor entity delete: 194
[2025.07.02 04:10:52.225 ms]:[INFO]:[PSAG_OGL_RES]: rbo: delete key: 38
[2025.07.02 04:10:52.225 ms]:[INFO]:[PSAG_OGL_RES]: fbo: delete key: 48
[2025.07.02 04:10:52.225 ms]:[INFO]:[PSAG_OGL_RES]: fbo: delete key: 50
[2025.07.02 04:10:52.225 ms]:[INFO]:[PSAG_OGL_RES]: fbo: delete key: 46
[2025.07.02 04:10:52.225 ms]:[INFO]:[PSAG_OGL_RES]: fbo: delete key: 42
[2025.07.02 04:10:52.226 ms]:[TRACE]:[PSAG_OGL_RES]: tmu delete(space): 5
[2025.07.02 04:10:52.226 ms]:[INFO]:[PSAG_OGL_RES]: texture: delete key: 40
[2025.07.02 04:10:52.226 ms]:[INFO]:[PSAG_OGL_RES]: shader: delete key: 30
[2025.07.02 04:10:52.226 ms]:[INFO]:[PSAG_OGL_RES]: shader: delete key: 32
[2025.07.02 04:10:52.226 ms]:[INFO]:[PSAG_OGL_RES]: shader: delete key: 34
[2025.07.02 04:10:52.226 ms]:[INFO]:[PSAG_OGL_RES]: shader: delete key: 26
[2025.07.02 04:10:52.226 ms]:[INFO]:[PSAG_GL_POST]: graphics_engine free post_shader(system).
[2025.07.02 04:10:52.226 ms]:[INFO]:[PSAG_PHYSICS]: phy_world => body_data, name: ZPGamePhysics
[2025.07.02 04:10:52.226 ms]:[INFO]:[PSAG_PHYSICS]: body_data item: delete key: 2808039760240
[2025.07.02 04:10:52.226 ms]:[INFO]:[PSAG_ENVMT_CORE]: game_envmt item delete: 76
[2025.07.02 04:10:52.226 ms]:[INFO]:[PSAG_PHYSICS]: phy_world => body_data, name: ZPGamePhysics
[2025.07.02 04:10:52.226 ms]:[INFO]:[PSAG_PHYSICS]: body_data item: delete key: 2808039759472
[2025.07.02 04:10:52.226 ms]:[INFO]:[PSAG_ENVMT_CORE]: game_envmt item delete: 68
[2025.07.02 04:10:52.226 ms]:[INFO]:[PSAG_PHYSICS]: phy_world => body_data, name: ZPGamePhysics
[2025.07.02 04:10:52.226 ms]:[INFO]:[PSAG_PHYSICS]: body_data item: delete key: 2808039759664
[2025.07.02 04:10:52.226 ms]:[INFO]:[PSAG_ENVMT_CORE]: game_envmt item delete: 70
[2025.07.02 04:10:52.226 ms]:[INFO]:[PSAG_PHYSICS]: phy_world => body_data, name: ZPGamePhysics
[2025.07.02 04:10:52.226 ms]:[INFO]:[PSAG_PHYSICS]: body_data item: delete key: 2808039759856
[2025.07.02 04:10:52.226 ms]:[INFO]:[PSAG_ENVMT_CORE]: game_envmt item delete: 72
[2025.07.02 04:10:52.226 ms]:[INFO]:[PSAG_PHYSICS]: phy_world => body_data, name: ZPGamePhysics
[2025.07.02 04:10:52.226 ms]:[INFO]:[PSAG_PHYSICS]: body_data item: delete key: 2808039760048
[2025.07.02 04:10:52.226 ms]:[INFO]:[PSAG_ENVMT_CORE]: game_envmt item delete: 74
[2025.07.02 04:10:52.226 ms]:[INFO]:[PSAG_GAMECORE_MAG]: game_envmt manager system delete.
[2025.07.02 04:10:52.226 ms]:[INFO]:[PSAG_GL_DATASET]: layers_manager delete_count(space): 0
[2025.07.02 04:10:52.226 ms]:[INFO]:[PSAG_GL_DATASET]: vir_texture item: delete key: 52
[2025.07.02 04:10:52.226 ms]:[INFO]:[PSAG_OGL_RES]: shader: delete key: 60
[2025.07.02 04:10:52.227 ms]:[INFO]:[PSAG_ACTOR_CORE]: game_actor shader delete.
[2025.07.02 04:10:52.227 ms]:[INFO]:[PSAG_OGL_RES]: shader: delete key: 56
[2025.07.02 04:10:52.227 ms]:[INFO]:[PSAG_ACTOR_CORE]: game_actor shader delete.
[2025.07.02 04:10:52.227 ms]:[INFO]:[PSAG_GL_DATASET]: layers_manager delete_count(space): 1
[2025.07.02 04:10:52.227 ms]:[INFO]:[PSAG_GL_DATASET]: vir_texture item: delete key: 54
[2025.07.02 04:10:52.227 ms]:[INFO]:[PSAG_OGL_RES]: shader: delete key: 64
[2025.07.02 04:10:52.227 ms]:[INFO]:[PSAG_ACTOR_CORE]: game_actor shader delete.
[2025.07.02 04:10:52.227 ms]:[INFO]:[PSAG_GAMECORE_MAG]: actor_shader manager system delete.
[2025.07.02 04:10:52.228 ms]:[INFO]:[PSAG_PHYSICS]: phy_world => body_data, name: ZPGamePhysics
[2025.07.02 04:10:52.228 ms]:[INFO]:[PSAG_PHYSICS]: body_data item: delete key: 2808039760432
[2025.07.02 04:10:52.228 ms]:[INFO]:[PSAG_ACTOR_CORE]: game_actor entity delete: 90
[2025.07.02 04:10:52.228 ms]:[INFO]:[PSAG_GL_DATASET]: layers_manager delete_count(space): 0
[2025.07.02 04:10:52.228 ms]:[INFO]:[PSAG_GL_DATASET]: vir_texture item: delete key: 78
[2025.07.02 04:10:52.228 ms]:[INFO]:[PSAG_OGL_RES]: shader: delete key: 82
[2025.07.02 04:10:52.228 ms]:[INFO]:[PSAG_ACTOR_CORE]: game_actor shader delete.
[2025.07.02 04:10:52.228 ms]:[INFO]:[PSAG_GL_DATASET]: layers_manager delete_count(space): 1
[2025.07.02 04:10:52.228 ms]:[INFO]:[PSAG_GL_DATASET]: vir_texture item: delete key: 80
[2025.07.02 04:10:52.228 ms]:[INFO]:[PSAG_OGL_RES]: shader: delete key: 86
[2025.07.02 04:10:52.228 ms]:[INFO]:[PSAG_ACTOR_CORE]: game_actor shader delete.
[2025.07.02 04:10:52.228 ms]:[INFO]:[PSAG_GAMECORE_MAG]: actor_shader manager system delete.
[2025.07.02 04:10:52.228 ms]:[INFO]:[PSAG_GL_DATASET]: layers_manager delete_count(space): 0
[2025.07.02 04:10:52.228 ms]:[INFO]:[PSAG_GL_DATASET]: vir_texture item: delete key: 104
[2025.07.02 04:10:52.228 ms]:[INFO]:[PSAG_OGL_RES]: shader: delete key: 108
[2025.07.02 04:10:52.228 ms]:[INFO]:[PSAG_ACTOR_CORE]: game_actor shader delete.
[2025.07.02 04:10:52.228 ms]:[INFO]:[PSAG_GL_DATASET]: layers_manager delete_count(space): 0
[2025.07.02 04:10:52.228 ms]:[INFO]:[PSAG_GL_DATASET]: vir_texture item: delete key: 106
[2025.07.02 04:10:52.228 ms]:[INFO]:[PSAG_OGL_RES]: shader: delete key: 112
[2025.07.02 04:10:52.228 ms]:[INFO]:[PSAG_ACTOR_CORE]: game_actor shader delete.
[2025.07.02 04:10:52.228 ms]:[INFO]:[PSAG_GAMECORE_MAG]: actor_shader manager system delete.
[2025.07.02 04:10:52.228 ms]:[INFO]:[PSAG_GAMECORE_MAG]: game_actor manager system delete.
[2025.07.02 04:10:52.228 ms]:[INFO]:[PSAG_GL_PVFX]: psag_fx image_view system free.
[2025.07.02 04:10:52.228 ms]:[INFO]:[PSAG_GL_PVFX]: psag_fx image_view system free.
[2025.07.02 04:10:52.228 ms]:[INFO]:[PSAG_GL_PVFX]: psag_fx image_view system free.
[2025.07.02 04:10:52.228 ms]:[INFO]:[PSAG_GL_PVFX]: psag_fx image_view system free.
[2025.07.02 04:10:52.228 ms]:[INFO]:[PSAG_GL_PVFX]: psag_fx image_view system free.
[2025.07.02 04:10:52.228 ms]:[INFO]:[PSAG_GL_PVFX]: psag_fx image_view system free.
[2025.07.02 04:10:52.228 ms]:[INFO]:[PSAG_OGL_RES]: vao: delete key: 4
[2025.07.02 04:10:52.228 ms]:[INFO]:[PSAG_OGL_RES]: vbo: delete key: 6
[2025.07.02 04:10:52.229 ms]:[INFO]:[PSAG_OGL_RES]: vao: delete key: 8
[2025.07.02 04:10:52.229 ms]:[INFO]:[PSAG_OGL_RES]: vbo: delete key: 10
[2025.07.02 04:10:52.229 ms]:[TRACE]:[PSAG_OGL_RES]: tmu delete(space): 1
[2025.07.02 04:10:52.229 ms]:[TRACE]:[PSAG_OGL_RES]: tmu delete(space): 2
[2025.07.02 04:10:52.229 ms]:[TRACE]:[PSAG_OGL_RES]: tmu delete(space): 3
[2025.07.02 04:10:52.229 ms]:[TRACE]:[PSAG_OGL_RES]: tmu delete(space): 4
[2025.07.02 04:10:52.256 ms]:[INFO]:[PSAG_OGL_RES]: texture: delete key: 16
[2025.07.02 04:10:52.270 ms]:[INFO]:[PSAG_OGL_RES]: texture: delete key: 18
[2025.07.02 04:10:52.277 ms]:[INFO]:[PSAG_OGL_RES]: texture: delete key: 20
[2025.07.02 04:10:52.279 ms]:[INFO]:[PSAG_OGL_RES]: texture: delete key: 22
[2025.07.02 04:10:52.493 ms]:[TRACE]:[PSAG_AUDIO]: audio(openal) global free_context & close_device.
[2025.07.02 04:10:52.493 ms]:[INFO]:[PSAG_PHYSICS]: physics_world item: free_bodies: 0, delete key: DEFAULT_PHY_WORLD
[2025.07.02 04:10:52.498 ms]:[INFO]:[PSAG_IMGUI]: imgui_free: imgui_opengl3 context.
[2025.07.02 04:10:52.498 ms]:[TRACE]:[PSAG_AUDIO_DATA]: free resource(raw_audio): 0 bytes
[2025.07.02 04:10:52.498 ms]:[INFO]:[PSAG_AUDIO_DATA]: LLRES static_object() delete.
[2025.07.02 04:10:52.498 ms]:[TRACE]:[PSAG_OGL_RES]: free resource(shader): 2 items
[2025.07.02 04:10:52.498 ms]:[TRACE]:[PSAG_OGL_RES]: free resource(texture): 0 items
[2025.07.02 04:10:52.498 ms]:[TRACE]:[PSAG_OGL_RES]: free resource(vertex_buffer): 0 items
[2025.07.02 04:10:52.498 ms]:[TRACE]:[PSAG_OGL_RES]: free resource(vertex_attribute): 0 items
[2025.07.02 04:10:52.499 ms]:[TRACE]:[PSAG_OGL_RES]: free resource(frame_buffer): 1 items
[2025.07.02 04:10:52.499 ms]:[TRACE]:[PSAG_OGL_RES]: free resource(render_buffer): 0 items
[2025.07.02 04:10:52.499 ms]:[TRACE]:[PSAG_OGL_RES]: free resource(uniform_buffer): 1 items
[2025.07.02 04:10:52.499 ms]:[INFO]:[PSAG_LLRES]: graph static_object(graphics) delete.
[2025.07.02 04:10:52.525 ms]:[INFO]:[PSAG_WINDOW]: fw_window free: glfw context.
[2025.07.02 04:10:52.895 ms]:[TRACE]:[PSAG_M_MAINEVENT]: async_events execution end.
[2025.07.02 04:10:52.895 ms]:[INFO]:[PSAG_M_START]: free framework ret_code: 1
