[2025.07.02 05:34:31.265 ms]:[INFO]:[PSAG_LOGGER]: start thread success.
[2025.07.02 05:34:31.266 ms]:[INFO]:[PSAG_M_START]: core_start objects(frm) total: only
[2025.07.02 05:34:31.266 ms]:[INFO]:[PSAG_M_START]: core_start objects(net) total: 0
[2025.07.02 05:34:31.266 ms]:[INFO]:[PSAG_M_START]: core_start objects(ext) total: 0
[2025.07.02 05:34:31.266 ms]:[INFO]:[PSAG_LOGGER]: create log_file: PSAGameSystemLogs/998600051974500.log
[2025.07.02 05:34:31.266 ms]:[TRACE]:[PSAG_M_MAINEVENT]: async_event add item_id: 724066889088
[2025.07.02 05:34:31.266 ms]:[INFO]:[PSAG_M_MAINEVENT]: async_events executing...
[2025.07.02 05:34:31.267 ms]:[INFO]:[PSAG_FILESYS_LOAD]: load(src) read_file: PSAGameFrameworkCore/framework_config.json read_size: 463
[2025.07.02 05:34:31.267 ms]:[INFO]:[PSAG_FILESYS_LOAD]: load(src) read_file: PSAGameFrameworkCore/framework_config_shaders.json read_size: 1329
[2025.07.02 05:34:31.267 ms]:[INFO]:[PSAG_FILESYS_LOAD]: load(src) read_file: PSAGameFrameworkCore/CoreShaderScript/public/psag_graph_template_actor.vert read_size: 984
[2025.07.02 05:34:31.267 ms]:[INFO]:[PSAG_FILESYS_LOAD]: load(src) read_file: PSAGameFrameworkCore/CoreShaderScript/public/psag_graph_template.vert read_size: 737
[2025.07.02 05:34:31.267 ms]:[INFO]:[PSAG_FILESYS_LOAD]: load(src) read_file: PSAGameFrameworkCore/CoreShaderScript/public/psag_graph_tools.frag read_size: 933
[2025.07.02 05:34:31.267 ms]:[INFO]:[PSAG_FILESYS_LOAD]: load(src) read_file: PSAGameFrameworkCore/CoreShaderScript/public/psag_graph_header.frag read_size: 202
[2025.07.02 05:34:31.267 ms]:[INFO]:[PSAG_FILESYS_LOAD]: load(src) read_file: PSAGameFrameworkCore/CoreShaderScript/private/psag_graph_final_vollight.frag read_size: 1670
[2025.07.02 05:34:31.267 ms]:[INFO]:[PSAG_FILESYS_LOAD]: load(src) read_file: PSAGameFrameworkCore/CoreShaderScript/private/psag_graph_final_multfilter.frag read_size: 356
[2025.07.02 05:34:31.268 ms]:[INFO]:[PSAG_FILESYS_LOAD]: load(src) read_file: PSAGameFrameworkCore/CoreShaderScript/private/psag_graph_final_blurh.frag read_size: 783
[2025.07.02 05:34:31.268 ms]:[INFO]:[PSAG_FILESYS_LOAD]: load(src) read_file: PSAGameFrameworkCore/CoreShaderScript/private/psag_graph_final_blurv.frag read_size: 778
[2025.07.02 05:34:31.268 ms]:[INFO]:[PSAG_FILESYS_LOAD]: load(src) read_file: PSAGameFrameworkCore/CoreShaderScript/private/psag_graph_final.frag read_size: 1243
[2025.07.02 05:34:31.268 ms]:[INFO]:[PSAG_FILESYS_LOAD]: load(src) read_file: PSAGameFrameworkCore/CoreShaderScript/private/psag_graph_background.frag read_size: 1107
[2025.07.02 05:34:31.268 ms]:[INFO]:[PSAG_FILESYS_LOAD]: load(src) read_file: PSAGameFrameworkCore/CoreShaderScript/private/psag_graph_particle.frag read_size: 1255
[2025.07.02 05:34:31.268 ms]:[INFO]:[PSAG_FILESYS_LOAD]: load(src) read_file: PSAGameFrameworkCore/CoreShaderScript/private/psag_graph_fx_sequence.frag read_size: 543
[2025.07.02 05:34:31.268 ms]:[INFO]:[PSAG_GL_GLSL]: graphics_engine config system_glsl.
[2025.07.02 05:34:31.268 ms]:[TRACE]:[PSAG_M_CORE]: core framework init,config...
[2025.07.02 05:34:31.307 ms]:[INFO]:[PSAG_WINDOW]: init opengl_glfw.
[2025.07.02 05:34:31.584 ms]:[WARNING]:[PSAG_WINDOW]: <F:\PSAFrameworkProject\PSAGameFramework\PSAGameFramework\PSAGameFrameworkCore\LLWindowGui\framework_window_system.cpp:__LINE__> failed fw_window load: icon_image.
[2025.07.02 05:34:31.634 ms]:[INFO]:[PSAG_OGL_INIT]: framework_graphics logger function_ptr: 877da698
[2025.07.02 05:34:31.634 ms]:[INFO]:[PSAG_OGL_INIT]: framework_graphics shader gl_version: 
[2025.07.02 05:34:31.637 ms]:[TRACE]:[PSAG_OGL_INIT]: framework_graphics config init...
[2025.07.02 05:34:31.637 ms]:[INFO]:[PSAG_OGL_INFORMATION]: device gpu supplier: NVIDIA Corporation
[2025.07.02 05:34:31.637 ms]:[INFO]:[PSAG_OGL_INFORMATION]: device gpu model: NVIDIA GeForce RTX 4060 Laptop GPU/PCIe/SSE2
[2025.07.02 05:34:31.637 ms]:[INFO]:[PSAG_OGL_INFORMATION]: device version opengl: 4.6.0 NVIDIA 576.57
[2025.07.02 05:34:31.637 ms]:[INFO]:[PSAG_OGL_INFORMATION]: device version glsl: 4.60 NVIDIA
[2025.07.02 05:34:31.637 ms]:[PERF]:[PSAG_OGL_INFORMATION]: device memory[capacity]: 8188.00 mib
[2025.07.02 05:34:31.637 ms]:[INFO]:[PSAG_OGL_INFORMATION]: device (vao)attribs_max units: 16 entry
[2025.07.02 05:34:31.637 ms]:[INFO]:[PSAG_OGL_INFORMATION]: device (vbo)buffer_max units: 4096 entry
[2025.07.02 05:34:31.637 ms]:[INFO]:[PSAG_OGL_INFORMATION]: device [tmu]texture_max units: 32 entry
[2025.07.02 05:34:31.637 ms]:[INFO]:[PSAG_OGL_INFORMATION]: device (vert)uniform_max items: 4096
[2025.07.02 05:34:31.637 ms]:[INFO]:[PSAG_OGL_INFORMATION]: device (frag)uniform_max items: 4096
[2025.07.02 05:34:31.637 ms]:[INFO]:[PSAG_LLRES]: graph static_object(graphics) create.
[2025.07.02 05:34:31.637 ms]:[INFO]:[PSAG_AUDIO_DATA]: LLRES static_object() create.
[2025.07.02 05:34:31.637 ms]:[INFO]:[PSAG_OGL_RES]: vao: storage key: 4
[2025.07.02 05:34:31.637 ms]:[INFO]:[PSAG_OGL_RES]: vbo: storage key: 6
[2025.07.02 05:34:31.637 ms]:[TRACE]:[PSAG_GL_DATASET]: dynamic vertex data manager_create.
[2025.07.02 05:34:31.637 ms]:[INFO]:[PSAG_OGL_RES]: vao: storage key: 8
[2025.07.02 05:34:31.637 ms]:[INFO]:[PSAG_OGL_RES]: vbo: storage key: 10
[2025.07.02 05:34:31.638 ms]:[INFO]:[PSAG_GL_DATASET]: ver_data(stc) upload gpu_data: 72 bytes
[2025.07.02 05:34:31.638 ms]:[INFO]:[PSAG_GL_DATASET]: ver_data(stc) item: alloc key: 12
[2025.07.02 05:34:31.638 ms]:[INFO]:[PSAG_GL_DATASET]: preset craete: rectangle.
[2025.07.02 05:34:31.639 ms]:[INFO]:[PSAG_GL_DATASET]: ver_data(stc) upload gpu_data: 2868 bytes
[2025.07.02 05:34:31.639 ms]:[INFO]:[PSAG_GL_DATASET]: ver_data(stc) item: alloc key: 14
[2025.07.02 05:34:31.639 ms]:[INFO]:[PSAG_GL_DATASET]: preset craete: circle.
[2025.07.02 05:34:31.639 ms]:[TRACE]:[PSAG_GL_DATASET]: static vertex data manager_create.
[2025.07.02 05:34:31.639 ms]:[TRACE]:[PSAG_OGL_RES]: tmu alloc u: 1
[2025.07.02 05:34:31.639 ms]:[TRACE]:[PSAG_OGL_RES]: tmu alloc u: 2
[2025.07.02 05:34:31.639 ms]:[TRACE]:[PSAG_OGL_RES]: tmu alloc u: 3
[2025.07.02 05:34:31.639 ms]:[TRACE]:[PSAG_OGL_RES]: tmu alloc u: 4
[2025.07.02 05:34:31.639 ms]:[INFO]:[PSAG_OGL_TEXTURE]: texture.2d(array) object create.
[2025.07.02 05:34:31.639 ms]:[INFO]:[PSAG_OGL_TEXTURE]: texture create, succ: size: 4096 x 4096, layers: 5.
[2025.07.02 05:34:31.639 ms]:[INFO]:[PSAG_OGL_TEXTURE]: texture.2d(array) object create.
[2025.07.02 05:34:31.639 ms]:[INFO]:[PSAG_OGL_TEXTURE]: texture create, succ: size: 2048 x 2048, layers: 10.
[2025.07.02 05:34:31.639 ms]:[INFO]:[PSAG_OGL_TEXTURE]: texture.2d(array) object create.
[2025.07.02 05:34:31.639 ms]:[INFO]:[PSAG_OGL_TEXTURE]: texture create, succ: size: 1024 x 1024, layers: 20.
[2025.07.02 05:34:31.639 ms]:[INFO]:[PSAG_OGL_TEXTURE]: texture.2d(array) object create.
[2025.07.02 05:34:31.639 ms]:[INFO]:[PSAG_OGL_TEXTURE]: texture create, succ: size: 512 x 512, layers: 25.
[2025.07.02 05:34:31.639 ms]:[INFO]:[PSAG_OGL_RES]: texture: storage key: 16
[2025.07.02 05:34:31.639 ms]:[INFO]:[PSAG_OGL_RES]: texture: storage key: 18
[2025.07.02 05:34:31.640 ms]:[INFO]:[PSAG_OGL_RES]: texture: storage key: 20
[2025.07.02 05:34:31.640 ms]:[INFO]:[PSAG_OGL_RES]: texture: storage key: 22
[2025.07.02 05:34:31.640 ms]:[TRACE]:[PSAG_GL_DATASET]: vir_create texture[8x] size: 4096 x 4096
[2025.07.02 05:34:31.640 ms]:[TRACE]:[PSAG_GL_DATASET]: vir_create texture[4x] size: 2048 x 2048
[2025.07.02 05:34:31.640 ms]:[TRACE]:[PSAG_GL_DATASET]: vir_create texture[2x] size: 1024 x 1024
[2025.07.02 05:34:31.640 ms]:[TRACE]:[PSAG_GL_DATASET]: vir_create texture[1x] size: 512 x 512
[2025.07.02 05:34:31.640 ms]:[INFO]:[PSAG_OGL_UNIFORM]: uniform_buffer.gen create.
[2025.07.02 05:34:31.640 ms]:[INFO]:[PSAG_OGL_RES]: ubo: storage key: 24
[2025.07.02 05:34:31.640 ms]:[INFO]:[PSAG_GL_MATRIX]: graphics_engine create matrix ubo.
[2025.07.02 05:34:32.751 ms]:[TRACE]:[PSAG_AUDIO]: audio(openal) global create device & context.
[2025.07.02 05:34:32.752 ms]:[INFO]:[PSAG_PHYSICS]: physics_world item: alloc key: DEFAULT_PHY_WORLD
[2025.07.02 05:34:32.752 ms]:[INFO]:[PSAG_OGL_SHADER]: vertex_shader source script num: 1
[2025.07.02 05:34:32.752 ms]:[INFO]:[PSAG_OGL_SHADER]: vertex compilation succeeded.
[2025.07.02 05:34:32.752 ms]:[INFO]:[PSAG_OGL_SHADER]: fragment_shader source script num: 2
[2025.07.02 05:34:32.752 ms]:[INFO]:[PSAG_OGL_SHADER]: fragment compilation succeeded.
[2025.07.02 05:34:32.752 ms]:[INFO]:[PSAG_OGL_SHADER]: shader_program link succeeded.
[2025.07.02 05:34:32.753 ms]:[INFO]:[PSAG_OGL_RES]: shader: storage key: 26
[2025.07.02 05:34:32.753 ms]:[INFO]:[PSAG_OGL_SHADER]: vertex_shader source script num: 1
[2025.07.02 05:34:32.753 ms]:[INFO]:[PSAG_OGL_SHADER]: vertex compilation succeeded.
[2025.07.02 05:34:32.753 ms]:[INFO]:[PSAG_OGL_SHADER]: fragment_shader source script num: 2
[2025.07.02 05:34:32.753 ms]:[INFO]:[PSAG_OGL_SHADER]: fragment compilation succeeded.
[2025.07.02 05:34:32.753 ms]:[INFO]:[PSAG_OGL_SHADER]: shader_program link succeeded.
[2025.07.02 05:34:32.753 ms]:[INFO]:[PSAG_OGL_RES]: shader: storage key: 28
[2025.07.02 05:34:32.753 ms]:[INFO]:[PSAG_OGL_SHADER]: vertex_shader source script num: 1
[2025.07.02 05:34:32.753 ms]:[INFO]:[PSAG_OGL_SHADER]: vertex compilation succeeded.
[2025.07.02 05:34:32.753 ms]:[INFO]:[PSAG_OGL_SHADER]: fragment_shader source script num: 3
[2025.07.02 05:34:32.753 ms]:[INFO]:[PSAG_OGL_SHADER]: fragment compilation succeeded.
[2025.07.02 05:34:32.753 ms]:[INFO]:[PSAG_OGL_SHADER]: shader_program link succeeded.
[2025.07.02 05:34:32.753 ms]:[INFO]:[PSAG_OGL_RES]: shader: storage key: 30
[2025.07.02 05:34:32.753 ms]:[INFO]:[PSAG_OGL_SHADER]: vertex_shader source script num: 1
[2025.07.02 05:34:32.753 ms]:[INFO]:[PSAG_OGL_SHADER]: vertex compilation succeeded.
[2025.07.02 05:34:32.753 ms]:[INFO]:[PSAG_OGL_SHADER]: fragment_shader source script num: 3
[2025.07.02 05:34:32.753 ms]:[INFO]:[PSAG_OGL_SHADER]: fragment compilation succeeded.
[2025.07.02 05:34:32.754 ms]:[INFO]:[PSAG_OGL_SHADER]: shader_program link succeeded.
[2025.07.02 05:34:32.754 ms]:[INFO]:[PSAG_OGL_RES]: shader: storage key: 32
[2025.07.02 05:34:32.754 ms]:[INFO]:[PSAG_OGL_SHADER]: vertex_shader source script num: 1
[2025.07.02 05:34:32.754 ms]:[INFO]:[PSAG_OGL_SHADER]: vertex compilation succeeded.
[2025.07.02 05:34:32.754 ms]:[INFO]:[PSAG_OGL_SHADER]: fragment_shader source script num: 3
[2025.07.02 05:34:32.754 ms]:[INFO]:[PSAG_OGL_SHADER]: fragment compilation succeeded.
[2025.07.02 05:34:32.754 ms]:[INFO]:[PSAG_OGL_SHADER]: shader_program link succeeded.
[2025.07.02 05:34:32.754 ms]:[INFO]:[PSAG_OGL_RES]: shader: storage key: 34
[2025.07.02 05:34:32.754 ms]:[INFO]:[PSAG_GL_DATASET]: ver_data(stc) upload gpu_data: 2940 bytes
[2025.07.02 05:34:32.754 ms]:[INFO]:[PSAG_GL_DATASET]: ver_data(stc) item: alloc key: 36
[2025.07.02 05:34:32.754 ms]:[INFO]:[PSAG_OGL_RENDER]: render_buffer object create.
[2025.07.02 05:34:32.754 ms]:[INFO]:[PSAG_OGL_RENDER]: render_buffer config depth.
[2025.07.02 05:34:32.754 ms]:[INFO]:[PSAG_OGL_RENDER]: alloc render_buffer 1680 x 945, size: 6.056 mib.
[2025.07.02 05:34:32.755 ms]:[INFO]:[PSAG_OGL_RES]: rbo: storage key: 38
[2025.07.02 05:34:32.755 ms]:[TRACE]:[PSAG_OGL_RES]: tmu alloc u: 5
[2025.07.02 05:34:32.755 ms]:[INFO]:[PSAG_OGL_TEXTURE]: texture.2d(array) object create.
[2025.07.02 05:34:32.755 ms]:[INFO]:[PSAG_OGL_TEXTURE]: texture create, succ: size: 1680 x 945, layers: 5.
[2025.07.02 05:34:32.755 ms]:[INFO]:[PSAG_OGL_RES]: texture: storage key: 40
[2025.07.02 05:34:32.755 ms]:[INFO]:[PSAG_OGL_FRAME]: frame_buffer object create.
[2025.07.02 05:34:32.758 ms]:[INFO]:[PSAG_OGL_RES]: fbo: storage key: 42
[2025.07.02 05:34:32.758 ms]:[INFO]:[PSAG_OGL_FRAME]: frame_buffer object create.
[2025.07.02 05:34:32.758 ms]:[INFO]:[PSAG_OGL_RES]: fbo: storage key: 44
[2025.07.02 05:34:32.758 ms]:[INFO]:[PSAG_OGL_FRAME]: frame_buffer object create.
[2025.07.02 05:34:32.758 ms]:[INFO]:[PSAG_OGL_RES]: fbo: storage key: 46
[2025.07.02 05:34:32.758 ms]:[INFO]:[PSAG_OGL_FRAME]: frame_buffer object create.
[2025.07.02 05:34:32.758 ms]:[INFO]:[PSAG_OGL_RES]: fbo: storage key: 48
[2025.07.02 05:34:32.759 ms]:[INFO]:[PSAG_OGL_FRAME]: frame_buffer object create.
[2025.07.02 05:34:32.759 ms]:[INFO]:[PSAG_OGL_RES]: fbo: storage key: 50
[2025.07.02 05:34:32.759 ms]:[INFO]:[PSAG_GL_POST]: graphics_engine create final_shader(system).
[2025.07.02 05:34:32.759 ms]:[INFO]:[PSAG_IMGUI]: imgui_read: fonts file: PSAGameSystemFiles/JetBrainsMonoBold.ttf
[2025.07.02 05:34:32.760 ms]:[INFO]:[PSAG_IMGUI]: imgui_init: imgui_opengl3 context.
[2025.07.02 05:34:32.760 ms]:[TRACE]:[PSAG_M_CORE]: registration ref_object name: ZPGameScene
[2025.07.02 05:34:32.760 ms]:[TRACE]:[PSAG_M_CORE]: registration ref_object name: ZPGamePActor
[2025.07.02 05:34:32.760 ms]:[TRACE]:[PSAG_M_CORE]: registration ref_object name: ZPGameBullet
[2025.07.02 05:34:32.760 ms]:[TRACE]:[PSAG_M_CORE]: registration ref_object name: ZPGameGui
[2025.07.02 05:34:32.760 ms]:[INFO]:[PSAG_PHYSICS]: physics_world item: alloc key: ZPGamePhysics
[2025.07.02 05:34:32.760 ms]:[INFO]:[PSAG_FILESYS_LOAD]: load(src) read_file: PSAGameFrameworkDev/GameZeroProject/GameMaterial/zpgame_wall_h.png read_size: 22012
[2025.07.02 05:34:32.760 ms]:[INFO]:[PSAG_FILESYS_LOAD]: load(src) read_file: PSAGameFrameworkDev/GameZeroProject/GameMaterial/zpgame_wall_v.png read_size: 44017
[2025.07.02 05:34:32.760 ms]:[INFO]:[PSAG_ACTOR_CORE]: game_actor shader create: 1680 x 945
[2025.07.02 05:34:32.760 ms]:[INFO]:[PSAG_ACTOR_CORE]: game_actor shader create: 1680 x 945
[2025.07.02 05:34:32.771 ms]:[INFO]:[PSAG_OGL_IMG]: success decode image: size: 4096 x 208, color_channel: 4
[2025.07.02 05:34:32.772 ms]:[INFO]:[PSAG_GL_DATASET]: layers_manager alloc_count: 0
[2025.07.02 05:34:32.811 ms]:[INFO]:[PSAG_GL_DATASET]: vir_texture: src: 4096 x 208, fmt_fill: 4096 x 4096
[2025.07.02 05:34:32.840 ms]:[INFO]:[PSAG_GL_DATASET]: vir_texture item: alloc key: 52, cropping: 1.00 x 0.05, res: 1x/1
[2025.07.02 05:34:32.845 ms]:[INFO]:[PSAG_ACTOR_CORE]: game_actor shader texture add, name: WallH
[2025.07.02 05:34:32.846 ms]:[INFO]:[PSAG_ACTOR_CORE]: game_actor shader create: 1680 x 945
[2025.07.02 05:34:32.857 ms]:[INFO]:[PSAG_OGL_IMG]: success decode image: size: 208 x 4096, color_channel: 4
[2025.07.02 05:34:32.858 ms]:[INFO]:[PSAG_GL_DATASET]: layers_manager alloc_count: 1
[2025.07.02 05:34:32.899 ms]:[INFO]:[PSAG_GL_DATASET]: vir_texture: src: 208 x 4096, fmt_fill: 4096 x 4096
[2025.07.02 05:34:32.927 ms]:[INFO]:[PSAG_GL_DATASET]: vir_texture item: alloc key: 54, cropping: 0.05 x 1.00, res: 1x/1
[2025.07.02 05:34:32.934 ms]:[INFO]:[PSAG_ACTOR_CORE]: game_actor shader texture add, name: WallV
[2025.07.02 05:34:32.934 ms]:[INFO]:[PSAG_ACTOR_CORE]: game_actor shader load textures: 0
[2025.07.02 05:34:32.934 ms]:[INFO]:[PSAG_OGL_SHADER]: vertex_shader source script num: 1
[2025.07.02 05:34:32.934 ms]:[INFO]:[PSAG_OGL_SHADER]: vertex compilation succeeded.
[2025.07.02 05:34:32.934 ms]:[INFO]:[PSAG_OGL_SHADER]: fragment_shader source script num: 2
[2025.07.02 05:34:32.934 ms]:[INFO]:[PSAG_OGL_SHADER]: fragment compilation succeeded.
[2025.07.02 05:34:32.935 ms]:[INFO]:[PSAG_OGL_SHADER]: shader_program link succeeded.
[2025.07.02 05:34:32.935 ms]:[INFO]:[PSAG_OGL_RES]: shader: storage key: 56
[2025.07.02 05:34:32.935 ms]:[INFO]:[PSAG_ACTOR_CORE]: game_actor shader default_res create.
[2025.07.02 05:34:32.935 ms]:[INFO]:[PSAG_ACTOR_CORE]: game_actor shader load textures: 1
[2025.07.02 05:34:32.935 ms]:[INFO]:[PSAG_OGL_SHADER]: vertex_shader source script num: 1
[2025.07.02 05:34:32.935 ms]:[INFO]:[PSAG_OGL_SHADER]: vertex compilation succeeded.
[2025.07.02 05:34:32.935 ms]:[INFO]:[PSAG_OGL_SHADER]: fragment_shader source script num: 3
[2025.07.02 05:34:32.935 ms]:[INFO]:[PSAG_OGL_SHADER]: fragment compilation succeeded.
[2025.07.02 05:34:32.935 ms]:[INFO]:[PSAG_OGL_SHADER]: shader_program link succeeded.
[2025.07.02 05:34:32.935 ms]:[INFO]:[PSAG_OGL_RES]: shader: storage key: 60
[2025.07.02 05:34:32.935 ms]:[INFO]:[PSAG_ACTOR_CORE]: game_actor shader default_res create.
[2025.07.02 05:34:32.935 ms]:[INFO]:[PSAG_ACTOR_CORE]: game_actor shader load textures: 1
[2025.07.02 05:34:32.935 ms]:[INFO]:[PSAG_OGL_SHADER]: vertex_shader source script num: 1
[2025.07.02 05:34:32.935 ms]:[INFO]:[PSAG_OGL_SHADER]: vertex compilation succeeded.
[2025.07.02 05:34:32.935 ms]:[INFO]:[PSAG_OGL_SHADER]: fragment_shader source script num: 3
[2025.07.02 05:34:32.935 ms]:[INFO]:[PSAG_OGL_SHADER]: fragment compilation succeeded.
[2025.07.02 05:34:32.935 ms]:[INFO]:[PSAG_OGL_SHADER]: shader_program link succeeded.
[2025.07.02 05:34:32.935 ms]:[INFO]:[PSAG_OGL_RES]: shader: storage key: 64
[2025.07.02 05:34:32.935 ms]:[INFO]:[PSAG_ACTOR_CORE]: game_actor shader default_res create.
[2025.07.02 05:34:32.935 ms]:[INFO]:[PSAG_ENVMT_CORE]: game_envmt get textures: 1
[2025.07.02 05:34:32.935 ms]:[INFO]:[PSAG_ENVMT_CORE]: game_envmt render_comp init.
[2025.07.02 05:34:32.935 ms]:[INFO]:[PSAG_PHYSICS]: phy_world => body_data, name: ZPGamePhysics
[2025.07.02 05:34:32.935 ms]:[INFO]:[PSAG_PHYSICS]: body_data(static) item: alloc key: 2474134126656
[2025.07.02 05:34:32.935 ms]:[INFO]:[PSAG_ENVMT_CORE]: game_envmt item create: 68
[2025.07.02 05:34:32.935 ms]:[INFO]:[PSAG_ENVMT_CORE]: game_envmt get textures: 1
[2025.07.02 05:34:32.935 ms]:[INFO]:[PSAG_ENVMT_CORE]: game_envmt render_comp init.
[2025.07.02 05:34:32.936 ms]:[INFO]:[PSAG_PHYSICS]: phy_world => body_data, name: ZPGamePhysics
[2025.07.02 05:34:32.936 ms]:[INFO]:[PSAG_PHYSICS]: body_data(static) item: alloc key: 2474134128224
[2025.07.02 05:34:32.936 ms]:[INFO]:[PSAG_ENVMT_CORE]: game_envmt item create: 70
[2025.07.02 05:34:32.936 ms]:[INFO]:[PSAG_ENVMT_CORE]: game_envmt get textures: 1
[2025.07.02 05:34:32.936 ms]:[INFO]:[PSAG_ENVMT_CORE]: game_envmt render_comp init.
[2025.07.02 05:34:32.936 ms]:[INFO]:[PSAG_PHYSICS]: phy_world => body_data, name: ZPGamePhysics
[2025.07.02 05:34:32.936 ms]:[INFO]:[PSAG_PHYSICS]: body_data(static) item: alloc key: 2474134127104
[2025.07.02 05:34:32.936 ms]:[INFO]:[PSAG_ENVMT_CORE]: game_envmt item create: 72
[2025.07.02 05:34:32.936 ms]:[INFO]:[PSAG_ENVMT_CORE]: game_envmt get textures: 1
[2025.07.02 05:34:32.936 ms]:[INFO]:[PSAG_ENVMT_CORE]: game_envmt render_comp init.
[2025.07.02 05:34:32.936 ms]:[INFO]:[PSAG_PHYSICS]: phy_world => body_data, name: ZPGamePhysics
[2025.07.02 05:34:32.936 ms]:[INFO]:[PSAG_PHYSICS]: body_data(static) item: alloc key: 2474134131808
[2025.07.02 05:34:32.936 ms]:[INFO]:[PSAG_ENVMT_CORE]: game_envmt item create: 74
[2025.07.02 05:34:32.936 ms]:[INFO]:[PSAG_ENVMT_CORE]: game_envmt render_comp init.
[2025.07.02 05:34:32.936 ms]:[INFO]:[PSAG_PHYSICS]: phy_world => body_data, name: ZPGamePhysics
[2025.07.02 05:34:32.936 ms]:[INFO]:[PSAG_PHYSICS]: body_data(static) item: alloc key: 2474134129344
[2025.07.02 05:34:32.936 ms]:[INFO]:[PSAG_ENVMT_CORE]: game_envmt item create: 76
[2025.07.02 05:34:32.936 ms]:[INFO]:[PSAG_ACTOR_CORE]: AType: register key: ActorPAWN
[2025.07.02 05:34:32.936 ms]:[INFO]:[PSAG_ACTOR_CORE]: AType: register key: ActorNPC
[2025.07.02 05:34:32.937 ms]:[INFO]:[PSAG_FILESYS_LOAD]: load(src) read_file: PSAGameFrameworkDev/GameZeroProject/GameMaterial/zpgame_ppactor_nor.png read_size: 405375
[2025.07.02 05:34:32.937 ms]:[INFO]:[PSAG_ACTOR_CORE]: game_actor shader create: 1680 x 945
[2025.07.02 05:34:32.957 ms]:[INFO]:[PSAG_OGL_IMG]: success decode image: size: 1024 x 1024, color_channel: 4
[2025.07.02 05:34:32.958 ms]:[INFO]:[PSAG_GL_DATASET]: layers_manager alloc_count: 0
[2025.07.02 05:34:32.958 ms]:[INFO]:[PSAG_GL_DATASET]: vir_texture: src: 1024 x 1024, fmt_fill: 1024 x 1024
[2025.07.02 05:34:32.960 ms]:[INFO]:[PSAG_GL_DATASET]: vir_texture item: alloc key: 78, cropping: 1.00 x 1.00, res: 4x/1
[2025.07.02 05:34:32.960 ms]:[INFO]:[PSAG_ACTOR_CORE]: game_actor shader texture add, name: PPActor
[2025.07.02 05:34:32.961 ms]:[INFO]:[PSAG_FILESYS_LOAD]: load(src) read_file: PSAGameFrameworkDev/GameZeroProject/GameMaterial/zpgame_npc_a.png read_size: 177392
[2025.07.02 05:34:32.961 ms]:[INFO]:[PSAG_ACTOR_CORE]: game_actor shader create: 1680 x 945
[2025.07.02 05:34:32.983 ms]:[INFO]:[PSAG_OGL_IMG]: success decode image: size: 1024 x 1024, color_channel: 4
[2025.07.02 05:34:32.984 ms]:[INFO]:[PSAG_GL_DATASET]: layers_manager alloc_count: 1
[2025.07.02 05:34:32.984 ms]:[INFO]:[PSAG_GL_DATASET]: vir_texture: src: 1024 x 1024, fmt_fill: 1024 x 1024
[2025.07.02 05:34:32.986 ms]:[INFO]:[PSAG_GL_DATASET]: vir_texture item: alloc key: 80, cropping: 1.00 x 1.00, res: 4x/1
[2025.07.02 05:34:32.987 ms]:[INFO]:[PSAG_ACTOR_CORE]: game_actor shader texture add, name: NPActor
[2025.07.02 05:34:32.987 ms]:[INFO]:[PSAG_ACTOR_CORE]: game_actor shader load textures: 1
[2025.07.02 05:34:32.987 ms]:[INFO]:[PSAG_OGL_SHADER]: vertex_shader source script num: 1
[2025.07.02 05:34:32.987 ms]:[INFO]:[PSAG_OGL_SHADER]: vertex compilation succeeded.
[2025.07.02 05:34:32.987 ms]:[INFO]:[PSAG_OGL_SHADER]: fragment_shader source script num: 3
[2025.07.02 05:34:32.987 ms]:[INFO]:[PSAG_OGL_SHADER]: fragment compilation succeeded.
[2025.07.02 05:34:32.988 ms]:[INFO]:[PSAG_OGL_SHADER]: shader_program link succeeded.
[2025.07.02 05:34:32.988 ms]:[INFO]:[PSAG_OGL_RES]: shader: storage key: 82
[2025.07.02 05:34:32.988 ms]:[INFO]:[PSAG_ACTOR_CORE]: game_actor shader default_res create.
[2025.07.02 05:34:32.988 ms]:[INFO]:[PSAG_ACTOR_CORE]: game_actor shader load textures: 1
[2025.07.02 05:34:32.988 ms]:[INFO]:[PSAG_OGL_SHADER]: vertex_shader source script num: 1
[2025.07.02 05:34:32.988 ms]:[INFO]:[PSAG_OGL_SHADER]: vertex compilation succeeded.
[2025.07.02 05:34:32.988 ms]:[INFO]:[PSAG_OGL_SHADER]: fragment_shader source script num: 3
[2025.07.02 05:34:32.988 ms]:[INFO]:[PSAG_OGL_SHADER]: fragment compilation succeeded.
[2025.07.02 05:34:32.988 ms]:[INFO]:[PSAG_OGL_SHADER]: shader_program link succeeded.
[2025.07.02 05:34:32.988 ms]:[INFO]:[PSAG_OGL_RES]: shader: storage key: 86
[2025.07.02 05:34:32.988 ms]:[INFO]:[PSAG_ACTOR_CORE]: game_actor shader default_res create.
[2025.07.02 05:34:32.988 ms]:[INFO]:[PSAG_ACTOR_CORE]: game_actor get textures: 1
[2025.07.02 05:34:32.988 ms]:[INFO]:[PSAG_ACTOR_CORE]: game_actor render_comp init.
[2025.07.02 05:34:32.988 ms]:[INFO]:[PSAG_PHYSICS]: phy_world => body_data, name: ZPGamePhysics
[2025.07.02 05:34:32.988 ms]:[INFO]:[PSAG_PHYSICS]: body_data(dynamic) item: alloc key: 2473924923008
[2025.07.02 05:34:32.988 ms]:[INFO]:[PSAG_ACTOR_CORE]: game_actor entity create: 90
[2025.07.02 05:34:32.988 ms]:[INFO]:[PSAG_TOOL_NOTFIY]: station register n: PPActor, ptr 93f6090
[2025.07.02 05:34:32.988 ms]:[INFO]:[PSAG_ACTOR_CORE]: game_actor get textures: 1
[2025.07.02 05:34:32.988 ms]:[INFO]:[PSAG_ACTOR_CORE]: game_actor render_comp init.
[2025.07.02 05:34:32.988 ms]:[INFO]:[PSAG_PHYSICS]: phy_world => body_data, name: ZPGamePhysics
[2025.07.02 05:34:32.988 ms]:[INFO]:[PSAG_PHYSICS]: body_data(dynamic) item: alloc key: 2473924929056
[2025.07.02 05:34:32.988 ms]:[INFO]:[PSAG_ACTOR_CORE]: game_actor entity create: 92
[2025.07.02 05:34:32.988 ms]:[INFO]:[PSAG_ACTOR_CORE]: game_actor get textures: 1
[2025.07.02 05:34:32.988 ms]:[INFO]:[PSAG_ACTOR_CORE]: game_actor render_comp init.
[2025.07.02 05:34:32.988 ms]:[INFO]:[PSAG_PHYSICS]: phy_world => body_data, name: ZPGamePhysics
[2025.07.02 05:34:32.988 ms]:[INFO]:[PSAG_PHYSICS]: body_data(dynamic) item: alloc key: 2473924928384
[2025.07.02 05:34:32.988 ms]:[INFO]:[PSAG_ACTOR_CORE]: game_actor entity create: 94
[2025.07.02 05:34:32.988 ms]:[INFO]:[PSAG_ACTOR_CORE]: game_actor get textures: 1
[2025.07.02 05:34:32.989 ms]:[INFO]:[PSAG_ACTOR_CORE]: game_actor render_comp init.
[2025.07.02 05:34:32.989 ms]:[INFO]:[PSAG_PHYSICS]: phy_world => body_data, name: ZPGamePhysics
[2025.07.02 05:34:32.989 ms]:[INFO]:[PSAG_PHYSICS]: body_data(dynamic) item: alloc key: 2473924925024
[2025.07.02 05:34:32.989 ms]:[INFO]:[PSAG_ACTOR_CORE]: game_actor entity create: 96
[2025.07.02 05:34:32.989 ms]:[INFO]:[PSAG_ACTOR_CORE]: game_actor get textures: 1
[2025.07.02 05:34:32.989 ms]:[INFO]:[PSAG_ACTOR_CORE]: game_actor render_comp init.
[2025.07.02 05:34:32.989 ms]:[INFO]:[PSAG_PHYSICS]: phy_world => body_data, name: ZPGamePhysics
[2025.07.02 05:34:32.989 ms]:[INFO]:[PSAG_PHYSICS]: body_data(dynamic) item: alloc key: 2473924927376
[2025.07.02 05:34:32.989 ms]:[INFO]:[PSAG_ACTOR_CORE]: game_actor entity create: 98
[2025.07.02 05:34:32.989 ms]:[INFO]:[PSAG_ACTOR_CORE]: game_actor get textures: 1
[2025.07.02 05:34:32.989 ms]:[INFO]:[PSAG_ACTOR_CORE]: game_actor render_comp init.
[2025.07.02 05:34:32.989 ms]:[INFO]:[PSAG_PHYSICS]: phy_world => body_data, name: ZPGamePhysics
[2025.07.02 05:34:32.989 ms]:[INFO]:[PSAG_PHYSICS]: body_data(dynamic) item: alloc key: 2473924929392
[2025.07.02 05:34:32.989 ms]:[INFO]:[PSAG_ACTOR_CORE]: game_actor entity create: 100
[2025.07.02 05:34:32.989 ms]:[INFO]:[PSAG_ACTOR_CORE]: game_actor get textures: 1
[2025.07.02 05:34:32.989 ms]:[INFO]:[PSAG_ACTOR_CORE]: game_actor render_comp init.
[2025.07.02 05:34:32.989 ms]:[INFO]:[PSAG_PHYSICS]: phy_world => body_data, name: ZPGamePhysics
[2025.07.02 05:34:32.989 ms]:[INFO]:[PSAG_PHYSICS]: body_data(dynamic) item: alloc key: 2473924925360
[2025.07.02 05:34:32.989 ms]:[INFO]:[PSAG_ACTOR_CORE]: game_actor entity create: 102
[2025.07.02 05:34:32.989 ms]:[INFO]:[PSAG_ACTOR_CORE]: AType: register key: GuideBullet
[2025.07.02 05:34:32.989 ms]:[INFO]:[PSAG_FILESYS_LOAD]: load(src) read_file: PSAGameFrameworkDev/GameZeroProject/GameMaterial/zpgame_bullet_b.png read_size: 12111
[2025.07.02 05:34:32.989 ms]:[INFO]:[PSAG_FILESYS_LOAD]: load(src) read_file: PSAGameFrameworkDev/GameZeroProject/GameMaterial/zpgame_bullet_a.png read_size: 54094
[2025.07.02 05:34:32.989 ms]:[INFO]:[PSAG_ACTOR_CORE]: game_actor shader create: 1680 x 945
[2025.07.02 05:34:32.989 ms]:[INFO]:[PSAG_ACTOR_CORE]: game_actor shader create: 1680 x 945
[2025.07.02 05:34:32.997 ms]:[INFO]:[PSAG_OGL_IMG]: success decode image: size: 512 x 512, color_channel: 4
[2025.07.02 05:34:32.998 ms]:[INFO]:[PSAG_GL_DATASET]: layers_manager alloc_count: 0
[2025.07.02 05:34:32.998 ms]:[INFO]:[PSAG_GL_DATASET]: vir_texture: src: 512 x 512, fmt_fill: 512 x 512
[2025.07.02 05:34:32.998 ms]:[INFO]:[PSAG_GL_DATASET]: vir_texture item: alloc key: 104, cropping: 1.00 x 1.00, res: 8x/1
[2025.07.02 05:34:32.998 ms]:[INFO]:[PSAG_ACTOR_CORE]: game_actor shader texture add, name: SharpBullet
[2025.07.02 05:34:33.024 ms]:[INFO]:[PSAG_OGL_IMG]: success decode image: size: 1024 x 2048, color_channel: 4
[2025.07.02 05:34:33.026 ms]:[INFO]:[PSAG_GL_DATASET]: layers_manager alloc_count: 0
[2025.07.02 05:34:33.094 ms]:[INFO]:[PSAG_GL_DATASET]: vir_texture: src: 1024 x 2048, fmt_fill: 2048 x 2048
[2025.07.02 05:34:33.101 ms]:[INFO]:[PSAG_GL_DATASET]: vir_texture item: alloc key: 106, cropping: 0.50 x 1.00, res: 2x/1
[2025.07.02 05:34:33.103 ms]:[INFO]:[PSAG_ACTOR_CORE]: game_actor shader texture add, name: GuideBullet
[2025.07.02 05:34:33.104 ms]:[INFO]:[PSAG_ACTOR_CORE]: game_actor shader load textures: 1
[2025.07.02 05:34:33.104 ms]:[INFO]:[PSAG_OGL_SHADER]: vertex_shader source script num: 1
[2025.07.02 05:34:33.104 ms]:[INFO]:[PSAG_OGL_SHADER]: vertex compilation succeeded.
[2025.07.02 05:34:33.104 ms]:[INFO]:[PSAG_OGL_SHADER]: fragment_shader source script num: 3
[2025.07.02 05:34:33.104 ms]:[INFO]:[PSAG_OGL_SHADER]: fragment compilation succeeded.
[2025.07.02 05:34:33.104 ms]:[INFO]:[PSAG_OGL_SHADER]: shader_program link succeeded.
[2025.07.02 05:34:33.104 ms]:[INFO]:[PSAG_OGL_RES]: shader: storage key: 108
[2025.07.02 05:34:33.104 ms]:[INFO]:[PSAG_ACTOR_CORE]: game_actor shader default_res create.
[2025.07.02 05:34:33.104 ms]:[INFO]:[PSAG_ACTOR_CORE]: game_actor shader load textures: 1
[2025.07.02 05:34:33.104 ms]:[INFO]:[PSAG_OGL_SHADER]: vertex_shader source script num: 1
[2025.07.02 05:34:33.104 ms]:[INFO]:[PSAG_OGL_SHADER]: vertex compilation succeeded.
[2025.07.02 05:34:33.104 ms]:[INFO]:[PSAG_OGL_SHADER]: fragment_shader source script num: 3
[2025.07.02 05:34:33.104 ms]:[INFO]:[PSAG_OGL_SHADER]: fragment compilation succeeded.
[2025.07.02 05:34:33.104 ms]:[INFO]:[PSAG_OGL_SHADER]: shader_program link succeeded.
[2025.07.02 05:34:33.104 ms]:[INFO]:[PSAG_OGL_RES]: shader: storage key: 112
[2025.07.02 05:34:33.104 ms]:[INFO]:[PSAG_ACTOR_CORE]: game_actor shader default_res create.
[2025.07.02 05:34:33.104 ms]:[INFO]:[PSAG_FILESYS_LOAD]: load(src) read_file: PSAGameFrameworkDev/GameZeroProject/GameMaterial/zpgame_particle_a.png read_size: 21686
[2025.07.02 05:34:33.112 ms]:[INFO]:[PSAG_OGL_IMG]: success decode image: size: 512 x 512, color_channel: 4
[2025.07.02 05:34:33.112 ms]:[INFO]:[PSAG_GL_PARTICLE]: particle system proc thread init.
[2025.07.02 05:34:33.112 ms]:[INFO]:[PSAG_OGL_SHADER]: vertex_shader source script num: 1
[2025.07.02 05:34:33.112 ms]:[INFO]:[PSAG_OGL_SHADER]: vertex compilation succeeded.
[2025.07.02 05:34:33.112 ms]:[INFO]:[PSAG_OGL_SHADER]: fragment_shader source script num: 3
[2025.07.02 05:34:33.112 ms]:[INFO]:[PSAG_OGL_SHADER]: fragment compilation succeeded.
[2025.07.02 05:34:33.113 ms]:[INFO]:[PSAG_OGL_SHADER]: shader_program link succeeded.
[2025.07.02 05:34:33.113 ms]:[INFO]:[PSAG_OGL_RES]: shader: storage key: 116
[2025.07.02 05:34:33.113 ms]:[INFO]:[PSAG_GL_DATASET]: ver_data(dy) item: alloc key: 118
[2025.07.02 05:34:33.113 ms]:[INFO]:[PSAG_GL_DATASET]: layers_manager alloc_count: 1
[2025.07.02 05:34:33.113 ms]:[INFO]:[PSAG_GL_DATASET]: vir_texture: src: 512 x 512, fmt_fill: 512 x 512
[2025.07.02 05:34:33.113 ms]:[INFO]:[PSAG_GL_DATASET]: vir_texture item: alloc key: 120, cropping: 1.00 x 1.00, res: 8x/1
[2025.07.02 05:34:33.113 ms]:[INFO]:[PSAG_GL_PARTICLE]: particle system init.
[2025.07.02 05:34:33.114 ms]:[INFO]:[PSAG_GL_PARTICLE]: particle system render_size: 1680 x 945
[2025.07.02 05:34:33.114 ms]:[INFO]:[PSAG_MANAGER_FX]: manager fx_particle init.
[2025.07.02 05:34:33.114 ms]:[INFO]:[PSAG_TOOL_NOTFIY]: station register n: PPActorBullet, ptr 93f6090
[2025.07.02 05:34:33.114 ms]:[INFO]:[PSAG_FILESYS_LOAD]: load(src) read_file: PSAGameFrameworkDev/GameZeroProject/GameMaterial/zpgame_gui/zpgame_gui_b0.png read_size: 10743
[2025.07.02 05:34:33.119 ms]:[INFO]:[PSAG_OGL_IMG]: success decode image: size: 1024 x 278, color_channel: 4
[2025.07.02 05:34:33.119 ms]:[INFO]:[PSAG_OGL_TEXTURE]: texture.2d(view) object create.
[2025.07.02 05:34:33.120 ms]:[INFO]:[PSAG_OGL_TEXTURE]: texture_view create, succ: size: 1024 x 278
[2025.07.02 05:34:33.120 ms]:[INFO]:[PSAG_GL_PVFX]: psag_fx image_view system, create: 1024 x 278
[2025.07.02 05:34:33.121 ms]:[INFO]:[PSAG_FILESYS_LOAD]: load(src) read_file: PSAGameFrameworkDev/GameZeroProject/GameMaterial/zpgame_gui/zpgame_gui_b1.png read_size: 22199
[2025.07.02 05:34:33.127 ms]:[INFO]:[PSAG_OGL_IMG]: success decode image: size: 1024 x 278, color_channel: 4
[2025.07.02 05:34:33.129 ms]:[INFO]:[PSAG_OGL_TEXTURE]: texture.2d(view) object create.
[2025.07.02 05:34:33.130 ms]:[INFO]:[PSAG_OGL_TEXTURE]: texture_view create, succ: size: 1024 x 278
[2025.07.02 05:34:33.130 ms]:[INFO]:[PSAG_GL_PVFX]: psag_fx image_view system, create: 1024 x 278
[2025.07.02 05:34:33.130 ms]:[INFO]:[PSAG_FILESYS_LOAD]: load(src) read_file: PSAGameFrameworkDev/GameZeroProject/GameMaterial/zpgame_gui/zpgame_gui_b2.png read_size: 22716
[2025.07.02 05:34:33.136 ms]:[INFO]:[PSAG_OGL_IMG]: success decode image: size: 1024 x 278, color_channel: 4
[2025.07.02 05:34:33.138 ms]:[INFO]:[PSAG_OGL_TEXTURE]: texture.2d(view) object create.
[2025.07.02 05:34:33.139 ms]:[INFO]:[PSAG_OGL_TEXTURE]: texture_view create, succ: size: 1024 x 278
[2025.07.02 05:34:33.139 ms]:[INFO]:[PSAG_GL_PVFX]: psag_fx image_view system, create: 1024 x 278
[2025.07.02 05:34:33.139 ms]:[INFO]:[PSAG_FILESYS_LOAD]: load(src) read_file: PSAGameFrameworkDev/GameZeroProject/GameMaterial/zpgame_gui/zpgame_gui_b3.png read_size: 23026
[2025.07.02 05:34:33.145 ms]:[INFO]:[PSAG_OGL_IMG]: success decode image: size: 1024 x 278, color_channel: 4
[2025.07.02 05:34:33.147 ms]:[INFO]:[PSAG_OGL_TEXTURE]: texture.2d(view) object create.
[2025.07.02 05:34:33.147 ms]:[INFO]:[PSAG_OGL_TEXTURE]: texture_view create, succ: size: 1024 x 278
[2025.07.02 05:34:33.147 ms]:[INFO]:[PSAG_GL_PVFX]: psag_fx image_view system, create: 1024 x 278
[2025.07.02 05:34:33.147 ms]:[INFO]:[PSAG_FILESYS_LOAD]: load(src) read_file: PSAGameFrameworkDev/GameZeroProject/GameMaterial/zpgame_gui/zpgame_gui_b4.png read_size: 23655
[2025.07.02 05:34:33.153 ms]:[INFO]:[PSAG_OGL_IMG]: success decode image: size: 1024 x 278, color_channel: 4
[2025.07.02 05:34:33.155 ms]:[INFO]:[PSAG_OGL_TEXTURE]: texture.2d(view) object create.
[2025.07.02 05:34:33.156 ms]:[INFO]:[PSAG_OGL_TEXTURE]: texture_view create, succ: size: 1024 x 278
[2025.07.02 05:34:33.156 ms]:[INFO]:[PSAG_GL_PVFX]: psag_fx image_view system, create: 1024 x 278
[2025.07.02 05:34:33.156 ms]:[INFO]:[PSAG_FILESYS_LOAD]: load(src) read_file: PSAGameFrameworkDev/GameZeroProject/GameMaterial/zpgame_gui/zpgame_gui_b5.png read_size: 23922
[2025.07.02 05:34:33.162 ms]:[INFO]:[PSAG_OGL_IMG]: success decode image: size: 1024 x 278, color_channel: 4
[2025.07.02 05:34:33.163 ms]:[INFO]:[PSAG_OGL_TEXTURE]: texture.2d(view) object create.
[2025.07.02 05:34:33.164 ms]:[INFO]:[PSAG_OGL_TEXTURE]: texture_view create, succ: size: 1024 x 278
[2025.07.02 05:34:33.164 ms]:[INFO]:[PSAG_GL_PVFX]: psag_fx image_view system, create: 1024 x 278
[2025.07.02 05:34:33.164 ms]:[INFO]:[PSAG_M_START_ANIM]: create start_anim player.
[2025.07.02 05:34:33.164 ms]:[TRACE]:[PSAG_M_CORE]: pomelo_star game2d version: 12.20250127
[2025.07.02 05:34:33.199 ms]:[INFO]:[PSAG_M_START_ANIM]: start_anim playback complete, time(s): 0.000
[2025.07.02 05:34:33.199 ms]:[INFO]:[PSAG_M_START_ANIM]: free textures resource.
[2025.07.02 05:34:34.278 ms]:[INFO]:[PSAG_TOOL_NOTFIY]: station receive pair: PPActor/PPActorBullet, data_size: 16 bytes
[2025.07.02 05:34:34.278 ms]:[INFO]:[PSAG_ACTOR_CORE]: game_actor get textures: 1
[2025.07.02 05:34:34.278 ms]:[INFO]:[PSAG_ACTOR_CORE]: game_actor render_comp init.
[2025.07.02 05:34:34.278 ms]:[INFO]:[PSAG_PHYSICS]: phy_world => body_data, name: ZPGamePhysics
[2025.07.02 05:34:34.278 ms]:[INFO]:[PSAG_PHYSICS]: body_data(dynamic) item: alloc key: 2473924925696
[2025.07.02 05:34:34.278 ms]:[INFO]:[PSAG_ACTOR_CORE]: game_actor entity create: 122
[2025.07.02 05:34:34.553 ms]:[INFO]:[PSAG_TOOL_NOTFIY]: station receive pair: PPActor/PPActorBullet, data_size: 16 bytes
[2025.07.02 05:34:34.553 ms]:[INFO]:[PSAG_ACTOR_CORE]: game_actor get textures: 1
[2025.07.02 05:34:34.553 ms]:[INFO]:[PSAG_ACTOR_CORE]: game_actor render_comp init.
[2025.07.02 05:34:34.553 ms]:[INFO]:[PSAG_PHYSICS]: phy_world => body_data, name: ZPGamePhysics
[2025.07.02 05:34:34.553 ms]:[INFO]:[PSAG_PHYSICS]: body_data(dynamic) item: alloc key: 2473924927712
[2025.07.02 05:34:34.553 ms]:[INFO]:[PSAG_ACTOR_CORE]: game_actor entity create: 124
[2025.07.02 05:34:34.603 ms]:[INFO]:[PSAG_TOOL_NOTFIY]: station receive pair: PPActor/PPActorBullet, data_size: 16 bytes
[2025.07.02 05:34:34.603 ms]:[INFO]:[PSAG_ACTOR_CORE]: game_actor get textures: 1
[2025.07.02 05:34:34.603 ms]:[INFO]:[PSAG_ACTOR_CORE]: game_actor render_comp init.
[2025.07.02 05:34:34.603 ms]:[INFO]:[PSAG_PHYSICS]: phy_world => body_data, name: ZPGamePhysics
[2025.07.02 05:34:34.603 ms]:[INFO]:[PSAG_PHYSICS]: body_data(dynamic) item: alloc key: 2473924921664
[2025.07.02 05:34:34.603 ms]:[INFO]:[PSAG_ACTOR_CORE]: game_actor entity create: 126
[2025.07.02 05:34:34.655 ms]:[INFO]:[PSAG_TOOL_NOTFIY]: station receive pair: PPActor/PPActorBullet, data_size: 16 bytes
[2025.07.02 05:34:34.655 ms]:[INFO]:[PSAG_ACTOR_CORE]: game_actor get textures: 1
[2025.07.02 05:34:34.655 ms]:[INFO]:[PSAG_ACTOR_CORE]: game_actor render_comp init.
[2025.07.02 05:34:34.655 ms]:[INFO]:[PSAG_PHYSICS]: phy_world => body_data, name: ZPGamePhysics
[2025.07.02 05:34:34.655 ms]:[INFO]:[PSAG_PHYSICS]: body_data(dynamic) item: alloc key: 2473924926032
[2025.07.02 05:34:34.655 ms]:[INFO]:[PSAG_ACTOR_CORE]: game_actor entity create: 128
[2025.07.02 05:34:35.599 ms]:[INFO]:[PSAG_PHYSICS]: phy_world => body_data, name: ZPGamePhysics
[2025.07.02 05:34:35.599 ms]:[INFO]:[PSAG_PHYSICS]: body_data item: delete key: 2474058292304
[2025.07.02 05:34:35.599 ms]:[INFO]:[PSAG_ACTOR_CORE]: game_actor entity delete: 122
[2025.07.02 05:34:35.877 ms]:[INFO]:[PSAG_PHYSICS]: phy_world => body_data, name: ZPGamePhysics
[2025.07.02 05:34:35.877 ms]:[INFO]:[PSAG_PHYSICS]: body_data item: delete key: 2474058292496
[2025.07.02 05:34:35.877 ms]:[INFO]:[PSAG_ACTOR_CORE]: game_actor entity delete: 124
[2025.07.02 05:34:35.917 ms]:[INFO]:[PSAG_PHYSICS]: phy_world => body_data, name: ZPGamePhysics
[2025.07.02 05:34:35.917 ms]:[INFO]:[PSAG_PHYSICS]: body_data item: delete key: 2474058292688
[2025.07.02 05:34:35.917 ms]:[INFO]:[PSAG_ACTOR_CORE]: game_actor entity delete: 126
[2025.07.02 05:34:35.964 ms]:[INFO]:[PSAG_PHYSICS]: phy_world => body_data, name: ZPGamePhysics
[2025.07.02 05:34:35.964 ms]:[INFO]:[PSAG_PHYSICS]: body_data item: delete key: 2474058292880
[2025.07.02 05:34:35.964 ms]:[INFO]:[PSAG_ACTOR_CORE]: game_actor entity delete: 128
[2025.07.02 05:34:37.314 ms]:[INFO]:[PSAG_TOOL_NOTFIY]: station receive pair: PPActor/PPActorBullet, data_size: 16 bytes
[2025.07.02 05:34:37.315 ms]:[INFO]:[PSAG_ACTOR_CORE]: game_actor get textures: 1
[2025.07.02 05:34:37.315 ms]:[INFO]:[PSAG_ACTOR_CORE]: game_actor render_comp init.
[2025.07.02 05:34:37.315 ms]:[INFO]:[PSAG_PHYSICS]: phy_world => body_data, name: ZPGamePhysics
[2025.07.02 05:34:37.315 ms]:[INFO]:[PSAG_PHYSICS]: body_data(dynamic) item: alloc key: 2473924926032
[2025.07.02 05:34:37.315 ms]:[INFO]:[PSAG_ACTOR_CORE]: game_actor entity create: 130
[2025.07.02 05:34:37.320 ms]:[INFO]:[PSAG_ACTOR_CORE]: game_actor get textures: 1
[2025.07.02 05:34:37.320 ms]:[INFO]:[PSAG_ACTOR_CORE]: game_actor render_comp init.
[2025.07.02 05:34:37.320 ms]:[INFO]:[PSAG_PHYSICS]: phy_world => body_data, name: ZPGamePhysics
[2025.07.02 05:34:37.320 ms]:[INFO]:[PSAG_PHYSICS]: body_data(dynamic) item: alloc key: 2473924924016
[2025.07.02 05:34:37.320 ms]:[INFO]:[PSAG_ACTOR_CORE]: game_actor entity create: 132
[2025.07.02 05:34:37.325 ms]:[INFO]:[PSAG_ACTOR_CORE]: game_actor get textures: 1
[2025.07.02 05:34:37.325 ms]:[INFO]:[PSAG_ACTOR_CORE]: game_actor render_comp init.
[2025.07.02 05:34:37.325 ms]:[INFO]:[PSAG_PHYSICS]: phy_world => body_data, name: ZPGamePhysics
[2025.07.02 05:34:37.325 ms]:[INFO]:[PSAG_PHYSICS]: body_data(dynamic) item: alloc key: 2473924927040
[2025.07.02 05:34:37.325 ms]:[INFO]:[PSAG_ACTOR_CORE]: game_actor entity create: 134
[2025.07.02 05:34:37.330 ms]:[INFO]:[PSAG_ACTOR_CORE]: game_actor get textures: 1
[2025.07.02 05:34:37.330 ms]:[INFO]:[PSAG_ACTOR_CORE]: game_actor render_comp init.
[2025.07.02 05:34:37.330 ms]:[INFO]:[PSAG_PHYSICS]: phy_world => body_data, name: ZPGamePhysics
[2025.07.02 05:34:37.330 ms]:[INFO]:[PSAG_PHYSICS]: body_data(dynamic) item: alloc key: 2473924928720
[2025.07.02 05:34:37.330 ms]:[INFO]:[PSAG_ACTOR_CORE]: game_actor entity create: 136
[2025.07.02 05:34:37.336 ms]:[INFO]:[PSAG_ACTOR_CORE]: game_actor get textures: 1
[2025.07.02 05:34:37.336 ms]:[INFO]:[PSAG_ACTOR_CORE]: game_actor render_comp init.
[2025.07.02 05:34:37.336 ms]:[INFO]:[PSAG_PHYSICS]: phy_world => body_data, name: ZPGamePhysics
[2025.07.02 05:34:37.336 ms]:[INFO]:[PSAG_PHYSICS]: body_data(dynamic) item: alloc key: 2473924926704
[2025.07.02 05:34:37.336 ms]:[INFO]:[PSAG_ACTOR_CORE]: game_actor entity create: 138
[2025.07.02 05:34:38.722 ms]:[INFO]:[PSAG_TOOL_NOTFIY]: station receive pair: PPActor/PPActorBullet, data_size: 16 bytes
[2025.07.02 05:34:38.723 ms]:[INFO]:[PSAG_ACTOR_CORE]: game_actor get textures: 1
[2025.07.02 05:34:38.723 ms]:[INFO]:[PSAG_ACTOR_CORE]: game_actor render_comp init.
[2025.07.02 05:34:38.723 ms]:[INFO]:[PSAG_PHYSICS]: phy_world => body_data, name: ZPGamePhysics
[2025.07.02 05:34:38.723 ms]:[INFO]:[PSAG_PHYSICS]: body_data(dynamic) item: alloc key: 2473924927712
[2025.07.02 05:34:38.723 ms]:[INFO]:[PSAG_ACTOR_CORE]: game_actor entity create: 140
[2025.07.02 05:34:38.728 ms]:[INFO]:[PSAG_ACTOR_CORE]: game_actor get textures: 1
[2025.07.02 05:34:38.728 ms]:[INFO]:[PSAG_ACTOR_CORE]: game_actor render_comp init.
[2025.07.02 05:34:38.728 ms]:[INFO]:[PSAG_PHYSICS]: phy_world => body_data, name: ZPGamePhysics
[2025.07.02 05:34:38.728 ms]:[INFO]:[PSAG_PHYSICS]: body_data(dynamic) item: alloc key: 2473924926368
[2025.07.02 05:34:38.728 ms]:[INFO]:[PSAG_ACTOR_CORE]: game_actor entity create: 142
[2025.07.02 05:34:38.733 ms]:[INFO]:[PSAG_ACTOR_CORE]: game_actor get textures: 1
[2025.07.02 05:34:38.733 ms]:[INFO]:[PSAG_ACTOR_CORE]: game_actor render_comp init.
[2025.07.02 05:34:38.733 ms]:[INFO]:[PSAG_PHYSICS]: phy_world => body_data, name: ZPGamePhysics
[2025.07.02 05:34:38.733 ms]:[INFO]:[PSAG_PHYSICS]: body_data(dynamic) item: alloc key: 2473924921664
[2025.07.02 05:34:38.733 ms]:[INFO]:[PSAG_ACTOR_CORE]: game_actor entity create: 144
[2025.07.02 05:34:38.738 ms]:[INFO]:[PSAG_ACTOR_CORE]: game_actor get textures: 1
[2025.07.02 05:34:38.738 ms]:[INFO]:[PSAG_ACTOR_CORE]: game_actor render_comp init.
[2025.07.02 05:34:38.738 ms]:[INFO]:[PSAG_PHYSICS]: phy_world => body_data, name: ZPGamePhysics
[2025.07.02 05:34:38.738 ms]:[INFO]:[PSAG_PHYSICS]: body_data(dynamic) item: alloc key: 2473924922336
[2025.07.02 05:34:38.738 ms]:[INFO]:[PSAG_ACTOR_CORE]: game_actor entity create: 146
[2025.07.02 05:34:38.743 ms]:[INFO]:[PSAG_ACTOR_CORE]: game_actor get textures: 1
[2025.07.02 05:34:38.743 ms]:[INFO]:[PSAG_ACTOR_CORE]: game_actor render_comp init.
[2025.07.02 05:34:38.743 ms]:[INFO]:[PSAG_PHYSICS]: phy_world => body_data, name: ZPGamePhysics
[2025.07.02 05:34:38.743 ms]:[INFO]:[PSAG_PHYSICS]: body_data(dynamic) item: alloc key: 2473924925696
[2025.07.02 05:34:38.743 ms]:[INFO]:[PSAG_ACTOR_CORE]: game_actor entity create: 148
[2025.07.02 05:34:38.999 ms]:[INFO]:[PSAG_TOOL_NOTFIY]: station receive pair: PPActor/PPActorBullet, data_size: 16 bytes
[2025.07.02 05:34:38.999 ms]:[INFO]:[PSAG_ACTOR_CORE]: game_actor get textures: 1
[2025.07.02 05:34:38.999 ms]:[INFO]:[PSAG_ACTOR_CORE]: game_actor render_comp init.
[2025.07.02 05:34:38.999 ms]:[INFO]:[PSAG_PHYSICS]: phy_world => body_data, name: ZPGamePhysics
[2025.07.02 05:34:38.999 ms]:[INFO]:[PSAG_PHYSICS]: body_data(dynamic) item: alloc key: 2473924922000
[2025.07.02 05:34:39.000 ms]:[INFO]:[PSAG_ACTOR_CORE]: game_actor entity create: 150
[2025.07.02 05:34:39.005 ms]:[INFO]:[PSAG_ACTOR_CORE]: game_actor get textures: 1
[2025.07.02 05:34:39.005 ms]:[INFO]:[PSAG_ACTOR_CORE]: game_actor render_comp init.
[2025.07.02 05:34:39.005 ms]:[INFO]:[PSAG_PHYSICS]: phy_world => body_data, name: ZPGamePhysics
[2025.07.02 05:34:39.005 ms]:[INFO]:[PSAG_PHYSICS]: body_data(dynamic) item: alloc key: 2473924923344
[2025.07.02 05:34:39.005 ms]:[INFO]:[PSAG_ACTOR_CORE]: game_actor entity create: 152
[2025.07.02 05:34:39.010 ms]:[INFO]:[PSAG_ACTOR_CORE]: game_actor get textures: 1
[2025.07.02 05:34:39.010 ms]:[INFO]:[PSAG_ACTOR_CORE]: game_actor render_comp init.
[2025.07.02 05:34:39.010 ms]:[INFO]:[PSAG_PHYSICS]: phy_world => body_data, name: ZPGamePhysics
[2025.07.02 05:34:39.010 ms]:[INFO]:[PSAG_PHYSICS]: body_data(dynamic) item: alloc key: 2473924923680
[2025.07.02 05:34:39.010 ms]:[INFO]:[PSAG_ACTOR_CORE]: game_actor entity create: 154
[2025.07.02 05:34:39.015 ms]:[INFO]:[PSAG_ACTOR_CORE]: game_actor get textures: 1
[2025.07.02 05:34:39.015 ms]:[INFO]:[PSAG_ACTOR_CORE]: game_actor render_comp init.
[2025.07.02 05:34:39.015 ms]:[INFO]:[PSAG_PHYSICS]: phy_world => body_data, name: ZPGamePhysics
[2025.07.02 05:34:39.015 ms]:[INFO]:[PSAG_PHYSICS]: body_data(dynamic) item: alloc key: 2473924924352
[2025.07.02 05:34:39.015 ms]:[INFO]:[PSAG_ACTOR_CORE]: game_actor entity create: 156
[2025.07.02 05:34:39.020 ms]:[INFO]:[PSAG_ACTOR_CORE]: game_actor get textures: 1
[2025.07.02 05:34:39.020 ms]:[INFO]:[PSAG_ACTOR_CORE]: game_actor render_comp init.
[2025.07.02 05:34:39.021 ms]:[INFO]:[PSAG_PHYSICS]: phy_world => body_data, name: ZPGamePhysics
[2025.07.02 05:34:39.021 ms]:[INFO]:[PSAG_PHYSICS]: body_data(dynamic) item: alloc key: 2473924928048
[2025.07.02 05:34:39.021 ms]:[INFO]:[PSAG_ACTOR_CORE]: game_actor entity create: 158
[2025.07.02 05:34:39.047 ms]:[INFO]:[PSAG_TOOL_NOTFIY]: station receive pair: PPActor/PPActorBullet, data_size: 16 bytes
[2025.07.02 05:34:39.047 ms]:[INFO]:[PSAG_ACTOR_CORE]: game_actor get textures: 1
[2025.07.02 05:34:39.047 ms]:[INFO]:[PSAG_ACTOR_CORE]: game_actor render_comp init.
[2025.07.02 05:34:39.048 ms]:[INFO]:[PSAG_PHYSICS]: phy_world => body_data, name: ZPGamePhysics
[2025.07.02 05:34:39.048 ms]:[INFO]:[PSAG_PHYSICS]: body_data(dynamic) item: alloc key: 2474052336016
[2025.07.02 05:34:39.048 ms]:[INFO]:[PSAG_ACTOR_CORE]: game_actor entity create: 160
[2025.07.02 05:34:39.053 ms]:[INFO]:[PSAG_ACTOR_CORE]: game_actor get textures: 1
[2025.07.02 05:34:39.053 ms]:[INFO]:[PSAG_ACTOR_CORE]: game_actor render_comp init.
[2025.07.02 05:34:39.053 ms]:[INFO]:[PSAG_PHYSICS]: phy_world => body_data, name: ZPGamePhysics
[2025.07.02 05:34:39.053 ms]:[INFO]:[PSAG_PHYSICS]: body_data(dynamic) item: alloc key: 2474052333328
[2025.07.02 05:34:39.053 ms]:[INFO]:[PSAG_ACTOR_CORE]: game_actor entity create: 162
[2025.07.02 05:34:39.058 ms]:[INFO]:[PSAG_ACTOR_CORE]: game_actor get textures: 1
[2025.07.02 05:34:39.058 ms]:[INFO]:[PSAG_ACTOR_CORE]: game_actor render_comp init.
[2025.07.02 05:34:39.059 ms]:[INFO]:[PSAG_PHYSICS]: phy_world => body_data, name: ZPGamePhysics
[2025.07.02 05:34:39.059 ms]:[INFO]:[PSAG_PHYSICS]: body_data(dynamic) item: alloc key: 2474058375328
[2025.07.02 05:34:39.059 ms]:[INFO]:[PSAG_ACTOR_CORE]: game_actor entity create: 164
[2025.07.02 05:34:39.064 ms]:[INFO]:[PSAG_ACTOR_CORE]: game_actor get textures: 1
[2025.07.02 05:34:39.064 ms]:[INFO]:[PSAG_ACTOR_CORE]: game_actor render_comp init.
[2025.07.02 05:34:39.064 ms]:[INFO]:[PSAG_PHYSICS]: phy_world => body_data, name: ZPGamePhysics
[2025.07.02 05:34:39.064 ms]:[INFO]:[PSAG_PHYSICS]: body_data(dynamic) item: alloc key: 2474058376336
[2025.07.02 05:34:39.064 ms]:[INFO]:[PSAG_ACTOR_CORE]: game_actor entity create: 166
[2025.07.02 05:34:39.069 ms]:[INFO]:[PSAG_ACTOR_CORE]: game_actor get textures: 1
[2025.07.02 05:34:39.069 ms]:[INFO]:[PSAG_ACTOR_CORE]: game_actor render_comp init.
[2025.07.02 05:34:39.069 ms]:[INFO]:[PSAG_PHYSICS]: phy_world => body_data, name: ZPGamePhysics
[2025.07.02 05:34:39.069 ms]:[INFO]:[PSAG_PHYSICS]: body_data(dynamic) item: alloc key: 2474058375664
[2025.07.02 05:34:39.069 ms]:[INFO]:[PSAG_ACTOR_CORE]: game_actor entity create: 168
[2025.07.02 05:34:39.098 ms]:[INFO]:[PSAG_TOOL_NOTFIY]: station receive pair: PPActor/PPActorBullet, data_size: 16 bytes
[2025.07.02 05:34:39.098 ms]:[INFO]:[PSAG_ACTOR_CORE]: game_actor get textures: 1
[2025.07.02 05:34:39.098 ms]:[INFO]:[PSAG_ACTOR_CORE]: game_actor render_comp init.
[2025.07.02 05:34:39.098 ms]:[INFO]:[PSAG_PHYSICS]: phy_world => body_data, name: ZPGamePhysics
[2025.07.02 05:34:39.098 ms]:[INFO]:[PSAG_PHYSICS]: body_data(dynamic) item: alloc key: 2474058378016
[2025.07.02 05:34:39.098 ms]:[INFO]:[PSAG_ACTOR_CORE]: game_actor entity create: 170
[2025.07.02 05:34:39.103 ms]:[INFO]:[PSAG_ACTOR_CORE]: game_actor get textures: 1
[2025.07.02 05:34:39.103 ms]:[INFO]:[PSAG_ACTOR_CORE]: game_actor render_comp init.
[2025.07.02 05:34:39.104 ms]:[INFO]:[PSAG_PHYSICS]: phy_world => body_data, name: ZPGamePhysics
[2025.07.02 05:34:39.104 ms]:[INFO]:[PSAG_PHYSICS]: body_data(dynamic) item: alloc key: 2474058377344
[2025.07.02 05:34:39.104 ms]:[INFO]:[PSAG_ACTOR_CORE]: game_actor entity create: 172
[2025.07.02 05:34:39.109 ms]:[INFO]:[PSAG_ACTOR_CORE]: game_actor get textures: 1
[2025.07.02 05:34:39.109 ms]:[INFO]:[PSAG_ACTOR_CORE]: game_actor render_comp init.
[2025.07.02 05:34:39.109 ms]:[INFO]:[PSAG_PHYSICS]: phy_world => body_data, name: ZPGamePhysics
[2025.07.02 05:34:39.109 ms]:[INFO]:[PSAG_PHYSICS]: body_data(dynamic) item: alloc key: 2474058377680
[2025.07.02 05:34:39.109 ms]:[INFO]:[PSAG_ACTOR_CORE]: game_actor entity create: 174
[2025.07.02 05:34:39.114 ms]:[INFO]:[PSAG_ACTOR_CORE]: game_actor get textures: 1
[2025.07.02 05:34:39.114 ms]:[INFO]:[PSAG_ACTOR_CORE]: game_actor render_comp init.
[2025.07.02 05:34:39.114 ms]:[INFO]:[PSAG_PHYSICS]: phy_world => body_data, name: ZPGamePhysics
[2025.07.02 05:34:39.114 ms]:[INFO]:[PSAG_PHYSICS]: body_data(dynamic) item: alloc key: 2474058376000
[2025.07.02 05:34:39.114 ms]:[INFO]:[PSAG_ACTOR_CORE]: game_actor entity create: 176
[2025.07.02 05:34:39.119 ms]:[INFO]:[PSAG_ACTOR_CORE]: game_actor get textures: 1
[2025.07.02 05:34:39.119 ms]:[INFO]:[PSAG_ACTOR_CORE]: game_actor render_comp init.
[2025.07.02 05:34:39.119 ms]:[INFO]:[PSAG_PHYSICS]: phy_world => body_data, name: ZPGamePhysics
[2025.07.02 05:34:39.119 ms]:[INFO]:[PSAG_PHYSICS]: body_data(dynamic) item: alloc key: 2474058376672
[2025.07.02 05:34:39.119 ms]:[INFO]:[PSAG_ACTOR_CORE]: game_actor entity create: 178
[2025.07.02 05:34:39.150 ms]:[INFO]:[PSAG_TOOL_NOTFIY]: station receive pair: PPActor/PPActorBullet, data_size: 16 bytes
[2025.07.02 05:34:39.150 ms]:[INFO]:[PSAG_ACTOR_CORE]: game_actor get textures: 1
[2025.07.02 05:34:39.150 ms]:[INFO]:[PSAG_ACTOR_CORE]: game_actor render_comp init.
[2025.07.02 05:34:39.150 ms]:[INFO]:[PSAG_PHYSICS]: phy_world => body_data, name: ZPGamePhysics
[2025.07.02 05:34:39.150 ms]:[INFO]:[PSAG_PHYSICS]: body_data(dynamic) item: alloc key: 2474058377008
[2025.07.02 05:34:39.150 ms]:[INFO]:[PSAG_ACTOR_CORE]: game_actor entity create: 180
[2025.07.02 05:34:39.156 ms]:[INFO]:[PSAG_ACTOR_CORE]: game_actor get textures: 1
[2025.07.02 05:34:39.156 ms]:[INFO]:[PSAG_ACTOR_CORE]: game_actor render_comp init.
[2025.07.02 05:34:39.156 ms]:[INFO]:[PSAG_PHYSICS]: phy_world => body_data, name: ZPGamePhysics
[2025.07.02 05:34:39.156 ms]:[INFO]:[PSAG_PHYSICS]: body_data(dynamic) item: alloc key: 2474058374656
[2025.07.02 05:34:39.156 ms]:[INFO]:[PSAG_ACTOR_CORE]: game_actor entity create: 182
[2025.07.02 05:34:39.161 ms]:[INFO]:[PSAG_ACTOR_CORE]: game_actor get textures: 1
[2025.07.02 05:34:39.161 ms]:[INFO]:[PSAG_ACTOR_CORE]: game_actor render_comp init.
[2025.07.02 05:34:39.161 ms]:[INFO]:[PSAG_PHYSICS]: phy_world => body_data, name: ZPGamePhysics
[2025.07.02 05:34:39.161 ms]:[INFO]:[PSAG_PHYSICS]: body_data(dynamic) item: alloc key: 2474058374992
[2025.07.02 05:34:39.161 ms]:[INFO]:[PSAG_ACTOR_CORE]: game_actor entity create: 184
[2025.07.02 05:34:39.166 ms]:[INFO]:[PSAG_ACTOR_CORE]: game_actor get textures: 1
[2025.07.02 05:34:39.166 ms]:[INFO]:[PSAG_ACTOR_CORE]: game_actor render_comp init.
[2025.07.02 05:34:39.166 ms]:[INFO]:[PSAG_PHYSICS]: phy_world => body_data, name: ZPGamePhysics
[2025.07.02 05:34:39.166 ms]:[INFO]:[PSAG_PHYSICS]: body_data(dynamic) item: alloc key: 2474137359248
[2025.07.02 05:34:39.166 ms]:[INFO]:[PSAG_ACTOR_CORE]: game_actor entity create: 186
[2025.07.02 05:34:39.171 ms]:[INFO]:[PSAG_ACTOR_CORE]: game_actor get textures: 1
[2025.07.02 05:34:39.171 ms]:[INFO]:[PSAG_ACTOR_CORE]: game_actor render_comp init.
[2025.07.02 05:34:39.171 ms]:[INFO]:[PSAG_PHYSICS]: phy_world => body_data, name: ZPGamePhysics
[2025.07.02 05:34:39.171 ms]:[INFO]:[PSAG_PHYSICS]: body_data(dynamic) item: alloc key: 2474137359584
[2025.07.02 05:34:39.171 ms]:[INFO]:[PSAG_ACTOR_CORE]: game_actor entity create: 188
[2025.07.02 05:34:39.200 ms]:[INFO]:[PSAG_TOOL_NOTFIY]: station receive pair: PPActor/PPActorBullet, data_size: 16 bytes
[2025.07.02 05:34:39.200 ms]:[INFO]:[PSAG_ACTOR_CORE]: game_actor get textures: 1
[2025.07.02 05:34:39.200 ms]:[INFO]:[PSAG_ACTOR_CORE]: game_actor render_comp init.
[2025.07.02 05:34:39.201 ms]:[INFO]:[PSAG_PHYSICS]: phy_world => body_data, name: ZPGamePhysics
[2025.07.02 05:34:39.201 ms]:[INFO]:[PSAG_PHYSICS]: body_data(dynamic) item: alloc key: 2474137359920
[2025.07.02 05:34:39.201 ms]:[INFO]:[PSAG_ACTOR_CORE]: game_actor entity create: 190
[2025.07.02 05:34:39.206 ms]:[INFO]:[PSAG_ACTOR_CORE]: game_actor get textures: 1
[2025.07.02 05:34:39.206 ms]:[INFO]:[PSAG_ACTOR_CORE]: game_actor render_comp init.
[2025.07.02 05:34:39.206 ms]:[INFO]:[PSAG_PHYSICS]: phy_world => body_data, name: ZPGamePhysics
[2025.07.02 05:34:39.206 ms]:[INFO]:[PSAG_PHYSICS]: body_data(dynamic) item: alloc key: 2474137360256
[2025.07.02 05:34:39.206 ms]:[INFO]:[PSAG_ACTOR_CORE]: game_actor entity create: 192
[2025.07.02 05:34:39.211 ms]:[INFO]:[PSAG_ACTOR_CORE]: game_actor get textures: 1
[2025.07.02 05:34:39.211 ms]:[INFO]:[PSAG_ACTOR_CORE]: game_actor render_comp init.
[2025.07.02 05:34:39.211 ms]:[INFO]:[PSAG_PHYSICS]: phy_world => body_data, name: ZPGamePhysics
[2025.07.02 05:34:39.211 ms]:[INFO]:[PSAG_PHYSICS]: body_data(dynamic) item: alloc key: 2474137361600
[2025.07.02 05:34:39.211 ms]:[INFO]:[PSAG_ACTOR_CORE]: game_actor entity create: 194
[2025.07.02 05:34:39.216 ms]:[INFO]:[PSAG_ACTOR_CORE]: game_actor get textures: 1
[2025.07.02 05:34:39.216 ms]:[INFO]:[PSAG_ACTOR_CORE]: game_actor render_comp init.
[2025.07.02 05:34:39.216 ms]:[INFO]:[PSAG_PHYSICS]: phy_world => body_data, name: ZPGamePhysics
[2025.07.02 05:34:39.216 ms]:[INFO]:[PSAG_PHYSICS]: body_data(dynamic) item: alloc key: 2474137361936
[2025.07.02 05:34:39.216 ms]:[INFO]:[PSAG_ACTOR_CORE]: game_actor entity create: 196
[2025.07.02 05:34:39.222 ms]:[INFO]:[PSAG_ACTOR_CORE]: game_actor get textures: 1
[2025.07.02 05:34:39.222 ms]:[INFO]:[PSAG_ACTOR_CORE]: game_actor render_comp init.
[2025.07.02 05:34:39.222 ms]:[INFO]:[PSAG_PHYSICS]: phy_world => body_data, name: ZPGamePhysics
[2025.07.02 05:34:39.222 ms]:[INFO]:[PSAG_PHYSICS]: body_data(dynamic) item: alloc key: 2474137362272
[2025.07.02 05:34:39.222 ms]:[INFO]:[PSAG_ACTOR_CORE]: game_actor entity create: 198
[2025.07.02 05:34:40.981 ms]:[INFO]:[PSAG_TOOL_NOTFIY]: station receive pair: PPActor/PPActorBullet, data_size: 16 bytes
[2025.07.02 05:34:40.981 ms]:[INFO]:[PSAG_ACTOR_CORE]: game_actor get textures: 1
[2025.07.02 05:34:40.981 ms]:[INFO]:[PSAG_ACTOR_CORE]: game_actor render_comp init.
[2025.07.02 05:34:40.981 ms]:[INFO]:[PSAG_PHYSICS]: phy_world => body_data, name: ZPGamePhysics
[2025.07.02 05:34:40.981 ms]:[INFO]:[PSAG_PHYSICS]: body_data(dynamic) item: alloc key: 2474137362608
[2025.07.02 05:34:40.981 ms]:[INFO]:[PSAG_ACTOR_CORE]: game_actor entity create: 200
[2025.07.02 05:34:40.986 ms]:[INFO]:[PSAG_ACTOR_CORE]: game_actor get textures: 1
[2025.07.02 05:34:40.986 ms]:[INFO]:[PSAG_ACTOR_CORE]: game_actor render_comp init.
[2025.07.02 05:34:40.987 ms]:[INFO]:[PSAG_PHYSICS]: phy_world => body_data, name: ZPGamePhysics
[2025.07.02 05:34:40.987 ms]:[INFO]:[PSAG_PHYSICS]: body_data(dynamic) item: alloc key: 2474137366304
[2025.07.02 05:34:40.987 ms]:[INFO]:[PSAG_ACTOR_CORE]: game_actor entity create: 202
[2025.07.02 05:34:40.991 ms]:[INFO]:[PSAG_ACTOR_CORE]: game_actor get textures: 1
[2025.07.02 05:34:40.991 ms]:[INFO]:[PSAG_ACTOR_CORE]: game_actor render_comp init.
[2025.07.02 05:34:40.992 ms]:[INFO]:[PSAG_PHYSICS]: phy_world => body_data, name: ZPGamePhysics
[2025.07.02 05:34:40.992 ms]:[INFO]:[PSAG_PHYSICS]: body_data(dynamic) item: alloc key: 2474137360592
[2025.07.02 05:34:40.992 ms]:[INFO]:[PSAG_ACTOR_CORE]: game_actor entity create: 204
[2025.07.02 05:34:40.997 ms]:[INFO]:[PSAG_ACTOR_CORE]: game_actor get textures: 1
[2025.07.02 05:34:40.997 ms]:[INFO]:[PSAG_ACTOR_CORE]: game_actor render_comp init.
[2025.07.02 05:34:40.997 ms]:[INFO]:[PSAG_PHYSICS]: phy_world => body_data, name: ZPGamePhysics
[2025.07.02 05:34:40.997 ms]:[INFO]:[PSAG_PHYSICS]: body_data(dynamic) item: alloc key: 2474137360928
[2025.07.02 05:34:40.997 ms]:[INFO]:[PSAG_ACTOR_CORE]: game_actor entity create: 206
[2025.07.02 05:34:41.002 ms]:[INFO]:[PSAG_ACTOR_CORE]: game_actor get textures: 1
[2025.07.02 05:34:41.002 ms]:[INFO]:[PSAG_ACTOR_CORE]: game_actor render_comp init.
[2025.07.02 05:34:41.002 ms]:[INFO]:[PSAG_PHYSICS]: phy_world => body_data, name: ZPGamePhysics
[2025.07.02 05:34:41.002 ms]:[INFO]:[PSAG_PHYSICS]: body_data(dynamic) item: alloc key: 2474137366640
[2025.07.02 05:34:41.002 ms]:[INFO]:[PSAG_ACTOR_CORE]: game_actor entity create: 208
[2025.07.02 05:34:42.416 ms]:[INFO]:[PSAG_OGL_RES]: rbo: delete key: 38
[2025.07.02 05:34:42.416 ms]:[INFO]:[PSAG_OGL_RES]: fbo: delete key: 48
[2025.07.02 05:34:42.416 ms]:[INFO]:[PSAG_OGL_RES]: fbo: delete key: 50
[2025.07.02 05:34:42.416 ms]:[INFO]:[PSAG_OGL_RES]: fbo: delete key: 46
[2025.07.02 05:34:42.416 ms]:[INFO]:[PSAG_OGL_RES]: fbo: delete key: 42
[2025.07.02 05:34:42.416 ms]:[TRACE]:[PSAG_OGL_RES]: tmu delete(space): 5
[2025.07.02 05:34:42.417 ms]:[INFO]:[PSAG_OGL_RES]: texture: delete key: 40
[2025.07.02 05:34:42.417 ms]:[INFO]:[PSAG_OGL_RES]: shader: delete key: 30
[2025.07.02 05:34:42.417 ms]:[INFO]:[PSAG_OGL_RES]: shader: delete key: 32
[2025.07.02 05:34:42.417 ms]:[INFO]:[PSAG_OGL_RES]: shader: delete key: 34
[2025.07.02 05:34:42.417 ms]:[INFO]:[PSAG_OGL_RES]: shader: delete key: 26
[2025.07.02 05:34:42.417 ms]:[INFO]:[PSAG_GL_POST]: graphics_engine free post_shader(system).
[2025.07.02 05:34:42.417 ms]:[INFO]:[PSAG_PHYSICS]: phy_world => body_data, name: ZPGamePhysics
[2025.07.02 05:34:42.417 ms]:[INFO]:[PSAG_PHYSICS]: body_data item: delete key: 2474058290768
[2025.07.02 05:34:42.417 ms]:[INFO]:[PSAG_ENVMT_CORE]: game_envmt item delete: 76
[2025.07.02 05:34:42.417 ms]:[INFO]:[PSAG_PHYSICS]: phy_world => body_data, name: ZPGamePhysics
[2025.07.02 05:34:42.417 ms]:[INFO]:[PSAG_PHYSICS]: body_data item: delete key: 2474058290000
[2025.07.02 05:34:42.417 ms]:[INFO]:[PSAG_ENVMT_CORE]: game_envmt item delete: 68
[2025.07.02 05:34:42.417 ms]:[INFO]:[PSAG_PHYSICS]: phy_world => body_data, name: ZPGamePhysics
[2025.07.02 05:34:42.417 ms]:[INFO]:[PSAG_PHYSICS]: body_data item: delete key: 2474058290192
[2025.07.02 05:34:42.417 ms]:[INFO]:[PSAG_ENVMT_CORE]: game_envmt item delete: 70
[2025.07.02 05:34:42.417 ms]:[INFO]:[PSAG_PHYSICS]: phy_world => body_data, name: ZPGamePhysics
[2025.07.02 05:34:42.417 ms]:[INFO]:[PSAG_PHYSICS]: body_data item: delete key: 2474058290384
[2025.07.02 05:34:42.417 ms]:[INFO]:[PSAG_ENVMT_CORE]: game_envmt item delete: 72
[2025.07.02 05:34:42.417 ms]:[INFO]:[PSAG_PHYSICS]: phy_world => body_data, name: ZPGamePhysics
[2025.07.02 05:34:42.417 ms]:[INFO]:[PSAG_PHYSICS]: body_data item: delete key: 2474058290576
[2025.07.02 05:34:42.417 ms]:[INFO]:[PSAG_ENVMT_CORE]: game_envmt item delete: 74
[2025.07.02 05:34:42.417 ms]:[INFO]:[PSAG_GAMECORE_MAG]: game_envmt manager system delete.
[2025.07.02 05:34:42.417 ms]:[INFO]:[PSAG_GL_DATASET]: layers_manager delete_count(space): 0
[2025.07.02 05:34:42.418 ms]:[INFO]:[PSAG_GL_DATASET]: vir_texture item: delete key: 52
[2025.07.02 05:34:42.418 ms]:[INFO]:[PSAG_OGL_RES]: shader: delete key: 60
[2025.07.02 05:34:42.418 ms]:[INFO]:[PSAG_ACTOR_CORE]: game_actor shader delete.
[2025.07.02 05:34:42.418 ms]:[INFO]:[PSAG_OGL_RES]: shader: delete key: 56
[2025.07.02 05:34:42.418 ms]:[INFO]:[PSAG_ACTOR_CORE]: game_actor shader delete.
[2025.07.02 05:34:42.418 ms]:[INFO]:[PSAG_GL_DATASET]: layers_manager delete_count(space): 1
[2025.07.02 05:34:42.418 ms]:[INFO]:[PSAG_GL_DATASET]: vir_texture item: delete key: 54
[2025.07.02 05:34:42.418 ms]:[INFO]:[PSAG_OGL_RES]: shader: delete key: 64
[2025.07.02 05:34:42.418 ms]:[INFO]:[PSAG_ACTOR_CORE]: game_actor shader delete.
[2025.07.02 05:34:42.418 ms]:[INFO]:[PSAG_GAMECORE_MAG]: actor_shader manager system delete.
[2025.07.02 05:34:42.418 ms]:[INFO]:[PSAG_PHYSICS]: phy_world => body_data, name: ZPGamePhysics
[2025.07.02 05:34:42.418 ms]:[INFO]:[PSAG_PHYSICS]: body_data item: delete key: 2474058290960
[2025.07.02 05:34:42.418 ms]:[INFO]:[PSAG_ACTOR_CORE]: game_actor entity delete: 90
[2025.07.02 05:34:42.418 ms]:[INFO]:[PSAG_GL_DATASET]: layers_manager delete_count(space): 0
[2025.07.02 05:34:42.418 ms]:[INFO]:[PSAG_GL_DATASET]: vir_texture item: delete key: 78
[2025.07.02 05:34:42.418 ms]:[INFO]:[PSAG_OGL_RES]: shader: delete key: 82
[2025.07.02 05:34:42.418 ms]:[INFO]:[PSAG_ACTOR_CORE]: game_actor shader delete.
[2025.07.02 05:34:42.418 ms]:[INFO]:[PSAG_GL_DATASET]: layers_manager delete_count(space): 1
[2025.07.02 05:34:42.418 ms]:[INFO]:[PSAG_GL_DATASET]: vir_texture item: delete key: 80
[2025.07.02 05:34:42.418 ms]:[INFO]:[PSAG_OGL_RES]: shader: delete key: 86
[2025.07.02 05:34:42.418 ms]:[INFO]:[PSAG_ACTOR_CORE]: game_actor shader delete.
[2025.07.02 05:34:42.418 ms]:[INFO]:[PSAG_GAMECORE_MAG]: actor_shader manager system delete.
[2025.07.02 05:34:42.418 ms]:[INFO]:[PSAG_GL_DATASET]: layers_manager delete_count(space): 0
[2025.07.02 05:34:42.418 ms]:[INFO]:[PSAG_GL_DATASET]: vir_texture item: delete key: 104
[2025.07.02 05:34:42.418 ms]:[INFO]:[PSAG_OGL_RES]: shader: delete key: 108
[2025.07.02 05:34:42.419 ms]:[INFO]:[PSAG_ACTOR_CORE]: game_actor shader delete.
[2025.07.02 05:34:42.419 ms]:[INFO]:[PSAG_GL_DATASET]: layers_manager delete_count(space): 0
[2025.07.02 05:34:42.419 ms]:[INFO]:[PSAG_GL_DATASET]: vir_texture item: delete key: 106
[2025.07.02 05:34:42.419 ms]:[INFO]:[PSAG_OGL_RES]: shader: delete key: 112
[2025.07.02 05:34:42.419 ms]:[INFO]:[PSAG_ACTOR_CORE]: game_actor shader delete.
[2025.07.02 05:34:42.419 ms]:[INFO]:[PSAG_GAMECORE_MAG]: actor_shader manager system delete.
[2025.07.02 05:34:42.419 ms]:[INFO]:[PSAG_GAMECORE_MAG]: game_actor manager system delete.
[2025.07.02 05:34:42.419 ms]:[INFO]:[PSAG_PHYSICS]: phy_world => body_data, name: ZPGamePhysics
[2025.07.02 05:34:42.419 ms]:[INFO]:[PSAG_PHYSICS]: body_data item: delete key: 2474058299216
[2025.07.02 05:34:42.419 ms]:[INFO]:[PSAG_ACTOR_CORE]: game_actor entity delete: 202
[2025.07.02 05:34:42.419 ms]:[INFO]:[PSAG_PHYSICS]: phy_world => body_data, name: ZPGamePhysics
[2025.07.02 05:34:42.419 ms]:[INFO]:[PSAG_PHYSICS]: body_data item: delete key: 2474058293072
[2025.07.02 05:34:42.419 ms]:[INFO]:[PSAG_ACTOR_CORE]: game_actor entity delete: 138
[2025.07.02 05:34:42.419 ms]:[INFO]:[PSAG_PHYSICS]: phy_world => body_data, name: ZPGamePhysics
[2025.07.02 05:34:42.419 ms]:[INFO]:[PSAG_PHYSICS]: body_data item: delete key: 2474058298448
[2025.07.02 05:34:42.419 ms]:[INFO]:[PSAG_ACTOR_CORE]: game_actor entity delete: 194
[2025.07.02 05:34:42.419 ms]:[INFO]:[PSAG_PHYSICS]: phy_world => body_data, name: ZPGamePhysics
[2025.07.02 05:34:42.419 ms]:[INFO]:[PSAG_PHYSICS]: body_data item: delete key: 2474058292880
[2025.07.02 05:34:42.419 ms]:[INFO]:[PSAG_ACTOR_CORE]: game_actor entity delete: 130
[2025.07.02 05:34:42.419 ms]:[INFO]:[PSAG_PHYSICS]: phy_world => body_data, name: ZPGamePhysics
[2025.07.02 05:34:42.419 ms]:[INFO]:[PSAG_PHYSICS]: body_data item: delete key: 2474058299408
[2025.07.02 05:34:42.419 ms]:[INFO]:[PSAG_ACTOR_CORE]: game_actor entity delete: 204
[2025.07.02 05:34:42.419 ms]:[INFO]:[PSAG_PHYSICS]: phy_world => body_data, name: ZPGamePhysics
[2025.07.02 05:34:42.419 ms]:[INFO]:[PSAG_PHYSICS]: body_data item: delete key: 2474058293264
[2025.07.02 05:34:42.419 ms]:[INFO]:[PSAG_ACTOR_CORE]: game_actor entity delete: 140
[2025.07.02 05:34:42.419 ms]:[INFO]:[PSAG_PHYSICS]: phy_world => body_data, name: ZPGamePhysics
[2025.07.02 05:34:42.420 ms]:[INFO]:[PSAG_PHYSICS]: body_data item: delete key: 2474058298640
[2025.07.02 05:34:42.420 ms]:[INFO]:[PSAG_ACTOR_CORE]: game_actor entity delete: 196
[2025.07.02 05:34:42.420 ms]:[INFO]:[PSAG_PHYSICS]: phy_world => body_data, name: ZPGamePhysics
[2025.07.02 05:34:42.420 ms]:[INFO]:[PSAG_PHYSICS]: body_data item: delete key: 2474058292688
[2025.07.02 05:34:42.420 ms]:[INFO]:[PSAG_ACTOR_CORE]: game_actor entity delete: 132
[2025.07.02 05:34:42.420 ms]:[INFO]:[PSAG_PHYSICS]: phy_world => body_data, name: ZPGamePhysics
[2025.07.02 05:34:42.420 ms]:[INFO]:[PSAG_PHYSICS]: body_data item: delete key: 2474058299600
[2025.07.02 05:34:42.420 ms]:[INFO]:[PSAG_ACTOR_CORE]: game_actor entity delete: 206
[2025.07.02 05:34:42.420 ms]:[INFO]:[PSAG_PHYSICS]: phy_world => body_data, name: ZPGamePhysics
[2025.07.02 05:34:42.420 ms]:[INFO]:[PSAG_PHYSICS]: body_data item: delete key: 2474058293456
[2025.07.02 05:34:42.420 ms]:[INFO]:[PSAG_ACTOR_CORE]: game_actor entity delete: 142
[2025.07.02 05:34:42.420 ms]:[INFO]:[PSAG_PHYSICS]: phy_world => body_data, name: ZPGamePhysics
[2025.07.02 05:34:42.420 ms]:[INFO]:[PSAG_PHYSICS]: body_data item: delete key: 2474058298832
[2025.07.02 05:34:42.420 ms]:[INFO]:[PSAG_ACTOR_CORE]: game_actor entity delete: 198
[2025.07.02 05:34:42.420 ms]:[INFO]:[PSAG_PHYSICS]: phy_world => body_data, name: ZPGamePhysics
[2025.07.02 05:34:42.420 ms]:[INFO]:[PSAG_PHYSICS]: body_data item: delete key: 2474058292496
[2025.07.02 05:34:42.420 ms]:[INFO]:[PSAG_ACTOR_CORE]: game_actor entity delete: 134
[2025.07.02 05:34:42.420 ms]:[INFO]:[PSAG_PHYSICS]: phy_world => body_data, name: ZPGamePhysics
[2025.07.02 05:34:42.420 ms]:[INFO]:[PSAG_PHYSICS]: body_data item: delete key: 2474058299792
[2025.07.02 05:34:42.420 ms]:[INFO]:[PSAG_ACTOR_CORE]: game_actor entity delete: 208
[2025.07.02 05:34:42.420 ms]:[INFO]:[PSAG_PHYSICS]: phy_world => body_data, name: ZPGamePhysics
[2025.07.02 05:34:42.420 ms]:[INFO]:[PSAG_PHYSICS]: body_data item: delete key: 2474058293648
[2025.07.02 05:34:42.420 ms]:[INFO]:[PSAG_ACTOR_CORE]: game_actor entity delete: 144
[2025.07.02 05:34:42.420 ms]:[INFO]:[PSAG_PHYSICS]: phy_world => body_data, name: ZPGamePhysics
[2025.07.02 05:34:42.420 ms]:[INFO]:[PSAG_PHYSICS]: body_data item: delete key: 2474058299024
[2025.07.02 05:34:42.420 ms]:[INFO]:[PSAG_ACTOR_CORE]: game_actor entity delete: 200
[2025.07.02 05:34:42.421 ms]:[INFO]:[PSAG_PHYSICS]: phy_world => body_data, name: ZPGamePhysics
[2025.07.02 05:34:42.421 ms]:[INFO]:[PSAG_PHYSICS]: body_data item: delete key: 2474058292304
[2025.07.02 05:34:42.421 ms]:[INFO]:[PSAG_ACTOR_CORE]: game_actor entity delete: 136
[2025.07.02 05:34:42.421 ms]:[INFO]:[PSAG_PHYSICS]: phy_world => body_data, name: ZPGamePhysics
[2025.07.02 05:34:42.421 ms]:[INFO]:[PSAG_PHYSICS]: body_data item: delete key: 2474058293840
[2025.07.02 05:34:42.421 ms]:[INFO]:[PSAG_ACTOR_CORE]: game_actor entity delete: 146
[2025.07.02 05:34:42.421 ms]:[INFO]:[PSAG_PHYSICS]: phy_world => body_data, name: ZPGamePhysics
[2025.07.02 05:34:42.421 ms]:[INFO]:[PSAG_PHYSICS]: body_data item: delete key: 2474058294032
[2025.07.02 05:34:42.421 ms]:[INFO]:[PSAG_ACTOR_CORE]: game_actor entity delete: 148
[2025.07.02 05:34:42.421 ms]:[INFO]:[PSAG_PHYSICS]: phy_world => body_data, name: ZPGamePhysics
[2025.07.02 05:34:42.421 ms]:[INFO]:[PSAG_PHYSICS]: body_data item: delete key: 2474058294224
[2025.07.02 05:34:42.421 ms]:[INFO]:[PSAG_ACTOR_CORE]: game_actor entity delete: 150
[2025.07.02 05:34:42.421 ms]:[INFO]:[PSAG_PHYSICS]: phy_world => body_data, name: ZPGamePhysics
[2025.07.02 05:34:42.421 ms]:[INFO]:[PSAG_PHYSICS]: body_data item: delete key: 2474058294416
[2025.07.02 05:34:42.422 ms]:[INFO]:[PSAG_ACTOR_CORE]: game_actor entity delete: 152
[2025.07.02 05:34:42.422 ms]:[INFO]:[PSAG_PHYSICS]: phy_world => body_data, name: ZPGamePhysics
[2025.07.02 05:34:42.422 ms]:[INFO]:[PSAG_PHYSICS]: body_data item: delete key: 2474058294608
[2025.07.02 05:34:42.422 ms]:[INFO]:[PSAG_ACTOR_CORE]: game_actor entity delete: 154
[2025.07.02 05:34:42.422 ms]:[INFO]:[PSAG_PHYSICS]: phy_world => body_data, name: ZPGamePhysics
[2025.07.02 05:34:42.422 ms]:[INFO]:[PSAG_PHYSICS]: body_data item: delete key: 2474058294800
[2025.07.02 05:34:42.422 ms]:[INFO]:[PSAG_ACTOR_CORE]: game_actor entity delete: 156
[2025.07.02 05:34:42.422 ms]:[INFO]:[PSAG_PHYSICS]: phy_world => body_data, name: ZPGamePhysics
[2025.07.02 05:34:42.422 ms]:[INFO]:[PSAG_PHYSICS]: body_data item: delete key: 2474058294992
[2025.07.02 05:34:42.422 ms]:[INFO]:[PSAG_ACTOR_CORE]: game_actor entity delete: 158
[2025.07.02 05:34:42.422 ms]:[INFO]:[PSAG_PHYSICS]: phy_world => body_data, name: ZPGamePhysics
[2025.07.02 05:34:42.423 ms]:[INFO]:[PSAG_PHYSICS]: body_data item: delete key: 2474058295184
[2025.07.02 05:34:42.423 ms]:[INFO]:[PSAG_ACTOR_CORE]: game_actor entity delete: 160
[2025.07.02 05:34:42.423 ms]:[INFO]:[PSAG_PHYSICS]: phy_world => body_data, name: ZPGamePhysics
[2025.07.02 05:34:42.423 ms]:[INFO]:[PSAG_PHYSICS]: body_data item: delete key: 2474058295376
[2025.07.02 05:34:42.423 ms]:[INFO]:[PSAG_ACTOR_CORE]: game_actor entity delete: 162
[2025.07.02 05:34:42.423 ms]:[INFO]:[PSAG_PHYSICS]: phy_world => body_data, name: ZPGamePhysics
[2025.07.02 05:34:42.423 ms]:[INFO]:[PSAG_PHYSICS]: body_data item: delete key: 2474058295568
[2025.07.02 05:34:42.423 ms]:[INFO]:[PSAG_ACTOR_CORE]: game_actor entity delete: 164
[2025.07.02 05:34:42.423 ms]:[INFO]:[PSAG_PHYSICS]: phy_world => body_data, name: ZPGamePhysics
[2025.07.02 05:34:42.423 ms]:[INFO]:[PSAG_PHYSICS]: body_data item: delete key: 2474058295760
[2025.07.02 05:34:42.423 ms]:[INFO]:[PSAG_ACTOR_CORE]: game_actor entity delete: 166
[2025.07.02 05:34:42.423 ms]:[INFO]:[PSAG_PHYSICS]: phy_world => body_data, name: ZPGamePhysics
[2025.07.02 05:34:42.423 ms]:[INFO]:[PSAG_PHYSICS]: body_data item: delete key: 2474058295952
[2025.07.02 05:34:42.423 ms]:[INFO]:[PSAG_ACTOR_CORE]: game_actor entity delete: 168
[2025.07.02 05:34:42.423 ms]:[INFO]:[PSAG_PHYSICS]: phy_world => body_data, name: ZPGamePhysics
[2025.07.02 05:34:42.423 ms]:[INFO]:[PSAG_PHYSICS]: body_data item: delete key: 2474058296144
[2025.07.02 05:34:42.423 ms]:[INFO]:[PSAG_ACTOR_CORE]: game_actor entity delete: 170
[2025.07.02 05:34:42.423 ms]:[INFO]:[PSAG_PHYSICS]: phy_world => body_data, name: ZPGamePhysics
[2025.07.02 05:34:42.423 ms]:[INFO]:[PSAG_PHYSICS]: body_data item: delete key: 2474058296336
[2025.07.02 05:34:42.423 ms]:[INFO]:[PSAG_ACTOR_CORE]: game_actor entity delete: 172
[2025.07.02 05:34:42.423 ms]:[INFO]:[PSAG_PHYSICS]: phy_world => body_data, name: ZPGamePhysics
[2025.07.02 05:34:42.423 ms]:[INFO]:[PSAG_PHYSICS]: body_data item: delete key: 2474058296528
[2025.07.02 05:34:42.423 ms]:[INFO]:[PSAG_ACTOR_CORE]: game_actor entity delete: 174
[2025.07.02 05:34:42.423 ms]:[INFO]:[PSAG_PHYSICS]: phy_world => body_data, name: ZPGamePhysics
[2025.07.02 05:34:42.423 ms]:[INFO]:[PSAG_PHYSICS]: body_data item: delete key: 2474058296720
[2025.07.02 05:34:42.423 ms]:[INFO]:[PSAG_ACTOR_CORE]: game_actor entity delete: 176
[2025.07.02 05:34:42.423 ms]:[INFO]:[PSAG_PHYSICS]: phy_world => body_data, name: ZPGamePhysics
[2025.07.02 05:34:42.424 ms]:[INFO]:[PSAG_PHYSICS]: body_data item: delete key: 2474058296912
[2025.07.02 05:34:42.424 ms]:[INFO]:[PSAG_ACTOR_CORE]: game_actor entity delete: 178
[2025.07.02 05:34:42.424 ms]:[INFO]:[PSAG_PHYSICS]: phy_world => body_data, name: ZPGamePhysics
[2025.07.02 05:34:42.424 ms]:[INFO]:[PSAG_PHYSICS]: body_data item: delete key: 2474058297104
[2025.07.02 05:34:42.424 ms]:[INFO]:[PSAG_ACTOR_CORE]: game_actor entity delete: 180
[2025.07.02 05:34:42.424 ms]:[INFO]:[PSAG_PHYSICS]: phy_world => body_data, name: ZPGamePhysics
[2025.07.02 05:34:42.424 ms]:[INFO]:[PSAG_PHYSICS]: body_data item: delete key: 2474058297296
[2025.07.02 05:34:42.424 ms]:[INFO]:[PSAG_ACTOR_CORE]: game_actor entity delete: 182
[2025.07.02 05:34:42.424 ms]:[INFO]:[PSAG_PHYSICS]: phy_world => body_data, name: ZPGamePhysics
[2025.07.02 05:34:42.424 ms]:[INFO]:[PSAG_PHYSICS]: body_data item: delete key: 2474058297488
[2025.07.02 05:34:42.424 ms]:[INFO]:[PSAG_ACTOR_CORE]: game_actor entity delete: 184
[2025.07.02 05:34:42.424 ms]:[INFO]:[PSAG_PHYSICS]: phy_world => body_data, name: ZPGamePhysics
[2025.07.02 05:34:42.424 ms]:[INFO]:[PSAG_PHYSICS]: body_data item: delete key: 2474058297680
[2025.07.02 05:34:42.424 ms]:[INFO]:[PSAG_ACTOR_CORE]: game_actor entity delete: 186
[2025.07.02 05:34:42.424 ms]:[INFO]:[PSAG_PHYSICS]: phy_world => body_data, name: ZPGamePhysics
[2025.07.02 05:34:42.424 ms]:[INFO]:[PSAG_PHYSICS]: body_data item: delete key: 2474058297872
[2025.07.02 05:34:42.424 ms]:[INFO]:[PSAG_ACTOR_CORE]: game_actor entity delete: 188
[2025.07.02 05:34:42.424 ms]:[INFO]:[PSAG_PHYSICS]: phy_world => body_data, name: ZPGamePhysics
[2025.07.02 05:34:42.424 ms]:[INFO]:[PSAG_PHYSICS]: body_data item: delete key: 2474058298064
[2025.07.02 05:34:42.424 ms]:[INFO]:[PSAG_ACTOR_CORE]: game_actor entity delete: 190
[2025.07.02 05:34:42.424 ms]:[INFO]:[PSAG_PHYSICS]: phy_world => body_data, name: ZPGamePhysics
[2025.07.02 05:34:42.424 ms]:[INFO]:[PSAG_PHYSICS]: body_data item: delete key: 2474058298256
[2025.07.02 05:34:42.424 ms]:[INFO]:[PSAG_ACTOR_CORE]: game_actor entity delete: 192
[2025.07.02 05:34:42.424 ms]:[INFO]:[PSAG_GAMECORE_MAG]: game_actor manager system delete.
[2025.07.02 05:34:42.424 ms]:[INFO]:[PSAG_GL_PVFX]: psag_fx image_view system free.
[2025.07.02 05:34:42.425 ms]:[INFO]:[PSAG_GL_PVFX]: psag_fx image_view system free.
[2025.07.02 05:34:42.425 ms]:[INFO]:[PSAG_GL_PVFX]: psag_fx image_view system free.
[2025.07.02 05:34:42.425 ms]:[INFO]:[PSAG_GL_PVFX]: psag_fx image_view system free.
[2025.07.02 05:34:42.425 ms]:[INFO]:[PSAG_GL_PVFX]: psag_fx image_view system free.
[2025.07.02 05:34:42.425 ms]:[INFO]:[PSAG_GL_PVFX]: psag_fx image_view system free.
[2025.07.02 05:34:42.425 ms]:[INFO]:[PSAG_OGL_RES]: vao: delete key: 4
[2025.07.02 05:34:42.425 ms]:[INFO]:[PSAG_OGL_RES]: vbo: delete key: 6
[2025.07.02 05:34:42.425 ms]:[INFO]:[PSAG_OGL_RES]: vao: delete key: 8
[2025.07.02 05:34:42.425 ms]:[INFO]:[PSAG_OGL_RES]: vbo: delete key: 10
[2025.07.02 05:34:42.425 ms]:[TRACE]:[PSAG_OGL_RES]: tmu delete(space): 1
[2025.07.02 05:34:42.425 ms]:[TRACE]:[PSAG_OGL_RES]: tmu delete(space): 2
[2025.07.02 05:34:42.425 ms]:[TRACE]:[PSAG_OGL_RES]: tmu delete(space): 3
[2025.07.02 05:34:42.425 ms]:[TRACE]:[PSAG_OGL_RES]: tmu delete(space): 4
[2025.07.02 05:34:42.450 ms]:[INFO]:[PSAG_OGL_RES]: texture: delete key: 16
[2025.07.02 05:34:42.451 ms]:[INFO]:[PSAG_OGL_RES]: texture: delete key: 18
[2025.07.02 05:34:42.457 ms]:[INFO]:[PSAG_OGL_RES]: texture: delete key: 20
[2025.07.02 05:34:42.459 ms]:[INFO]:[PSAG_OGL_RES]: texture: delete key: 22
[2025.07.02 05:34:42.677 ms]:[TRACE]:[PSAG_AUDIO]: audio(openal) global free_context & close_device.
[2025.07.02 05:34:42.678 ms]:[INFO]:[PSAG_PHYSICS]: physics_world item: free_bodies: 0, delete key: DEFAULT_PHY_WORLD
[2025.07.02 05:34:42.684 ms]:[INFO]:[PSAG_IMGUI]: imgui_free: imgui_opengl3 context.
[2025.07.02 05:34:42.684 ms]:[TRACE]:[PSAG_AUDIO_DATA]: free resource(raw_audio): 0 bytes
[2025.07.02 05:34:42.684 ms]:[INFO]:[PSAG_AUDIO_DATA]: LLRES static_object() delete.
[2025.07.02 05:34:42.684 ms]:[TRACE]:[PSAG_OGL_RES]: free resource(shader): 2 items
[2025.07.02 05:34:42.684 ms]:[TRACE]:[PSAG_OGL_RES]: free resource(texture): 0 items
[2025.07.02 05:34:42.684 ms]:[TRACE]:[PSAG_OGL_RES]: free resource(vertex_buffer): 0 items
[2025.07.02 05:34:42.684 ms]:[TRACE]:[PSAG_OGL_RES]: free resource(vertex_attribute): 0 items
[2025.07.02 05:34:42.686 ms]:[TRACE]:[PSAG_OGL_RES]: free resource(frame_buffer): 1 items
[2025.07.02 05:34:42.686 ms]:[TRACE]:[PSAG_OGL_RES]: free resource(render_buffer): 0 items
[2025.07.02 05:34:42.686 ms]:[TRACE]:[PSAG_OGL_RES]: free resource(uniform_buffer): 1 items
[2025.07.02 05:34:42.686 ms]:[INFO]:[PSAG_LLRES]: graph static_object(graphics) delete.
[2025.07.02 05:34:42.714 ms]:[INFO]:[PSAG_WINDOW]: fw_window free: glfw context.
[2025.07.02 05:34:43.010 ms]:[TRACE]:[PSAG_M_MAINEVENT]: async_events execution end.
[2025.07.02 05:34:43.010 ms]:[INFO]:[PSAG_M_START]: free framework ret_code: 1
